GENERACION: 5
Mejor Solucion:  0 1 11 17 16 12 21 13 6 20 18 3 8 14 5 9 10 19 15 2 7 4
Coste: 10910

GENERACION: 10
Mejor Solucion:  0 1 11 17 16 12 21 13 6 20 18 3 8 14 5 9 10 19 15 2 7 4
Coste: 10910

GENERACION: 15
Mejor Solucion:  6 1 15 4 16 0 14 18 10 12 3 21 5 9 8 19 11 7 13 20 17 2
Coste: 9346

GENERACION: 20
Mejor Solucion:  6 1 20 10 15 0 7 19 13 12 4 16 5 14 8 3 2 18 21 9 17 11
Coste: 7940

GENERACION: 25
Mejor Solucion:  6 1 20 10 15 0 7 3 12 17 4 16 5 14 8 9 11 19 21 13 18 2
Coste: 6852

GENERACION: 30
Mejor Solucion:  2 1 3 6 9 0 7 19 12 17 4 16 5 14 8 20 11 18 21 15 10 13
Coste: 6740

GENERACION: 35
Mejor Solucion:  2 1 3 6 9 0 7 19 12 17 4 16 5 14 8 20 11 18 21 15 10 13
Coste: 6740

GENERACION: 40
Mejor Solucion:  2 1 3 6 9 0 7 19 12 17 4 16 5 14 8 20 11 18 21 15 10 13
Coste: 6740

GENERACION: 45
Mejor Solucion:  9 5 3 18 4 0 7 11 12 10 15 16 1 14 8 6 13 19 21 20 17 2
Coste: 6706

GENERACION: 50
Mejor Solucion:  9 5 3 18 4 0 7 11 12 10 15 16 1 14 8 6 13 19 21 20 17 2
Coste: 6706

GENERACION: 55
Mejor Solucion:  9 5 3 18 4 0 7 11 12 10 15 16 1 14 8 6 13 19 21 20 17 2
Coste: 6706

GENERACION: 60
Mejor Solucion:  16 5 3 2 4 0 7 12 11 10 15 18 1 14 8 6 13 19 21 9 17 20
Coste: 6584

GENERACION: 65
Mejor Solucion:  16 5 3 2 4 0 7 12 11 10 15 18 1 14 8 6 13 19 21 9 17 20
Coste: 6462

GENERACION: 70
Mejor Solucion:  16 5 3 2 4 0 7 12 11 10 15 18 1 14 8 6 13 19 21 9 17 20
Coste: 6462

GENERACION: 75
Mejor Solucion:  16 5 3 2 4 0 7 12 11 10 15 18 1 14 8 6 13 19 21 9 17 20
Coste: 6462

GENERACION: 80
Mejor Solucion:  16 5 3 2 4 0 7 12 11 10 15 18 1 14 8 6 13 19 21 9 17 20
Coste: 6462

GENERACION: 85
Mejor Solucion:  16 5 3 2 4 0 7 12 11 10 15 18 1 14 8 6 13 19 21 9 17 20
Coste: 6462

GENERACION: 90
Mejor Solucion:  16 5 3 2 4 0 7 12 11 10 15 18 1 14 8 6 13 19 21 9 17 20
Coste: 6462

GENERACION: 95
Mejor Solucion:  16 5 3 2 4 0 7 12 11 10 15 18 1 14 8 6 13 19 21 9 17 20
Coste: 6462

GENERACION: 100
Mejor Solucion:  16 5 3 2 4 0 7 12 11 10 15 18 1 14 8 6 13 19 21 9 17 20
Coste: 6462

GENERACION: 105
Mejor Solucion:  16 5 3 2 4 0 7 12 11 10 15 18 1 14 8 6 13 19 21 9 17 20
Coste: 6462

GENERACION: 110
Mejor Solucion:  16 5 3 2 4 0 7 12 11 10 15 18 1 14 8 6 13 19 21 9 17 20
Coste: 6462

GENERACION: 115
Mejor Solucion:  16 5 3 2 4 0 7 12 11 10 15 18 1 14 8 6 13 19 21 9 17 20
Coste: 6462

GENERACION: 120
Mejor Solucion:  16 5 3 2 4 0 7 12 11 10 15 18 1 14 8 6 13 19 21 9 17 20
Coste: 6462

GENERACION: 125
Mejor Solucion:  16 5 3 2 4 0 7 12 11 10 15 18 1 14 8 6 13 19 21 9 17 20
Coste: 6462

GENERACION: 130
Mejor Solucion:  16 5 3 2 4 0 7 12 11 10 15 18 1 14 8 6 13 19 21 9 17 20
Coste: 6462

GENERACION: 135
Mejor Solucion:  16 5 3 2 4 0 7 12 11 10 15 18 1 14 8 6 13 19 21 9 17 20
Coste: 6462

GENERACION: 140
Mejor Solucion:  16 5 3 2 4 0 7 12 11 10 15 18 1 14 8 6 13 19 21 9 17 20
Coste: 6462

GENERACION: 145
Mejor Solucion:  16 5 3 2 4 0 7 12 11 10 15 18 1 14 8 6 13 19 21 9 17 20
Coste: 6462

GENERACION: 150
Mejor Solucion:  3 5 2 11 12 0 7 19 16 10 15 18 1 14 8 6 13 4 21 9 17 20
Coste: 6456

GENERACION: 155
Mejor Solucion:  3 5 2 11 12 0 7 19 16 10 15 18 1 14 8 6 13 4 21 9 17 20
Coste: 6456

GENERACION: 160
Mejor Solucion:  3 5 2 11 12 0 7 19 16 10 15 18 1 14 8 6 13 4 21 9 17 20
Coste: 6450

GENERACION: 165
Mejor Solucion:  3 5 2 11 12 0 7 19 16 10 15 18 1 14 8 6 13 4 21 9 17 20
Coste: 6450

GENERACION: 170
Mejor Solucion:  3 5 2 11 12 0 7 19 16 10 15 18 1 14 8 6 13 4 21 9 17 20
Coste: 6450

GENERACION: 175
Mejor Solucion:  3 5 2 11 12 0 7 19 16 10 15 18 1 14 8 6 13 4 21 9 17 20
Coste: 6450

GENERACION: 180
Mejor Solucion:  3 5 2 11 12 0 7 19 16 10 15 18 1 14 8 6 13 4 21 9 17 20
Coste: 6450

GENERACION: 185
Mejor Solucion:  3 5 2 11 12 0 7 19 16 10 15 18 1 14 8 6 13 4 21 9 17 20
Coste: 6450

GENERACION: 190
Mejor Solucion:  3 5 2 11 12 0 7 19 16 10 15 18 1 14 8 6 13 4 21 9 17 20
Coste: 6450

GENERACION: 195
Mejor Solucion:  3 5 2 11 12 0 7 19 16 10 15 18 1 14 8 6 13 4 21 9 17 20
Coste: 6450

GENERACION: 200
Mejor Solucion:  3 5 2 11 12 0 7 19 16 10 15 18 1 14 8 6 13 4 21 9 17 20
Coste: 6450

GENERACION: 205
Mejor Solucion:  3 5 2 11 12 0 7 19 16 10 15 18 1 14 8 6 13 4 21 9 17 20
Coste: 6450

GENERACION: 210
Mejor Solucion:  3 5 2 11 12 0 7 19 16 10 15 18 1 14 8 6 13 4 21 9 17 20
Coste: 6450

GENERACION: 215
Mejor Solucion:  3 5 2 11 12 0 7 19 16 10 15 18 1 14 8 6 13 4 21 9 17 20
Coste: 6450

GENERACION: 220
Mejor Solucion:  3 5 2 11 12 0 7 19 16 10 15 18 1 14 8 6 13 4 21 9 17 20
Coste: 6450

GENERACION: 225
Mejor Solucion:  3 5 2 11 12 0 7 19 16 10 15 18 1 14 8 6 13 4 21 9 17 20
Coste: 6450

GENERACION: 230
Mejor Solucion:  3 5 2 11 12 0 7 19 16 10 15 18 1 14 8 6 13 4 21 9 17 20
Coste: 6450

GENERACION: 235
Mejor Solucion:  3 5 2 11 12 0 7 19 16 10 15 18 1 14 8 6 13 4 21 9 17 20
Coste: 6450

GENERACION: 240
Mejor Solucion:  3 5 2 11 12 0 7 19 16 10 15 18 1 14 8 6 13 4 21 9 17 20
Coste: 6450

GENERACION: 245
Mejor Solucion:  3 5 2 11 12 0 7 19 16 10 15 18 1 14 8 6 13 4 21 9 17 20
Coste: 6450

GENERACION: 250
Mejor Solucion:  3 5 2 11 12 0 7 19 16 10 15 18 1 14 8 6 13 4 21 9 17 20
Coste: 6450

GENERACION: 255
Mejor Solucion:  3 5 2 11 12 0 7 19 16 10 15 18 1 14 8 6 13 4 21 9 17 20
Coste: 6450

GENERACION: 260
Mejor Solucion:  3 5 2 11 12 0 7 19 16 10 15 18 1 14 8 6 13 4 21 9 17 20
Coste: 6450

GENERACION: 265
Mejor Solucion:  3 5 2 11 12 0 7 19 16 10 15 18 1 14 8 6 13 4 21 9 17 20
Coste: 6450

GENERACION: 270
Mejor Solucion:  3 5 2 11 12 0 7 19 16 10 15 18 1 14 8 6 13 4 21 9 17 20
Coste: 6450

GENERACION: 275
Mejor Solucion:  3 5 2 11 12 0 7 19 16 10 15 18 1 14 8 6 13 4 21 9 17 20
Coste: 6450

GENERACION: 280
Mejor Solucion:  3 5 2 11 12 0 7 19 16 10 15 18 1 14 8 6 13 4 21 9 17 20
Coste: 6450

GENERACION: 285
Mejor Solucion:  3 5 2 11 12 0 7 19 16 10 15 18 1 14 8 6 13 4 21 9 17 20
Coste: 6450

GENERACION: 290
Mejor Solucion:  3 5 2 11 12 0 7 19 16 10 15 18 1 14 8 6 13 4 21 9 17 20
Coste: 6450

GENERACION: 295
Mejor Solucion:  3 5 2 11 12 0 7 19 16 10 15 18 1 14 8 6 13 4 21 9 17 20
Coste: 6450

GENERACION: 300
Mejor Solucion:  3 5 2 11 12 0 7 19 16 10 15 18 1 14 8 6 13 4 21 9 17 20
Coste: 6450

GENERACION: 305
Mejor Solucion:  3 5 2 11 12 0 7 19 16 10 15 18 1 14 8 6 13 4 21 9 17 20
Coste: 6450

GENERACION: 310
Mejor Solucion:  3 5 2 11 12 0 7 19 9 10 15 18 16 14 8 6 13 4 21 20 17 1
Coste: 6431

GENERACION: 315
Mejor Solucion:  3 5 2 11 12 0 7 19 9 10 15 18 16 14 8 6 13 4 21 20 17 1
Coste: 6431

GENERACION: 320
Mejor Solucion:  3 5 2 11 12 0 7 19 9 10 15 18 16 14 8 6 13 4 21 20 17 1
Coste: 6431

GENERACION: 325
Mejor Solucion:  3 5 2 11 12 0 7 19 9 10 15 18 16 14 8 6 13 4 21 20 17 1
Coste: 6431

GENERACION: 330
Mejor Solucion:  3 5 2 11 12 0 7 19 9 10 15 18 16 14 8 6 13 4 21 20 17 1
Coste: 6431

GENERACION: 335
Mejor Solucion:  3 5 2 11 12 0 7 19 9 10 15 18 16 14 8 6 13 4 21 20 17 1
Coste: 6431

GENERACION: 340
Mejor Solucion:  3 5 2 11 12 0 7 19 9 10 15 18 16 14 8 6 13 4 21 20 17 1
Coste: 6431

GENERACION: 345
Mejor Solucion:  3 5 2 11 12 0 7 19 9 10 15 18 16 14 8 6 13 4 21 20 17 1
Coste: 6412

GENERACION: 350
Mejor Solucion:  3 5 2 11 12 0 7 19 9 10 15 18 16 14 8 6 13 4 21 20 17 1
Coste: 6412

GENERACION: 355
Mejor Solucion:  3 5 2 11 12 0 7 19 9 10 15 18 16 14 8 6 13 4 21 20 17 1
Coste: 6412

GENERACION: 360
Mejor Solucion:  3 5 2 11 12 0 7 19 9 10 15 18 16 14 8 6 13 4 21 20 17 1
Coste: 6412

GENERACION: 365
Mejor Solucion:  3 5 2 11 12 0 7 19 9 10 15 18 16 14 8 6 13 4 21 20 17 1
Coste: 6412

GENERACION: 370
Mejor Solucion:  3 5 2 11 12 0 7 19 9 10 15 18 16 14 8 6 13 4 21 20 17 1
Coste: 6412

GENERACION: 375
Mejor Solucion:  3 5 2 11 12 0 7 19 9 10 15 18 16 14 8 6 13 4 21 20 17 1
Coste: 6412

GENERACION: 380
Mejor Solucion:  3 5 2 11 12 0 7 19 9 10 15 18 16 14 8 6 13 4 21 20 17 1
Coste: 6412

GENERACION: 385
Mejor Solucion:  3 5 2 11 12 0 7 19 9 10 15 18 16 14 8 6 13 4 21 20 17 1
Coste: 6412

GENERACION: 390
Mejor Solucion:  3 5 2 11 12 0 7 19 9 10 15 18 16 14 8 6 13 4 21 20 17 1
Coste: 6412

GENERACION: 395
Mejor Solucion:  3 5 2 11 12 0 7 19 9 10 15 18 16 14 8 6 13 4 21 20 17 1
Coste: 6412

GENERACION: 400
Mejor Solucion:  3 5 2 11 12 0 7 19 9 10 15 18 16 14 8 6 13 4 21 20 17 1
Coste: 6412

GENERACION: 405
Mejor Solucion:  3 5 2 11 12 0 7 19 9 10 15 18 16 14 8 6 13 4 21 20 17 1
Coste: 6412

GENERACION: 410
Mejor Solucion:  3 5 2 11 12 0 7 19 9 10 15 18 16 14 8 6 13 4 21 20 17 1
Coste: 6412

GENERACION: 415
Mejor Solucion:  3 5 2 11 12 0 7 19 9 10 15 18 16 14 8 6 13 4 21 20 17 1
Coste: 6412

GENERACION: 420
Mejor Solucion:  3 5 2 11 12 0 7 19 9 10 15 18 16 14 8 6 13 4 21 20 17 1
Coste: 6412

GENERACION: 425
Mejor Solucion:  3 5 2 11 12 0 7 19 9 10 15 18 16 14 8 6 13 4 21 20 17 1
Coste: 6412

GENERACION: 430
Mejor Solucion:  3 5 2 11 12 0 7 19 9 10 15 18 16 14 8 6 13 4 21 20 17 1
Coste: 6412

GENERACION: 435
Mejor Solucion:  3 5 2 11 12 0 7 19 9 10 15 18 16 14 8 6 13 4 21 20 17 1
Coste: 6412

GENERACION: 440
Mejor Solucion:  3 5 2 11 12 0 7 19 9 10 15 18 16 14 8 6 13 4 21 20 17 1
Coste: 6412

GENERACION: 445
Mejor Solucion:  3 5 2 11 12 0 7 19 9 10 15 18 16 14 8 6 13 4 21 20 17 1
Coste: 6412

GENERACION: 450
Mejor Solucion:  3 5 2 11 12 0 7 19 9 10 15 18 16 14 8 6 13 4 21 20 17 1
Coste: 6412

GENERACION: 455
Mejor Solucion:  3 5 2 11 12 0 7 19 9 10 15 18 16 14 8 6 13 4 21 20 17 1
Coste: 6412

GENERACION: 460
Mejor Solucion:  3 5 2 11 12 0 7 19 9 10 15 18 16 14 8 6 13 4 21 20 17 1
Coste: 6412

GENERACION: 465
Mejor Solucion:  3 5 2 11 12 0 7 19 9 10 15 18 16 14 8 6 13 4 21 20 17 1
Coste: 6412

GENERACION: 470
Mejor Solucion:  3 5 2 11 12 0 7 19 9 10 15 18 16 14 8 6 13 4 21 20 17 1
Coste: 6412

GENERACION: 475
Mejor Solucion:  3 5 2 11 12 0 7 19 9 10 15 18 16 14 8 6 13 4 21 20 17 1
Coste: 6412

GENERACION: 480
Mejor Solucion:  3 5 2 11 12 0 7 19 9 10 15 18 16 14 8 6 13 4 21 20 17 1
Coste: 6412

GENERACION: 485
Mejor Solucion:  3 5 2 11 12 0 7 19 9 10 15 18 16 14 8 6 13 4 21 20 17 1
Coste: 6412

GENERACION: 490
Mejor Solucion:  3 5 2 11 12 0 7 19 9 10 15 18 16 14 8 6 13 4 21 20 17 1
Coste: 6412

GENERACION: 495
Mejor Solucion:  3 5 2 11 12 0 7 19 9 10 15 18 16 14 8 6 13 4 21 20 17 1
Coste: 6412

GENERACION: 500
Mejor Solucion:  3 5 2 11 12 0 7 19 9 10 15 18 16 14 8 6 13 4 21 20 17 1
Coste: 6412

GENERACION: 505
Mejor Solucion:  3 5 2 11 12 0 7 19 9 10 15 18 16 14 8 6 13 4 21 20 17 1
Coste: 6412

GENERACION: 510
Mejor Solucion:  3 5 15 11 12 0 7 19 4 10 2 18 16 14 8 6 13 9 21 20 17 1
Coste: 6411

GENERACION: 515
Mejor Solucion:  3 5 15 11 12 0 7 19 4 10 2 18 16 14 8 6 13 9 21 20 17 1
Coste: 6411

GENERACION: 520
Mejor Solucion:  3 5 15 11 12 0 7 19 4 10 2 18 16 14 8 6 13 9 21 20 17 1
Coste: 6410

GENERACION: 525
Mejor Solucion:  3 5 15 11 12 0 7 19 4 10 2 18 16 14 8 6 13 9 21 20 17 1
Coste: 6410

GENERACION: 530
Mejor Solucion:  3 5 15 11 12 0 7 19 4 10 2 18 16 14 8 6 13 9 21 20 17 1
Coste: 6410

GENERACION: 535
Mejor Solucion:  3 5 15 11 12 0 7 19 4 10 2 18 16 14 8 6 13 9 21 20 17 1
Coste: 6410

GENERACION: 540
Mejor Solucion:  3 5 15 11 12 0 7 19 4 10 2 18 16 14 8 6 13 9 21 20 17 1
Coste: 6410

GENERACION: 545
Mejor Solucion:  3 5 15 11 12 0 7 19 4 10 2 18 16 14 8 6 13 9 21 20 17 1
Coste: 6410

GENERACION: 550
Mejor Solucion:  3 5 15 11 12 0 7 19 4 10 2 18 16 14 8 6 13 9 21 20 17 1
Coste: 6410

GENERACION: 555
Mejor Solucion:  3 5 15 11 12 0 7 19 4 10 2 18 16 14 8 6 13 9 21 20 17 1
Coste: 6410

GENERACION: 560
Mejor Solucion:  3 5 15 11 12 0 7 19 4 10 2 18 16 14 8 6 13 9 21 20 17 1
Coste: 6410

GENERACION: 565
Mejor Solucion:  3 5 15 11 12 0 7 19 4 10 2 18 16 14 8 6 13 9 21 20 17 1
Coste: 6410

GENERACION: 570
Mejor Solucion:  3 5 15 11 12 0 7 19 4 10 2 18 16 14 8 6 13 9 21 20 17 1
Coste: 6410

GENERACION: 575
Mejor Solucion:  3 5 15 11 12 0 7 19 4 10 2 18 16 14 8 6 13 9 21 20 17 1
Coste: 6410

GENERACION: 580
Mejor Solucion:  3 5 15 11 12 0 7 19 4 10 2 18 16 14 8 6 13 9 21 20 17 1
Coste: 6410

GENERACION: 585
Mejor Solucion:  3 5 15 11 12 0 7 19 4 10 2 18 16 14 8 6 13 9 21 20 17 1
Coste: 6410

GENERACION: 590
Mejor Solucion:  3 5 15 11 12 0 7 19 4 10 2 18 16 14 8 6 13 9 21 20 17 1
Coste: 6410

GENERACION: 595
Mejor Solucion:  3 5 15 11 12 0 7 19 4 10 2 18 16 14 8 6 13 9 21 20 17 1
Coste: 6410

GENERACION: 600
Mejor Solucion:  3 5 15 11 12 0 7 19 4 10 2 18 16 14 8 6 13 9 21 20 17 1
Coste: 6410

GENERACION: 605
Mejor Solucion:  3 5 15 11 12 0 7 19 4 10 2 18 16 14 8 6 13 9 21 20 17 1
Coste: 6410

GENERACION: 610
Mejor Solucion:  3 5 15 11 12 0 7 19 4 10 2 18 16 14 8 6 13 9 21 20 17 1
Coste: 6410

GENERACION: 615
Mejor Solucion:  3 5 15 11 12 0 7 19 4 10 2 18 16 14 8 6 13 9 21 20 17 1
Coste: 6410

GENERACION: 620
Mejor Solucion:  3 5 15 11 12 0 7 19 4 10 2 18 16 14 8 6 13 9 21 20 17 1
Coste: 6410

GENERACION: 625
Mejor Solucion:  3 5 15 11 12 0 7 19 4 10 2 18 16 14 8 6 13 9 21 20 17 1
Coste: 6410

GENERACION: 630
Mejor Solucion:  3 5 15 11 12 0 7 19 4 10 2 18 16 14 8 6 13 9 21 20 17 1
Coste: 6410

GENERACION: 635
Mejor Solucion:  3 5 15 11 12 0 7 19 4 10 2 18 16 14 8 6 13 9 21 20 17 1
Coste: 6410

GENERACION: 640
Mejor Solucion:  3 5 15 11 12 0 7 19 4 10 2 18 16 14 8 6 13 9 21 20 17 1
Coste: 6410

GENERACION: 645
Mejor Solucion:  3 5 15 11 12 0 7 19 4 10 2 18 16 14 8 6 13 9 21 20 17 1
Coste: 6410

GENERACION: 650
Mejor Solucion:  3 5 15 11 12 0 7 19 4 10 2 18 16 14 8 6 13 9 21 20 17 1
Coste: 6410

GENERACION: 655
Mejor Solucion:  3 5 15 11 12 0 7 19 4 10 2 18 16 14 8 6 13 9 21 20 17 1
Coste: 6410

GENERACION: 660
Mejor Solucion:  3 5 15 11 12 0 7 19 4 10 2 18 16 14 8 6 13 9 21 20 17 1
Coste: 6410

GENERACION: 665
Mejor Solucion:  3 5 15 11 12 0 7 19 4 10 2 18 16 14 8 6 13 9 21 20 17 1
Coste: 6410

GENERACION: 670
Mejor Solucion:  3 5 15 11 12 0 7 19 4 10 2 18 16 14 8 6 13 9 21 20 17 1
Coste: 6410

GENERACION: 675
Mejor Solucion:  3 5 15 11 12 0 7 19 4 10 2 18 16 14 8 6 13 9 21 20 17 1
Coste: 6410

GENERACION: 680
Mejor Solucion:  3 5 15 11 12 0 7 19 4 10 2 18 16 14 8 6 13 9 21 20 17 1
Coste: 6410

GENERACION: 685
Mejor Solucion:  3 5 15 11 12 0 7 19 4 10 2 18 16 14 8 6 13 9 21 20 17 1
Coste: 6410

GENERACION: 690
Mejor Solucion:  3 5 15 11 12 0 7 19 4 10 2 18 16 14 8 6 13 9 21 20 17 1
Coste: 6410

GENERACION: 695
Mejor Solucion:  3 5 15 11 12 0 7 19 4 10 2 18 16 14 8 6 13 9 21 20 17 1
Coste: 6410

GENERACION: 700
Mejor Solucion:  3 5 15 11 12 0 7 19 4 10 2 18 16 14 8 6 13 9 21 20 17 1
Coste: 6410

GENERACION: 705
Mejor Solucion:  3 5 15 11 12 0 7 19 4 10 2 18 16 14 8 6 13 9 21 20 17 1
Coste: 6410

GENERACION: 710
Mejor Solucion:  3 5 15 11 12 0 7 19 4 10 2 18 16 14 8 6 13 9 21 20 17 1
Coste: 6410

GENERACION: 715
Mejor Solucion:  3 5 15 11 12 0 7 19 4 10 2 18 16 14 8 6 13 9 21 20 17 1
Coste: 6410

GENERACION: 720
Mejor Solucion:  3 5 15 11 12 0 7 19 4 10 2 18 16 14 8 6 13 9 21 20 17 1
Coste: 6410

GENERACION: 725
Mejor Solucion:  3 5 15 11 12 0 7 19 4 10 2 18 16 14 8 6 13 9 21 20 17 1
Coste: 6410

GENERACION: 730
Mejor Solucion:  3 5 15 11 12 0 7 19 4 10 2 18 16 14 8 6 13 9 21 20 17 1
Coste: 6410

GENERACION: 735
Mejor Solucion:  3 5 15 11 12 0 7 19 4 10 2 18 16 14 8 6 13 9 21 20 17 1
Coste: 6410

GENERACION: 740
Mejor Solucion:  3 5 15 11 12 0 7 19 4 10 2 18 16 14 8 6 13 9 21 20 17 1
Coste: 6410

GENERACION: 745
Mejor Solucion:  3 5 15 11 12 0 7 19 4 10 2 18 16 14 8 6 13 9 21 20 17 1
Coste: 6410

GENERACION: 750
Mejor Solucion:  3 5 15 11 12 0 7 19 4 10 2 18 16 14 8 6 13 9 21 20 17 1
Coste: 6410

GENERACION: 755
Mejor Solucion:  3 5 15 11 12 0 7 19 4 10 2 18 16 14 8 6 13 9 21 20 17 1
Coste: 6410

GENERACION: 760
Mejor Solucion:  3 5 15 11 12 0 7 19 4 10 2 18 16 14 8 6 13 9 21 20 17 1
Coste: 6410

GENERACION: 765
Mejor Solucion:  3 5 15 11 12 0 7 19 4 10 2 18 16 14 8 6 13 9 21 20 17 1
Coste: 6410

GENERACION: 770
Mejor Solucion:  3 5 15 11 12 0 7 19 4 10 2 18 16 14 8 6 13 9 21 20 17 1
Coste: 6410

GENERACION: 775
Mejor Solucion:  3 5 15 11 12 0 7 19 4 10 2 18 16 14 8 6 13 9 21 20 17 1
Coste: 6410

GENERACION: 780
Mejor Solucion:  3 5 15 11 12 0 7 19 4 10 2 18 16 14 8 6 13 9 21 20 17 1
Coste: 6410

GENERACION: 785
Mejor Solucion:  3 5 15 11 12 0 7 19 4 10 2 18 16 14 8 6 13 9 21 20 17 1
Coste: 6410

GENERACION: 790
Mejor Solucion:  3 5 15 11 12 0 7 19 4 10 2 18 16 14 8 6 13 9 21 20 17 1
Coste: 6410

GENERACION: 795
Mejor Solucion:  3 5 15 11 12 0 7 19 4 10 2 18 16 14 8 6 13 9 21 20 17 1
Coste: 6410

GENERACION: 800
Mejor Solucion:  3 5 15 11 12 0 7 19 4 10 2 18 16 14 8 6 13 9 21 20 17 1
Coste: 6410

GENERACION: 805
Mejor Solucion:  3 5 15 11 12 0 7 19 4 10 2 18 16 14 8 6 13 9 21 20 17 1
Coste: 6410

GENERACION: 810
Mejor Solucion:  3 5 15 11 12 0 7 19 4 10 2 18 16 14 8 6 13 9 21 20 17 1
Coste: 6410

GENERACION: 815
Mejor Solucion:  3 5 15 11 12 0 7 19 4 10 2 18 16 14 8 6 13 9 21 20 17 1
Coste: 6410

GENERACION: 820
Mejor Solucion:  3 5 15 11 12 0 7 19 4 10 2 18 16 14 8 6 13 9 21 20 17 1
Coste: 6410

GENERACION: 825
Mejor Solucion:  3 5 15 11 12 0 7 19 4 10 2 18 16 14 8 6 13 9 21 20 17 1
Coste: 6410

GENERACION: 830
Mejor Solucion:  3 5 15 11 12 0 7 19 4 10 2 18 16 14 8 6 13 9 21 20 17 1
Coste: 6410

GENERACION: 835
Mejor Solucion:  3 5 15 11 12 0 7 19 4 10 2 18 16 14 8 6 13 9 21 20 17 1
Coste: 6410

GENERACION: 840
Mejor Solucion:  3 5 15 11 12 0 7 19 4 10 2 18 16 14 8 6 13 9 21 20 17 1
Coste: 6410

GENERACION: 845
Mejor Solucion:  3 5 15 11 12 0 7 19 4 10 2 18 16 14 8 6 13 9 21 20 17 1
Coste: 6410

GENERACION: 850
Mejor Solucion:  3 5 15 11 12 0 7 19 4 10 2 18 16 14 8 6 13 9 21 20 17 1
Coste: 6410

GENERACION: 855
Mejor Solucion:  3 5 15 11 12 0 7 19 4 10 2 18 16 14 8 6 13 9 21 20 17 1
Coste: 6410

GENERACION: 860
Mejor Solucion:  3 5 15 11 12 0 7 19 4 10 2 18 16 14 8 6 13 9 21 20 17 1
Coste: 6410

GENERACION: 865
Mejor Solucion:  3 5 15 11 12 0 7 19 4 10 2 18 16 14 8 6 13 9 21 20 17 1
Coste: 6410

GENERACION: 870
Mejor Solucion:  3 5 15 11 12 0 7 19 4 10 2 18 16 14 8 6 13 9 21 20 17 1
Coste: 6410

GENERACION: 875
Mejor Solucion:  3 5 15 11 12 0 7 19 4 10 2 18 16 14 8 6 13 9 21 20 17 1
Coste: 6410

GENERACION: 880
Mejor Solucion:  3 5 15 11 12 0 7 19 4 10 2 18 16 14 8 6 13 9 21 20 17 1
Coste: 6410

GENERACION: 885
Mejor Solucion:  3 5 15 11 12 0 7 19 4 10 2 18 16 14 8 6 13 9 21 20 17 1
Coste: 6410

GENERACION: 890
Mejor Solucion:  3 5 15 11 12 0 7 19 4 10 2 18 16 14 8 6 13 9 21 20 17 1
Coste: 6410

GENERACION: 895
Mejor Solucion:  3 5 15 11 12 0 7 19 4 10 2 18 16 14 8 6 13 9 21 20 17 1
Coste: 6410

GENERACION: 900
Mejor Solucion:  3 5 15 11 12 0 7 19 4 10 2 18 16 14 8 6 13 9 21 20 17 1
Coste: 6410

GENERACION: 905
Mejor Solucion:  3 5 15 11 12 0 7 19 4 10 2 18 16 14 8 6 13 9 21 20 17 1
Coste: 6410

GENERACION: 910
Mejor Solucion:  3 5 15 11 12 0 7 19 4 10 2 18 16 14 8 6 13 9 21 20 17 1
Coste: 6410

GENERACION: 915
Mejor Solucion:  3 5 15 11 12 0 7 19 4 10 2 18 16 14 8 6 13 9 21 20 17 1
Coste: 6410

GENERACION: 920
Mejor Solucion:  3 5 15 11 12 0 7 19 4 10 2 18 16 14 8 6 13 9 21 20 17 1
Coste: 6410

GENERACION: 925
Mejor Solucion:  3 5 15 11 12 0 7 19 4 10 2 18 16 14 8 6 13 9 21 20 17 1
Coste: 6410

GENERACION: 930
Mejor Solucion:  3 5 15 11 12 0 7 19 4 10 2 18 16 14 8 6 13 9 21 20 17 1
Coste: 6410

GENERACION: 935
Mejor Solucion:  3 5 15 11 12 0 7 19 4 10 2 18 16 14 8 6 13 9 21 20 17 1
Coste: 6410

GENERACION: 940
Mejor Solucion:  3 5 15 11 12 0 7 19 4 10 2 18 16 14 8 6 13 9 21 20 17 1
Coste: 6410

GENERACION: 945
Mejor Solucion:  3 5 15 11 12 0 7 19 4 10 2 18 16 14 8 6 13 9 21 20 17 1
Coste: 6410

GENERACION: 950
Mejor Solucion:  3 5 15 11 12 0 7 19 4 10 2 18 16 14 8 6 13 9 21 20 17 1
Coste: 6410

GENERACION: 955
Mejor Solucion:  3 5 15 11 12 0 7 19 4 10 2 18 16 14 8 6 13 9 21 20 17 1
Coste: 6410

GENERACION: 960
Mejor Solucion:  3 5 15 11 12 0 7 19 4 10 2 18 16 14 8 6 13 9 21 20 17 1
Coste: 6410

GENERACION: 965
Mejor Solucion:  3 5 15 11 12 0 7 19 4 10 2 18 16 14 8 6 13 9 21 20 17 1
Coste: 6410

GENERACION: 970
Mejor Solucion:  3 5 15 11 12 0 7 19 4 10 2 18 16 14 8 6 13 9 21 20 17 1
Coste: 6410

GENERACION: 975
Mejor Solucion:  3 5 15 11 12 0 7 19 4 10 2 18 16 14 8 6 13 9 21 20 17 1
Coste: 6410

GENERACION: 980
Mejor Solucion:  3 5 15 11 12 0 7 19 4 10 2 18 16 14 8 6 13 9 21 20 17 1
Coste: 6410

GENERACION: 985
Mejor Solucion:  3 5 15 11 12 0 7 19 4 10 2 18 16 14 8 6 13 9 21 20 17 1
Coste: 6410

GENERACION: 990
Mejor Solucion:  3 5 15 11 12 0 7 19 4 10 2 18 16 14 8 6 13 9 21 20 17 1
Coste: 6410

GENERACION: 995
Mejor Solucion:  3 5 15 11 12 0 7 19 4 10 2 18 16 14 8 6 13 9 21 20 17 1
Coste: 6410

GENERACION: 1000
Mejor Solucion:  3 5 15 11 12 0 7 19 4 10 2 18 16 14 8 6 13 9 21 20 17 1
Coste: 6410

GENERACION: 5
Mejor Solucion:  0 1 11 17 16 12 21 13 6 20 18 3 8 14 5 9 10 19 15 2 7 4
Coste: 10910

GENERACION: 10
Mejor Solucion:  0 1 11 17 16 12 21 13 6 20 18 3 8 14 5 9 10 19 15 2 7 4
Coste: 10910

GENERACION: 15
Mejor Solucion:  6 1 15 4 16 0 14 18 10 12 3 21 5 9 8 19 11 7 13 20 17 2
Coste: 9346

GENERACION: 20
Mejor Solucion:  6 1 20 10 15 0 7 19 13 12 4 16 5 14 8 3 2 18 21 9 17 11
Coste: 7940

GENERACION: 25
Mejor Solucion:  6 1 20 10 15 0 7 3 12 17 4 16 5 14 8 9 11 19 21 13 18 2
Coste: 6852

GENERACION: 30
Mejor Solucion:  2 1 3 6 9 0 7 19 12 17 4 16 5 14 8 20 11 18 21 15 10 13
Coste: 6740

GENERACION: 35
Mejor Solucion:  2 1 3 6 9 0 7 19 12 17 4 16 5 14 8 20 11 18 21 15 10 13
Coste: 6740

GENERACION: 40
Mejor Solucion:  2 1 3 6 9 0 7 19 12 17 4 16 5 14 8 20 11 18 21 15 10 13
Coste: 6740

GENERACION: 45
Mejor Solucion:  9 5 3 18 4 0 7 11 12 10 15 16 1 14 8 6 13 19 21 20 17 2
Coste: 6706

GENERACION: 50
Mejor Solucion:  9 5 3 18 4 0 7 11 12 10 15 16 1 14 8 6 13 19 21 20 17 2
Coste: 6706

GENERACION: 55
Mejor Solucion:  9 5 3 18 4 0 7 11 12 10 15 16 1 14 8 6 13 19 21 20 17 2
Coste: 6706

GENERACION: 60
Mejor Solucion:  16 5 3 2 4 0 7 12 11 10 15 18 1 14 8 6 13 19 21 9 17 20
Coste: 6584

GENERACION: 65
Mejor Solucion:  16 5 3 2 4 0 7 12 11 10 15 18 1 14 8 6 13 19 21 9 17 20
Coste: 6462

GENERACION: 70
Mejor Solucion:  16 5 3 2 4 0 7 12 11 10 15 18 1 14 8 6 13 19 21 9 17 20
Coste: 6462

GENERACION: 75
Mejor Solucion:  16 5 3 2 4 0 7 12 11 10 15 18 1 14 8 6 13 19 21 9 17 20
Coste: 6462

GENERACION: 80
Mejor Solucion:  16 5 3 2 4 0 7 12 11 10 15 18 1 14 8 6 13 19 21 9 17 20
Coste: 6462

GENERACION: 85
Mejor Solucion:  16 5 3 2 4 0 7 12 11 10 15 18 1 14 8 6 13 19 21 9 17 20
Coste: 6462

GENERACION: 90
Mejor Solucion:  16 5 3 2 4 0 7 12 11 10 15 18 1 14 8 6 13 19 21 9 17 20
Coste: 6462

GENERACION: 95
Mejor Solucion:  16 5 3 2 4 0 7 12 11 10 15 18 1 14 8 6 13 19 21 9 17 20
Coste: 6462

GENERACION: 100
Mejor Solucion:  16 5 3 2 4 0 7 12 11 10 15 18 1 14 8 6 13 19 21 9 17 20
Coste: 6462

GENERACION: 105
Mejor Solucion:  16 5 3 2 4 0 7 12 11 10 15 18 1 14 8 6 13 19 21 9 17 20
Coste: 6462

GENERACION: 110
Mejor Solucion:  16 5 3 2 4 0 7 12 11 10 15 18 1 14 8 6 13 19 21 9 17 20
Coste: 6462

GENERACION: 115
Mejor Solucion:  16 5 3 2 4 0 7 12 11 10 15 18 1 14 8 6 13 19 21 9 17 20
Coste: 6462

GENERACION: 120
Mejor Solucion:  16 5 3 2 4 0 7 12 11 10 15 18 1 14 8 6 13 19 21 9 17 20
Coste: 6462

GENERACION: 125
Mejor Solucion:  16 5 3 2 4 0 7 12 11 10 15 18 1 14 8 6 13 19 21 9 17 20
Coste: 6462

GENERACION: 130
Mejor Solucion:  16 5 3 2 4 0 7 12 11 10 15 18 1 14 8 6 13 19 21 9 17 20
Coste: 6462

GENERACION: 135
Mejor Solucion:  16 5 3 2 4 0 7 12 11 10 15 18 1 14 8 6 13 19 21 9 17 20
Coste: 6462

GENERACION: 140
Mejor Solucion:  16 5 3 2 4 0 7 12 11 10 15 18 1 14 8 6 13 19 21 9 17 20
Coste: 6462

GENERACION: 145
Mejor Solucion:  16 5 3 2 4 0 7 12 11 10 15 18 1 14 8 6 13 19 21 9 17 20
Coste: 6462

GENERACION: 150
Mejor Solucion:  3 5 2 11 12 0 7 19 16 10 15 18 1 14 8 6 13 4 21 9 17 20
Coste: 6456

GENERACION: 155
Mejor Solucion:  3 5 2 11 12 0 7 19 16 10 15 18 1 14 8 6 13 4 21 9 17 20
Coste: 6456

GENERACION: 160
Mejor Solucion:  3 5 2 11 12 0 7 19 16 10 15 18 1 14 8 6 13 4 21 9 17 20
Coste: 6450

GENERACION: 165
Mejor Solucion:  3 5 2 11 12 0 7 19 16 10 15 18 1 14 8 6 13 4 21 9 17 20
Coste: 6450

GENERACION: 170
Mejor Solucion:  3 5 2 11 12 0 7 19 16 10 15 18 1 14 8 6 13 4 21 9 17 20
Coste: 6450

GENERACION: 175
Mejor Solucion:  3 5 2 11 12 0 7 19 16 10 15 18 1 14 8 6 13 4 21 9 17 20
Coste: 6450

GENERACION: 180
Mejor Solucion:  3 5 2 11 12 0 7 19 16 10 15 18 1 14 8 6 13 4 21 9 17 20
Coste: 6450

GENERACION: 185
Mejor Solucion:  3 5 2 11 12 0 7 19 16 10 15 18 1 14 8 6 13 4 21 9 17 20
Coste: 6450

GENERACION: 190
Mejor Solucion:  3 5 2 11 12 0 7 19 16 10 15 18 1 14 8 6 13 4 21 9 17 20
Coste: 6450

GENERACION: 195
Mejor Solucion:  3 5 2 11 12 0 7 19 16 10 15 18 1 14 8 6 13 4 21 9 17 20
Coste: 6450

GENERACION: 200
Mejor Solucion:  3 5 2 11 12 0 7 19 16 10 15 18 1 14 8 6 13 4 21 9 17 20
Coste: 6450

GENERACION: 205
Mejor Solucion:  3 5 2 11 12 0 7 19 16 10 15 18 1 14 8 6 13 4 21 9 17 20
Coste: 6450

GENERACION: 210
Mejor Solucion:  3 5 2 11 12 0 7 19 16 10 15 18 1 14 8 6 13 4 21 9 17 20
Coste: 6450

GENERACION: 215
Mejor Solucion:  3 5 2 11 12 0 7 19 16 10 15 18 1 14 8 6 13 4 21 9 17 20
Coste: 6450

GENERACION: 220
Mejor Solucion:  3 5 2 11 12 0 7 19 16 10 15 18 1 14 8 6 13 4 21 9 17 20
Coste: 6450

GENERACION: 225
Mejor Solucion:  3 5 2 11 12 0 7 19 16 10 15 18 1 14 8 6 13 4 21 9 17 20
Coste: 6450

GENERACION: 230
Mejor Solucion:  3 5 2 11 12 0 7 19 16 10 15 18 1 14 8 6 13 4 21 9 17 20
Coste: 6450

GENERACION: 235
Mejor Solucion:  3 5 2 11 12 0 7 19 16 10 15 18 1 14 8 6 13 4 21 9 17 20
Coste: 6450

GENERACION: 240
Mejor Solucion:  3 5 2 11 12 0 7 19 16 10 15 18 1 14 8 6 13 4 21 9 17 20
Coste: 6450

GENERACION: 245
Mejor Solucion:  3 5 2 11 12 0 7 19 16 10 15 18 1 14 8 6 13 4 21 9 17 20
Coste: 6450

GENERACION: 250
Mejor Solucion:  3 5 2 11 12 0 7 19 16 10 15 18 1 14 8 6 13 4 21 9 17 20
Coste: 6450

GENERACION: 255
Mejor Solucion:  3 5 2 11 12 0 7 19 16 10 15 18 1 14 8 6 13 4 21 9 17 20
Coste: 6450

GENERACION: 260
Mejor Solucion:  3 5 2 11 12 0 7 19 16 10 15 18 1 14 8 6 13 4 21 9 17 20
Coste: 6450

GENERACION: 265
Mejor Solucion:  3 5 2 11 12 0 7 19 16 10 15 18 1 14 8 6 13 4 21 9 17 20
Coste: 6450

GENERACION: 270
Mejor Solucion:  3 5 2 11 12 0 7 19 16 10 15 18 1 14 8 6 13 4 21 9 17 20
Coste: 6450

GENERACION: 275
Mejor Solucion:  3 5 2 11 12 0 7 19 16 10 15 18 1 14 8 6 13 4 21 9 17 20
Coste: 6450

GENERACION: 280
Mejor Solucion:  3 5 2 11 12 0 7 19 16 10 15 18 1 14 8 6 13 4 21 9 17 20
Coste: 6450

GENERACION: 285
Mejor Solucion:  3 5 2 11 12 0 7 19 16 10 15 18 1 14 8 6 13 4 21 9 17 20
Coste: 6450

GENERACION: 290
Mejor Solucion:  3 5 2 11 12 0 7 19 16 10 15 18 1 14 8 6 13 4 21 9 17 20
Coste: 6450

GENERACION: 295
Mejor Solucion:  3 5 2 11 12 0 7 19 16 10 15 18 1 14 8 6 13 4 21 9 17 20
Coste: 6450

GENERACION: 300
Mejor Solucion:  3 5 2 11 12 0 7 19 16 10 15 18 1 14 8 6 13 4 21 9 17 20
Coste: 6450

GENERACION: 305
Mejor Solucion:  3 5 2 11 12 0 7 19 16 10 15 18 1 14 8 6 13 4 21 9 17 20
Coste: 6450

GENERACION: 310
Mejor Solucion:  3 5 2 11 12 0 7 19 9 10 15 18 16 14 8 6 13 4 21 20 17 1
Coste: 6431

GENERACION: 315
Mejor Solucion:  3 5 2 11 12 0 7 19 9 10 15 18 16 14 8 6 13 4 21 20 17 1
Coste: 6431

GENERACION: 320
Mejor Solucion:  3 5 2 11 12 0 7 19 9 10 15 18 16 14 8 6 13 4 21 20 17 1
Coste: 6431

GENERACION: 325
Mejor Solucion:  3 5 2 11 12 0 7 19 9 10 15 18 16 14 8 6 13 4 21 20 17 1
Coste: 6431

GENERACION: 330
Mejor Solucion:  3 5 2 11 12 0 7 19 9 10 15 18 16 14 8 6 13 4 21 20 17 1
Coste: 6431

GENERACION: 335
Mejor Solucion:  3 5 2 11 12 0 7 19 9 10 15 18 16 14 8 6 13 4 21 20 17 1
Coste: 6431

GENERACION: 340
Mejor Solucion:  3 5 2 11 12 0 7 19 9 10 15 18 16 14 8 6 13 4 21 20 17 1
Coste: 6431

GENERACION: 345
Mejor Solucion:  3 5 2 11 12 0 7 19 9 10 15 18 16 14 8 6 13 4 21 20 17 1
Coste: 6412

GENERACION: 350
Mejor Solucion:  3 5 2 11 12 0 7 19 9 10 15 18 16 14 8 6 13 4 21 20 17 1
Coste: 6412

GENERACION: 355
Mejor Solucion:  3 5 2 11 12 0 7 19 9 10 15 18 16 14 8 6 13 4 21 20 17 1
Coste: 6412

GENERACION: 360
Mejor Solucion:  3 5 2 11 12 0 7 19 9 10 15 18 16 14 8 6 13 4 21 20 17 1
Coste: 6412

GENERACION: 365
Mejor Solucion:  3 5 2 11 12 0 7 19 9 10 15 18 16 14 8 6 13 4 21 20 17 1
Coste: 6412

GENERACION: 370
Mejor Solucion:  3 5 2 11 12 0 7 19 9 10 15 18 16 14 8 6 13 4 21 20 17 1
Coste: 6412

GENERACION: 375
Mejor Solucion:  3 5 2 11 12 0 7 19 9 10 15 18 16 14 8 6 13 4 21 20 17 1
Coste: 6412

GENERACION: 380
Mejor Solucion:  3 5 2 11 12 0 7 19 9 10 15 18 16 14 8 6 13 4 21 20 17 1
Coste: 6412

GENERACION: 385
Mejor Solucion:  3 5 2 11 12 0 7 19 9 10 15 18 16 14 8 6 13 4 21 20 17 1
Coste: 6412

GENERACION: 390
Mejor Solucion:  3 5 2 11 12 0 7 19 9 10 15 18 16 14 8 6 13 4 21 20 17 1
Coste: 6412

GENERACION: 395
Mejor Solucion:  3 5 2 11 12 0 7 19 9 10 15 18 16 14 8 6 13 4 21 20 17 1
Coste: 6412

GENERACION: 400
Mejor Solucion:  3 5 2 11 12 0 7 19 9 10 15 18 16 14 8 6 13 4 21 20 17 1
Coste: 6412

GENERACION: 405
Mejor Solucion:  3 5 2 11 12 0 7 19 9 10 15 18 16 14 8 6 13 4 21 20 17 1
Coste: 6412

GENERACION: 410
Mejor Solucion:  3 5 2 11 12 0 7 19 9 10 15 18 16 14 8 6 13 4 21 20 17 1
Coste: 6412

GENERACION: 415
Mejor Solucion:  3 5 2 11 12 0 7 19 9 10 15 18 16 14 8 6 13 4 21 20 17 1
Coste: 6412

GENERACION: 420
Mejor Solucion:  3 5 2 11 12 0 7 19 9 10 15 18 16 14 8 6 13 4 21 20 17 1
Coste: 6412

GENERACION: 425
Mejor Solucion:  3 5 2 11 12 0 7 19 9 10 15 18 16 14 8 6 13 4 21 20 17 1
Coste: 6412

GENERACION: 430
Mejor Solucion:  3 5 2 11 12 0 7 19 9 10 15 18 16 14 8 6 13 4 21 20 17 1
Coste: 6412

GENERACION: 435
Mejor Solucion:  3 5 2 11 12 0 7 19 9 10 15 18 16 14 8 6 13 4 21 20 17 1
Coste: 6412

GENERACION: 440
Mejor Solucion:  3 5 2 11 12 0 7 19 9 10 15 18 16 14 8 6 13 4 21 20 17 1
Coste: 6412

GENERACION: 445
Mejor Solucion:  3 5 2 11 12 0 7 19 9 10 15 18 16 14 8 6 13 4 21 20 17 1
Coste: 6412

GENERACION: 450
Mejor Solucion:  3 5 2 11 12 0 7 19 9 10 15 18 16 14 8 6 13 4 21 20 17 1
Coste: 6412

GENERACION: 455
Mejor Solucion:  3 5 2 11 12 0 7 19 9 10 15 18 16 14 8 6 13 4 21 20 17 1
Coste: 6412

GENERACION: 460
Mejor Solucion:  3 5 2 11 12 0 7 19 9 10 15 18 16 14 8 6 13 4 21 20 17 1
Coste: 6412

GENERACION: 465
Mejor Solucion:  3 5 2 11 12 0 7 19 9 10 15 18 16 14 8 6 13 4 21 20 17 1
Coste: 6412

GENERACION: 470
Mejor Solucion:  3 5 2 11 12 0 7 19 9 10 15 18 16 14 8 6 13 4 21 20 17 1
Coste: 6412

GENERACION: 475
Mejor Solucion:  3 5 2 11 12 0 7 19 9 10 15 18 16 14 8 6 13 4 21 20 17 1
Coste: 6412

GENERACION: 480
Mejor Solucion:  3 5 2 11 12 0 7 19 9 10 15 18 16 14 8 6 13 4 21 20 17 1
Coste: 6412

GENERACION: 485
Mejor Solucion:  3 5 2 11 12 0 7 19 9 10 15 18 16 14 8 6 13 4 21 20 17 1
Coste: 6412

GENERACION: 490
Mejor Solucion:  3 5 2 11 12 0 7 19 9 10 15 18 16 14 8 6 13 4 21 20 17 1
Coste: 6412

GENERACION: 495
Mejor Solucion:  3 5 2 11 12 0 7 19 9 10 15 18 16 14 8 6 13 4 21 20 17 1
Coste: 6412

GENERACION: 500
Mejor Solucion:  3 5 2 11 12 0 7 19 9 10 15 18 16 14 8 6 13 4 21 20 17 1
Coste: 6412

GENERACION: 505
Mejor Solucion:  3 5 2 11 12 0 7 19 9 10 15 18 16 14 8 6 13 4 21 20 17 1
Coste: 6412

GENERACION: 510
Mejor Solucion:  3 5 15 11 12 0 7 19 4 10 2 18 16 14 8 6 13 9 21 20 17 1
Coste: 6411

GENERACION: 515
Mejor Solucion:  3 5 15 11 12 0 7 19 4 10 2 18 16 14 8 6 13 9 21 20 17 1
Coste: 6411

GENERACION: 520
Mejor Solucion:  3 5 15 11 12 0 7 19 4 10 2 18 16 14 8 6 13 9 21 20 17 1
Coste: 6410

GENERACION: 525
Mejor Solucion:  3 5 15 11 12 0 7 19 4 10 2 18 16 14 8 6 13 9 21 20 17 1
Coste: 6410

GENERACION: 530
Mejor Solucion:  3 5 15 11 12 0 7 19 4 10 2 18 16 14 8 6 13 9 21 20 17 1
Coste: 6410

GENERACION: 535
Mejor Solucion:  3 5 15 11 12 0 7 19 4 10 2 18 16 14 8 6 13 9 21 20 17 1
Coste: 6410

GENERACION: 540
Mejor Solucion:  3 5 15 11 12 0 7 19 4 10 2 18 16 14 8 6 13 9 21 20 17 1
Coste: 6410

GENERACION: 545
Mejor Solucion:  3 5 15 11 12 0 7 19 4 10 2 18 16 14 8 6 13 9 21 20 17 1
Coste: 6410

GENERACION: 550
Mejor Solucion:  3 5 15 11 12 0 7 19 4 10 2 18 16 14 8 6 13 9 21 20 17 1
Coste: 6410

GENERACION: 555
Mejor Solucion:  3 5 15 11 12 0 7 19 4 10 2 18 16 14 8 6 13 9 21 20 17 1
Coste: 6410

GENERACION: 560
Mejor Solucion:  3 5 15 11 12 0 7 19 4 10 2 18 16 14 8 6 13 9 21 20 17 1
Coste: 6410

GENERACION: 565
Mejor Solucion:  3 5 15 11 12 0 7 19 4 10 2 18 16 14 8 6 13 9 21 20 17 1
Coste: 6410

GENERACION: 570
Mejor Solucion:  3 5 15 11 12 0 7 19 4 10 2 18 16 14 8 6 13 9 21 20 17 1
Coste: 6410

GENERACION: 575
Mejor Solucion:  3 5 15 11 12 0 7 19 4 10 2 18 16 14 8 6 13 9 21 20 17 1
Coste: 6410

GENERACION: 580
Mejor Solucion:  3 5 15 11 12 0 7 19 4 10 2 18 16 14 8 6 13 9 21 20 17 1
Coste: 6410

GENERACION: 585
Mejor Solucion:  3 5 15 11 12 0 7 19 4 10 2 18 16 14 8 6 13 9 21 20 17 1
Coste: 6410

GENERACION: 590
Mejor Solucion:  3 5 15 11 12 0 7 19 4 10 2 18 16 14 8 6 13 9 21 20 17 1
Coste: 6410

GENERACION: 595
Mejor Solucion:  3 5 15 11 12 0 7 19 4 10 2 18 16 14 8 6 13 9 21 20 17 1
Coste: 6410

GENERACION: 600
Mejor Solucion:  3 5 15 11 12 0 7 19 4 10 2 18 16 14 8 6 13 9 21 20 17 1
Coste: 6410

GENERACION: 605
Mejor Solucion:  3 5 15 11 12 0 7 19 4 10 2 18 16 14 8 6 13 9 21 20 17 1
Coste: 6410

GENERACION: 610
Mejor Solucion:  3 5 15 11 12 0 7 19 4 10 2 18 16 14 8 6 13 9 21 20 17 1
Coste: 6410

GENERACION: 615
Mejor Solucion:  3 5 15 11 12 0 7 19 4 10 2 18 16 14 8 6 13 9 21 20 17 1
Coste: 6410

GENERACION: 620
Mejor Solucion:  3 5 15 11 12 0 7 19 4 10 2 18 16 14 8 6 13 9 21 20 17 1
Coste: 6410

GENERACION: 625
Mejor Solucion:  3 5 15 11 12 0 7 19 4 10 2 18 16 14 8 6 13 9 21 20 17 1
Coste: 6410

GENERACION: 630
Mejor Solucion:  3 5 15 11 12 0 7 19 4 10 2 18 16 14 8 6 13 9 21 20 17 1
Coste: 6410

GENERACION: 635
Mejor Solucion:  3 5 15 11 12 0 7 19 4 10 2 18 16 14 8 6 13 9 21 20 17 1
Coste: 6410

GENERACION: 640
Mejor Solucion:  3 5 15 11 12 0 7 19 4 10 2 18 16 14 8 6 13 9 21 20 17 1
Coste: 6410

GENERACION: 645
Mejor Solucion:  3 5 15 11 12 0 7 19 4 10 2 18 16 14 8 6 13 9 21 20 17 1
Coste: 6410

GENERACION: 650
Mejor Solucion:  3 5 15 11 12 0 7 19 4 10 2 18 16 14 8 6 13 9 21 20 17 1
Coste: 6410

GENERACION: 655
Mejor Solucion:  3 5 15 11 12 0 7 19 4 10 2 18 16 14 8 6 13 9 21 20 17 1
Coste: 6410

GENERACION: 660
Mejor Solucion:  3 5 15 11 12 0 7 19 4 10 2 18 16 14 8 6 13 9 21 20 17 1
Coste: 6410

GENERACION: 665
Mejor Solucion:  3 5 15 11 12 0 7 19 4 10 2 18 16 14 8 6 13 9 21 20 17 1
Coste: 6410

GENERACION: 670
Mejor Solucion:  3 5 15 11 12 0 7 19 4 10 2 18 16 14 8 6 13 9 21 20 17 1
Coste: 6410

GENERACION: 675
Mejor Solucion:  3 5 15 11 12 0 7 19 4 10 2 18 16 14 8 6 13 9 21 20 17 1
Coste: 6410

GENERACION: 680
Mejor Solucion:  3 5 15 11 12 0 7 19 4 10 2 18 16 14 8 6 13 9 21 20 17 1
Coste: 6410

GENERACION: 685
Mejor Solucion:  3 5 15 11 12 0 7 19 4 10 2 18 16 14 8 6 13 9 21 20 17 1
Coste: 6410

GENERACION: 690
Mejor Solucion:  3 5 15 11 12 0 7 19 4 10 2 18 16 14 8 6 13 9 21 20 17 1
Coste: 6410

GENERACION: 695
Mejor Solucion:  3 5 15 11 12 0 7 19 4 10 2 18 16 14 8 6 13 9 21 20 17 1
Coste: 6410

GENERACION: 700
Mejor Solucion:  3 5 15 11 12 0 7 19 4 10 2 18 16 14 8 6 13 9 21 20 17 1
Coste: 6410

GENERACION: 705
Mejor Solucion:  3 5 15 11 12 0 7 19 4 10 2 18 16 14 8 6 13 9 21 20 17 1
Coste: 6410

GENERACION: 710
Mejor Solucion:  3 5 15 11 12 0 7 19 4 10 2 18 16 14 8 6 13 9 21 20 17 1
Coste: 6410

GENERACION: 715
Mejor Solucion:  3 5 15 11 12 0 7 19 4 10 2 18 16 14 8 6 13 9 21 20 17 1
Coste: 6410

GENERACION: 720
Mejor Solucion:  3 5 15 11 12 0 7 19 4 10 2 18 16 14 8 6 13 9 21 20 17 1
Coste: 6410

GENERACION: 725
Mejor Solucion:  3 5 15 11 12 0 7 19 4 10 2 18 16 14 8 6 13 9 21 20 17 1
Coste: 6410

GENERACION: 730
Mejor Solucion:  3 5 15 11 12 0 7 19 4 10 2 18 16 14 8 6 13 9 21 20 17 1
Coste: 6410

GENERACION: 735
Mejor Solucion:  3 5 15 11 12 0 7 19 4 10 2 18 16 14 8 6 13 9 21 20 17 1
Coste: 6410

GENERACION: 740
Mejor Solucion:  3 5 15 11 12 0 7 19 4 10 2 18 16 14 8 6 13 9 21 20 17 1
Coste: 6410

GENERACION: 745
Mejor Solucion:  3 5 15 11 12 0 7 19 4 10 2 18 16 14 8 6 13 9 21 20 17 1
Coste: 6410

GENERACION: 750
Mejor Solucion:  3 5 15 11 12 0 7 19 4 10 2 18 16 14 8 6 13 9 21 20 17 1
Coste: 6410

GENERACION: 755
Mejor Solucion:  3 5 15 11 12 0 7 19 4 10 2 18 16 14 8 6 13 9 21 20 17 1
Coste: 6410

GENERACION: 760
Mejor Solucion:  3 5 15 11 12 0 7 19 4 10 2 18 16 14 8 6 13 9 21 20 17 1
Coste: 6410

GENERACION: 765
Mejor Solucion:  3 5 15 11 12 0 7 19 4 10 2 18 16 14 8 6 13 9 21 20 17 1
Coste: 6410

GENERACION: 770
Mejor Solucion:  3 5 15 11 12 0 7 19 4 10 2 18 16 14 8 6 13 9 21 20 17 1
Coste: 6410

GENERACION: 775
Mejor Solucion:  3 5 15 11 12 0 7 19 4 10 2 18 16 14 8 6 13 9 21 20 17 1
Coste: 6410

GENERACION: 780
Mejor Solucion:  3 5 15 11 12 0 7 19 4 10 2 18 16 14 8 6 13 9 21 20 17 1
Coste: 6410

GENERACION: 785
Mejor Solucion:  3 5 15 11 12 0 7 19 4 10 2 18 16 14 8 6 13 9 21 20 17 1
Coste: 6410

GENERACION: 790
Mejor Solucion:  3 5 15 11 12 0 7 19 4 10 2 18 16 14 8 6 13 9 21 20 17 1
Coste: 6410

GENERACION: 795
Mejor Solucion:  3 5 15 11 12 0 7 19 4 10 2 18 16 14 8 6 13 9 21 20 17 1
Coste: 6410

GENERACION: 800
Mejor Solucion:  3 5 15 11 12 0 7 19 4 10 2 18 16 14 8 6 13 9 21 20 17 1
Coste: 6410

GENERACION: 805
Mejor Solucion:  3 5 15 11 12 0 7 19 4 10 2 18 16 14 8 6 13 9 21 20 17 1
Coste: 6410

GENERACION: 810
Mejor Solucion:  3 5 15 11 12 0 7 19 4 10 2 18 16 14 8 6 13 9 21 20 17 1
Coste: 6410

GENERACION: 815
Mejor Solucion:  3 5 15 11 12 0 7 19 4 10 2 18 16 14 8 6 13 9 21 20 17 1
Coste: 6410

GENERACION: 820
Mejor Solucion:  3 5 15 11 12 0 7 19 4 10 2 18 16 14 8 6 13 9 21 20 17 1
Coste: 6410

GENERACION: 825
Mejor Solucion:  3 5 15 11 12 0 7 19 4 10 2 18 16 14 8 6 13 9 21 20 17 1
Coste: 6410

GENERACION: 830
Mejor Solucion:  3 5 15 11 12 0 7 19 4 10 2 18 16 14 8 6 13 9 21 20 17 1
Coste: 6410

GENERACION: 835
Mejor Solucion:  3 5 15 11 12 0 7 19 4 10 2 18 16 14 8 6 13 9 21 20 17 1
Coste: 6410

GENERACION: 840
Mejor Solucion:  3 5 15 11 12 0 7 19 4 10 2 18 16 14 8 6 13 9 21 20 17 1
Coste: 6410

GENERACION: 845
Mejor Solucion:  3 5 15 11 12 0 7 19 4 10 2 18 16 14 8 6 13 9 21 20 17 1
Coste: 6410

GENERACION: 850
Mejor Solucion:  3 5 15 11 12 0 7 19 4 10 2 18 16 14 8 6 13 9 21 20 17 1
Coste: 6410

GENERACION: 855
Mejor Solucion:  3 5 15 11 12 0 7 19 4 10 2 18 16 14 8 6 13 9 21 20 17 1
Coste: 6410

GENERACION: 860
Mejor Solucion:  3 5 15 11 12 0 7 19 4 10 2 18 16 14 8 6 13 9 21 20 17 1
Coste: 6410

GENERACION: 865
Mejor Solucion:  3 5 15 11 12 0 7 19 4 10 2 18 16 14 8 6 13 9 21 20 17 1
Coste: 6410

GENERACION: 870
Mejor Solucion:  3 5 15 11 12 0 7 19 4 10 2 18 16 14 8 6 13 9 21 20 17 1
Coste: 6410

GENERACION: 875
Mejor Solucion:  3 5 15 11 12 0 7 19 4 10 2 18 16 14 8 6 13 9 21 20 17 1
Coste: 6410

GENERACION: 880
Mejor Solucion:  3 5 15 11 12 0 7 19 4 10 2 18 16 14 8 6 13 9 21 20 17 1
Coste: 6410

GENERACION: 885
Mejor Solucion:  3 5 15 11 12 0 7 19 4 10 2 18 16 14 8 6 13 9 21 20 17 1
Coste: 6410

GENERACION: 890
Mejor Solucion:  3 5 15 11 12 0 7 19 4 10 2 18 16 14 8 6 13 9 21 20 17 1
Coste: 6410

GENERACION: 895
Mejor Solucion:  3 5 15 11 12 0 7 19 4 10 2 18 16 14 8 6 13 9 21 20 17 1
Coste: 6410

GENERACION: 900
Mejor Solucion:  3 5 15 11 12 0 7 19 4 10 2 18 16 14 8 6 13 9 21 20 17 1
Coste: 6410

GENERACION: 905
Mejor Solucion:  3 5 15 11 12 0 7 19 4 10 2 18 16 14 8 6 13 9 21 20 17 1
Coste: 6410

GENERACION: 910
Mejor Solucion:  3 5 15 11 12 0 7 19 4 10 2 18 16 14 8 6 13 9 21 20 17 1
Coste: 6410

GENERACION: 915
Mejor Solucion:  3 5 15 11 12 0 7 19 4 10 2 18 16 14 8 6 13 9 21 20 17 1
Coste: 6410

GENERACION: 920
Mejor Solucion:  3 5 15 11 12 0 7 19 4 10 2 18 16 14 8 6 13 9 21 20 17 1
Coste: 6410

GENERACION: 925
Mejor Solucion:  3 5 15 11 12 0 7 19 4 10 2 18 16 14 8 6 13 9 21 20 17 1
Coste: 6410

GENERACION: 930
Mejor Solucion:  3 5 15 11 12 0 7 19 4 10 2 18 16 14 8 6 13 9 21 20 17 1
Coste: 6410

GENERACION: 935
Mejor Solucion:  3 5 15 11 12 0 7 19 4 10 2 18 16 14 8 6 13 9 21 20 17 1
Coste: 6410

GENERACION: 940
Mejor Solucion:  3 5 15 11 12 0 7 19 4 10 2 18 16 14 8 6 13 9 21 20 17 1
Coste: 6410

GENERACION: 945
Mejor Solucion:  3 5 15 11 12 0 7 19 4 10 2 18 16 14 8 6 13 9 21 20 17 1
Coste: 6410

GENERACION: 950
Mejor Solucion:  3 5 15 11 12 0 7 19 4 10 2 18 16 14 8 6 13 9 21 20 17 1
Coste: 6410

GENERACION: 955
Mejor Solucion:  3 5 15 11 12 0 7 19 4 10 2 18 16 14 8 6 13 9 21 20 17 1
Coste: 6410

GENERACION: 960
Mejor Solucion:  3 5 15 11 12 0 7 19 4 10 2 18 16 14 8 6 13 9 21 20 17 1
Coste: 6410

GENERACION: 965
Mejor Solucion:  3 5 15 11 12 0 7 19 4 10 2 18 16 14 8 6 13 9 21 20 17 1
Coste: 6410

GENERACION: 970
Mejor Solucion:  3 5 15 11 12 0 7 19 4 10 2 18 16 14 8 6 13 9 21 20 17 1
Coste: 6410

GENERACION: 975
Mejor Solucion:  3 5 15 11 12 0 7 19 4 10 2 18 16 14 8 6 13 9 21 20 17 1
Coste: 6410

GENERACION: 980
Mejor Solucion:  3 5 15 11 12 0 7 19 4 10 2 18 16 14 8 6 13 9 21 20 17 1
Coste: 6410

GENERACION: 985
Mejor Solucion:  3 5 15 11 12 0 7 19 4 10 2 18 16 14 8 6 13 9 21 20 17 1
Coste: 6410

GENERACION: 990
Mejor Solucion:  3 5 15 11 12 0 7 19 4 10 2 18 16 14 8 6 13 9 21 20 17 1
Coste: 6410

GENERACION: 995
Mejor Solucion:  3 5 15 11 12 0 7 19 4 10 2 18 16 14 8 6 13 9 21 20 17 1
Coste: 6410

GENERACION: 1000
Mejor Solucion:  3 5 15 11 12 0 7 19 4 10 2 18 16 14 8 6 13 9 21 20 17 1
Coste: 6410

