GENERACION: 5
Mejor Solucion:  39 26 43 14 32 45 38 37 31 13 24 49 40 46 34 20 17 30 5 3 0 8 15 41 22 2 7 44 9 42 6 48 47 25 29 21 18 23 27 36 11 1 10 28 12 4 16 33 19 35
Coste: 54406

GENERACION: 10
Mejor Solucion:  6 7 18 2 12 49 14 1 19 24 33 35 10 30 46 22 39 31 8 25 32 36 42 37 48 38 40 11 26 17 16 3 44 43 15 23 29 28 47 0 41 4 20 5 9 27 13 34 21 45
Coste: 52451

GENERACION: 15
Mejor Solucion:  6 7 18 2 12 49 14 1 19 24 33 35 10 30 46 22 39 31 8 25 32 36 42 37 48 38 40 11 26 17 16 3 44 43 15 23 29 28 47 0 41 4 20 5 9 27 13 34 21 45
Coste: 49748

GENERACION: 20
Mejor Solucion:  6 18 10 23 1 49 14 19 11 24 32 7 2 46 12 40 30 39 8 25 33 3 36 48 37 38 42 31 26 17 16 35 44 43 15 22 29 28 47 0 41 4 20 5 9 27 13 34 21 45
Coste: 49735

GENERACION: 25
Mejor Solucion:  6 18 10 23 1 49 14 19 11 24 32 7 2 46 12 40 30 39 8 25 33 3 36 48 37 38 42 31 26 17 16 35 44 43 15 22 29 28 47 0 41 4 20 5 9 27 13 34 21 45
Coste: 49735

GENERACION: 30
Mejor Solucion:  6 18 10 23 1 49 14 19 11 24 32 7 2 46 12 40 30 39 8 25 33 3 36 48 37 38 42 31 26 17 16 35 44 43 15 22 29 28 47 0 41 4 20 5 9 27 13 34 21 45
Coste: 49735

GENERACION: 35
Mejor Solucion:  6 18 10 23 1 49 14 19 11 24 32 7 2 46 12 40 30 39 8 25 33 3 36 48 37 38 42 31 26 17 16 35 44 43 15 22 29 28 47 0 41 4 20 5 9 27 13 34 21 45
Coste: 49735

GENERACION: 40
Mejor Solucion:  18 7 23 46 1 12 39 11 8 26 32 36 37 2 38 40 31 14 24 19 33 35 48 5 22 49 42 29 30 6 16 3 44 43 15 28 34 10 17 25 45 41 4 20 27 13 9 21 47 0
Coste: 49608

GENERACION: 45
Mejor Solucion:  18 7 23 46 1 12 39 11 8 26 32 36 37 2 38 40 31 14 24 19 33 35 48 5 22 49 42 29 30 6 16 3 44 43 15 28 34 10 17 25 45 41 4 20 27 13 9 21 47 0
Coste: 49608

GENERACION: 50
Mejor Solucion:  18 7 23 46 1 12 39 11 8 26 32 36 37 2 38 40 31 14 24 19 33 35 48 5 22 49 42 29 30 6 16 3 44 43 15 28 34 10 17 25 45 41 4 20 27 13 9 21 47 0
Coste: 49608

GENERACION: 55
Mejor Solucion:  18 7 23 46 1 12 39 11 8 26 32 36 37 2 38 40 31 14 24 19 33 35 48 5 22 49 42 29 30 6 16 3 44 43 15 28 34 10 17 25 45 41 4 20 27 13 9 21 47 0
Coste: 49608

GENERACION: 60
Mejor Solucion:  32 18 7 1 5 12 39 6 19 26 33 23 2 22 46 49 31 14 11 8 35 36 37 38 43 40 42 10 17 25 16 3 48 44 15 9 29 30 24 0 45 41 4 27 20 13 28 34 21 47
Coste: 49594

GENERACION: 65
Mejor Solucion:  32 18 7 1 5 12 39 6 19 26 33 23 2 22 46 49 31 14 11 8 35 36 37 38 43 40 42 10 17 25 16 3 48 44 15 9 29 30 24 0 45 41 4 27 20 13 28 34 21 47
Coste: 49594

GENERACION: 70
Mejor Solucion:  32 18 7 1 5 12 39 6 19 26 33 23 2 22 46 49 31 14 11 8 35 36 37 38 43 40 42 10 17 25 16 3 48 44 15 9 29 30 24 0 45 41 4 27 20 13 28 34 21 47
Coste: 49594

GENERACION: 75
Mejor Solucion:  32 18 7 1 5 12 39 6 19 26 33 23 2 22 46 49 31 14 11 8 35 36 37 38 43 40 42 10 17 25 16 3 48 44 15 9 29 30 24 0 45 41 4 27 20 13 28 34 21 47
Coste: 49594

GENERACION: 80
Mejor Solucion:  32 18 7 1 5 12 39 6 19 26 33 23 2 22 46 49 31 14 11 8 35 36 37 38 43 40 42 10 17 25 16 3 48 44 15 9 29 30 24 0 45 41 4 27 20 13 28 34 21 47
Coste: 49594

GENERACION: 85
Mejor Solucion:  32 18 7 1 5 12 39 6 19 26 33 23 2 22 46 49 31 14 11 8 35 36 37 38 43 40 42 10 17 25 16 3 48 44 15 9 29 30 24 0 45 41 4 27 20 13 28 34 21 47
Coste: 49594

GENERACION: 90
Mejor Solucion:  33 18 7 46 1 12 14 6 19 26 35 36 2 38 22 49 10 42 17 8 32 37 23 48 15 40 31 30 24 11 16 3 44 5 43 9 29 39 25 0 45 4 20 41 27 13 28 34 21 47
Coste: 49568

GENERACION: 95
Mejor Solucion:  33 18 7 46 1 12 14 6 19 26 35 36 2 38 22 49 10 42 17 8 32 37 23 48 15 40 31 30 24 11 16 3 44 5 43 9 29 39 25 0 45 4 20 41 27 13 28 34 21 47
Coste: 49568

GENERACION: 100
Mejor Solucion:  33 18 7 46 1 12 14 6 19 26 35 36 2 38 22 49 10 42 17 8 32 37 23 48 15 40 31 30 24 11 16 3 44 5 43 9 29 39 25 0 45 4 20 41 27 13 28 34 21 47
Coste: 49568

GENERACION: 105
Mejor Solucion:  33 18 7 46 1 12 6 14 19 26 35 36 48 38 22 49 42 30 17 8 32 37 23 2 15 40 10 31 24 11 16 3 44 5 43 9 29 39 25 0 45 41 4 20 27 13 28 34 21 47
Coste: 49494

GENERACION: 110
Mejor Solucion:  33 18 7 46 12 14 10 6 19 26 16 35 2 38 22 49 42 30 17 8 32 36 23 37 1 40 31 39 24 11 41 3 5 48 43 15 9 29 25 47 45 4 20 44 27 13 28 34 21 0
Coste: 49489

GENERACION: 115
Mejor Solucion:  33 18 7 46 12 14 10 6 19 26 16 35 2 38 22 49 42 30 17 8 32 36 23 37 1 40 31 39 24 11 41 3 5 48 43 15 9 29 25 47 45 4 20 44 27 13 28 34 21 0
Coste: 49489

GENERACION: 120
Mejor Solucion:  33 18 7 46 12 14 10 6 19 26 16 35 2 38 22 49 42 30 17 8 32 36 23 37 1 40 31 39 24 11 41 3 5 48 43 15 9 29 25 47 45 4 20 44 27 13 28 34 21 0
Coste: 49489

GENERACION: 125
Mejor Solucion:  33 18 7 46 12 14 10 6 19 26 16 35 2 38 22 49 42 30 17 8 32 36 23 37 1 40 31 39 24 11 41 3 5 48 43 15 9 29 25 47 45 4 20 44 27 13 28 34 21 0
Coste: 49489

GENERACION: 130
Mejor Solucion:  33 18 7 46 12 14 10 6 19 26 16 35 2 38 22 49 42 30 17 8 32 36 23 37 1 40 31 39 24 11 41 3 5 48 43 15 9 29 25 47 45 4 20 44 27 13 28 34 21 0
Coste: 49489

GENERACION: 135
Mejor Solucion:  33 18 7 46 12 14 10 6 19 26 16 35 2 38 22 49 42 30 17 8 32 36 23 37 1 40 31 39 24 11 41 3 5 48 43 15 9 29 25 47 45 4 20 44 27 13 28 34 21 0
Coste: 49489

GENERACION: 140
Mejor Solucion:  33 18 7 46 12 14 10 6 19 26 16 35 2 38 22 49 42 30 17 8 32 36 23 37 1 40 31 39 24 11 41 3 5 48 43 15 9 29 25 47 45 4 20 44 27 13 28 34 21 0
Coste: 49489

GENERACION: 145
Mejor Solucion:  33 18 7 46 12 14 10 6 19 26 16 35 2 38 22 49 42 30 17 8 32 36 23 37 1 40 31 39 24 11 41 3 5 48 43 15 9 29 25 47 45 4 20 44 27 13 28 34 21 0
Coste: 49489

GENERACION: 150
Mejor Solucion:  33 32 38 7 46 12 18 14 6 26 16 36 35 48 37 2 22 30 17 8 0 3 4 44 43 40 23 39 11 47 21 41 20 42 9 15 31 49 10 25 45 27 13 28 34 5 1 29 19 24
Coste: 49430

GENERACION: 155
Mejor Solucion:  33 32 38 7 46 12 18 14 6 26 16 36 35 48 37 2 22 30 17 8 0 3 4 44 43 40 23 39 11 47 21 41 20 42 9 15 31 49 10 25 45 27 13 28 34 5 1 29 19 24
Coste: 49430

GENERACION: 160
Mejor Solucion:  33 32 38 7 46 12 18 14 6 26 16 36 35 48 37 2 22 30 17 8 0 3 4 44 43 40 23 39 11 47 21 41 20 42 9 15 31 49 10 25 45 27 13 28 34 5 1 29 19 24
Coste: 49430

GENERACION: 165
Mejor Solucion:  33 32 38 7 46 12 18 14 6 26 16 36 35 48 37 2 22 30 17 8 0 3 4 44 43 40 23 39 11 47 21 41 20 42 9 15 31 49 10 25 45 27 13 28 34 5 1 29 19 24
Coste: 49430

GENERACION: 170
Mejor Solucion:  33 32 38 7 46 12 18 14 6 26 16 36 35 48 37 2 22 30 17 8 0 3 4 44 43 40 23 39 11 47 21 41 20 42 9 15 31 49 10 25 45 27 13 28 34 5 1 29 19 24
Coste: 49430

GENERACION: 175
Mejor Solucion:  33 32 38 7 46 12 18 14 6 26 16 36 35 48 37 2 22 30 17 8 0 3 4 44 43 40 23 39 11 47 21 41 20 42 9 15 31 49 10 25 45 27 13 28 34 5 1 29 19 24
Coste: 49430

GENERACION: 180
Mejor Solucion:  33 32 38 7 46 12 18 14 6 26 16 36 35 48 37 2 22 30 17 8 0 3 4 44 43 40 23 39 11 47 21 41 20 42 9 15 31 49 10 25 45 27 13 28 34 5 1 29 19 24
Coste: 49430

GENERACION: 185
Mejor Solucion:  33 32 38 7 46 12 18 14 6 26 16 36 35 48 37 2 22 30 17 8 0 3 4 44 43 40 23 39 11 47 21 41 20 42 9 15 31 49 10 25 45 27 13 28 34 5 1 29 19 24
Coste: 49430

GENERACION: 190
Mejor Solucion:  33 32 38 7 46 12 18 14 6 26 16 36 35 48 37 2 22 30 17 8 0 3 4 44 43 40 23 39 11 47 21 41 20 42 9 15 31 49 10 25 45 27 13 28 34 5 1 29 19 24
Coste: 49430

GENERACION: 195
Mejor Solucion:  47 3 4 32 44 33 18 7 26 6 16 35 36 48 37 38 30 42 8 25 21 41 20 43 22 2 46 10 12 17 0 28 9 15 23 40 31 49 11 24 45 27 13 34 5 29 14 39 1 19
Coste: 49232

GENERACION: 200
Mejor Solucion:  47 3 4 32 44 35 18 7 26 6 16 33 36 48 37 30 42 22 8 25 21 41 20 43 38 2 46 10 12 17 0 28 9 15 40 23 31 49 11 24 45 27 13 34 29 5 39 14 1 19
Coste: 49164

GENERACION: 205
Mejor Solucion:  47 3 4 32 44 35 18 7 26 6 16 33 36 48 37 30 42 22 8 25 21 41 20 43 38 2 46 10 12 17 0 28 9 15 40 23 31 49 11 24 45 27 13 34 29 5 39 14 1 19
Coste: 49164

GENERACION: 210
Mejor Solucion:  47 16 33 32 35 30 18 14 8 26 4 3 36 48 42 38 7 46 17 6 21 41 20 43 44 37 2 10 12 25 0 13 9 15 22 40 23 49 11 24 45 27 28 34 5 29 31 39 1 19
Coste: 49152

GENERACION: 215
Mejor Solucion:  47 16 33 32 35 30 18 14 8 26 4 3 36 48 42 38 7 46 17 6 21 41 20 43 44 37 2 10 12 25 0 13 9 15 22 40 23 49 11 24 45 27 28 34 5 29 31 39 1 19
Coste: 49152

GENERACION: 220
Mejor Solucion:  47 16 33 32 35 30 18 14 8 26 4 3 36 48 42 38 2 7 46 6 21 41 20 43 44 37 23 10 17 25 0 13 9 15 22 40 31 11 12 24 45 27 28 34 5 29 49 39 1 19
Coste: 49059

GENERACION: 225
Mejor Solucion:  47 16 33 32 35 30 18 14 8 26 4 3 36 48 42 38 2 7 46 6 21 41 20 43 44 37 23 10 17 25 0 13 9 15 22 40 31 11 12 24 45 27 28 34 5 29 49 39 1 19
Coste: 49059

GENERACION: 230
Mejor Solucion:  47 16 33 32 35 30 18 14 8 26 4 3 36 48 42 38 2 7 46 6 21 41 20 43 44 37 23 10 17 25 0 13 9 15 22 40 31 11 12 24 45 27 28 34 5 29 49 39 1 19
Coste: 49059

GENERACION: 235
Mejor Solucion:  47 16 33 32 35 30 18 14 8 26 4 3 36 48 42 38 2 7 46 6 21 41 20 43 44 37 23 10 17 25 0 13 9 15 22 40 31 11 12 24 45 27 28 34 5 29 49 39 1 19
Coste: 49059

GENERACION: 240
Mejor Solucion:  47 16 33 32 35 30 18 14 8 26 4 3 36 48 42 38 2 7 46 6 21 41 20 43 44 37 23 10 17 25 0 13 9 15 22 40 31 11 12 24 45 27 28 34 5 29 49 39 1 19
Coste: 49059

GENERACION: 245
Mejor Solucion:  47 16 33 32 35 30 18 14 8 26 4 3 36 48 42 38 2 7 46 6 21 41 20 43 44 37 23 10 17 25 0 13 9 15 22 40 31 11 12 24 45 27 28 34 5 29 49 39 1 19
Coste: 49059

GENERACION: 250
Mejor Solucion:  47 16 33 32 35 30 18 14 8 26 4 3 36 48 42 38 2 7 46 6 21 41 20 43 44 37 23 10 17 25 0 13 9 15 22 40 31 11 12 24 45 27 28 34 5 29 49 39 1 19
Coste: 49059

GENERACION: 255
Mejor Solucion:  47 16 33 32 35 30 18 14 8 26 4 3 36 48 42 38 2 7 46 6 21 41 20 43 44 37 23 10 17 25 0 13 9 15 22 40 31 11 12 24 45 27 28 34 5 29 49 39 1 19
Coste: 49059

GENERACION: 260
Mejor Solucion:  47 16 33 32 35 30 18 14 8 26 4 3 36 48 42 38 2 7 46 6 21 41 20 43 44 37 23 10 17 25 0 13 9 15 22 40 31 11 12 24 45 27 28 34 5 29 49 39 1 19
Coste: 49059

GENERACION: 265
Mejor Solucion:  47 16 33 32 35 30 18 14 8 26 4 3 36 48 42 38 2 7 46 6 21 41 20 43 44 37 23 10 17 25 0 13 9 15 22 40 31 11 12 24 45 27 28 34 5 29 49 39 1 19
Coste: 49059

GENERACION: 270
Mejor Solucion:  47 16 33 32 35 30 18 14 8 26 4 3 36 48 42 38 2 7 46 6 21 41 20 43 44 37 23 10 17 25 0 13 9 15 22 40 31 11 12 24 45 27 28 34 5 29 49 39 1 19
Coste: 49059

GENERACION: 275
Mejor Solucion:  47 16 33 32 35 30 18 14 8 26 4 3 36 48 42 38 2 7 46 6 21 41 20 43 44 37 23 10 17 25 0 13 9 15 22 40 31 11 12 24 45 27 28 34 5 29 49 39 1 19
Coste: 49059

GENERACION: 280
Mejor Solucion:  47 16 33 32 35 30 18 14 8 26 4 3 36 48 42 38 2 7 46 6 21 41 20 43 44 37 23 10 17 25 0 13 9 15 22 40 31 11 12 24 45 27 28 34 5 29 49 39 1 19
Coste: 49059

GENERACION: 285
Mejor Solucion:  47 16 33 32 35 30 18 14 8 26 4 3 36 48 42 38 2 7 46 6 21 41 20 43 44 37 23 10 17 25 0 13 9 15 22 40 31 11 12 24 45 27 28 34 5 29 49 39 1 19
Coste: 49059

GENERACION: 290
Mejor Solucion:  47 16 33 32 35 30 18 14 8 26 4 3 36 48 42 38 2 7 46 6 21 41 20 43 44 37 23 10 17 25 0 13 9 15 22 40 31 11 12 24 45 27 28 34 5 29 49 39 1 19
Coste: 49059

GENERACION: 295
Mejor Solucion:  47 16 33 32 35 30 18 14 8 26 4 3 36 48 42 38 2 7 46 6 21 41 20 43 44 37 23 10 17 25 0 13 9 15 22 40 31 11 12 24 45 27 28 34 5 29 49 39 1 19
Coste: 49059

GENERACION: 300
Mejor Solucion:  47 16 33 32 35 30 18 14 8 26 4 3 36 48 42 38 2 7 46 6 21 41 20 43 44 37 23 10 17 25 0 13 9 15 22 40 31 11 12 24 45 27 28 34 5 29 49 39 1 19
Coste: 49059

GENERACION: 305
Mejor Solucion:  47 16 33 32 35 30 18 14 8 26 4 3 36 48 42 38 2 7 46 6 21 41 20 43 44 37 23 10 17 25 0 13 9 15 22 40 31 11 12 24 45 27 28 34 5 29 49 39 1 19
Coste: 49059

GENERACION: 310
Mejor Solucion:  47 4 3 32 35 30 18 7 8 26 16 41 33 36 48 38 2 46 14 6 0 27 20 44 42 22 23 10 11 17 45 13 28 37 29 40 31 39 24 19 21 34 9 43 15 5 1 12 49 25
Coste: 48980

GENERACION: 315
Mejor Solucion:  47 4 3 32 35 30 18 7 8 26 16 41 33 36 48 38 2 46 14 6 0 27 20 44 42 22 23 10 11 17 45 13 28 37 29 40 31 39 24 19 21 34 9 43 15 5 1 12 49 25
Coste: 48980

GENERACION: 320
Mejor Solucion:  47 4 3 32 35 30 18 7 8 26 16 41 33 36 48 38 2 46 14 6 0 27 20 44 42 22 23 10 11 17 45 13 28 37 29 40 31 39 24 19 21 34 9 43 15 5 1 12 49 25
Coste: 48980

GENERACION: 325
Mejor Solucion:  47 4 3 32 35 30 18 7 8 26 16 41 33 36 48 38 2 46 14 6 0 27 20 44 42 22 23 10 11 17 45 13 28 37 29 40 31 39 24 19 21 34 9 43 15 5 1 12 49 25
Coste: 48980

GENERACION: 330
Mejor Solucion:  47 4 3 32 35 30 18 7 8 26 16 41 33 36 48 38 2 46 14 6 0 27 20 44 42 22 23 10 11 17 45 13 28 37 29 40 31 39 24 19 21 34 9 43 15 5 1 12 49 25
Coste: 48980

GENERACION: 335
Mejor Solucion:  47 4 3 32 35 30 18 7 8 26 16 41 33 36 48 38 2 46 14 6 0 27 20 44 42 22 23 10 11 17 45 13 28 37 29 40 31 39 24 19 21 34 9 43 15 5 1 12 49 25
Coste: 48980

GENERACION: 340
Mejor Solucion:  47 4 3 32 35 30 18 7 8 26 16 41 33 36 48 38 2 46 14 6 0 27 20 44 42 22 23 10 11 17 45 13 28 37 29 40 31 39 24 19 21 34 9 43 15 5 1 12 49 25
Coste: 48980

GENERACION: 345
Mejor Solucion:  47 4 3 32 35 30 18 7 8 26 16 41 33 36 48 38 2 46 14 6 0 27 20 44 42 22 23 10 11 17 45 13 28 37 29 40 31 39 24 19 21 34 9 43 15 5 1 12 49 25
Coste: 48980

GENERACION: 350
Mejor Solucion:  47 4 3 32 35 30 18 7 8 26 16 41 33 36 48 38 2 46 14 6 0 27 20 44 42 22 23 10 11 17 45 13 28 37 29 40 31 39 24 19 21 34 9 43 15 5 1 12 49 25
Coste: 48980

GENERACION: 355
Mejor Solucion:  47 4 3 32 35 30 18 7 8 26 16 41 33 36 48 38 2 46 14 6 0 27 20 44 42 22 23 10 11 17 45 13 28 37 29 40 31 39 24 19 21 34 9 43 15 5 1 12 49 25
Coste: 48980

GENERACION: 360
Mejor Solucion:  47 4 3 32 35 30 18 7 8 26 16 41 33 36 48 38 2 46 14 6 0 27 20 44 42 22 23 10 11 17 45 13 28 37 29 40 31 39 24 19 21 34 9 43 15 5 1 12 49 25
Coste: 48980

GENERACION: 365
Mejor Solucion:  47 4 3 32 35 30 18 7 8 26 16 41 33 36 48 38 2 46 14 6 0 27 20 44 42 22 23 10 11 17 45 13 28 37 29 40 31 39 24 19 21 34 9 43 15 5 1 12 49 25
Coste: 48980

GENERACION: 370
Mejor Solucion:  47 4 3 32 35 30 18 7 8 26 16 41 33 36 48 38 2 46 14 6 0 27 20 44 42 22 23 10 11 17 45 13 28 37 29 40 31 39 24 19 21 34 9 43 15 5 1 12 49 25
Coste: 48980

GENERACION: 375
Mejor Solucion:  47 4 3 32 35 30 18 7 8 26 16 41 33 36 48 38 2 46 14 6 0 27 20 44 42 22 23 10 11 17 45 13 28 37 29 40 31 39 24 19 21 34 9 43 15 5 1 12 49 25
Coste: 48980

GENERACION: 380
Mejor Solucion:  47 4 3 32 35 30 18 7 8 26 16 41 33 36 48 38 2 46 14 6 0 27 20 44 42 22 23 10 11 17 45 13 28 37 29 40 31 39 24 19 21 34 9 43 15 5 1 12 49 25
Coste: 48980

GENERACION: 385
Mejor Solucion:  47 4 3 32 35 30 18 7 8 26 16 41 33 36 48 38 2 46 14 6 0 27 20 44 42 22 23 10 11 17 45 13 28 37 29 40 31 39 24 19 21 34 9 43 15 5 1 12 49 25
Coste: 48980

GENERACION: 390
Mejor Solucion:  47 4 3 32 35 30 18 7 8 26 16 41 33 36 48 38 2 46 14 6 0 27 20 44 42 22 23 10 11 17 45 13 28 37 29 40 31 39 24 19 21 34 9 43 15 5 1 12 49 25
Coste: 48980

GENERACION: 395
Mejor Solucion:  47 4 3 32 35 30 18 7 8 26 16 41 33 36 48 38 2 46 14 6 0 27 20 44 42 22 23 10 11 17 45 13 28 37 29 40 31 39 24 19 21 34 9 43 15 5 1 12 49 25
Coste: 48980

GENERACION: 400
Mejor Solucion:  47 4 3 32 35 30 18 7 8 26 16 41 33 36 48 38 2 46 14 6 0 27 20 44 42 22 23 10 11 17 45 13 28 37 29 40 31 39 24 19 21 34 9 43 15 5 1 12 49 25
Coste: 48980

GENERACION: 405
Mejor Solucion:  47 4 3 32 35 30 18 7 8 26 16 41 33 36 48 38 2 46 14 6 0 27 20 44 42 22 23 10 11 17 45 13 28 37 29 40 31 39 24 19 21 34 9 43 15 5 1 12 49 25
Coste: 48980

GENERACION: 410
Mejor Solucion:  47 4 3 32 35 30 18 7 8 26 16 41 33 36 48 38 2 46 14 6 0 27 20 44 42 22 23 10 11 17 45 13 28 37 29 40 31 39 24 19 21 34 9 43 15 5 1 12 49 25
Coste: 48980

GENERACION: 415
Mejor Solucion:  47 4 3 32 35 30 18 7 8 26 16 41 33 36 48 38 2 46 14 6 0 27 20 44 42 22 23 10 11 17 45 13 28 37 29 40 31 39 24 19 21 34 9 43 15 5 1 12 49 25
Coste: 48980

GENERACION: 420
Mejor Solucion:  47 4 3 32 35 30 18 7 8 26 16 41 33 36 48 38 2 46 14 6 0 27 20 44 42 22 23 10 11 17 45 13 28 37 29 40 31 39 24 19 21 34 9 43 15 5 1 12 49 25
Coste: 48980

GENERACION: 425
Mejor Solucion:  47 4 3 32 35 30 18 7 8 26 16 41 33 36 48 38 2 46 14 6 0 27 20 44 42 22 23 10 11 17 45 13 28 37 29 40 31 39 24 19 21 34 9 43 15 5 1 12 49 25
Coste: 48980

GENERACION: 430
Mejor Solucion:  0 47 35 32 33 30 18 14 8 6 4 16 3 36 48 38 2 7 17 26 21 44 41 43 42 37 10 46 11 25 13 28 20 9 15 40 23 49 12 24 45 34 27 5 29 22 31 39 1 19
Coste: 48954

GENERACION: 435
Mejor Solucion:  0 47 35 32 33 30 18 14 8 6 4 16 3 36 48 38 2 7 17 26 21 44 41 43 42 37 10 46 11 25 13 28 20 9 15 40 23 49 12 24 45 34 27 5 29 22 31 39 1 19
Coste: 48954

GENERACION: 440
Mejor Solucion:  0 47 35 32 33 30 18 14 8 6 4 16 3 36 48 38 2 7 17 26 21 44 41 43 42 37 10 46 11 25 13 28 20 9 15 40 23 49 12 24 45 34 27 5 29 22 31 39 1 19
Coste: 48954

GENERACION: 445
Mejor Solucion:  0 47 35 32 33 30 18 14 8 26 4 16 3 36 48 38 7 46 17 6 21 44 20 43 42 37 2 10 12 25 13 28 41 9 15 40 23 49 11 24 45 34 27 5 29 22 31 39 1 19
Coste: 48950

GENERACION: 450
Mejor Solucion:  0 47 35 32 33 30 18 14 8 26 4 16 3 36 48 38 7 46 17 6 21 44 20 43 42 37 2 10 12 25 13 28 41 9 15 40 23 49 11 24 45 34 27 5 29 22 31 39 1 19
Coste: 48950

GENERACION: 455
Mejor Solucion:  0 47 35 32 33 30 18 14 8 26 4 16 3 36 48 38 7 46 17 6 21 44 20 43 42 37 2 10 12 25 13 28 41 9 15 40 23 49 11 24 45 34 27 5 29 22 31 39 1 19
Coste: 48950

GENERACION: 460
Mejor Solucion:  0 47 35 32 33 30 18 14 8 26 4 16 3 36 48 38 7 46 17 6 21 44 20 43 42 37 2 10 12 25 13 28 41 9 15 40 23 49 11 24 45 34 27 5 29 22 31 39 1 19
Coste: 48950

GENERACION: 465
Mejor Solucion:  0 47 35 32 33 30 18 14 8 26 4 16 3 36 48 38 7 46 17 6 21 44 20 43 42 37 2 10 12 25 13 28 41 9 15 40 23 49 11 24 45 34 27 5 29 22 31 39 1 19
Coste: 48950

GENERACION: 470
Mejor Solucion:  0 47 35 32 33 30 18 14 8 26 4 16 3 36 48 38 7 46 17 6 21 44 20 43 42 37 2 10 12 25 13 28 41 9 15 40 23 49 11 24 45 34 27 5 29 22 31 39 1 19
Coste: 48950

GENERACION: 475
Mejor Solucion:  0 47 35 32 33 30 18 14 8 26 4 16 3 36 48 38 7 46 17 6 21 44 20 43 42 37 2 10 12 25 13 28 41 9 15 40 23 49 11 24 45 34 27 5 29 22 31 39 1 19
Coste: 48950

GENERACION: 480
Mejor Solucion:  0 47 35 32 33 30 18 14 8 26 4 16 3 36 48 38 7 46 17 6 21 44 20 43 42 37 2 10 12 25 13 28 41 9 15 40 23 49 11 24 45 34 27 5 29 22 31 39 1 19
Coste: 48950

GENERACION: 485
Mejor Solucion:  0 47 35 32 33 30 18 14 8 26 4 16 3 36 48 38 7 46 17 6 21 44 20 43 42 37 2 10 12 25 13 28 41 9 15 40 23 49 11 24 45 34 27 5 29 22 31 39 1 19
Coste: 48950

GENERACION: 490
Mejor Solucion:  0 47 35 32 33 30 18 14 8 26 4 16 3 36 48 38 7 46 17 6 21 44 20 43 42 37 2 10 12 25 13 28 41 9 15 40 23 49 11 24 45 34 27 5 29 22 31 39 1 19
Coste: 48950

GENERACION: 495
Mejor Solucion:  0 47 35 32 33 30 18 14 8 26 4 16 3 36 48 38 7 46 17 6 21 44 20 43 42 37 2 10 12 25 13 28 41 9 15 40 23 49 11 24 45 34 27 5 29 22 31 39 1 19
Coste: 48950

GENERACION: 500
Mejor Solucion:  0 47 35 32 33 30 18 14 8 26 4 16 3 36 48 38 7 46 17 6 21 44 20 43 42 37 2 10 12 25 13 28 41 9 15 40 23 49 11 24 45 34 27 5 29 22 31 39 1 19
Coste: 48950

GENERACION: 505
Mejor Solucion:  0 47 35 32 33 30 18 14 8 26 4 16 3 36 48 38 7 46 17 6 21 44 20 43 42 37 2 10 12 25 13 28 41 9 15 40 23 49 11 24 45 34 27 5 29 22 31 39 1 19
Coste: 48950

GENERACION: 510
Mejor Solucion:  0 47 35 32 33 30 18 14 8 26 4 16 3 36 48 38 7 46 17 6 21 44 20 43 42 37 2 10 12 25 13 28 41 9 15 40 23 49 11 24 45 34 27 5 29 22 31 39 1 19
Coste: 48950

GENERACION: 515
Mejor Solucion:  0 47 35 32 33 30 18 14 8 26 4 16 3 36 48 38 7 46 17 6 21 44 20 43 42 37 2 10 12 25 13 28 41 9 15 40 23 49 11 24 45 34 27 5 29 22 31 39 1 19
Coste: 48950

GENERACION: 520
Mejor Solucion:  0 47 35 32 33 30 18 14 8 26 4 16 3 36 48 38 7 46 17 6 21 44 20 43 42 37 2 10 12 25 13 28 41 9 15 40 23 49 11 24 45 34 27 5 29 22 31 39 1 19
Coste: 48950

GENERACION: 525
Mejor Solucion:  0 47 35 32 33 30 18 14 8 26 4 16 3 36 48 38 7 46 17 6 21 44 20 43 42 37 2 10 12 25 13 28 41 9 15 40 23 49 11 24 45 34 27 5 29 22 31 39 1 19
Coste: 48950

GENERACION: 530
Mejor Solucion:  0 47 35 32 33 30 18 14 8 26 4 16 3 36 48 38 7 46 17 6 21 44 20 43 42 37 2 10 12 25 13 28 41 9 15 40 23 49 11 24 45 34 27 5 29 22 31 39 1 19
Coste: 48950

GENERACION: 535
Mejor Solucion:  0 47 35 32 33 30 18 14 8 26 4 16 3 36 48 38 7 46 17 6 21 44 20 43 42 37 2 10 12 25 13 28 41 9 15 40 23 49 11 24 45 34 27 5 29 22 31 39 1 19
Coste: 48950

GENERACION: 540
Mejor Solucion:  0 47 35 32 33 30 18 14 8 26 4 16 3 36 48 38 7 46 17 6 21 44 20 43 42 37 2 10 12 25 13 28 41 9 15 40 23 49 11 24 45 34 27 5 29 22 31 39 1 19
Coste: 48950

GENERACION: 545
Mejor Solucion:  0 47 35 32 33 30 18 14 8 26 4 16 3 36 48 38 7 46 17 6 21 44 20 43 42 37 2 10 12 25 13 28 41 9 15 40 23 49 11 24 45 34 27 5 29 22 31 39 1 19
Coste: 48950

GENERACION: 550
Mejor Solucion:  0 47 35 32 33 30 18 14 8 26 4 16 3 36 48 38 7 46 17 6 21 44 20 43 42 37 2 10 12 25 13 28 41 9 15 40 23 49 11 24 45 34 27 5 29 22 31 39 1 19
Coste: 48950

GENERACION: 555
Mejor Solucion:  0 47 35 32 33 30 18 14 8 26 4 16 3 36 48 38 7 46 17 6 21 44 20 43 42 37 2 10 12 25 13 28 41 9 15 40 23 49 11 24 45 34 27 5 29 22 31 39 1 19
Coste: 48950

GENERACION: 560
Mejor Solucion:  0 47 35 32 33 30 18 14 8 26 4 16 3 36 48 38 7 46 17 6 21 44 20 43 42 37 2 10 12 25 13 28 41 9 15 40 23 49 11 24 45 34 27 5 29 22 31 39 1 19
Coste: 48950

GENERACION: 565
Mejor Solucion:  0 47 35 32 33 30 18 14 8 26 4 16 3 36 48 38 7 46 17 6 21 44 20 43 42 37 2 10 12 25 13 28 41 9 15 40 23 49 11 24 45 34 27 5 29 22 31 39 1 19
Coste: 48950

GENERACION: 570
Mejor Solucion:  47 4 35 32 33 30 22 18 8 6 0 16 3 36 42 37 2 7 11 26 21 44 9 43 48 38 23 46 12 25 13 28 20 41 15 40 31 14 10 17 45 34 27 5 29 49 1 39 24 19
Coste: 48935

GENERACION: 575
Mejor Solucion:  47 4 35 32 33 30 22 18 8 6 0 16 3 36 42 37 2 7 11 26 21 44 9 43 48 38 23 46 12 25 13 28 20 41 15 40 31 14 10 17 45 34 27 5 29 49 1 39 24 19
Coste: 48935

GENERACION: 580
Mejor Solucion:  47 4 35 32 33 30 22 18 8 6 0 16 3 36 42 37 2 7 11 26 21 44 9 43 48 38 23 46 12 25 13 28 20 41 15 40 31 14 10 17 45 34 27 5 29 49 1 39 24 19
Coste: 48935

GENERACION: 585
Mejor Solucion:  47 4 35 32 33 30 22 18 8 6 0 16 3 36 42 37 2 7 11 26 21 44 9 43 48 38 23 46 12 25 13 28 20 41 15 40 31 14 10 17 45 34 27 5 29 49 1 39 24 19
Coste: 48935

GENERACION: 590
Mejor Solucion:  47 4 35 32 33 30 22 18 8 6 0 16 3 36 42 37 2 7 11 26 21 44 9 43 48 38 23 46 12 25 13 28 20 41 15 40 31 14 10 17 45 34 27 5 29 49 1 39 24 19
Coste: 48935

GENERACION: 595
Mejor Solucion:  47 4 35 32 33 30 22 18 8 6 0 16 3 36 42 37 2 7 11 26 21 44 9 43 48 38 23 46 12 25 13 28 20 41 15 40 31 14 10 17 45 34 27 5 29 49 1 39 24 19
Coste: 48935

GENERACION: 600
Mejor Solucion:  47 4 35 32 33 30 22 18 8 6 0 16 3 36 42 37 2 7 11 26 21 44 9 43 48 38 23 46 12 25 13 28 20 41 15 40 31 14 10 17 45 34 27 5 29 49 1 39 24 19
Coste: 48935

GENERACION: 605
Mejor Solucion:  47 4 35 32 33 30 22 18 8 6 0 16 3 36 42 37 2 7 11 26 21 44 9 43 48 38 23 46 12 25 13 28 20 41 15 40 31 14 10 17 45 34 27 5 29 49 1 39 24 19
Coste: 48935

GENERACION: 610
Mejor Solucion:  47 4 35 32 33 30 22 18 8 6 0 16 3 36 42 37 2 7 11 26 21 44 9 43 48 38 23 46 12 25 13 28 20 41 15 40 31 14 10 17 45 34 27 5 29 49 1 39 24 19
Coste: 48935

GENERACION: 615
Mejor Solucion:  47 4 35 32 33 30 22 18 8 6 0 16 3 36 42 37 2 7 11 26 21 44 9 43 48 38 23 46 12 25 13 28 20 41 15 40 31 14 10 17 45 34 27 5 29 49 1 39 24 19
Coste: 48935

GENERACION: 620
Mejor Solucion:  47 4 35 32 33 30 22 18 8 6 0 16 3 36 42 37 2 7 11 26 21 44 9 43 48 38 23 46 12 25 13 28 20 41 15 40 31 14 10 17 45 34 27 5 29 49 1 39 24 19
Coste: 48935

GENERACION: 625
Mejor Solucion:  47 4 35 32 33 30 22 18 8 6 0 16 3 36 42 37 2 7 11 26 21 44 9 43 48 38 23 46 12 25 13 28 20 41 15 40 31 14 10 17 45 34 27 5 29 49 1 39 24 19
Coste: 48935

GENERACION: 630
Mejor Solucion:  47 4 35 32 33 30 22 18 8 6 0 16 3 36 42 37 2 7 11 26 21 44 9 43 48 38 23 46 12 25 13 28 20 41 15 40 31 14 10 17 45 34 27 5 29 49 1 39 24 19
Coste: 48935

GENERACION: 635
Mejor Solucion:  47 4 35 32 33 30 22 18 8 6 0 16 3 36 42 37 2 7 11 26 21 44 9 43 48 38 23 46 12 25 13 28 20 41 15 40 31 14 10 17 45 34 27 5 29 49 1 39 24 19
Coste: 48935

GENERACION: 640
Mejor Solucion:  47 4 35 32 33 30 22 18 8 6 0 16 3 36 42 37 2 7 11 26 21 44 9 43 48 38 23 46 12 25 13 28 20 41 15 40 31 14 10 17 45 34 27 5 29 49 1 39 24 19
Coste: 48935

GENERACION: 645
Mejor Solucion:  47 4 35 32 33 30 22 18 8 6 0 16 3 36 42 37 2 7 11 26 21 44 9 43 48 38 23 46 12 25 13 28 20 41 15 40 31 14 10 17 45 34 27 5 29 49 1 39 24 19
Coste: 48935

GENERACION: 650
Mejor Solucion:  47 4 35 32 33 30 22 18 8 6 0 16 3 36 42 37 2 7 11 26 21 44 9 43 48 38 23 46 12 25 13 28 20 41 15 40 31 14 10 17 45 34 27 5 29 49 1 39 24 19
Coste: 48935

GENERACION: 655
Mejor Solucion:  47 4 35 32 33 30 22 18 8 6 0 16 3 36 42 37 2 7 11 26 21 44 9 43 48 38 23 46 12 25 13 28 20 41 15 40 31 14 10 17 45 34 27 5 29 49 1 39 24 19
Coste: 48935

GENERACION: 660
Mejor Solucion:  47 4 35 32 33 30 22 18 8 6 0 16 3 36 42 37 2 7 11 26 21 44 9 43 48 38 23 46 12 25 13 28 20 41 15 40 31 14 10 17 45 34 27 5 29 49 1 39 24 19
Coste: 48935

GENERACION: 665
Mejor Solucion:  47 4 35 32 33 30 22 18 8 6 0 16 3 36 42 37 2 7 11 26 21 44 9 43 48 38 23 46 12 25 13 28 20 41 15 40 31 14 10 17 45 34 27 5 29 49 1 39 24 19
Coste: 48935

GENERACION: 670
Mejor Solucion:  47 4 35 32 33 30 22 18 8 6 0 16 3 36 42 37 2 7 11 26 21 44 9 43 48 38 23 46 12 25 13 28 20 41 15 40 31 14 10 17 45 34 27 5 29 49 1 39 24 19
Coste: 48935

GENERACION: 675
Mejor Solucion:  47 4 35 32 33 30 22 18 8 6 0 16 3 36 42 37 2 7 11 26 21 44 9 43 48 38 23 46 12 25 13 28 20 41 15 40 31 14 10 17 45 34 27 5 29 49 1 39 24 19
Coste: 48935

GENERACION: 680
Mejor Solucion:  47 4 35 32 33 30 22 18 8 6 0 16 3 36 42 37 2 7 11 26 21 44 9 43 48 38 23 46 12 25 13 28 20 41 15 40 31 14 10 17 45 34 27 5 29 49 1 39 24 19
Coste: 48935

GENERACION: 685
Mejor Solucion:  47 4 35 32 33 30 22 18 8 6 0 16 3 36 42 37 2 7 11 26 21 44 9 43 48 38 23 46 12 25 13 28 20 41 15 40 31 14 10 17 45 34 27 5 29 49 1 39 24 19
Coste: 48935

GENERACION: 690
Mejor Solucion:  47 4 35 32 33 30 22 18 8 6 0 16 3 36 42 37 2 7 11 26 21 44 9 43 48 38 23 46 12 25 13 28 20 41 15 40 31 14 10 17 45 34 27 5 29 49 1 39 24 19
Coste: 48935

GENERACION: 695
Mejor Solucion:  47 4 35 32 33 30 22 18 8 6 0 16 3 36 42 37 2 7 11 26 21 44 9 43 48 38 23 46 12 25 13 28 20 41 15 40 31 14 10 17 45 34 27 5 29 49 1 39 24 19
Coste: 48935

GENERACION: 700
Mejor Solucion:  47 4 35 32 33 30 22 18 8 6 0 16 3 36 42 37 2 7 11 26 21 44 9 43 48 38 23 46 12 25 13 28 20 41 15 40 31 14 10 17 45 34 27 5 29 49 1 39 24 19
Coste: 48935

GENERACION: 705
Mejor Solucion:  47 4 35 32 33 30 22 18 8 6 0 16 3 36 42 37 2 7 11 26 21 44 9 43 48 38 23 46 12 25 13 28 20 41 15 40 31 14 10 17 45 34 27 5 29 49 1 39 24 19
Coste: 48935

GENERACION: 710
Mejor Solucion:  47 4 35 32 33 30 22 18 8 6 0 16 3 36 42 37 2 7 11 26 21 44 9 43 48 38 23 46 12 25 13 28 20 41 15 40 31 14 10 17 45 34 27 5 29 49 1 39 24 19
Coste: 48935

GENERACION: 715
Mejor Solucion:  47 4 35 32 33 30 22 18 8 6 0 16 3 36 42 37 2 7 11 26 21 44 9 43 48 38 23 46 12 25 13 28 20 41 15 40 31 14 10 17 45 34 27 5 29 49 1 39 24 19
Coste: 48935

GENERACION: 720
Mejor Solucion:  47 4 35 32 33 30 22 18 8 6 0 16 3 36 42 37 2 7 11 26 21 44 9 43 48 38 23 46 12 25 13 28 20 41 15 40 31 14 10 17 45 34 27 5 29 49 1 39 24 19
Coste: 48935

GENERACION: 725
Mejor Solucion:  47 4 35 32 33 30 22 18 8 6 0 16 3 36 42 37 2 7 11 26 21 44 9 43 48 38 23 46 12 25 13 28 20 41 15 40 31 14 10 17 45 34 27 5 29 49 1 39 24 19
Coste: 48935

GENERACION: 730
Mejor Solucion:  47 4 35 32 33 30 22 18 8 6 0 16 3 36 42 37 2 7 11 26 21 44 9 43 48 38 23 46 12 25 13 28 20 41 15 40 31 14 10 17 45 34 27 5 29 49 1 39 24 19
Coste: 48935

GENERACION: 735
Mejor Solucion:  47 4 35 32 33 30 22 18 8 6 0 16 3 36 42 37 2 7 11 26 21 44 9 43 48 38 23 46 12 25 13 28 20 41 15 40 31 14 10 17 45 34 27 5 29 49 1 39 24 19
Coste: 48935

GENERACION: 740
Mejor Solucion:  47 4 35 32 33 30 22 18 8 6 0 16 3 36 42 37 2 7 11 26 21 44 9 43 48 38 23 46 12 25 13 28 20 41 15 40 31 14 10 17 45 34 27 5 29 49 1 39 24 19
Coste: 48935

GENERACION: 745
Mejor Solucion:  47 4 35 32 33 30 22 18 8 6 0 16 3 36 42 37 2 7 11 26 21 44 9 43 48 38 23 46 12 25 13 28 20 41 15 40 31 14 10 17 45 34 27 5 29 49 1 39 24 19
Coste: 48935

GENERACION: 750
Mejor Solucion:  47 4 35 32 33 30 22 18 8 6 0 16 3 36 42 37 2 7 11 26 21 44 9 43 48 38 23 46 12 25 13 28 20 41 15 40 31 14 10 17 45 34 27 5 29 49 1 39 24 19
Coste: 48935

GENERACION: 755
Mejor Solucion:  47 4 35 32 33 30 22 18 8 6 0 16 3 36 42 37 2 7 11 26 21 44 9 43 48 38 23 46 12 25 13 28 20 41 15 40 31 14 10 17 45 34 27 5 29 49 1 39 24 19
Coste: 48935

GENERACION: 760
Mejor Solucion:  47 4 35 32 33 30 22 18 8 6 0 16 3 36 42 37 2 7 11 26 21 44 9 43 48 38 23 46 12 25 13 28 20 41 15 40 31 14 10 17 45 34 27 5 29 49 1 39 24 19
Coste: 48935

GENERACION: 765
Mejor Solucion:  47 4 35 32 33 30 22 18 8 6 0 16 3 36 42 37 2 7 11 26 21 44 9 43 48 38 23 46 12 25 13 28 20 41 15 40 31 14 10 17 45 34 27 5 29 49 1 39 24 19
Coste: 48935

GENERACION: 770
Mejor Solucion:  47 4 35 32 33 30 22 18 8 6 0 16 3 36 42 37 2 7 11 26 21 44 9 43 48 38 23 46 12 25 13 28 20 41 15 40 31 14 10 17 45 34 27 5 29 49 1 39 24 19
Coste: 48935

GENERACION: 775
Mejor Solucion:  47 4 35 32 33 30 22 18 8 6 0 16 3 36 42 37 2 7 11 26 21 44 9 43 48 38 23 46 12 25 13 28 20 41 15 40 31 14 10 17 45 34 27 5 29 49 1 39 24 19
Coste: 48935

GENERACION: 780
Mejor Solucion:  47 4 35 32 33 30 22 18 8 6 0 16 3 36 42 37 2 7 11 26 21 44 9 43 48 38 23 46 12 25 13 28 20 41 15 40 31 14 10 17 45 34 27 5 29 49 1 39 24 19
Coste: 48935

GENERACION: 785
Mejor Solucion:  47 4 35 32 33 30 22 18 8 6 0 16 3 36 42 37 2 7 11 26 21 44 9 43 48 38 23 46 12 25 13 28 20 41 15 40 31 14 10 17 45 34 27 5 29 49 1 39 24 19
Coste: 48935

GENERACION: 790
Mejor Solucion:  47 4 35 32 33 30 22 18 8 6 0 16 3 36 42 37 2 7 11 26 21 44 9 43 48 38 23 46 12 25 13 28 20 41 15 40 31 14 10 17 45 34 27 5 29 49 1 39 24 19
Coste: 48935

GENERACION: 795
Mejor Solucion:  47 4 35 32 33 30 22 18 8 6 0 16 3 36 42 37 2 7 11 26 21 44 9 43 48 38 23 46 12 25 13 28 20 41 15 40 31 14 10 17 45 34 27 5 29 49 1 39 24 19
Coste: 48935

GENERACION: 800
Mejor Solucion:  47 4 35 32 33 30 22 18 8 6 0 16 3 36 42 37 2 7 11 26 21 44 9 43 48 38 23 46 12 25 13 28 20 41 15 40 31 14 10 17 45 34 27 5 29 49 1 39 24 19
Coste: 48935

GENERACION: 805
Mejor Solucion:  47 4 35 32 33 30 22 18 8 6 0 16 3 36 42 37 2 7 11 26 21 44 9 43 48 38 23 46 12 25 13 28 20 41 15 40 31 14 10 17 45 34 27 5 29 49 1 39 24 19
Coste: 48935

GENERACION: 810
Mejor Solucion:  47 4 35 32 33 30 22 18 8 6 0 16 3 36 42 37 2 7 11 26 21 44 9 43 48 38 23 46 12 25 13 28 20 41 15 40 31 14 10 17 45 34 27 5 29 49 1 39 24 19
Coste: 48935

GENERACION: 815
Mejor Solucion:  47 4 35 32 33 30 22 18 8 6 0 16 3 36 42 37 2 7 11 26 21 44 9 43 48 38 23 46 12 25 13 28 20 41 15 40 31 14 10 17 45 34 27 5 29 49 1 39 24 19
Coste: 48935

GENERACION: 820
Mejor Solucion:  47 4 35 32 33 30 22 18 8 6 0 16 3 36 42 37 2 7 11 26 21 44 9 43 48 38 23 46 12 25 13 28 20 41 15 40 31 14 10 17 45 34 27 5 29 49 1 39 24 19
Coste: 48935

GENERACION: 825
Mejor Solucion:  47 4 35 32 33 30 22 18 8 6 0 16 3 36 42 37 2 7 11 26 21 44 9 43 48 38 23 46 12 25 13 28 20 41 15 40 31 14 10 17 45 34 27 5 29 49 1 39 24 19
Coste: 48935

GENERACION: 830
Mejor Solucion:  47 4 35 32 33 30 22 18 8 6 0 16 3 36 42 37 2 7 11 26 21 44 9 43 48 38 23 46 12 25 13 28 20 41 15 40 31 14 10 17 45 34 27 5 29 49 1 39 24 19
Coste: 48935

GENERACION: 835
Mejor Solucion:  47 4 35 32 33 30 22 18 8 6 0 16 3 36 42 37 2 7 11 26 21 44 9 43 48 38 23 46 12 25 13 28 20 41 15 40 31 14 10 17 45 34 27 5 29 49 1 39 24 19
Coste: 48935

GENERACION: 840
Mejor Solucion:  21 34 9 5 43 30 49 39 12 25 13 28 29 15 37 40 31 46 1 24 0 4 20 44 38 2 23 10 11 26 47 27 3 32 42 48 22 7 8 6 45 16 41 35 36 33 18 14 17 19
Coste: 48929

GENERACION: 845
Mejor Solucion:  21 34 9 5 43 30 49 39 12 25 13 28 29 15 37 40 31 46 1 24 0 4 20 44 38 2 23 10 11 26 47 27 3 32 42 48 22 7 8 6 45 16 41 35 36 33 18 14 17 19
Coste: 48929

GENERACION: 850
Mejor Solucion:  21 34 9 5 43 30 49 39 12 25 13 28 29 15 37 40 31 46 1 24 0 4 20 44 38 2 23 10 11 26 47 27 3 32 42 48 22 7 8 6 45 16 41 35 36 33 18 14 17 19
Coste: 48922

GENERACION: 855
Mejor Solucion:  21 34 9 5 43 30 49 39 12 25 13 28 29 15 37 40 31 46 1 24 0 4 20 44 38 2 23 10 11 26 47 27 3 32 42 48 22 7 8 6 45 16 41 35 36 33 18 14 17 19
Coste: 48922

GENERACION: 860
Mejor Solucion:  21 34 9 5 43 30 49 39 12 25 13 28 29 15 37 40 31 46 1 24 0 4 20 44 38 2 23 10 11 26 47 27 3 32 42 48 22 7 8 6 45 16 41 35 36 33 18 14 17 19
Coste: 48922

GENERACION: 865
Mejor Solucion:  21 34 9 5 43 30 49 39 12 25 13 28 29 15 37 40 31 46 1 24 0 4 20 44 38 2 23 10 11 26 47 27 3 32 42 48 22 7 8 6 45 16 41 35 36 33 18 14 17 19
Coste: 48922

GENERACION: 870
Mejor Solucion:  21 34 9 5 43 30 49 39 12 25 13 28 29 15 37 40 31 46 1 24 0 4 20 44 38 2 23 10 11 26 47 27 3 32 42 48 22 7 8 6 45 16 41 35 36 33 18 14 17 19
Coste: 48922

GENERACION: 875
Mejor Solucion:  21 34 9 5 43 30 49 39 12 25 13 28 29 15 37 40 31 46 1 24 0 4 20 44 38 2 23 10 11 26 47 27 3 32 42 48 22 7 8 6 45 16 41 35 36 33 18 14 17 19
Coste: 48922

GENERACION: 880
Mejor Solucion:  21 34 9 5 43 30 49 39 12 25 13 28 29 15 37 40 31 46 1 24 0 4 20 44 38 2 23 10 11 26 47 27 3 32 42 48 22 7 8 6 45 16 41 35 36 33 18 14 17 19
Coste: 48922

GENERACION: 885
Mejor Solucion:  21 34 9 5 43 30 49 39 12 25 13 28 29 15 37 40 31 46 1 24 0 4 20 44 38 2 23 10 11 26 47 27 3 32 42 48 22 7 8 6 45 16 41 35 36 33 18 14 17 19
Coste: 48922

GENERACION: 890
Mejor Solucion:  21 34 9 5 43 30 49 39 12 25 13 28 29 15 37 40 31 46 1 24 0 4 20 44 38 2 23 10 11 26 47 27 3 32 42 48 22 7 8 6 45 16 41 35 36 33 18 14 17 19
Coste: 48922

GENERACION: 895
Mejor Solucion:  21 34 9 5 43 30 49 39 12 25 13 28 29 15 37 40 31 46 1 24 0 4 20 44 38 2 23 10 11 26 47 27 3 32 42 48 22 7 8 6 45 16 41 35 36 33 18 14 17 19
Coste: 48922

GENERACION: 900
Mejor Solucion:  21 34 9 5 43 30 49 39 12 25 13 28 29 15 37 40 31 46 1 24 0 4 20 44 38 2 23 10 11 26 47 27 3 32 42 48 22 7 8 6 45 16 41 35 36 33 18 14 17 19
Coste: 48922

GENERACION: 905
Mejor Solucion:  21 34 9 5 43 30 49 39 12 25 13 28 29 15 37 40 31 46 1 24 0 4 20 44 38 2 23 10 11 26 47 27 3 32 42 48 22 7 8 6 45 16 41 35 36 33 18 14 17 19
Coste: 48922

GENERACION: 910
Mejor Solucion:  21 34 9 5 43 30 49 39 12 25 13 28 29 15 37 40 31 46 1 24 0 4 20 44 38 2 23 10 11 26 47 27 3 32 42 48 22 7 8 6 45 16 41 35 36 33 18 14 17 19
Coste: 48922

GENERACION: 915
Mejor Solucion:  21 34 9 5 43 30 49 39 12 25 13 28 29 15 37 40 31 46 1 24 0 4 20 44 38 2 23 10 11 26 47 27 3 32 42 48 22 7 8 6 45 16 41 35 36 33 18 14 17 19
Coste: 48922

GENERACION: 920
Mejor Solucion:  21 34 9 5 43 30 49 39 12 25 13 28 29 15 37 40 31 46 1 24 0 4 20 44 38 2 23 10 11 26 47 27 3 32 42 48 22 7 8 6 45 16 41 35 36 33 18 14 17 19
Coste: 48922

GENERACION: 925
Mejor Solucion:  21 34 9 5 43 30 49 39 12 25 13 28 29 15 37 40 31 46 1 24 0 4 20 44 38 2 23 10 11 26 47 27 3 32 42 48 22 7 8 6 45 16 41 35 36 33 18 14 17 19
Coste: 48922

GENERACION: 930
Mejor Solucion:  21 34 9 5 43 30 49 39 12 25 13 28 29 15 37 40 31 46 1 24 0 4 20 44 38 2 23 10 11 26 47 27 3 32 42 48 22 7 8 6 45 16 41 35 36 33 18 14 17 19
Coste: 48922

GENERACION: 935
Mejor Solucion:  21 34 9 5 43 30 49 39 12 25 13 28 29 15 37 40 31 46 1 24 0 4 20 44 38 2 23 10 11 26 47 27 3 32 42 48 22 7 8 6 45 16 41 35 36 33 18 14 17 19
Coste: 48922

GENERACION: 940
Mejor Solucion:  21 34 9 5 43 30 49 39 12 25 13 28 29 15 37 40 31 46 1 24 0 4 20 44 38 2 23 10 11 26 47 27 3 32 42 48 22 7 8 6 45 16 41 35 36 33 18 14 17 19
Coste: 48922

GENERACION: 945
Mejor Solucion:  21 34 9 5 43 30 49 39 12 25 13 28 29 15 37 40 31 46 1 24 0 4 20 44 38 2 23 10 11 26 47 27 3 32 42 48 22 7 8 6 45 16 41 35 36 33 18 14 17 19
Coste: 48922

GENERACION: 950
Mejor Solucion:  21 34 9 5 43 30 49 39 12 25 13 28 29 15 37 40 31 46 1 24 0 4 20 44 38 2 23 10 11 26 47 27 3 32 42 48 22 7 8 6 45 16 41 35 36 33 18 14 17 19
Coste: 48922

GENERACION: 955
Mejor Solucion:  21 34 9 5 43 30 49 39 12 25 13 28 29 15 37 40 31 46 1 24 0 4 20 44 38 2 23 10 11 26 47 27 3 32 42 48 22 7 8 6 45 16 41 35 36 33 18 14 17 19
Coste: 48922

GENERACION: 960
Mejor Solucion:  21 34 9 5 43 30 49 39 12 25 13 28 29 15 37 40 31 46 1 24 0 4 20 44 38 2 23 10 11 26 47 27 3 32 42 48 22 7 8 6 45 16 41 35 36 33 18 14 17 19
Coste: 48922

GENERACION: 965
Mejor Solucion:  21 34 9 5 43 30 49 39 12 25 13 28 29 15 37 40 31 46 1 24 0 4 20 44 38 2 23 10 11 26 47 27 3 32 42 48 22 7 8 6 45 16 41 35 36 33 18 14 17 19
Coste: 48922

GENERACION: 970
Mejor Solucion:  21 34 9 5 43 30 49 39 12 25 13 28 29 15 37 40 31 46 1 24 0 4 20 44 38 2 23 10 11 26 47 27 3 32 42 48 22 7 8 6 45 16 41 35 36 33 18 14 17 19
Coste: 48922

GENERACION: 975
Mejor Solucion:  21 34 9 5 43 30 49 39 12 25 13 28 29 15 37 40 31 46 1 24 0 4 20 44 38 2 23 10 11 26 47 27 3 32 42 48 22 7 8 6 45 16 41 35 36 33 18 14 17 19
Coste: 48922

GENERACION: 980
Mejor Solucion:  21 34 9 5 43 30 49 39 12 25 13 28 29 15 37 40 31 46 1 24 0 4 20 44 38 2 23 10 11 26 47 27 3 32 42 48 22 7 8 6 45 16 41 35 36 33 18 14 17 19
Coste: 48922

GENERACION: 985
Mejor Solucion:  21 34 9 5 43 30 49 39 12 25 13 28 29 15 37 40 31 46 1 24 0 4 20 44 38 2 23 10 11 26 47 27 3 32 42 48 22 7 8 6 45 16 41 35 36 33 18 14 17 19
Coste: 48922

GENERACION: 990
Mejor Solucion:  21 34 9 5 43 30 49 39 12 25 13 28 29 15 37 40 31 46 1 24 0 4 20 44 38 2 23 10 11 26 47 27 3 32 42 48 22 7 8 6 45 16 41 35 36 33 18 14 17 19
Coste: 48922

GENERACION: 995
Mejor Solucion:  21 34 9 5 43 30 49 39 12 25 13 28 29 15 37 40 31 46 1 24 0 4 20 44 38 2 23 10 11 26 47 27 3 32 42 48 22 7 8 6 45 16 41 35 36 33 18 14 17 19
Coste: 48922

GENERACION: 1000
Mejor Solucion:  21 34 9 5 43 30 49 39 12 25 13 28 29 15 37 40 31 46 1 24 0 4 20 44 38 2 23 10 11 26 47 27 3 32 42 48 22 7 8 6 45 16 41 35 36 33 18 14 17 19
Coste: 48922

