GENERACION: 5
Mejor Solucion:  48 39 31 19 18 26 28 24 38 10 27 12 41 1 49 42 16 35 9 7 45 5 23 4 36 44 40 17 14 46 33 37 22 43 13 25 6 34 30 47 20 0 2 29 32 15 3 11 8 21
Coste: 54700

GENERACION: 10
Mejor Solucion:  12 1 5 15 35 49 20 27 28 45 6 22 44 48 38 17 41 29 34 25 39 23 43 4 40 31 10 9 24 13 7 11 2 46 37 3 42 30 47 21 26 32 18 8 36 14 33 16 19 0
Coste: 52336

GENERACION: 15
Mejor Solucion:  12 1 5 15 35 49 20 27 28 45 6 22 44 48 38 17 41 29 34 25 39 23 43 4 40 31 10 9 24 13 7 11 2 46 37 3 42 30 47 21 26 32 18 8 36 14 33 16 19 0
Coste: 52336

GENERACION: 20
Mejor Solucion:  32 3 16 7 18 33 42 19 6 26 44 37 36 23 38 35 22 14 11 17 4 43 2 46 48 40 1 10 24 8 13 20 5 15 12 9 31 30 49 25 45 21 34 41 27 29 28 39 47 0
Coste: 50364

GENERACION: 25
Mejor Solucion:  32 3 16 7 18 33 42 19 6 26 44 37 36 23 38 35 22 14 11 17 4 43 2 46 48 40 1 10 24 8 13 20 5 15 12 9 31 30 49 25 45 21 34 39 27 29 28 41 47 0
Coste: 49692

GENERACION: 30
Mejor Solucion:  32 3 16 33 7 18 42 19 6 26 41 23 36 48 38 46 35 14 11 17 4 44 43 37 2 40 1 10 22 8 13 20 27 5 12 39 49 31 24 25 45 21 34 9 15 29 28 30 47 0
Coste: 49507

GENERACION: 35
Mejor Solucion:  32 3 16 33 7 18 42 19 6 26 41 23 36 48 38 46 35 14 11 17 4 44 43 37 2 40 1 10 22 8 13 20 27 5 12 39 49 31 24 25 45 21 34 9 15 29 28 30 47 0
Coste: 49507

GENERACION: 40
Mejor Solucion:  32 3 16 36 7 37 23 18 19 26 4 33 44 38 48 46 2 14 6 17 20 41 35 42 43 22 40 10 11 8 13 27 28 5 12 1 49 39 24 25 45 21 34 9 15 29 31 30 47 0
Coste: 49406

GENERACION: 45
Mejor Solucion:  32 3 16 36 7 37 23 18 19 26 4 33 44 38 48 46 2 14 6 17 20 41 35 42 43 22 40 10 11 8 13 27 28 5 12 1 49 39 24 25 45 21 34 9 15 29 31 30 47 0
Coste: 49292

GENERACION: 50
Mejor Solucion:  32 3 16 36 7 37 23 18 19 26 33 4 44 38 48 46 2 14 6 17 41 20 35 42 43 22 40 10 11 8 13 27 28 5 12 1 49 31 24 25 45 21 34 9 15 29 30 39 47 0
Coste: 49285

GENERACION: 55
Mejor Solucion:  32 3 16 36 7 37 23 18 19 26 33 4 44 38 48 46 2 14 6 17 41 20 35 42 43 22 40 10 11 8 13 27 28 5 12 1 49 31 24 25 45 21 34 9 15 29 30 39 47 0
Coste: 49285

GENERACION: 60
Mejor Solucion:  32 3 16 36 7 37 23 18 19 26 33 4 44 38 48 46 2 14 6 17 41 20 35 42 43 22 40 10 11 8 13 27 28 5 12 1 49 31 24 25 45 21 34 9 15 29 30 39 47 0
Coste: 49285

GENERACION: 65
Mejor Solucion:  32 3 16 36 7 37 23 18 19 26 33 4 44 38 48 46 2 14 6 17 41 20 35 42 43 22 40 10 11 8 13 27 28 5 12 1 49 31 24 25 45 21 34 9 15 29 30 39 47 0
Coste: 49285

GENERACION: 70
Mejor Solucion:  32 3 16 36 7 37 23 18 19 26 33 4 44 38 48 46 2 14 6 17 41 20 35 42 43 22 40 10 11 8 13 27 28 5 12 1 49 31 24 25 45 21 34 9 15 29 30 39 47 0
Coste: 49285

GENERACION: 75
Mejor Solucion:  32 3 16 36 7 37 23 18 19 26 33 4 44 38 48 46 2 14 6 17 41 20 35 42 43 22 40 10 11 8 13 27 28 5 12 1 49 31 24 25 45 21 34 9 15 29 30 39 47 0
Coste: 49285

GENERACION: 80
Mejor Solucion:  32 3 16 36 7 37 23 18 19 26 33 4 44 38 48 46 2 14 6 17 41 20 35 42 43 22 40 10 11 8 13 27 28 5 12 1 49 31 24 25 45 21 34 9 15 29 30 39 47 0
Coste: 49285

GENERACION: 85
Mejor Solucion:  32 3 16 36 7 37 23 18 19 26 33 4 44 38 48 46 2 14 6 17 41 20 35 42 43 22 40 10 11 8 13 27 28 5 12 1 49 31 24 25 45 21 34 9 15 29 30 39 47 0
Coste: 49285

GENERACION: 90
Mejor Solucion:  32 16 3 44 37 7 23 18 19 26 33 36 4 43 38 2 10 46 11 6 41 20 35 42 48 22 40 14 8 17 13 27 28 9 5 15 31 49 1 12 45 21 47 34 29 0 30 39 24 25
Coste: 49138

GENERACION: 95
Mejor Solucion:  32 16 3 44 37 7 23 18 19 26 33 36 4 43 38 2 10 46 11 6 41 20 35 42 48 22 40 14 8 17 13 27 28 9 5 15 31 49 1 12 45 21 47 34 29 0 30 39 24 25
Coste: 49084

GENERACION: 100
Mejor Solucion:  32 16 3 44 37 7 23 18 19 26 33 36 4 43 38 2 10 46 11 6 41 20 35 42 48 22 40 14 8 17 13 27 28 9 5 15 31 49 1 12 45 21 47 34 29 0 30 39 24 25
Coste: 49084

GENERACION: 105
Mejor Solucion:  32 16 3 44 37 7 23 18 19 26 33 36 4 43 38 2 10 46 11 6 41 20 35 42 48 22 40 14 8 17 13 27 28 9 5 15 31 49 1 12 45 21 47 34 29 0 30 39 24 25
Coste: 49084

GENERACION: 110
Mejor Solucion:  32 3 4 38 7 2 23 46 11 26 33 36 16 44 37 43 18 10 19 6 41 20 35 42 48 22 40 14 8 17 13 27 28 9 5 15 31 49 1 12 45 21 47 34 29 0 30 39 24 25
Coste: 49081

GENERACION: 115
Mejor Solucion:  32 3 4 38 7 2 23 46 11 26 33 36 16 44 37 43 18 10 19 6 41 20 35 42 48 22 40 14 8 17 13 27 28 9 5 15 31 49 1 12 45 21 47 34 29 0 30 39 24 25
Coste: 49081

GENERACION: 120
Mejor Solucion:  32 3 4 38 7 2 23 46 11 26 33 36 16 44 37 43 18 10 19 6 41 20 35 42 48 22 40 14 8 17 13 27 28 9 5 15 31 49 1 12 45 21 47 34 29 0 30 39 24 25
Coste: 49081

GENERACION: 125
Mejor Solucion:  32 3 4 38 7 2 23 46 11 26 33 36 16 44 37 43 18 10 19 6 41 20 35 42 48 22 40 14 8 17 13 27 28 9 5 15 31 49 1 12 45 21 47 34 29 0 30 39 24 25
Coste: 49081

GENERACION: 130
Mejor Solucion:  32 3 4 38 7 2 23 46 11 26 33 36 16 44 37 43 18 10 19 6 41 20 35 42 48 22 40 14 8 17 13 27 28 9 5 15 31 49 1 12 45 21 47 34 29 0 30 39 24 25
Coste: 49081

GENERACION: 135
Mejor Solucion:  32 3 4 38 7 2 23 46 11 26 33 36 16 44 37 43 18 10 19 6 41 20 35 42 48 22 40 14 8 17 13 27 28 9 5 15 31 49 1 12 45 21 47 34 29 0 30 39 24 25
Coste: 49081

GENERACION: 140
Mejor Solucion:  32 3 4 38 7 2 23 46 11 26 33 36 16 44 37 43 18 10 19 6 41 20 35 42 48 22 40 14 8 17 13 27 28 9 5 15 31 49 1 12 45 21 47 34 29 0 30 39 24 25
Coste: 49081

GENERACION: 145
Mejor Solucion:  32 3 4 38 7 2 23 46 11 26 33 36 16 44 37 43 18 10 19 6 41 20 35 42 48 22 40 14 8 17 13 27 28 9 5 15 31 49 1 12 45 21 47 34 29 0 30 39 24 25
Coste: 49081

GENERACION: 150
Mejor Solucion:  32 3 4 38 7 2 23 46 11 26 33 36 16 44 37 43 18 10 19 6 41 20 35 42 48 22 40 14 8 17 13 27 28 9 5 15 31 49 1 12 45 21 47 34 29 0 30 39 24 25
Coste: 49081

GENERACION: 155
Mejor Solucion:  32 3 4 38 7 2 23 46 11 26 33 36 16 44 37 43 18 10 19 6 41 20 35 42 48 22 40 14 8 17 13 27 28 9 5 15 31 49 1 12 45 21 47 34 29 0 30 39 24 25
Coste: 49081

GENERACION: 160
Mejor Solucion:  32 3 4 38 7 2 23 46 11 26 33 36 16 44 37 43 18 10 19 6 41 20 35 42 48 22 40 14 8 17 13 27 28 9 5 15 31 49 1 12 45 21 47 34 29 0 30 39 24 25
Coste: 49081

GENERACION: 165
Mejor Solucion:  32 3 4 38 7 2 23 46 11 26 33 36 16 44 37 43 18 10 19 6 41 20 35 42 48 22 40 14 8 17 13 27 28 9 5 15 31 49 1 12 45 21 47 34 29 0 30 39 24 25
Coste: 49081

GENERACION: 170
Mejor Solucion:  32 3 4 38 7 2 23 46 11 26 33 36 16 44 37 43 18 10 19 6 41 20 35 42 48 22 40 14 8 17 13 27 28 9 5 15 31 49 1 12 45 21 47 34 29 0 30 39 24 25
Coste: 49081

GENERACION: 175
Mejor Solucion:  32 3 4 38 7 2 23 46 11 26 33 36 16 44 37 43 18 10 19 6 41 20 35 42 48 22 40 14 8 17 13 27 28 9 5 15 31 49 1 12 45 21 47 34 29 0 30 39 24 25
Coste: 49081

GENERACION: 180
Mejor Solucion:  32 3 4 38 7 2 23 46 11 26 33 36 16 44 37 43 18 10 19 6 41 20 35 42 48 22 40 14 8 17 13 27 28 9 5 15 31 49 1 12 45 21 47 34 29 0 30 39 24 25
Coste: 49081

GENERACION: 185
Mejor Solucion:  32 3 4 38 7 2 23 46 11 26 33 36 16 44 37 43 18 10 19 6 41 20 35 42 48 22 40 14 8 17 13 27 28 9 5 15 31 49 1 12 45 21 47 34 29 0 30 39 24 25
Coste: 49081

GENERACION: 190
Mejor Solucion:  32 3 4 38 7 2 23 46 11 26 33 36 16 44 37 43 18 10 19 6 41 20 35 42 48 22 40 14 8 17 13 27 28 9 5 15 31 49 1 12 45 21 47 34 29 0 30 39 24 25
Coste: 49081

GENERACION: 195
Mejor Solucion:  32 3 4 38 7 2 23 46 11 26 33 36 16 44 37 43 18 10 19 6 41 20 35 42 48 22 40 14 8 17 13 27 28 9 5 15 31 49 1 12 45 21 47 34 29 0 30 39 24 25
Coste: 49081

GENERACION: 200
Mejor Solucion:  47 16 33 32 35 7 18 14 8 26 0 4 3 36 48 38 2 46 17 6 45 27 41 44 42 22 23 10 11 19 13 28 20 5 15 40 31 49 1 12 21 34 9 43 29 37 30 39 24 25
Coste: 49045

GENERACION: 205
Mejor Solucion:  47 16 33 32 35 7 18 14 8 26 0 4 3 36 48 38 2 46 17 6 45 27 41 44 42 22 23 10 11 19 13 28 20 5 15 40 31 49 1 12 21 34 9 43 29 37 30 39 24 25
Coste: 49045

GENERACION: 210
Mejor Solucion:  47 16 33 32 35 7 18 14 8 26 0 4 3 36 48 38 2 46 17 6 45 27 41 44 42 22 23 10 11 19 13 28 20 5 15 40 31 49 1 12 21 34 9 43 29 37 30 39 24 25
Coste: 49045

GENERACION: 215
Mejor Solucion:  47 16 33 32 35 7 18 14 8 26 0 4 3 36 48 38 2 46 17 6 45 27 41 44 42 22 23 10 11 19 13 28 20 5 15 40 31 49 1 12 21 34 9 43 29 37 30 39 24 25
Coste: 49045

GENERACION: 220
Mejor Solucion:  47 16 33 32 35 7 18 14 8 26 0 4 3 36 48 38 2 46 17 6 45 27 41 44 42 22 23 10 11 19 13 28 20 5 15 40 31 49 1 12 21 34 9 43 29 37 30 39 24 25
Coste: 49045

GENERACION: 225
Mejor Solucion:  47 16 33 32 35 7 18 14 8 26 0 4 3 36 48 38 2 46 17 6 45 27 41 44 42 22 23 10 11 19 13 28 20 5 15 40 31 49 1 12 21 34 9 43 29 37 30 39 24 25
Coste: 49045

GENERACION: 230
Mejor Solucion:  47 16 33 32 35 7 18 14 8 26 0 4 3 36 48 38 2 46 17 6 45 27 41 44 42 22 23 10 11 19 13 28 20 5 15 40 31 49 1 12 21 34 9 43 29 37 30 39 24 25
Coste: 49045

GENERACION: 235
Mejor Solucion:  47 16 33 32 35 7 18 14 8 26 0 4 3 36 48 38 2 46 17 6 45 27 41 44 42 22 23 10 11 19 13 28 20 5 15 40 31 49 1 12 21 34 9 43 29 37 30 39 24 25
Coste: 49045

GENERACION: 240
Mejor Solucion:  16 33 35 42 36 32 18 7 6 19 41 27 3 38 48 23 46 14 17 26 0 47 4 44 30 22 2 10 8 11 45 28 20 29 37 40 31 49 1 24 21 34 9 13 15 43 5 39 12 25
Coste: 49032

GENERACION: 245
Mejor Solucion:  16 33 35 42 36 32 18 7 6 19 41 27 3 38 48 23 46 14 17 26 0 47 4 44 30 22 2 10 8 11 45 28 20 29 37 40 31 49 1 24 21 34 9 13 15 43 5 39 12 25
Coste: 49032

GENERACION: 250
Mejor Solucion:  16 33 35 36 32 7 18 14 6 19 41 27 3 42 48 38 23 46 17 26 0 47 4 30 44 22 2 10 8 11 45 28 20 29 37 40 31 49 1 24 21 13 9 34 15 43 5 39 12 25
Coste: 48960

GENERACION: 255
Mejor Solucion:  16 33 35 36 32 7 18 14 6 19 41 27 3 42 48 38 23 46 17 26 0 47 4 30 44 22 2 10 8 11 45 28 20 29 37 40 31 49 1 24 21 13 9 34 15 43 5 39 12 25
Coste: 48960

GENERACION: 260
Mejor Solucion:  16 33 35 36 32 7 18 14 6 19 41 27 3 42 48 38 23 46 17 26 0 47 4 30 44 22 2 10 8 11 45 28 20 29 37 40 31 49 1 24 21 13 9 34 15 43 5 39 12 25
Coste: 48960

GENERACION: 265
Mejor Solucion:  16 33 35 36 32 7 18 14 6 19 41 27 3 42 48 38 23 46 17 26 0 47 4 30 44 22 2 10 8 11 45 28 20 29 37 40 31 49 1 24 21 13 9 34 15 43 5 39 12 25
Coste: 48960

GENERACION: 270
Mejor Solucion:  16 33 35 36 32 7 18 14 6 19 41 27 3 42 48 38 23 46 17 26 0 47 4 30 44 22 2 10 8 11 45 28 20 29 37 40 31 49 1 24 21 13 9 34 15 43 5 39 12 25
Coste: 48960

GENERACION: 275
Mejor Solucion:  16 33 35 36 32 7 18 14 6 19 41 27 3 42 48 38 23 46 17 26 0 47 4 30 44 22 2 10 8 11 45 28 20 29 37 40 31 49 1 24 21 13 9 34 15 43 5 39 12 25
Coste: 48960

GENERACION: 280
Mejor Solucion:  16 33 35 36 32 7 18 14 6 19 41 27 3 42 48 38 23 46 17 26 0 47 4 30 44 22 2 10 8 11 45 28 20 29 37 40 31 49 1 24 21 13 9 34 15 43 5 39 12 25
Coste: 48960

GENERACION: 285
Mejor Solucion:  16 33 35 36 32 7 18 14 6 19 41 27 3 42 48 38 23 46 17 26 0 47 4 30 44 22 2 10 8 11 45 28 20 29 37 40 31 49 1 24 21 13 9 34 15 43 5 39 12 25
Coste: 48960

GENERACION: 290
Mejor Solucion:  16 33 35 36 32 7 18 14 6 19 41 27 3 42 48 38 23 46 17 26 0 47 4 30 44 22 2 10 8 11 45 28 20 29 37 40 31 49 1 24 21 13 9 34 15 43 5 39 12 25
Coste: 48960

GENERACION: 295
Mejor Solucion:  16 33 35 36 32 7 18 14 6 19 41 27 3 42 48 38 23 46 17 26 0 47 4 30 44 22 2 10 8 11 45 28 20 29 37 40 31 49 1 24 21 13 9 34 15 43 5 39 12 25
Coste: 48960

GENERACION: 300
Mejor Solucion:  16 33 35 36 32 7 18 14 6 19 41 27 3 42 48 38 23 46 17 26 0 47 4 30 44 22 2 10 8 11 45 28 20 29 37 40 31 49 1 24 21 13 9 34 15 43 5 39 12 25
Coste: 48960

GENERACION: 305
Mejor Solucion:  16 33 35 36 32 7 18 14 6 19 41 27 3 42 48 38 23 46 17 26 0 47 4 30 44 22 2 10 8 11 45 28 20 29 37 40 31 49 1 24 21 13 9 34 15 43 5 39 12 25
Coste: 48960

GENERACION: 310
Mejor Solucion:  16 33 35 36 32 7 18 14 6 19 41 27 3 42 48 38 23 46 17 26 0 47 4 30 44 22 2 10 8 11 45 28 20 29 37 40 31 49 1 24 21 13 9 34 15 43 5 39 12 25
Coste: 48960

GENERACION: 315
Mejor Solucion:  16 33 35 36 32 7 18 14 6 19 41 27 3 42 48 38 23 46 17 26 0 47 4 30 44 22 2 10 8 11 45 28 20 29 37 40 31 49 1 24 21 13 9 34 15 43 5 39 12 25
Coste: 48960

GENERACION: 320
Mejor Solucion:  16 33 35 36 32 7 18 14 6 19 41 27 3 42 48 38 23 46 17 26 0 47 4 30 44 22 2 10 8 11 45 28 20 29 37 40 31 49 1 24 21 13 9 34 15 43 5 39 12 25
Coste: 48960

GENERACION: 325
Mejor Solucion:  16 33 35 36 32 7 18 14 6 19 41 27 3 42 48 38 23 46 17 26 0 47 4 30 44 22 2 10 8 11 45 28 20 29 37 40 31 49 1 24 21 13 9 34 15 43 5 39 12 25
Coste: 48960

GENERACION: 330
Mejor Solucion:  16 33 35 36 32 7 18 14 6 19 41 27 3 42 48 38 23 46 17 26 0 47 4 30 44 22 2 10 8 11 45 28 20 29 37 40 31 49 1 24 21 13 9 34 15 43 5 39 12 25
Coste: 48960

GENERACION: 335
Mejor Solucion:  16 33 35 36 32 7 18 14 6 19 41 27 3 42 48 38 23 46 17 26 0 47 4 30 44 22 2 10 8 11 45 28 20 29 37 40 31 49 1 24 21 13 9 34 15 43 5 39 12 25
Coste: 48960

GENERACION: 340
Mejor Solucion:  16 33 35 36 32 7 18 14 6 19 41 27 3 42 48 38 23 46 17 26 0 47 4 30 44 22 2 10 8 11 45 28 20 29 37 40 31 49 1 24 21 13 9 34 15 43 5 39 12 25
Coste: 48960

GENERACION: 345
Mejor Solucion:  16 33 35 36 32 7 18 14 6 19 41 27 3 42 48 38 23 46 17 26 0 47 4 30 44 22 2 10 8 11 45 28 20 29 37 40 31 49 1 24 21 13 9 34 15 43 5 39 12 25
Coste: 48960

GENERACION: 350
Mejor Solucion:  16 33 35 36 32 7 18 14 6 19 41 27 3 42 48 38 23 46 17 26 0 47 4 30 44 22 2 10 8 11 45 28 20 29 37 40 31 49 1 24 21 13 9 34 15 43 5 39 12 25
Coste: 48960

GENERACION: 355
Mejor Solucion:  16 33 35 36 32 7 18 14 6 19 41 27 3 42 48 38 23 46 17 26 0 47 4 30 44 22 2 10 8 11 45 28 20 29 37 40 31 49 1 24 21 13 9 34 15 43 5 39 12 25
Coste: 48960

GENERACION: 360
Mejor Solucion:  16 33 35 36 32 7 18 14 6 19 41 27 3 42 48 38 23 46 17 26 0 47 4 30 44 22 2 10 8 11 45 28 20 29 37 40 31 49 1 24 21 13 9 34 15 43 5 39 12 25
Coste: 48960

GENERACION: 365
Mejor Solucion:  16 33 35 36 32 7 18 14 6 19 41 27 3 42 48 38 23 46 17 26 0 47 4 30 44 22 2 10 8 11 45 28 20 29 37 40 31 49 1 24 21 13 9 34 15 43 5 39 12 25
Coste: 48960

GENERACION: 370
Mejor Solucion:  16 33 35 36 32 7 18 14 6 19 41 27 3 42 48 38 23 46 17 26 0 47 4 30 44 22 2 10 8 11 45 28 20 29 37 40 31 49 1 24 21 13 9 34 15 43 5 39 12 25
Coste: 48960

GENERACION: 375
Mejor Solucion:  16 33 35 36 32 7 18 14 6 19 41 27 3 42 48 38 23 46 17 26 0 47 4 30 44 22 2 10 8 11 45 28 20 29 37 40 31 49 1 24 21 13 9 34 15 43 5 39 12 25
Coste: 48960

GENERACION: 380
Mejor Solucion:  16 33 35 36 32 7 18 14 6 19 41 27 3 42 48 38 23 46 17 26 0 47 4 30 44 22 2 10 8 11 45 28 20 29 37 40 31 49 1 24 21 13 9 34 15 43 5 39 12 25
Coste: 48960

GENERACION: 385
Mejor Solucion:  16 33 35 36 32 7 18 14 6 19 41 27 3 42 48 38 23 46 17 26 0 47 4 30 44 22 2 10 8 11 45 28 20 29 37 40 31 49 1 24 21 13 9 34 15 43 5 39 12 25
Coste: 48960

GENERACION: 390
Mejor Solucion:  16 33 35 36 32 7 18 14 6 19 41 27 3 42 48 38 23 46 17 26 0 47 4 30 44 22 2 10 8 11 45 28 20 29 37 40 31 49 1 24 21 13 9 34 15 43 5 39 12 25
Coste: 48960

GENERACION: 395
Mejor Solucion:  16 33 35 36 32 7 18 14 6 19 41 27 3 42 48 38 23 46 17 26 0 47 4 30 44 22 2 10 8 11 45 28 20 29 37 40 31 49 1 24 21 13 9 34 15 43 5 39 12 25
Coste: 48960

GENERACION: 400
Mejor Solucion:  16 33 35 36 32 7 18 14 6 19 41 27 3 42 48 38 23 46 17 26 0 47 4 30 44 22 2 10 8 11 45 28 20 29 37 40 31 49 1 24 21 13 9 34 15 43 5 39 12 25
Coste: 48960

GENERACION: 405
Mejor Solucion:  16 33 35 36 32 7 18 14 6 19 41 27 3 42 48 38 23 46 17 26 0 47 4 30 44 22 2 10 8 11 45 28 20 29 37 40 31 49 1 24 21 13 9 34 15 43 5 39 12 25
Coste: 48960

GENERACION: 410
Mejor Solucion:  16 33 35 36 32 7 18 14 6 19 41 27 3 42 48 38 23 46 17 26 0 47 4 30 44 22 2 10 8 11 45 28 20 29 37 40 31 49 1 24 21 13 9 34 15 43 5 39 12 25
Coste: 48960

GENERACION: 415
Mejor Solucion:  16 33 35 36 32 7 18 14 6 19 41 27 3 42 48 38 23 46 17 26 0 47 4 30 44 22 2 10 8 11 45 28 20 29 37 40 31 49 1 24 21 13 9 34 15 43 5 39 12 25
Coste: 48960

GENERACION: 420
Mejor Solucion:  16 33 35 36 32 7 18 14 6 19 41 27 3 42 48 38 23 46 17 26 0 47 4 30 44 22 2 10 8 11 45 28 20 29 37 40 31 49 1 24 21 13 9 34 15 43 5 39 12 25
Coste: 48960

GENERACION: 425
Mejor Solucion:  16 33 35 36 32 7 18 14 6 19 41 27 3 42 48 38 23 46 17 26 0 47 4 30 44 22 2 10 8 11 45 28 20 29 37 40 31 49 1 24 21 13 9 34 15 43 5 39 12 25
Coste: 48960

GENERACION: 430
Mejor Solucion:  16 33 35 36 32 7 18 14 6 19 41 27 3 42 48 38 23 46 17 26 0 47 4 30 44 22 2 10 8 11 45 28 20 29 37 40 31 49 1 24 21 13 9 34 15 43 5 39 12 25
Coste: 48960

GENERACION: 435
Mejor Solucion:  16 33 35 36 32 7 18 14 6 19 41 27 3 42 48 38 23 46 17 26 0 47 4 30 44 22 2 10 8 11 45 28 20 29 37 40 31 49 1 24 21 13 9 34 15 43 5 39 12 25
Coste: 48960

GENERACION: 440
Mejor Solucion:  16 33 35 36 32 7 18 14 6 19 41 27 3 42 48 38 23 46 17 26 0 47 4 30 44 22 2 10 8 11 45 28 20 29 37 40 31 49 1 24 21 13 9 34 15 43 5 39 12 25
Coste: 48960

GENERACION: 445
Mejor Solucion:  16 33 35 36 32 7 18 14 6 19 41 27 3 42 48 38 23 46 17 26 0 47 4 30 44 22 2 10 8 11 45 28 20 29 37 40 31 49 1 24 21 13 9 34 15 43 5 39 12 25
Coste: 48960

GENERACION: 450
Mejor Solucion:  16 33 35 36 32 7 18 14 6 19 41 27 3 42 48 38 23 46 17 26 0 47 4 30 44 22 2 10 8 11 45 28 20 29 37 40 31 49 1 24 21 13 9 34 15 43 5 39 12 25
Coste: 48960

GENERACION: 455
Mejor Solucion:  16 33 35 36 32 7 18 14 6 19 41 27 3 42 48 38 23 46 17 26 0 47 4 30 44 22 2 10 8 11 45 28 20 29 37 40 31 49 1 24 21 13 9 34 15 43 5 39 12 25
Coste: 48960

GENERACION: 460
Mejor Solucion:  16 33 35 36 32 7 18 14 6 19 41 27 3 42 48 38 23 46 17 26 0 47 4 30 44 22 2 10 8 11 45 28 20 29 37 40 31 49 1 24 21 13 9 34 15 43 5 39 12 25
Coste: 48960

GENERACION: 465
Mejor Solucion:  16 33 35 36 32 7 18 14 6 19 41 27 3 42 48 38 23 46 17 26 0 47 4 30 44 22 2 10 8 11 45 28 20 29 37 40 31 49 1 24 21 13 9 34 15 43 5 39 12 25
Coste: 48960

GENERACION: 470
Mejor Solucion:  16 33 35 36 32 7 18 14 6 19 41 27 3 42 48 38 23 46 17 26 0 47 4 30 44 22 2 10 8 11 45 28 20 29 37 40 31 49 1 24 21 13 9 34 15 43 5 39 12 25
Coste: 48960

GENERACION: 475
Mejor Solucion:  16 33 35 36 32 7 18 14 6 19 41 27 3 42 48 38 23 46 17 26 0 47 4 30 44 22 2 10 8 11 45 28 20 29 37 40 31 49 1 24 21 13 9 34 15 43 5 39 12 25
Coste: 48960

GENERACION: 480
Mejor Solucion:  16 33 35 36 32 7 18 14 6 19 41 27 3 42 48 38 23 46 17 26 0 47 4 30 44 22 2 10 8 11 45 28 20 29 37 40 31 49 1 24 21 13 9 34 15 43 5 39 12 25
Coste: 48960

GENERACION: 485
Mejor Solucion:  16 33 35 36 32 7 18 14 6 19 41 27 3 42 48 38 23 46 17 26 0 47 4 30 44 22 2 10 8 11 45 28 20 29 37 40 31 49 1 24 21 13 9 34 15 43 5 39 12 25
Coste: 48960

GENERACION: 490
Mejor Solucion:  16 33 35 36 32 7 18 14 6 19 41 27 3 42 48 38 23 46 17 26 0 47 4 30 44 22 2 10 8 11 45 28 20 29 37 40 31 49 1 24 21 13 9 34 15 43 5 39 12 25
Coste: 48960

GENERACION: 495
Mejor Solucion:  16 33 35 36 32 7 18 14 6 19 41 27 3 42 48 38 23 46 17 26 0 47 4 30 44 22 2 10 8 11 45 28 20 29 37 40 31 49 1 24 21 13 9 34 15 43 5 39 12 25
Coste: 48960

GENERACION: 500
Mejor Solucion:  16 33 35 36 32 7 18 14 6 19 41 27 3 42 48 38 23 46 17 26 0 47 4 30 44 22 2 10 8 11 45 28 20 29 37 40 31 49 1 24 21 13 9 34 15 43 5 39 12 25
Coste: 48960

GENERACION: 505
Mejor Solucion:  16 33 35 36 32 7 18 14 6 19 41 27 3 42 48 38 23 46 17 26 0 47 4 30 44 22 2 10 8 11 45 28 20 29 37 40 31 49 1 24 21 13 9 34 15 43 5 39 12 25
Coste: 48960

GENERACION: 510
Mejor Solucion:  16 33 35 36 32 7 18 14 6 19 41 27 3 42 48 38 23 46 17 26 0 47 4 30 44 22 2 10 8 11 45 28 20 29 37 40 31 49 1 24 21 13 9 34 15 43 5 39 12 25
Coste: 48960

GENERACION: 515
Mejor Solucion:  16 33 35 36 32 7 18 14 6 19 41 27 3 42 48 38 23 46 17 26 0 47 4 30 44 22 2 10 8 11 45 28 20 29 37 40 31 49 1 24 21 13 9 34 15 43 5 39 12 25
Coste: 48960

GENERACION: 520
Mejor Solucion:  16 33 35 36 32 7 18 14 6 19 41 27 3 42 48 38 23 46 17 26 0 47 4 30 44 22 2 10 8 11 45 28 20 29 37 40 31 49 1 24 21 13 9 34 15 43 5 39 12 25
Coste: 48960

GENERACION: 525
Mejor Solucion:  16 33 35 36 32 7 18 14 6 19 41 27 3 42 48 38 23 46 17 26 0 47 4 30 44 22 2 10 8 11 45 28 20 29 37 40 31 49 1 24 21 13 9 34 15 43 5 39 12 25
Coste: 48960

GENERACION: 530
Mejor Solucion:  16 33 35 36 32 7 18 14 6 19 41 27 3 42 48 38 23 46 17 26 0 47 4 30 44 22 2 10 8 11 45 28 20 29 37 40 31 49 1 24 21 13 9 34 15 43 5 39 12 25
Coste: 48960

GENERACION: 535
Mejor Solucion:  16 33 35 36 32 7 18 14 6 19 41 27 3 42 48 38 23 46 17 26 0 47 4 30 44 22 2 10 8 11 45 28 20 29 37 40 31 49 1 24 21 13 9 34 15 43 5 39 12 25
Coste: 48960

GENERACION: 540
Mejor Solucion:  16 33 35 36 32 7 18 14 6 19 41 27 3 42 48 38 23 46 17 26 0 47 4 30 44 22 2 10 8 11 45 28 20 29 37 40 31 49 1 24 21 13 9 34 15 43 5 39 12 25
Coste: 48960

GENERACION: 545
Mejor Solucion:  16 33 35 36 32 7 18 14 6 19 41 27 3 42 48 38 23 46 17 26 0 47 4 30 44 22 2 10 8 11 45 28 20 29 37 40 31 49 1 24 21 13 9 34 15 43 5 39 12 25
Coste: 48960

GENERACION: 550
Mejor Solucion:  16 33 35 36 32 7 18 14 6 19 41 27 3 42 48 38 23 46 17 26 0 47 4 30 44 22 2 10 8 11 45 28 20 29 37 40 31 49 1 24 21 13 9 34 15 43 5 39 12 25
Coste: 48960

GENERACION: 555
Mejor Solucion:  16 33 35 36 32 7 18 14 6 19 41 27 3 42 48 38 23 46 17 26 0 47 4 30 44 22 2 10 8 11 45 28 20 29 37 40 31 49 1 24 21 13 9 34 15 43 5 39 12 25
Coste: 48960

GENERACION: 560
Mejor Solucion:  16 33 35 36 32 7 18 14 6 19 41 27 3 42 48 38 23 46 17 26 0 47 4 30 44 22 2 10 8 11 45 28 20 29 37 40 31 49 1 24 21 13 9 34 15 43 5 39 12 25
Coste: 48960

GENERACION: 565
Mejor Solucion:  16 33 35 36 32 7 18 14 6 19 41 27 3 42 48 38 23 46 17 26 0 47 4 30 44 22 2 10 8 11 45 28 20 29 37 40 31 49 1 24 21 13 9 34 15 43 5 39 12 25
Coste: 48960

GENERACION: 570
Mejor Solucion:  16 33 35 36 32 7 18 14 6 19 41 27 3 42 48 38 23 46 17 26 0 47 4 30 44 22 2 10 8 11 45 28 20 29 37 40 31 49 1 24 21 13 9 34 15 43 5 39 12 25
Coste: 48960

GENERACION: 575
Mejor Solucion:  16 33 35 36 32 7 18 14 6 19 41 27 3 42 48 38 23 46 17 26 0 47 4 30 44 22 2 10 8 11 45 28 20 29 37 40 31 49 1 24 21 13 9 34 15 43 5 39 12 25
Coste: 48960

GENERACION: 580
Mejor Solucion:  16 33 35 36 32 7 18 14 6 19 41 27 3 42 48 38 23 46 17 26 0 47 4 30 44 22 2 10 8 11 45 28 20 29 37 40 31 49 1 24 21 13 9 34 15 43 5 39 12 25
Coste: 48960

GENERACION: 585
Mejor Solucion:  16 33 35 36 32 7 18 14 6 19 41 27 3 42 48 38 23 46 17 26 0 47 4 30 44 22 2 10 8 11 45 28 20 29 37 40 31 49 1 24 21 13 9 34 15 43 5 39 12 25
Coste: 48960

GENERACION: 590
Mejor Solucion:  16 33 35 36 32 7 18 14 6 19 41 27 3 42 48 38 23 46 17 26 0 47 4 30 44 22 2 10 8 11 45 28 20 29 37 40 31 49 1 24 21 13 9 34 15 43 5 39 12 25
Coste: 48960

GENERACION: 595
Mejor Solucion:  16 33 35 36 32 7 18 14 6 19 41 27 3 42 48 38 23 46 17 26 0 47 4 30 44 22 2 10 8 11 45 28 20 29 37 40 31 49 1 24 21 13 9 34 15 43 5 39 12 25
Coste: 48960

GENERACION: 600
Mejor Solucion:  16 33 35 36 32 7 18 14 6 19 41 27 3 42 48 38 23 46 17 26 0 47 4 30 44 22 2 10 8 11 45 28 20 29 37 40 31 49 1 24 21 13 9 34 15 43 5 39 12 25
Coste: 48960

GENERACION: 605
Mejor Solucion:  16 33 35 36 32 7 18 14 6 19 41 27 3 42 48 38 23 46 17 26 0 47 4 30 44 22 2 10 8 11 45 28 20 29 37 40 31 49 1 24 21 13 9 34 15 43 5 39 12 25
Coste: 48960

GENERACION: 610
Mejor Solucion:  16 33 35 36 32 7 18 14 6 19 41 27 3 42 48 38 23 46 17 26 0 47 4 30 44 22 2 10 8 11 45 28 20 29 37 40 31 49 1 24 21 13 9 34 15 43 5 39 12 25
Coste: 48960

GENERACION: 615
Mejor Solucion:  16 33 35 36 32 7 18 14 6 19 41 27 3 42 48 38 23 46 17 26 0 47 4 30 44 22 2 10 8 11 45 28 20 29 37 40 31 49 1 24 21 13 9 34 15 43 5 39 12 25
Coste: 48960

GENERACION: 620
Mejor Solucion:  16 33 35 36 32 7 18 14 6 19 41 27 3 42 48 38 23 46 17 26 0 47 4 30 44 22 2 10 8 11 45 28 20 29 37 40 31 49 1 24 21 13 9 34 15 43 5 39 12 25
Coste: 48960

GENERACION: 625
Mejor Solucion:  16 33 35 36 32 7 18 14 6 19 41 27 3 42 48 38 23 46 17 26 0 47 4 30 44 22 2 10 8 11 45 28 20 29 37 40 31 49 1 24 21 13 9 34 15 43 5 39 12 25
Coste: 48960

GENERACION: 630
Mejor Solucion:  16 33 35 36 32 7 18 14 6 19 41 27 3 42 48 38 23 46 17 26 0 47 4 30 44 22 2 10 8 11 45 28 20 29 37 40 31 49 1 24 21 13 9 34 15 43 5 39 12 25
Coste: 48960

GENERACION: 635
Mejor Solucion:  16 33 35 36 32 7 18 14 6 19 41 27 3 42 48 38 23 46 17 26 0 47 4 30 44 22 2 10 8 11 45 28 20 29 37 40 31 49 1 24 21 13 9 34 15 43 5 39 12 25
Coste: 48960

GENERACION: 640
Mejor Solucion:  16 33 35 36 32 7 18 14 6 19 41 27 3 42 48 38 23 46 17 26 0 47 4 30 44 22 2 10 8 11 45 28 20 29 37 40 31 49 1 24 21 13 9 34 15 43 5 39 12 25
Coste: 48960

GENERACION: 645
Mejor Solucion:  16 33 35 36 32 7 18 14 6 19 41 27 3 42 48 38 23 46 17 26 0 47 4 30 44 22 2 10 8 11 45 28 20 29 37 40 31 49 1 24 21 13 9 34 15 43 5 39 12 25
Coste: 48960

GENERACION: 650
Mejor Solucion:  16 33 35 36 32 7 18 14 6 19 41 27 3 42 48 38 23 46 17 26 0 47 4 30 44 22 2 10 8 11 45 28 20 29 37 40 31 49 1 24 21 13 9 34 15 43 5 39 12 25
Coste: 48960

GENERACION: 655
Mejor Solucion:  16 33 35 36 32 7 18 14 6 19 41 27 3 42 48 38 23 46 17 26 0 47 4 30 44 22 2 10 8 11 45 28 20 29 37 40 31 49 1 24 21 13 9 34 15 43 5 39 12 25
Coste: 48960

GENERACION: 660
Mejor Solucion:  16 33 35 36 32 7 18 14 6 19 41 27 3 42 48 38 23 46 17 26 0 47 4 30 44 22 2 10 8 11 45 28 20 29 37 40 31 49 1 24 21 13 9 34 15 43 5 39 12 25
Coste: 48960

GENERACION: 665
Mejor Solucion:  16 33 35 36 32 7 18 14 6 19 41 27 3 42 48 38 23 46 17 26 0 47 4 30 44 22 2 10 8 11 45 28 20 29 37 40 31 49 1 24 21 13 9 34 15 43 5 39 12 25
Coste: 48960

GENERACION: 670
Mejor Solucion:  16 33 35 36 32 7 18 14 6 19 41 27 3 42 48 38 23 46 17 26 0 47 4 30 44 22 2 10 8 11 45 28 20 29 37 40 31 49 1 24 21 13 9 34 15 43 5 39 12 25
Coste: 48960

GENERACION: 675
Mejor Solucion:  16 33 35 36 32 7 18 14 6 19 41 27 3 42 48 38 23 46 17 26 0 47 4 30 44 22 2 10 8 11 45 28 20 29 37 40 31 49 1 24 21 13 9 34 15 43 5 39 12 25
Coste: 48960

GENERACION: 680
Mejor Solucion:  16 33 35 36 32 7 18 14 6 19 41 27 3 42 48 38 23 46 17 26 0 47 4 30 44 22 2 10 8 11 45 28 20 29 37 40 31 49 1 24 21 13 9 34 15 43 5 39 12 25
Coste: 48960

GENERACION: 685
Mejor Solucion:  16 33 35 36 32 7 18 14 6 19 41 27 3 42 48 38 23 46 17 26 0 47 4 30 44 22 2 10 8 11 45 28 20 29 37 40 31 49 1 24 21 13 9 34 15 43 5 39 12 25
Coste: 48960

GENERACION: 690
Mejor Solucion:  16 33 35 36 32 7 18 14 6 19 41 27 3 42 48 38 23 46 17 26 0 47 4 30 44 22 2 10 8 11 45 28 20 29 37 40 31 49 1 24 21 13 9 34 15 43 5 39 12 25
Coste: 48960

GENERACION: 695
Mejor Solucion:  16 33 35 36 32 7 18 14 6 19 41 27 3 42 48 38 23 46 17 26 0 47 4 30 44 22 2 10 8 11 45 28 20 29 37 40 31 49 1 24 21 13 9 34 15 43 5 39 12 25
Coste: 48960

GENERACION: 700
Mejor Solucion:  16 33 35 36 32 7 18 14 6 19 41 27 3 42 48 38 23 46 17 26 0 47 4 30 44 22 2 10 8 11 45 28 20 29 37 40 31 49 1 24 21 13 9 34 15 43 5 39 12 25
Coste: 48960

GENERACION: 705
Mejor Solucion:  16 33 35 36 32 7 18 14 6 19 41 27 3 42 48 38 23 46 17 26 0 47 4 30 44 22 2 10 8 11 45 28 20 29 37 40 31 49 1 24 21 13 9 34 15 43 5 39 12 25
Coste: 48960

GENERACION: 710
Mejor Solucion:  16 33 35 36 32 7 18 14 6 19 41 27 3 42 48 38 23 46 17 26 0 47 4 30 44 22 2 10 8 11 45 28 20 29 37 40 31 49 1 24 21 13 9 34 15 43 5 39 12 25
Coste: 48960

GENERACION: 715
Mejor Solucion:  16 33 35 36 32 7 18 14 6 19 41 27 3 42 48 38 23 46 17 26 0 47 4 30 44 22 2 10 8 11 45 28 20 29 37 40 31 49 1 24 21 13 9 34 15 43 5 39 12 25
Coste: 48960

GENERACION: 720
Mejor Solucion:  16 33 35 36 32 7 18 14 6 19 41 27 3 42 48 38 23 46 17 26 0 47 4 30 44 22 2 10 8 11 45 28 20 29 37 40 31 49 1 24 21 13 9 34 15 43 5 39 12 25
Coste: 48960

GENERACION: 725
Mejor Solucion:  16 33 35 36 32 7 18 14 6 19 41 27 3 42 48 38 23 46 17 26 0 47 4 30 44 22 2 10 8 11 45 28 20 29 37 40 31 49 1 24 21 13 9 34 15 43 5 39 12 25
Coste: 48960

GENERACION: 730
Mejor Solucion:  16 33 35 36 32 7 18 14 6 19 41 27 3 42 48 38 23 46 17 26 0 47 4 30 44 22 2 10 8 11 45 28 20 29 37 40 31 49 1 24 21 13 9 34 15 43 5 39 12 25
Coste: 48960

GENERACION: 735
Mejor Solucion:  16 33 35 36 32 7 18 14 6 19 41 27 3 42 48 38 23 46 17 26 0 47 4 30 44 22 2 10 8 11 45 28 20 29 37 40 31 49 1 24 21 13 9 34 15 43 5 39 12 25
Coste: 48960

GENERACION: 740
Mejor Solucion:  16 33 35 36 32 7 18 14 6 19 41 27 3 42 48 38 23 46 17 26 0 47 4 30 44 22 2 10 8 11 45 28 20 29 37 40 31 49 1 24 21 13 9 34 15 43 5 39 12 25
Coste: 48960

GENERACION: 745
Mejor Solucion:  16 33 35 36 32 7 18 14 6 19 41 27 3 42 48 38 23 46 17 26 0 47 4 30 44 22 2 10 8 11 45 28 20 29 37 40 31 49 1 24 21 13 9 34 15 43 5 39 12 25
Coste: 48960

GENERACION: 750
Mejor Solucion:  16 33 35 36 32 7 18 14 6 19 41 27 3 42 48 38 23 46 17 26 0 47 4 30 44 22 2 10 8 11 45 28 20 29 37 40 31 49 1 24 21 13 9 34 15 43 5 39 12 25
Coste: 48960

GENERACION: 755
Mejor Solucion:  16 33 35 36 32 7 18 14 6 19 41 27 3 42 48 38 23 46 17 26 0 47 4 30 44 22 2 10 8 11 45 28 20 29 37 40 31 49 1 24 21 13 9 34 15 43 5 39 12 25
Coste: 48960

GENERACION: 760
Mejor Solucion:  16 33 35 36 32 7 18 14 6 19 41 27 3 42 48 38 23 46 17 26 0 47 4 30 44 22 2 10 8 11 45 28 20 29 37 40 31 49 1 24 21 13 9 34 15 43 5 39 12 25
Coste: 48960

GENERACION: 765
Mejor Solucion:  16 33 35 36 32 7 18 14 6 19 41 27 3 42 48 38 23 46 17 26 0 47 4 30 44 22 2 10 8 11 45 28 20 29 37 40 31 49 1 24 21 13 9 34 15 43 5 39 12 25
Coste: 48960

GENERACION: 770
Mejor Solucion:  16 33 35 36 32 7 18 14 6 19 41 27 3 42 48 38 23 46 17 26 0 47 4 30 44 22 2 10 8 11 45 28 20 29 37 40 31 49 1 24 21 13 9 34 15 43 5 39 12 25
Coste: 48960

GENERACION: 775
Mejor Solucion:  16 33 35 36 32 7 18 14 6 19 41 27 3 42 48 38 23 46 17 26 0 47 4 30 44 22 2 10 8 11 45 28 20 29 37 40 31 49 1 24 21 13 9 34 15 43 5 39 12 25
Coste: 48960

GENERACION: 780
Mejor Solucion:  16 33 35 36 32 7 18 14 6 19 41 27 3 42 48 38 23 46 17 26 0 47 4 30 44 22 2 10 8 11 45 28 20 29 37 40 31 49 1 24 21 13 9 34 15 43 5 39 12 25
Coste: 48960

GENERACION: 785
Mejor Solucion:  16 33 35 36 32 7 18 14 6 19 41 27 3 42 48 38 23 46 17 26 0 47 4 30 44 22 2 10 8 11 45 28 20 29 37 40 31 49 1 24 21 13 9 34 15 43 5 39 12 25
Coste: 48960

GENERACION: 790
Mejor Solucion:  45 27 41 16 33 35 18 14 19 6 47 29 48 36 32 42 30 7 10 17 13 20 4 3 38 2 23 46 8 26 0 9 15 5 37 40 31 39 11 49 21 28 34 43 44 22 1 12 24 25
Coste: 48938

GENERACION: 795
Mejor Solucion:  45 27 41 16 33 35 18 14 19 6 47 29 48 36 32 42 30 7 10 17 13 20 4 3 38 2 23 46 8 26 0 9 15 5 37 40 31 39 11 49 21 28 34 43 44 22 1 12 24 25
Coste: 48938

GENERACION: 800
Mejor Solucion:  45 27 41 16 33 35 18 14 19 6 47 29 48 36 32 42 30 7 10 17 13 20 4 3 38 2 23 46 8 26 0 9 15 5 37 40 31 39 11 49 21 28 34 43 44 22 1 12 24 25
Coste: 48938

GENERACION: 805
Mejor Solucion:  45 27 41 16 33 35 18 14 19 6 47 29 48 36 32 42 30 7 10 17 13 20 4 3 38 2 23 46 8 26 0 9 15 5 37 40 31 39 11 49 21 28 34 43 44 22 1 12 24 25
Coste: 48938

GENERACION: 810
Mejor Solucion:  45 27 41 16 33 35 18 14 19 6 47 29 48 36 32 42 30 7 10 17 13 20 4 3 38 2 23 46 8 26 0 9 15 5 37 40 31 39 11 49 21 28 34 43 44 22 1 12 24 25
Coste: 48938

GENERACION: 815
Mejor Solucion:  45 27 41 16 33 35 18 14 19 6 47 29 48 36 32 42 30 7 10 17 13 20 4 3 38 2 23 46 8 26 0 9 15 5 37 40 31 39 11 49 21 28 34 43 44 22 1 12 24 25
Coste: 48938

GENERACION: 820
Mejor Solucion:  45 27 41 16 33 35 18 14 19 6 47 29 48 36 32 42 30 7 10 17 13 20 4 3 38 2 23 46 8 26 0 9 15 5 37 40 31 39 11 49 21 28 34 43 44 22 1 12 24 25
Coste: 48938

GENERACION: 825
Mejor Solucion:  45 27 41 16 33 35 18 14 19 6 47 29 48 36 32 42 30 7 10 17 13 20 4 3 38 2 23 46 8 26 0 9 15 5 37 40 31 39 11 49 21 28 34 43 44 22 1 12 24 25
Coste: 48938

GENERACION: 830
Mejor Solucion:  45 27 41 16 33 35 18 14 19 6 47 29 48 36 32 42 30 7 10 17 13 20 4 3 38 2 23 46 8 26 0 9 15 5 37 40 31 39 11 49 21 28 34 43 44 22 1 12 24 25
Coste: 48938

GENERACION: 835
Mejor Solucion:  45 27 41 16 33 35 18 14 19 6 47 29 48 36 32 42 30 7 10 17 13 20 4 3 38 2 23 46 8 26 0 9 15 5 37 40 31 39 11 49 21 28 34 43 44 22 1 12 24 25
Coste: 48938

GENERACION: 840
Mejor Solucion:  45 27 41 16 33 35 18 14 19 6 47 29 48 36 32 42 30 7 10 17 13 20 4 3 38 2 23 46 8 26 0 9 15 5 37 40 31 39 11 49 21 28 34 43 44 22 1 12 24 25
Coste: 48938

GENERACION: 845
Mejor Solucion:  45 27 41 16 33 35 18 14 19 6 47 29 48 36 32 42 30 7 10 17 13 20 4 3 38 2 23 46 8 26 0 9 15 5 37 40 31 39 11 49 21 28 34 43 44 22 1 12 24 25
Coste: 48938

GENERACION: 850
Mejor Solucion:  45 27 41 16 33 35 18 14 19 6 47 29 48 36 32 42 30 7 10 17 13 20 4 3 38 2 23 46 8 26 0 9 15 5 37 40 31 39 11 49 21 28 34 43 44 22 1 12 24 25
Coste: 48938

GENERACION: 855
Mejor Solucion:  45 27 41 16 33 35 18 14 19 6 47 29 48 36 32 42 30 7 10 17 13 20 4 3 38 2 23 46 8 26 0 9 15 5 37 40 31 39 11 49 21 28 34 43 44 22 1 12 24 25
Coste: 48938

GENERACION: 860
Mejor Solucion:  45 27 41 16 33 35 18 14 19 6 47 29 48 36 32 42 30 7 10 17 13 20 4 3 38 2 23 46 8 26 0 9 15 5 37 40 31 39 11 49 21 28 34 43 44 22 1 12 24 25
Coste: 48938

GENERACION: 865
Mejor Solucion:  45 27 41 16 33 35 18 14 19 6 47 29 48 36 32 42 30 7 10 17 13 20 4 3 38 2 23 46 8 26 0 9 15 5 37 40 31 39 11 49 21 28 34 43 44 22 1 12 24 25
Coste: 48938

GENERACION: 870
Mejor Solucion:  45 27 41 16 33 35 18 14 19 6 47 29 48 36 32 42 30 7 10 17 13 20 4 3 38 2 23 46 8 26 0 9 15 5 37 40 31 39 11 49 21 28 34 43 44 22 1 12 24 25
Coste: 48938

GENERACION: 875
Mejor Solucion:  45 27 41 16 33 35 18 14 19 6 47 29 48 36 32 42 30 7 10 17 13 20 4 3 38 2 23 46 8 26 0 9 15 5 37 40 31 39 11 49 21 28 34 43 44 22 1 12 24 25
Coste: 48938

GENERACION: 880
Mejor Solucion:  45 27 41 16 33 35 18 14 19 6 47 29 48 36 32 42 30 7 10 17 13 20 4 3 38 2 23 46 8 26 0 9 15 5 37 40 31 39 11 49 21 28 34 43 44 22 1 12 24 25
Coste: 48938

GENERACION: 885
Mejor Solucion:  45 27 41 16 33 35 18 14 19 6 47 29 48 36 32 42 30 7 10 17 13 20 4 3 38 2 23 46 8 26 0 9 15 5 37 40 31 39 11 49 21 28 34 43 44 22 1 12 24 25
Coste: 48938

GENERACION: 890
Mejor Solucion:  45 27 41 16 33 35 18 14 19 6 47 29 48 36 32 42 30 7 10 17 13 20 4 3 38 2 23 46 8 26 0 9 15 5 37 40 31 39 11 49 21 28 34 43 44 22 1 12 24 25
Coste: 48938

GENERACION: 895
Mejor Solucion:  45 27 41 16 33 35 18 14 19 6 47 29 48 36 32 42 30 7 10 17 13 20 4 3 38 2 23 46 8 26 0 9 15 5 37 40 31 39 11 49 21 28 34 43 44 22 1 12 24 25
Coste: 48938

GENERACION: 900
Mejor Solucion:  45 27 41 16 33 35 18 14 19 6 47 29 48 36 32 42 30 7 10 17 13 20 4 3 38 2 23 46 8 26 0 9 15 5 37 40 31 39 11 49 21 28 34 43 44 22 1 12 24 25
Coste: 48938

GENERACION: 905
Mejor Solucion:  45 27 41 16 33 35 18 14 19 6 47 29 48 36 32 42 30 7 10 17 13 20 4 3 38 2 23 46 8 26 0 9 15 5 37 40 31 39 11 49 21 28 34 43 44 22 1 12 24 25
Coste: 48938

GENERACION: 910
Mejor Solucion:  45 27 41 16 33 35 18 14 19 6 47 29 48 36 32 42 30 7 10 17 13 20 4 3 38 2 23 46 8 26 0 9 15 5 37 40 31 39 11 49 21 28 34 43 44 22 1 12 24 25
Coste: 48938

GENERACION: 915
Mejor Solucion:  45 27 41 16 33 35 18 14 19 6 47 29 48 36 32 42 30 7 10 17 13 20 4 3 38 2 23 46 8 26 0 9 15 5 37 40 31 39 11 49 21 28 34 43 44 22 1 12 24 25
Coste: 48938

GENERACION: 920
Mejor Solucion:  45 27 41 16 33 35 18 14 19 6 47 29 48 36 32 42 30 7 10 17 13 20 4 3 38 2 23 46 8 26 0 9 15 5 37 40 31 39 11 49 21 28 34 43 44 22 1 12 24 25
Coste: 48938

GENERACION: 925
Mejor Solucion:  45 27 41 16 33 35 18 14 19 6 47 29 48 36 32 42 30 7 10 17 13 20 4 3 38 2 23 46 8 26 0 9 15 5 37 40 31 39 11 49 21 28 34 43 44 22 1 12 24 25
Coste: 48938

GENERACION: 930
Mejor Solucion:  45 27 41 16 33 35 18 14 19 6 47 29 48 36 32 42 30 7 10 17 13 20 4 3 38 2 23 46 8 26 0 9 15 5 37 40 31 39 11 49 21 28 34 43 44 22 1 12 24 25
Coste: 48938

GENERACION: 935
Mejor Solucion:  45 27 41 16 33 35 18 14 19 6 47 29 48 36 32 42 30 7 10 17 13 20 4 3 38 2 23 46 8 26 0 9 15 5 37 40 31 39 11 49 21 28 34 43 44 22 1 12 24 25
Coste: 48938

GENERACION: 940
Mejor Solucion:  45 27 41 16 33 35 18 14 19 6 47 29 48 36 32 42 30 7 10 17 13 20 4 3 38 2 23 46 8 26 0 9 15 5 37 40 31 39 11 49 21 28 34 43 44 22 1 12 24 25
Coste: 48938

GENERACION: 945
Mejor Solucion:  45 27 41 16 33 35 18 14 19 6 47 29 48 36 32 42 30 7 10 17 13 20 4 3 38 2 23 46 8 26 0 9 15 5 37 40 31 39 11 49 21 28 34 43 44 22 1 12 24 25
Coste: 48938

GENERACION: 950
Mejor Solucion:  45 27 41 16 33 35 18 14 19 6 47 29 48 36 32 42 30 7 10 17 13 20 4 3 38 2 23 46 8 26 0 9 15 5 37 40 31 39 11 49 21 28 34 43 44 22 1 12 24 25
Coste: 48938

GENERACION: 955
Mejor Solucion:  45 27 41 16 33 35 18 14 19 6 47 29 48 36 32 42 30 7 10 17 13 20 4 3 38 2 23 46 8 26 0 9 15 5 37 40 31 39 11 49 21 28 34 43 44 22 1 12 24 25
Coste: 48938

GENERACION: 960
Mejor Solucion:  45 27 41 16 33 35 18 14 19 6 47 29 48 36 32 42 30 7 10 17 13 20 4 3 38 2 23 46 8 26 0 9 15 5 37 40 31 39 11 49 21 28 34 43 44 22 1 12 24 25
Coste: 48938

GENERACION: 965
Mejor Solucion:  45 27 41 16 33 35 18 14 19 6 47 29 48 36 32 42 30 7 10 17 13 20 4 3 38 2 23 46 8 26 0 9 15 5 37 40 31 39 11 49 21 28 34 43 44 22 1 12 24 25
Coste: 48938

GENERACION: 970
Mejor Solucion:  45 27 41 16 33 35 18 14 19 6 47 29 48 36 32 42 30 7 10 17 13 20 4 3 38 2 23 46 8 26 0 9 15 5 37 40 31 39 11 49 21 28 34 43 44 22 1 12 24 25
Coste: 48938

GENERACION: 975
Mejor Solucion:  45 27 41 16 33 35 18 14 19 6 47 29 48 36 32 42 30 7 10 17 13 20 4 3 38 2 23 46 8 26 0 9 15 5 37 40 31 39 11 49 21 28 34 43 44 22 1 12 24 25
Coste: 48938

GENERACION: 980
Mejor Solucion:  45 27 41 16 33 35 18 14 19 6 47 29 48 36 32 42 30 7 10 17 13 20 4 3 38 2 23 46 8 26 0 9 15 5 37 40 31 39 11 49 21 28 34 43 44 22 1 12 24 25
Coste: 48938

GENERACION: 985
Mejor Solucion:  45 27 41 16 33 35 18 14 19 6 47 29 48 36 32 42 30 7 10 17 13 20 4 3 38 2 23 46 8 26 0 9 15 5 37 40 31 39 11 49 21 28 34 43 44 22 1 12 24 25
Coste: 48938

GENERACION: 990
Mejor Solucion:  45 27 41 16 33 35 18 14 19 6 47 29 48 36 32 42 30 7 10 17 13 20 4 3 38 2 23 46 8 26 0 9 15 5 37 40 31 39 11 49 21 28 34 43 44 22 1 12 24 25
Coste: 48938

GENERACION: 995
Mejor Solucion:  45 27 41 16 33 35 18 14 19 6 47 29 48 36 32 42 30 7 10 17 13 20 4 3 38 2 23 46 8 26 0 9 15 5 37 40 31 39 11 49 21 28 34 43 44 22 1 12 24 25
Coste: 48938

GENERACION: 1000
Mejor Solucion:  45 27 41 16 33 35 18 14 19 6 47 29 48 36 32 42 30 7 10 17 13 20 4 3 38 2 23 46 8 26 0 9 15 5 37 40 31 39 11 49 21 28 34 43 44 22 1 12 24 25
Coste: 48938

GENERACION: 5
Mejor Solucion:  48 39 31 19 18 26 28 24 38 10 27 12 41 1 49 42 16 35 9 7 45 5 23 4 36 44 40 17 14 46 33 37 22 43 13 25 6 34 30 47 20 0 2 29 32 15 3 11 8 21
Coste: 54700

GENERACION: 10
Mejor Solucion:  12 1 5 15 35 49 20 27 28 45 6 22 44 48 38 17 41 29 34 25 39 23 43 4 40 31 10 9 24 13 7 11 2 46 37 3 42 30 47 21 26 32 18 8 36 14 33 16 19 0
Coste: 52336

GENERACION: 15
Mejor Solucion:  12 1 5 15 35 49 20 27 28 45 6 22 44 48 38 17 41 29 34 25 39 23 43 4 40 31 10 9 24 13 7 11 2 46 37 3 42 30 47 21 26 32 18 8 36 14 33 16 19 0
Coste: 52336

GENERACION: 20
Mejor Solucion:  32 3 16 7 18 33 42 19 6 26 44 37 36 23 38 35 22 14 11 17 4 43 2 46 48 40 1 10 24 8 13 20 5 15 12 9 31 30 49 25 45 21 34 41 27 29 28 39 47 0
Coste: 50364

GENERACION: 25
Mejor Solucion:  32 3 16 7 18 33 42 19 6 26 44 37 36 23 38 35 22 14 11 17 4 43 2 46 48 40 1 10 24 8 13 20 5 15 12 9 31 30 49 25 45 21 34 39 27 29 28 41 47 0
Coste: 49692

GENERACION: 30
Mejor Solucion:  32 3 16 33 7 18 42 19 6 26 41 23 36 48 38 46 35 14 11 17 4 44 43 37 2 40 1 10 22 8 13 20 27 5 12 39 49 31 24 25 45 21 34 9 15 29 28 30 47 0
Coste: 49507

GENERACION: 35
Mejor Solucion:  32 3 16 33 7 18 42 19 6 26 41 23 36 48 38 46 35 14 11 17 4 44 43 37 2 40 1 10 22 8 13 20 27 5 12 39 49 31 24 25 45 21 34 9 15 29 28 30 47 0
Coste: 49507

GENERACION: 40
Mejor Solucion:  32 3 16 36 7 37 23 18 19 26 4 33 44 38 48 46 2 14 6 17 20 41 35 42 43 22 40 10 11 8 13 27 28 5 12 1 49 39 24 25 45 21 34 9 15 29 31 30 47 0
Coste: 49406

GENERACION: 45
Mejor Solucion:  32 3 16 36 7 37 23 18 19 26 4 33 44 38 48 46 2 14 6 17 20 41 35 42 43 22 40 10 11 8 13 27 28 5 12 1 49 39 24 25 45 21 34 9 15 29 31 30 47 0
Coste: 49292

GENERACION: 50
Mejor Solucion:  32 3 16 36 7 37 23 18 19 26 33 4 44 38 48 46 2 14 6 17 41 20 35 42 43 22 40 10 11 8 13 27 28 5 12 1 49 31 24 25 45 21 34 9 15 29 30 39 47 0
Coste: 49285

GENERACION: 55
Mejor Solucion:  32 3 16 36 7 37 23 18 19 26 33 4 44 38 48 46 2 14 6 17 41 20 35 42 43 22 40 10 11 8 13 27 28 5 12 1 49 31 24 25 45 21 34 9 15 29 30 39 47 0
Coste: 49285

GENERACION: 60
Mejor Solucion:  32 3 16 36 7 37 23 18 19 26 33 4 44 38 48 46 2 14 6 17 41 20 35 42 43 22 40 10 11 8 13 27 28 5 12 1 49 31 24 25 45 21 34 9 15 29 30 39 47 0
Coste: 49285

GENERACION: 65
Mejor Solucion:  32 3 16 36 7 37 23 18 19 26 33 4 44 38 48 46 2 14 6 17 41 20 35 42 43 22 40 10 11 8 13 27 28 5 12 1 49 31 24 25 45 21 34 9 15 29 30 39 47 0
Coste: 49285

GENERACION: 70
Mejor Solucion:  32 3 16 36 7 37 23 18 19 26 33 4 44 38 48 46 2 14 6 17 41 20 35 42 43 22 40 10 11 8 13 27 28 5 12 1 49 31 24 25 45 21 34 9 15 29 30 39 47 0
Coste: 49285

GENERACION: 75
Mejor Solucion:  32 3 16 36 7 37 23 18 19 26 33 4 44 38 48 46 2 14 6 17 41 20 35 42 43 22 40 10 11 8 13 27 28 5 12 1 49 31 24 25 45 21 34 9 15 29 30 39 47 0
Coste: 49285

GENERACION: 80
Mejor Solucion:  32 3 16 36 7 37 23 18 19 26 33 4 44 38 48 46 2 14 6 17 41 20 35 42 43 22 40 10 11 8 13 27 28 5 12 1 49 31 24 25 45 21 34 9 15 29 30 39 47 0
Coste: 49285

GENERACION: 85
Mejor Solucion:  32 3 16 36 7 37 23 18 19 26 33 4 44 38 48 46 2 14 6 17 41 20 35 42 43 22 40 10 11 8 13 27 28 5 12 1 49 31 24 25 45 21 34 9 15 29 30 39 47 0
Coste: 49285

GENERACION: 90
Mejor Solucion:  32 16 3 44 37 7 23 18 19 26 33 36 4 43 38 2 10 46 11 6 41 20 35 42 48 22 40 14 8 17 13 27 28 9 5 15 31 49 1 12 45 21 47 34 29 0 30 39 24 25
Coste: 49138

GENERACION: 95
Mejor Solucion:  32 16 3 44 37 7 23 18 19 26 33 36 4 43 38 2 10 46 11 6 41 20 35 42 48 22 40 14 8 17 13 27 28 9 5 15 31 49 1 12 45 21 47 34 29 0 30 39 24 25
Coste: 49084

GENERACION: 100
Mejor Solucion:  32 16 3 44 37 7 23 18 19 26 33 36 4 43 38 2 10 46 11 6 41 20 35 42 48 22 40 14 8 17 13 27 28 9 5 15 31 49 1 12 45 21 47 34 29 0 30 39 24 25
Coste: 49084

GENERACION: 105
Mejor Solucion:  32 16 3 44 37 7 23 18 19 26 33 36 4 43 38 2 10 46 11 6 41 20 35 42 48 22 40 14 8 17 13 27 28 9 5 15 31 49 1 12 45 21 47 34 29 0 30 39 24 25
Coste: 49084

GENERACION: 110
Mejor Solucion:  32 3 4 38 7 2 23 46 11 26 33 36 16 44 37 43 18 10 19 6 41 20 35 42 48 22 40 14 8 17 13 27 28 9 5 15 31 49 1 12 45 21 47 34 29 0 30 39 24 25
Coste: 49081

GENERACION: 115
Mejor Solucion:  32 3 4 38 7 2 23 46 11 26 33 36 16 44 37 43 18 10 19 6 41 20 35 42 48 22 40 14 8 17 13 27 28 9 5 15 31 49 1 12 45 21 47 34 29 0 30 39 24 25
Coste: 49081

GENERACION: 120
Mejor Solucion:  32 3 4 38 7 2 23 46 11 26 33 36 16 44 37 43 18 10 19 6 41 20 35 42 48 22 40 14 8 17 13 27 28 9 5 15 31 49 1 12 45 21 47 34 29 0 30 39 24 25
Coste: 49081

GENERACION: 125
Mejor Solucion:  32 3 4 38 7 2 23 46 11 26 33 36 16 44 37 43 18 10 19 6 41 20 35 42 48 22 40 14 8 17 13 27 28 9 5 15 31 49 1 12 45 21 47 34 29 0 30 39 24 25
Coste: 49081

GENERACION: 130
Mejor Solucion:  32 3 4 38 7 2 23 46 11 26 33 36 16 44 37 43 18 10 19 6 41 20 35 42 48 22 40 14 8 17 13 27 28 9 5 15 31 49 1 12 45 21 47 34 29 0 30 39 24 25
Coste: 49081

GENERACION: 135
Mejor Solucion:  32 3 4 38 7 2 23 46 11 26 33 36 16 44 37 43 18 10 19 6 41 20 35 42 48 22 40 14 8 17 13 27 28 9 5 15 31 49 1 12 45 21 47 34 29 0 30 39 24 25
Coste: 49081

GENERACION: 140
Mejor Solucion:  32 3 4 38 7 2 23 46 11 26 33 36 16 44 37 43 18 10 19 6 41 20 35 42 48 22 40 14 8 17 13 27 28 9 5 15 31 49 1 12 45 21 47 34 29 0 30 39 24 25
Coste: 49081

GENERACION: 145
Mejor Solucion:  32 3 4 38 7 2 23 46 11 26 33 36 16 44 37 43 18 10 19 6 41 20 35 42 48 22 40 14 8 17 13 27 28 9 5 15 31 49 1 12 45 21 47 34 29 0 30 39 24 25
Coste: 49081

GENERACION: 150
Mejor Solucion:  32 3 4 38 7 2 23 46 11 26 33 36 16 44 37 43 18 10 19 6 41 20 35 42 48 22 40 14 8 17 13 27 28 9 5 15 31 49 1 12 45 21 47 34 29 0 30 39 24 25
Coste: 49081

GENERACION: 155
Mejor Solucion:  32 3 4 38 7 2 23 46 11 26 33 36 16 44 37 43 18 10 19 6 41 20 35 42 48 22 40 14 8 17 13 27 28 9 5 15 31 49 1 12 45 21 47 34 29 0 30 39 24 25
Coste: 49081

GENERACION: 160
Mejor Solucion:  32 3 4 38 7 2 23 46 11 26 33 36 16 44 37 43 18 10 19 6 41 20 35 42 48 22 40 14 8 17 13 27 28 9 5 15 31 49 1 12 45 21 47 34 29 0 30 39 24 25
Coste: 49081

GENERACION: 165
Mejor Solucion:  32 3 4 38 7 2 23 46 11 26 33 36 16 44 37 43 18 10 19 6 41 20 35 42 48 22 40 14 8 17 13 27 28 9 5 15 31 49 1 12 45 21 47 34 29 0 30 39 24 25
Coste: 49081

GENERACION: 170
Mejor Solucion:  32 3 4 38 7 2 23 46 11 26 33 36 16 44 37 43 18 10 19 6 41 20 35 42 48 22 40 14 8 17 13 27 28 9 5 15 31 49 1 12 45 21 47 34 29 0 30 39 24 25
Coste: 49081

GENERACION: 175
Mejor Solucion:  32 3 4 38 7 2 23 46 11 26 33 36 16 44 37 43 18 10 19 6 41 20 35 42 48 22 40 14 8 17 13 27 28 9 5 15 31 49 1 12 45 21 47 34 29 0 30 39 24 25
Coste: 49081

GENERACION: 180
Mejor Solucion:  32 3 4 38 7 2 23 46 11 26 33 36 16 44 37 43 18 10 19 6 41 20 35 42 48 22 40 14 8 17 13 27 28 9 5 15 31 49 1 12 45 21 47 34 29 0 30 39 24 25
Coste: 49081

GENERACION: 185
Mejor Solucion:  32 3 4 38 7 2 23 46 11 26 33 36 16 44 37 43 18 10 19 6 41 20 35 42 48 22 40 14 8 17 13 27 28 9 5 15 31 49 1 12 45 21 47 34 29 0 30 39 24 25
Coste: 49081

GENERACION: 190
Mejor Solucion:  32 3 4 38 7 2 23 46 11 26 33 36 16 44 37 43 18 10 19 6 41 20 35 42 48 22 40 14 8 17 13 27 28 9 5 15 31 49 1 12 45 21 47 34 29 0 30 39 24 25
Coste: 49081

GENERACION: 195
Mejor Solucion:  32 3 4 38 7 2 23 46 11 26 33 36 16 44 37 43 18 10 19 6 41 20 35 42 48 22 40 14 8 17 13 27 28 9 5 15 31 49 1 12 45 21 47 34 29 0 30 39 24 25
Coste: 49081

GENERACION: 200
Mejor Solucion:  47 16 33 32 35 7 18 14 8 26 0 4 3 36 48 38 2 46 17 6 45 27 41 44 42 22 23 10 11 19 13 28 20 5 15 40 31 49 1 12 21 34 9 43 29 37 30 39 24 25
Coste: 49045

GENERACION: 205
Mejor Solucion:  47 16 33 32 35 7 18 14 8 26 0 4 3 36 48 38 2 46 17 6 45 27 41 44 42 22 23 10 11 19 13 28 20 5 15 40 31 49 1 12 21 34 9 43 29 37 30 39 24 25
Coste: 49045

GENERACION: 210
Mejor Solucion:  47 16 33 32 35 7 18 14 8 26 0 4 3 36 48 38 2 46 17 6 45 27 41 44 42 22 23 10 11 19 13 28 20 5 15 40 31 49 1 12 21 34 9 43 29 37 30 39 24 25
Coste: 49045

GENERACION: 215
Mejor Solucion:  47 16 33 32 35 7 18 14 8 26 0 4 3 36 48 38 2 46 17 6 45 27 41 44 42 22 23 10 11 19 13 28 20 5 15 40 31 49 1 12 21 34 9 43 29 37 30 39 24 25
Coste: 49045

GENERACION: 220
Mejor Solucion:  47 16 33 32 35 7 18 14 8 26 0 4 3 36 48 38 2 46 17 6 45 27 41 44 42 22 23 10 11 19 13 28 20 5 15 40 31 49 1 12 21 34 9 43 29 37 30 39 24 25
Coste: 49045

GENERACION: 225
Mejor Solucion:  47 16 33 32 35 7 18 14 8 26 0 4 3 36 48 38 2 46 17 6 45 27 41 44 42 22 23 10 11 19 13 28 20 5 15 40 31 49 1 12 21 34 9 43 29 37 30 39 24 25
Coste: 49045

GENERACION: 230
Mejor Solucion:  47 16 33 32 35 7 18 14 8 26 0 4 3 36 48 38 2 46 17 6 45 27 41 44 42 22 23 10 11 19 13 28 20 5 15 40 31 49 1 12 21 34 9 43 29 37 30 39 24 25
Coste: 49045

GENERACION: 235
Mejor Solucion:  47 16 33 32 35 7 18 14 8 26 0 4 3 36 48 38 2 46 17 6 45 27 41 44 42 22 23 10 11 19 13 28 20 5 15 40 31 49 1 12 21 34 9 43 29 37 30 39 24 25
Coste: 49045

GENERACION: 240
Mejor Solucion:  16 33 35 42 36 32 18 7 6 19 41 27 3 38 48 23 46 14 17 26 0 47 4 44 30 22 2 10 8 11 45 28 20 29 37 40 31 49 1 24 21 34 9 13 15 43 5 39 12 25
Coste: 49032

GENERACION: 245
Mejor Solucion:  16 33 35 42 36 32 18 7 6 19 41 27 3 38 48 23 46 14 17 26 0 47 4 44 30 22 2 10 8 11 45 28 20 29 37 40 31 49 1 24 21 34 9 13 15 43 5 39 12 25
Coste: 49032

GENERACION: 250
Mejor Solucion:  16 33 35 36 32 7 18 14 6 19 41 27 3 42 48 38 23 46 17 26 0 47 4 30 44 22 2 10 8 11 45 28 20 29 37 40 31 49 1 24 21 13 9 34 15 43 5 39 12 25
Coste: 48960

GENERACION: 255
Mejor Solucion:  16 33 35 36 32 7 18 14 6 19 41 27 3 42 48 38 23 46 17 26 0 47 4 30 44 22 2 10 8 11 45 28 20 29 37 40 31 49 1 24 21 13 9 34 15 43 5 39 12 25
Coste: 48960

GENERACION: 260
Mejor Solucion:  16 33 35 36 32 7 18 14 6 19 41 27 3 42 48 38 23 46 17 26 0 47 4 30 44 22 2 10 8 11 45 28 20 29 37 40 31 49 1 24 21 13 9 34 15 43 5 39 12 25
Coste: 48960

GENERACION: 265
Mejor Solucion:  16 33 35 36 32 7 18 14 6 19 41 27 3 42 48 38 23 46 17 26 0 47 4 30 44 22 2 10 8 11 45 28 20 29 37 40 31 49 1 24 21 13 9 34 15 43 5 39 12 25
Coste: 48960

GENERACION: 270
Mejor Solucion:  16 33 35 36 32 7 18 14 6 19 41 27 3 42 48 38 23 46 17 26 0 47 4 30 44 22 2 10 8 11 45 28 20 29 37 40 31 49 1 24 21 13 9 34 15 43 5 39 12 25
Coste: 48960

GENERACION: 275
Mejor Solucion:  16 33 35 36 32 7 18 14 6 19 41 27 3 42 48 38 23 46 17 26 0 47 4 30 44 22 2 10 8 11 45 28 20 29 37 40 31 49 1 24 21 13 9 34 15 43 5 39 12 25
Coste: 48960

GENERACION: 280
Mejor Solucion:  16 33 35 36 32 7 18 14 6 19 41 27 3 42 48 38 23 46 17 26 0 47 4 30 44 22 2 10 8 11 45 28 20 29 37 40 31 49 1 24 21 13 9 34 15 43 5 39 12 25
Coste: 48960

GENERACION: 285
Mejor Solucion:  16 33 35 36 32 7 18 14 6 19 41 27 3 42 48 38 23 46 17 26 0 47 4 30 44 22 2 10 8 11 45 28 20 29 37 40 31 49 1 24 21 13 9 34 15 43 5 39 12 25
Coste: 48960

GENERACION: 290
Mejor Solucion:  16 33 35 36 32 7 18 14 6 19 41 27 3 42 48 38 23 46 17 26 0 47 4 30 44 22 2 10 8 11 45 28 20 29 37 40 31 49 1 24 21 13 9 34 15 43 5 39 12 25
Coste: 48960

GENERACION: 295
Mejor Solucion:  16 33 35 36 32 7 18 14 6 19 41 27 3 42 48 38 23 46 17 26 0 47 4 30 44 22 2 10 8 11 45 28 20 29 37 40 31 49 1 24 21 13 9 34 15 43 5 39 12 25
Coste: 48960

GENERACION: 300
Mejor Solucion:  16 33 35 36 32 7 18 14 6 19 41 27 3 42 48 38 23 46 17 26 0 47 4 30 44 22 2 10 8 11 45 28 20 29 37 40 31 49 1 24 21 13 9 34 15 43 5 39 12 25
Coste: 48960

GENERACION: 305
Mejor Solucion:  16 33 35 36 32 7 18 14 6 19 41 27 3 42 48 38 23 46 17 26 0 47 4 30 44 22 2 10 8 11 45 28 20 29 37 40 31 49 1 24 21 13 9 34 15 43 5 39 12 25
Coste: 48960

GENERACION: 310
Mejor Solucion:  16 33 35 36 32 7 18 14 6 19 41 27 3 42 48 38 23 46 17 26 0 47 4 30 44 22 2 10 8 11 45 28 20 29 37 40 31 49 1 24 21 13 9 34 15 43 5 39 12 25
Coste: 48960

GENERACION: 315
Mejor Solucion:  16 33 35 36 32 7 18 14 6 19 41 27 3 42 48 38 23 46 17 26 0 47 4 30 44 22 2 10 8 11 45 28 20 29 37 40 31 49 1 24 21 13 9 34 15 43 5 39 12 25
Coste: 48960

GENERACION: 320
Mejor Solucion:  16 33 35 36 32 7 18 14 6 19 41 27 3 42 48 38 23 46 17 26 0 47 4 30 44 22 2 10 8 11 45 28 20 29 37 40 31 49 1 24 21 13 9 34 15 43 5 39 12 25
Coste: 48960

GENERACION: 325
Mejor Solucion:  16 33 35 36 32 7 18 14 6 19 41 27 3 42 48 38 23 46 17 26 0 47 4 30 44 22 2 10 8 11 45 28 20 29 37 40 31 49 1 24 21 13 9 34 15 43 5 39 12 25
Coste: 48960

GENERACION: 330
Mejor Solucion:  16 33 35 36 32 7 18 14 6 19 41 27 3 42 48 38 23 46 17 26 0 47 4 30 44 22 2 10 8 11 45 28 20 29 37 40 31 49 1 24 21 13 9 34 15 43 5 39 12 25
Coste: 48960

GENERACION: 335
Mejor Solucion:  16 33 35 36 32 7 18 14 6 19 41 27 3 42 48 38 23 46 17 26 0 47 4 30 44 22 2 10 8 11 45 28 20 29 37 40 31 49 1 24 21 13 9 34 15 43 5 39 12 25
Coste: 48960

GENERACION: 340
Mejor Solucion:  16 33 35 36 32 7 18 14 6 19 41 27 3 42 48 38 23 46 17 26 0 47 4 30 44 22 2 10 8 11 45 28 20 29 37 40 31 49 1 24 21 13 9 34 15 43 5 39 12 25
Coste: 48960

GENERACION: 345
Mejor Solucion:  16 33 35 36 32 7 18 14 6 19 41 27 3 42 48 38 23 46 17 26 0 47 4 30 44 22 2 10 8 11 45 28 20 29 37 40 31 49 1 24 21 13 9 34 15 43 5 39 12 25
Coste: 48960

GENERACION: 350
Mejor Solucion:  16 33 35 36 32 7 18 14 6 19 41 27 3 42 48 38 23 46 17 26 0 47 4 30 44 22 2 10 8 11 45 28 20 29 37 40 31 49 1 24 21 13 9 34 15 43 5 39 12 25
Coste: 48960

GENERACION: 355
Mejor Solucion:  16 33 35 36 32 7 18 14 6 19 41 27 3 42 48 38 23 46 17 26 0 47 4 30 44 22 2 10 8 11 45 28 20 29 37 40 31 49 1 24 21 13 9 34 15 43 5 39 12 25
Coste: 48960

GENERACION: 360
Mejor Solucion:  16 33 35 36 32 7 18 14 6 19 41 27 3 42 48 38 23 46 17 26 0 47 4 30 44 22 2 10 8 11 45 28 20 29 37 40 31 49 1 24 21 13 9 34 15 43 5 39 12 25
Coste: 48960

GENERACION: 365
Mejor Solucion:  16 33 35 36 32 7 18 14 6 19 41 27 3 42 48 38 23 46 17 26 0 47 4 30 44 22 2 10 8 11 45 28 20 29 37 40 31 49 1 24 21 13 9 34 15 43 5 39 12 25
Coste: 48960

GENERACION: 370
Mejor Solucion:  16 33 35 36 32 7 18 14 6 19 41 27 3 42 48 38 23 46 17 26 0 47 4 30 44 22 2 10 8 11 45 28 20 29 37 40 31 49 1 24 21 13 9 34 15 43 5 39 12 25
Coste: 48960

GENERACION: 375
Mejor Solucion:  16 33 35 36 32 7 18 14 6 19 41 27 3 42 48 38 23 46 17 26 0 47 4 30 44 22 2 10 8 11 45 28 20 29 37 40 31 49 1 24 21 13 9 34 15 43 5 39 12 25
Coste: 48960

GENERACION: 380
Mejor Solucion:  16 33 35 36 32 7 18 14 6 19 41 27 3 42 48 38 23 46 17 26 0 47 4 30 44 22 2 10 8 11 45 28 20 29 37 40 31 49 1 24 21 13 9 34 15 43 5 39 12 25
Coste: 48960

GENERACION: 385
Mejor Solucion:  16 33 35 36 32 7 18 14 6 19 41 27 3 42 48 38 23 46 17 26 0 47 4 30 44 22 2 10 8 11 45 28 20 29 37 40 31 49 1 24 21 13 9 34 15 43 5 39 12 25
Coste: 48960

GENERACION: 390
Mejor Solucion:  16 33 35 36 32 7 18 14 6 19 41 27 3 42 48 38 23 46 17 26 0 47 4 30 44 22 2 10 8 11 45 28 20 29 37 40 31 49 1 24 21 13 9 34 15 43 5 39 12 25
Coste: 48960

GENERACION: 395
Mejor Solucion:  16 33 35 36 32 7 18 14 6 19 41 27 3 42 48 38 23 46 17 26 0 47 4 30 44 22 2 10 8 11 45 28 20 29 37 40 31 49 1 24 21 13 9 34 15 43 5 39 12 25
Coste: 48960

GENERACION: 400
Mejor Solucion:  16 33 35 36 32 7 18 14 6 19 41 27 3 42 48 38 23 46 17 26 0 47 4 30 44 22 2 10 8 11 45 28 20 29 37 40 31 49 1 24 21 13 9 34 15 43 5 39 12 25
Coste: 48960

GENERACION: 405
Mejor Solucion:  16 33 35 36 32 7 18 14 6 19 41 27 3 42 48 38 23 46 17 26 0 47 4 30 44 22 2 10 8 11 45 28 20 29 37 40 31 49 1 24 21 13 9 34 15 43 5 39 12 25
Coste: 48960

GENERACION: 410
Mejor Solucion:  16 33 35 36 32 7 18 14 6 19 41 27 3 42 48 38 23 46 17 26 0 47 4 30 44 22 2 10 8 11 45 28 20 29 37 40 31 49 1 24 21 13 9 34 15 43 5 39 12 25
Coste: 48960

GENERACION: 415
Mejor Solucion:  16 33 35 36 32 7 18 14 6 19 41 27 3 42 48 38 23 46 17 26 0 47 4 30 44 22 2 10 8 11 45 28 20 29 37 40 31 49 1 24 21 13 9 34 15 43 5 39 12 25
Coste: 48960

GENERACION: 420
Mejor Solucion:  16 33 35 36 32 7 18 14 6 19 41 27 3 42 48 38 23 46 17 26 0 47 4 30 44 22 2 10 8 11 45 28 20 29 37 40 31 49 1 24 21 13 9 34 15 43 5 39 12 25
Coste: 48960

GENERACION: 425
Mejor Solucion:  16 33 35 36 32 7 18 14 6 19 41 27 3 42 48 38 23 46 17 26 0 47 4 30 44 22 2 10 8 11 45 28 20 29 37 40 31 49 1 24 21 13 9 34 15 43 5 39 12 25
Coste: 48960

GENERACION: 430
Mejor Solucion:  16 33 35 36 32 7 18 14 6 19 41 27 3 42 48 38 23 46 17 26 0 47 4 30 44 22 2 10 8 11 45 28 20 29 37 40 31 49 1 24 21 13 9 34 15 43 5 39 12 25
Coste: 48960

GENERACION: 435
Mejor Solucion:  16 33 35 36 32 7 18 14 6 19 41 27 3 42 48 38 23 46 17 26 0 47 4 30 44 22 2 10 8 11 45 28 20 29 37 40 31 49 1 24 21 13 9 34 15 43 5 39 12 25
Coste: 48960

GENERACION: 440
Mejor Solucion:  16 33 35 36 32 7 18 14 6 19 41 27 3 42 48 38 23 46 17 26 0 47 4 30 44 22 2 10 8 11 45 28 20 29 37 40 31 49 1 24 21 13 9 34 15 43 5 39 12 25
Coste: 48960

GENERACION: 445
Mejor Solucion:  16 33 35 36 32 7 18 14 6 19 41 27 3 42 48 38 23 46 17 26 0 47 4 30 44 22 2 10 8 11 45 28 20 29 37 40 31 49 1 24 21 13 9 34 15 43 5 39 12 25
Coste: 48960

GENERACION: 450
Mejor Solucion:  16 33 35 36 32 7 18 14 6 19 41 27 3 42 48 38 23 46 17 26 0 47 4 30 44 22 2 10 8 11 45 28 20 29 37 40 31 49 1 24 21 13 9 34 15 43 5 39 12 25
Coste: 48960

GENERACION: 455
Mejor Solucion:  16 33 35 36 32 7 18 14 6 19 41 27 3 42 48 38 23 46 17 26 0 47 4 30 44 22 2 10 8 11 45 28 20 29 37 40 31 49 1 24 21 13 9 34 15 43 5 39 12 25
Coste: 48960

GENERACION: 460
Mejor Solucion:  16 33 35 36 32 7 18 14 6 19 41 27 3 42 48 38 23 46 17 26 0 47 4 30 44 22 2 10 8 11 45 28 20 29 37 40 31 49 1 24 21 13 9 34 15 43 5 39 12 25
Coste: 48960

GENERACION: 465
Mejor Solucion:  16 33 35 36 32 7 18 14 6 19 41 27 3 42 48 38 23 46 17 26 0 47 4 30 44 22 2 10 8 11 45 28 20 29 37 40 31 49 1 24 21 13 9 34 15 43 5 39 12 25
Coste: 48960

GENERACION: 470
Mejor Solucion:  16 33 35 36 32 7 18 14 6 19 41 27 3 42 48 38 23 46 17 26 0 47 4 30 44 22 2 10 8 11 45 28 20 29 37 40 31 49 1 24 21 13 9 34 15 43 5 39 12 25
Coste: 48960

GENERACION: 475
Mejor Solucion:  16 33 35 36 32 7 18 14 6 19 41 27 3 42 48 38 23 46 17 26 0 47 4 30 44 22 2 10 8 11 45 28 20 29 37 40 31 49 1 24 21 13 9 34 15 43 5 39 12 25
Coste: 48960

GENERACION: 480
Mejor Solucion:  16 33 35 36 32 7 18 14 6 19 41 27 3 42 48 38 23 46 17 26 0 47 4 30 44 22 2 10 8 11 45 28 20 29 37 40 31 49 1 24 21 13 9 34 15 43 5 39 12 25
Coste: 48960

GENERACION: 485
Mejor Solucion:  16 33 35 36 32 7 18 14 6 19 41 27 3 42 48 38 23 46 17 26 0 47 4 30 44 22 2 10 8 11 45 28 20 29 37 40 31 49 1 24 21 13 9 34 15 43 5 39 12 25
Coste: 48960

GENERACION: 490
Mejor Solucion:  16 33 35 36 32 7 18 14 6 19 41 27 3 42 48 38 23 46 17 26 0 47 4 30 44 22 2 10 8 11 45 28 20 29 37 40 31 49 1 24 21 13 9 34 15 43 5 39 12 25
Coste: 48960

GENERACION: 495
Mejor Solucion:  16 33 35 36 32 7 18 14 6 19 41 27 3 42 48 38 23 46 17 26 0 47 4 30 44 22 2 10 8 11 45 28 20 29 37 40 31 49 1 24 21 13 9 34 15 43 5 39 12 25
Coste: 48960

GENERACION: 500
Mejor Solucion:  16 33 35 36 32 7 18 14 6 19 41 27 3 42 48 38 23 46 17 26 0 47 4 30 44 22 2 10 8 11 45 28 20 29 37 40 31 49 1 24 21 13 9 34 15 43 5 39 12 25
Coste: 48960

GENERACION: 505
Mejor Solucion:  16 33 35 36 32 7 18 14 6 19 41 27 3 42 48 38 23 46 17 26 0 47 4 30 44 22 2 10 8 11 45 28 20 29 37 40 31 49 1 24 21 13 9 34 15 43 5 39 12 25
Coste: 48960

GENERACION: 510
Mejor Solucion:  16 33 35 36 32 7 18 14 6 19 41 27 3 42 48 38 23 46 17 26 0 47 4 30 44 22 2 10 8 11 45 28 20 29 37 40 31 49 1 24 21 13 9 34 15 43 5 39 12 25
Coste: 48960

GENERACION: 515
Mejor Solucion:  16 33 35 36 32 7 18 14 6 19 41 27 3 42 48 38 23 46 17 26 0 47 4 30 44 22 2 10 8 11 45 28 20 29 37 40 31 49 1 24 21 13 9 34 15 43 5 39 12 25
Coste: 48960

GENERACION: 520
Mejor Solucion:  16 33 35 36 32 7 18 14 6 19 41 27 3 42 48 38 23 46 17 26 0 47 4 30 44 22 2 10 8 11 45 28 20 29 37 40 31 49 1 24 21 13 9 34 15 43 5 39 12 25
Coste: 48960

GENERACION: 525
Mejor Solucion:  16 33 35 36 32 7 18 14 6 19 41 27 3 42 48 38 23 46 17 26 0 47 4 30 44 22 2 10 8 11 45 28 20 29 37 40 31 49 1 24 21 13 9 34 15 43 5 39 12 25
Coste: 48960

GENERACION: 530
Mejor Solucion:  16 33 35 36 32 7 18 14 6 19 41 27 3 42 48 38 23 46 17 26 0 47 4 30 44 22 2 10 8 11 45 28 20 29 37 40 31 49 1 24 21 13 9 34 15 43 5 39 12 25
Coste: 48960

GENERACION: 535
Mejor Solucion:  16 33 35 36 32 7 18 14 6 19 41 27 3 42 48 38 23 46 17 26 0 47 4 30 44 22 2 10 8 11 45 28 20 29 37 40 31 49 1 24 21 13 9 34 15 43 5 39 12 25
Coste: 48960

GENERACION: 540
Mejor Solucion:  16 33 35 36 32 7 18 14 6 19 41 27 3 42 48 38 23 46 17 26 0 47 4 30 44 22 2 10 8 11 45 28 20 29 37 40 31 49 1 24 21 13 9 34 15 43 5 39 12 25
Coste: 48960

GENERACION: 545
Mejor Solucion:  16 33 35 36 32 7 18 14 6 19 41 27 3 42 48 38 23 46 17 26 0 47 4 30 44 22 2 10 8 11 45 28 20 29 37 40 31 49 1 24 21 13 9 34 15 43 5 39 12 25
Coste: 48960

GENERACION: 550
Mejor Solucion:  16 33 35 36 32 7 18 14 6 19 41 27 3 42 48 38 23 46 17 26 0 47 4 30 44 22 2 10 8 11 45 28 20 29 37 40 31 49 1 24 21 13 9 34 15 43 5 39 12 25
Coste: 48960

GENERACION: 555
Mejor Solucion:  16 33 35 36 32 7 18 14 6 19 41 27 3 42 48 38 23 46 17 26 0 47 4 30 44 22 2 10 8 11 45 28 20 29 37 40 31 49 1 24 21 13 9 34 15 43 5 39 12 25
Coste: 48960

GENERACION: 560
Mejor Solucion:  16 33 35 36 32 7 18 14 6 19 41 27 3 42 48 38 23 46 17 26 0 47 4 30 44 22 2 10 8 11 45 28 20 29 37 40 31 49 1 24 21 13 9 34 15 43 5 39 12 25
Coste: 48960

GENERACION: 565
Mejor Solucion:  16 33 35 36 32 7 18 14 6 19 41 27 3 42 48 38 23 46 17 26 0 47 4 30 44 22 2 10 8 11 45 28 20 29 37 40 31 49 1 24 21 13 9 34 15 43 5 39 12 25
Coste: 48960

GENERACION: 570
Mejor Solucion:  16 33 35 36 32 7 18 14 6 19 41 27 3 42 48 38 23 46 17 26 0 47 4 30 44 22 2 10 8 11 45 28 20 29 37 40 31 49 1 24 21 13 9 34 15 43 5 39 12 25
Coste: 48960

GENERACION: 575
Mejor Solucion:  16 33 35 36 32 7 18 14 6 19 41 27 3 42 48 38 23 46 17 26 0 47 4 30 44 22 2 10 8 11 45 28 20 29 37 40 31 49 1 24 21 13 9 34 15 43 5 39 12 25
Coste: 48960

GENERACION: 580
Mejor Solucion:  16 33 35 36 32 7 18 14 6 19 41 27 3 42 48 38 23 46 17 26 0 47 4 30 44 22 2 10 8 11 45 28 20 29 37 40 31 49 1 24 21 13 9 34 15 43 5 39 12 25
Coste: 48960

GENERACION: 585
Mejor Solucion:  16 33 35 36 32 7 18 14 6 19 41 27 3 42 48 38 23 46 17 26 0 47 4 30 44 22 2 10 8 11 45 28 20 29 37 40 31 49 1 24 21 13 9 34 15 43 5 39 12 25
Coste: 48960

GENERACION: 590
Mejor Solucion:  16 33 35 36 32 7 18 14 6 19 41 27 3 42 48 38 23 46 17 26 0 47 4 30 44 22 2 10 8 11 45 28 20 29 37 40 31 49 1 24 21 13 9 34 15 43 5 39 12 25
Coste: 48960

GENERACION: 595
Mejor Solucion:  16 33 35 36 32 7 18 14 6 19 41 27 3 42 48 38 23 46 17 26 0 47 4 30 44 22 2 10 8 11 45 28 20 29 37 40 31 49 1 24 21 13 9 34 15 43 5 39 12 25
Coste: 48960

GENERACION: 600
Mejor Solucion:  16 33 35 36 32 7 18 14 6 19 41 27 3 42 48 38 23 46 17 26 0 47 4 30 44 22 2 10 8 11 45 28 20 29 37 40 31 49 1 24 21 13 9 34 15 43 5 39 12 25
Coste: 48960

GENERACION: 605
Mejor Solucion:  16 33 35 36 32 7 18 14 6 19 41 27 3 42 48 38 23 46 17 26 0 47 4 30 44 22 2 10 8 11 45 28 20 29 37 40 31 49 1 24 21 13 9 34 15 43 5 39 12 25
Coste: 48960

GENERACION: 610
Mejor Solucion:  16 33 35 36 32 7 18 14 6 19 41 27 3 42 48 38 23 46 17 26 0 47 4 30 44 22 2 10 8 11 45 28 20 29 37 40 31 49 1 24 21 13 9 34 15 43 5 39 12 25
Coste: 48960

GENERACION: 615
Mejor Solucion:  16 33 35 36 32 7 18 14 6 19 41 27 3 42 48 38 23 46 17 26 0 47 4 30 44 22 2 10 8 11 45 28 20 29 37 40 31 49 1 24 21 13 9 34 15 43 5 39 12 25
Coste: 48960

GENERACION: 620
Mejor Solucion:  16 33 35 36 32 7 18 14 6 19 41 27 3 42 48 38 23 46 17 26 0 47 4 30 44 22 2 10 8 11 45 28 20 29 37 40 31 49 1 24 21 13 9 34 15 43 5 39 12 25
Coste: 48960

GENERACION: 625
Mejor Solucion:  16 33 35 36 32 7 18 14 6 19 41 27 3 42 48 38 23 46 17 26 0 47 4 30 44 22 2 10 8 11 45 28 20 29 37 40 31 49 1 24 21 13 9 34 15 43 5 39 12 25
Coste: 48960

GENERACION: 630
Mejor Solucion:  16 33 35 36 32 7 18 14 6 19 41 27 3 42 48 38 23 46 17 26 0 47 4 30 44 22 2 10 8 11 45 28 20 29 37 40 31 49 1 24 21 13 9 34 15 43 5 39 12 25
Coste: 48960

GENERACION: 635
Mejor Solucion:  16 33 35 36 32 7 18 14 6 19 41 27 3 42 48 38 23 46 17 26 0 47 4 30 44 22 2 10 8 11 45 28 20 29 37 40 31 49 1 24 21 13 9 34 15 43 5 39 12 25
Coste: 48960

GENERACION: 640
Mejor Solucion:  16 33 35 36 32 7 18 14 6 19 41 27 3 42 48 38 23 46 17 26 0 47 4 30 44 22 2 10 8 11 45 28 20 29 37 40 31 49 1 24 21 13 9 34 15 43 5 39 12 25
Coste: 48960

GENERACION: 645
Mejor Solucion:  16 33 35 36 32 7 18 14 6 19 41 27 3 42 48 38 23 46 17 26 0 47 4 30 44 22 2 10 8 11 45 28 20 29 37 40 31 49 1 24 21 13 9 34 15 43 5 39 12 25
Coste: 48960

GENERACION: 650
Mejor Solucion:  16 33 35 36 32 7 18 14 6 19 41 27 3 42 48 38 23 46 17 26 0 47 4 30 44 22 2 10 8 11 45 28 20 29 37 40 31 49 1 24 21 13 9 34 15 43 5 39 12 25
Coste: 48960

GENERACION: 655
Mejor Solucion:  16 33 35 36 32 7 18 14 6 19 41 27 3 42 48 38 23 46 17 26 0 47 4 30 44 22 2 10 8 11 45 28 20 29 37 40 31 49 1 24 21 13 9 34 15 43 5 39 12 25
Coste: 48960

GENERACION: 660
Mejor Solucion:  16 33 35 36 32 7 18 14 6 19 41 27 3 42 48 38 23 46 17 26 0 47 4 30 44 22 2 10 8 11 45 28 20 29 37 40 31 49 1 24 21 13 9 34 15 43 5 39 12 25
Coste: 48960

GENERACION: 665
Mejor Solucion:  16 33 35 36 32 7 18 14 6 19 41 27 3 42 48 38 23 46 17 26 0 47 4 30 44 22 2 10 8 11 45 28 20 29 37 40 31 49 1 24 21 13 9 34 15 43 5 39 12 25
Coste: 48960

GENERACION: 670
Mejor Solucion:  16 33 35 36 32 7 18 14 6 19 41 27 3 42 48 38 23 46 17 26 0 47 4 30 44 22 2 10 8 11 45 28 20 29 37 40 31 49 1 24 21 13 9 34 15 43 5 39 12 25
Coste: 48960

GENERACION: 675
Mejor Solucion:  16 33 35 36 32 7 18 14 6 19 41 27 3 42 48 38 23 46 17 26 0 47 4 30 44 22 2 10 8 11 45 28 20 29 37 40 31 49 1 24 21 13 9 34 15 43 5 39 12 25
Coste: 48960

GENERACION: 680
Mejor Solucion:  16 33 35 36 32 7 18 14 6 19 41 27 3 42 48 38 23 46 17 26 0 47 4 30 44 22 2 10 8 11 45 28 20 29 37 40 31 49 1 24 21 13 9 34 15 43 5 39 12 25
Coste: 48960

GENERACION: 685
Mejor Solucion:  16 33 35 36 32 7 18 14 6 19 41 27 3 42 48 38 23 46 17 26 0 47 4 30 44 22 2 10 8 11 45 28 20 29 37 40 31 49 1 24 21 13 9 34 15 43 5 39 12 25
Coste: 48960

GENERACION: 690
Mejor Solucion:  16 33 35 36 32 7 18 14 6 19 41 27 3 42 48 38 23 46 17 26 0 47 4 30 44 22 2 10 8 11 45 28 20 29 37 40 31 49 1 24 21 13 9 34 15 43 5 39 12 25
Coste: 48960

GENERACION: 695
Mejor Solucion:  16 33 35 36 32 7 18 14 6 19 41 27 3 42 48 38 23 46 17 26 0 47 4 30 44 22 2 10 8 11 45 28 20 29 37 40 31 49 1 24 21 13 9 34 15 43 5 39 12 25
Coste: 48960

GENERACION: 700
Mejor Solucion:  16 33 35 36 32 7 18 14 6 19 41 27 3 42 48 38 23 46 17 26 0 47 4 30 44 22 2 10 8 11 45 28 20 29 37 40 31 49 1 24 21 13 9 34 15 43 5 39 12 25
Coste: 48960

GENERACION: 705
Mejor Solucion:  16 33 35 36 32 7 18 14 6 19 41 27 3 42 48 38 23 46 17 26 0 47 4 30 44 22 2 10 8 11 45 28 20 29 37 40 31 49 1 24 21 13 9 34 15 43 5 39 12 25
Coste: 48960

GENERACION: 710
Mejor Solucion:  16 33 35 36 32 7 18 14 6 19 41 27 3 42 48 38 23 46 17 26 0 47 4 30 44 22 2 10 8 11 45 28 20 29 37 40 31 49 1 24 21 13 9 34 15 43 5 39 12 25
Coste: 48960

GENERACION: 715
Mejor Solucion:  16 33 35 36 32 7 18 14 6 19 41 27 3 42 48 38 23 46 17 26 0 47 4 30 44 22 2 10 8 11 45 28 20 29 37 40 31 49 1 24 21 13 9 34 15 43 5 39 12 25
Coste: 48960

GENERACION: 720
Mejor Solucion:  16 33 35 36 32 7 18 14 6 19 41 27 3 42 48 38 23 46 17 26 0 47 4 30 44 22 2 10 8 11 45 28 20 29 37 40 31 49 1 24 21 13 9 34 15 43 5 39 12 25
Coste: 48960

GENERACION: 725
Mejor Solucion:  16 33 35 36 32 7 18 14 6 19 41 27 3 42 48 38 23 46 17 26 0 47 4 30 44 22 2 10 8 11 45 28 20 29 37 40 31 49 1 24 21 13 9 34 15 43 5 39 12 25
Coste: 48960

GENERACION: 730
Mejor Solucion:  16 33 35 36 32 7 18 14 6 19 41 27 3 42 48 38 23 46 17 26 0 47 4 30 44 22 2 10 8 11 45 28 20 29 37 40 31 49 1 24 21 13 9 34 15 43 5 39 12 25
Coste: 48960

GENERACION: 735
Mejor Solucion:  16 33 35 36 32 7 18 14 6 19 41 27 3 42 48 38 23 46 17 26 0 47 4 30 44 22 2 10 8 11 45 28 20 29 37 40 31 49 1 24 21 13 9 34 15 43 5 39 12 25
Coste: 48960

GENERACION: 740
Mejor Solucion:  16 33 35 36 32 7 18 14 6 19 41 27 3 42 48 38 23 46 17 26 0 47 4 30 44 22 2 10 8 11 45 28 20 29 37 40 31 49 1 24 21 13 9 34 15 43 5 39 12 25
Coste: 48960

GENERACION: 745
Mejor Solucion:  16 33 35 36 32 7 18 14 6 19 41 27 3 42 48 38 23 46 17 26 0 47 4 30 44 22 2 10 8 11 45 28 20 29 37 40 31 49 1 24 21 13 9 34 15 43 5 39 12 25
Coste: 48960

GENERACION: 750
Mejor Solucion:  16 33 35 36 32 7 18 14 6 19 41 27 3 42 48 38 23 46 17 26 0 47 4 30 44 22 2 10 8 11 45 28 20 29 37 40 31 49 1 24 21 13 9 34 15 43 5 39 12 25
Coste: 48960

GENERACION: 755
Mejor Solucion:  16 33 35 36 32 7 18 14 6 19 41 27 3 42 48 38 23 46 17 26 0 47 4 30 44 22 2 10 8 11 45 28 20 29 37 40 31 49 1 24 21 13 9 34 15 43 5 39 12 25
Coste: 48960

GENERACION: 760
Mejor Solucion:  16 33 35 36 32 7 18 14 6 19 41 27 3 42 48 38 23 46 17 26 0 47 4 30 44 22 2 10 8 11 45 28 20 29 37 40 31 49 1 24 21 13 9 34 15 43 5 39 12 25
Coste: 48960

GENERACION: 765
Mejor Solucion:  16 33 35 36 32 7 18 14 6 19 41 27 3 42 48 38 23 46 17 26 0 47 4 30 44 22 2 10 8 11 45 28 20 29 37 40 31 49 1 24 21 13 9 34 15 43 5 39 12 25
Coste: 48960

GENERACION: 770
Mejor Solucion:  16 33 35 36 32 7 18 14 6 19 41 27 3 42 48 38 23 46 17 26 0 47 4 30 44 22 2 10 8 11 45 28 20 29 37 40 31 49 1 24 21 13 9 34 15 43 5 39 12 25
Coste: 48960

GENERACION: 775
Mejor Solucion:  16 33 35 36 32 7 18 14 6 19 41 27 3 42 48 38 23 46 17 26 0 47 4 30 44 22 2 10 8 11 45 28 20 29 37 40 31 49 1 24 21 13 9 34 15 43 5 39 12 25
Coste: 48960

GENERACION: 780
Mejor Solucion:  16 33 35 36 32 7 18 14 6 19 41 27 3 42 48 38 23 46 17 26 0 47 4 30 44 22 2 10 8 11 45 28 20 29 37 40 31 49 1 24 21 13 9 34 15 43 5 39 12 25
Coste: 48960

GENERACION: 785
Mejor Solucion:  16 33 35 36 32 7 18 14 6 19 41 27 3 42 48 38 23 46 17 26 0 47 4 30 44 22 2 10 8 11 45 28 20 29 37 40 31 49 1 24 21 13 9 34 15 43 5 39 12 25
Coste: 48960

GENERACION: 790
Mejor Solucion:  45 27 41 16 33 35 18 14 19 6 47 29 48 36 32 42 30 7 10 17 13 20 4 3 38 2 23 46 8 26 0 9 15 5 37 40 31 39 11 49 21 28 34 43 44 22 1 12 24 25
Coste: 48938

GENERACION: 795
Mejor Solucion:  45 27 41 16 33 35 18 14 19 6 47 29 48 36 32 42 30 7 10 17 13 20 4 3 38 2 23 46 8 26 0 9 15 5 37 40 31 39 11 49 21 28 34 43 44 22 1 12 24 25
Coste: 48938

GENERACION: 800
Mejor Solucion:  45 27 41 16 33 35 18 14 19 6 47 29 48 36 32 42 30 7 10 17 13 20 4 3 38 2 23 46 8 26 0 9 15 5 37 40 31 39 11 49 21 28 34 43 44 22 1 12 24 25
Coste: 48938

GENERACION: 805
Mejor Solucion:  45 27 41 16 33 35 18 14 19 6 47 29 48 36 32 42 30 7 10 17 13 20 4 3 38 2 23 46 8 26 0 9 15 5 37 40 31 39 11 49 21 28 34 43 44 22 1 12 24 25
Coste: 48938

GENERACION: 810
Mejor Solucion:  45 27 41 16 33 35 18 14 19 6 47 29 48 36 32 42 30 7 10 17 13 20 4 3 38 2 23 46 8 26 0 9 15 5 37 40 31 39 11 49 21 28 34 43 44 22 1 12 24 25
Coste: 48938

GENERACION: 815
Mejor Solucion:  45 27 41 16 33 35 18 14 19 6 47 29 48 36 32 42 30 7 10 17 13 20 4 3 38 2 23 46 8 26 0 9 15 5 37 40 31 39 11 49 21 28 34 43 44 22 1 12 24 25
Coste: 48938

GENERACION: 820
Mejor Solucion:  45 27 41 16 33 35 18 14 19 6 47 29 48 36 32 42 30 7 10 17 13 20 4 3 38 2 23 46 8 26 0 9 15 5 37 40 31 39 11 49 21 28 34 43 44 22 1 12 24 25
Coste: 48938

GENERACION: 825
Mejor Solucion:  45 27 41 16 33 35 18 14 19 6 47 29 48 36 32 42 30 7 10 17 13 20 4 3 38 2 23 46 8 26 0 9 15 5 37 40 31 39 11 49 21 28 34 43 44 22 1 12 24 25
Coste: 48938

GENERACION: 830
Mejor Solucion:  45 27 41 16 33 35 18 14 19 6 47 29 48 36 32 42 30 7 10 17 13 20 4 3 38 2 23 46 8 26 0 9 15 5 37 40 31 39 11 49 21 28 34 43 44 22 1 12 24 25
Coste: 48938

GENERACION: 835
Mejor Solucion:  45 27 41 16 33 35 18 14 19 6 47 29 48 36 32 42 30 7 10 17 13 20 4 3 38 2 23 46 8 26 0 9 15 5 37 40 31 39 11 49 21 28 34 43 44 22 1 12 24 25
Coste: 48938

GENERACION: 840
Mejor Solucion:  45 27 41 16 33 35 18 14 19 6 47 29 48 36 32 42 30 7 10 17 13 20 4 3 38 2 23 46 8 26 0 9 15 5 37 40 31 39 11 49 21 28 34 43 44 22 1 12 24 25
Coste: 48938

GENERACION: 845
Mejor Solucion:  45 27 41 16 33 35 18 14 19 6 47 29 48 36 32 42 30 7 10 17 13 20 4 3 38 2 23 46 8 26 0 9 15 5 37 40 31 39 11 49 21 28 34 43 44 22 1 12 24 25
Coste: 48938

GENERACION: 850
Mejor Solucion:  45 27 41 16 33 35 18 14 19 6 47 29 48 36 32 42 30 7 10 17 13 20 4 3 38 2 23 46 8 26 0 9 15 5 37 40 31 39 11 49 21 28 34 43 44 22 1 12 24 25
Coste: 48938

GENERACION: 855
Mejor Solucion:  45 27 41 16 33 35 18 14 19 6 47 29 48 36 32 42 30 7 10 17 13 20 4 3 38 2 23 46 8 26 0 9 15 5 37 40 31 39 11 49 21 28 34 43 44 22 1 12 24 25
Coste: 48938

GENERACION: 860
Mejor Solucion:  45 27 41 16 33 35 18 14 19 6 47 29 48 36 32 42 30 7 10 17 13 20 4 3 38 2 23 46 8 26 0 9 15 5 37 40 31 39 11 49 21 28 34 43 44 22 1 12 24 25
Coste: 48938

GENERACION: 865
Mejor Solucion:  45 27 41 16 33 35 18 14 19 6 47 29 48 36 32 42 30 7 10 17 13 20 4 3 38 2 23 46 8 26 0 9 15 5 37 40 31 39 11 49 21 28 34 43 44 22 1 12 24 25
Coste: 48938

GENERACION: 870
Mejor Solucion:  45 27 41 16 33 35 18 14 19 6 47 29 48 36 32 42 30 7 10 17 13 20 4 3 38 2 23 46 8 26 0 9 15 5 37 40 31 39 11 49 21 28 34 43 44 22 1 12 24 25
Coste: 48938

GENERACION: 875
Mejor Solucion:  45 27 41 16 33 35 18 14 19 6 47 29 48 36 32 42 30 7 10 17 13 20 4 3 38 2 23 46 8 26 0 9 15 5 37 40 31 39 11 49 21 28 34 43 44 22 1 12 24 25
Coste: 48938

GENERACION: 880
Mejor Solucion:  45 27 41 16 33 35 18 14 19 6 47 29 48 36 32 42 30 7 10 17 13 20 4 3 38 2 23 46 8 26 0 9 15 5 37 40 31 39 11 49 21 28 34 43 44 22 1 12 24 25
Coste: 48938

GENERACION: 885
Mejor Solucion:  45 27 41 16 33 35 18 14 19 6 47 29 48 36 32 42 30 7 10 17 13 20 4 3 38 2 23 46 8 26 0 9 15 5 37 40 31 39 11 49 21 28 34 43 44 22 1 12 24 25
Coste: 48938

GENERACION: 890
Mejor Solucion:  45 27 41 16 33 35 18 14 19 6 47 29 48 36 32 42 30 7 10 17 13 20 4 3 38 2 23 46 8 26 0 9 15 5 37 40 31 39 11 49 21 28 34 43 44 22 1 12 24 25
Coste: 48938

GENERACION: 895
Mejor Solucion:  45 27 41 16 33 35 18 14 19 6 47 29 48 36 32 42 30 7 10 17 13 20 4 3 38 2 23 46 8 26 0 9 15 5 37 40 31 39 11 49 21 28 34 43 44 22 1 12 24 25
Coste: 48938

GENERACION: 900
Mejor Solucion:  45 27 41 16 33 35 18 14 19 6 47 29 48 36 32 42 30 7 10 17 13 20 4 3 38 2 23 46 8 26 0 9 15 5 37 40 31 39 11 49 21 28 34 43 44 22 1 12 24 25
Coste: 48938

GENERACION: 905
Mejor Solucion:  45 27 41 16 33 35 18 14 19 6 47 29 48 36 32 42 30 7 10 17 13 20 4 3 38 2 23 46 8 26 0 9 15 5 37 40 31 39 11 49 21 28 34 43 44 22 1 12 24 25
Coste: 48938

GENERACION: 910
Mejor Solucion:  45 27 41 16 33 35 18 14 19 6 47 29 48 36 32 42 30 7 10 17 13 20 4 3 38 2 23 46 8 26 0 9 15 5 37 40 31 39 11 49 21 28 34 43 44 22 1 12 24 25
Coste: 48938

GENERACION: 915
Mejor Solucion:  45 27 41 16 33 35 18 14 19 6 47 29 48 36 32 42 30 7 10 17 13 20 4 3 38 2 23 46 8 26 0 9 15 5 37 40 31 39 11 49 21 28 34 43 44 22 1 12 24 25
Coste: 48938

GENERACION: 920
Mejor Solucion:  45 27 41 16 33 35 18 14 19 6 47 29 48 36 32 42 30 7 10 17 13 20 4 3 38 2 23 46 8 26 0 9 15 5 37 40 31 39 11 49 21 28 34 43 44 22 1 12 24 25
Coste: 48938

GENERACION: 925
Mejor Solucion:  45 27 41 16 33 35 18 14 19 6 47 29 48 36 32 42 30 7 10 17 13 20 4 3 38 2 23 46 8 26 0 9 15 5 37 40 31 39 11 49 21 28 34 43 44 22 1 12 24 25
Coste: 48938

GENERACION: 930
Mejor Solucion:  45 27 41 16 33 35 18 14 19 6 47 29 48 36 32 42 30 7 10 17 13 20 4 3 38 2 23 46 8 26 0 9 15 5 37 40 31 39 11 49 21 28 34 43 44 22 1 12 24 25
Coste: 48938

GENERACION: 935
Mejor Solucion:  45 27 41 16 33 35 18 14 19 6 47 29 48 36 32 42 30 7 10 17 13 20 4 3 38 2 23 46 8 26 0 9 15 5 37 40 31 39 11 49 21 28 34 43 44 22 1 12 24 25
Coste: 48938

GENERACION: 940
Mejor Solucion:  45 27 41 16 33 35 18 14 19 6 47 29 48 36 32 42 30 7 10 17 13 20 4 3 38 2 23 46 8 26 0 9 15 5 37 40 31 39 11 49 21 28 34 43 44 22 1 12 24 25
Coste: 48938

GENERACION: 945
Mejor Solucion:  45 27 41 16 33 35 18 14 19 6 47 29 48 36 32 42 30 7 10 17 13 20 4 3 38 2 23 46 8 26 0 9 15 5 37 40 31 39 11 49 21 28 34 43 44 22 1 12 24 25
Coste: 48938

GENERACION: 950
Mejor Solucion:  45 27 41 16 33 35 18 14 19 6 47 29 48 36 32 42 30 7 10 17 13 20 4 3 38 2 23 46 8 26 0 9 15 5 37 40 31 39 11 49 21 28 34 43 44 22 1 12 24 25
Coste: 48938

GENERACION: 955
Mejor Solucion:  45 27 41 16 33 35 18 14 19 6 47 29 48 36 32 42 30 7 10 17 13 20 4 3 38 2 23 46 8 26 0 9 15 5 37 40 31 39 11 49 21 28 34 43 44 22 1 12 24 25
Coste: 48938

GENERACION: 960
Mejor Solucion:  45 27 41 16 33 35 18 14 19 6 47 29 48 36 32 42 30 7 10 17 13 20 4 3 38 2 23 46 8 26 0 9 15 5 37 40 31 39 11 49 21 28 34 43 44 22 1 12 24 25
Coste: 48938

GENERACION: 965
Mejor Solucion:  45 27 41 16 33 35 18 14 19 6 47 29 48 36 32 42 30 7 10 17 13 20 4 3 38 2 23 46 8 26 0 9 15 5 37 40 31 39 11 49 21 28 34 43 44 22 1 12 24 25
Coste: 48938

GENERACION: 970
Mejor Solucion:  45 27 41 16 33 35 18 14 19 6 47 29 48 36 32 42 30 7 10 17 13 20 4 3 38 2 23 46 8 26 0 9 15 5 37 40 31 39 11 49 21 28 34 43 44 22 1 12 24 25
Coste: 48938

GENERACION: 975
Mejor Solucion:  45 27 41 16 33 35 18 14 19 6 47 29 48 36 32 42 30 7 10 17 13 20 4 3 38 2 23 46 8 26 0 9 15 5 37 40 31 39 11 49 21 28 34 43 44 22 1 12 24 25
Coste: 48938

GENERACION: 980
Mejor Solucion:  45 27 41 16 33 35 18 14 19 6 47 29 48 36 32 42 30 7 10 17 13 20 4 3 38 2 23 46 8 26 0 9 15 5 37 40 31 39 11 49 21 28 34 43 44 22 1 12 24 25
Coste: 48938

GENERACION: 985
Mejor Solucion:  45 27 41 16 33 35 18 14 19 6 47 29 48 36 32 42 30 7 10 17 13 20 4 3 38 2 23 46 8 26 0 9 15 5 37 40 31 39 11 49 21 28 34 43 44 22 1 12 24 25
Coste: 48938

GENERACION: 990
Mejor Solucion:  45 27 41 16 33 35 18 14 19 6 47 29 48 36 32 42 30 7 10 17 13 20 4 3 38 2 23 46 8 26 0 9 15 5 37 40 31 39 11 49 21 28 34 43 44 22 1 12 24 25
Coste: 48938

GENERACION: 995
Mejor Solucion:  45 27 41 16 33 35 18 14 19 6 47 29 48 36 32 42 30 7 10 17 13 20 4 3 38 2 23 46 8 26 0 9 15 5 37 40 31 39 11 49 21 28 34 43 44 22 1 12 24 25
Coste: 48938

GENERACION: 1000
Mejor Solucion:  45 27 41 16 33 35 18 14 19 6 47 29 48 36 32 42 30 7 10 17 13 20 4 3 38 2 23 46 8 26 0 9 15 5 37 40 31 39 11 49 21 28 34 43 44 22 1 12 24 25
Coste: 48938

