GENERACION: 5
Mejor Solucion:  25 46 6 14 5 19 31 45 43 10 49 30 44 36 24 41 34 42 47 4 38 32 3 2 17 29 16 22 23 26 33 35 21 27 37 9 0 18 48 28 8 13 20 1 7 15 12 40 39 11
Coste: 53990

GENERACION: 10
Mejor Solucion:  21 34 13 24 10 31 29 30 14 19 25 28 9 43 5 15 49 46 39 12 47 26 11 23 20 40 2 8 7 1 0 4 27 44 42 37 38 48 18 22 45 3 16 32 41 36 17 33 35 6
Coste: 52117

GENERACION: 15
Mejor Solucion:  21 34 13 29 39 5 35 14 49 1 47 28 16 41 44 15 30 46 10 12 25 26 11 23 20 40 2 8 7 19 0 4 27 31 42 37 38 48 18 22 45 3 9 32 43 36 17 33 24 6
Coste: 50947

GENERACION: 20
Mejor Solucion:  45 28 34 5 39 29 31 14 19 1 21 9 13 20 23 15 40 24 49 12 0 27 43 41 10 2 37 46 18 22 25 47 4 44 11 48 38 30 8 17 26 3 16 32 42 7 36 33 35 6
Coste: 50117

GENERACION: 25
Mejor Solucion:  45 28 34 5 39 29 31 14 19 1 21 9 13 20 23 15 40 24 49 12 0 27 43 41 10 2 37 46 18 22 25 47 4 44 11 48 38 30 8 17 26 3 16 32 42 7 36 33 35 6
Coste: 50117

GENERACION: 30
Mejor Solucion:  45 34 27 41 29 5 39 24 1 25 21 13 9 20 31 15 40 46 49 12 0 28 43 23 10 37 2 30 14 22 47 4 3 44 42 36 48 38 8 17 26 16 11 32 19 7 18 33 35 6
Coste: 49423

GENERACION: 35
Mejor Solucion:  45 34 27 41 29 5 39 24 1 25 21 13 9 20 31 15 40 46 49 12 0 28 43 23 10 37 2 30 14 22 47 4 3 44 42 36 48 38 8 17 26 16 11 32 19 7 18 33 35 6
Coste: 49423

GENERACION: 40
Mejor Solucion:  45 34 27 41 29 5 39 24 1 25 21 13 9 20 31 15 40 46 49 12 0 28 43 23 10 37 2 30 14 22 47 4 3 44 42 36 48 38 8 17 26 16 11 32 19 7 18 33 35 6
Coste: 49423

GENERACION: 45
Mejor Solucion:  45 34 27 41 29 5 39 24 1 25 21 13 9 20 31 15 40 46 49 12 0 28 43 23 10 37 2 30 14 22 47 4 3 44 42 36 48 38 8 17 26 16 11 32 19 7 18 33 35 6
Coste: 49423

GENERACION: 50
Mejor Solucion:  45 34 27 5 41 29 39 31 1 19 21 28 9 20 15 40 46 10 49 24 0 13 43 12 23 37 2 22 14 11 47 4 16 44 48 38 30 18 8 17 25 26 3 32 36 7 42 35 33 6
Coste: 49277

GENERACION: 55
Mejor Solucion:  45 34 27 5 41 29 39 31 1 19 21 28 9 20 15 40 46 10 49 24 0 13 43 12 23 37 2 22 14 11 47 4 16 44 48 38 30 18 8 17 25 26 3 32 36 7 42 35 33 6
Coste: 49277

GENERACION: 60
Mejor Solucion:  45 34 27 5 41 29 39 31 1 19 21 28 9 20 15 40 46 10 49 24 0 13 43 12 23 37 2 22 14 11 47 4 16 44 48 38 30 18 8 17 25 26 3 32 36 7 42 35 33 6
Coste: 49277

GENERACION: 65
Mejor Solucion:  45 34 27 5 41 29 39 31 1 19 21 28 9 20 15 40 46 10 49 24 0 13 43 12 23 37 2 22 14 11 47 4 16 44 48 38 30 18 8 17 25 26 3 32 36 7 42 35 33 6
Coste: 49277

GENERACION: 70
Mejor Solucion:  45 34 41 5 29 39 31 1 14 19 13 28 27 20 15 46 10 12 49 24 21 9 43 11 23 37 40 22 30 25 0 47 16 44 48 38 2 42 8 17 4 26 3 32 36 7 18 35 33 6
Coste: 49220

GENERACION: 75
Mejor Solucion:  45 34 41 5 29 39 31 1 14 19 13 28 27 20 15 46 10 12 49 24 21 9 43 11 23 37 40 22 30 25 0 47 16 44 48 38 2 42 8 17 4 26 3 32 36 7 18 35 33 6
Coste: 49220

GENERACION: 80
Mejor Solucion:  45 34 41 5 29 39 31 1 14 19 13 28 27 20 15 46 10 12 49 24 21 9 43 11 23 37 40 22 30 25 0 47 16 44 48 38 2 42 8 17 4 26 3 32 36 7 18 35 33 6
Coste: 49220

GENERACION: 85
Mejor Solucion:  45 34 41 5 29 39 31 1 14 19 13 28 27 20 15 46 10 12 49 24 21 9 43 11 23 37 40 22 30 25 0 47 16 44 48 38 2 42 8 17 4 26 3 32 36 7 18 35 33 6
Coste: 49220

GENERACION: 90
Mejor Solucion:  45 34 41 5 29 39 31 1 14 19 13 28 27 20 15 46 10 12 49 24 21 9 43 11 23 37 40 22 30 25 0 47 16 44 48 38 2 42 8 17 4 26 3 32 36 7 18 35 33 6
Coste: 49220

GENERACION: 95
Mejor Solucion:  45 34 41 5 29 39 31 1 14 19 13 28 27 20 15 46 10 12 49 24 21 9 43 11 23 37 40 22 30 25 0 47 16 44 48 38 2 42 8 17 4 26 3 32 36 7 18 35 33 6
Coste: 49220

GENERACION: 100
Mejor Solucion:  45 27 34 41 5 29 31 39 1 19 28 9 13 20 15 23 40 14 49 24 21 16 33 43 36 48 18 46 10 12 47 4 42 44 35 38 22 30 17 6 0 26 3 32 7 37 2 11 8 25
Coste: 49218

GENERACION: 105
Mejor Solucion:  45 27 34 41 5 29 31 39 1 19 28 9 13 20 15 23 40 14 49 24 21 16 33 43 36 48 18 46 10 12 47 4 42 44 35 38 22 30 17 6 0 26 3 32 7 37 2 11 8 25
Coste: 49218

GENERACION: 110
Mejor Solucion:  45 34 27 41 5 29 31 39 1 19 13 28 9 20 15 40 23 14 49 24 21 4 43 36 38 48 2 46 10 17 47 16 44 42 35 7 22 30 12 6 0 26 3 32 33 37 18 11 8 25
Coste: 49097

GENERACION: 115
Mejor Solucion:  45 34 27 41 5 29 31 39 1 19 13 28 9 20 15 40 23 14 49 24 21 4 43 36 38 48 2 46 10 17 47 16 44 42 35 7 22 30 12 6 0 26 3 32 33 37 18 11 8 25
Coste: 49097

GENERACION: 120
Mejor Solucion:  45 34 27 41 5 29 31 39 1 19 13 28 9 20 15 40 23 14 49 24 21 4 43 36 38 48 2 46 10 17 47 16 44 42 35 7 22 30 12 6 0 26 3 32 33 37 18 11 8 25
Coste: 49097

GENERACION: 125
Mejor Solucion:  45 34 27 41 5 29 31 39 1 19 13 28 9 20 15 40 23 14 49 24 21 4 43 36 38 48 2 46 10 17 47 16 44 42 35 7 22 30 12 6 0 26 3 32 33 37 18 11 8 25
Coste: 49097

GENERACION: 130
Mejor Solucion:  45 34 27 41 5 29 31 39 1 19 13 28 9 20 15 40 23 14 49 24 21 4 43 36 38 48 2 46 10 17 47 16 44 42 35 7 22 30 12 6 0 26 3 32 33 37 18 11 8 25
Coste: 49097

GENERACION: 135
Mejor Solucion:  45 34 27 41 5 29 31 39 1 19 13 28 9 20 15 40 23 14 49 24 21 4 43 36 38 48 2 46 10 17 47 16 44 42 35 7 22 30 12 6 0 26 3 32 33 37 18 11 8 25
Coste: 49097

GENERACION: 140
Mejor Solucion:  45 34 27 41 5 29 31 39 1 19 13 28 9 20 15 40 23 14 49 24 21 4 43 36 38 48 2 46 10 17 47 16 44 42 35 7 22 30 12 6 0 26 3 32 33 37 18 11 8 25
Coste: 49097

GENERACION: 145
Mejor Solucion:  45 34 27 41 5 29 39 11 1 19 13 28 9 20 15 40 31 23 49 24 21 3 43 36 38 37 46 2 10 12 0 4 44 42 35 48 7 22 17 25 47 26 16 32 33 30 18 14 8 6
Coste: 49090

GENERACION: 150
Mejor Solucion:  45 34 27 41 5 29 39 11 1 19 13 28 9 20 15 40 31 23 49 24 21 3 43 36 38 37 46 2 10 12 0 4 44 42 35 48 7 22 17 25 47 26 16 32 33 30 18 14 8 6
Coste: 49090

GENERACION: 155
Mejor Solucion:  45 34 27 41 5 29 39 11 1 19 13 28 9 20 15 40 31 23 49 24 21 3 43 36 38 37 46 2 10 12 0 4 44 42 35 48 7 22 17 25 47 26 16 32 33 30 18 14 8 6
Coste: 49090

GENERACION: 160
Mejor Solucion:  45 34 27 41 5 29 31 39 1 19 13 28 9 20 15 46 23 14 49 24 21 4 43 44 38 37 40 2 10 12 0 16 3 42 36 48 30 22 17 25 47 26 32 33 35 7 18 11 8 6
Coste: 49081

GENERACION: 165
Mejor Solucion:  45 34 27 41 5 29 31 39 1 19 13 28 9 20 15 46 23 14 49 24 21 4 43 44 38 37 40 2 10 12 0 16 3 42 36 48 30 22 17 25 47 26 32 33 35 7 18 11 8 6
Coste: 49081

GENERACION: 170
Mejor Solucion:  45 34 27 41 5 29 31 39 1 19 13 28 9 20 15 46 23 14 49 24 21 4 43 44 38 37 40 2 10 12 0 16 3 42 36 48 30 22 17 25 47 26 32 33 35 7 18 11 8 6
Coste: 49081

GENERACION: 175
Mejor Solucion:  45 34 27 41 5 29 31 39 1 19 13 28 9 20 15 46 23 14 49 24 21 4 43 44 38 37 40 2 10 12 0 16 3 42 36 48 30 22 17 25 47 26 32 33 35 7 18 11 8 6
Coste: 49081

GENERACION: 180
Mejor Solucion:  45 34 27 41 5 29 31 39 1 19 13 28 9 20 15 46 23 14 49 24 21 4 43 44 38 37 40 2 10 12 0 16 3 42 36 48 30 22 17 25 47 26 32 33 35 7 18 11 8 6
Coste: 49068

GENERACION: 185
Mejor Solucion:  45 34 27 41 5 29 31 39 1 19 13 28 9 20 15 46 23 14 49 24 21 4 43 44 38 37 40 2 10 12 0 16 3 42 36 48 30 22 17 25 47 26 32 33 35 7 18 11 8 6
Coste: 49068

GENERACION: 190
Mejor Solucion:  45 34 27 41 5 29 31 39 1 19 13 28 9 20 15 46 23 14 49 24 21 4 43 44 38 37 40 2 10 12 0 16 3 42 36 48 30 22 17 25 47 26 32 33 35 7 18 11 8 6
Coste: 49068

GENERACION: 195
Mejor Solucion:  45 34 27 41 5 29 31 39 1 19 13 28 9 20 15 46 23 14 49 24 21 4 43 44 38 37 40 2 10 12 0 16 3 42 36 48 30 22 17 25 47 26 32 33 35 7 18 11 8 6
Coste: 49068

GENERACION: 200
Mejor Solucion:  45 34 27 41 5 29 31 39 1 19 13 28 9 20 15 46 23 14 49 24 21 4 43 44 38 37 40 2 10 12 0 16 3 42 36 48 30 22 17 25 47 26 32 33 35 7 18 11 8 6
Coste: 49068

GENERACION: 205
Mejor Solucion:  45 34 27 41 5 29 31 39 1 19 13 28 9 20 15 46 23 14 49 24 21 4 43 44 38 37 40 2 10 12 0 16 3 42 36 48 30 22 17 25 47 26 32 33 35 7 18 11 8 6
Coste: 49068

GENERACION: 210
Mejor Solucion:  45 34 27 41 5 29 31 39 1 19 13 28 9 20 15 46 23 14 49 24 21 4 43 44 38 37 40 2 10 12 0 16 3 42 36 48 30 22 17 25 47 26 32 33 35 7 18 11 8 6
Coste: 49068

GENERACION: 215
Mejor Solucion:  45 34 27 41 5 29 31 39 1 19 13 28 9 20 15 46 23 14 49 24 21 4 43 44 38 37 40 2 10 12 0 16 3 42 36 48 30 22 17 25 47 26 32 33 35 7 18 11 8 6
Coste: 49068

GENERACION: 220
Mejor Solucion:  45 34 27 41 5 29 31 39 1 19 13 28 9 20 15 46 23 14 49 24 21 4 43 44 38 37 40 2 10 12 0 16 3 42 36 48 30 22 17 25 47 26 32 33 35 7 18 11 8 6
Coste: 49068

GENERACION: 225
Mejor Solucion:  45 34 27 41 5 29 31 39 1 19 13 28 9 20 15 46 23 14 49 24 21 4 43 44 38 37 40 2 10 12 0 16 3 42 36 48 30 22 17 25 47 26 32 33 35 7 18 11 8 6
Coste: 49068

GENERACION: 230
Mejor Solucion:  45 34 27 41 5 29 31 39 1 19 13 28 9 20 15 46 23 14 49 24 21 4 43 44 38 37 40 2 10 12 0 16 3 42 36 48 30 22 17 25 47 26 32 33 35 7 18 11 8 6
Coste: 49068

GENERACION: 235
Mejor Solucion:  45 34 27 41 5 29 31 39 1 19 13 28 9 20 15 46 23 14 49 24 21 4 43 44 38 37 40 2 10 12 0 16 3 42 36 48 30 22 17 25 47 26 32 33 35 7 18 11 8 6
Coste: 49068

GENERACION: 240
Mejor Solucion:  45 34 27 41 5 29 39 1 49 19 13 28 9 20 15 40 31 23 14 24 21 16 43 36 38 37 46 2 10 12 0 4 3 44 35 48 7 22 17 25 47 26 32 33 42 30 18 11 8 6
Coste: 49056

GENERACION: 245
Mejor Solucion:  45 34 27 41 5 29 39 1 49 19 13 28 9 20 15 40 31 23 14 24 21 16 43 36 38 37 46 2 10 12 0 4 3 44 35 48 7 22 17 25 47 26 32 33 42 30 18 11 8 6
Coste: 49056

GENERACION: 250
Mejor Solucion:  45 34 27 41 5 29 39 1 49 19 13 28 9 20 15 40 31 23 14 24 21 16 43 36 38 37 46 2 10 12 0 4 3 44 35 48 7 22 17 25 47 26 32 33 42 30 18 11 8 6
Coste: 49056

GENERACION: 255
Mejor Solucion:  45 34 27 41 5 29 39 1 49 19 13 28 9 20 15 40 31 23 14 24 21 16 43 36 38 37 46 2 10 12 0 4 3 44 35 48 7 22 17 25 47 26 32 33 42 30 18 11 8 6
Coste: 49056

GENERACION: 260
Mejor Solucion:  45 34 27 41 5 29 39 1 49 19 13 28 9 20 15 40 31 23 14 24 21 16 43 36 38 37 46 2 10 12 0 4 3 44 35 48 7 22 17 25 47 26 32 33 42 30 18 11 8 6
Coste: 49056

GENERACION: 265
Mejor Solucion:  45 34 27 41 5 29 39 1 49 19 13 28 9 20 15 40 31 23 14 24 21 16 43 36 38 37 46 2 10 12 0 4 3 44 35 48 7 22 17 25 47 26 32 33 42 30 18 11 8 6
Coste: 49056

GENERACION: 270
Mejor Solucion:  45 34 27 41 5 29 39 1 49 19 13 28 9 20 15 40 31 23 14 24 21 16 43 36 38 37 46 2 10 12 0 4 3 44 35 48 7 22 17 25 47 26 32 33 42 30 18 11 8 6
Coste: 49056

GENERACION: 275
Mejor Solucion:  45 34 27 41 5 29 39 1 49 19 13 28 9 20 15 40 31 23 14 24 21 16 43 36 38 37 46 2 10 12 0 4 3 44 35 48 7 22 17 25 47 26 32 33 42 30 18 11 8 6
Coste: 49056

GENERACION: 280
Mejor Solucion:  45 34 27 41 5 29 39 1 49 19 13 28 9 20 15 40 31 23 14 24 21 16 43 36 38 37 46 2 10 12 0 4 3 44 35 48 7 22 17 25 47 26 32 33 42 30 18 11 8 6
Coste: 49056

GENERACION: 285
Mejor Solucion:  45 34 27 41 5 29 39 1 49 19 13 28 9 20 15 40 31 23 14 24 21 16 43 36 38 37 46 2 10 12 0 4 3 44 35 48 7 22 17 25 47 26 32 33 42 30 18 11 8 6
Coste: 49056

GENERACION: 290
Mejor Solucion:  45 34 27 41 5 29 39 1 49 19 13 28 9 20 15 40 31 23 14 24 21 16 43 36 38 37 46 2 10 12 0 4 3 44 35 48 7 22 17 25 47 26 32 33 42 30 18 11 8 6
Coste: 49056

GENERACION: 295
Mejor Solucion:  45 34 27 41 5 29 39 1 49 19 13 28 9 20 15 40 31 23 14 24 21 16 43 36 38 37 46 2 10 12 0 4 3 44 35 48 7 22 17 25 47 26 32 33 42 30 18 11 8 6
Coste: 49056

GENERACION: 300
Mejor Solucion:  45 34 27 41 5 29 39 1 49 19 13 28 9 20 15 40 31 23 14 24 21 16 43 36 38 37 46 2 10 12 0 4 3 44 35 48 7 22 17 25 47 26 32 33 42 30 18 11 8 6
Coste: 49056

GENERACION: 305
Mejor Solucion:  45 34 27 41 5 29 39 1 49 19 13 28 9 20 15 40 31 23 14 24 21 16 43 36 38 37 46 2 10 12 0 4 3 44 35 48 7 22 17 25 47 26 32 33 42 30 18 11 8 6
Coste: 49056

GENERACION: 310
Mejor Solucion:  45 34 27 41 5 29 39 1 49 19 13 28 9 20 15 40 31 23 14 24 21 16 43 36 38 37 46 2 10 12 0 4 3 44 35 48 7 22 17 25 47 26 32 33 42 30 18 11 8 6
Coste: 49056

GENERACION: 315
Mejor Solucion:  45 34 27 41 5 29 39 1 49 19 13 28 9 20 15 40 31 23 14 24 21 16 43 36 38 37 46 2 10 12 0 4 3 44 35 48 7 22 17 25 47 26 32 33 42 30 18 11 8 6
Coste: 49056

GENERACION: 320
Mejor Solucion:  45 34 27 13 5 29 1 39 24 19 21 28 20 9 15 40 31 49 12 25 0 3 41 43 38 37 23 46 11 26 4 44 36 48 42 22 2 7 10 17 47 16 33 32 35 30 18 14 8 6
Coste: 49025

GENERACION: 325
Mejor Solucion:  45 34 27 13 5 29 1 39 24 19 21 28 20 9 15 40 31 49 12 25 0 3 41 43 38 37 23 46 11 26 4 44 36 48 42 22 2 7 10 17 47 16 33 32 35 30 18 14 8 6
Coste: 49025

GENERACION: 330
Mejor Solucion:  45 34 27 13 5 29 1 39 24 19 21 28 20 9 15 40 31 49 12 25 0 3 41 38 43 37 23 46 11 26 4 44 36 42 48 22 2 7 10 17 47 16 35 33 32 30 18 14 8 6
Coste: 48977

GENERACION: 335
Mejor Solucion:  45 34 27 13 5 29 1 39 24 19 21 28 20 9 15 40 31 49 12 25 0 3 41 38 43 37 23 46 11 26 4 44 36 42 48 22 2 7 10 17 47 16 35 33 32 30 18 14 8 6
Coste: 48977

GENERACION: 340
Mejor Solucion:  45 34 27 13 5 29 1 39 24 19 21 28 20 9 15 40 31 49 12 25 0 3 41 38 43 37 23 46 11 26 4 44 36 42 48 22 2 7 10 17 47 16 35 33 32 30 18 14 8 6
Coste: 48977

GENERACION: 345
Mejor Solucion:  45 34 27 13 5 29 1 39 24 19 21 28 20 9 15 40 31 49 12 25 0 3 41 38 43 37 23 46 11 26 4 44 36 42 48 22 2 7 10 17 47 16 35 33 32 30 18 14 8 6
Coste: 48977

GENERACION: 350
Mejor Solucion:  45 34 27 13 5 29 1 39 24 19 21 28 20 9 15 40 31 49 12 25 0 3 41 38 43 37 23 46 11 26 4 44 36 42 48 22 2 7 10 17 47 16 35 33 32 30 18 14 8 6
Coste: 48977

GENERACION: 355
Mejor Solucion:  45 34 27 13 5 29 1 39 24 19 21 28 20 9 15 40 31 49 12 25 0 3 41 38 43 37 23 46 11 26 4 44 36 42 48 22 2 7 10 17 47 16 35 33 32 30 18 14 8 6
Coste: 48977

GENERACION: 360
Mejor Solucion:  45 34 27 13 5 29 1 39 24 19 21 28 20 9 15 40 31 49 12 25 0 3 41 38 43 37 23 46 11 26 4 44 36 42 48 22 2 7 10 17 47 16 35 33 32 30 18 14 8 6
Coste: 48977

GENERACION: 365
Mejor Solucion:  45 34 27 13 5 29 1 39 24 19 21 28 20 9 15 40 31 49 12 25 0 3 41 38 43 37 23 46 11 26 4 44 36 42 48 22 2 7 10 17 47 16 35 33 32 30 18 14 8 6
Coste: 48977

GENERACION: 370
Mejor Solucion:  45 34 27 13 5 29 1 39 24 19 21 28 20 9 15 40 31 49 12 25 0 3 41 38 43 37 23 46 11 26 4 44 36 42 48 22 2 7 10 17 47 16 35 33 32 30 18 14 8 6
Coste: 48977

GENERACION: 375
Mejor Solucion:  45 34 27 13 5 29 1 39 24 19 21 28 20 9 15 40 31 49 12 25 0 3 41 38 43 37 23 46 11 26 4 44 36 42 48 22 2 7 10 17 47 16 35 33 32 30 18 14 8 6
Coste: 48977

GENERACION: 380
Mejor Solucion:  45 34 27 13 5 29 1 39 24 19 21 28 20 9 15 40 31 49 12 25 0 3 41 38 43 37 23 46 11 26 4 44 36 42 48 22 2 7 10 17 47 16 35 33 32 30 18 14 8 6
Coste: 48977

GENERACION: 385
Mejor Solucion:  45 34 27 13 5 29 1 39 24 19 21 28 20 9 15 40 31 49 12 25 0 3 41 38 43 37 23 46 11 26 4 44 36 42 48 22 2 7 10 17 47 16 35 33 32 30 18 14 8 6
Coste: 48977

GENERACION: 390
Mejor Solucion:  45 34 27 13 5 29 1 39 24 19 21 28 20 9 15 40 31 49 12 25 0 3 41 38 43 37 23 46 11 26 4 44 36 42 48 22 2 7 10 17 47 16 35 33 32 30 18 14 8 6
Coste: 48977

GENERACION: 395
Mejor Solucion:  45 34 27 13 5 29 1 39 24 19 21 28 20 9 15 40 31 49 12 25 0 3 41 38 43 37 23 46 11 26 4 44 36 42 48 22 2 7 10 17 47 16 35 33 32 30 18 14 8 6
Coste: 48977

GENERACION: 400
Mejor Solucion:  45 34 27 13 5 29 1 39 24 19 21 28 20 9 15 40 31 49 12 25 0 3 41 38 43 37 23 46 11 26 4 44 36 42 48 22 2 7 10 17 47 16 35 33 32 30 18 14 8 6
Coste: 48977

GENERACION: 405
Mejor Solucion:  45 34 27 13 5 29 1 39 24 19 21 28 20 9 15 40 31 49 12 25 0 3 41 38 43 37 23 46 11 26 4 44 36 42 48 22 2 7 10 17 47 16 35 33 32 30 18 14 8 6
Coste: 48977

GENERACION: 410
Mejor Solucion:  45 34 27 13 5 29 1 39 24 19 21 28 20 9 15 40 31 49 12 25 0 3 41 38 43 37 23 46 11 26 4 44 36 42 48 22 2 7 10 17 47 16 35 33 32 30 18 14 8 6
Coste: 48977

GENERACION: 415
Mejor Solucion:  45 34 27 13 5 29 1 39 24 19 21 28 20 9 15 40 31 49 12 25 0 3 41 38 43 37 23 46 11 26 4 44 36 42 48 22 2 7 10 17 47 16 35 33 32 30 18 14 8 6
Coste: 48977

GENERACION: 420
Mejor Solucion:  45 34 27 13 5 29 1 39 24 19 21 28 20 9 15 40 31 49 12 25 0 3 41 38 43 37 23 46 11 26 4 44 36 42 48 22 2 7 10 17 47 16 35 33 32 30 18 14 8 6
Coste: 48977

GENERACION: 425
Mejor Solucion:  45 34 27 13 5 29 1 39 24 19 21 28 20 9 15 40 31 49 12 25 0 3 41 38 43 37 23 46 11 26 4 44 36 42 48 22 2 7 10 17 47 16 35 33 32 30 18 14 8 6
Coste: 48977

GENERACION: 430
Mejor Solucion:  21 34 9 15 5 43 39 49 12 25 45 28 20 13 37 40 23 31 1 24 0 4 3 44 32 38 2 46 11 26 41 27 29 42 36 48 7 10 17 19 47 16 35 30 33 22 18 14 8 6
Coste: 48954

GENERACION: 435
Mejor Solucion:  21 34 9 15 5 43 39 49 12 25 45 28 20 13 37 40 23 31 1 24 0 4 3 44 32 38 2 46 11 26 41 27 29 42 36 48 7 10 17 19 47 16 35 30 33 22 18 14 8 6
Coste: 48954

GENERACION: 440
Mejor Solucion:  21 34 9 15 5 43 39 49 12 25 45 28 20 13 37 40 23 31 1 24 0 4 3 44 32 38 2 46 11 26 41 27 29 42 36 48 7 10 17 19 47 16 35 30 33 22 18 14 8 6
Coste: 48954

GENERACION: 445
Mejor Solucion:  21 34 9 15 5 43 39 49 12 25 45 28 20 13 37 40 23 31 1 24 0 4 3 44 32 38 2 46 11 26 41 27 29 42 36 48 7 10 17 19 47 16 35 30 33 22 18 14 8 6
Coste: 48954

GENERACION: 450
Mejor Solucion:  21 34 9 15 5 43 39 49 12 25 45 28 20 13 37 40 23 31 1 24 0 4 3 44 32 38 2 46 11 26 41 27 29 42 36 48 7 10 17 19 47 16 35 30 33 22 18 14 8 6
Coste: 48954

GENERACION: 455
Mejor Solucion:  21 34 9 15 5 43 39 49 12 25 45 28 20 13 37 40 23 31 1 24 0 4 3 44 32 38 2 46 11 26 41 27 29 42 36 48 7 10 17 19 47 16 35 30 33 22 18 14 8 6
Coste: 48954

GENERACION: 460
Mejor Solucion:  21 34 9 15 5 43 39 49 12 25 45 28 20 13 37 40 23 31 1 24 0 4 3 44 32 38 2 46 11 26 41 27 29 42 36 48 7 10 17 19 47 16 35 30 33 22 18 14 8 6
Coste: 48954

GENERACION: 465
Mejor Solucion:  21 34 9 15 5 43 39 49 12 25 45 28 20 13 37 40 23 31 1 24 0 4 3 44 32 38 2 46 11 26 41 27 29 42 36 48 7 10 17 19 47 16 35 30 33 22 18 14 8 6
Coste: 48954

GENERACION: 470
Mejor Solucion:  21 34 9 15 5 43 39 49 12 25 45 28 20 13 37 40 23 31 1 24 0 4 3 44 32 38 2 46 11 26 41 27 29 42 36 48 7 10 17 19 47 16 35 30 33 22 18 14 8 6
Coste: 48954

GENERACION: 475
Mejor Solucion:  21 34 9 15 5 43 39 49 12 25 45 28 20 13 37 40 23 31 1 24 0 4 3 44 32 38 2 46 11 26 41 27 29 42 36 48 7 10 17 19 47 16 35 30 33 22 18 14 8 6
Coste: 48954

GENERACION: 480
Mejor Solucion:  21 34 9 15 5 43 39 49 12 25 45 28 20 13 37 40 23 31 1 24 0 4 3 44 32 38 2 46 11 26 41 27 29 42 36 48 7 10 17 19 47 16 35 30 33 22 18 14 8 6
Coste: 48954

GENERACION: 485
Mejor Solucion:  21 34 9 15 5 43 39 49 12 25 45 28 20 13 37 40 23 31 1 24 0 4 3 44 32 38 2 46 11 26 41 27 29 42 36 48 7 10 17 19 47 16 35 30 33 22 18 14 8 6
Coste: 48954

GENERACION: 490
Mejor Solucion:  21 34 9 15 5 43 39 49 12 25 45 28 20 13 37 40 23 31 1 24 0 4 3 44 32 38 2 46 11 26 41 27 29 42 36 48 7 10 17 19 47 16 35 30 33 22 18 14 8 6
Coste: 48954

GENERACION: 495
Mejor Solucion:  21 34 9 15 5 43 39 49 12 25 45 28 20 13 37 40 23 31 1 24 0 4 3 44 32 38 2 46 11 26 41 27 29 42 36 48 7 10 17 19 47 16 35 30 33 22 18 14 8 6
Coste: 48954

GENERACION: 500
Mejor Solucion:  21 34 9 15 5 43 39 49 12 25 45 28 20 13 37 40 23 31 1 24 0 4 3 44 32 38 2 46 11 26 41 27 29 42 36 48 7 10 17 19 47 16 35 30 33 22 18 14 8 6
Coste: 48954

GENERACION: 505
Mejor Solucion:  21 34 9 15 5 43 39 49 12 25 45 28 20 13 37 40 23 31 1 24 0 4 3 44 32 38 2 46 11 26 41 27 29 42 36 48 7 10 17 19 47 16 35 30 33 22 18 14 8 6
Coste: 48954

GENERACION: 510
Mejor Solucion:  21 34 9 15 5 43 39 49 12 25 45 28 20 13 37 40 23 31 1 24 0 4 3 44 32 38 2 46 11 26 41 27 29 42 36 48 7 10 17 19 47 16 35 30 33 22 18 14 8 6
Coste: 48954

GENERACION: 515
Mejor Solucion:  21 34 9 15 5 43 39 49 12 25 45 28 20 13 37 40 23 31 1 24 0 4 3 44 32 38 2 46 11 26 41 27 29 42 36 48 7 10 17 19 47 16 35 30 33 22 18 14 8 6
Coste: 48954

GENERACION: 520
Mejor Solucion:  21 34 9 15 5 43 39 49 12 25 45 28 20 13 37 40 23 31 1 24 0 4 3 44 32 38 2 46 11 26 41 27 29 42 36 48 7 10 17 19 47 16 35 30 33 22 18 14 8 6
Coste: 48954

GENERACION: 525
Mejor Solucion:  21 34 9 15 5 43 39 49 12 25 45 28 20 13 37 40 23 31 1 24 0 4 3 44 32 38 2 46 11 26 41 27 29 42 36 48 7 10 17 19 47 16 35 30 33 22 18 14 8 6
Coste: 48954

GENERACION: 530
Mejor Solucion:  21 34 9 15 5 43 39 49 12 25 45 28 20 13 37 40 23 31 1 24 0 4 3 44 32 38 2 46 11 26 41 27 29 42 36 48 7 10 17 19 47 16 35 30 33 22 18 14 8 6
Coste: 48954

GENERACION: 535
Mejor Solucion:  21 34 9 15 5 43 39 49 12 25 45 28 20 13 37 40 23 31 1 24 0 4 3 44 32 38 2 46 11 26 41 27 29 42 36 48 7 10 17 19 47 16 35 30 33 22 18 14 8 6
Coste: 48954

GENERACION: 540
Mejor Solucion:  21 34 9 15 5 43 39 49 12 25 45 28 20 13 37 40 23 31 1 24 0 4 3 44 32 38 2 46 11 26 41 27 29 42 36 48 7 10 17 19 47 16 35 30 33 22 18 14 8 6
Coste: 48954

GENERACION: 545
Mejor Solucion:  21 34 9 15 5 43 39 49 12 25 45 28 20 13 37 40 23 31 1 24 0 4 3 44 32 38 2 46 11 26 41 27 29 42 36 48 7 10 17 19 47 16 35 30 33 22 18 14 8 6
Coste: 48954

GENERACION: 550
Mejor Solucion:  21 34 9 15 5 43 39 49 12 25 45 28 20 13 37 40 23 31 1 24 0 4 3 44 32 38 2 46 11 26 41 27 29 42 36 48 7 10 17 19 47 16 35 30 33 22 18 14 8 6
Coste: 48954

GENERACION: 555
Mejor Solucion:  21 34 9 15 5 43 39 49 12 25 45 28 20 13 37 40 23 31 1 24 0 4 3 44 32 38 2 46 11 26 41 27 29 42 36 48 7 10 17 19 47 16 35 30 33 22 18 14 8 6
Coste: 48954

GENERACION: 560
Mejor Solucion:  21 34 9 15 5 43 39 49 12 25 45 28 20 13 37 40 23 31 1 24 0 4 3 44 32 38 2 46 11 26 41 27 29 42 36 48 7 10 17 19 47 16 35 30 33 22 18 14 8 6
Coste: 48954

GENERACION: 565
Mejor Solucion:  21 34 9 15 5 43 39 49 12 25 45 28 20 13 37 40 23 31 1 24 0 4 3 44 32 38 2 46 11 26 41 27 29 42 36 48 7 10 17 19 47 16 35 30 33 22 18 14 8 6
Coste: 48954

GENERACION: 570
Mejor Solucion:  21 34 9 15 5 43 39 49 12 25 45 28 20 13 37 40 23 31 1 24 0 4 3 44 32 38 2 46 11 26 41 27 29 42 36 48 7 10 17 19 47 16 35 30 33 22 18 14 8 6
Coste: 48954

GENERACION: 575
Mejor Solucion:  21 34 9 15 5 43 39 49 12 25 45 28 20 13 37 40 23 31 1 24 0 4 3 44 32 38 2 46 11 26 41 27 29 42 36 48 7 10 17 19 47 16 35 30 33 22 18 14 8 6
Coste: 48954

GENERACION: 580
Mejor Solucion:  21 34 9 15 5 43 39 49 12 25 45 28 20 13 37 40 23 31 1 24 0 4 3 44 32 38 2 46 11 26 41 27 29 42 36 48 7 10 17 19 47 16 35 30 33 22 18 14 8 6
Coste: 48954

GENERACION: 585
Mejor Solucion:  21 34 9 15 5 43 39 49 12 25 45 28 20 13 37 40 23 31 1 24 0 4 3 44 32 38 2 46 11 26 41 27 29 42 36 48 7 10 17 19 47 16 35 30 33 22 18 14 8 6
Coste: 48954

GENERACION: 590
Mejor Solucion:  21 34 9 15 5 43 39 49 12 25 45 28 20 13 37 40 23 31 1 24 0 4 3 44 32 38 2 46 11 26 41 27 29 42 36 48 7 10 17 19 47 16 35 30 33 22 18 14 8 6
Coste: 48954

GENERACION: 595
Mejor Solucion:  21 34 9 15 5 43 39 49 12 25 45 28 20 13 37 40 23 31 1 24 0 4 3 44 32 38 2 46 11 26 41 27 29 42 36 48 7 10 17 19 47 16 35 30 33 22 18 14 8 6
Coste: 48954

GENERACION: 600
Mejor Solucion:  21 34 9 15 5 43 39 49 12 25 45 28 20 13 37 40 23 31 1 24 0 4 3 44 32 38 2 46 11 26 41 27 29 42 36 48 7 10 17 19 47 16 35 30 33 22 18 14 8 6
Coste: 48954

GENERACION: 605
Mejor Solucion:  21 34 9 15 5 43 39 49 12 25 45 28 20 13 37 40 23 31 1 24 0 4 3 44 32 38 2 46 11 26 41 27 29 42 36 48 7 10 17 19 47 16 35 30 33 22 18 14 8 6
Coste: 48954

GENERACION: 610
Mejor Solucion:  21 34 9 15 5 43 39 49 12 25 45 28 20 13 37 40 23 31 1 24 0 4 3 44 32 38 2 46 11 26 41 27 29 42 36 48 7 10 17 19 47 16 35 30 33 22 18 14 8 6
Coste: 48954

GENERACION: 615
Mejor Solucion:  21 34 9 15 5 43 39 49 12 25 45 28 20 13 37 40 23 31 1 24 0 4 3 44 32 38 2 46 11 26 41 27 29 42 36 48 7 10 17 19 47 16 35 30 33 22 18 14 8 6
Coste: 48954

GENERACION: 620
Mejor Solucion:  21 34 9 15 5 43 39 49 12 25 45 28 20 13 37 40 23 31 1 24 0 4 3 44 32 38 2 46 11 26 41 27 29 42 36 48 7 10 17 19 47 16 35 30 33 22 18 14 8 6
Coste: 48954

GENERACION: 625
Mejor Solucion:  21 34 9 15 5 43 39 49 12 25 45 28 20 13 37 40 23 31 1 24 0 4 3 44 32 38 2 46 11 26 41 27 29 42 36 48 7 10 17 19 47 16 35 30 33 22 18 14 8 6
Coste: 48954

GENERACION: 630
Mejor Solucion:  21 34 9 15 5 43 39 49 12 25 45 28 20 13 37 40 23 31 1 24 0 4 3 44 32 38 2 46 11 26 41 27 29 42 36 48 7 10 17 19 47 16 35 30 33 22 18 14 8 6
Coste: 48954

GENERACION: 635
Mejor Solucion:  21 34 9 15 5 43 39 49 12 25 45 28 20 13 37 40 23 31 1 24 0 4 3 44 32 38 2 46 11 26 41 27 29 42 36 48 7 10 17 19 47 16 35 30 33 22 18 14 8 6
Coste: 48954

GENERACION: 640
Mejor Solucion:  21 34 9 15 5 43 39 49 12 25 45 28 20 13 37 40 23 31 1 24 0 4 3 44 32 38 2 46 11 26 41 27 29 42 36 48 7 10 17 19 47 16 35 30 33 22 18 14 8 6
Coste: 48954

GENERACION: 645
Mejor Solucion:  21 34 9 15 5 43 39 49 12 25 45 28 20 13 37 40 23 31 1 24 0 4 3 44 32 38 2 46 11 26 41 27 29 42 36 48 7 10 17 19 47 16 35 30 33 22 18 14 8 6
Coste: 48954

GENERACION: 650
Mejor Solucion:  21 34 9 15 5 43 39 49 12 25 45 28 20 13 37 40 23 31 1 24 0 4 3 44 32 38 2 46 11 26 41 27 29 42 36 48 7 10 17 19 47 16 35 30 33 22 18 14 8 6
Coste: 48954

GENERACION: 655
Mejor Solucion:  21 34 9 15 5 43 39 49 12 25 45 28 20 13 37 40 23 31 1 24 0 4 3 44 32 38 2 46 11 26 41 27 29 42 36 48 7 10 17 19 47 16 35 30 33 22 18 14 8 6
Coste: 48954

GENERACION: 660
Mejor Solucion:  21 34 9 15 5 43 39 49 12 25 45 28 20 13 37 40 23 31 1 24 0 4 3 44 32 38 2 46 11 26 41 27 29 42 36 48 7 10 17 19 47 16 35 30 33 22 18 14 8 6
Coste: 48954

GENERACION: 665
Mejor Solucion:  21 34 9 15 5 43 39 49 12 25 45 28 20 13 37 40 23 31 1 24 0 4 3 44 32 38 2 46 11 26 41 27 29 42 36 48 7 10 17 19 47 16 35 30 33 22 18 14 8 6
Coste: 48954

GENERACION: 670
Mejor Solucion:  21 34 9 15 5 43 39 49 12 25 45 28 20 13 37 40 23 31 1 24 0 4 3 44 32 38 2 46 11 26 41 27 29 42 36 48 7 10 17 19 47 16 35 30 33 22 18 14 8 6
Coste: 48954

GENERACION: 675
Mejor Solucion:  21 34 9 15 5 43 39 49 12 25 45 28 20 13 37 40 23 31 1 24 0 4 3 44 32 38 2 46 11 26 41 27 29 42 36 48 7 10 17 19 47 16 35 30 33 22 18 14 8 6
Coste: 48954

GENERACION: 680
Mejor Solucion:  21 34 9 15 5 43 39 49 12 25 45 28 20 13 37 40 23 31 1 24 0 4 3 44 32 38 2 46 11 26 41 27 29 42 36 48 7 10 17 19 47 16 35 30 33 22 18 14 8 6
Coste: 48954

GENERACION: 685
Mejor Solucion:  21 34 9 15 5 43 39 49 12 25 45 28 20 13 37 40 23 31 1 24 0 4 3 44 32 38 2 46 11 26 41 27 29 42 36 48 7 10 17 19 47 16 35 30 33 22 18 14 8 6
Coste: 48954

GENERACION: 690
Mejor Solucion:  21 34 9 15 5 43 39 49 12 25 45 28 20 13 37 40 23 31 1 24 0 4 3 44 32 38 2 46 11 26 41 27 29 42 36 48 7 10 17 19 47 16 35 30 33 22 18 14 8 6
Coste: 48954

GENERACION: 695
Mejor Solucion:  21 34 9 15 5 43 39 49 12 25 45 28 20 13 37 40 23 31 1 24 0 4 3 44 32 38 2 46 11 26 41 27 29 42 36 48 7 10 17 19 47 16 35 30 33 22 18 14 8 6
Coste: 48954

GENERACION: 700
Mejor Solucion:  21 34 9 15 5 43 39 49 12 25 45 28 20 13 37 40 23 31 1 24 0 4 3 44 32 38 2 46 11 26 41 27 29 42 36 48 7 10 17 19 47 16 35 30 33 22 18 14 8 6
Coste: 48954

GENERACION: 705
Mejor Solucion:  21 34 9 15 5 43 39 49 12 25 45 28 20 13 37 40 23 31 1 24 0 4 3 44 32 38 2 46 11 26 41 27 29 42 36 48 7 10 17 19 47 16 35 30 33 22 18 14 8 6
Coste: 48954

GENERACION: 710
Mejor Solucion:  21 34 9 15 5 43 39 49 12 25 45 28 20 13 37 40 23 31 1 24 0 4 3 44 32 38 2 46 11 26 41 27 29 42 36 48 7 10 17 19 47 16 35 30 33 22 18 14 8 6
Coste: 48954

GENERACION: 715
Mejor Solucion:  21 34 9 15 5 43 39 49 12 25 45 28 20 13 37 40 23 31 1 24 0 4 3 44 32 38 2 46 11 26 41 27 29 42 36 48 7 10 17 19 47 16 35 30 33 22 18 14 8 6
Coste: 48954

GENERACION: 720
Mejor Solucion:  21 34 9 15 5 43 39 49 12 25 45 28 20 13 37 40 23 31 1 24 0 4 3 44 32 38 2 46 11 26 41 27 29 42 36 48 7 10 17 19 47 16 35 30 33 22 18 14 8 6
Coste: 48954

GENERACION: 725
Mejor Solucion:  21 34 9 15 5 43 39 49 12 25 45 28 20 13 37 40 23 31 1 24 0 4 3 44 32 38 2 46 11 26 41 27 29 42 36 48 7 10 17 19 47 16 35 30 33 22 18 14 8 6
Coste: 48954

GENERACION: 730
Mejor Solucion:  21 34 9 15 5 43 39 49 12 25 45 28 20 13 37 40 23 31 1 24 0 4 3 44 32 38 2 46 11 26 41 27 29 42 36 48 7 10 17 19 47 16 35 30 33 22 18 14 8 6
Coste: 48954

GENERACION: 735
Mejor Solucion:  21 34 9 15 5 43 39 49 12 25 45 28 20 13 37 40 23 31 1 24 0 4 3 44 32 38 2 46 11 26 41 27 29 42 36 48 7 10 17 19 47 16 35 30 33 22 18 14 8 6
Coste: 48954

GENERACION: 740
Mejor Solucion:  21 34 9 15 5 43 39 49 12 25 45 28 20 13 37 40 23 31 1 24 0 4 3 44 32 38 2 46 11 26 41 27 29 42 36 48 7 10 17 19 47 16 35 30 33 22 18 14 8 6
Coste: 48954

GENERACION: 745
Mejor Solucion:  21 34 9 15 5 43 39 49 12 25 45 28 20 13 37 40 23 31 1 24 0 4 3 44 32 38 2 46 11 26 41 27 29 42 36 48 7 10 17 19 47 16 35 30 33 22 18 14 8 6
Coste: 48954

GENERACION: 750
Mejor Solucion:  21 34 9 15 5 43 39 49 12 25 45 28 20 13 37 40 23 31 1 24 0 4 3 44 32 38 2 46 11 26 41 27 29 42 36 48 7 10 17 19 47 16 35 30 33 22 18 14 8 6
Coste: 48954

GENERACION: 755
Mejor Solucion:  21 34 9 15 5 43 39 49 12 25 45 28 20 13 37 40 23 31 1 24 0 4 3 44 32 38 2 46 11 26 41 27 29 42 36 48 7 10 17 19 47 16 35 30 33 22 18 14 8 6
Coste: 48954

GENERACION: 760
Mejor Solucion:  21 34 9 15 5 43 39 49 12 25 45 28 20 13 37 40 23 31 1 24 0 4 3 44 32 38 2 46 11 26 41 27 29 42 36 48 7 10 17 19 47 16 35 30 33 22 18 14 8 6
Coste: 48954

GENERACION: 765
Mejor Solucion:  21 34 9 15 5 43 39 49 12 25 45 28 20 13 37 40 23 31 1 24 0 4 3 44 32 38 2 46 11 26 41 27 29 42 36 48 7 10 17 19 47 16 35 30 33 22 18 14 8 6
Coste: 48954

GENERACION: 770
Mejor Solucion:  21 34 9 15 5 43 39 49 12 25 45 28 20 13 37 40 23 31 1 24 0 4 3 44 32 38 2 46 11 26 41 27 29 42 36 48 7 10 17 19 47 16 35 30 33 22 18 14 8 6
Coste: 48954

GENERACION: 775
Mejor Solucion:  21 34 9 15 5 43 39 49 12 25 45 28 20 13 37 40 23 31 1 24 0 4 3 44 32 38 2 46 11 26 41 27 29 42 36 48 7 10 17 19 47 16 35 30 33 22 18 14 8 6
Coste: 48954

GENERACION: 780
Mejor Solucion:  21 34 9 15 5 43 39 49 12 25 45 28 20 13 37 40 23 31 1 24 0 4 3 44 32 38 2 46 11 26 41 27 29 42 36 48 7 10 17 19 47 16 35 30 33 22 18 14 8 6
Coste: 48954

GENERACION: 785
Mejor Solucion:  21 34 9 15 5 43 39 49 12 25 45 28 20 13 37 40 23 31 1 24 0 4 3 44 32 38 2 46 11 26 41 27 29 42 36 48 7 10 17 19 47 16 35 30 33 22 18 14 8 6
Coste: 48954

GENERACION: 790
Mejor Solucion:  21 34 9 15 5 43 39 49 12 25 45 28 20 13 37 40 23 31 1 24 0 4 3 44 32 38 2 46 11 26 41 27 29 42 36 48 7 10 17 19 47 16 35 30 33 22 18 14 8 6
Coste: 48954

GENERACION: 795
Mejor Solucion:  21 34 9 15 5 43 39 49 12 25 45 28 20 13 37 40 23 31 1 24 0 4 3 44 32 38 2 46 11 26 41 27 29 42 36 48 7 10 17 19 47 16 35 30 33 22 18 14 8 6
Coste: 48954

GENERACION: 800
Mejor Solucion:  21 34 9 15 5 43 39 49 12 25 45 28 20 13 37 40 23 31 1 24 0 4 3 44 32 38 2 46 11 26 41 27 29 42 36 48 7 10 17 19 47 16 35 30 33 22 18 14 8 6
Coste: 48954

GENERACION: 805
Mejor Solucion:  21 34 9 15 5 43 39 49 12 25 45 28 20 13 37 40 23 31 1 24 0 4 3 44 32 38 2 46 11 26 41 27 29 42 36 48 7 10 17 19 47 16 35 30 33 22 18 14 8 6
Coste: 48954

GENERACION: 810
Mejor Solucion:  21 34 9 15 5 43 39 49 12 25 45 28 20 13 37 40 23 31 1 24 0 4 3 44 32 38 2 46 11 26 41 27 29 42 36 48 7 10 17 19 47 16 35 30 33 22 18 14 8 6
Coste: 48954

GENERACION: 815
Mejor Solucion:  21 34 9 15 5 43 39 49 12 25 45 28 20 13 37 40 23 31 1 24 0 4 3 44 32 38 2 46 11 26 41 27 29 42 36 48 7 10 17 19 47 16 35 30 33 22 18 14 8 6
Coste: 48954

GENERACION: 820
Mejor Solucion:  21 34 9 15 5 43 39 49 12 25 45 28 20 13 37 40 23 31 1 24 0 4 3 44 32 38 2 46 11 26 41 27 29 42 36 48 7 10 17 19 47 16 35 30 33 22 18 14 8 6
Coste: 48954

GENERACION: 825
Mejor Solucion:  21 34 9 15 5 43 39 49 12 25 45 28 20 13 37 40 23 31 1 24 0 4 3 44 32 38 2 46 11 26 41 27 29 42 36 48 7 10 17 19 47 16 35 30 33 22 18 14 8 6
Coste: 48954

GENERACION: 830
Mejor Solucion:  21 34 9 15 5 43 39 49 12 25 45 28 20 13 37 40 23 31 1 24 0 4 3 44 32 38 2 46 11 26 41 27 29 42 36 48 7 10 17 19 47 16 35 30 33 22 18 14 8 6
Coste: 48954

GENERACION: 835
Mejor Solucion:  21 34 9 15 5 43 39 49 12 25 45 28 20 13 37 40 23 31 1 24 0 4 3 44 32 38 2 46 11 26 41 27 29 42 36 48 7 10 17 19 47 16 35 30 33 22 18 14 8 6
Coste: 48954

GENERACION: 840
Mejor Solucion:  21 34 13 15 43 22 1 12 24 25 0 28 9 5 37 40 31 39 49 11 45 27 20 3 44 38 23 46 17 26 29 41 4 36 42 48 2 7 10 19 47 16 33 35 32 30 18 14 8 6
Coste: 48940

GENERACION: 845
Mejor Solucion:  21 34 13 15 43 22 1 12 24 25 0 28 9 5 37 40 31 39 49 11 45 27 20 3 44 38 23 46 17 26 29 41 4 36 42 48 2 7 10 19 47 16 33 35 32 30 18 14 8 6
Coste: 48940

GENERACION: 850
Mejor Solucion:  21 34 13 15 43 22 1 12 24 25 0 28 9 5 37 40 31 39 49 11 45 27 20 3 44 38 23 46 17 26 29 41 4 36 42 48 2 7 10 19 47 16 33 35 32 30 18 14 8 6
Coste: 48940

GENERACION: 855
Mejor Solucion:  21 34 13 15 43 22 1 12 24 25 0 28 9 5 37 40 31 39 49 11 45 27 20 3 44 38 23 46 17 26 29 41 4 36 42 48 2 7 10 19 47 16 33 35 32 30 18 14 8 6
Coste: 48940

GENERACION: 860
Mejor Solucion:  21 34 13 15 43 22 1 12 24 25 0 28 9 5 37 40 31 39 49 11 45 27 20 3 44 38 23 46 17 26 29 41 4 36 42 48 2 7 10 19 47 16 33 35 32 30 18 14 8 6
Coste: 48940

GENERACION: 865
Mejor Solucion:  21 34 13 15 43 22 1 12 24 25 0 28 9 5 37 40 31 39 49 11 45 27 20 3 44 38 23 46 17 26 29 41 4 36 42 48 2 7 10 19 47 16 33 35 32 30 18 14 8 6
Coste: 48940

GENERACION: 870
Mejor Solucion:  21 34 13 15 43 22 1 12 24 25 0 28 9 5 37 40 31 39 49 11 45 27 20 3 44 38 23 46 17 26 29 41 4 36 42 48 2 7 10 19 47 16 33 35 32 30 18 14 8 6
Coste: 48940

GENERACION: 875
Mejor Solucion:  21 34 13 15 43 22 1 12 24 25 0 28 9 5 37 40 31 39 49 11 45 27 20 3 44 38 23 46 17 26 29 41 4 36 42 48 2 7 10 19 47 16 33 35 32 30 18 14 8 6
Coste: 48940

GENERACION: 880
Mejor Solucion:  21 34 13 15 43 22 1 12 24 25 0 28 9 5 37 40 31 39 49 11 45 27 20 3 44 38 23 46 17 26 29 41 4 36 42 48 2 7 10 19 47 16 33 35 32 30 18 14 8 6
Coste: 48940

GENERACION: 885
Mejor Solucion:  21 34 13 15 43 22 1 12 24 25 0 28 9 5 37 40 31 39 49 11 45 27 20 3 44 38 23 46 17 26 29 41 4 36 42 48 2 7 10 19 47 16 33 35 32 30 18 14 8 6
Coste: 48940

GENERACION: 890
Mejor Solucion:  21 34 13 15 43 22 1 12 24 25 0 28 9 5 37 40 31 39 49 11 45 27 20 3 44 38 23 46 17 26 29 41 4 36 42 48 2 7 10 19 47 16 33 35 32 30 18 14 8 6
Coste: 48940

GENERACION: 895
Mejor Solucion:  21 34 13 15 43 22 1 12 24 25 0 28 9 5 37 40 31 39 49 11 45 27 20 3 44 38 23 46 17 26 29 41 4 36 42 48 2 7 10 19 47 16 33 35 32 30 18 14 8 6
Coste: 48940

GENERACION: 900
Mejor Solucion:  21 34 9 5 15 43 49 39 12 25 45 28 20 29 37 40 31 10 1 24 13 27 41 38 44 22 23 46 11 17 0 4 3 36 42 48 2 7 26 6 47 16 33 35 32 30 18 14 8 19
Coste: 48938

GENERACION: 905
Mejor Solucion:  21 34 9 5 15 43 49 39 12 25 45 28 20 29 37 40 31 10 1 24 13 27 41 38 44 22 23 46 11 17 0 4 3 36 42 48 2 7 26 6 47 16 33 35 32 30 18 14 8 19
Coste: 48938

GENERACION: 910
Mejor Solucion:  21 34 9 5 15 43 49 39 12 25 45 28 20 29 37 40 31 10 1 24 13 27 41 38 44 22 23 46 11 17 0 4 3 36 42 48 2 7 26 6 47 16 33 35 32 30 18 14 8 19
Coste: 48918

GENERACION: 915
Mejor Solucion:  21 34 9 5 15 43 49 39 12 25 45 28 20 29 37 40 31 10 1 24 13 27 41 38 44 22 23 46 11 17 0 4 3 36 42 48 2 7 26 6 47 16 33 35 32 30 18 14 8 19
Coste: 48918

GENERACION: 920
Mejor Solucion:  21 34 9 5 15 43 49 39 12 25 45 28 20 29 37 40 31 10 1 24 13 27 41 38 44 22 23 46 11 17 0 4 3 36 42 48 2 7 26 6 47 16 33 35 32 30 18 14 8 19
Coste: 48918

GENERACION: 925
Mejor Solucion:  21 34 9 5 15 43 49 39 12 25 45 28 20 29 37 40 31 10 1 24 13 27 41 38 44 22 23 46 11 17 0 4 3 36 42 48 2 7 26 6 47 16 33 35 32 30 18 14 8 19
Coste: 48918

GENERACION: 930
Mejor Solucion:  21 34 9 5 15 43 49 39 12 25 45 28 20 29 37 40 31 10 1 24 13 27 41 38 44 22 23 46 11 17 0 4 3 36 42 48 2 7 26 6 47 16 33 35 32 30 18 14 8 19
Coste: 48918

GENERACION: 935
Mejor Solucion:  21 34 9 5 15 43 49 39 12 25 45 28 20 29 37 40 31 10 1 24 13 27 41 38 44 22 23 46 11 17 0 4 3 36 42 48 2 7 26 6 47 16 33 35 32 30 18 14 8 19
Coste: 48918

GENERACION: 940
Mejor Solucion:  21 34 9 5 15 43 49 39 12 25 45 28 20 29 37 40 31 10 1 24 13 27 41 38 44 22 23 46 11 17 0 4 3 36 42 48 2 7 26 6 47 16 33 35 32 30 18 14 8 19
Coste: 48918

GENERACION: 945
Mejor Solucion:  21 34 9 5 15 43 49 39 12 25 45 28 20 29 37 40 31 10 1 24 13 27 41 38 44 22 23 46 11 17 0 4 3 36 42 48 2 7 26 6 47 16 33 35 32 30 18 14 8 19
Coste: 48918

GENERACION: 950
Mejor Solucion:  21 34 9 5 15 43 49 39 12 25 45 28 20 29 37 40 31 10 1 24 13 27 41 38 44 22 23 46 11 17 0 4 3 36 42 48 2 7 26 6 47 16 33 35 32 30 18 14 8 19
Coste: 48918

GENERACION: 955
Mejor Solucion:  21 34 9 5 15 43 49 39 12 25 45 28 20 29 37 40 31 10 1 24 13 27 41 38 44 22 23 46 11 17 0 4 3 36 42 48 2 7 26 6 47 16 33 35 32 30 18 14 8 19
Coste: 48918

GENERACION: 960
Mejor Solucion:  21 34 9 5 15 43 49 39 12 25 45 28 20 29 37 40 31 10 1 24 13 27 41 38 44 22 23 46 11 17 0 4 3 36 42 48 2 7 26 6 47 16 33 35 32 30 18 14 8 19
Coste: 48918

GENERACION: 965
Mejor Solucion:  21 34 9 5 15 43 49 39 12 25 45 28 20 29 37 40 31 10 1 24 13 27 41 38 44 22 23 46 11 17 0 4 3 36 42 48 2 7 26 6 47 16 33 35 32 30 18 14 8 19
Coste: 48918

GENERACION: 970
Mejor Solucion:  21 34 9 5 15 43 49 39 12 25 45 28 20 29 37 40 31 10 1 24 13 27 41 38 44 22 23 46 11 17 0 4 3 36 42 48 2 7 26 6 47 16 33 35 32 30 18 14 8 19
Coste: 48918

GENERACION: 975
Mejor Solucion:  21 34 9 5 15 43 49 39 12 25 45 28 20 29 37 40 31 10 1 24 13 27 41 38 44 22 23 46 11 17 0 4 3 36 42 48 2 7 26 6 47 16 33 35 32 30 18 14 8 19
Coste: 48918

GENERACION: 980
Mejor Solucion:  21 34 9 5 15 43 49 39 12 25 45 28 20 29 37 40 31 10 1 24 13 27 41 38 44 22 23 46 11 17 0 4 3 36 42 48 2 7 26 6 47 16 33 35 32 30 18 14 8 19
Coste: 48918

GENERACION: 985
Mejor Solucion:  21 34 9 5 15 43 49 39 12 25 45 28 20 29 37 40 31 10 1 24 13 27 41 38 44 22 23 46 11 17 0 4 3 36 42 48 2 7 26 6 47 16 33 35 32 30 18 14 8 19
Coste: 48918

GENERACION: 990
Mejor Solucion:  21 34 9 5 15 43 49 39 12 25 45 28 20 29 37 40 31 10 1 24 13 27 41 38 44 22 23 46 11 17 0 4 3 36 42 48 2 7 26 6 47 16 33 35 32 30 18 14 8 19
Coste: 48918

GENERACION: 995
Mejor Solucion:  21 34 9 5 15 43 49 39 12 25 45 28 20 29 37 40 31 10 1 24 13 27 41 38 44 22 23 46 11 17 0 4 3 36 42 48 2 7 26 6 47 16 33 35 32 30 18 14 8 19
Coste: 48918

GENERACION: 1000
Mejor Solucion:  21 34 9 5 15 43 49 39 12 25 45 28 20 29 37 40 31 10 1 24 13 27 41 38 44 22 23 46 11 17 0 4 3 36 42 48 2 7 26 6 47 16 33 35 32 30 18 14 8 19
Coste: 48918

