GENERACION: 5
Mejor Solucion:  36 46 32 26 21 29 20 5 38 13 19 2 39 49 4 24 3 47 17 12 37 8 30 9 34 11 45 1 28 16 31 10 42 7 23 48 25 33 22 27 6 40 14 41 43 15 44 35 18 0
Coste: 54400

GENERACION: 10
Mejor Solucion:  19 18 14 37 1 23 22 31 29 0 24 39 46 2 40 43 5 15 34 13 11 8 12 33 48 38 49 20 9 27 6 7 10 42 36 44 17 41 28 21 25 26 30 32 3 16 35 4 47 45
Coste: 51935

GENERACION: 15
Mejor Solucion:  26 49 38 23 3 37 36 16 19 0 24 1 46 2 40 43 5 15 21 13 11 12 7 22 42 4 28 45 27 34 17 8 14 48 35 44 20 9 29 31 25 6 39 10 18 32 30 33 41 47
Coste: 50368

GENERACION: 20
Mejor Solucion:  26 11 7 23 44 3 36 19 16 0 49 12 38 2 22 43 5 15 27 34 24 1 46 40 31 37 35 29 28 45 17 8 14 48 42 33 20 9 13 21 25 6 39 10 18 32 30 41 4 47
Coste: 49814

GENERACION: 25
Mejor Solucion:  26 11 7 23 44 3 36 19 16 0 49 12 38 2 22 43 5 15 27 34 24 1 46 40 31 37 35 29 28 45 17 8 14 48 42 33 20 9 13 21 25 6 39 10 18 32 30 41 4 47
Coste: 49814

GENERACION: 30
Mejor Solucion:  24 12 46 2 43 49 15 5 20 0 11 1 23 22 37 40 31 9 28 13 26 7 39 32 44 38 3 29 4 34 19 8 18 48 42 36 35 16 27 45 25 6 14 10 17 33 30 41 47 21
Coste: 49407

GENERACION: 35
Mejor Solucion:  24 12 46 2 43 49 15 5 20 0 11 1 23 22 37 40 31 9 28 13 26 7 39 32 44 38 3 29 4 34 19 8 18 48 42 36 35 16 27 45 25 6 14 10 17 33 30 41 47 21
Coste: 49407

GENERACION: 40
Mejor Solucion:  24 12 46 2 43 49 15 5 20 0 11 1 23 22 37 40 31 9 28 13 26 7 39 32 44 38 3 29 4 34 19 8 18 48 42 36 35 16 27 45 25 6 14 10 17 33 30 41 47 21
Coste: 49407

GENERACION: 45
Mejor Solucion:  24 12 46 2 43 49 15 5 20 0 11 1 23 22 37 40 31 9 28 13 26 7 39 32 44 38 3 29 4 34 19 8 18 48 42 36 35 16 27 45 25 6 14 10 17 33 30 41 47 21
Coste: 49407

GENERACION: 50
Mejor Solucion:  24 12 46 2 43 49 15 5 20 0 11 1 23 22 37 40 31 9 28 13 26 7 39 32 44 38 3 29 4 34 19 8 18 48 42 36 35 16 27 45 25 6 14 10 17 33 30 41 47 21
Coste: 49407

GENERACION: 55
Mejor Solucion:  24 12 46 2 43 49 15 5 20 0 11 1 23 22 37 40 31 9 28 13 26 7 39 32 44 38 3 29 4 34 19 8 18 48 42 36 35 16 27 45 25 6 14 10 17 33 30 41 47 21
Coste: 49407

GENERACION: 60
Mejor Solucion:  26 11 46 23 43 32 3 41 4 13 24 12 49 2 38 37 15 20 9 21 25 1 39 31 40 44 36 5 28 34 19 17 10 7 22 42 35 16 27 45 6 8 14 18 48 30 33 29 47 0
Coste: 49135

GENERACION: 65
Mejor Solucion:  26 11 46 23 43 32 3 41 4 13 24 12 49 2 38 37 15 20 9 21 25 1 39 31 40 44 36 5 28 34 19 17 10 7 22 42 35 16 27 45 6 8 14 18 48 30 33 29 47 0
Coste: 49135

GENERACION: 70
Mejor Solucion:  26 11 46 23 43 32 3 41 4 13 24 12 49 2 38 37 15 20 9 21 25 1 39 31 40 44 36 5 28 34 19 17 10 7 22 42 35 16 27 45 6 8 14 18 48 30 33 29 47 0
Coste: 49135

GENERACION: 75
Mejor Solucion:  26 11 46 23 43 32 3 41 4 13 24 12 49 2 38 37 15 20 9 21 25 1 39 31 40 44 36 5 28 34 19 17 10 7 22 42 35 16 27 45 6 8 14 18 48 30 33 29 47 0
Coste: 49135

GENERACION: 80
Mejor Solucion:  25 26 39 23 43 32 3 4 34 13 24 12 49 7 5 15 44 20 9 28 19 1 10 31 40 37 42 41 29 21 17 11 46 2 38 36 35 16 27 45 6 8 14 18 22 48 30 33 47 0
Coste: 49111

GENERACION: 85
Mejor Solucion:  25 26 39 23 43 32 3 4 34 13 24 12 49 7 5 15 44 20 9 28 19 1 10 31 40 37 42 41 29 21 17 11 46 2 38 36 35 16 27 45 6 8 14 18 22 48 30 33 47 0
Coste: 49111

GENERACION: 90
Mejor Solucion:  26 24 11 23 43 32 3 4 28 13 25 12 39 7 5 15 44 20 9 34 19 1 10 31 40 37 42 41 29 21 17 49 46 2 38 36 35 16 27 45 6 8 14 18 22 48 30 33 47 0
Coste: 49081

GENERACION: 95
Mejor Solucion:  26 24 11 23 43 32 3 4 28 13 25 12 39 7 5 15 44 20 9 34 19 1 10 31 40 37 42 41 29 21 17 49 46 2 38 36 35 16 27 45 6 8 14 18 22 48 30 33 47 0
Coste: 49081

GENERACION: 100
Mejor Solucion:  26 24 11 23 43 32 3 4 28 13 25 12 39 7 5 15 44 20 9 34 19 1 10 31 40 37 42 41 29 21 17 49 46 2 38 36 35 16 27 45 6 8 14 18 22 48 30 33 47 0
Coste: 49081

GENERACION: 105
Mejor Solucion:  26 24 11 23 43 32 3 4 28 13 25 12 39 7 5 15 44 20 9 34 19 1 10 31 40 37 42 41 29 21 17 49 46 2 38 36 35 16 27 45 6 8 14 18 22 48 30 33 47 0
Coste: 49081

GENERACION: 110
Mejor Solucion:  26 24 11 23 43 32 3 4 28 13 25 12 39 7 5 15 44 20 9 34 19 1 10 31 40 37 42 41 29 21 17 49 46 2 38 36 35 16 27 45 6 8 14 18 22 48 30 33 47 0
Coste: 49081

GENERACION: 115
Mejor Solucion:  26 24 11 23 43 32 3 4 28 13 25 12 39 7 5 15 44 20 9 34 19 1 10 31 40 37 42 41 29 21 17 49 46 2 38 36 35 16 27 45 6 8 14 18 22 48 30 33 47 0
Coste: 49081

GENERACION: 120
Mejor Solucion:  26 24 11 23 43 32 3 4 28 13 25 12 39 7 5 15 44 20 9 34 19 1 10 31 40 37 42 41 29 21 17 49 46 2 38 36 35 16 27 45 6 8 14 18 22 48 30 33 47 0
Coste: 49081

GENERACION: 125
Mejor Solucion:  26 24 11 23 43 32 3 4 28 13 25 12 39 7 5 15 44 20 9 34 19 1 10 31 40 37 42 41 29 21 17 49 46 2 38 36 35 16 27 45 6 8 14 18 22 48 30 33 47 0
Coste: 49081

GENERACION: 130
Mejor Solucion:  26 12 46 7 15 32 4 20 9 13 25 49 39 23 43 44 3 5 28 34 24 1 31 2 40 37 38 41 29 21 19 17 11 10 48 42 36 16 27 45 6 8 14 18 22 30 35 33 47 0
Coste: 48998

GENERACION: 135
Mejor Solucion:  26 12 46 7 15 32 4 20 9 13 25 49 39 23 43 44 3 5 28 34 24 1 31 2 40 37 38 41 29 21 19 17 11 10 48 42 36 16 27 45 6 8 14 18 22 30 35 33 47 0
Coste: 48998

GENERACION: 140
Mejor Solucion:  26 12 46 7 15 32 4 20 9 13 25 49 39 23 43 44 3 5 28 34 24 1 31 2 40 37 38 41 29 21 19 17 11 10 48 42 36 16 27 45 6 8 14 18 22 30 35 33 47 0
Coste: 48998

GENERACION: 145
Mejor Solucion:  26 12 46 7 15 32 4 20 9 13 25 49 39 23 43 44 3 5 28 34 24 1 31 2 40 37 38 41 29 21 19 17 11 10 48 42 36 16 27 45 6 8 14 18 22 30 35 33 47 0
Coste: 48998

GENERACION: 150
Mejor Solucion:  26 12 46 7 15 32 4 20 9 13 25 49 39 23 43 44 3 5 28 34 24 1 31 2 40 37 38 41 29 21 19 17 11 10 48 42 36 16 27 45 6 8 14 18 22 30 35 33 47 0
Coste: 48998

GENERACION: 155
Mejor Solucion:  26 12 46 7 15 32 4 20 9 13 25 49 39 23 43 44 3 5 28 34 24 1 31 2 40 37 38 41 29 21 19 17 11 10 48 42 36 16 27 45 6 8 14 18 22 30 35 33 47 0
Coste: 48998

GENERACION: 160
Mejor Solucion:  26 12 46 7 15 32 4 20 9 13 25 49 39 23 43 44 3 5 28 34 24 1 31 2 40 37 38 41 29 21 19 17 11 10 48 42 36 16 27 45 6 8 14 18 22 30 35 33 47 0
Coste: 48998

GENERACION: 165
Mejor Solucion:  26 12 46 7 15 32 4 20 9 13 25 49 39 23 43 44 3 5 28 34 24 1 31 2 40 37 38 41 29 21 19 17 11 10 48 42 36 16 27 45 6 8 14 18 22 30 35 33 47 0
Coste: 48998

GENERACION: 170
Mejor Solucion:  26 12 46 7 15 32 4 20 9 13 25 49 39 23 43 44 3 5 28 34 24 1 31 2 40 37 38 41 29 21 19 17 11 10 48 42 36 16 27 45 6 8 14 18 22 30 35 33 47 0
Coste: 48998

GENERACION: 175
Mejor Solucion:  26 12 46 7 15 32 4 20 9 13 25 49 39 23 43 44 3 5 28 34 24 1 31 2 40 37 38 41 29 21 19 17 11 10 48 42 36 16 27 45 6 8 14 18 22 30 35 33 47 0
Coste: 48998

GENERACION: 180
Mejor Solucion:  26 12 46 7 15 32 4 20 9 13 25 49 39 23 43 44 3 5 28 34 24 1 31 2 40 37 38 41 29 21 19 17 11 10 48 42 36 16 27 45 6 8 14 18 22 30 35 33 47 0
Coste: 48998

GENERACION: 185
Mejor Solucion:  26 12 46 7 15 32 4 20 9 13 25 49 39 23 43 44 3 5 28 34 24 1 31 2 40 37 38 41 29 21 19 17 11 10 48 42 36 16 27 45 6 8 14 18 22 30 35 33 47 0
Coste: 48998

GENERACION: 190
Mejor Solucion:  26 12 46 7 15 32 4 20 9 13 25 49 39 23 43 44 3 5 28 34 24 1 31 2 40 37 38 41 29 21 19 17 11 10 48 42 36 16 27 45 6 8 14 18 22 30 35 33 47 0
Coste: 48998

GENERACION: 195
Mejor Solucion:  26 12 46 7 15 32 4 20 9 13 25 49 39 23 43 44 3 5 28 34 24 1 31 2 40 37 38 41 29 21 19 17 11 10 48 42 36 16 27 45 6 8 14 18 22 30 35 33 47 0
Coste: 48998

GENERACION: 200
Mejor Solucion:  26 12 46 7 15 32 4 20 9 13 25 49 39 23 43 44 3 5 28 34 24 1 31 2 40 37 38 41 29 21 19 17 11 10 48 42 36 16 27 45 6 8 14 18 22 30 35 33 47 0
Coste: 48998

GENERACION: 205
Mejor Solucion:  26 12 46 7 15 32 4 20 9 13 25 49 39 23 43 44 3 5 28 34 24 1 31 2 40 37 38 41 29 21 19 17 11 10 48 42 36 16 27 45 6 8 14 18 22 30 35 33 47 0
Coste: 48998

GENERACION: 210
Mejor Solucion:  25 12 39 43 15 5 32 9 34 21 24 49 46 2 31 37 30 4 13 0 26 11 1 23 40 44 3 20 28 45 17 8 10 22 48 38 42 29 27 47 19 6 14 7 18 36 35 33 41 16
Coste: 48972

GENERACION: 215
Mejor Solucion:  25 12 39 43 15 5 32 9 34 21 24 49 46 2 31 37 30 4 13 0 26 11 1 23 40 44 3 20 28 45 17 8 10 22 48 38 42 29 27 47 19 6 14 7 18 36 35 33 41 16
Coste: 48972

GENERACION: 220
Mejor Solucion:  25 12 39 43 15 5 32 9 34 21 24 49 46 2 31 37 30 4 13 0 26 11 1 23 40 44 3 20 28 45 17 8 10 22 48 38 42 29 27 47 19 6 14 7 18 36 35 33 41 16
Coste: 48972

GENERACION: 225
Mejor Solucion:  25 12 39 43 15 5 32 9 34 21 24 49 46 2 31 37 30 4 13 0 26 11 1 23 40 44 3 20 28 45 17 8 10 22 48 38 42 29 27 47 19 6 14 7 18 36 35 33 41 16
Coste: 48972

GENERACION: 230
Mejor Solucion:  25 12 39 43 15 5 32 9 34 21 24 49 46 2 31 37 30 4 13 0 26 11 1 23 40 44 3 20 28 45 17 8 10 22 48 38 42 29 27 47 19 6 14 7 18 36 35 33 41 16
Coste: 48972

GENERACION: 235
Mejor Solucion:  25 12 39 43 15 5 32 9 34 21 24 49 46 2 31 37 30 4 13 0 26 11 1 23 40 44 3 20 28 45 17 8 10 22 48 38 42 29 27 47 19 6 14 7 18 36 35 33 41 16
Coste: 48972

GENERACION: 240
Mejor Solucion:  25 12 39 46 30 43 4 9 34 21 24 49 31 2 40 37 15 5 13 0 26 11 1 23 38 44 3 20 28 45 17 8 10 22 48 42 36 29 27 47 19 6 14 7 18 32 35 33 41 16
Coste: 48924

GENERACION: 245
Mejor Solucion:  25 12 39 46 30 43 4 9 34 21 24 49 31 2 40 37 15 5 13 0 26 11 1 23 38 44 3 20 28 45 17 8 10 22 48 42 36 29 27 47 19 6 14 7 18 32 35 33 41 16
Coste: 48924

GENERACION: 250
Mejor Solucion:  25 12 39 46 30 43 4 13 34 21 24 1 49 2 31 37 15 5 9 0 26 11 23 38 40 44 3 20 28 45 17 8 22 7 48 42 35 29 27 47 19 6 14 10 18 32 36 33 41 16
Coste: 48916

GENERACION: 255
Mejor Solucion:  25 12 39 46 30 43 4 13 34 21 24 1 49 2 31 37 15 5 9 0 26 11 23 38 40 44 3 20 28 45 17 8 22 7 48 42 35 29 27 47 19 6 14 10 18 32 36 33 41 16
Coste: 48916

GENERACION: 260
Mejor Solucion:  25 12 39 46 30 43 4 13 34 21 24 1 49 2 31 37 15 5 9 0 26 11 23 38 40 44 3 20 28 45 17 8 22 7 48 42 35 29 27 47 19 6 14 10 18 32 36 33 41 16
Coste: 48916

GENERACION: 265
Mejor Solucion:  25 12 39 46 30 43 4 13 34 21 24 1 49 2 31 37 15 5 9 0 26 11 23 38 40 44 3 20 28 45 17 8 22 7 48 42 35 29 27 47 19 6 14 10 18 32 36 33 41 16
Coste: 48916

GENERACION: 270
Mejor Solucion:  25 12 39 46 30 43 4 13 34 21 24 1 49 2 31 37 15 5 9 0 26 11 23 38 40 44 3 20 28 45 17 8 22 7 48 42 35 29 27 47 19 6 14 10 18 32 36 33 41 16
Coste: 48916

GENERACION: 275
Mejor Solucion:  25 12 39 46 30 43 4 13 34 21 24 1 49 2 31 37 15 5 9 0 26 11 23 38 40 44 3 20 28 45 17 8 22 7 48 42 35 29 27 47 19 6 14 10 18 32 36 33 41 16
Coste: 48916

GENERACION: 280
Mejor Solucion:  25 12 39 46 30 43 4 13 34 21 24 1 49 2 31 37 15 5 9 0 26 11 23 38 40 44 3 20 28 45 17 8 22 7 48 42 35 29 27 47 19 6 14 10 18 32 36 33 41 16
Coste: 48916

GENERACION: 285
Mejor Solucion:  25 12 39 46 30 43 4 13 34 21 24 1 49 2 31 37 15 5 9 0 26 11 23 38 40 44 3 20 28 45 17 8 22 7 48 42 35 29 27 47 19 6 14 10 18 32 36 33 41 16
Coste: 48916

GENERACION: 290
Mejor Solucion:  25 12 39 46 30 43 4 13 34 21 24 1 49 2 31 37 15 5 9 0 26 11 23 38 40 44 3 20 28 45 17 8 22 7 48 42 35 29 27 47 19 6 14 10 18 32 36 33 41 16
Coste: 48916

GENERACION: 295
Mejor Solucion:  25 12 39 46 30 43 4 13 34 21 24 1 49 2 31 37 15 5 9 0 26 11 23 38 40 44 3 20 28 45 17 8 22 7 48 42 35 29 27 47 19 6 14 10 18 32 36 33 41 16
Coste: 48916

GENERACION: 300
Mejor Solucion:  25 12 39 46 30 43 4 13 34 21 24 1 49 2 31 37 15 5 9 0 26 11 23 38 40 44 3 20 28 45 17 8 22 7 48 42 35 29 27 47 19 6 14 10 18 32 36 33 41 16
Coste: 48916

GENERACION: 305
Mejor Solucion:  25 12 39 46 30 43 4 13 34 21 24 1 49 2 31 37 15 5 9 0 26 11 23 38 40 44 3 20 28 45 17 8 22 7 48 42 35 29 27 47 19 6 14 10 18 32 36 33 41 16
Coste: 48916

GENERACION: 310
Mejor Solucion:  25 12 39 46 30 43 4 13 34 21 24 1 49 2 31 37 15 5 9 0 26 11 23 38 40 44 3 20 28 45 17 8 22 7 48 42 35 29 27 47 19 6 14 10 18 32 36 33 41 16
Coste: 48916

GENERACION: 315
Mejor Solucion:  25 12 39 46 30 43 4 13 34 21 24 1 49 2 31 37 15 5 9 0 26 11 23 38 40 44 3 20 28 45 17 8 22 7 48 42 35 29 27 47 19 6 14 10 18 32 36 33 41 16
Coste: 48916

GENERACION: 320
Mejor Solucion:  25 12 39 46 30 43 4 13 34 21 24 1 49 2 31 37 15 5 9 0 26 11 23 38 40 44 3 20 28 45 17 8 22 7 48 42 35 29 27 47 19 6 14 10 18 32 36 33 41 16
Coste: 48916

GENERACION: 325
Mejor Solucion:  25 12 39 46 30 43 4 13 34 21 24 1 49 2 31 37 15 5 9 0 26 11 23 38 40 44 3 20 28 45 17 8 22 7 48 42 35 29 27 47 19 6 14 10 18 32 36 33 41 16
Coste: 48916

GENERACION: 330
Mejor Solucion:  25 12 39 46 30 43 4 13 34 21 24 1 49 2 31 37 15 5 9 0 26 11 23 38 40 44 3 20 28 45 17 8 22 7 48 42 35 29 27 47 19 6 14 10 18 32 36 33 41 16
Coste: 48916

GENERACION: 335
Mejor Solucion:  25 12 39 46 30 43 4 13 34 21 24 1 49 2 31 37 15 5 9 0 26 11 23 38 40 44 3 20 28 45 17 8 22 7 48 42 35 29 27 47 19 6 14 10 18 32 36 33 41 16
Coste: 48916

GENERACION: 340
Mejor Solucion:  25 12 39 46 30 43 4 13 34 21 24 1 49 2 31 37 15 5 9 0 26 11 23 38 40 44 3 20 28 45 17 8 22 7 48 42 35 29 27 47 19 6 14 10 18 32 36 33 41 16
Coste: 48916

GENERACION: 345
Mejor Solucion:  25 12 39 46 30 43 4 13 34 21 24 1 49 2 31 37 15 5 9 0 26 11 23 38 40 44 3 20 28 45 17 8 22 7 48 42 35 29 27 47 19 6 14 10 18 32 36 33 41 16
Coste: 48916

GENERACION: 350
Mejor Solucion:  25 12 39 46 30 43 4 13 34 21 24 1 49 2 31 37 15 5 9 0 26 11 23 38 40 44 3 20 28 45 17 8 22 7 48 42 35 29 27 47 19 6 14 10 18 32 36 33 41 16
Coste: 48916

GENERACION: 355
Mejor Solucion:  25 12 39 46 30 43 4 13 34 21 24 1 49 2 31 37 15 5 9 0 26 11 23 38 40 44 3 20 28 45 17 8 22 7 48 42 35 29 27 47 19 6 14 10 18 32 36 33 41 16
Coste: 48916

GENERACION: 360
Mejor Solucion:  25 12 39 46 30 43 4 13 34 21 24 1 49 2 31 37 15 5 9 0 26 11 23 38 40 44 3 20 28 45 17 8 22 7 48 42 35 29 27 47 19 6 14 10 18 32 36 33 41 16
Coste: 48916

GENERACION: 365
Mejor Solucion:  25 12 39 46 30 43 4 13 34 21 24 1 49 2 31 37 15 5 9 0 26 11 23 38 40 44 3 20 28 45 17 8 22 7 48 42 35 29 27 47 19 6 14 10 18 32 36 33 41 16
Coste: 48916

GENERACION: 370
Mejor Solucion:  25 12 39 46 30 43 4 13 34 21 24 1 49 2 31 37 15 5 9 0 26 11 23 38 40 44 3 20 28 45 17 8 22 7 48 42 35 29 27 47 19 6 14 10 18 32 36 33 41 16
Coste: 48916

GENERACION: 375
Mejor Solucion:  25 12 39 46 30 43 4 13 34 21 24 1 49 2 31 37 15 5 9 0 26 11 23 38 40 44 3 20 28 45 17 8 22 7 48 42 35 29 27 47 19 6 14 10 18 32 36 33 41 16
Coste: 48916

GENERACION: 380
Mejor Solucion:  25 12 39 46 30 43 4 13 34 21 24 1 49 2 31 37 15 5 9 0 26 11 23 38 40 44 3 20 28 45 17 8 22 7 48 42 35 29 27 47 19 6 14 10 18 32 36 33 41 16
Coste: 48916

GENERACION: 385
Mejor Solucion:  25 12 39 46 30 43 4 13 34 21 24 1 49 2 31 37 15 5 9 0 26 11 23 38 40 44 3 20 28 45 17 8 22 7 48 42 35 29 27 47 19 6 14 10 18 32 36 33 41 16
Coste: 48916

GENERACION: 390
Mejor Solucion:  25 12 39 46 30 43 4 13 34 21 24 1 49 2 31 37 15 5 9 0 26 11 23 38 40 44 3 20 28 45 17 8 22 7 48 42 35 29 27 47 19 6 14 10 18 32 36 33 41 16
Coste: 48916

GENERACION: 395
Mejor Solucion:  25 12 39 46 30 43 4 13 34 21 24 1 49 2 31 37 15 5 9 0 26 11 23 38 40 44 3 20 28 45 17 8 22 7 48 42 35 29 27 47 19 6 14 10 18 32 36 33 41 16
Coste: 48916

GENERACION: 400
Mejor Solucion:  25 12 39 46 30 43 4 13 34 21 24 1 49 2 31 37 15 5 9 0 26 11 23 38 40 44 3 20 28 45 17 8 22 7 48 42 35 29 27 47 19 6 14 10 18 32 36 33 41 16
Coste: 48916

GENERACION: 405
Mejor Solucion:  25 12 39 46 30 43 4 13 34 21 24 1 49 2 31 37 15 5 9 0 26 11 23 38 40 44 3 20 28 45 17 8 22 7 48 42 35 29 27 47 19 6 14 10 18 32 36 33 41 16
Coste: 48916

GENERACION: 410
Mejor Solucion:  25 12 39 46 30 43 4 13 34 21 24 1 49 2 31 37 15 5 9 0 26 11 23 38 40 44 3 20 28 45 17 8 22 7 48 42 35 29 27 47 19 6 14 10 18 32 36 33 41 16
Coste: 48916

GENERACION: 415
Mejor Solucion:  25 12 39 46 30 43 4 13 34 21 24 1 49 2 31 37 15 5 9 0 26 11 23 38 40 44 3 20 28 45 17 8 22 7 48 42 35 29 27 47 19 6 14 10 18 32 36 33 41 16
Coste: 48916

GENERACION: 420
Mejor Solucion:  25 12 39 46 30 43 4 13 34 21 24 1 49 2 31 37 15 5 9 0 26 11 23 38 40 44 3 20 28 45 17 8 22 7 48 42 35 29 27 47 19 6 14 10 18 32 36 33 41 16
Coste: 48916

GENERACION: 425
Mejor Solucion:  25 12 39 46 30 43 4 13 34 21 24 1 49 2 31 37 15 5 9 0 26 11 23 38 40 44 3 20 28 45 17 8 22 7 48 42 35 29 27 47 19 6 14 10 18 32 36 33 41 16
Coste: 48916

GENERACION: 430
Mejor Solucion:  25 12 39 46 30 43 4 13 34 21 24 1 49 2 31 37 15 5 9 0 26 11 23 38 40 44 3 20 28 45 17 8 22 7 48 42 35 29 27 47 19 6 14 10 18 32 36 33 41 16
Coste: 48916

GENERACION: 435
Mejor Solucion:  25 12 39 46 30 43 4 13 34 21 24 1 49 2 31 37 15 5 9 0 26 11 23 38 40 44 3 20 28 45 17 8 22 7 48 42 35 29 27 47 19 6 14 10 18 32 36 33 41 16
Coste: 48916

GENERACION: 440
Mejor Solucion:  25 12 39 46 30 43 4 13 34 21 24 1 49 2 31 37 15 5 9 0 26 11 23 38 40 44 3 20 28 45 17 8 22 7 48 42 35 29 27 47 19 6 14 10 18 32 36 33 41 16
Coste: 48916

GENERACION: 445
Mejor Solucion:  25 12 39 46 30 43 4 13 34 21 24 1 49 2 31 37 15 5 9 0 26 11 23 38 40 44 3 20 28 45 17 8 22 7 48 42 35 29 27 47 19 6 14 10 18 32 36 33 41 16
Coste: 48916

GENERACION: 450
Mejor Solucion:  25 12 39 46 30 43 4 13 34 21 24 1 49 2 31 37 15 5 9 0 26 11 23 38 40 44 3 20 28 45 17 8 22 7 48 42 35 29 27 47 19 6 14 10 18 32 36 33 41 16
Coste: 48916

GENERACION: 455
Mejor Solucion:  25 12 39 46 30 43 4 13 34 21 24 1 49 2 31 37 15 5 9 0 26 11 23 38 40 44 3 20 28 45 17 8 22 7 48 42 35 29 27 47 19 6 14 10 18 32 36 33 41 16
Coste: 48916

GENERACION: 460
Mejor Solucion:  25 12 39 46 30 43 4 13 34 21 24 1 49 2 31 37 15 5 9 0 26 11 23 38 40 44 3 20 28 45 17 8 22 7 48 42 35 29 27 47 19 6 14 10 18 32 36 33 41 16
Coste: 48916

GENERACION: 465
Mejor Solucion:  25 12 39 46 30 43 4 13 34 21 24 1 49 2 31 37 15 5 9 0 26 11 23 38 40 44 3 20 28 45 17 8 22 7 48 42 35 29 27 47 19 6 14 10 18 32 36 33 41 16
Coste: 48916

GENERACION: 470
Mejor Solucion:  25 12 39 46 30 43 4 13 34 21 24 1 49 2 31 37 15 5 9 0 26 11 23 38 40 44 3 20 28 45 17 8 22 7 48 42 35 29 27 47 19 6 14 10 18 32 36 33 41 16
Coste: 48916

GENERACION: 475
Mejor Solucion:  25 12 39 46 30 43 4 13 34 21 24 1 49 2 31 37 15 5 9 0 26 11 23 38 40 44 3 20 28 45 17 8 22 7 48 42 35 29 27 47 19 6 14 10 18 32 36 33 41 16
Coste: 48916

GENERACION: 480
Mejor Solucion:  25 12 39 46 30 43 4 13 34 21 24 1 49 2 31 37 15 5 9 0 26 11 23 38 40 44 3 20 28 45 17 8 22 7 48 42 35 29 27 47 19 6 14 10 18 32 36 33 41 16
Coste: 48916

GENERACION: 485
Mejor Solucion:  25 12 39 46 30 43 4 13 34 21 24 1 49 2 31 37 15 5 9 0 26 11 23 38 40 44 3 20 28 45 17 8 22 7 48 42 35 29 27 47 19 6 14 10 18 32 36 33 41 16
Coste: 48916

GENERACION: 490
Mejor Solucion:  25 12 39 46 30 43 4 13 34 21 24 1 49 2 31 37 15 5 9 0 26 11 23 38 40 44 3 20 28 45 17 8 22 7 48 42 35 29 27 47 19 6 14 10 18 32 36 33 41 16
Coste: 48916

GENERACION: 495
Mejor Solucion:  25 12 39 46 30 43 4 13 34 21 24 1 49 2 31 37 15 5 9 0 26 11 23 38 40 44 3 20 28 45 17 8 22 7 48 42 35 29 27 47 19 6 14 10 18 32 36 33 41 16
Coste: 48916

GENERACION: 500
Mejor Solucion:  25 12 39 46 30 43 4 13 34 21 24 1 49 2 31 37 15 5 9 0 26 11 23 38 40 44 3 20 28 45 17 8 22 7 48 42 35 29 27 47 19 6 14 10 18 32 36 33 41 16
Coste: 48916

GENERACION: 505
Mejor Solucion:  25 12 39 46 30 43 4 13 34 21 24 1 49 2 31 37 15 5 9 0 26 11 23 38 40 44 3 20 28 45 17 8 22 7 48 42 35 29 27 47 19 6 14 10 18 32 36 33 41 16
Coste: 48916

GENERACION: 510
Mejor Solucion:  25 12 39 46 30 43 4 13 34 21 24 1 49 2 31 37 15 5 9 0 26 11 23 38 40 44 3 20 28 45 17 8 22 7 48 42 35 29 27 47 19 6 14 10 18 32 36 33 41 16
Coste: 48916

GENERACION: 515
Mejor Solucion:  25 12 39 46 30 43 4 13 34 21 24 1 49 2 31 37 15 5 9 0 26 11 23 38 40 44 3 20 28 45 17 8 22 7 48 42 35 29 27 47 19 6 14 10 18 32 36 33 41 16
Coste: 48916

GENERACION: 520
Mejor Solucion:  25 12 39 46 30 43 4 13 34 21 24 1 49 2 31 37 15 5 9 0 26 11 23 38 40 44 3 20 28 45 17 8 22 7 48 42 35 29 27 47 19 6 14 10 18 32 36 33 41 16
Coste: 48916

GENERACION: 525
Mejor Solucion:  25 12 39 46 30 43 4 13 34 21 24 1 49 2 31 37 15 5 9 0 26 11 23 38 40 44 3 20 28 45 17 8 22 7 48 42 35 29 27 47 19 6 14 10 18 32 36 33 41 16
Coste: 48916

GENERACION: 530
Mejor Solucion:  25 12 39 46 30 43 4 13 34 21 24 1 49 2 31 37 15 5 9 0 26 11 23 38 40 44 3 20 28 45 17 8 22 7 48 42 35 29 27 47 19 6 14 10 18 32 36 33 41 16
Coste: 48916

GENERACION: 535
Mejor Solucion:  25 12 39 46 30 43 4 13 34 21 24 1 49 2 31 37 15 5 9 0 26 11 23 38 40 44 3 20 28 45 17 8 22 7 48 42 35 29 27 47 19 6 14 10 18 32 36 33 41 16
Coste: 48916

GENERACION: 540
Mejor Solucion:  25 12 39 46 30 43 4 13 34 21 24 1 49 2 31 37 15 5 9 0 26 11 23 38 40 44 3 20 28 45 17 8 22 7 48 42 35 29 27 47 19 6 14 10 18 32 36 33 41 16
Coste: 48916

GENERACION: 545
Mejor Solucion:  25 12 39 46 30 43 4 13 34 21 24 1 49 2 31 37 15 5 9 0 26 11 23 38 40 44 3 20 28 45 17 8 22 7 48 42 35 29 27 47 19 6 14 10 18 32 36 33 41 16
Coste: 48916

GENERACION: 550
Mejor Solucion:  25 12 39 46 30 43 4 13 34 21 24 1 49 2 31 37 15 5 9 0 26 11 23 38 40 44 3 20 28 45 17 8 22 7 48 42 35 29 27 47 19 6 14 10 18 32 36 33 41 16
Coste: 48916

GENERACION: 555
Mejor Solucion:  25 12 39 46 30 43 4 13 34 21 24 1 49 2 31 37 15 5 9 0 26 11 23 38 40 44 3 20 28 45 17 8 22 7 48 42 35 29 27 47 19 6 14 10 18 32 36 33 41 16
Coste: 48916

GENERACION: 560
Mejor Solucion:  25 12 39 46 30 43 4 13 34 21 24 1 49 2 31 37 15 5 9 0 26 11 23 38 40 44 3 20 28 45 17 8 22 7 48 42 35 29 27 47 19 6 14 10 18 32 36 33 41 16
Coste: 48916

GENERACION: 565
Mejor Solucion:  25 12 39 46 30 43 4 13 34 21 24 1 49 2 31 37 15 5 9 0 26 11 23 38 40 44 3 20 28 45 17 8 22 7 48 42 35 29 27 47 19 6 14 10 18 32 36 33 41 16
Coste: 48916

GENERACION: 570
Mejor Solucion:  25 12 39 46 30 43 4 13 34 21 24 1 49 2 31 37 15 5 9 0 26 11 23 38 40 44 3 20 28 45 17 8 22 7 48 42 35 29 27 47 19 6 14 10 18 32 36 33 41 16
Coste: 48916

GENERACION: 575
Mejor Solucion:  25 12 39 46 30 43 4 13 34 21 24 1 49 2 31 37 15 5 9 0 26 11 23 38 40 44 3 20 28 45 17 8 22 7 48 42 35 29 27 47 19 6 14 10 18 32 36 33 41 16
Coste: 48916

GENERACION: 580
Mejor Solucion:  25 12 39 46 30 43 4 13 34 21 24 1 49 2 31 37 15 5 9 0 26 11 23 38 40 44 3 20 28 45 17 8 22 7 48 42 35 29 27 47 19 6 14 10 18 32 36 33 41 16
Coste: 48916

GENERACION: 585
Mejor Solucion:  25 12 39 46 30 43 4 13 34 21 24 1 49 2 31 37 15 5 9 0 26 11 23 38 40 44 3 20 28 45 17 8 22 7 48 42 35 29 27 47 19 6 14 10 18 32 36 33 41 16
Coste: 48916

GENERACION: 590
Mejor Solucion:  25 12 39 46 30 43 4 13 34 21 24 1 49 2 31 37 15 5 9 0 26 11 23 38 40 44 3 20 28 45 17 8 22 7 48 42 35 29 27 47 19 6 14 10 18 32 36 33 41 16
Coste: 48916

GENERACION: 595
Mejor Solucion:  25 12 39 46 30 43 4 13 34 21 24 1 49 2 31 37 15 5 9 0 26 11 23 38 40 44 3 20 28 45 17 8 22 7 48 42 35 29 27 47 19 6 14 10 18 32 36 33 41 16
Coste: 48916

GENERACION: 600
Mejor Solucion:  25 12 39 46 30 43 4 13 34 21 24 1 49 2 31 37 15 5 9 0 26 11 23 38 40 44 3 20 28 45 17 8 22 7 48 42 35 29 27 47 19 6 14 10 18 32 36 33 41 16
Coste: 48916

GENERACION: 605
Mejor Solucion:  25 12 39 46 30 43 4 13 34 21 24 1 49 2 31 37 15 5 9 0 26 11 23 38 40 44 3 20 28 45 17 8 22 7 48 42 35 29 27 47 19 6 14 10 18 32 36 33 41 16
Coste: 48916

GENERACION: 610
Mejor Solucion:  25 12 39 46 30 43 4 13 34 21 24 1 49 2 31 37 15 5 9 0 26 11 23 38 40 44 3 20 28 45 17 8 22 7 48 42 35 29 27 47 19 6 14 10 18 32 36 33 41 16
Coste: 48916

GENERACION: 615
Mejor Solucion:  25 12 39 46 30 43 4 13 34 21 24 1 49 2 31 37 15 5 9 0 26 11 23 38 40 44 3 20 28 45 17 8 22 7 48 42 35 29 27 47 19 6 14 10 18 32 36 33 41 16
Coste: 48916

GENERACION: 620
Mejor Solucion:  25 12 39 46 30 43 4 13 34 21 24 1 49 2 31 37 15 5 9 0 26 11 23 38 40 44 3 20 28 45 17 8 22 7 48 42 35 29 27 47 19 6 14 10 18 32 36 33 41 16
Coste: 48916

GENERACION: 625
Mejor Solucion:  25 12 39 46 30 43 4 13 34 21 24 1 49 2 31 37 15 5 9 0 26 11 23 38 40 44 3 20 28 45 17 8 22 7 48 42 35 29 27 47 19 6 14 10 18 32 36 33 41 16
Coste: 48916

GENERACION: 630
Mejor Solucion:  25 12 39 46 30 43 4 13 34 21 24 1 49 2 31 37 15 5 9 0 26 11 23 38 40 44 3 20 28 45 17 8 22 7 48 42 35 29 27 47 19 6 14 10 18 32 36 33 41 16
Coste: 48916

GENERACION: 635
Mejor Solucion:  25 12 39 46 30 43 4 13 34 21 24 1 49 2 31 37 15 5 9 0 26 11 23 38 40 44 3 20 28 45 17 8 22 7 48 42 35 29 27 47 19 6 14 10 18 32 36 33 41 16
Coste: 48916

GENERACION: 640
Mejor Solucion:  25 12 39 46 30 43 4 13 34 21 24 1 49 2 31 37 15 5 9 0 26 11 23 38 40 44 3 20 28 45 17 8 22 7 48 42 35 29 27 47 19 6 14 10 18 32 36 33 41 16
Coste: 48916

GENERACION: 645
Mejor Solucion:  25 12 39 46 30 43 4 13 34 21 24 1 49 2 31 37 15 5 9 0 26 11 23 38 40 44 3 20 28 45 17 8 22 7 48 42 35 29 27 47 19 6 14 10 18 32 36 33 41 16
Coste: 48916

GENERACION: 650
Mejor Solucion:  25 12 39 46 30 43 4 13 34 21 24 1 49 2 31 37 15 5 9 0 26 11 23 38 40 44 3 20 28 45 17 8 22 7 48 42 35 29 27 47 19 6 14 10 18 32 36 33 41 16
Coste: 48916

GENERACION: 655
Mejor Solucion:  25 12 39 46 30 43 4 13 34 21 24 1 49 2 31 37 15 5 9 0 26 11 23 38 40 44 3 20 28 45 17 8 22 7 48 42 35 29 27 47 19 6 14 10 18 32 36 33 41 16
Coste: 48916

GENERACION: 660
Mejor Solucion:  25 12 39 46 30 43 4 13 34 21 24 1 49 2 31 37 15 5 9 0 26 11 23 38 40 44 3 20 28 45 17 8 22 7 48 42 35 29 27 47 19 6 14 10 18 32 36 33 41 16
Coste: 48916

GENERACION: 665
Mejor Solucion:  25 12 39 46 30 43 4 13 34 21 24 1 49 2 31 37 15 5 9 0 26 11 23 38 40 44 3 20 28 45 17 8 22 7 48 42 35 29 27 47 19 6 14 10 18 32 36 33 41 16
Coste: 48916

GENERACION: 670
Mejor Solucion:  25 12 39 46 30 43 4 13 34 21 24 1 49 2 31 37 15 5 9 0 26 11 23 38 40 44 3 20 28 45 17 8 22 7 48 42 35 29 27 47 19 6 14 10 18 32 36 33 41 16
Coste: 48916

GENERACION: 675
Mejor Solucion:  25 12 39 46 30 43 4 13 34 21 24 1 49 2 31 37 15 5 9 0 26 11 23 38 40 44 3 20 28 45 17 8 22 7 48 42 35 29 27 47 19 6 14 10 18 32 36 33 41 16
Coste: 48916

GENERACION: 680
Mejor Solucion:  25 12 39 46 30 43 4 13 34 21 24 1 49 2 31 37 15 5 9 0 26 11 23 38 40 44 3 20 28 45 17 8 22 7 48 42 35 29 27 47 19 6 14 10 18 32 36 33 41 16
Coste: 48916

GENERACION: 685
Mejor Solucion:  25 12 39 46 30 43 4 13 34 21 24 1 49 2 31 37 15 5 9 0 26 11 23 38 40 44 3 20 28 45 17 8 22 7 48 42 35 29 27 47 19 6 14 10 18 32 36 33 41 16
Coste: 48916

GENERACION: 690
Mejor Solucion:  25 12 39 46 30 43 4 13 34 21 24 1 49 2 31 37 15 5 9 0 26 11 23 38 40 44 3 20 28 45 17 8 22 7 48 42 35 29 27 47 19 6 14 10 18 32 36 33 41 16
Coste: 48916

GENERACION: 695
Mejor Solucion:  25 12 39 46 30 43 4 13 34 21 24 1 49 2 31 37 15 5 9 0 26 11 23 38 40 44 3 20 28 45 17 8 22 7 48 42 35 29 27 47 19 6 14 10 18 32 36 33 41 16
Coste: 48916

GENERACION: 700
Mejor Solucion:  25 12 39 46 30 43 4 13 34 21 24 1 49 2 31 37 15 5 9 0 26 11 23 38 40 44 3 20 28 45 17 8 22 7 48 42 35 29 27 47 19 6 14 10 18 32 36 33 41 16
Coste: 48916

GENERACION: 705
Mejor Solucion:  25 12 39 46 30 43 4 13 34 21 24 1 49 2 31 37 15 5 9 0 26 11 23 38 40 44 3 20 28 45 17 8 22 7 48 42 35 29 27 47 19 6 14 10 18 32 36 33 41 16
Coste: 48916

GENERACION: 710
Mejor Solucion:  25 12 39 46 30 43 4 13 34 21 24 1 49 2 31 37 15 5 9 0 26 11 23 38 40 44 3 20 28 45 17 8 22 7 48 42 35 29 27 47 19 6 14 10 18 32 36 33 41 16
Coste: 48916

GENERACION: 715
Mejor Solucion:  25 12 39 46 30 43 4 13 34 21 24 1 49 2 31 37 15 5 9 0 26 11 23 38 40 44 3 20 28 45 17 8 22 7 48 42 35 29 27 47 19 6 14 10 18 32 36 33 41 16
Coste: 48916

GENERACION: 720
Mejor Solucion:  25 12 39 46 30 43 4 13 34 21 24 1 49 2 31 37 15 5 9 0 26 11 23 38 40 44 3 20 28 45 17 8 22 7 48 42 35 29 27 47 19 6 14 10 18 32 36 33 41 16
Coste: 48916

GENERACION: 725
Mejor Solucion:  25 12 39 46 30 43 4 13 34 21 24 1 49 2 31 37 15 5 9 0 26 11 23 38 40 44 3 20 28 45 17 8 22 7 48 42 35 29 27 47 19 6 14 10 18 32 36 33 41 16
Coste: 48916

GENERACION: 730
Mejor Solucion:  25 12 39 46 30 43 4 13 34 21 24 1 49 2 31 37 15 5 9 0 26 11 23 38 40 44 3 20 28 45 17 8 22 7 48 42 35 29 27 47 19 6 14 10 18 32 36 33 41 16
Coste: 48916

GENERACION: 735
Mejor Solucion:  25 12 39 46 30 43 4 13 34 21 24 1 49 2 31 37 15 5 9 0 26 11 23 38 40 44 3 20 28 45 17 8 22 7 48 42 35 29 27 47 19 6 14 10 18 32 36 33 41 16
Coste: 48916

GENERACION: 740
Mejor Solucion:  25 12 39 46 30 43 4 13 34 21 24 1 49 2 31 37 15 5 9 0 26 11 23 38 40 44 3 20 28 45 17 8 22 7 48 42 35 29 27 47 19 6 14 10 18 32 36 33 41 16
Coste: 48916

GENERACION: 745
Mejor Solucion:  25 12 39 46 30 43 4 13 34 21 24 1 49 2 31 37 15 5 9 0 26 11 23 38 40 44 3 20 28 45 17 8 22 7 48 42 35 29 27 47 19 6 14 10 18 32 36 33 41 16
Coste: 48916

GENERACION: 750
Mejor Solucion:  25 12 39 46 30 43 4 13 34 21 24 1 49 2 31 37 15 5 9 0 26 11 23 38 40 44 3 20 28 45 17 8 22 7 48 42 35 29 27 47 19 6 14 10 18 32 36 33 41 16
Coste: 48916

GENERACION: 755
Mejor Solucion:  25 12 39 46 30 43 4 13 34 21 24 1 49 2 31 37 15 5 9 0 26 11 23 38 40 44 3 20 28 45 17 8 22 7 48 42 35 29 27 47 19 6 14 10 18 32 36 33 41 16
Coste: 48916

GENERACION: 760
Mejor Solucion:  25 12 39 46 30 43 4 13 34 21 24 1 49 2 31 37 15 5 9 0 26 11 23 38 40 44 3 20 28 45 17 8 22 7 48 42 35 29 27 47 19 6 14 10 18 32 36 33 41 16
Coste: 48916

GENERACION: 765
Mejor Solucion:  25 12 39 46 30 43 4 13 34 21 24 1 49 2 31 37 15 5 9 0 26 11 23 38 40 44 3 20 28 45 17 8 22 7 48 42 35 29 27 47 19 6 14 10 18 32 36 33 41 16
Coste: 48916

GENERACION: 770
Mejor Solucion:  25 12 39 46 30 43 4 13 34 21 24 1 49 2 31 37 15 5 9 0 26 11 23 38 40 44 3 20 28 45 17 8 22 7 48 42 35 29 27 47 19 6 14 10 18 32 36 33 41 16
Coste: 48916

GENERACION: 775
Mejor Solucion:  25 12 39 46 30 43 4 13 34 21 24 1 49 2 31 37 15 5 9 0 26 11 23 38 40 44 3 20 28 45 17 8 22 7 48 42 35 29 27 47 19 6 14 10 18 32 36 33 41 16
Coste: 48916

GENERACION: 780
Mejor Solucion:  25 12 39 46 30 43 4 13 34 21 24 1 49 2 31 37 15 5 9 0 26 11 23 38 40 44 3 20 28 45 17 8 22 7 48 42 35 29 27 47 19 6 14 10 18 32 36 33 41 16
Coste: 48916

GENERACION: 785
Mejor Solucion:  25 12 39 46 30 43 4 13 34 21 24 1 49 2 31 37 15 5 9 0 26 11 23 38 40 44 3 20 28 45 17 8 22 7 48 42 35 29 27 47 19 6 14 10 18 32 36 33 41 16
Coste: 48916

GENERACION: 790
Mejor Solucion:  25 12 39 46 30 43 4 13 34 21 24 1 49 2 31 37 15 5 9 0 26 11 23 38 40 44 3 20 28 45 17 8 22 7 48 42 35 29 27 47 19 6 14 10 18 32 36 33 41 16
Coste: 48916

GENERACION: 795
Mejor Solucion:  25 12 39 46 30 43 4 13 34 21 24 1 49 2 31 37 15 5 9 0 26 11 23 38 40 44 3 20 28 45 17 8 22 7 48 42 35 29 27 47 19 6 14 10 18 32 36 33 41 16
Coste: 48916

GENERACION: 800
Mejor Solucion:  25 12 39 46 30 43 4 13 34 21 24 1 49 2 31 37 15 5 9 0 26 11 23 38 40 44 3 20 28 45 17 8 22 7 48 42 35 29 27 47 19 6 14 10 18 32 36 33 41 16
Coste: 48916

GENERACION: 805
Mejor Solucion:  25 12 39 46 30 43 4 13 34 21 24 1 49 2 31 37 15 5 9 0 26 11 23 38 40 44 3 20 28 45 17 8 22 7 48 42 35 29 27 47 19 6 14 10 18 32 36 33 41 16
Coste: 48916

GENERACION: 810
Mejor Solucion:  25 12 39 46 30 43 4 13 34 21 24 1 49 2 31 37 15 5 9 0 26 11 23 38 40 44 3 20 28 45 17 8 22 7 48 42 35 29 27 47 19 6 14 10 18 32 36 33 41 16
Coste: 48916

GENERACION: 815
Mejor Solucion:  25 12 39 46 30 43 4 13 34 21 24 1 49 2 31 37 15 5 9 0 26 11 23 38 40 44 3 20 28 45 17 8 22 7 48 42 35 29 27 47 19 6 14 10 18 32 36 33 41 16
Coste: 48916

GENERACION: 820
Mejor Solucion:  25 12 39 46 30 43 4 13 34 21 24 1 49 2 31 37 15 5 9 0 26 11 23 38 40 44 3 20 28 45 17 8 22 7 48 42 35 29 27 47 19 6 14 10 18 32 36 33 41 16
Coste: 48916

GENERACION: 825
Mejor Solucion:  25 12 39 46 30 43 4 13 34 21 24 1 49 2 31 37 15 5 9 0 26 11 23 38 40 44 3 20 28 45 17 8 22 7 48 42 35 29 27 47 19 6 14 10 18 32 36 33 41 16
Coste: 48916

GENERACION: 830
Mejor Solucion:  25 12 39 46 30 43 4 13 34 21 24 1 49 2 31 37 15 5 9 0 26 11 23 38 40 44 3 20 28 45 17 8 22 7 48 42 35 29 27 47 19 6 14 10 18 32 36 33 41 16
Coste: 48916

GENERACION: 835
Mejor Solucion:  25 12 39 46 30 43 4 13 34 21 24 1 49 2 31 37 15 5 9 0 26 11 23 38 40 44 3 20 28 45 17 8 22 7 48 42 35 29 27 47 19 6 14 10 18 32 36 33 41 16
Coste: 48916

GENERACION: 840
Mejor Solucion:  25 12 39 46 30 43 4 13 34 21 24 1 49 2 31 37 15 5 9 0 26 11 23 38 40 44 3 20 28 45 17 8 22 7 48 42 35 29 27 47 19 6 14 10 18 32 36 33 41 16
Coste: 48916

GENERACION: 845
Mejor Solucion:  25 12 39 46 30 43 4 13 34 21 24 1 49 2 31 37 15 5 9 0 26 11 23 38 40 44 3 20 28 45 17 8 22 7 48 42 35 29 27 47 19 6 14 10 18 32 36 33 41 16
Coste: 48916

GENERACION: 850
Mejor Solucion:  25 12 39 46 30 43 4 13 34 21 24 1 49 2 31 37 15 5 9 0 26 11 23 38 40 44 3 20 28 45 17 8 22 7 48 42 35 29 27 47 19 6 14 10 18 32 36 33 41 16
Coste: 48916

GENERACION: 855
Mejor Solucion:  25 12 39 46 30 43 4 13 34 21 24 1 49 2 31 37 15 5 9 0 26 11 23 38 40 44 3 20 28 45 17 8 22 7 48 42 35 29 27 47 19 6 14 10 18 32 36 33 41 16
Coste: 48916

GENERACION: 860
Mejor Solucion:  25 12 39 46 30 43 4 13 34 21 24 1 49 2 31 37 15 5 9 0 26 11 23 38 40 44 3 20 28 45 17 8 22 7 48 42 35 29 27 47 19 6 14 10 18 32 36 33 41 16
Coste: 48916

GENERACION: 865
Mejor Solucion:  25 12 39 46 30 43 4 13 34 21 24 1 49 2 31 37 15 5 9 0 26 11 23 38 40 44 3 20 28 45 17 8 22 7 48 42 35 29 27 47 19 6 14 10 18 32 36 33 41 16
Coste: 48916

GENERACION: 870
Mejor Solucion:  25 12 39 46 30 43 4 13 34 21 24 1 49 2 31 37 15 5 9 0 26 11 23 38 40 44 3 20 28 45 17 8 22 7 48 42 35 29 27 47 19 6 14 10 18 32 36 33 41 16
Coste: 48916

GENERACION: 875
Mejor Solucion:  25 12 39 46 30 43 4 13 34 21 24 1 49 2 31 37 15 5 9 0 26 11 23 38 40 44 3 20 28 45 17 8 22 7 48 42 35 29 27 47 19 6 14 10 18 32 36 33 41 16
Coste: 48916

GENERACION: 880
Mejor Solucion:  25 12 39 46 30 43 4 13 34 21 24 1 49 2 31 37 15 5 9 0 26 11 23 38 40 44 3 20 28 45 17 8 22 7 48 42 35 29 27 47 19 6 14 10 18 32 36 33 41 16
Coste: 48916

GENERACION: 885
Mejor Solucion:  25 12 39 46 30 43 4 13 34 21 24 1 49 2 31 37 15 5 9 0 26 11 23 38 40 44 3 20 28 45 17 8 22 7 48 42 35 29 27 47 19 6 14 10 18 32 36 33 41 16
Coste: 48916

GENERACION: 890
Mejor Solucion:  25 12 39 46 30 43 4 13 34 21 24 1 49 2 31 37 15 5 9 0 26 11 23 38 40 44 3 20 28 45 17 8 22 7 48 42 35 29 27 47 19 6 14 10 18 32 36 33 41 16
Coste: 48916

GENERACION: 895
Mejor Solucion:  25 12 39 46 30 43 4 13 34 21 24 1 49 2 31 37 15 5 9 0 26 11 23 38 40 44 3 20 28 45 17 8 22 7 48 42 35 29 27 47 19 6 14 10 18 32 36 33 41 16
Coste: 48916

GENERACION: 900
Mejor Solucion:  25 12 39 46 30 43 4 13 34 21 24 1 49 2 31 37 15 5 9 0 26 11 23 38 40 44 3 20 28 45 17 8 22 7 48 42 35 29 27 47 19 6 14 10 18 32 36 33 41 16
Coste: 48916

GENERACION: 905
Mejor Solucion:  25 12 39 46 30 43 4 13 34 21 24 1 49 2 31 37 15 5 9 0 26 11 23 38 40 44 3 20 28 45 17 8 22 7 48 42 35 29 27 47 19 6 14 10 18 32 36 33 41 16
Coste: 48916

GENERACION: 910
Mejor Solucion:  25 12 39 46 30 43 4 13 34 21 24 1 49 2 31 37 15 5 9 0 26 11 23 38 40 44 3 20 28 45 17 8 22 7 48 42 35 29 27 47 19 6 14 10 18 32 36 33 41 16
Coste: 48916

GENERACION: 915
Mejor Solucion:  25 12 39 46 30 43 4 13 34 21 24 1 49 2 31 37 15 5 9 0 26 11 23 38 40 44 3 20 28 45 17 8 22 7 48 42 35 29 27 47 19 6 14 10 18 32 36 33 41 16
Coste: 48916

GENERACION: 920
Mejor Solucion:  25 12 39 46 30 43 4 13 34 21 24 1 49 2 31 37 15 5 9 0 26 11 23 38 40 44 3 20 28 45 17 8 22 7 48 42 35 29 27 47 19 6 14 10 18 32 36 33 41 16
Coste: 48916

GENERACION: 925
Mejor Solucion:  25 12 39 46 30 43 4 13 34 21 24 1 49 2 31 37 15 5 9 0 26 11 23 38 40 44 3 20 28 45 17 8 22 7 48 42 35 29 27 47 19 6 14 10 18 32 36 33 41 16
Coste: 48916

GENERACION: 930
Mejor Solucion:  25 12 39 46 30 43 4 13 34 21 24 1 49 2 31 37 15 5 9 0 26 11 23 38 40 44 3 20 28 45 17 8 22 7 48 42 35 29 27 47 19 6 14 10 18 32 36 33 41 16
Coste: 48916

GENERACION: 935
Mejor Solucion:  25 12 39 46 30 43 4 13 34 21 24 1 49 2 31 37 15 5 9 0 26 11 23 38 40 44 3 20 28 45 17 8 22 7 48 42 35 29 27 47 19 6 14 10 18 32 36 33 41 16
Coste: 48916

GENERACION: 940
Mejor Solucion:  25 12 39 46 30 43 4 13 34 21 24 1 49 2 31 37 15 5 9 0 26 11 23 38 40 44 3 20 28 45 17 8 22 7 48 42 35 29 27 47 19 6 14 10 18 32 36 33 41 16
Coste: 48916

GENERACION: 945
Mejor Solucion:  25 12 39 46 30 43 4 13 34 21 24 1 49 2 31 37 15 5 9 0 26 11 23 38 40 44 3 20 28 45 17 8 22 7 48 42 35 29 27 47 19 6 14 10 18 32 36 33 41 16
Coste: 48916

GENERACION: 950
Mejor Solucion:  25 12 39 46 30 43 4 13 34 21 24 1 49 2 31 37 15 5 9 0 26 11 23 38 40 44 3 20 28 45 17 8 22 7 48 42 35 29 27 47 19 6 14 10 18 32 36 33 41 16
Coste: 48916

GENERACION: 955
Mejor Solucion:  25 12 39 46 30 43 4 13 34 21 24 1 49 2 31 37 15 5 9 0 26 11 23 38 40 44 3 20 28 45 17 8 22 7 48 42 35 29 27 47 19 6 14 10 18 32 36 33 41 16
Coste: 48916

GENERACION: 960
Mejor Solucion:  25 12 39 46 30 43 4 13 34 21 24 1 49 2 31 37 15 5 9 0 26 11 23 38 40 44 3 20 28 45 17 8 22 7 48 42 35 29 27 47 19 6 14 10 18 32 36 33 41 16
Coste: 48916

GENERACION: 965
Mejor Solucion:  25 12 39 46 30 43 4 13 34 21 24 1 49 2 31 37 15 5 9 0 26 11 23 38 40 44 3 20 28 45 17 8 22 7 48 42 35 29 27 47 19 6 14 10 18 32 36 33 41 16
Coste: 48916

GENERACION: 970
Mejor Solucion:  25 12 39 46 30 43 4 13 34 21 24 1 49 2 31 37 15 5 9 0 26 11 23 38 40 44 3 20 28 45 17 8 22 7 48 42 35 29 27 47 19 6 14 10 18 32 36 33 41 16
Coste: 48916

GENERACION: 975
Mejor Solucion:  25 12 39 46 30 43 4 13 34 21 24 1 49 2 31 37 15 5 9 0 26 11 23 38 40 44 3 20 28 45 17 8 22 7 48 42 35 29 27 47 19 6 14 10 18 32 36 33 41 16
Coste: 48916

GENERACION: 980
Mejor Solucion:  25 12 39 46 30 43 4 13 34 21 24 1 49 2 31 37 15 5 9 0 26 11 23 38 40 44 3 20 28 45 17 8 22 7 48 42 35 29 27 47 19 6 14 10 18 32 36 33 41 16
Coste: 48916

GENERACION: 985
Mejor Solucion:  25 12 39 46 30 43 4 13 34 21 24 1 49 2 31 37 15 5 9 0 26 11 23 38 40 44 3 20 28 45 17 8 22 7 48 42 35 29 27 47 19 6 14 10 18 32 36 33 41 16
Coste: 48916

GENERACION: 990
Mejor Solucion:  25 12 39 46 30 43 4 13 34 21 24 1 49 2 31 37 15 5 9 0 26 11 23 38 40 44 3 20 28 45 17 8 22 7 48 42 35 29 27 47 19 6 14 10 18 32 36 33 41 16
Coste: 48916

GENERACION: 995
Mejor Solucion:  25 12 39 46 30 43 4 13 34 21 24 1 49 2 31 37 15 5 9 0 26 11 23 38 40 44 3 20 28 45 17 8 22 7 48 42 35 29 27 47 19 6 14 10 18 32 36 33 41 16
Coste: 48916

GENERACION: 1000
Mejor Solucion:  25 12 39 46 30 43 4 13 34 21 24 1 49 2 31 37 15 5 9 0 26 11 23 38 40 44 3 20 28 45 17 8 22 7 48 42 35 29 27 47 19 6 14 10 18 32 36 33 41 16
Coste: 48916

GENERACION: 5
Mejor Solucion:  36 46 32 26 21 29 20 5 38 13 19 2 39 49 4 24 3 47 17 12 37 8 30 9 34 11 45 1 28 16 31 10 42 7 23 48 25 33 22 27 6 40 14 41 43 15 44 35 18 0
Coste: 54400

GENERACION: 10
Mejor Solucion:  19 18 14 37 1 23 22 31 29 0 24 39 46 2 40 43 5 15 34 13 11 8 12 33 48 38 49 20 9 27 6 7 10 42 36 44 17 41 28 21 25 26 30 32 3 16 35 4 47 45
Coste: 51935

GENERACION: 15
Mejor Solucion:  26 49 38 23 3 37 36 16 19 0 24 1 46 2 40 43 5 15 21 13 11 12 7 22 42 4 28 45 27 34 17 8 14 48 35 44 20 9 29 31 25 6 39 10 18 32 30 33 41 47
Coste: 50368

GENERACION: 20
Mejor Solucion:  26 11 7 23 44 3 36 19 16 0 49 12 38 2 22 43 5 15 27 34 24 1 46 40 31 37 35 29 28 45 17 8 14 48 42 33 20 9 13 21 25 6 39 10 18 32 30 41 4 47
Coste: 49814

GENERACION: 25
Mejor Solucion:  26 11 7 23 44 3 36 19 16 0 49 12 38 2 22 43 5 15 27 34 24 1 46 40 31 37 35 29 28 45 17 8 14 48 42 33 20 9 13 21 25 6 39 10 18 32 30 41 4 47
Coste: 49814

GENERACION: 30
Mejor Solucion:  24 12 46 2 43 49 15 5 20 0 11 1 23 22 37 40 31 9 28 13 26 7 39 32 44 38 3 29 4 34 19 8 18 48 42 36 35 16 27 45 25 6 14 10 17 33 30 41 47 21
Coste: 49407

GENERACION: 35
Mejor Solucion:  24 12 46 2 43 49 15 5 20 0 11 1 23 22 37 40 31 9 28 13 26 7 39 32 44 38 3 29 4 34 19 8 18 48 42 36 35 16 27 45 25 6 14 10 17 33 30 41 47 21
Coste: 49407

GENERACION: 40
Mejor Solucion:  24 12 46 2 43 49 15 5 20 0 11 1 23 22 37 40 31 9 28 13 26 7 39 32 44 38 3 29 4 34 19 8 18 48 42 36 35 16 27 45 25 6 14 10 17 33 30 41 47 21
Coste: 49407

GENERACION: 45
Mejor Solucion:  24 12 46 2 43 49 15 5 20 0 11 1 23 22 37 40 31 9 28 13 26 7 39 32 44 38 3 29 4 34 19 8 18 48 42 36 35 16 27 45 25 6 14 10 17 33 30 41 47 21
Coste: 49407

GENERACION: 50
Mejor Solucion:  24 12 46 2 43 49 15 5 20 0 11 1 23 22 37 40 31 9 28 13 26 7 39 32 44 38 3 29 4 34 19 8 18 48 42 36 35 16 27 45 25 6 14 10 17 33 30 41 47 21
Coste: 49407

GENERACION: 55
Mejor Solucion:  24 12 46 2 43 49 15 5 20 0 11 1 23 22 37 40 31 9 28 13 26 7 39 32 44 38 3 29 4 34 19 8 18 48 42 36 35 16 27 45 25 6 14 10 17 33 30 41 47 21
Coste: 49407

GENERACION: 60
Mejor Solucion:  26 11 46 23 43 32 3 41 4 13 24 12 49 2 38 37 15 20 9 21 25 1 39 31 40 44 36 5 28 34 19 17 10 7 22 42 35 16 27 45 6 8 14 18 48 30 33 29 47 0
Coste: 49135

GENERACION: 65
Mejor Solucion:  26 11 46 23 43 32 3 41 4 13 24 12 49 2 38 37 15 20 9 21 25 1 39 31 40 44 36 5 28 34 19 17 10 7 22 42 35 16 27 45 6 8 14 18 48 30 33 29 47 0
Coste: 49135

GENERACION: 70
Mejor Solucion:  26 11 46 23 43 32 3 41 4 13 24 12 49 2 38 37 15 20 9 21 25 1 39 31 40 44 36 5 28 34 19 17 10 7 22 42 35 16 27 45 6 8 14 18 48 30 33 29 47 0
Coste: 49135

GENERACION: 75
Mejor Solucion:  26 11 46 23 43 32 3 41 4 13 24 12 49 2 38 37 15 20 9 21 25 1 39 31 40 44 36 5 28 34 19 17 10 7 22 42 35 16 27 45 6 8 14 18 48 30 33 29 47 0
Coste: 49135

GENERACION: 80
Mejor Solucion:  25 26 39 23 43 32 3 4 34 13 24 12 49 7 5 15 44 20 9 28 19 1 10 31 40 37 42 41 29 21 17 11 46 2 38 36 35 16 27 45 6 8 14 18 22 48 30 33 47 0
Coste: 49111

GENERACION: 85
Mejor Solucion:  25 26 39 23 43 32 3 4 34 13 24 12 49 7 5 15 44 20 9 28 19 1 10 31 40 37 42 41 29 21 17 11 46 2 38 36 35 16 27 45 6 8 14 18 22 48 30 33 47 0
Coste: 49111

GENERACION: 90
Mejor Solucion:  26 24 11 23 43 32 3 4 28 13 25 12 39 7 5 15 44 20 9 34 19 1 10 31 40 37 42 41 29 21 17 49 46 2 38 36 35 16 27 45 6 8 14 18 22 48 30 33 47 0
Coste: 49081

GENERACION: 95
Mejor Solucion:  26 24 11 23 43 32 3 4 28 13 25 12 39 7 5 15 44 20 9 34 19 1 10 31 40 37 42 41 29 21 17 49 46 2 38 36 35 16 27 45 6 8 14 18 22 48 30 33 47 0
Coste: 49081

GENERACION: 100
Mejor Solucion:  26 24 11 23 43 32 3 4 28 13 25 12 39 7 5 15 44 20 9 34 19 1 10 31 40 37 42 41 29 21 17 49 46 2 38 36 35 16 27 45 6 8 14 18 22 48 30 33 47 0
Coste: 49081

GENERACION: 105
Mejor Solucion:  26 24 11 23 43 32 3 4 28 13 25 12 39 7 5 15 44 20 9 34 19 1 10 31 40 37 42 41 29 21 17 49 46 2 38 36 35 16 27 45 6 8 14 18 22 48 30 33 47 0
Coste: 49081

GENERACION: 110
Mejor Solucion:  26 24 11 23 43 32 3 4 28 13 25 12 39 7 5 15 44 20 9 34 19 1 10 31 40 37 42 41 29 21 17 49 46 2 38 36 35 16 27 45 6 8 14 18 22 48 30 33 47 0
Coste: 49081

GENERACION: 115
Mejor Solucion:  26 24 11 23 43 32 3 4 28 13 25 12 39 7 5 15 44 20 9 34 19 1 10 31 40 37 42 41 29 21 17 49 46 2 38 36 35 16 27 45 6 8 14 18 22 48 30 33 47 0
Coste: 49081

GENERACION: 120
Mejor Solucion:  26 24 11 23 43 32 3 4 28 13 25 12 39 7 5 15 44 20 9 34 19 1 10 31 40 37 42 41 29 21 17 49 46 2 38 36 35 16 27 45 6 8 14 18 22 48 30 33 47 0
Coste: 49081

GENERACION: 125
Mejor Solucion:  26 24 11 23 43 32 3 4 28 13 25 12 39 7 5 15 44 20 9 34 19 1 10 31 40 37 42 41 29 21 17 49 46 2 38 36 35 16 27 45 6 8 14 18 22 48 30 33 47 0
Coste: 49081

GENERACION: 130
Mejor Solucion:  26 12 46 7 15 32 4 20 9 13 25 49 39 23 43 44 3 5 28 34 24 1 31 2 40 37 38 41 29 21 19 17 11 10 48 42 36 16 27 45 6 8 14 18 22 30 35 33 47 0
Coste: 48998

GENERACION: 135
Mejor Solucion:  26 12 46 7 15 32 4 20 9 13 25 49 39 23 43 44 3 5 28 34 24 1 31 2 40 37 38 41 29 21 19 17 11 10 48 42 36 16 27 45 6 8 14 18 22 30 35 33 47 0
Coste: 48998

GENERACION: 140
Mejor Solucion:  26 12 46 7 15 32 4 20 9 13 25 49 39 23 43 44 3 5 28 34 24 1 31 2 40 37 38 41 29 21 19 17 11 10 48 42 36 16 27 45 6 8 14 18 22 30 35 33 47 0
Coste: 48998

GENERACION: 145
Mejor Solucion:  26 12 46 7 15 32 4 20 9 13 25 49 39 23 43 44 3 5 28 34 24 1 31 2 40 37 38 41 29 21 19 17 11 10 48 42 36 16 27 45 6 8 14 18 22 30 35 33 47 0
Coste: 48998

GENERACION: 150
Mejor Solucion:  26 12 46 7 15 32 4 20 9 13 25 49 39 23 43 44 3 5 28 34 24 1 31 2 40 37 38 41 29 21 19 17 11 10 48 42 36 16 27 45 6 8 14 18 22 30 35 33 47 0
Coste: 48998

GENERACION: 155
Mejor Solucion:  26 12 46 7 15 32 4 20 9 13 25 49 39 23 43 44 3 5 28 34 24 1 31 2 40 37 38 41 29 21 19 17 11 10 48 42 36 16 27 45 6 8 14 18 22 30 35 33 47 0
Coste: 48998

GENERACION: 160
Mejor Solucion:  26 12 46 7 15 32 4 20 9 13 25 49 39 23 43 44 3 5 28 34 24 1 31 2 40 37 38 41 29 21 19 17 11 10 48 42 36 16 27 45 6 8 14 18 22 30 35 33 47 0
Coste: 48998

GENERACION: 165
Mejor Solucion:  26 12 46 7 15 32 4 20 9 13 25 49 39 23 43 44 3 5 28 34 24 1 31 2 40 37 38 41 29 21 19 17 11 10 48 42 36 16 27 45 6 8 14 18 22 30 35 33 47 0
Coste: 48998

GENERACION: 170
Mejor Solucion:  26 12 46 7 15 32 4 20 9 13 25 49 39 23 43 44 3 5 28 34 24 1 31 2 40 37 38 41 29 21 19 17 11 10 48 42 36 16 27 45 6 8 14 18 22 30 35 33 47 0
Coste: 48998

GENERACION: 175
Mejor Solucion:  26 12 46 7 15 32 4 20 9 13 25 49 39 23 43 44 3 5 28 34 24 1 31 2 40 37 38 41 29 21 19 17 11 10 48 42 36 16 27 45 6 8 14 18 22 30 35 33 47 0
Coste: 48998

GENERACION: 180
Mejor Solucion:  26 12 46 7 15 32 4 20 9 13 25 49 39 23 43 44 3 5 28 34 24 1 31 2 40 37 38 41 29 21 19 17 11 10 48 42 36 16 27 45 6 8 14 18 22 30 35 33 47 0
Coste: 48998

GENERACION: 185
Mejor Solucion:  26 12 46 7 15 32 4 20 9 13 25 49 39 23 43 44 3 5 28 34 24 1 31 2 40 37 38 41 29 21 19 17 11 10 48 42 36 16 27 45 6 8 14 18 22 30 35 33 47 0
Coste: 48998

GENERACION: 190
Mejor Solucion:  26 12 46 7 15 32 4 20 9 13 25 49 39 23 43 44 3 5 28 34 24 1 31 2 40 37 38 41 29 21 19 17 11 10 48 42 36 16 27 45 6 8 14 18 22 30 35 33 47 0
Coste: 48998

GENERACION: 195
Mejor Solucion:  26 12 46 7 15 32 4 20 9 13 25 49 39 23 43 44 3 5 28 34 24 1 31 2 40 37 38 41 29 21 19 17 11 10 48 42 36 16 27 45 6 8 14 18 22 30 35 33 47 0
Coste: 48998

GENERACION: 200
Mejor Solucion:  26 12 46 7 15 32 4 20 9 13 25 49 39 23 43 44 3 5 28 34 24 1 31 2 40 37 38 41 29 21 19 17 11 10 48 42 36 16 27 45 6 8 14 18 22 30 35 33 47 0
Coste: 48998

GENERACION: 205
Mejor Solucion:  26 12 46 7 15 32 4 20 9 13 25 49 39 23 43 44 3 5 28 34 24 1 31 2 40 37 38 41 29 21 19 17 11 10 48 42 36 16 27 45 6 8 14 18 22 30 35 33 47 0
Coste: 48998

GENERACION: 210
Mejor Solucion:  25 12 39 43 15 5 32 9 34 21 24 49 46 2 31 37 30 4 13 0 26 11 1 23 40 44 3 20 28 45 17 8 10 22 48 38 42 29 27 47 19 6 14 7 18 36 35 33 41 16
Coste: 48972

GENERACION: 215
Mejor Solucion:  25 12 39 43 15 5 32 9 34 21 24 49 46 2 31 37 30 4 13 0 26 11 1 23 40 44 3 20 28 45 17 8 10 22 48 38 42 29 27 47 19 6 14 7 18 36 35 33 41 16
Coste: 48972

GENERACION: 220
Mejor Solucion:  25 12 39 43 15 5 32 9 34 21 24 49 46 2 31 37 30 4 13 0 26 11 1 23 40 44 3 20 28 45 17 8 10 22 48 38 42 29 27 47 19 6 14 7 18 36 35 33 41 16
Coste: 48972

GENERACION: 225
Mejor Solucion:  25 12 39 43 15 5 32 9 34 21 24 49 46 2 31 37 30 4 13 0 26 11 1 23 40 44 3 20 28 45 17 8 10 22 48 38 42 29 27 47 19 6 14 7 18 36 35 33 41 16
Coste: 48972

GENERACION: 230
Mejor Solucion:  25 12 39 43 15 5 32 9 34 21 24 49 46 2 31 37 30 4 13 0 26 11 1 23 40 44 3 20 28 45 17 8 10 22 48 38 42 29 27 47 19 6 14 7 18 36 35 33 41 16
Coste: 48972

GENERACION: 235
Mejor Solucion:  25 12 39 43 15 5 32 9 34 21 24 49 46 2 31 37 30 4 13 0 26 11 1 23 40 44 3 20 28 45 17 8 10 22 48 38 42 29 27 47 19 6 14 7 18 36 35 33 41 16
Coste: 48972

GENERACION: 240
Mejor Solucion:  25 12 39 46 30 43 4 9 34 21 24 49 31 2 40 37 15 5 13 0 26 11 1 23 38 44 3 20 28 45 17 8 10 22 48 42 36 29 27 47 19 6 14 7 18 32 35 33 41 16
Coste: 48924

GENERACION: 245
Mejor Solucion:  25 12 39 46 30 43 4 9 34 21 24 49 31 2 40 37 15 5 13 0 26 11 1 23 38 44 3 20 28 45 17 8 10 22 48 42 36 29 27 47 19 6 14 7 18 32 35 33 41 16
Coste: 48924

GENERACION: 250
Mejor Solucion:  25 12 39 46 30 43 4 13 34 21 24 1 49 2 31 37 15 5 9 0 26 11 23 38 40 44 3 20 28 45 17 8 22 7 48 42 35 29 27 47 19 6 14 10 18 32 36 33 41 16
Coste: 48916

GENERACION: 255
Mejor Solucion:  25 12 39 46 30 43 4 13 34 21 24 1 49 2 31 37 15 5 9 0 26 11 23 38 40 44 3 20 28 45 17 8 22 7 48 42 35 29 27 47 19 6 14 10 18 32 36 33 41 16
Coste: 48916

GENERACION: 260
Mejor Solucion:  25 12 39 46 30 43 4 13 34 21 24 1 49 2 31 37 15 5 9 0 26 11 23 38 40 44 3 20 28 45 17 8 22 7 48 42 35 29 27 47 19 6 14 10 18 32 36 33 41 16
Coste: 48916

GENERACION: 265
Mejor Solucion:  25 12 39 46 30 43 4 13 34 21 24 1 49 2 31 37 15 5 9 0 26 11 23 38 40 44 3 20 28 45 17 8 22 7 48 42 35 29 27 47 19 6 14 10 18 32 36 33 41 16
Coste: 48916

GENERACION: 270
Mejor Solucion:  25 12 39 46 30 43 4 13 34 21 24 1 49 2 31 37 15 5 9 0 26 11 23 38 40 44 3 20 28 45 17 8 22 7 48 42 35 29 27 47 19 6 14 10 18 32 36 33 41 16
Coste: 48916

GENERACION: 275
Mejor Solucion:  25 12 39 46 30 43 4 13 34 21 24 1 49 2 31 37 15 5 9 0 26 11 23 38 40 44 3 20 28 45 17 8 22 7 48 42 35 29 27 47 19 6 14 10 18 32 36 33 41 16
Coste: 48916

GENERACION: 280
Mejor Solucion:  25 12 39 46 30 43 4 13 34 21 24 1 49 2 31 37 15 5 9 0 26 11 23 38 40 44 3 20 28 45 17 8 22 7 48 42 35 29 27 47 19 6 14 10 18 32 36 33 41 16
Coste: 48916

GENERACION: 285
Mejor Solucion:  25 12 39 46 30 43 4 13 34 21 24 1 49 2 31 37 15 5 9 0 26 11 23 38 40 44 3 20 28 45 17 8 22 7 48 42 35 29 27 47 19 6 14 10 18 32 36 33 41 16
Coste: 48916

GENERACION: 290
Mejor Solucion:  25 12 39 46 30 43 4 13 34 21 24 1 49 2 31 37 15 5 9 0 26 11 23 38 40 44 3 20 28 45 17 8 22 7 48 42 35 29 27 47 19 6 14 10 18 32 36 33 41 16
Coste: 48916

GENERACION: 295
Mejor Solucion:  25 12 39 46 30 43 4 13 34 21 24 1 49 2 31 37 15 5 9 0 26 11 23 38 40 44 3 20 28 45 17 8 22 7 48 42 35 29 27 47 19 6 14 10 18 32 36 33 41 16
Coste: 48916

GENERACION: 300
Mejor Solucion:  25 12 39 46 30 43 4 13 34 21 24 1 49 2 31 37 15 5 9 0 26 11 23 38 40 44 3 20 28 45 17 8 22 7 48 42 35 29 27 47 19 6 14 10 18 32 36 33 41 16
Coste: 48916

GENERACION: 305
Mejor Solucion:  25 12 39 46 30 43 4 13 34 21 24 1 49 2 31 37 15 5 9 0 26 11 23 38 40 44 3 20 28 45 17 8 22 7 48 42 35 29 27 47 19 6 14 10 18 32 36 33 41 16
Coste: 48916

GENERACION: 310
Mejor Solucion:  25 12 39 46 30 43 4 13 34 21 24 1 49 2 31 37 15 5 9 0 26 11 23 38 40 44 3 20 28 45 17 8 22 7 48 42 35 29 27 47 19 6 14 10 18 32 36 33 41 16
Coste: 48916

GENERACION: 315
Mejor Solucion:  25 12 39 46 30 43 4 13 34 21 24 1 49 2 31 37 15 5 9 0 26 11 23 38 40 44 3 20 28 45 17 8 22 7 48 42 35 29 27 47 19 6 14 10 18 32 36 33 41 16
Coste: 48916

GENERACION: 320
Mejor Solucion:  25 12 39 46 30 43 4 13 34 21 24 1 49 2 31 37 15 5 9 0 26 11 23 38 40 44 3 20 28 45 17 8 22 7 48 42 35 29 27 47 19 6 14 10 18 32 36 33 41 16
Coste: 48916

GENERACION: 325
Mejor Solucion:  25 12 39 46 30 43 4 13 34 21 24 1 49 2 31 37 15 5 9 0 26 11 23 38 40 44 3 20 28 45 17 8 22 7 48 42 35 29 27 47 19 6 14 10 18 32 36 33 41 16
Coste: 48916

GENERACION: 330
Mejor Solucion:  25 12 39 46 30 43 4 13 34 21 24 1 49 2 31 37 15 5 9 0 26 11 23 38 40 44 3 20 28 45 17 8 22 7 48 42 35 29 27 47 19 6 14 10 18 32 36 33 41 16
Coste: 48916

GENERACION: 335
Mejor Solucion:  25 12 39 46 30 43 4 13 34 21 24 1 49 2 31 37 15 5 9 0 26 11 23 38 40 44 3 20 28 45 17 8 22 7 48 42 35 29 27 47 19 6 14 10 18 32 36 33 41 16
Coste: 48916

GENERACION: 340
Mejor Solucion:  25 12 39 46 30 43 4 13 34 21 24 1 49 2 31 37 15 5 9 0 26 11 23 38 40 44 3 20 28 45 17 8 22 7 48 42 35 29 27 47 19 6 14 10 18 32 36 33 41 16
Coste: 48916

GENERACION: 345
Mejor Solucion:  25 12 39 46 30 43 4 13 34 21 24 1 49 2 31 37 15 5 9 0 26 11 23 38 40 44 3 20 28 45 17 8 22 7 48 42 35 29 27 47 19 6 14 10 18 32 36 33 41 16
Coste: 48916

GENERACION: 350
Mejor Solucion:  25 12 39 46 30 43 4 13 34 21 24 1 49 2 31 37 15 5 9 0 26 11 23 38 40 44 3 20 28 45 17 8 22 7 48 42 35 29 27 47 19 6 14 10 18 32 36 33 41 16
Coste: 48916

GENERACION: 355
Mejor Solucion:  25 12 39 46 30 43 4 13 34 21 24 1 49 2 31 37 15 5 9 0 26 11 23 38 40 44 3 20 28 45 17 8 22 7 48 42 35 29 27 47 19 6 14 10 18 32 36 33 41 16
Coste: 48916

GENERACION: 360
Mejor Solucion:  25 12 39 46 30 43 4 13 34 21 24 1 49 2 31 37 15 5 9 0 26 11 23 38 40 44 3 20 28 45 17 8 22 7 48 42 35 29 27 47 19 6 14 10 18 32 36 33 41 16
Coste: 48916

GENERACION: 365
Mejor Solucion:  25 12 39 46 30 43 4 13 34 21 24 1 49 2 31 37 15 5 9 0 26 11 23 38 40 44 3 20 28 45 17 8 22 7 48 42 35 29 27 47 19 6 14 10 18 32 36 33 41 16
Coste: 48916

GENERACION: 370
Mejor Solucion:  25 12 39 46 30 43 4 13 34 21 24 1 49 2 31 37 15 5 9 0 26 11 23 38 40 44 3 20 28 45 17 8 22 7 48 42 35 29 27 47 19 6 14 10 18 32 36 33 41 16
Coste: 48916

GENERACION: 375
Mejor Solucion:  25 12 39 46 30 43 4 13 34 21 24 1 49 2 31 37 15 5 9 0 26 11 23 38 40 44 3 20 28 45 17 8 22 7 48 42 35 29 27 47 19 6 14 10 18 32 36 33 41 16
Coste: 48916

GENERACION: 380
Mejor Solucion:  25 12 39 46 30 43 4 13 34 21 24 1 49 2 31 37 15 5 9 0 26 11 23 38 40 44 3 20 28 45 17 8 22 7 48 42 35 29 27 47 19 6 14 10 18 32 36 33 41 16
Coste: 48916

GENERACION: 385
Mejor Solucion:  25 12 39 46 30 43 4 13 34 21 24 1 49 2 31 37 15 5 9 0 26 11 23 38 40 44 3 20 28 45 17 8 22 7 48 42 35 29 27 47 19 6 14 10 18 32 36 33 41 16
Coste: 48916

GENERACION: 390
Mejor Solucion:  25 12 39 46 30 43 4 13 34 21 24 1 49 2 31 37 15 5 9 0 26 11 23 38 40 44 3 20 28 45 17 8 22 7 48 42 35 29 27 47 19 6 14 10 18 32 36 33 41 16
Coste: 48916

GENERACION: 395
Mejor Solucion:  25 12 39 46 30 43 4 13 34 21 24 1 49 2 31 37 15 5 9 0 26 11 23 38 40 44 3 20 28 45 17 8 22 7 48 42 35 29 27 47 19 6 14 10 18 32 36 33 41 16
Coste: 48916

GENERACION: 400
Mejor Solucion:  25 12 39 46 30 43 4 13 34 21 24 1 49 2 31 37 15 5 9 0 26 11 23 38 40 44 3 20 28 45 17 8 22 7 48 42 35 29 27 47 19 6 14 10 18 32 36 33 41 16
Coste: 48916

GENERACION: 405
Mejor Solucion:  25 12 39 46 30 43 4 13 34 21 24 1 49 2 31 37 15 5 9 0 26 11 23 38 40 44 3 20 28 45 17 8 22 7 48 42 35 29 27 47 19 6 14 10 18 32 36 33 41 16
Coste: 48916

GENERACION: 410
Mejor Solucion:  25 12 39 46 30 43 4 13 34 21 24 1 49 2 31 37 15 5 9 0 26 11 23 38 40 44 3 20 28 45 17 8 22 7 48 42 35 29 27 47 19 6 14 10 18 32 36 33 41 16
Coste: 48916

GENERACION: 415
Mejor Solucion:  25 12 39 46 30 43 4 13 34 21 24 1 49 2 31 37 15 5 9 0 26 11 23 38 40 44 3 20 28 45 17 8 22 7 48 42 35 29 27 47 19 6 14 10 18 32 36 33 41 16
Coste: 48916

GENERACION: 420
Mejor Solucion:  25 12 39 46 30 43 4 13 34 21 24 1 49 2 31 37 15 5 9 0 26 11 23 38 40 44 3 20 28 45 17 8 22 7 48 42 35 29 27 47 19 6 14 10 18 32 36 33 41 16
Coste: 48916

GENERACION: 425
Mejor Solucion:  25 12 39 46 30 43 4 13 34 21 24 1 49 2 31 37 15 5 9 0 26 11 23 38 40 44 3 20 28 45 17 8 22 7 48 42 35 29 27 47 19 6 14 10 18 32 36 33 41 16
Coste: 48916

GENERACION: 430
Mejor Solucion:  25 12 39 46 30 43 4 13 34 21 24 1 49 2 31 37 15 5 9 0 26 11 23 38 40 44 3 20 28 45 17 8 22 7 48 42 35 29 27 47 19 6 14 10 18 32 36 33 41 16
Coste: 48916

GENERACION: 435
Mejor Solucion:  25 12 39 46 30 43 4 13 34 21 24 1 49 2 31 37 15 5 9 0 26 11 23 38 40 44 3 20 28 45 17 8 22 7 48 42 35 29 27 47 19 6 14 10 18 32 36 33 41 16
Coste: 48916

GENERACION: 440
Mejor Solucion:  25 12 39 46 30 43 4 13 34 21 24 1 49 2 31 37 15 5 9 0 26 11 23 38 40 44 3 20 28 45 17 8 22 7 48 42 35 29 27 47 19 6 14 10 18 32 36 33 41 16
Coste: 48916

GENERACION: 445
Mejor Solucion:  25 12 39 46 30 43 4 13 34 21 24 1 49 2 31 37 15 5 9 0 26 11 23 38 40 44 3 20 28 45 17 8 22 7 48 42 35 29 27 47 19 6 14 10 18 32 36 33 41 16
Coste: 48916

GENERACION: 450
Mejor Solucion:  25 12 39 46 30 43 4 13 34 21 24 1 49 2 31 37 15 5 9 0 26 11 23 38 40 44 3 20 28 45 17 8 22 7 48 42 35 29 27 47 19 6 14 10 18 32 36 33 41 16
Coste: 48916

GENERACION: 455
Mejor Solucion:  25 12 39 46 30 43 4 13 34 21 24 1 49 2 31 37 15 5 9 0 26 11 23 38 40 44 3 20 28 45 17 8 22 7 48 42 35 29 27 47 19 6 14 10 18 32 36 33 41 16
Coste: 48916

GENERACION: 460
Mejor Solucion:  25 12 39 46 30 43 4 13 34 21 24 1 49 2 31 37 15 5 9 0 26 11 23 38 40 44 3 20 28 45 17 8 22 7 48 42 35 29 27 47 19 6 14 10 18 32 36 33 41 16
Coste: 48916

GENERACION: 465
Mejor Solucion:  25 12 39 46 30 43 4 13 34 21 24 1 49 2 31 37 15 5 9 0 26 11 23 38 40 44 3 20 28 45 17 8 22 7 48 42 35 29 27 47 19 6 14 10 18 32 36 33 41 16
Coste: 48916

GENERACION: 470
Mejor Solucion:  25 12 39 46 30 43 4 13 34 21 24 1 49 2 31 37 15 5 9 0 26 11 23 38 40 44 3 20 28 45 17 8 22 7 48 42 35 29 27 47 19 6 14 10 18 32 36 33 41 16
Coste: 48916

GENERACION: 475
Mejor Solucion:  25 12 39 46 30 43 4 13 34 21 24 1 49 2 31 37 15 5 9 0 26 11 23 38 40 44 3 20 28 45 17 8 22 7 48 42 35 29 27 47 19 6 14 10 18 32 36 33 41 16
Coste: 48916

GENERACION: 480
Mejor Solucion:  25 12 39 46 30 43 4 13 34 21 24 1 49 2 31 37 15 5 9 0 26 11 23 38 40 44 3 20 28 45 17 8 22 7 48 42 35 29 27 47 19 6 14 10 18 32 36 33 41 16
Coste: 48916

GENERACION: 485
Mejor Solucion:  25 12 39 46 30 43 4 13 34 21 24 1 49 2 31 37 15 5 9 0 26 11 23 38 40 44 3 20 28 45 17 8 22 7 48 42 35 29 27 47 19 6 14 10 18 32 36 33 41 16
Coste: 48916

GENERACION: 490
Mejor Solucion:  25 12 39 46 30 43 4 13 34 21 24 1 49 2 31 37 15 5 9 0 26 11 23 38 40 44 3 20 28 45 17 8 22 7 48 42 35 29 27 47 19 6 14 10 18 32 36 33 41 16
Coste: 48916

GENERACION: 495
Mejor Solucion:  25 12 39 46 30 43 4 13 34 21 24 1 49 2 31 37 15 5 9 0 26 11 23 38 40 44 3 20 28 45 17 8 22 7 48 42 35 29 27 47 19 6 14 10 18 32 36 33 41 16
Coste: 48916

GENERACION: 500
Mejor Solucion:  25 12 39 46 30 43 4 13 34 21 24 1 49 2 31 37 15 5 9 0 26 11 23 38 40 44 3 20 28 45 17 8 22 7 48 42 35 29 27 47 19 6 14 10 18 32 36 33 41 16
Coste: 48916

GENERACION: 505
Mejor Solucion:  25 12 39 46 30 43 4 13 34 21 24 1 49 2 31 37 15 5 9 0 26 11 23 38 40 44 3 20 28 45 17 8 22 7 48 42 35 29 27 47 19 6 14 10 18 32 36 33 41 16
Coste: 48916

GENERACION: 510
Mejor Solucion:  25 12 39 46 30 43 4 13 34 21 24 1 49 2 31 37 15 5 9 0 26 11 23 38 40 44 3 20 28 45 17 8 22 7 48 42 35 29 27 47 19 6 14 10 18 32 36 33 41 16
Coste: 48916

GENERACION: 515
Mejor Solucion:  25 12 39 46 30 43 4 13 34 21 24 1 49 2 31 37 15 5 9 0 26 11 23 38 40 44 3 20 28 45 17 8 22 7 48 42 35 29 27 47 19 6 14 10 18 32 36 33 41 16
Coste: 48916

GENERACION: 520
Mejor Solucion:  25 12 39 46 30 43 4 13 34 21 24 1 49 2 31 37 15 5 9 0 26 11 23 38 40 44 3 20 28 45 17 8 22 7 48 42 35 29 27 47 19 6 14 10 18 32 36 33 41 16
Coste: 48916

GENERACION: 525
Mejor Solucion:  25 12 39 46 30 43 4 13 34 21 24 1 49 2 31 37 15 5 9 0 26 11 23 38 40 44 3 20 28 45 17 8 22 7 48 42 35 29 27 47 19 6 14 10 18 32 36 33 41 16
Coste: 48916

GENERACION: 530
Mejor Solucion:  25 12 39 46 30 43 4 13 34 21 24 1 49 2 31 37 15 5 9 0 26 11 23 38 40 44 3 20 28 45 17 8 22 7 48 42 35 29 27 47 19 6 14 10 18 32 36 33 41 16
Coste: 48916

GENERACION: 535
Mejor Solucion:  25 12 39 46 30 43 4 13 34 21 24 1 49 2 31 37 15 5 9 0 26 11 23 38 40 44 3 20 28 45 17 8 22 7 48 42 35 29 27 47 19 6 14 10 18 32 36 33 41 16
Coste: 48916

GENERACION: 540
Mejor Solucion:  25 12 39 46 30 43 4 13 34 21 24 1 49 2 31 37 15 5 9 0 26 11 23 38 40 44 3 20 28 45 17 8 22 7 48 42 35 29 27 47 19 6 14 10 18 32 36 33 41 16
Coste: 48916

GENERACION: 545
Mejor Solucion:  25 12 39 46 30 43 4 13 34 21 24 1 49 2 31 37 15 5 9 0 26 11 23 38 40 44 3 20 28 45 17 8 22 7 48 42 35 29 27 47 19 6 14 10 18 32 36 33 41 16
Coste: 48916

GENERACION: 550
Mejor Solucion:  25 12 39 46 30 43 4 13 34 21 24 1 49 2 31 37 15 5 9 0 26 11 23 38 40 44 3 20 28 45 17 8 22 7 48 42 35 29 27 47 19 6 14 10 18 32 36 33 41 16
Coste: 48916

GENERACION: 555
Mejor Solucion:  25 12 39 46 30 43 4 13 34 21 24 1 49 2 31 37 15 5 9 0 26 11 23 38 40 44 3 20 28 45 17 8 22 7 48 42 35 29 27 47 19 6 14 10 18 32 36 33 41 16
Coste: 48916

GENERACION: 560
Mejor Solucion:  25 12 39 46 30 43 4 13 34 21 24 1 49 2 31 37 15 5 9 0 26 11 23 38 40 44 3 20 28 45 17 8 22 7 48 42 35 29 27 47 19 6 14 10 18 32 36 33 41 16
Coste: 48916

GENERACION: 565
Mejor Solucion:  25 12 39 46 30 43 4 13 34 21 24 1 49 2 31 37 15 5 9 0 26 11 23 38 40 44 3 20 28 45 17 8 22 7 48 42 35 29 27 47 19 6 14 10 18 32 36 33 41 16
Coste: 48916

GENERACION: 570
Mejor Solucion:  25 12 39 46 30 43 4 13 34 21 24 1 49 2 31 37 15 5 9 0 26 11 23 38 40 44 3 20 28 45 17 8 22 7 48 42 35 29 27 47 19 6 14 10 18 32 36 33 41 16
Coste: 48916

GENERACION: 575
Mejor Solucion:  25 12 39 46 30 43 4 13 34 21 24 1 49 2 31 37 15 5 9 0 26 11 23 38 40 44 3 20 28 45 17 8 22 7 48 42 35 29 27 47 19 6 14 10 18 32 36 33 41 16
Coste: 48916

GENERACION: 580
Mejor Solucion:  25 12 39 46 30 43 4 13 34 21 24 1 49 2 31 37 15 5 9 0 26 11 23 38 40 44 3 20 28 45 17 8 22 7 48 42 35 29 27 47 19 6 14 10 18 32 36 33 41 16
Coste: 48916

GENERACION: 585
Mejor Solucion:  25 12 39 46 30 43 4 13 34 21 24 1 49 2 31 37 15 5 9 0 26 11 23 38 40 44 3 20 28 45 17 8 22 7 48 42 35 29 27 47 19 6 14 10 18 32 36 33 41 16
Coste: 48916

GENERACION: 590
Mejor Solucion:  25 12 39 46 30 43 4 13 34 21 24 1 49 2 31 37 15 5 9 0 26 11 23 38 40 44 3 20 28 45 17 8 22 7 48 42 35 29 27 47 19 6 14 10 18 32 36 33 41 16
Coste: 48916

GENERACION: 595
Mejor Solucion:  25 12 39 46 30 43 4 13 34 21 24 1 49 2 31 37 15 5 9 0 26 11 23 38 40 44 3 20 28 45 17 8 22 7 48 42 35 29 27 47 19 6 14 10 18 32 36 33 41 16
Coste: 48916

GENERACION: 600
Mejor Solucion:  25 12 39 46 30 43 4 13 34 21 24 1 49 2 31 37 15 5 9 0 26 11 23 38 40 44 3 20 28 45 17 8 22 7 48 42 35 29 27 47 19 6 14 10 18 32 36 33 41 16
Coste: 48916

GENERACION: 605
Mejor Solucion:  25 12 39 46 30 43 4 13 34 21 24 1 49 2 31 37 15 5 9 0 26 11 23 38 40 44 3 20 28 45 17 8 22 7 48 42 35 29 27 47 19 6 14 10 18 32 36 33 41 16
Coste: 48916

GENERACION: 610
Mejor Solucion:  25 12 39 46 30 43 4 13 34 21 24 1 49 2 31 37 15 5 9 0 26 11 23 38 40 44 3 20 28 45 17 8 22 7 48 42 35 29 27 47 19 6 14 10 18 32 36 33 41 16
Coste: 48916

GENERACION: 615
Mejor Solucion:  25 12 39 46 30 43 4 13 34 21 24 1 49 2 31 37 15 5 9 0 26 11 23 38 40 44 3 20 28 45 17 8 22 7 48 42 35 29 27 47 19 6 14 10 18 32 36 33 41 16
Coste: 48916

GENERACION: 620
Mejor Solucion:  25 12 39 46 30 43 4 13 34 21 24 1 49 2 31 37 15 5 9 0 26 11 23 38 40 44 3 20 28 45 17 8 22 7 48 42 35 29 27 47 19 6 14 10 18 32 36 33 41 16
Coste: 48916

GENERACION: 625
Mejor Solucion:  25 12 39 46 30 43 4 13 34 21 24 1 49 2 31 37 15 5 9 0 26 11 23 38 40 44 3 20 28 45 17 8 22 7 48 42 35 29 27 47 19 6 14 10 18 32 36 33 41 16
Coste: 48916

GENERACION: 630
Mejor Solucion:  25 12 39 46 30 43 4 13 34 21 24 1 49 2 31 37 15 5 9 0 26 11 23 38 40 44 3 20 28 45 17 8 22 7 48 42 35 29 27 47 19 6 14 10 18 32 36 33 41 16
Coste: 48916

GENERACION: 635
Mejor Solucion:  25 12 39 46 30 43 4 13 34 21 24 1 49 2 31 37 15 5 9 0 26 11 23 38 40 44 3 20 28 45 17 8 22 7 48 42 35 29 27 47 19 6 14 10 18 32 36 33 41 16
Coste: 48916

GENERACION: 640
Mejor Solucion:  25 12 39 46 30 43 4 13 34 21 24 1 49 2 31 37 15 5 9 0 26 11 23 38 40 44 3 20 28 45 17 8 22 7 48 42 35 29 27 47 19 6 14 10 18 32 36 33 41 16
Coste: 48916

GENERACION: 645
Mejor Solucion:  25 12 39 46 30 43 4 13 34 21 24 1 49 2 31 37 15 5 9 0 26 11 23 38 40 44 3 20 28 45 17 8 22 7 48 42 35 29 27 47 19 6 14 10 18 32 36 33 41 16
Coste: 48916

GENERACION: 650
Mejor Solucion:  25 12 39 46 30 43 4 13 34 21 24 1 49 2 31 37 15 5 9 0 26 11 23 38 40 44 3 20 28 45 17 8 22 7 48 42 35 29 27 47 19 6 14 10 18 32 36 33 41 16
Coste: 48916

GENERACION: 655
Mejor Solucion:  25 12 39 46 30 43 4 13 34 21 24 1 49 2 31 37 15 5 9 0 26 11 23 38 40 44 3 20 28 45 17 8 22 7 48 42 35 29 27 47 19 6 14 10 18 32 36 33 41 16
Coste: 48916

GENERACION: 660
Mejor Solucion:  25 12 39 46 30 43 4 13 34 21 24 1 49 2 31 37 15 5 9 0 26 11 23 38 40 44 3 20 28 45 17 8 22 7 48 42 35 29 27 47 19 6 14 10 18 32 36 33 41 16
Coste: 48916

GENERACION: 665
Mejor Solucion:  25 12 39 46 30 43 4 13 34 21 24 1 49 2 31 37 15 5 9 0 26 11 23 38 40 44 3 20 28 45 17 8 22 7 48 42 35 29 27 47 19 6 14 10 18 32 36 33 41 16
Coste: 48916

GENERACION: 670
Mejor Solucion:  25 12 39 46 30 43 4 13 34 21 24 1 49 2 31 37 15 5 9 0 26 11 23 38 40 44 3 20 28 45 17 8 22 7 48 42 35 29 27 47 19 6 14 10 18 32 36 33 41 16
Coste: 48916

GENERACION: 675
Mejor Solucion:  25 12 39 46 30 43 4 13 34 21 24 1 49 2 31 37 15 5 9 0 26 11 23 38 40 44 3 20 28 45 17 8 22 7 48 42 35 29 27 47 19 6 14 10 18 32 36 33 41 16
Coste: 48916

GENERACION: 680
Mejor Solucion:  25 12 39 46 30 43 4 13 34 21 24 1 49 2 31 37 15 5 9 0 26 11 23 38 40 44 3 20 28 45 17 8 22 7 48 42 35 29 27 47 19 6 14 10 18 32 36 33 41 16
Coste: 48916

GENERACION: 685
Mejor Solucion:  25 12 39 46 30 43 4 13 34 21 24 1 49 2 31 37 15 5 9 0 26 11 23 38 40 44 3 20 28 45 17 8 22 7 48 42 35 29 27 47 19 6 14 10 18 32 36 33 41 16
Coste: 48916

GENERACION: 690
Mejor Solucion:  25 12 39 46 30 43 4 13 34 21 24 1 49 2 31 37 15 5 9 0 26 11 23 38 40 44 3 20 28 45 17 8 22 7 48 42 35 29 27 47 19 6 14 10 18 32 36 33 41 16
Coste: 48916

GENERACION: 695
Mejor Solucion:  25 12 39 46 30 43 4 13 34 21 24 1 49 2 31 37 15 5 9 0 26 11 23 38 40 44 3 20 28 45 17 8 22 7 48 42 35 29 27 47 19 6 14 10 18 32 36 33 41 16
Coste: 48916

GENERACION: 700
Mejor Solucion:  25 12 39 46 30 43 4 13 34 21 24 1 49 2 31 37 15 5 9 0 26 11 23 38 40 44 3 20 28 45 17 8 22 7 48 42 35 29 27 47 19 6 14 10 18 32 36 33 41 16
Coste: 48916

GENERACION: 705
Mejor Solucion:  25 12 39 46 30 43 4 13 34 21 24 1 49 2 31 37 15 5 9 0 26 11 23 38 40 44 3 20 28 45 17 8 22 7 48 42 35 29 27 47 19 6 14 10 18 32 36 33 41 16
Coste: 48916

GENERACION: 710
Mejor Solucion:  25 12 39 46 30 43 4 13 34 21 24 1 49 2 31 37 15 5 9 0 26 11 23 38 40 44 3 20 28 45 17 8 22 7 48 42 35 29 27 47 19 6 14 10 18 32 36 33 41 16
Coste: 48916

GENERACION: 715
Mejor Solucion:  25 12 39 46 30 43 4 13 34 21 24 1 49 2 31 37 15 5 9 0 26 11 23 38 40 44 3 20 28 45 17 8 22 7 48 42 35 29 27 47 19 6 14 10 18 32 36 33 41 16
Coste: 48916

GENERACION: 720
Mejor Solucion:  25 12 39 46 30 43 4 13 34 21 24 1 49 2 31 37 15 5 9 0 26 11 23 38 40 44 3 20 28 45 17 8 22 7 48 42 35 29 27 47 19 6 14 10 18 32 36 33 41 16
Coste: 48916

GENERACION: 725
Mejor Solucion:  25 12 39 46 30 43 4 13 34 21 24 1 49 2 31 37 15 5 9 0 26 11 23 38 40 44 3 20 28 45 17 8 22 7 48 42 35 29 27 47 19 6 14 10 18 32 36 33 41 16
Coste: 48916

GENERACION: 730
Mejor Solucion:  25 12 39 46 30 43 4 13 34 21 24 1 49 2 31 37 15 5 9 0 26 11 23 38 40 44 3 20 28 45 17 8 22 7 48 42 35 29 27 47 19 6 14 10 18 32 36 33 41 16
Coste: 48916

GENERACION: 735
Mejor Solucion:  25 12 39 46 30 43 4 13 34 21 24 1 49 2 31 37 15 5 9 0 26 11 23 38 40 44 3 20 28 45 17 8 22 7 48 42 35 29 27 47 19 6 14 10 18 32 36 33 41 16
Coste: 48916

GENERACION: 740
Mejor Solucion:  25 12 39 46 30 43 4 13 34 21 24 1 49 2 31 37 15 5 9 0 26 11 23 38 40 44 3 20 28 45 17 8 22 7 48 42 35 29 27 47 19 6 14 10 18 32 36 33 41 16
Coste: 48916

GENERACION: 745
Mejor Solucion:  25 12 39 46 30 43 4 13 34 21 24 1 49 2 31 37 15 5 9 0 26 11 23 38 40 44 3 20 28 45 17 8 22 7 48 42 35 29 27 47 19 6 14 10 18 32 36 33 41 16
Coste: 48916

GENERACION: 750
Mejor Solucion:  25 12 39 46 30 43 4 13 34 21 24 1 49 2 31 37 15 5 9 0 26 11 23 38 40 44 3 20 28 45 17 8 22 7 48 42 35 29 27 47 19 6 14 10 18 32 36 33 41 16
Coste: 48916

GENERACION: 755
Mejor Solucion:  25 12 39 46 30 43 4 13 34 21 24 1 49 2 31 37 15 5 9 0 26 11 23 38 40 44 3 20 28 45 17 8 22 7 48 42 35 29 27 47 19 6 14 10 18 32 36 33 41 16
Coste: 48916

GENERACION: 760
Mejor Solucion:  25 12 39 46 30 43 4 13 34 21 24 1 49 2 31 37 15 5 9 0 26 11 23 38 40 44 3 20 28 45 17 8 22 7 48 42 35 29 27 47 19 6 14 10 18 32 36 33 41 16
Coste: 48916

GENERACION: 765
Mejor Solucion:  25 12 39 46 30 43 4 13 34 21 24 1 49 2 31 37 15 5 9 0 26 11 23 38 40 44 3 20 28 45 17 8 22 7 48 42 35 29 27 47 19 6 14 10 18 32 36 33 41 16
Coste: 48916

GENERACION: 770
Mejor Solucion:  25 12 39 46 30 43 4 13 34 21 24 1 49 2 31 37 15 5 9 0 26 11 23 38 40 44 3 20 28 45 17 8 22 7 48 42 35 29 27 47 19 6 14 10 18 32 36 33 41 16
Coste: 48916

GENERACION: 775
Mejor Solucion:  25 12 39 46 30 43 4 13 34 21 24 1 49 2 31 37 15 5 9 0 26 11 23 38 40 44 3 20 28 45 17 8 22 7 48 42 35 29 27 47 19 6 14 10 18 32 36 33 41 16
Coste: 48916

GENERACION: 780
Mejor Solucion:  25 12 39 46 30 43 4 13 34 21 24 1 49 2 31 37 15 5 9 0 26 11 23 38 40 44 3 20 28 45 17 8 22 7 48 42 35 29 27 47 19 6 14 10 18 32 36 33 41 16
Coste: 48916

GENERACION: 785
Mejor Solucion:  25 12 39 46 30 43 4 13 34 21 24 1 49 2 31 37 15 5 9 0 26 11 23 38 40 44 3 20 28 45 17 8 22 7 48 42 35 29 27 47 19 6 14 10 18 32 36 33 41 16
Coste: 48916

GENERACION: 790
Mejor Solucion:  25 12 39 46 30 43 4 13 34 21 24 1 49 2 31 37 15 5 9 0 26 11 23 38 40 44 3 20 28 45 17 8 22 7 48 42 35 29 27 47 19 6 14 10 18 32 36 33 41 16
Coste: 48916

GENERACION: 795
Mejor Solucion:  25 12 39 46 30 43 4 13 34 21 24 1 49 2 31 37 15 5 9 0 26 11 23 38 40 44 3 20 28 45 17 8 22 7 48 42 35 29 27 47 19 6 14 10 18 32 36 33 41 16
Coste: 48916

GENERACION: 800
Mejor Solucion:  25 12 39 46 30 43 4 13 34 21 24 1 49 2 31 37 15 5 9 0 26 11 23 38 40 44 3 20 28 45 17 8 22 7 48 42 35 29 27 47 19 6 14 10 18 32 36 33 41 16
Coste: 48916

GENERACION: 805
Mejor Solucion:  25 12 39 46 30 43 4 13 34 21 24 1 49 2 31 37 15 5 9 0 26 11 23 38 40 44 3 20 28 45 17 8 22 7 48 42 35 29 27 47 19 6 14 10 18 32 36 33 41 16
Coste: 48916

GENERACION: 810
Mejor Solucion:  25 12 39 46 30 43 4 13 34 21 24 1 49 2 31 37 15 5 9 0 26 11 23 38 40 44 3 20 28 45 17 8 22 7 48 42 35 29 27 47 19 6 14 10 18 32 36 33 41 16
Coste: 48916

GENERACION: 815
Mejor Solucion:  25 12 39 46 30 43 4 13 34 21 24 1 49 2 31 37 15 5 9 0 26 11 23 38 40 44 3 20 28 45 17 8 22 7 48 42 35 29 27 47 19 6 14 10 18 32 36 33 41 16
Coste: 48916

GENERACION: 820
Mejor Solucion:  25 12 39 46 30 43 4 13 34 21 24 1 49 2 31 37 15 5 9 0 26 11 23 38 40 44 3 20 28 45 17 8 22 7 48 42 35 29 27 47 19 6 14 10 18 32 36 33 41 16
Coste: 48916

GENERACION: 825
Mejor Solucion:  25 12 39 46 30 43 4 13 34 21 24 1 49 2 31 37 15 5 9 0 26 11 23 38 40 44 3 20 28 45 17 8 22 7 48 42 35 29 27 47 19 6 14 10 18 32 36 33 41 16
Coste: 48916

GENERACION: 830
Mejor Solucion:  25 12 39 46 30 43 4 13 34 21 24 1 49 2 31 37 15 5 9 0 26 11 23 38 40 44 3 20 28 45 17 8 22 7 48 42 35 29 27 47 19 6 14 10 18 32 36 33 41 16
Coste: 48916

GENERACION: 835
Mejor Solucion:  25 12 39 46 30 43 4 13 34 21 24 1 49 2 31 37 15 5 9 0 26 11 23 38 40 44 3 20 28 45 17 8 22 7 48 42 35 29 27 47 19 6 14 10 18 32 36 33 41 16
Coste: 48916

GENERACION: 840
Mejor Solucion:  25 12 39 46 30 43 4 13 34 21 24 1 49 2 31 37 15 5 9 0 26 11 23 38 40 44 3 20 28 45 17 8 22 7 48 42 35 29 27 47 19 6 14 10 18 32 36 33 41 16
Coste: 48916

GENERACION: 845
Mejor Solucion:  25 12 39 46 30 43 4 13 34 21 24 1 49 2 31 37 15 5 9 0 26 11 23 38 40 44 3 20 28 45 17 8 22 7 48 42 35 29 27 47 19 6 14 10 18 32 36 33 41 16
Coste: 48916

GENERACION: 850
Mejor Solucion:  25 12 39 46 30 43 4 13 34 21 24 1 49 2 31 37 15 5 9 0 26 11 23 38 40 44 3 20 28 45 17 8 22 7 48 42 35 29 27 47 19 6 14 10 18 32 36 33 41 16
Coste: 48916

GENERACION: 855
Mejor Solucion:  25 12 39 46 30 43 4 13 34 21 24 1 49 2 31 37 15 5 9 0 26 11 23 38 40 44 3 20 28 45 17 8 22 7 48 42 35 29 27 47 19 6 14 10 18 32 36 33 41 16
Coste: 48916

GENERACION: 860
Mejor Solucion:  25 12 39 46 30 43 4 13 34 21 24 1 49 2 31 37 15 5 9 0 26 11 23 38 40 44 3 20 28 45 17 8 22 7 48 42 35 29 27 47 19 6 14 10 18 32 36 33 41 16
Coste: 48916

GENERACION: 865
Mejor Solucion:  25 12 39 46 30 43 4 13 34 21 24 1 49 2 31 37 15 5 9 0 26 11 23 38 40 44 3 20 28 45 17 8 22 7 48 42 35 29 27 47 19 6 14 10 18 32 36 33 41 16
Coste: 48916

GENERACION: 870
Mejor Solucion:  25 12 39 46 30 43 4 13 34 21 24 1 49 2 31 37 15 5 9 0 26 11 23 38 40 44 3 20 28 45 17 8 22 7 48 42 35 29 27 47 19 6 14 10 18 32 36 33 41 16
Coste: 48916

GENERACION: 875
Mejor Solucion:  25 12 39 46 30 43 4 13 34 21 24 1 49 2 31 37 15 5 9 0 26 11 23 38 40 44 3 20 28 45 17 8 22 7 48 42 35 29 27 47 19 6 14 10 18 32 36 33 41 16
Coste: 48916

GENERACION: 880
Mejor Solucion:  25 12 39 46 30 43 4 13 34 21 24 1 49 2 31 37 15 5 9 0 26 11 23 38 40 44 3 20 28 45 17 8 22 7 48 42 35 29 27 47 19 6 14 10 18 32 36 33 41 16
Coste: 48916

GENERACION: 885
Mejor Solucion:  25 12 39 46 30 43 4 13 34 21 24 1 49 2 31 37 15 5 9 0 26 11 23 38 40 44 3 20 28 45 17 8 22 7 48 42 35 29 27 47 19 6 14 10 18 32 36 33 41 16
Coste: 48916

GENERACION: 890
Mejor Solucion:  25 12 39 46 30 43 4 13 34 21 24 1 49 2 31 37 15 5 9 0 26 11 23 38 40 44 3 20 28 45 17 8 22 7 48 42 35 29 27 47 19 6 14 10 18 32 36 33 41 16
Coste: 48916

GENERACION: 895
Mejor Solucion:  25 12 39 46 30 43 4 13 34 21 24 1 49 2 31 37 15 5 9 0 26 11 23 38 40 44 3 20 28 45 17 8 22 7 48 42 35 29 27 47 19 6 14 10 18 32 36 33 41 16
Coste: 48916

GENERACION: 900
Mejor Solucion:  25 12 39 46 30 43 4 13 34 21 24 1 49 2 31 37 15 5 9 0 26 11 23 38 40 44 3 20 28 45 17 8 22 7 48 42 35 29 27 47 19 6 14 10 18 32 36 33 41 16
Coste: 48916

GENERACION: 905
Mejor Solucion:  25 12 39 46 30 43 4 13 34 21 24 1 49 2 31 37 15 5 9 0 26 11 23 38 40 44 3 20 28 45 17 8 22 7 48 42 35 29 27 47 19 6 14 10 18 32 36 33 41 16
Coste: 48916

GENERACION: 910
Mejor Solucion:  25 12 39 46 30 43 4 13 34 21 24 1 49 2 31 37 15 5 9 0 26 11 23 38 40 44 3 20 28 45 17 8 22 7 48 42 35 29 27 47 19 6 14 10 18 32 36 33 41 16
Coste: 48916

GENERACION: 915
Mejor Solucion:  25 12 39 46 30 43 4 13 34 21 24 1 49 2 31 37 15 5 9 0 26 11 23 38 40 44 3 20 28 45 17 8 22 7 48 42 35 29 27 47 19 6 14 10 18 32 36 33 41 16
Coste: 48916

GENERACION: 920
Mejor Solucion:  25 12 39 46 30 43 4 13 34 21 24 1 49 2 31 37 15 5 9 0 26 11 23 38 40 44 3 20 28 45 17 8 22 7 48 42 35 29 27 47 19 6 14 10 18 32 36 33 41 16
Coste: 48916

GENERACION: 925
Mejor Solucion:  25 12 39 46 30 43 4 13 34 21 24 1 49 2 31 37 15 5 9 0 26 11 23 38 40 44 3 20 28 45 17 8 22 7 48 42 35 29 27 47 19 6 14 10 18 32 36 33 41 16
Coste: 48916

GENERACION: 930
Mejor Solucion:  25 12 39 46 30 43 4 13 34 21 24 1 49 2 31 37 15 5 9 0 26 11 23 38 40 44 3 20 28 45 17 8 22 7 48 42 35 29 27 47 19 6 14 10 18 32 36 33 41 16
Coste: 48916

GENERACION: 935
Mejor Solucion:  25 12 39 46 30 43 4 13 34 21 24 1 49 2 31 37 15 5 9 0 26 11 23 38 40 44 3 20 28 45 17 8 22 7 48 42 35 29 27 47 19 6 14 10 18 32 36 33 41 16
Coste: 48916

GENERACION: 940
Mejor Solucion:  25 12 39 46 30 43 4 13 34 21 24 1 49 2 31 37 15 5 9 0 26 11 23 38 40 44 3 20 28 45 17 8 22 7 48 42 35 29 27 47 19 6 14 10 18 32 36 33 41 16
Coste: 48916

GENERACION: 945
Mejor Solucion:  25 12 39 46 30 43 4 13 34 21 24 1 49 2 31 37 15 5 9 0 26 11 23 38 40 44 3 20 28 45 17 8 22 7 48 42 35 29 27 47 19 6 14 10 18 32 36 33 41 16
Coste: 48916

GENERACION: 950
Mejor Solucion:  25 12 39 46 30 43 4 13 34 21 24 1 49 2 31 37 15 5 9 0 26 11 23 38 40 44 3 20 28 45 17 8 22 7 48 42 35 29 27 47 19 6 14 10 18 32 36 33 41 16
Coste: 48916

GENERACION: 955
Mejor Solucion:  25 12 39 46 30 43 4 13 34 21 24 1 49 2 31 37 15 5 9 0 26 11 23 38 40 44 3 20 28 45 17 8 22 7 48 42 35 29 27 47 19 6 14 10 18 32 36 33 41 16
Coste: 48916

GENERACION: 960
Mejor Solucion:  25 12 39 46 30 43 4 13 34 21 24 1 49 2 31 37 15 5 9 0 26 11 23 38 40 44 3 20 28 45 17 8 22 7 48 42 35 29 27 47 19 6 14 10 18 32 36 33 41 16
Coste: 48916

GENERACION: 965
Mejor Solucion:  25 12 39 46 30 43 4 13 34 21 24 1 49 2 31 37 15 5 9 0 26 11 23 38 40 44 3 20 28 45 17 8 22 7 48 42 35 29 27 47 19 6 14 10 18 32 36 33 41 16
Coste: 48916

GENERACION: 970
Mejor Solucion:  25 12 39 46 30 43 4 13 34 21 24 1 49 2 31 37 15 5 9 0 26 11 23 38 40 44 3 20 28 45 17 8 22 7 48 42 35 29 27 47 19 6 14 10 18 32 36 33 41 16
Coste: 48916

GENERACION: 975
Mejor Solucion:  25 12 39 46 30 43 4 13 34 21 24 1 49 2 31 37 15 5 9 0 26 11 23 38 40 44 3 20 28 45 17 8 22 7 48 42 35 29 27 47 19 6 14 10 18 32 36 33 41 16
Coste: 48916

GENERACION: 980
Mejor Solucion:  25 12 39 46 30 43 4 13 34 21 24 1 49 2 31 37 15 5 9 0 26 11 23 38 40 44 3 20 28 45 17 8 22 7 48 42 35 29 27 47 19 6 14 10 18 32 36 33 41 16
Coste: 48916

GENERACION: 985
Mejor Solucion:  25 12 39 46 30 43 4 13 34 21 24 1 49 2 31 37 15 5 9 0 26 11 23 38 40 44 3 20 28 45 17 8 22 7 48 42 35 29 27 47 19 6 14 10 18 32 36 33 41 16
Coste: 48916

GENERACION: 990
Mejor Solucion:  25 12 39 46 30 43 4 13 34 21 24 1 49 2 31 37 15 5 9 0 26 11 23 38 40 44 3 20 28 45 17 8 22 7 48 42 35 29 27 47 19 6 14 10 18 32 36 33 41 16
Coste: 48916

GENERACION: 995
Mejor Solucion:  25 12 39 46 30 43 4 13 34 21 24 1 49 2 31 37 15 5 9 0 26 11 23 38 40 44 3 20 28 45 17 8 22 7 48 42 35 29 27 47 19 6 14 10 18 32 36 33 41 16
Coste: 48916

GENERACION: 1000
Mejor Solucion:  25 12 39 46 30 43 4 13 34 21 24 1 49 2 31 37 15 5 9 0 26 11 23 38 40 44 3 20 28 45 17 8 22 7 48 42 35 29 27 47 19 6 14 10 18 32 36 33 41 16
Coste: 48916

