GENERACION: 5
Mejor Solucion:  25 46 6 14 5 19 31 45 43 10 49 30 44 36 24 41 34 42 47 4 38 32 3 2 17 29 16 22 23 26 33 35 21 27 37 9 0 18 48 28 8 13 20 1 7 15 12 40 39 11
Coste: 53990

GENERACION: 10
Mejor Solucion:  21 34 13 24 10 31 29 30 14 19 25 28 9 43 5 15 49 46 39 12 47 26 11 23 20 40 2 8 7 1 0 4 27 44 42 37 38 48 18 22 45 3 16 32 41 36 17 33 35 6
Coste: 52117

GENERACION: 15
Mejor Solucion:  21 34 13 29 39 5 22 35 49 1 47 28 16 41 44 15 14 46 10 12 25 26 11 23 20 40 2 8 7 19 0 4 27 31 42 37 38 48 18 24 45 3 9 32 43 36 17 33 30 6
Coste: 51123

GENERACION: 20
Mejor Solucion:  45 13 20 29 11 10 31 14 24 19 34 28 27 44 38 42 22 49 17 6 21 47 9 41 23 48 40 30 1 25 16 4 3 5 36 2 37 33 35 18 0 26 43 15 32 7 39 46 8 12
Coste: 50149

GENERACION: 25
Mejor Solucion:  45 13 20 29 11 10 31 14 24 19 34 28 27 44 38 42 22 49 17 6 21 47 9 41 23 48 40 30 1 25 16 4 3 5 36 2 37 33 35 18 0 26 43 15 32 7 39 46 8 12
Coste: 50149

GENERACION: 30
Mejor Solucion:  34 27 5 11 29 19 24 39 49 1 0 28 9 43 15 31 40 46 14 12 45 13 20 23 37 10 2 18 8 22 21 47 41 44 38 36 48 30 17 25 26 4 16 3 32 42 7 35 33 6
Coste: 49864

GENERACION: 35
Mejor Solucion:  34 27 5 11 29 19 24 39 49 1 0 28 9 43 15 31 40 46 14 12 45 13 20 23 37 10 2 18 8 22 21 47 41 44 38 36 48 30 17 25 26 4 16 3 32 42 7 35 33 6
Coste: 49864

GENERACION: 40
Mejor Solucion:  0 47 26 11 19 31 24 39 8 25 21 28 34 29 10 40 2 30 14 1 13 9 5 43 15 37 46 18 49 12 27 20 4 44 42 23 38 48 17 22 45 41 16 3 32 36 7 35 33 6
Coste: 49281

GENERACION: 45
Mejor Solucion:  0 47 26 11 19 31 24 39 8 25 21 28 34 29 10 40 2 30 14 1 13 9 5 43 15 37 46 18 49 12 27 20 4 44 42 23 38 48 17 22 45 41 16 3 32 36 7 35 33 6
Coste: 49281

GENERACION: 50
Mejor Solucion:  0 47 26 39 11 19 18 24 8 25 21 28 34 29 31 40 37 30 14 1 13 9 5 43 15 23 2 46 49 12 27 20 4 44 42 10 48 38 17 22 45 41 16 3 32 36 7 35 33 6
Coste: 49266

GENERACION: 55
Mejor Solucion:  0 47 26 39 11 19 18 24 8 25 21 28 34 29 31 40 37 30 14 1 13 9 5 43 15 23 2 46 49 12 27 20 4 44 42 10 48 38 17 22 45 41 16 3 32 36 7 35 33 6
Coste: 49266

GENERACION: 60
Mejor Solucion:  0 47 26 39 11 19 18 24 8 25 21 28 34 29 31 40 37 30 14 1 13 9 5 43 15 23 2 46 49 12 27 20 4 44 42 10 48 38 17 22 45 41 16 3 32 36 7 35 33 6
Coste: 49266

GENERACION: 65
Mejor Solucion:  0 47 26 39 11 19 18 24 8 25 21 28 34 29 31 40 37 30 14 1 13 9 5 43 15 23 2 46 49 12 27 20 4 44 42 10 48 38 17 22 45 41 16 3 32 36 7 35 33 6
Coste: 49266

GENERACION: 70
Mejor Solucion:  0 47 26 39 11 19 18 24 8 25 21 28 34 29 31 40 37 30 14 1 13 9 5 43 23 15 2 46 49 12 27 20 4 44 10 42 48 38 17 22 45 41 16 3 32 36 7 35 33 6
Coste: 49179

GENERACION: 75
Mejor Solucion:  0 47 26 39 11 19 18 24 8 25 21 28 34 29 31 40 37 30 14 1 13 9 5 43 23 15 2 46 49 12 27 20 4 44 10 42 48 38 17 22 45 41 16 3 32 36 7 35 33 6
Coste: 49179

GENERACION: 80
Mejor Solucion:  21 47 34 29 19 30 39 14 24 25 0 9 5 31 40 37 18 11 8 1 13 28 15 43 10 2 23 46 49 12 27 20 41 44 36 42 48 38 17 22 45 4 16 3 35 32 7 33 26 6
Coste: 49028

GENERACION: 85
Mejor Solucion:  21 47 34 29 19 30 39 14 24 25 0 9 5 31 40 37 18 11 8 1 13 28 15 43 10 2 23 46 49 12 27 20 41 44 36 42 48 38 17 22 45 4 16 3 35 32 7 33 26 6
Coste: 49028

GENERACION: 90
Mejor Solucion:  21 47 34 29 19 30 39 14 24 25 0 9 5 31 40 37 18 11 8 1 13 28 15 43 10 2 23 46 49 12 27 20 41 44 36 42 48 38 17 22 45 4 16 3 35 32 7 33 26 6
Coste: 49028

GENERACION: 95
Mejor Solucion:  21 47 34 29 19 30 39 14 24 25 0 9 5 31 40 37 18 11 8 1 13 28 15 43 10 2 23 46 49 12 27 20 41 44 36 42 48 38 17 22 45 4 16 3 35 32 7 33 26 6
Coste: 49028

GENERACION: 100
Mejor Solucion:  21 47 34 29 19 30 39 14 24 25 0 9 5 31 40 37 18 11 8 1 13 28 15 43 10 2 23 46 49 12 27 20 41 44 36 42 48 38 17 22 45 4 16 3 35 32 7 33 26 6
Coste: 49028

GENERACION: 105
Mejor Solucion:  21 47 34 29 19 30 39 14 24 25 0 9 5 31 40 37 18 11 8 1 13 28 15 43 10 2 23 46 49 12 27 20 41 44 36 42 48 38 17 22 45 4 16 3 35 32 7 33 26 6
Coste: 49028

GENERACION: 110
Mejor Solucion:  0 47 29 31 30 40 39 14 8 25 21 9 34 43 37 2 18 1 12 24 13 4 5 15 32 10 23 46 49 11 27 20 41 44 36 22 48 38 17 6 45 28 16 3 35 42 7 33 26 19
Coste: 49024

GENERACION: 115
Mejor Solucion:  0 47 29 31 30 40 39 14 8 25 21 9 34 43 37 2 18 1 12 24 13 4 5 15 32 10 23 46 49 11 27 20 41 44 36 22 48 38 17 6 45 28 16 3 35 42 7 33 26 19
Coste: 49024

GENERACION: 120
Mejor Solucion:  0 47 29 31 30 40 39 14 8 25 21 9 34 43 37 2 18 1 12 24 13 4 5 15 32 10 23 46 49 11 27 20 41 44 36 22 48 38 17 6 45 28 16 3 35 42 7 33 26 19
Coste: 49024

GENERACION: 125
Mejor Solucion:  0 47 29 31 30 40 39 14 8 25 21 9 34 43 37 2 18 1 12 24 13 4 5 15 32 10 23 46 49 11 27 20 41 44 36 22 48 38 17 6 45 28 16 3 35 42 7 33 26 19
Coste: 49024

GENERACION: 130
Mejor Solucion:  0 47 29 31 30 40 39 14 8 25 21 9 34 43 37 2 18 1 12 24 13 4 5 15 32 10 23 46 49 11 27 20 41 44 36 22 48 38 17 6 45 28 16 3 35 42 7 33 26 19
Coste: 49024

GENERACION: 135
Mejor Solucion:  0 47 29 31 30 40 39 14 8 25 21 9 34 43 37 2 18 1 12 24 13 4 5 15 32 10 23 46 49 11 27 20 41 44 36 22 48 38 17 6 45 28 16 3 35 42 7 33 26 19
Coste: 49024

GENERACION: 140
Mejor Solucion:  0 47 29 31 30 40 39 14 8 25 21 9 34 43 37 2 18 1 12 24 13 4 5 15 32 10 23 46 49 11 27 20 41 44 36 22 48 38 17 6 45 28 16 3 35 42 7 33 26 19
Coste: 49024

GENERACION: 145
Mejor Solucion:  0 47 29 31 30 40 39 14 8 25 21 9 34 43 37 2 18 1 12 24 13 4 5 15 32 10 23 46 49 11 27 20 41 44 36 22 48 38 17 6 45 28 16 3 35 42 7 33 26 19
Coste: 49024

GENERACION: 150
Mejor Solucion:  21 34 9 5 37 30 39 1 12 25 0 29 15 43 40 31 2 46 49 24 47 41 20 48 36 18 10 14 8 17 13 27 4 44 32 23 22 38 11 6 45 28 16 3 35 42 7 33 26 19
Coste: 49022

GENERACION: 155
Mejor Solucion:  21 34 9 5 37 30 39 1 12 25 0 29 15 43 40 31 2 46 49 24 47 41 20 48 36 18 10 14 8 17 13 27 4 44 32 23 22 38 11 6 45 28 16 3 35 42 7 33 26 19
Coste: 49022

GENERACION: 160
Mejor Solucion:  21 34 9 5 37 30 39 1 12 25 0 29 15 43 40 31 2 46 49 24 47 41 20 48 36 18 10 14 8 17 13 27 4 44 32 23 22 38 11 6 45 28 16 3 35 42 7 33 26 19
Coste: 48988

GENERACION: 165
Mejor Solucion:  21 34 9 5 37 30 39 1 12 25 0 29 15 43 40 31 2 46 49 24 47 41 20 48 36 18 10 14 8 17 13 27 4 44 32 23 22 38 11 6 45 28 16 3 35 42 7 33 26 19
Coste: 48988

GENERACION: 170
Mejor Solucion:  21 34 9 5 37 30 39 1 12 25 0 29 15 43 40 31 2 46 49 24 47 41 20 48 36 18 10 14 8 17 13 27 4 44 32 23 22 38 11 6 45 28 16 3 35 42 7 33 26 19
Coste: 48970

GENERACION: 175
Mejor Solucion:  21 34 9 5 37 30 39 1 12 25 0 29 15 43 40 31 2 46 49 24 47 41 20 48 36 18 10 14 8 17 13 27 4 44 32 23 22 38 11 6 45 28 16 3 35 42 7 33 26 19
Coste: 48970

GENERACION: 180
Mejor Solucion:  21 34 9 5 37 30 39 1 12 25 0 29 15 43 40 31 2 46 49 24 47 41 20 48 36 18 10 14 8 17 13 27 4 44 32 23 22 38 11 6 45 28 16 3 35 42 7 33 26 19
Coste: 48970

GENERACION: 185
Mejor Solucion:  21 34 9 5 37 30 39 1 12 25 0 29 15 43 40 31 2 46 49 24 47 41 20 48 36 18 10 14 8 17 13 27 4 44 32 23 22 38 11 6 45 28 16 3 35 42 7 33 26 19
Coste: 48970

GENERACION: 190
Mejor Solucion:  21 34 9 5 37 30 39 1 12 25 0 29 15 43 40 31 2 46 49 24 47 41 20 48 36 18 10 14 8 17 13 27 4 44 32 23 22 38 11 6 45 28 16 3 35 42 7 33 26 19
Coste: 48970

GENERACION: 195
Mejor Solucion:  21 34 9 5 37 30 39 1 12 25 0 29 15 43 40 31 2 46 49 24 47 41 20 48 36 18 10 14 8 17 13 27 4 44 32 23 22 38 11 6 45 28 16 3 35 42 7 33 26 19
Coste: 48970

GENERACION: 200
Mejor Solucion:  21 34 9 5 37 30 39 1 12 25 0 29 15 43 40 31 2 46 49 24 47 41 20 48 36 18 10 14 8 17 13 27 4 44 32 23 22 38 11 6 45 28 16 3 35 42 7 33 26 19
Coste: 48970

GENERACION: 205
Mejor Solucion:  21 34 9 5 37 30 39 1 12 25 0 29 15 43 40 31 2 46 49 24 47 41 20 48 36 18 10 14 8 17 13 27 4 44 32 23 22 38 11 6 45 28 16 3 35 42 7 33 26 19
Coste: 48970

GENERACION: 210
Mejor Solucion:  21 34 9 5 37 30 39 1 12 25 0 29 15 43 40 31 2 46 49 24 47 41 20 48 36 18 10 14 8 17 13 27 4 44 32 23 22 38 11 6 45 28 16 3 35 42 7 33 26 19
Coste: 48970

GENERACION: 215
Mejor Solucion:  21 34 9 5 37 30 39 1 12 25 0 29 15 43 40 31 2 46 49 24 47 41 20 48 36 18 10 14 8 17 13 27 4 44 32 23 22 38 11 6 45 28 16 3 35 42 7 33 26 19
Coste: 48970

GENERACION: 220
Mejor Solucion:  21 34 9 5 37 30 39 1 12 25 0 29 15 43 40 31 2 46 49 24 47 41 20 48 36 18 10 14 8 17 13 27 4 44 32 23 22 38 11 6 45 28 16 3 35 42 7 33 26 19
Coste: 48970

GENERACION: 225
Mejor Solucion:  21 34 9 5 37 30 39 1 12 25 0 29 15 43 40 31 2 46 49 24 47 41 20 48 36 18 10 14 8 17 13 27 4 44 32 23 22 38 11 6 45 28 16 3 35 42 7 33 26 19
Coste: 48970

GENERACION: 230
Mejor Solucion:  21 34 9 5 37 30 39 1 12 25 0 29 15 43 40 31 2 46 49 24 47 41 20 48 36 18 10 14 8 17 13 27 4 44 32 23 22 38 11 6 45 28 16 3 35 42 7 33 26 19
Coste: 48970

GENERACION: 235
Mejor Solucion:  21 34 9 5 37 30 39 1 12 25 0 29 15 43 40 31 2 46 49 24 47 41 20 48 36 18 10 14 8 17 13 27 4 44 32 23 22 38 11 6 45 28 16 3 35 42 7 33 26 19
Coste: 48970

GENERACION: 240
Mejor Solucion:  21 34 9 5 37 30 39 1 12 25 0 29 15 43 40 31 2 46 49 24 47 41 20 48 36 18 10 14 8 17 13 27 4 44 32 23 22 38 11 6 45 28 16 3 35 42 7 33 26 19
Coste: 48970

GENERACION: 245
Mejor Solucion:  21 34 9 5 37 30 39 1 12 25 0 29 15 43 40 31 2 46 49 24 47 41 20 48 36 18 10 14 8 17 13 27 4 44 32 23 22 38 11 6 45 28 16 3 35 42 7 33 26 19
Coste: 48970

GENERACION: 250
Mejor Solucion:  21 34 9 5 37 30 39 1 12 25 0 29 15 43 40 31 2 46 49 24 47 41 20 48 36 18 10 14 8 17 13 27 4 44 32 23 22 38 11 6 45 28 16 3 35 42 7 33 26 19
Coste: 48970

GENERACION: 255
Mejor Solucion:  21 34 9 5 37 30 39 1 12 25 0 29 15 43 40 31 2 46 49 24 47 41 20 48 36 18 10 14 8 17 13 27 4 44 32 23 22 38 11 6 45 28 16 3 35 42 7 33 26 19
Coste: 48970

GENERACION: 260
Mejor Solucion:  21 34 9 5 37 30 39 1 12 25 0 29 15 43 40 31 2 46 49 24 47 41 20 48 36 18 10 14 8 17 13 27 4 44 32 23 22 38 11 6 45 28 16 3 35 42 7 33 26 19
Coste: 48970

GENERACION: 265
Mejor Solucion:  21 34 9 5 37 30 39 1 12 25 0 29 15 43 40 31 2 46 49 24 47 41 20 48 36 18 10 14 8 17 13 27 4 44 32 23 22 38 11 6 45 28 16 3 35 42 7 33 26 19
Coste: 48970

GENERACION: 270
Mejor Solucion:  21 34 9 5 37 30 39 1 12 25 0 29 15 43 40 31 2 46 49 24 47 41 20 48 36 18 10 14 8 17 13 27 4 44 32 23 22 38 11 6 45 28 16 3 35 42 7 33 26 19
Coste: 48970

GENERACION: 275
Mejor Solucion:  21 34 9 5 37 30 39 1 12 25 0 29 15 43 40 31 2 46 49 24 47 41 20 48 36 18 10 14 8 17 13 27 4 44 32 23 22 38 11 6 45 28 16 3 35 42 7 33 26 19
Coste: 48970

GENERACION: 280
Mejor Solucion:  21 34 9 5 37 30 39 1 12 25 0 29 15 43 40 31 2 46 49 24 47 41 20 48 36 18 10 14 8 17 13 27 4 44 32 23 22 38 11 6 45 28 16 3 35 42 7 33 26 19
Coste: 48970

GENERACION: 285
Mejor Solucion:  21 34 9 5 37 30 39 1 12 25 0 29 15 43 40 31 2 46 49 24 47 41 20 48 36 18 10 14 8 17 13 27 4 44 32 23 22 38 11 6 45 28 16 3 35 42 7 33 26 19
Coste: 48970

GENERACION: 290
Mejor Solucion:  21 34 9 5 37 30 39 1 12 25 0 29 15 43 40 31 2 46 49 24 47 41 20 48 36 18 10 14 8 17 13 27 4 44 32 23 22 38 11 6 45 28 16 3 35 42 7 33 26 19
Coste: 48970

GENERACION: 295
Mejor Solucion:  21 34 9 5 37 30 39 1 12 25 0 29 15 43 40 31 2 46 49 24 47 41 20 48 36 18 10 14 8 17 13 27 4 44 32 23 22 38 11 6 45 28 16 3 35 42 7 33 26 19
Coste: 48970

GENERACION: 300
Mejor Solucion:  21 34 9 5 37 30 39 1 12 25 0 29 15 43 40 31 2 46 49 24 47 41 20 48 36 18 10 14 8 17 13 27 4 44 32 23 22 38 11 6 45 28 16 3 35 42 7 33 26 19
Coste: 48970

GENERACION: 305
Mejor Solucion:  21 34 9 5 37 30 39 1 12 25 0 29 15 43 40 31 2 46 49 24 47 41 20 48 36 18 10 14 8 17 13 27 4 44 32 23 22 38 11 6 45 28 16 3 35 42 7 33 26 19
Coste: 48970

GENERACION: 310
Mejor Solucion:  21 34 9 5 37 30 39 1 12 25 0 29 15 43 40 31 2 46 49 24 47 41 20 48 36 18 10 14 8 17 13 27 4 44 32 23 22 38 11 6 45 28 16 3 35 42 7 33 26 19
Coste: 48970

GENERACION: 315
Mejor Solucion:  21 34 9 5 37 30 39 1 12 25 0 29 15 43 40 31 2 46 49 24 47 41 20 48 36 18 10 14 8 17 13 27 4 44 32 23 22 38 11 6 45 28 16 3 35 42 7 33 26 19
Coste: 48970

GENERACION: 320
Mejor Solucion:  21 34 9 5 37 30 39 1 12 25 0 29 15 43 40 31 2 46 49 24 47 41 20 48 36 18 10 14 8 17 13 27 4 44 32 23 22 38 11 6 45 28 16 3 35 42 7 33 26 19
Coste: 48970

GENERACION: 325
Mejor Solucion:  21 34 9 5 37 30 39 1 12 25 0 29 15 43 40 31 2 46 49 24 47 41 20 48 36 18 10 14 8 17 13 27 4 44 32 23 22 38 11 6 45 28 16 3 35 42 7 33 26 19
Coste: 48970

GENERACION: 330
Mejor Solucion:  21 34 9 5 37 30 39 1 12 25 0 29 15 43 40 31 2 46 49 24 47 41 20 48 36 18 10 14 8 17 13 27 4 44 32 23 22 38 11 6 45 28 16 3 35 42 7 33 26 19
Coste: 48970

GENERACION: 335
Mejor Solucion:  21 34 9 5 37 30 39 1 12 25 0 29 15 43 40 31 2 46 49 24 47 41 20 48 36 18 10 14 8 17 13 27 4 44 32 23 22 38 11 6 45 28 16 3 35 42 7 33 26 19
Coste: 48970

GENERACION: 340
Mejor Solucion:  21 34 5 43 37 2 22 1 12 25 0 28 9 15 44 40 31 39 49 24 13 4 20 3 32 38 23 46 11 26 47 27 29 35 42 30 48 7 8 6 45 16 41 36 33 10 18 14 17 19
Coste: 48956

GENERACION: 345
Mejor Solucion:  21 34 5 43 37 2 22 1 12 25 0 28 9 15 44 40 31 39 49 24 13 4 20 3 32 38 23 46 11 26 47 27 29 35 42 30 48 7 8 6 45 16 41 36 33 10 18 14 17 19
Coste: 48956

GENERACION: 350
Mejor Solucion:  21 34 5 43 37 2 22 1 12 25 0 28 9 15 44 40 31 39 49 24 13 4 20 3 32 38 23 46 11 26 47 27 29 35 42 30 48 7 8 6 45 16 41 36 33 10 18 14 17 19
Coste: 48956

GENERACION: 355
Mejor Solucion:  21 34 5 43 37 2 22 1 12 25 0 28 9 15 44 40 31 39 49 24 13 4 20 3 32 38 23 46 11 26 47 27 29 35 42 30 48 7 8 6 45 16 41 36 33 10 18 14 17 19
Coste: 48956

GENERACION: 360
Mejor Solucion:  21 34 5 43 37 2 1 39 12 25 0 13 9 15 30 40 31 46 49 24 28 4 29 3 32 38 23 14 11 26 47 27 20 36 42 44 48 7 8 19 45 16 41 35 33 22 18 10 17 6
Coste: 48936

GENERACION: 365
Mejor Solucion:  21 34 5 43 37 2 1 39 12 25 0 13 9 15 30 40 31 46 49 24 28 4 29 3 32 38 23 14 11 26 47 27 20 36 42 44 48 7 8 19 45 16 41 35 33 22 18 10 17 6
Coste: 48936

GENERACION: 370
Mejor Solucion:  21 34 5 43 37 2 1 39 12 25 0 13 9 15 30 40 31 46 49 24 28 4 29 3 32 38 23 14 11 26 47 27 20 36 42 44 48 7 8 19 45 16 41 35 33 22 18 10 17 6
Coste: 48936

GENERACION: 375
Mejor Solucion:  21 34 5 43 37 2 1 39 12 25 0 13 9 15 30 40 31 46 49 24 28 4 29 3 32 38 23 14 11 26 47 27 20 36 42 44 48 7 8 19 45 16 41 35 33 22 18 10 17 6
Coste: 48936

GENERACION: 380
Mejor Solucion:  21 34 5 43 37 2 1 39 12 25 0 13 9 15 30 40 31 46 49 24 28 4 29 3 32 38 23 14 11 26 47 27 20 36 42 44 48 7 8 19 45 16 41 35 33 22 18 10 17 6
Coste: 48936

GENERACION: 385
Mejor Solucion:  21 34 5 43 37 2 1 39 12 25 0 13 9 15 30 40 31 46 49 24 28 4 29 3 32 38 23 14 11 26 47 27 20 36 42 44 48 7 8 19 45 16 41 35 33 22 18 10 17 6
Coste: 48936

GENERACION: 390
Mejor Solucion:  21 34 5 43 37 2 1 39 12 25 0 13 9 15 30 40 31 46 49 24 28 4 29 3 32 38 23 14 11 26 47 27 20 36 42 44 48 7 8 19 45 16 41 35 33 22 18 10 17 6
Coste: 48936

GENERACION: 395
Mejor Solucion:  21 34 5 43 37 2 1 39 12 25 0 13 9 15 30 40 31 46 49 24 28 4 29 3 32 38 23 14 11 26 47 27 20 36 42 44 48 7 8 19 45 16 41 35 33 22 18 10 17 6
Coste: 48936

GENERACION: 400
Mejor Solucion:  21 34 5 43 37 2 1 39 12 25 0 13 9 15 30 40 31 46 49 24 28 4 29 3 32 38 23 14 11 26 47 27 20 36 42 44 48 7 8 19 45 16 41 35 33 22 18 10 17 6
Coste: 48936

GENERACION: 405
Mejor Solucion:  21 34 5 43 37 2 1 39 12 25 0 13 9 15 30 40 31 46 49 24 28 4 29 3 32 38 23 14 11 26 47 27 20 36 42 44 48 7 8 19 45 16 41 35 33 22 18 10 17 6
Coste: 48936

GENERACION: 410
Mejor Solucion:  21 34 5 43 37 2 1 39 12 25 0 13 9 15 30 40 31 46 49 24 28 4 29 3 32 38 23 14 11 26 47 27 20 36 42 44 48 7 8 19 45 16 41 35 33 22 18 10 17 6
Coste: 48936

GENERACION: 415
Mejor Solucion:  21 34 5 43 37 2 1 39 12 25 0 13 9 15 30 40 31 46 49 24 28 4 29 3 32 38 23 14 11 26 47 27 20 36 42 44 48 7 8 19 45 16 41 35 33 22 18 10 17 6
Coste: 48936

GENERACION: 420
Mejor Solucion:  21 34 5 43 37 2 1 39 12 25 0 13 9 15 30 40 31 46 49 24 28 4 29 3 32 38 23 14 11 26 47 27 20 36 42 44 48 7 8 19 45 16 41 35 33 22 18 10 17 6
Coste: 48936

GENERACION: 425
Mejor Solucion:  21 34 5 43 37 2 1 39 12 25 0 13 9 15 30 40 31 46 49 24 28 4 29 3 32 38 23 14 11 26 47 27 20 36 42 44 48 7 8 19 45 16 41 35 33 22 18 10 17 6
Coste: 48936

GENERACION: 430
Mejor Solucion:  21 34 5 43 37 2 1 39 12 25 0 13 9 15 30 40 31 46 49 24 28 4 29 3 32 38 23 14 11 26 47 27 20 36 42 44 48 7 8 19 45 16 41 35 33 22 18 10 17 6
Coste: 48936

GENERACION: 435
Mejor Solucion:  21 34 5 43 37 2 1 39 12 25 0 13 9 15 30 40 31 46 49 24 28 4 29 3 32 38 23 14 11 26 47 27 20 36 42 44 48 7 8 19 45 16 41 35 33 22 18 10 17 6
Coste: 48936

GENERACION: 440
Mejor Solucion:  21 34 5 43 37 2 1 39 12 25 0 13 9 15 30 40 31 46 49 24 28 4 29 3 32 38 23 14 11 26 47 27 20 36 42 44 48 7 8 19 45 16 41 35 33 22 18 10 17 6
Coste: 48936

GENERACION: 445
Mejor Solucion:  21 34 5 43 37 2 1 39 12 25 0 13 9 15 30 40 31 46 49 24 28 4 29 3 32 38 23 14 11 26 47 27 20 36 42 44 48 7 8 19 45 16 41 35 33 22 18 10 17 6
Coste: 48936

GENERACION: 450
Mejor Solucion:  21 34 5 43 37 2 1 39 12 25 0 13 9 15 30 40 31 46 49 24 28 4 29 3 32 38 23 14 11 26 47 27 20 36 42 44 48 7 8 19 45 16 41 35 33 22 18 10 17 6
Coste: 48936

GENERACION: 455
Mejor Solucion:  21 34 5 43 37 2 1 39 12 25 0 13 9 15 30 40 31 46 49 24 28 4 29 3 32 38 23 14 11 26 47 27 20 36 42 44 48 7 8 19 45 16 41 35 33 22 18 10 17 6
Coste: 48936

GENERACION: 460
Mejor Solucion:  21 34 5 43 37 2 1 39 12 25 0 13 9 15 30 40 31 46 49 24 28 4 29 3 32 38 23 14 11 26 47 27 20 36 42 44 48 7 8 19 45 16 41 35 33 22 18 10 17 6
Coste: 48936

GENERACION: 465
Mejor Solucion:  21 34 5 43 37 2 1 39 12 25 0 13 9 15 30 40 31 46 49 24 28 4 29 3 32 38 23 14 11 26 47 27 20 36 42 44 48 7 8 19 45 16 41 35 33 22 18 10 17 6
Coste: 48936

GENERACION: 470
Mejor Solucion:  21 34 5 43 37 2 1 39 12 25 0 13 9 15 30 40 31 46 49 24 28 4 29 3 32 38 23 14 11 26 47 27 20 36 42 44 48 7 8 19 45 16 41 35 33 22 18 10 17 6
Coste: 48936

GENERACION: 475
Mejor Solucion:  21 34 5 43 37 2 1 39 12 25 0 13 9 15 30 40 31 46 49 24 28 4 29 3 32 38 23 14 11 26 47 27 20 36 42 44 48 7 8 19 45 16 41 35 33 22 18 10 17 6
Coste: 48936

GENERACION: 480
Mejor Solucion:  21 34 5 43 37 2 1 39 12 25 0 13 9 15 30 40 31 46 49 24 28 4 29 3 32 38 23 14 11 26 47 27 20 36 42 44 48 7 8 19 45 16 41 35 33 22 18 10 17 6
Coste: 48936

GENERACION: 485
Mejor Solucion:  21 34 5 43 37 2 1 39 12 25 0 13 9 15 30 40 31 46 49 24 28 4 29 3 32 38 23 14 11 26 47 27 20 36 42 44 48 7 8 19 45 16 41 35 33 22 18 10 17 6
Coste: 48936

GENERACION: 490
Mejor Solucion:  21 34 5 43 37 2 1 39 12 25 0 13 9 15 30 40 31 46 49 24 28 4 29 3 32 38 23 14 11 26 47 27 20 36 42 44 48 7 8 19 45 16 41 35 33 22 18 10 17 6
Coste: 48936

GENERACION: 495
Mejor Solucion:  21 34 5 43 37 2 1 39 12 25 0 13 9 15 30 40 31 46 49 24 28 4 29 3 32 38 23 14 11 26 47 27 20 36 42 44 48 7 8 19 45 16 41 35 33 22 18 10 17 6
Coste: 48936

GENERACION: 500
Mejor Solucion:  21 34 5 43 37 2 1 39 12 25 0 13 9 15 30 40 31 46 49 24 28 4 29 3 32 38 23 14 11 26 47 27 20 36 42 44 48 7 8 19 45 16 41 35 33 22 18 10 17 6
Coste: 48936

GENERACION: 505
Mejor Solucion:  21 34 5 43 37 2 1 39 12 25 0 13 9 15 30 40 31 46 49 24 28 4 29 3 32 38 23 14 11 26 47 27 20 36 42 44 48 7 8 19 45 16 41 35 33 22 18 10 17 6
Coste: 48936

GENERACION: 510
Mejor Solucion:  21 34 5 43 37 2 1 39 12 25 0 13 9 15 30 40 31 46 49 24 28 4 29 3 32 38 23 14 11 26 47 27 20 36 42 44 48 7 8 19 45 16 41 35 33 22 18 10 17 6
Coste: 48936

GENERACION: 515
Mejor Solucion:  21 34 5 43 37 2 1 39 12 25 0 13 9 15 30 40 31 46 49 24 28 4 29 3 32 38 23 14 11 26 47 27 20 36 42 44 48 7 8 19 45 16 41 35 33 22 18 10 17 6
Coste: 48936

GENERACION: 520
Mejor Solucion:  21 34 5 43 37 2 1 39 12 25 0 13 9 15 30 40 31 46 49 24 28 4 29 3 32 38 23 14 11 26 47 27 20 36 42 44 48 7 8 19 45 16 41 35 33 22 18 10 17 6
Coste: 48936

GENERACION: 525
Mejor Solucion:  21 34 5 43 37 2 1 39 12 25 0 13 9 15 30 40 31 46 49 24 28 4 29 3 32 38 23 14 11 26 47 27 20 36 42 44 48 7 8 19 45 16 41 35 33 22 18 10 17 6
Coste: 48936

GENERACION: 530
Mejor Solucion:  21 34 5 43 37 2 1 39 12 25 0 13 9 15 30 40 31 46 49 24 28 4 29 3 32 38 23 14 11 26 47 27 20 36 42 44 48 7 8 19 45 16 41 35 33 22 18 10 17 6
Coste: 48936

GENERACION: 535
Mejor Solucion:  21 34 5 43 37 2 1 39 12 25 0 13 9 15 30 40 31 46 49 24 28 4 29 3 32 38 23 14 11 26 47 27 20 36 42 44 48 7 8 19 45 16 41 35 33 22 18 10 17 6
Coste: 48936

GENERACION: 540
Mejor Solucion:  21 34 5 43 37 2 1 39 12 25 0 13 9 15 30 40 31 46 49 24 28 4 29 3 32 38 23 14 11 26 47 27 20 36 42 44 48 7 8 19 45 16 41 35 33 22 18 10 17 6
Coste: 48936

GENERACION: 545
Mejor Solucion:  21 34 5 43 37 2 1 39 12 25 0 13 9 15 30 40 31 46 49 24 28 4 29 3 32 38 23 14 11 26 47 27 20 36 42 44 48 7 8 19 45 16 41 35 33 22 18 10 17 6
Coste: 48936

GENERACION: 550
Mejor Solucion:  21 34 5 43 37 2 1 39 12 25 0 13 9 15 30 40 31 46 49 24 28 4 29 3 32 38 23 14 11 26 47 27 20 36 42 44 48 7 8 19 45 16 41 35 33 22 18 10 17 6
Coste: 48936

GENERACION: 555
Mejor Solucion:  21 34 5 43 37 2 1 39 12 25 0 13 9 15 30 40 31 46 49 24 28 4 29 3 32 38 23 14 11 26 47 27 20 36 42 44 48 7 8 19 45 16 41 35 33 22 18 10 17 6
Coste: 48936

GENERACION: 560
Mejor Solucion:  21 34 5 43 37 2 1 39 12 25 0 13 9 15 30 40 31 46 49 24 28 4 29 3 32 38 23 14 11 26 47 27 20 36 42 44 48 7 8 19 45 16 41 35 33 22 18 10 17 6
Coste: 48936

GENERACION: 565
Mejor Solucion:  21 34 5 43 37 2 1 39 12 25 0 13 9 15 30 40 31 46 49 24 28 4 29 3 32 38 23 14 11 26 47 27 20 36 42 44 48 7 8 19 45 16 41 35 33 22 18 10 17 6
Coste: 48936

GENERACION: 570
Mejor Solucion:  21 34 5 43 37 2 1 39 12 25 0 13 9 15 30 40 31 46 49 24 28 4 29 3 32 38 23 14 11 26 47 27 20 36 42 44 48 7 8 19 45 16 41 35 33 22 18 10 17 6
Coste: 48936

GENERACION: 575
Mejor Solucion:  21 34 5 43 37 2 1 39 12 25 0 13 9 15 30 40 31 46 49 24 28 4 29 3 32 38 23 14 11 26 47 27 20 36 42 44 48 7 8 19 45 16 41 35 33 22 18 10 17 6
Coste: 48936

GENERACION: 580
Mejor Solucion:  21 34 5 43 37 2 1 39 12 25 0 13 9 15 30 40 31 46 49 24 28 4 29 3 32 38 23 14 11 26 47 27 20 36 42 44 48 7 8 19 45 16 41 35 33 22 18 10 17 6
Coste: 48936

GENERACION: 585
Mejor Solucion:  21 34 5 43 37 2 1 39 12 25 0 13 9 15 30 40 31 46 49 24 28 4 29 3 32 38 23 14 11 26 47 27 20 36 42 44 48 7 8 19 45 16 41 35 33 22 18 10 17 6
Coste: 48936

GENERACION: 590
Mejor Solucion:  21 34 5 43 37 2 1 39 12 25 0 13 9 15 30 40 31 46 49 24 28 4 29 3 32 38 23 14 11 26 47 27 20 36 42 44 48 7 8 19 45 16 41 35 33 22 18 10 17 6
Coste: 48936

GENERACION: 595
Mejor Solucion:  21 34 5 43 37 2 1 39 12 25 0 13 9 15 30 40 31 46 49 24 28 4 29 3 32 38 23 14 11 26 47 27 20 36 42 44 48 7 8 19 45 16 41 35 33 22 18 10 17 6
Coste: 48936

GENERACION: 600
Mejor Solucion:  21 34 5 43 37 2 1 39 12 25 0 13 9 15 30 40 31 46 49 24 28 4 29 3 32 38 23 14 11 26 47 27 20 36 42 44 48 7 8 19 45 16 41 35 33 22 18 10 17 6
Coste: 48936

GENERACION: 605
Mejor Solucion:  21 34 5 43 37 2 1 39 12 25 0 13 9 15 30 40 31 46 49 24 28 4 29 3 32 38 23 14 11 26 47 27 20 36 42 44 48 7 8 19 45 16 41 35 33 22 18 10 17 6
Coste: 48936

GENERACION: 610
Mejor Solucion:  21 34 5 43 37 2 1 39 12 25 0 13 9 15 30 40 31 46 49 24 28 4 29 3 32 38 23 14 11 26 47 27 20 36 42 44 48 7 8 19 45 16 41 35 33 22 18 10 17 6
Coste: 48936

GENERACION: 615
Mejor Solucion:  21 34 5 43 37 2 1 39 12 25 0 13 9 15 30 40 31 46 49 24 28 4 29 3 32 38 23 14 11 26 47 27 20 36 42 44 48 7 8 19 45 16 41 35 33 22 18 10 17 6
Coste: 48936

GENERACION: 620
Mejor Solucion:  21 34 5 43 37 2 1 39 12 25 0 13 9 15 30 40 31 46 49 24 28 4 29 3 32 38 23 14 11 26 47 27 20 36 42 44 48 7 8 19 45 16 41 35 33 22 18 10 17 6
Coste: 48936

GENERACION: 625
Mejor Solucion:  21 34 5 43 37 2 1 39 12 25 0 13 9 15 30 40 31 46 49 24 28 4 29 3 32 38 23 14 11 26 47 27 20 36 42 44 48 7 8 19 45 16 41 35 33 22 18 10 17 6
Coste: 48936

GENERACION: 630
Mejor Solucion:  21 34 5 43 37 2 1 39 12 25 0 13 9 15 30 40 31 46 49 24 28 4 29 3 32 38 23 14 11 26 47 27 20 36 42 44 48 7 8 19 45 16 41 35 33 22 18 10 17 6
Coste: 48936

GENERACION: 635
Mejor Solucion:  21 34 5 43 37 2 1 39 12 25 0 13 9 15 30 40 31 46 49 24 28 4 29 3 32 38 23 14 11 26 47 27 20 36 42 44 48 7 8 19 45 16 41 35 33 22 18 10 17 6
Coste: 48936

GENERACION: 640
Mejor Solucion:  21 34 5 43 37 2 1 39 12 25 0 13 9 15 30 40 31 46 49 24 28 4 29 3 32 38 23 14 11 26 47 27 20 36 42 44 48 7 8 19 45 16 41 35 33 22 18 10 17 6
Coste: 48936

GENERACION: 645
Mejor Solucion:  21 34 5 43 37 2 1 39 12 25 0 13 9 15 30 40 31 46 49 24 28 4 29 3 32 38 23 14 11 26 47 27 20 36 42 44 48 7 8 19 45 16 41 35 33 22 18 10 17 6
Coste: 48936

GENERACION: 650
Mejor Solucion:  21 34 5 43 37 2 1 39 12 25 0 13 9 15 30 40 31 46 49 24 28 4 29 3 32 38 23 14 11 26 47 27 20 36 42 44 48 7 8 19 45 16 41 35 33 22 18 10 17 6
Coste: 48936

GENERACION: 655
Mejor Solucion:  21 34 5 43 37 2 1 39 12 25 0 13 9 15 30 40 31 46 49 24 28 4 29 3 32 38 23 14 11 26 47 27 20 36 42 44 48 7 8 19 45 16 41 35 33 22 18 10 17 6
Coste: 48936

GENERACION: 660
Mejor Solucion:  21 34 5 43 37 2 1 39 12 25 0 13 9 15 30 40 31 46 49 24 28 4 29 3 32 38 23 14 11 26 47 27 20 36 42 44 48 7 8 19 45 16 41 35 33 22 18 10 17 6
Coste: 48936

GENERACION: 665
Mejor Solucion:  21 34 5 43 37 2 1 39 12 25 0 13 9 15 30 40 31 46 49 24 28 4 29 3 32 38 23 14 11 26 47 27 20 36 42 44 48 7 8 19 45 16 41 35 33 22 18 10 17 6
Coste: 48936

GENERACION: 670
Mejor Solucion:  21 34 5 43 37 2 1 39 12 25 0 13 9 15 30 40 31 46 49 24 28 4 29 3 32 38 23 14 11 26 47 27 20 36 42 44 48 7 8 19 45 16 41 35 33 22 18 10 17 6
Coste: 48936

GENERACION: 675
Mejor Solucion:  21 34 5 43 37 2 1 39 12 25 0 13 9 15 30 40 31 46 49 24 28 4 29 3 32 38 23 14 11 26 47 27 20 36 42 44 48 7 8 19 45 16 41 35 33 22 18 10 17 6
Coste: 48936

GENERACION: 680
Mejor Solucion:  21 34 5 43 37 2 1 39 12 25 0 13 9 15 30 40 31 46 49 24 28 4 29 3 32 38 23 14 11 26 47 27 20 36 42 44 48 7 8 19 45 16 41 35 33 22 18 10 17 6
Coste: 48936

GENERACION: 685
Mejor Solucion:  21 34 5 43 37 2 1 39 12 25 0 13 9 15 30 40 31 46 49 24 28 4 29 3 32 38 23 14 11 26 47 27 20 36 42 44 48 7 8 19 45 16 41 35 33 22 18 10 17 6
Coste: 48936

GENERACION: 690
Mejor Solucion:  21 34 5 43 37 2 1 39 12 25 0 13 9 15 30 40 31 46 49 24 28 4 29 3 32 38 23 14 11 26 47 27 20 36 42 44 48 7 8 19 45 16 41 35 33 22 18 10 17 6
Coste: 48936

GENERACION: 695
Mejor Solucion:  21 34 5 43 37 2 1 39 12 25 0 13 9 15 30 40 31 46 49 24 28 4 29 3 32 38 23 14 11 26 47 27 20 36 42 44 48 7 8 19 45 16 41 35 33 22 18 10 17 6
Coste: 48936

GENERACION: 700
Mejor Solucion:  21 34 5 43 37 2 1 39 12 25 0 13 9 15 30 40 31 46 49 24 28 4 29 3 32 38 23 14 11 26 47 27 20 36 42 44 48 7 8 19 45 16 41 35 33 22 18 10 17 6
Coste: 48936

GENERACION: 705
Mejor Solucion:  21 34 5 43 37 2 1 39 12 25 0 13 9 15 30 40 31 46 49 24 28 4 29 3 32 38 23 14 11 26 47 27 20 36 42 44 48 7 8 19 45 16 41 35 33 22 18 10 17 6
Coste: 48936

GENERACION: 710
Mejor Solucion:  21 34 5 43 37 2 1 39 12 25 0 13 9 15 30 40 31 46 49 24 28 4 29 3 32 38 23 14 11 26 47 27 20 36 42 44 48 7 8 19 45 16 41 35 33 22 18 10 17 6
Coste: 48936

GENERACION: 715
Mejor Solucion:  21 34 5 43 37 2 1 39 12 25 0 13 9 15 30 40 31 46 49 24 28 4 29 3 32 38 23 14 11 26 47 27 20 36 42 44 48 7 8 19 45 16 41 35 33 22 18 10 17 6
Coste: 48936

GENERACION: 720
Mejor Solucion:  21 34 5 43 37 2 1 39 12 25 0 13 9 15 30 40 31 46 49 24 28 4 29 3 32 38 23 14 11 26 47 27 20 36 42 44 48 7 8 19 45 16 41 35 33 22 18 10 17 6
Coste: 48936

GENERACION: 725
Mejor Solucion:  21 34 5 43 37 2 1 39 12 25 0 13 9 15 30 40 31 46 49 24 28 4 29 3 32 38 23 14 11 26 47 27 20 36 42 44 48 7 8 19 45 16 41 35 33 22 18 10 17 6
Coste: 48936

GENERACION: 730
Mejor Solucion:  21 34 5 43 37 2 1 39 12 25 0 13 9 15 30 40 31 46 49 24 28 4 29 3 32 38 23 14 11 26 47 27 20 36 42 44 48 7 8 19 45 16 41 35 33 22 18 10 17 6
Coste: 48936

GENERACION: 735
Mejor Solucion:  21 34 5 43 37 2 1 39 12 25 0 13 9 15 30 40 31 46 49 24 28 4 29 3 32 38 23 14 11 26 47 27 20 36 42 44 48 7 8 19 45 16 41 35 33 22 18 10 17 6
Coste: 48936

GENERACION: 740
Mejor Solucion:  21 34 5 43 37 2 1 39 12 25 0 13 9 15 30 40 31 46 49 24 28 4 29 3 32 38 23 14 11 26 47 27 20 36 42 44 48 7 8 19 45 16 41 35 33 22 18 10 17 6
Coste: 48936

GENERACION: 745
Mejor Solucion:  21 34 5 43 37 2 1 39 12 25 0 13 9 15 30 40 31 46 49 24 28 4 29 3 32 38 23 14 11 26 47 27 20 36 42 44 48 7 8 19 45 16 41 35 33 22 18 10 17 6
Coste: 48936

GENERACION: 750
Mejor Solucion:  21 34 5 43 37 2 1 39 12 25 0 13 9 15 30 40 31 46 49 24 28 4 29 3 32 38 23 14 11 26 47 27 20 36 42 44 48 7 8 19 45 16 41 35 33 22 18 10 17 6
Coste: 48936

GENERACION: 755
Mejor Solucion:  21 34 5 43 37 2 1 39 12 25 0 13 9 15 30 40 31 46 49 24 28 4 29 3 32 38 23 14 11 26 47 27 20 36 42 44 48 7 8 19 45 16 41 35 33 22 18 10 17 6
Coste: 48936

GENERACION: 760
Mejor Solucion:  21 34 5 43 37 2 1 39 12 25 0 13 9 15 30 40 31 46 49 24 28 4 29 3 32 38 23 14 11 26 47 27 20 36 42 44 48 7 8 19 45 16 41 35 33 22 18 10 17 6
Coste: 48936

GENERACION: 765
Mejor Solucion:  21 34 5 43 37 2 1 39 12 25 0 13 9 15 30 40 31 46 49 24 28 4 29 3 32 38 23 14 11 26 47 27 20 36 42 44 48 7 8 19 45 16 41 35 33 22 18 10 17 6
Coste: 48936

GENERACION: 770
Mejor Solucion:  21 34 5 43 37 2 1 39 12 25 0 13 9 15 30 40 31 46 49 24 28 4 29 3 32 38 23 14 11 26 47 27 20 36 42 44 48 7 8 19 45 16 41 35 33 22 18 10 17 6
Coste: 48936

GENERACION: 775
Mejor Solucion:  21 34 5 43 37 2 1 39 12 25 0 13 9 15 30 40 31 46 49 24 28 4 29 3 32 38 23 14 11 26 47 27 20 36 42 44 48 7 8 19 45 16 41 35 33 22 18 10 17 6
Coste: 48936

GENERACION: 780
Mejor Solucion:  21 34 5 43 37 2 1 39 12 25 0 13 9 15 30 40 31 46 49 24 28 4 29 3 32 38 23 14 11 26 47 27 20 36 42 44 48 7 8 19 45 16 41 35 33 22 18 10 17 6
Coste: 48936

GENERACION: 785
Mejor Solucion:  21 34 5 43 37 2 1 39 12 25 0 13 9 15 30 40 31 46 49 24 28 4 29 3 32 38 23 14 11 26 47 27 20 36 42 44 48 7 8 19 45 16 41 35 33 22 18 10 17 6
Coste: 48936

GENERACION: 790
Mejor Solucion:  21 34 5 43 37 2 1 39 12 25 0 13 9 15 30 40 31 46 49 24 28 4 29 3 32 38 23 14 11 26 47 27 20 36 42 44 48 7 8 19 45 16 41 35 33 22 18 10 17 6
Coste: 48936

GENERACION: 795
Mejor Solucion:  21 34 5 43 37 2 1 39 12 25 0 13 9 15 30 40 31 46 49 24 28 4 29 3 32 38 23 14 11 26 47 27 20 36 42 44 48 7 8 19 45 16 41 35 33 22 18 10 17 6
Coste: 48936

GENERACION: 800
Mejor Solucion:  21 34 9 43 5 15 39 1 12 25 0 28 20 44 37 2 40 31 49 24 13 4 3 32 38 22 23 46 11 26 47 27 41 48 29 42 30 10 8 17 45 16 33 36 35 7 18 14 6 19
Coste: 48932

GENERACION: 805
Mejor Solucion:  21 34 9 43 5 15 39 1 12 25 0 28 20 44 37 2 40 31 49 24 13 4 3 32 38 22 23 46 11 26 47 27 41 48 29 42 30 10 8 17 45 16 33 36 35 7 18 14 6 19
Coste: 48932

GENERACION: 810
Mejor Solucion:  21 34 9 43 5 15 39 1 12 25 0 28 20 44 37 2 40 31 49 24 13 4 3 32 38 22 23 46 11 26 47 27 41 48 29 42 30 10 8 17 45 16 33 36 35 7 18 14 6 19
Coste: 48932

GENERACION: 815
Mejor Solucion:  21 34 9 43 5 15 39 1 12 25 0 28 20 44 37 2 40 31 49 24 13 4 3 32 38 22 23 46 11 26 47 27 41 48 29 42 30 10 8 17 45 16 33 36 35 7 18 14 6 19
Coste: 48932

GENERACION: 820
Mejor Solucion:  21 34 9 43 15 5 12 39 49 25 0 28 20 44 37 40 2 31 1 24 13 4 3 32 38 30 23 46 11 26 47 27 41 48 29 42 22 10 8 17 45 16 33 36 35 7 18 14 6 19
Coste: 48908

GENERACION: 825
Mejor Solucion:  21 34 9 43 15 5 12 39 49 25 0 28 20 44 37 40 2 31 1 24 13 4 3 32 38 30 23 46 11 26 47 27 41 48 29 42 22 10 8 17 45 16 33 36 35 7 18 14 6 19
Coste: 48908

GENERACION: 830
Mejor Solucion:  21 34 9 43 5 15 12 39 49 25 0 28 20 44 37 40 2 31 1 24 13 4 3 32 38 30 23 46 11 26 47 27 41 42 29 48 22 10 8 17 45 16 33 35 36 7 18 14 6 19
Coste: 48886

GENERACION: 835
Mejor Solucion:  21 34 9 43 5 15 12 39 49 25 0 28 20 44 37 40 2 31 1 24 13 4 3 32 38 30 23 46 11 26 47 27 41 42 29 48 22 10 8 17 45 16 33 35 36 7 18 14 6 19
Coste: 48886

GENERACION: 840
Mejor Solucion:  21 34 9 43 5 15 12 39 49 25 0 28 20 44 37 40 2 31 1 24 13 4 3 32 38 30 23 46 11 26 47 27 41 42 29 48 22 10 8 17 45 16 33 35 36 7 18 14 6 19
Coste: 48886

GENERACION: 845
Mejor Solucion:  21 34 9 43 5 15 12 39 49 25 0 28 20 44 37 40 2 31 1 24 13 4 3 32 38 30 23 46 11 26 47 27 41 42 29 48 22 10 8 17 45 16 33 35 36 7 18 14 6 19
Coste: 48886

GENERACION: 850
Mejor Solucion:  21 34 9 43 5 15 12 39 49 25 0 28 20 44 37 40 2 31 1 24 13 4 3 32 38 30 23 46 11 26 47 27 41 42 29 48 22 10 8 17 45 16 33 35 36 7 18 14 6 19
Coste: 48886

GENERACION: 855
Mejor Solucion:  21 34 9 43 5 15 12 39 49 25 0 28 20 44 37 40 2 31 1 24 13 4 3 32 38 30 23 46 11 26 47 27 41 42 29 48 22 10 8 17 45 16 33 35 36 7 18 14 6 19
Coste: 48886

GENERACION: 860
Mejor Solucion:  21 34 9 43 5 15 12 39 49 25 0 28 20 44 37 40 2 31 1 24 13 4 3 32 38 30 23 46 11 26 47 27 41 42 29 48 22 10 8 17 45 16 33 35 36 7 18 14 6 19
Coste: 48886

GENERACION: 865
Mejor Solucion:  21 34 9 43 5 15 12 39 49 25 0 28 20 44 37 40 2 31 1 24 13 4 3 32 38 30 23 46 11 26 47 27 41 42 29 48 22 10 8 17 45 16 33 35 36 7 18 14 6 19
Coste: 48886

GENERACION: 870
Mejor Solucion:  21 34 9 43 5 15 12 39 49 25 0 28 20 44 37 40 2 31 1 24 13 4 3 32 38 30 23 46 11 26 47 27 41 42 29 48 22 10 8 17 45 16 33 35 36 7 18 14 6 19
Coste: 48886

GENERACION: 875
Mejor Solucion:  21 34 9 43 5 15 12 39 49 25 0 28 20 44 37 40 2 31 1 24 13 4 3 32 38 30 23 46 11 26 47 27 41 42 29 48 22 10 8 17 45 16 33 35 36 7 18 14 6 19
Coste: 48886

GENERACION: 880
Mejor Solucion:  21 34 9 43 5 15 12 39 49 25 0 28 20 44 37 40 2 31 1 24 13 4 3 32 38 30 23 46 11 26 47 27 41 42 29 48 22 10 8 17 45 16 33 35 36 7 18 14 6 19
Coste: 48886

GENERACION: 885
Mejor Solucion:  21 34 9 43 5 15 12 39 49 25 0 28 20 44 37 40 2 31 1 24 13 4 3 32 38 30 23 46 11 26 47 27 41 42 29 48 22 10 8 17 45 16 33 35 36 7 18 14 6 19
Coste: 48886

GENERACION: 890
Mejor Solucion:  21 34 9 43 5 15 12 39 49 25 0 28 20 44 37 40 2 31 1 24 13 4 3 32 38 30 23 46 11 26 47 27 41 42 29 48 22 10 8 17 45 16 33 35 36 7 18 14 6 19
Coste: 48886

GENERACION: 895
Mejor Solucion:  21 34 9 43 5 15 12 39 49 25 0 28 20 44 37 40 2 31 1 24 13 4 3 32 38 30 23 46 11 26 47 27 41 42 29 48 22 10 8 17 45 16 33 35 36 7 18 14 6 19
Coste: 48886

GENERACION: 900
Mejor Solucion:  21 34 9 43 5 15 12 39 49 25 0 28 20 44 37 40 2 31 1 24 13 4 3 32 38 30 23 46 11 26 47 27 41 42 29 48 22 10 8 17 45 16 33 35 36 7 18 14 6 19
Coste: 48886

GENERACION: 905
Mejor Solucion:  21 34 9 43 5 15 12 39 49 25 0 28 20 44 37 40 2 31 1 24 13 4 3 32 38 30 23 46 11 26 47 27 41 42 29 48 22 10 8 17 45 16 33 35 36 7 18 14 6 19
Coste: 48886

GENERACION: 910
Mejor Solucion:  21 34 9 43 5 15 12 39 49 25 0 28 20 44 37 40 2 31 1 24 13 4 3 32 38 30 23 46 11 26 47 27 41 42 29 48 22 10 8 17 45 16 33 35 36 7 18 14 6 19
Coste: 48886

GENERACION: 915
Mejor Solucion:  21 34 9 43 5 15 12 39 49 25 0 28 20 44 37 40 2 31 1 24 13 4 3 32 38 30 23 46 11 26 47 27 41 42 29 48 22 10 8 17 45 16 33 35 36 7 18 14 6 19
Coste: 48886

GENERACION: 920
Mejor Solucion:  21 34 9 43 5 15 12 39 49 25 0 28 20 44 37 40 2 31 1 24 13 4 3 32 38 30 23 46 11 26 47 27 41 42 29 48 22 10 8 17 45 16 33 35 36 7 18 14 6 19
Coste: 48886

GENERACION: 925
Mejor Solucion:  21 34 9 43 5 15 12 39 49 25 0 28 20 44 37 40 2 31 1 24 13 4 3 32 38 30 23 46 11 26 47 27 41 42 29 48 22 10 8 17 45 16 33 35 36 7 18 14 6 19
Coste: 48886

GENERACION: 930
Mejor Solucion:  21 34 9 43 5 15 12 39 49 25 0 28 20 44 37 40 2 31 1 24 13 4 3 32 38 30 23 46 11 26 47 27 41 42 29 48 22 10 8 17 45 16 33 35 36 7 18 14 6 19
Coste: 48886

GENERACION: 935
Mejor Solucion:  21 34 9 43 5 15 12 39 49 25 0 28 20 44 37 40 2 31 1 24 13 4 3 32 38 30 23 46 11 26 47 27 41 42 29 48 22 10 8 17 45 16 33 35 36 7 18 14 6 19
Coste: 48886

GENERACION: 940
Mejor Solucion:  21 34 9 43 5 15 12 39 49 25 0 28 20 44 37 40 2 31 1 24 13 4 3 32 38 30 23 46 11 26 47 27 41 42 29 48 22 10 8 17 45 16 33 35 36 7 18 14 6 19
Coste: 48886

GENERACION: 945
Mejor Solucion:  21 34 9 43 5 15 12 39 49 25 0 28 20 44 37 40 2 31 1 24 13 4 3 32 38 30 23 46 11 26 47 27 41 42 29 48 22 10 8 17 45 16 33 35 36 7 18 14 6 19
Coste: 48886

GENERACION: 950
Mejor Solucion:  21 34 9 43 5 15 12 39 49 25 0 28 20 44 37 40 2 31 1 24 13 4 3 32 38 30 23 46 11 26 47 27 41 42 29 48 22 10 8 17 45 16 33 35 36 7 18 14 6 19
Coste: 48886

GENERACION: 955
Mejor Solucion:  21 34 9 43 5 15 12 39 49 25 0 28 20 44 37 40 2 31 1 24 13 4 3 32 38 30 23 46 11 26 47 27 41 42 29 48 22 10 8 17 45 16 33 35 36 7 18 14 6 19
Coste: 48886

GENERACION: 960
Mejor Solucion:  21 34 9 43 5 15 12 39 49 25 0 28 20 44 37 40 2 31 1 24 13 4 3 32 38 30 23 46 11 26 47 27 41 42 29 48 22 10 8 17 45 16 33 35 36 7 18 14 6 19
Coste: 48886

GENERACION: 965
Mejor Solucion:  21 34 9 43 5 15 12 39 49 25 0 28 20 44 37 40 2 31 1 24 13 4 3 32 38 30 23 46 11 26 47 27 41 42 29 48 22 10 8 17 45 16 33 35 36 7 18 14 6 19
Coste: 48886

GENERACION: 970
Mejor Solucion:  21 34 9 43 5 15 12 39 49 25 0 28 20 44 37 40 2 31 1 24 13 4 3 32 38 30 23 46 11 26 47 27 41 42 29 48 22 10 8 17 45 16 33 35 36 7 18 14 6 19
Coste: 48886

GENERACION: 975
Mejor Solucion:  21 34 9 43 5 15 12 39 49 25 0 28 20 44 37 40 2 31 1 24 13 4 3 32 38 30 23 46 11 26 47 27 41 42 29 48 22 10 8 17 45 16 33 35 36 7 18 14 6 19
Coste: 48886

GENERACION: 980
Mejor Solucion:  21 34 9 43 5 15 12 39 49 25 0 28 20 44 37 40 2 31 1 24 13 4 3 32 38 30 23 46 11 26 47 27 41 42 29 48 22 10 8 17 45 16 33 35 36 7 18 14 6 19
Coste: 48886

GENERACION: 985
Mejor Solucion:  21 34 9 43 5 15 12 39 49 25 0 28 20 44 37 40 2 31 1 24 13 4 3 32 38 30 23 46 11 26 47 27 41 42 29 48 22 10 8 17 45 16 33 35 36 7 18 14 6 19
Coste: 48886

GENERACION: 990
Mejor Solucion:  21 34 9 43 5 15 12 39 49 25 0 28 20 44 37 40 2 31 1 24 13 4 3 32 38 30 23 46 11 26 47 27 41 42 29 48 22 10 8 17 45 16 33 35 36 7 18 14 6 19
Coste: 48886

GENERACION: 995
Mejor Solucion:  21 34 9 43 5 15 12 39 49 25 0 28 20 44 37 40 2 31 1 24 13 4 3 32 38 30 23 46 11 26 47 27 41 42 29 48 22 10 8 17 45 16 33 35 36 7 18 14 6 19
Coste: 48886

GENERACION: 1000
Mejor Solucion:  21 34 9 43 5 15 12 39 49 25 0 28 20 44 37 40 2 31 1 24 13 4 3 32 38 30 23 46 11 26 47 27 41 42 29 48 22 10 8 17 45 16 33 35 36 7 18 14 6 19
Coste: 48886

