GENERACION: 5
Mejor Solucion:  36 46 32 26 21 29 20 5 38 13 19 2 39 49 4 24 3 47 17 12 37 8 30 9 34 11 45 1 28 16 31 10 42 7 23 48 25 33 22 27 6 40 14 41 43 15 44 35 18 0
Coste: 54400

GENERACION: 10
Mejor Solucion:  19 18 14 2 37 1 22 31 29 0 24 39 46 23 40 43 5 15 34 13 11 8 12 33 38 48 49 20 9 27 6 7 10 42 36 44 17 41 28 21 25 26 30 32 3 16 35 4 47 45
Coste: 51918

GENERACION: 15
Mejor Solucion:  19 18 14 23 39 1 22 31 29 0 24 40 46 2 37 43 15 28 34 21 49 8 12 33 38 48 11 20 9 27 6 7 10 42 36 44 17 41 5 13 25 26 30 32 3 16 35 4 47 45
Coste: 50178

GENERACION: 20
Mejor Solucion:  19 11 18 37 23 1 22 31 29 0 12 39 46 2 40 43 5 15 34 13 24 8 14 33 38 48 49 20 9 27 6 7 10 42 36 44 17 41 28 21 25 26 30 32 16 3 35 4 47 45
Coste: 49710

GENERACION: 25
Mejor Solucion:  19 11 18 37 23 1 22 31 29 0 12 39 46 2 40 43 5 15 34 13 24 8 14 33 38 48 49 20 9 27 6 7 10 42 36 44 17 41 28 21 25 26 30 32 16 3 35 4 47 45
Coste: 49710

GENERACION: 30
Mejor Solucion:  8 11 14 2 22 12 1 49 5 39 25 24 46 23 43 40 31 15 9 0 6 10 18 7 37 30 13 20 29 21 17 42 32 38 44 48 4 41 47 34 26 19 33 16 3 36 35 28 27 45
Coste: 49303

GENERACION: 35
Mejor Solucion:  8 11 14 2 22 12 1 49 5 39 25 24 46 23 43 40 31 15 9 0 6 10 18 7 37 30 13 20 29 21 17 42 32 38 44 48 4 41 47 34 26 19 33 16 3 36 35 28 27 45
Coste: 49303

GENERACION: 40
Mejor Solucion:  25 24 39 12 49 43 1 15 5 34 8 11 46 30 2 40 22 31 9 0 17 10 14 18 23 37 4 13 29 21 6 32 7 42 38 48 44 20 41 47 26 19 33 16 3 36 35 28 27 45
Coste: 49232

GENERACION: 45
Mejor Solucion:  25 24 39 12 49 43 1 15 5 34 8 11 46 30 2 40 22 31 9 0 17 10 14 18 23 37 4 13 29 21 6 32 7 42 38 48 44 20 41 47 26 19 33 16 3 36 35 28 27 45
Coste: 49232

GENERACION: 50
Mejor Solucion:  25 24 39 12 49 43 1 15 5 34 8 11 46 30 2 40 22 31 9 0 17 10 14 18 23 37 4 13 29 21 6 32 7 42 38 48 44 20 41 47 26 19 33 16 3 36 35 28 27 45
Coste: 49232

GENERACION: 55
Mejor Solucion:  25 24 39 12 49 43 1 15 5 34 8 11 46 30 2 40 22 31 9 0 17 10 14 18 23 37 4 13 29 21 6 32 7 42 38 48 44 20 41 47 26 19 33 16 3 36 35 28 27 45
Coste: 49232

GENERACION: 60
Mejor Solucion:  25 12 49 39 1 43 15 5 34 21 24 8 46 30 37 40 31 9 13 0 19 11 14 18 2 23 22 4 29 47 6 10 7 42 38 48 44 20 27 28 26 17 33 32 3 36 35 16 41 45
Coste: 49113

GENERACION: 65
Mejor Solucion:  25 12 49 39 1 43 15 5 34 21 24 8 46 30 37 40 31 9 13 0 19 11 14 18 2 23 22 4 29 47 6 10 7 42 38 48 44 20 27 28 26 17 33 32 3 36 35 16 41 45
Coste: 49113

GENERACION: 70
Mejor Solucion:  25 12 49 39 1 43 15 5 34 21 24 8 46 30 37 40 31 9 13 0 19 11 14 18 2 23 22 4 29 47 6 10 7 42 38 48 44 20 27 28 26 17 33 32 36 3 35 16 41 45
Coste: 49111

GENERACION: 75
Mejor Solucion:  25 12 49 39 1 43 15 5 34 21 24 8 46 30 37 40 31 9 13 0 19 11 14 18 2 23 22 4 29 47 6 10 7 42 38 48 44 20 27 28 26 17 33 32 36 3 35 16 41 45
Coste: 49111

GENERACION: 80
Mejor Solucion:  25 24 8 14 12 1 49 39 28 0 26 11 30 46 40 43 31 9 34 21 19 10 18 2 23 37 15 5 29 13 6 42 7 38 48 44 22 20 27 47 17 32 33 16 36 3 35 4 41 45
Coste: 49097

GENERACION: 85
Mejor Solucion:  25 24 8 14 12 1 49 39 28 0 26 11 30 46 40 43 31 9 34 21 19 10 18 2 23 37 15 5 29 13 6 42 7 38 48 44 22 20 27 47 17 32 33 16 36 3 35 4 41 45
Coste: 49097

GENERACION: 90
Mejor Solucion:  25 24 8 14 12 1 49 39 28 0 26 11 30 46 40 43 31 9 34 21 19 10 18 2 23 37 15 5 29 13 6 42 7 38 48 44 22 20 27 47 17 32 33 16 36 3 35 4 41 45
Coste: 49097

GENERACION: 95
Mejor Solucion:  25 24 8 14 12 1 49 39 28 0 26 11 30 46 40 43 31 9 34 21 19 10 18 2 23 37 15 5 29 13 6 42 7 38 48 44 22 20 27 47 17 32 33 16 36 3 35 4 41 45
Coste: 49097

GENERACION: 100
Mejor Solucion:  25 24 8 14 12 1 49 39 28 0 26 11 30 46 40 43 31 9 34 21 19 10 18 2 23 37 15 5 29 13 6 42 7 38 48 44 22 20 27 47 17 32 33 16 36 3 35 4 41 45
Coste: 49097

GENERACION: 105
Mejor Solucion:  25 24 8 14 12 1 49 39 28 0 26 11 30 46 40 43 31 9 34 21 19 10 18 2 23 37 15 5 29 13 6 42 7 38 48 44 22 20 27 47 17 32 33 16 36 3 35 4 41 45
Coste: 49097

GENERACION: 110
Mejor Solucion:  25 24 8 14 12 1 49 39 28 0 26 11 30 46 40 43 31 9 34 21 19 10 18 2 23 37 15 5 29 13 6 42 7 38 48 44 22 20 27 47 17 32 33 16 36 3 35 4 41 45
Coste: 49097

GENERACION: 115
Mejor Solucion:  25 24 8 14 12 1 49 39 28 0 26 11 30 46 40 43 31 9 34 21 19 10 18 2 23 37 15 5 29 13 6 42 7 38 48 44 22 20 27 47 17 32 33 16 36 3 35 4 41 45
Coste: 49097

GENERACION: 120
Mejor Solucion:  25 24 8 14 12 1 49 39 28 0 26 11 30 46 40 43 31 9 34 21 19 10 18 2 23 37 15 5 29 13 6 42 7 38 48 44 22 20 27 47 17 32 33 16 36 3 35 4 41 45
Coste: 49097

GENERACION: 125
Mejor Solucion:  25 24 8 14 12 1 49 39 28 0 26 11 30 46 40 43 31 9 34 21 19 10 18 2 23 37 15 5 29 13 6 42 7 38 48 44 22 20 27 47 17 32 33 16 36 3 35 4 41 45
Coste: 49097

GENERACION: 130
Mejor Solucion:  25 24 8 14 12 1 49 39 28 0 26 11 30 46 40 43 31 9 34 21 19 10 18 2 23 37 15 5 29 13 6 42 7 38 48 44 22 20 27 47 17 32 33 16 36 3 35 4 41 45
Coste: 49097

GENERACION: 135
Mejor Solucion:  25 24 8 14 12 1 49 39 28 0 26 11 30 46 40 43 31 9 34 21 19 10 18 2 23 37 15 5 29 13 6 42 7 38 48 44 22 20 27 47 17 32 33 16 36 3 35 4 41 45
Coste: 49097

GENERACION: 140
Mejor Solucion:  25 24 8 14 12 1 49 39 28 0 26 11 30 46 40 43 31 9 34 21 19 10 18 2 23 37 15 5 29 13 6 42 7 38 48 44 22 20 27 47 17 32 33 16 36 3 35 4 41 45
Coste: 49097

GENERACION: 145
Mejor Solucion:  25 24 8 14 12 1 49 39 28 0 26 11 30 46 40 43 31 9 34 21 19 10 18 2 23 37 15 5 29 13 6 42 7 38 48 44 22 20 27 47 17 32 33 16 36 3 35 4 41 45
Coste: 49097

GENERACION: 150
Mejor Solucion:  25 24 8 14 12 1 49 39 28 0 26 11 30 46 40 43 31 9 34 21 19 10 18 2 23 37 15 5 29 13 6 42 7 38 48 44 22 20 27 47 17 32 33 16 36 3 35 4 41 45
Coste: 49097

GENERACION: 155
Mejor Solucion:  25 24 8 14 12 1 49 39 28 0 26 11 30 46 40 43 31 9 34 21 19 10 18 2 23 37 15 5 29 13 6 42 7 38 48 44 22 20 27 47 17 32 33 16 36 3 35 4 41 45
Coste: 49097

GENERACION: 160
Mejor Solucion:  25 24 8 14 12 1 49 39 28 0 26 11 30 46 40 43 31 9 34 21 19 10 18 2 23 37 15 5 29 13 6 42 7 38 48 44 22 20 27 47 17 32 33 16 36 3 35 4 41 45
Coste: 49097

GENERACION: 165
Mejor Solucion:  25 24 8 14 12 1 49 39 28 0 26 11 30 46 40 43 31 9 34 21 19 10 18 2 23 37 15 5 29 13 6 42 7 38 48 44 22 20 27 47 17 32 33 16 36 3 35 4 41 45
Coste: 49097

GENERACION: 170
Mejor Solucion:  25 24 8 14 12 1 49 39 28 0 26 11 30 46 40 43 31 9 34 21 19 10 18 2 23 37 15 5 29 13 6 42 7 38 48 44 22 20 27 47 17 32 33 16 36 3 35 4 41 45
Coste: 49097

GENERACION: 175
Mejor Solucion:  25 24 8 14 12 1 49 39 28 0 26 11 30 46 40 43 31 9 34 21 19 10 18 2 23 37 15 5 29 13 6 42 7 38 48 44 22 20 27 47 17 32 33 16 36 3 35 4 41 45
Coste: 49097

GENERACION: 180
Mejor Solucion:  25 24 8 14 12 1 49 39 28 0 26 11 30 46 40 43 31 9 34 21 19 10 18 2 23 37 15 5 29 13 6 42 7 38 48 44 22 20 27 47 17 32 33 16 36 3 35 4 41 45
Coste: 49097

GENERACION: 185
Mejor Solucion:  25 24 8 14 12 1 49 39 28 0 26 11 30 46 40 43 31 9 34 21 19 10 18 2 23 37 15 5 29 13 6 42 7 38 48 44 22 20 27 47 17 32 33 16 36 3 35 4 41 45
Coste: 49097

GENERACION: 190
Mejor Solucion:  25 24 8 14 12 1 49 39 28 0 26 11 30 46 40 43 31 9 34 21 19 10 18 2 23 37 15 5 29 13 6 42 7 38 48 44 22 20 27 47 17 32 33 16 36 3 35 4 41 45
Coste: 49097

GENERACION: 195
Mejor Solucion:  25 24 8 14 12 1 49 39 28 0 26 11 30 46 40 43 31 9 34 21 19 10 18 2 23 37 15 5 29 13 6 42 7 38 48 44 22 20 27 47 17 32 33 16 36 3 35 4 41 45
Coste: 49097

GENERACION: 200
Mejor Solucion:  25 24 8 14 12 1 49 39 28 0 26 11 30 46 40 43 31 9 34 21 19 10 18 2 23 37 15 5 29 13 6 42 7 38 48 44 22 20 27 47 17 32 33 16 36 3 35 4 41 45
Coste: 49097

GENERACION: 205
Mejor Solucion:  25 24 8 14 12 1 49 39 28 0 26 11 30 46 40 43 31 9 34 21 19 10 18 2 23 37 15 5 29 13 6 42 7 38 48 44 22 20 27 47 17 32 33 16 36 3 35 4 41 45
Coste: 49097

GENERACION: 210
Mejor Solucion:  25 24 8 14 12 1 49 39 28 0 26 11 30 46 40 43 31 9 34 21 19 10 18 2 23 37 15 5 29 13 6 42 7 38 48 44 22 20 27 47 17 32 33 16 36 3 35 4 41 45
Coste: 49097

GENERACION: 215
Mejor Solucion:  25 24 8 14 12 1 49 39 28 0 26 11 30 46 40 43 31 9 34 21 19 10 18 2 23 37 15 5 29 13 6 42 7 38 48 44 22 20 27 47 17 32 33 16 36 3 35 4 41 45
Coste: 49097

GENERACION: 220
Mejor Solucion:  25 24 8 14 12 1 49 39 28 0 26 11 30 46 40 43 31 9 34 21 19 10 18 2 23 37 15 5 29 13 6 42 7 38 48 44 22 20 27 47 17 32 33 16 36 3 35 4 41 45
Coste: 49097

GENERACION: 225
Mejor Solucion:  25 24 8 14 12 1 49 39 28 0 26 11 30 46 40 43 31 9 34 21 19 10 18 2 23 37 15 5 29 13 6 42 7 38 48 44 22 20 27 47 17 32 33 16 36 3 35 4 41 45
Coste: 49097

GENERACION: 230
Mejor Solucion:  25 24 8 14 12 1 49 39 28 0 26 11 30 46 40 43 31 9 34 21 19 10 18 2 23 37 15 5 29 13 6 42 7 38 48 44 22 20 27 47 17 32 33 16 36 3 35 4 41 45
Coste: 49097

GENERACION: 235
Mejor Solucion:  25 24 8 14 12 1 49 39 28 0 26 11 30 46 40 43 31 9 34 21 19 10 18 2 23 37 15 5 29 13 6 42 7 38 48 44 22 20 27 47 17 32 33 16 36 3 35 4 41 45
Coste: 49097

GENERACION: 240
Mejor Solucion:  25 24 8 14 12 1 49 39 28 0 26 11 30 46 40 43 31 9 34 21 19 10 18 2 23 37 15 5 29 13 6 42 7 38 48 44 22 20 27 47 17 32 33 16 36 3 35 4 41 45
Coste: 49097

GENERACION: 245
Mejor Solucion:  25 24 8 14 12 1 49 39 28 0 26 11 30 46 40 43 31 9 34 21 19 10 18 2 23 37 15 5 29 13 6 42 7 38 48 44 22 20 27 47 17 32 33 16 36 3 35 4 41 45
Coste: 49097

GENERACION: 250
Mejor Solucion:  8 14 24 46 49 1 12 39 25 0 11 18 30 2 37 31 43 5 9 21 19 32 10 36 23 40 15 29 34 13 6 33 42 17 38 22 48 41 27 47 26 7 16 35 3 44 4 20 28 45
Coste: 49084

GENERACION: 255
Mejor Solucion:  8 14 24 46 49 1 12 39 25 0 11 18 30 2 37 31 43 5 9 21 19 32 10 36 23 40 15 29 34 13 6 33 42 17 38 22 48 41 27 47 26 7 16 35 3 44 4 20 28 45
Coste: 49084

GENERACION: 260
Mejor Solucion:  8 14 24 46 49 1 12 39 25 0 11 18 30 2 37 31 43 5 9 21 19 32 10 36 23 40 15 29 34 13 6 33 42 17 38 22 48 41 27 47 26 7 16 35 3 44 4 20 28 45
Coste: 49084

GENERACION: 265
Mejor Solucion:  8 14 24 46 49 1 12 39 25 0 11 18 30 2 37 31 43 5 9 21 19 32 10 36 23 40 15 29 34 13 6 33 42 17 38 22 48 41 27 47 26 7 16 35 3 44 4 20 28 45
Coste: 49084

GENERACION: 270
Mejor Solucion:  8 14 24 46 49 1 12 39 25 0 11 18 30 2 37 31 43 5 9 21 19 32 10 36 23 40 15 29 34 13 6 33 42 17 38 22 48 41 27 47 26 7 16 35 3 44 4 20 28 45
Coste: 49084

GENERACION: 275
Mejor Solucion:  8 14 24 46 49 1 12 39 25 0 11 18 30 2 37 31 43 5 9 21 19 32 10 36 23 40 15 29 34 13 6 33 42 17 38 22 48 41 27 47 26 7 16 35 3 44 4 20 28 45
Coste: 49084

GENERACION: 280
Mejor Solucion:  8 14 24 46 49 1 12 39 25 0 11 18 30 2 37 31 43 5 9 21 19 32 10 36 23 40 15 29 34 13 6 33 42 17 38 22 48 41 27 47 26 7 16 35 3 44 4 20 28 45
Coste: 49084

GENERACION: 285
Mejor Solucion:  8 14 24 46 49 1 12 39 25 0 11 18 30 2 37 31 43 5 9 21 19 32 10 36 23 40 15 29 34 13 6 33 42 17 38 22 48 41 27 47 26 7 16 35 3 44 4 20 28 45
Coste: 49084

GENERACION: 290
Mejor Solucion:  8 14 24 46 49 1 12 39 25 0 11 18 30 2 37 31 43 5 9 21 19 32 10 36 23 40 15 29 34 13 6 33 42 17 38 22 48 41 27 47 26 7 16 35 3 44 4 20 28 45
Coste: 49084

GENERACION: 295
Mejor Solucion:  8 14 24 46 49 1 12 39 25 0 11 18 30 2 37 31 43 5 9 21 19 32 10 36 23 40 15 29 34 13 6 33 42 17 38 22 48 41 27 47 26 7 16 35 3 44 4 20 28 45
Coste: 49084

GENERACION: 300
Mejor Solucion:  8 14 24 46 49 1 12 39 25 0 11 18 30 2 37 31 43 5 9 21 19 32 10 36 23 40 15 29 34 13 6 33 42 17 38 22 48 41 27 47 26 7 16 35 3 44 4 20 28 45
Coste: 49084

GENERACION: 305
Mejor Solucion:  8 14 24 46 49 1 12 39 25 0 11 18 30 2 37 31 43 5 9 21 19 32 10 36 23 40 15 29 34 13 6 33 42 17 38 22 48 41 27 47 26 7 16 35 3 44 4 20 28 45
Coste: 49084

GENERACION: 310
Mejor Solucion:  8 14 24 46 49 1 12 39 25 0 11 18 30 2 37 31 43 5 9 21 19 32 10 36 23 40 15 29 34 13 6 33 42 17 38 22 48 41 27 47 26 7 16 35 3 44 4 20 28 45
Coste: 49084

GENERACION: 315
Mejor Solucion:  8 14 24 46 49 1 12 39 25 0 11 18 30 2 37 31 43 5 9 21 19 32 10 36 23 40 15 29 34 13 6 33 42 17 38 22 48 41 27 47 26 7 16 35 3 44 4 20 28 45
Coste: 49084

GENERACION: 320
Mejor Solucion:  8 14 24 46 49 1 12 39 25 0 11 18 30 2 37 31 43 5 9 21 19 32 10 36 23 40 15 29 34 13 6 33 42 17 38 22 48 41 27 47 26 7 16 35 3 44 4 20 28 45
Coste: 49084

GENERACION: 325
Mejor Solucion:  8 14 24 46 49 1 12 39 25 0 11 18 30 2 37 31 43 5 9 21 19 32 10 36 23 40 15 29 34 13 6 33 42 17 38 22 48 41 27 47 26 7 16 35 3 44 4 20 28 45
Coste: 49084

GENERACION: 330
Mejor Solucion:  8 14 24 46 49 1 12 39 25 0 11 18 30 2 37 31 43 5 9 21 19 32 10 36 23 40 15 29 34 13 6 33 42 17 38 22 48 41 27 47 26 7 16 35 3 44 4 20 28 45
Coste: 49084

GENERACION: 335
Mejor Solucion:  8 14 24 46 49 1 12 39 25 0 11 18 30 2 37 31 43 5 9 21 19 32 10 36 23 40 15 29 34 13 6 33 42 17 38 22 48 41 27 47 26 7 16 35 3 44 4 20 28 45
Coste: 49084

GENERACION: 340
Mejor Solucion:  8 14 24 46 49 1 12 39 25 0 11 18 30 2 37 31 43 5 9 21 19 32 10 36 23 40 15 29 34 13 6 33 42 17 38 22 48 41 27 47 26 7 16 35 3 44 4 20 28 45
Coste: 49084

GENERACION: 345
Mejor Solucion:  8 14 24 46 49 1 12 39 25 0 11 18 30 2 37 31 43 5 9 21 19 32 10 36 23 40 15 29 34 13 6 33 42 17 38 22 48 41 27 47 26 7 16 35 3 44 4 20 28 45
Coste: 49084

GENERACION: 350
Mejor Solucion:  8 14 24 46 49 1 12 39 25 0 11 18 30 2 37 31 43 5 9 21 19 32 10 36 23 40 15 29 34 13 6 33 42 17 38 22 48 41 27 47 26 7 16 35 3 44 4 20 28 45
Coste: 49084

GENERACION: 355
Mejor Solucion:  8 14 24 46 49 1 12 39 25 0 11 18 30 2 37 31 43 5 9 21 19 32 10 36 23 40 15 29 34 13 6 33 42 17 38 22 48 41 27 47 26 7 16 35 3 44 4 20 28 45
Coste: 49084

GENERACION: 360
Mejor Solucion:  8 14 24 46 49 1 12 39 25 0 11 18 30 2 37 31 43 5 9 21 19 32 10 36 23 40 15 29 34 13 6 33 42 17 38 22 48 41 27 47 26 7 16 35 3 44 4 20 28 45
Coste: 49084

GENERACION: 365
Mejor Solucion:  8 14 24 46 49 1 12 39 25 0 11 18 30 2 37 31 43 5 9 21 19 32 10 36 23 40 15 29 34 13 6 33 42 17 38 22 48 41 27 47 26 7 16 35 3 44 4 20 28 45
Coste: 49084

GENERACION: 370
Mejor Solucion:  8 14 24 46 49 1 12 39 25 0 11 18 30 2 37 31 43 5 9 21 19 32 10 36 23 40 15 29 34 13 6 33 42 17 38 22 48 41 27 47 26 7 16 35 3 44 4 20 28 45
Coste: 49084

GENERACION: 375
Mejor Solucion:  8 14 24 46 49 1 12 39 25 0 11 18 30 2 37 31 43 5 9 21 19 32 10 36 23 40 15 29 34 13 6 33 42 17 38 22 48 41 27 47 26 7 16 35 3 44 4 20 28 45
Coste: 49084

GENERACION: 380
Mejor Solucion:  8 14 24 46 49 1 12 39 25 0 11 18 30 2 37 31 43 5 9 21 19 32 10 36 23 40 15 29 34 13 6 33 42 17 38 22 48 41 27 47 26 7 16 35 3 44 4 20 28 45
Coste: 49084

GENERACION: 385
Mejor Solucion:  8 14 24 46 49 1 12 39 25 0 11 18 30 2 37 31 43 5 9 21 19 32 10 36 23 40 15 29 34 13 6 33 42 17 38 22 48 41 27 47 26 7 16 35 3 44 4 20 28 45
Coste: 49084

GENERACION: 390
Mejor Solucion:  8 14 24 46 49 1 12 39 25 0 11 18 30 2 37 31 43 5 9 21 19 32 10 36 23 40 15 29 34 13 6 33 42 17 38 22 48 41 27 47 26 7 16 35 3 44 4 20 28 45
Coste: 49084

GENERACION: 395
Mejor Solucion:  8 14 24 46 49 1 12 39 25 0 11 18 30 2 37 31 43 5 9 21 19 32 10 36 23 40 15 29 34 13 6 33 42 17 38 22 48 41 27 47 26 7 16 35 3 44 4 20 28 45
Coste: 49084

GENERACION: 400
Mejor Solucion:  8 14 24 46 49 1 12 39 25 0 11 18 30 2 37 31 43 5 9 21 19 32 10 36 23 40 15 29 34 13 6 33 42 17 38 22 48 41 27 47 26 7 16 35 3 44 4 20 28 45
Coste: 49084

GENERACION: 405
Mejor Solucion:  8 14 24 46 49 1 12 39 25 0 11 18 30 2 37 31 43 5 9 21 19 32 10 36 23 40 15 29 34 13 6 33 42 17 38 22 48 41 27 47 26 7 16 35 3 44 4 20 28 45
Coste: 49084

GENERACION: 410
Mejor Solucion:  8 14 24 46 49 1 12 39 25 0 11 18 30 2 37 31 43 5 9 21 19 32 10 36 23 40 15 29 34 13 6 33 42 17 38 22 48 41 27 47 26 7 16 35 3 44 4 20 28 45
Coste: 49084

GENERACION: 415
Mejor Solucion:  8 14 24 46 49 1 12 39 25 0 11 18 30 2 37 31 43 5 9 21 19 32 10 36 23 40 15 29 34 13 6 33 42 17 38 22 48 41 27 47 26 7 16 35 3 44 4 20 28 45
Coste: 49084

GENERACION: 420
Mejor Solucion:  6 8 17 22 1 10 49 12 24 25 19 18 14 2 46 40 31 39 30 0 11 33 38 37 23 29 15 43 9 13 7 42 35 36 48 27 20 5 47 21 26 32 16 3 44 41 28 4 34 45
Coste: 49023

GENERACION: 425
Mejor Solucion:  6 8 17 22 1 10 49 12 24 25 19 18 14 2 46 40 31 39 30 0 11 33 38 37 23 29 15 43 9 13 7 42 35 36 48 27 20 5 47 21 26 32 16 3 44 41 28 4 34 45
Coste: 49023

GENERACION: 430
Mejor Solucion:  6 8 17 22 1 10 49 12 24 25 19 18 14 2 46 40 31 39 30 0 11 33 38 37 23 29 15 43 9 13 7 42 35 36 48 27 5 20 47 21 26 32 16 3 44 41 28 4 34 45
Coste: 49015

GENERACION: 435
Mejor Solucion:  6 8 17 22 1 10 49 12 24 25 19 18 14 2 46 40 31 39 30 0 11 33 38 37 23 29 15 43 9 13 7 42 35 36 48 27 5 20 47 21 26 32 16 3 44 41 28 4 34 45
Coste: 49015

GENERACION: 440
Mejor Solucion:  6 8 17 22 1 10 49 12 24 25 19 18 14 2 46 40 31 39 30 0 11 33 38 37 23 29 15 43 9 13 7 42 35 36 48 27 5 20 47 21 26 32 16 3 44 41 28 4 34 45
Coste: 49015

GENERACION: 445
Mejor Solucion:  6 8 17 22 1 10 49 12 24 25 19 18 14 2 46 40 31 39 30 0 11 33 38 37 23 29 15 43 9 13 7 42 35 36 48 27 5 20 47 21 26 32 16 3 44 41 28 4 34 45
Coste: 49015

GENERACION: 450
Mejor Solucion:  6 8 17 46 1 12 49 39 24 25 19 18 14 23 2 40 10 31 30 0 11 7 35 48 22 5 43 15 29 47 33 42 36 38 37 27 20 9 13 21 26 32 16 3 44 41 4 28 34 45
Coste: 49009

GENERACION: 455
Mejor Solucion:  6 8 17 46 1 12 49 39 24 25 19 18 14 23 2 40 10 31 30 0 11 7 35 48 22 5 43 15 29 47 33 42 36 38 37 27 20 9 13 21 26 32 16 3 44 41 4 28 34 45
Coste: 49009

GENERACION: 460
Mejor Solucion:  6 8 17 46 1 49 12 39 24 25 19 18 14 23 2 40 10 31 30 0 11 7 35 48 22 5 43 15 29 47 33 42 36 38 37 27 20 9 13 21 26 32 16 3 44 41 4 28 34 45
Coste: 49006

GENERACION: 465
Mejor Solucion:  6 8 17 46 1 49 12 39 24 25 19 18 14 23 2 40 10 31 30 0 11 7 35 48 22 5 43 15 29 47 33 42 36 38 37 27 20 9 13 21 26 32 16 3 44 41 4 28 34 45
Coste: 49006

GENERACION: 470
Mejor Solucion:  6 8 17 46 1 49 12 39 24 25 19 18 14 23 2 40 10 31 30 0 11 7 35 48 22 5 43 15 29 47 33 42 36 38 37 27 20 9 13 21 26 32 16 3 44 41 4 28 34 45
Coste: 49006

GENERACION: 475
Mejor Solucion:  6 8 17 46 1 49 12 39 24 25 19 18 14 23 2 40 10 31 30 0 11 7 35 48 22 5 43 15 29 47 33 42 36 38 37 27 20 9 13 21 26 32 16 3 44 41 4 28 34 45
Coste: 49006

GENERACION: 480
Mejor Solucion:  6 8 17 46 1 49 12 39 24 25 19 18 14 23 2 40 10 31 30 0 11 7 35 48 22 5 43 15 29 47 33 42 36 38 37 27 20 9 13 21 26 32 16 3 44 41 4 28 34 45
Coste: 49006

GENERACION: 485
Mejor Solucion:  6 8 17 46 1 49 12 39 24 25 19 18 14 23 2 40 10 31 30 0 11 7 35 48 22 5 43 15 29 47 33 42 36 38 37 27 20 9 13 21 26 32 16 3 44 41 4 28 34 45
Coste: 49006

GENERACION: 490
Mejor Solucion:  6 8 17 46 1 49 12 39 24 25 19 18 14 23 2 40 10 31 30 0 11 7 35 48 22 5 43 15 29 47 33 42 36 38 37 27 20 9 13 21 26 32 16 3 44 41 4 28 34 45
Coste: 49006

GENERACION: 495
Mejor Solucion:  6 8 17 46 1 49 12 39 24 25 19 18 14 23 2 40 10 31 30 0 11 7 35 48 22 5 43 15 29 47 33 42 36 38 37 27 20 9 13 21 26 32 16 3 44 41 4 28 34 45
Coste: 49006

GENERACION: 500
Mejor Solucion:  6 8 17 46 1 49 12 39 24 25 19 18 14 23 2 40 10 31 30 0 11 7 35 48 22 5 43 15 29 47 33 42 36 38 37 27 20 9 13 21 26 32 16 3 44 41 4 28 34 45
Coste: 49006

GENERACION: 505
Mejor Solucion:  6 8 17 46 1 49 12 39 24 25 19 18 14 23 2 40 10 31 30 0 11 7 35 48 22 5 43 15 29 47 33 42 36 38 37 27 20 9 13 21 26 32 16 3 44 41 4 28 34 45
Coste: 49006

GENERACION: 510
Mejor Solucion:  6 8 17 46 1 49 12 39 24 25 19 18 14 23 2 40 10 31 30 0 11 7 35 48 22 5 43 15 29 47 33 42 36 38 37 27 20 9 13 21 26 32 16 3 44 41 4 28 34 45
Coste: 49006

GENERACION: 515
Mejor Solucion:  6 8 17 46 1 49 12 39 24 25 19 18 14 23 2 40 10 31 30 0 11 7 35 48 22 5 43 15 29 47 33 42 36 38 37 27 20 9 13 21 26 32 16 3 44 41 4 28 34 45
Coste: 49006

GENERACION: 520
Mejor Solucion:  6 8 17 46 1 49 12 39 24 25 19 18 14 23 2 40 10 31 30 0 11 7 35 48 22 5 43 15 29 47 33 42 36 38 37 27 20 9 13 21 26 32 16 3 44 41 4 28 34 45
Coste: 49006

GENERACION: 525
Mejor Solucion:  6 8 17 46 1 49 12 39 24 25 19 18 14 23 2 40 10 31 30 0 11 7 35 48 22 5 43 15 29 47 33 42 36 38 37 27 20 9 13 21 26 32 16 3 44 41 4 28 34 45
Coste: 49006

GENERACION: 530
Mejor Solucion:  6 8 17 46 1 49 12 39 24 25 19 18 14 23 2 40 10 31 30 0 11 7 35 48 22 5 43 15 29 47 33 42 36 38 37 27 20 9 13 21 26 32 16 3 44 41 4 28 34 45
Coste: 49006

GENERACION: 535
Mejor Solucion:  6 8 17 46 1 49 12 39 24 25 19 18 14 23 2 40 10 31 30 0 11 7 35 48 22 5 43 15 29 47 33 42 36 38 37 27 20 9 13 21 26 32 16 3 44 41 4 28 34 45
Coste: 49006

GENERACION: 540
Mejor Solucion:  6 8 17 46 1 49 12 39 24 25 19 18 14 23 2 40 10 31 30 0 11 7 35 48 22 5 43 15 29 47 33 42 36 38 37 27 20 9 13 21 26 32 16 3 44 41 4 28 34 45
Coste: 49006

GENERACION: 545
Mejor Solucion:  6 8 14 17 2 22 1 49 12 25 11 18 10 46 23 40 39 31 43 24 33 7 30 36 48 37 5 15 9 0 32 42 35 38 44 41 29 20 13 21 26 19 16 3 4 47 27 28 34 45
Coste: 49004

GENERACION: 550
Mejor Solucion:  6 8 14 17 2 22 1 49 12 25 11 18 10 46 23 40 39 31 43 24 33 7 30 36 48 37 5 15 9 0 32 42 35 38 44 41 29 20 13 21 26 19 16 3 4 47 27 28 34 45
Coste: 49004

GENERACION: 555
Mejor Solucion:  6 8 14 17 2 22 1 49 12 25 11 18 10 46 23 40 39 31 43 24 33 7 30 36 48 37 5 15 9 0 32 42 35 38 44 41 29 20 13 21 26 19 16 3 4 47 27 28 34 45
Coste: 49004

GENERACION: 560
Mejor Solucion:  6 8 14 17 2 22 1 49 12 25 11 18 10 46 23 40 39 31 43 24 33 7 30 36 48 37 5 15 9 0 32 42 35 38 44 41 29 20 13 21 26 19 16 3 4 47 27 28 34 45
Coste: 49004

GENERACION: 565
Mejor Solucion:  6 8 14 17 2 22 1 49 12 25 11 18 10 46 23 40 39 31 43 24 33 7 30 36 48 37 5 15 9 0 32 42 35 38 44 41 29 20 13 21 26 19 16 3 4 47 27 28 34 45
Coste: 49004

GENERACION: 570
Mejor Solucion:  6 8 14 17 2 22 1 49 12 25 11 18 10 46 23 40 39 31 43 24 33 7 30 36 48 37 5 15 9 0 32 42 35 38 44 41 29 20 13 21 26 19 16 3 4 47 27 28 34 45
Coste: 49004

GENERACION: 575
Mejor Solucion:  6 8 14 17 2 22 1 49 12 25 11 18 10 46 23 40 39 31 43 24 33 7 30 36 48 37 5 15 9 0 32 42 35 38 44 41 29 20 13 21 26 19 16 3 4 47 27 28 34 45
Coste: 49004

GENERACION: 580
Mejor Solucion:  6 8 14 17 2 22 1 49 12 25 11 18 10 46 23 40 39 31 43 24 33 7 30 36 48 37 5 15 9 0 32 42 35 38 44 41 29 20 13 21 26 19 16 3 4 47 27 28 34 45
Coste: 49004

GENERACION: 585
Mejor Solucion:  6 8 14 17 2 22 1 49 12 25 11 18 10 46 23 40 39 31 43 24 33 7 30 36 48 37 5 15 9 0 32 42 35 38 44 41 29 20 13 21 26 19 16 3 4 47 27 28 34 45
Coste: 49004

GENERACION: 590
Mejor Solucion:  6 8 14 17 2 22 1 49 12 25 11 18 10 46 23 40 39 31 43 24 33 7 30 36 48 37 5 15 9 0 32 42 35 38 44 41 29 20 13 21 26 19 16 3 4 47 27 28 34 45
Coste: 49004

GENERACION: 595
Mejor Solucion:  6 8 14 17 2 22 1 49 12 25 11 18 10 46 23 40 39 31 43 24 33 7 30 36 48 37 5 15 9 0 32 42 35 38 44 41 29 20 13 21 26 19 16 3 4 47 27 28 34 45
Coste: 49004

GENERACION: 600
Mejor Solucion:  6 8 14 17 2 22 1 49 12 25 11 18 10 46 23 40 39 31 43 24 33 7 30 36 48 37 5 15 9 0 32 42 35 38 44 41 29 20 13 21 26 19 16 3 4 47 27 28 34 45
Coste: 49004

GENERACION: 605
Mejor Solucion:  6 8 14 17 2 22 1 49 12 25 11 18 10 46 23 40 39 31 43 24 33 7 30 36 48 37 5 15 9 0 32 42 35 38 44 41 29 20 13 21 26 19 16 3 4 47 27 28 34 45
Coste: 49004

GENERACION: 610
Mejor Solucion:  6 8 14 17 2 22 1 49 12 25 11 18 10 46 23 40 39 31 43 24 33 7 30 36 48 37 5 15 9 0 32 42 35 38 44 41 29 20 13 21 26 19 16 3 4 47 27 28 34 45
Coste: 49004

GENERACION: 615
Mejor Solucion:  6 8 14 17 2 22 1 49 12 25 11 18 10 46 23 40 39 31 43 24 33 7 30 36 48 37 5 15 9 0 32 42 35 38 44 41 29 20 13 21 26 19 16 3 4 47 27 28 34 45
Coste: 49004

GENERACION: 620
Mejor Solucion:  6 8 14 17 2 22 1 49 12 25 11 18 10 46 23 40 39 31 43 24 33 7 30 36 48 37 5 15 9 0 32 42 35 38 44 41 29 20 13 21 26 19 16 3 4 47 27 28 34 45
Coste: 49004

GENERACION: 625
Mejor Solucion:  6 8 14 17 2 22 1 49 12 25 11 18 10 46 23 40 39 31 43 24 33 7 30 36 48 37 5 15 9 0 32 42 35 38 44 41 29 20 13 21 26 19 16 3 4 47 27 28 34 45
Coste: 49004

GENERACION: 630
Mejor Solucion:  6 8 14 17 2 22 1 49 12 25 11 18 10 46 23 40 39 31 43 24 33 7 30 36 48 37 5 15 9 0 32 42 35 38 44 41 29 20 13 21 26 19 16 3 4 47 27 28 34 45
Coste: 49004

GENERACION: 635
Mejor Solucion:  6 8 14 17 2 22 1 49 12 25 11 18 10 46 23 40 39 31 43 24 33 7 30 36 48 37 5 15 9 0 32 42 35 38 44 41 29 20 13 21 26 19 16 3 4 47 27 28 34 45
Coste: 49004

GENERACION: 640
Mejor Solucion:  6 8 17 22 1 12 49 39 24 25 11 18 14 23 2 10 40 31 30 0 7 42 35 48 46 43 5 15 9 47 19 33 36 38 37 41 27 29 13 21 26 32 16 3 44 4 20 28 34 45
Coste: 48989

GENERACION: 645
Mejor Solucion:  6 8 17 22 1 12 49 39 24 25 11 18 14 23 2 10 40 31 30 0 7 42 35 48 46 43 5 15 9 47 19 33 36 38 37 41 27 29 13 21 26 32 16 3 44 4 20 28 34 45
Coste: 48989

GENERACION: 650
Mejor Solucion:  6 8 17 22 1 12 49 39 24 25 11 18 14 23 2 10 40 31 30 0 7 42 35 48 46 43 5 15 9 47 19 33 36 38 37 41 27 29 13 21 26 32 16 3 44 4 20 28 34 45
Coste: 48988

GENERACION: 655
Mejor Solucion:  6 8 17 22 1 12 49 39 24 25 11 18 14 23 2 10 40 31 30 0 7 42 35 48 46 43 5 15 9 47 19 33 36 38 37 41 27 29 13 21 26 32 16 3 44 4 20 28 34 45
Coste: 48988

GENERACION: 660
Mejor Solucion:  6 8 17 22 1 12 49 39 24 25 11 18 14 23 2 10 40 31 30 0 7 42 35 48 46 43 5 15 9 47 19 33 36 38 37 41 27 29 13 21 26 32 16 3 44 4 20 28 34 45
Coste: 48988

GENERACION: 665
Mejor Solucion:  6 8 17 22 1 12 49 39 24 25 11 18 14 23 2 10 40 31 30 0 7 42 35 48 46 43 5 15 9 47 19 33 36 38 37 41 27 29 13 21 26 32 16 3 44 4 20 28 34 45
Coste: 48988

GENERACION: 670
Mejor Solucion:  6 8 17 22 1 12 49 39 24 25 11 18 14 23 2 10 40 31 30 0 7 42 35 48 46 43 5 15 9 47 19 33 36 38 37 41 27 29 13 21 26 32 16 3 44 4 20 28 34 45
Coste: 48988

GENERACION: 675
Mejor Solucion:  6 8 17 22 1 12 49 39 24 25 11 18 14 23 2 10 40 31 30 0 7 42 35 48 46 43 5 15 9 47 19 33 36 38 37 41 27 29 13 21 26 32 16 3 44 4 20 28 34 45
Coste: 48988

GENERACION: 680
Mejor Solucion:  6 8 17 22 1 12 49 39 24 25 11 18 14 23 2 10 40 31 30 0 7 42 35 48 46 43 5 15 9 47 19 33 36 38 37 41 27 29 13 21 26 32 16 3 44 4 20 28 34 45
Coste: 48988

GENERACION: 685
Mejor Solucion:  6 8 17 22 1 12 49 39 24 25 11 18 14 23 2 10 40 31 30 0 7 42 35 48 46 43 5 15 9 47 19 33 36 38 37 41 27 29 13 21 26 32 16 3 44 4 20 28 34 45
Coste: 48988

GENERACION: 690
Mejor Solucion:  6 8 14 22 17 1 39 49 12 25 11 18 10 2 23 40 31 5 24 0 19 7 30 37 46 48 43 15 9 47 33 42 35 36 38 41 29 27 20 21 26 32 16 3 44 4 34 28 13 45
Coste: 48975

GENERACION: 695
Mejor Solucion:  6 8 14 22 17 1 39 49 12 25 11 18 10 2 23 40 31 5 24 0 19 7 30 37 46 48 43 15 9 47 33 42 35 36 38 41 29 27 20 21 26 32 16 3 44 4 34 28 13 45
Coste: 48975

GENERACION: 700
Mejor Solucion:  6 8 14 22 17 1 39 49 12 25 11 18 10 2 23 40 31 5 24 0 19 7 30 37 46 48 43 15 9 47 33 42 35 36 38 41 29 27 20 21 26 32 16 3 44 4 34 28 13 45
Coste: 48975

GENERACION: 705
Mejor Solucion:  6 8 14 22 17 1 39 49 12 25 11 18 10 2 23 40 31 5 24 0 19 7 30 37 46 48 43 15 9 47 33 42 35 36 38 41 29 27 20 21 26 32 16 3 44 4 34 28 13 45
Coste: 48975

GENERACION: 710
Mejor Solucion:  6 8 14 22 17 1 39 49 12 25 11 18 10 2 23 40 31 5 24 0 19 7 30 37 46 48 43 15 9 47 33 42 35 36 38 41 29 27 20 21 26 32 16 3 44 4 34 28 13 45
Coste: 48975

GENERACION: 715
Mejor Solucion:  6 8 14 22 17 1 39 49 12 25 11 18 10 2 23 40 31 5 24 0 19 7 30 37 46 48 43 15 9 47 33 42 35 36 38 41 29 27 20 21 26 32 16 3 44 4 34 28 13 45
Coste: 48975

GENERACION: 720
Mejor Solucion:  6 8 14 22 17 1 39 49 12 25 11 18 10 2 23 40 31 5 24 0 19 7 30 37 46 48 43 15 9 47 33 42 35 36 38 41 29 27 20 21 26 32 16 3 44 4 34 28 13 45
Coste: 48975

GENERACION: 725
Mejor Solucion:  6 8 14 22 17 1 39 49 12 25 11 18 10 2 23 40 31 5 24 0 19 7 30 37 46 48 43 15 9 47 33 42 35 36 38 41 29 27 20 21 26 32 16 3 44 4 34 28 13 45
Coste: 48975

GENERACION: 730
Mejor Solucion:  6 8 14 22 17 1 39 49 12 25 11 18 10 2 23 40 31 5 24 0 19 7 30 37 46 48 43 15 9 47 33 42 35 36 38 41 29 27 20 21 26 32 16 3 44 4 34 28 13 45
Coste: 48975

GENERACION: 735
Mejor Solucion:  6 8 14 22 17 1 39 49 12 25 11 18 10 2 23 40 31 5 24 0 19 7 30 37 46 48 43 15 9 47 33 42 35 36 38 41 29 27 20 21 26 32 16 3 44 4 34 28 13 45
Coste: 48975

GENERACION: 740
Mejor Solucion:  6 8 14 22 17 1 39 49 12 25 11 18 10 2 23 40 31 5 24 0 19 7 30 37 46 48 43 15 9 47 33 42 35 36 38 41 29 27 20 21 26 32 16 3 44 4 34 28 13 45
Coste: 48975

GENERACION: 745
Mejor Solucion:  6 8 14 22 17 1 39 49 12 25 11 18 10 2 23 40 31 5 24 0 19 7 30 37 46 48 43 15 9 47 33 42 35 36 38 41 29 27 20 21 26 32 16 3 44 4 34 28 13 45
Coste: 48975

GENERACION: 750
Mejor Solucion:  6 8 14 22 17 1 39 49 12 25 11 18 10 2 23 40 31 5 24 0 19 7 30 37 46 48 43 15 9 47 33 42 35 36 38 41 29 27 20 21 26 32 16 3 44 4 34 28 13 45
Coste: 48975

GENERACION: 755
Mejor Solucion:  6 8 14 22 17 1 39 49 12 25 11 18 10 2 23 40 31 5 24 0 19 7 30 37 46 48 43 15 9 47 33 42 35 36 38 41 29 27 20 21 26 32 16 3 44 4 34 28 13 45
Coste: 48975

GENERACION: 760
Mejor Solucion:  6 8 14 22 17 1 39 49 12 25 11 18 10 2 23 40 31 5 24 0 19 7 30 37 46 48 43 15 9 47 33 42 35 36 38 41 29 27 20 21 26 32 16 3 44 4 34 28 13 45
Coste: 48975

GENERACION: 765
Mejor Solucion:  6 8 14 22 17 1 39 49 12 25 11 18 10 2 23 40 31 5 24 0 19 7 30 37 46 48 43 15 9 47 33 42 35 36 38 41 29 27 20 21 26 32 16 3 44 4 34 28 13 45
Coste: 48975

GENERACION: 770
Mejor Solucion:  6 8 14 22 17 1 39 49 12 25 11 18 10 2 23 40 31 5 24 0 19 7 30 37 46 48 43 15 9 47 33 42 35 36 38 41 29 27 20 21 26 32 16 3 44 4 34 28 13 45
Coste: 48975

GENERACION: 775
Mejor Solucion:  6 8 14 22 17 1 39 49 12 25 11 18 10 2 23 40 31 5 24 0 19 7 30 37 46 48 43 15 9 47 33 42 35 36 38 41 29 27 20 21 26 32 16 3 44 4 34 28 13 45
Coste: 48975

GENERACION: 780
Mejor Solucion:  6 8 14 22 17 1 39 49 12 25 11 18 10 2 23 40 31 5 24 0 19 7 30 37 46 48 43 15 9 47 33 42 35 36 38 41 29 27 20 21 26 32 16 3 44 4 34 28 13 45
Coste: 48975

GENERACION: 785
Mejor Solucion:  6 8 14 22 17 1 39 49 12 25 11 18 10 2 23 40 31 5 24 0 19 7 30 37 46 48 43 15 9 47 33 42 35 36 38 41 29 27 20 21 26 32 16 3 44 4 34 28 13 45
Coste: 48975

GENERACION: 790
Mejor Solucion:  6 8 17 14 2 10 30 49 24 25 19 18 1 23 46 40 31 39 12 0 11 7 22 48 37 43 15 5 9 47 33 42 35 38 36 41 29 27 20 21 26 32 44 16 3 4 28 34 13 45
Coste: 48952

GENERACION: 795
Mejor Solucion:  6 8 17 14 2 10 30 49 24 25 19 18 1 23 46 40 31 39 12 0 11 7 22 48 37 43 15 5 9 47 33 42 35 38 36 41 29 27 20 21 26 32 44 16 3 4 28 34 13 45
Coste: 48952

GENERACION: 800
Mejor Solucion:  6 8 17 14 2 10 30 49 24 25 19 18 1 23 46 40 31 39 12 0 11 7 22 48 37 43 15 5 9 47 33 42 35 38 36 41 29 27 20 21 26 32 44 16 3 4 28 34 13 45
Coste: 48952

GENERACION: 805
Mejor Solucion:  6 8 17 14 2 10 30 49 24 25 19 18 1 23 46 40 31 39 12 0 11 7 22 48 37 43 15 5 9 47 33 42 35 38 36 41 29 27 20 21 26 32 44 16 3 4 28 34 13 45
Coste: 48952

GENERACION: 810
Mejor Solucion:  6 8 17 14 2 10 30 49 24 25 19 18 1 23 46 40 31 39 12 0 11 7 22 48 37 43 15 5 9 47 33 42 35 38 36 41 29 27 20 21 26 32 44 16 3 4 28 34 13 45
Coste: 48952

GENERACION: 815
Mejor Solucion:  6 8 17 14 2 10 30 49 24 25 19 18 1 23 46 40 31 39 12 0 11 7 22 48 37 43 15 5 9 47 33 42 35 38 36 41 29 27 20 21 26 32 44 16 3 4 28 34 13 45
Coste: 48952

GENERACION: 820
Mejor Solucion:  6 8 17 14 2 10 30 49 24 25 19 18 1 23 46 40 31 39 12 0 11 7 22 48 37 43 15 5 9 47 33 42 35 38 36 41 29 27 20 21 26 32 44 16 3 4 28 34 13 45
Coste: 48952

GENERACION: 825
Mejor Solucion:  6 8 17 14 2 10 30 49 24 25 19 18 1 23 46 40 31 39 12 0 11 7 22 48 37 43 15 5 9 47 33 42 35 38 36 41 29 27 20 21 26 32 44 16 3 4 28 34 13 45
Coste: 48952

GENERACION: 830
Mejor Solucion:  6 8 17 14 2 10 30 49 24 25 19 18 1 23 46 40 31 39 12 0 11 7 22 48 37 43 15 5 9 47 33 42 35 38 36 41 29 27 20 21 26 32 44 16 3 4 28 34 13 45
Coste: 48952

GENERACION: 835
Mejor Solucion:  6 8 17 14 2 10 30 49 24 25 19 18 1 23 46 40 31 39 12 0 11 7 22 48 37 43 15 5 9 47 33 42 35 38 36 41 29 27 20 21 26 32 44 16 3 4 28 34 13 45
Coste: 48952

GENERACION: 840
Mejor Solucion:  6 8 17 14 2 10 30 49 24 25 19 18 1 23 46 40 31 39 12 0 11 7 22 48 37 43 15 5 9 47 33 42 35 38 36 41 29 27 20 21 26 32 44 16 3 4 28 34 13 45
Coste: 48952

GENERACION: 845
Mejor Solucion:  6 8 17 14 2 10 30 49 24 25 19 18 1 23 46 40 31 39 12 0 11 7 22 48 37 43 15 5 9 47 33 42 35 38 36 41 29 27 20 21 26 32 44 16 3 4 28 34 13 45
Coste: 48952

GENERACION: 850
Mejor Solucion:  6 8 17 14 2 10 30 49 24 25 19 18 1 23 46 40 31 39 12 0 11 7 22 48 37 43 15 5 9 47 33 42 35 38 36 41 29 27 20 21 26 32 44 16 3 4 28 34 13 45
Coste: 48952

GENERACION: 855
Mejor Solucion:  6 8 17 14 2 10 30 49 24 25 19 18 1 23 46 40 31 39 12 0 11 7 22 48 37 43 15 5 9 47 33 42 35 38 36 41 29 27 20 21 26 32 44 16 3 4 28 34 13 45
Coste: 48952

GENERACION: 860
Mejor Solucion:  6 8 17 14 2 10 30 49 24 25 19 18 1 23 46 40 31 39 12 0 11 7 22 48 37 43 15 5 9 47 33 42 35 38 36 41 29 27 20 21 26 32 44 16 3 4 28 34 13 45
Coste: 48952

GENERACION: 865
Mejor Solucion:  6 8 17 14 2 10 30 49 24 25 19 18 1 23 46 40 31 39 12 0 11 7 22 48 37 43 15 5 9 47 33 42 35 38 36 41 29 27 20 21 26 32 44 16 3 4 28 34 13 45
Coste: 48952

GENERACION: 870
Mejor Solucion:  6 8 17 14 2 10 30 49 24 25 19 18 1 23 46 40 31 39 12 0 11 7 22 48 37 43 15 5 9 47 33 42 35 38 36 41 29 27 20 21 26 32 44 16 3 4 28 34 13 45
Coste: 48952

GENERACION: 875
Mejor Solucion:  6 8 17 14 2 10 30 49 24 25 19 18 1 23 46 40 31 39 12 0 11 7 22 48 37 43 15 5 9 47 33 42 35 38 36 41 29 27 20 21 26 32 44 16 3 4 28 34 13 45
Coste: 48952

GENERACION: 880
Mejor Solucion:  6 8 17 14 2 10 30 49 24 25 19 18 1 23 46 40 31 39 12 0 11 7 22 48 37 43 15 5 9 47 33 42 35 38 36 41 29 27 20 21 26 32 44 16 3 4 28 34 13 45
Coste: 48952

GENERACION: 885
Mejor Solucion:  6 8 17 14 2 10 30 49 24 25 19 18 1 23 46 40 31 39 12 0 11 7 22 48 37 43 15 5 9 47 33 42 35 38 36 41 29 27 20 21 26 32 44 16 3 4 28 34 13 45
Coste: 48952

GENERACION: 890
Mejor Solucion:  6 8 17 14 2 10 30 49 24 25 19 18 1 23 46 40 31 39 12 0 11 7 22 48 37 43 15 5 9 47 33 42 35 38 36 41 29 27 20 21 26 32 44 16 3 4 28 34 13 45
Coste: 48952

GENERACION: 895
Mejor Solucion:  6 8 17 14 2 10 30 49 24 25 19 18 1 23 46 40 31 39 12 0 11 7 22 48 37 43 15 5 9 47 33 42 35 38 36 41 29 27 20 21 26 32 44 16 3 4 28 34 13 45
Coste: 48952

GENERACION: 900
Mejor Solucion:  6 8 17 14 2 10 30 49 24 25 19 18 1 23 46 40 31 39 12 0 11 7 22 48 37 43 15 5 9 47 33 42 35 38 36 41 29 27 20 21 26 32 44 16 3 4 28 34 13 45
Coste: 48952

GENERACION: 905
Mejor Solucion:  6 8 17 14 2 10 30 49 24 25 19 18 1 23 46 40 31 39 12 0 11 7 22 48 37 43 15 5 9 47 33 42 35 38 36 41 29 27 20 21 26 32 44 16 3 4 28 34 13 45
Coste: 48952

GENERACION: 910
Mejor Solucion:  6 8 17 14 2 10 30 49 24 25 19 18 1 23 46 40 31 39 12 0 11 7 22 48 37 43 15 5 9 47 33 42 35 38 36 41 29 27 20 21 26 32 44 16 3 4 28 34 13 45
Coste: 48952

GENERACION: 915
Mejor Solucion:  6 8 17 14 2 10 30 49 24 25 19 18 1 23 46 40 31 39 12 0 11 7 22 48 37 43 15 5 9 47 33 42 35 38 36 41 29 27 20 21 26 32 44 16 3 4 28 34 13 45
Coste: 48952

GENERACION: 920
Mejor Solucion:  6 8 17 14 2 10 30 49 24 25 19 18 1 23 46 40 31 39 12 0 11 7 22 48 37 43 15 5 9 47 33 42 35 38 36 41 29 27 20 21 26 32 44 16 3 4 28 34 13 45
Coste: 48952

GENERACION: 925
Mejor Solucion:  6 8 17 14 2 10 30 49 24 25 19 18 1 23 46 40 31 39 12 0 11 7 22 48 37 43 15 5 9 47 33 42 35 38 36 41 29 27 20 21 26 32 44 16 3 4 28 34 13 45
Coste: 48952

GENERACION: 930
Mejor Solucion:  6 8 17 14 2 10 30 49 24 25 19 18 1 23 46 40 31 39 12 0 11 7 22 48 37 43 15 5 9 47 33 42 35 38 36 41 29 27 20 21 26 32 44 16 3 4 28 34 13 45
Coste: 48952

GENERACION: 935
Mejor Solucion:  6 8 17 14 2 10 30 49 24 25 19 18 1 23 46 40 31 39 12 0 11 7 22 48 37 43 15 5 9 47 33 42 35 38 36 41 29 27 20 21 26 32 44 16 3 4 28 34 13 45
Coste: 48952

GENERACION: 940
Mejor Solucion:  6 8 17 14 2 10 30 49 24 25 19 18 1 23 46 40 31 39 12 0 11 7 22 48 37 43 15 5 9 47 33 42 35 38 36 41 29 27 20 21 26 32 44 16 3 4 28 34 13 45
Coste: 48952

GENERACION: 945
Mejor Solucion:  6 8 17 14 2 10 30 49 24 25 19 18 1 23 46 40 31 39 12 0 11 7 22 48 37 43 15 5 9 47 33 42 35 38 36 41 29 27 20 21 26 32 44 16 3 4 28 34 13 45
Coste: 48952

GENERACION: 950
Mejor Solucion:  6 8 17 14 2 10 30 49 24 25 19 18 1 23 46 40 31 39 12 0 11 7 22 48 37 43 15 5 9 47 33 42 35 38 36 41 29 27 20 21 26 32 44 16 3 4 28 34 13 45
Coste: 48952

GENERACION: 955
Mejor Solucion:  6 8 17 14 2 10 30 49 24 25 19 18 1 23 46 40 31 39 12 0 11 7 22 48 37 43 15 5 9 47 33 42 35 38 36 41 29 27 20 21 26 32 44 16 3 4 28 34 13 45
Coste: 48952

GENERACION: 960
Mejor Solucion:  6 8 17 14 2 10 30 49 24 25 19 18 1 23 46 40 31 39 12 0 11 7 22 48 37 43 15 5 9 47 33 42 35 38 36 41 29 27 20 21 26 32 44 16 3 4 28 34 13 45
Coste: 48952

GENERACION: 965
Mejor Solucion:  6 8 17 14 2 10 30 49 24 25 19 18 1 23 46 40 31 39 12 0 11 7 22 48 37 43 15 5 9 47 33 42 35 38 36 41 29 27 20 21 26 32 44 16 3 4 28 34 13 45
Coste: 48952

GENERACION: 970
Mejor Solucion:  6 8 17 14 2 10 30 49 24 25 19 18 1 23 46 40 31 39 12 0 11 7 22 48 37 43 15 5 9 47 33 42 35 38 36 41 29 27 20 21 26 32 44 16 3 4 28 34 13 45
Coste: 48952

GENERACION: 975
Mejor Solucion:  6 8 17 14 2 10 30 49 24 25 19 18 1 23 46 40 31 39 12 0 11 7 22 48 37 43 15 5 9 47 33 42 35 38 36 41 29 27 20 21 26 32 44 16 3 4 28 34 13 45
Coste: 48952

GENERACION: 980
Mejor Solucion:  6 8 17 14 2 10 30 49 24 25 19 18 1 23 46 40 31 39 12 0 11 7 22 48 37 43 15 5 9 47 33 42 35 38 36 41 29 27 20 21 26 32 44 16 3 4 28 34 13 45
Coste: 48952

GENERACION: 985
Mejor Solucion:  6 8 17 14 2 10 30 49 24 25 19 18 1 23 46 40 31 39 12 0 11 7 22 48 37 43 15 5 9 47 33 42 35 38 36 41 29 27 20 21 26 32 44 16 3 4 28 34 13 45
Coste: 48952

GENERACION: 990
Mejor Solucion:  6 8 17 14 2 10 30 49 24 25 19 18 1 23 46 40 31 39 12 0 11 7 22 48 37 43 15 5 9 47 33 42 35 38 36 41 29 27 20 21 26 32 44 16 3 4 28 34 13 45
Coste: 48952

GENERACION: 995
Mejor Solucion:  6 8 17 14 2 10 30 49 24 25 19 18 1 23 46 40 31 39 12 0 11 7 22 48 37 43 15 5 9 47 33 42 35 38 36 41 29 27 20 21 26 32 44 16 3 4 28 34 13 45
Coste: 48952

GENERACION: 1000
Mejor Solucion:  6 8 17 14 2 10 30 49 24 25 19 18 1 23 46 40 31 39 12 0 11 7 22 48 37 43 15 5 9 47 33 42 35 38 36 41 29 27 20 21 26 32 44 16 3 4 28 34 13 45
Coste: 48952

GENERACION: 5
Mejor Solucion:  36 46 32 26 21 29 20 5 38 13 19 2 39 49 4 24 3 47 17 12 37 8 30 9 34 11 45 1 28 16 31 10 42 7 23 48 25 33 22 27 6 40 14 41 43 15 44 35 18 0
Coste: 54400

GENERACION: 10
Mejor Solucion:  19 18 14 2 37 1 22 31 29 0 24 39 46 23 40 43 5 15 34 13 11 8 12 33 38 48 49 20 9 27 6 7 10 42 36 44 17 41 28 21 25 26 30 32 3 16 35 4 47 45
Coste: 51918

GENERACION: 15
Mejor Solucion:  19 18 14 23 39 1 22 31 29 0 24 40 46 2 37 43 15 28 34 21 49 8 12 33 38 48 11 20 9 27 6 7 10 42 36 44 17 41 5 13 25 26 30 32 3 16 35 4 47 45
Coste: 50178

GENERACION: 20
Mejor Solucion:  19 11 18 37 23 1 22 31 29 0 12 39 46 2 40 43 5 15 34 13 24 8 14 33 38 48 49 20 9 27 6 7 10 42 36 44 17 41 28 21 25 26 30 32 16 3 35 4 47 45
Coste: 49710

GENERACION: 25
Mejor Solucion:  19 11 18 37 23 1 22 31 29 0 12 39 46 2 40 43 5 15 34 13 24 8 14 33 38 48 49 20 9 27 6 7 10 42 36 44 17 41 28 21 25 26 30 32 16 3 35 4 47 45
Coste: 49710

GENERACION: 30
Mejor Solucion:  8 11 14 2 22 12 1 49 5 39 25 24 46 23 43 40 31 15 9 0 6 10 18 7 37 30 13 20 29 21 17 42 32 38 44 48 4 41 47 34 26 19 33 16 3 36 35 28 27 45
Coste: 49303

GENERACION: 35
Mejor Solucion:  8 11 14 2 22 12 1 49 5 39 25 24 46 23 43 40 31 15 9 0 6 10 18 7 37 30 13 20 29 21 17 42 32 38 44 48 4 41 47 34 26 19 33 16 3 36 35 28 27 45
Coste: 49303

GENERACION: 40
Mejor Solucion:  25 24 39 12 49 43 1 15 5 34 8 11 46 30 2 40 22 31 9 0 17 10 14 18 23 37 4 13 29 21 6 32 7 42 38 48 44 20 41 47 26 19 33 16 3 36 35 28 27 45
Coste: 49232

GENERACION: 45
Mejor Solucion:  25 24 39 12 49 43 1 15 5 34 8 11 46 30 2 40 22 31 9 0 17 10 14 18 23 37 4 13 29 21 6 32 7 42 38 48 44 20 41 47 26 19 33 16 3 36 35 28 27 45
Coste: 49232

GENERACION: 50
Mejor Solucion:  25 24 39 12 49 43 1 15 5 34 8 11 46 30 2 40 22 31 9 0 17 10 14 18 23 37 4 13 29 21 6 32 7 42 38 48 44 20 41 47 26 19 33 16 3 36 35 28 27 45
Coste: 49232

GENERACION: 55
Mejor Solucion:  25 24 39 12 49 43 1 15 5 34 8 11 46 30 2 40 22 31 9 0 17 10 14 18 23 37 4 13 29 21 6 32 7 42 38 48 44 20 41 47 26 19 33 16 3 36 35 28 27 45
Coste: 49232

GENERACION: 60
Mejor Solucion:  25 12 49 39 1 43 15 5 34 21 24 8 46 30 37 40 31 9 13 0 19 11 14 18 2 23 22 4 29 47 6 10 7 42 38 48 44 20 27 28 26 17 33 32 3 36 35 16 41 45
Coste: 49113

GENERACION: 65
Mejor Solucion:  25 12 49 39 1 43 15 5 34 21 24 8 46 30 37 40 31 9 13 0 19 11 14 18 2 23 22 4 29 47 6 10 7 42 38 48 44 20 27 28 26 17 33 32 3 36 35 16 41 45
Coste: 49113

GENERACION: 70
Mejor Solucion:  25 12 49 39 1 43 15 5 34 21 24 8 46 30 37 40 31 9 13 0 19 11 14 18 2 23 22 4 29 47 6 10 7 42 38 48 44 20 27 28 26 17 33 32 36 3 35 16 41 45
Coste: 49111

GENERACION: 75
Mejor Solucion:  25 12 49 39 1 43 15 5 34 21 24 8 46 30 37 40 31 9 13 0 19 11 14 18 2 23 22 4 29 47 6 10 7 42 38 48 44 20 27 28 26 17 33 32 36 3 35 16 41 45
Coste: 49111

GENERACION: 80
Mejor Solucion:  25 24 8 14 12 1 49 39 28 0 26 11 30 46 40 43 31 9 34 21 19 10 18 2 23 37 15 5 29 13 6 42 7 38 48 44 22 20 27 47 17 32 33 16 36 3 35 4 41 45
Coste: 49097

GENERACION: 85
Mejor Solucion:  25 24 8 14 12 1 49 39 28 0 26 11 30 46 40 43 31 9 34 21 19 10 18 2 23 37 15 5 29 13 6 42 7 38 48 44 22 20 27 47 17 32 33 16 36 3 35 4 41 45
Coste: 49097

GENERACION: 90
Mejor Solucion:  25 24 8 14 12 1 49 39 28 0 26 11 30 46 40 43 31 9 34 21 19 10 18 2 23 37 15 5 29 13 6 42 7 38 48 44 22 20 27 47 17 32 33 16 36 3 35 4 41 45
Coste: 49097

GENERACION: 95
Mejor Solucion:  25 24 8 14 12 1 49 39 28 0 26 11 30 46 40 43 31 9 34 21 19 10 18 2 23 37 15 5 29 13 6 42 7 38 48 44 22 20 27 47 17 32 33 16 36 3 35 4 41 45
Coste: 49097

GENERACION: 100
Mejor Solucion:  25 24 8 14 12 1 49 39 28 0 26 11 30 46 40 43 31 9 34 21 19 10 18 2 23 37 15 5 29 13 6 42 7 38 48 44 22 20 27 47 17 32 33 16 36 3 35 4 41 45
Coste: 49097

GENERACION: 105
Mejor Solucion:  25 24 8 14 12 1 49 39 28 0 26 11 30 46 40 43 31 9 34 21 19 10 18 2 23 37 15 5 29 13 6 42 7 38 48 44 22 20 27 47 17 32 33 16 36 3 35 4 41 45
Coste: 49097

GENERACION: 110
Mejor Solucion:  25 24 8 14 12 1 49 39 28 0 26 11 30 46 40 43 31 9 34 21 19 10 18 2 23 37 15 5 29 13 6 42 7 38 48 44 22 20 27 47 17 32 33 16 36 3 35 4 41 45
Coste: 49097

GENERACION: 115
Mejor Solucion:  25 24 8 14 12 1 49 39 28 0 26 11 30 46 40 43 31 9 34 21 19 10 18 2 23 37 15 5 29 13 6 42 7 38 48 44 22 20 27 47 17 32 33 16 36 3 35 4 41 45
Coste: 49097

GENERACION: 120
Mejor Solucion:  25 24 8 14 12 1 49 39 28 0 26 11 30 46 40 43 31 9 34 21 19 10 18 2 23 37 15 5 29 13 6 42 7 38 48 44 22 20 27 47 17 32 33 16 36 3 35 4 41 45
Coste: 49097

GENERACION: 125
Mejor Solucion:  25 24 8 14 12 1 49 39 28 0 26 11 30 46 40 43 31 9 34 21 19 10 18 2 23 37 15 5 29 13 6 42 7 38 48 44 22 20 27 47 17 32 33 16 36 3 35 4 41 45
Coste: 49097

GENERACION: 130
Mejor Solucion:  25 24 8 14 12 1 49 39 28 0 26 11 30 46 40 43 31 9 34 21 19 10 18 2 23 37 15 5 29 13 6 42 7 38 48 44 22 20 27 47 17 32 33 16 36 3 35 4 41 45
Coste: 49097

GENERACION: 135
Mejor Solucion:  25 24 8 14 12 1 49 39 28 0 26 11 30 46 40 43 31 9 34 21 19 10 18 2 23 37 15 5 29 13 6 42 7 38 48 44 22 20 27 47 17 32 33 16 36 3 35 4 41 45
Coste: 49097

GENERACION: 140
Mejor Solucion:  25 24 8 14 12 1 49 39 28 0 26 11 30 46 40 43 31 9 34 21 19 10 18 2 23 37 15 5 29 13 6 42 7 38 48 44 22 20 27 47 17 32 33 16 36 3 35 4 41 45
Coste: 49097

GENERACION: 145
Mejor Solucion:  25 24 8 14 12 1 49 39 28 0 26 11 30 46 40 43 31 9 34 21 19 10 18 2 23 37 15 5 29 13 6 42 7 38 48 44 22 20 27 47 17 32 33 16 36 3 35 4 41 45
Coste: 49097

GENERACION: 150
Mejor Solucion:  25 24 8 14 12 1 49 39 28 0 26 11 30 46 40 43 31 9 34 21 19 10 18 2 23 37 15 5 29 13 6 42 7 38 48 44 22 20 27 47 17 32 33 16 36 3 35 4 41 45
Coste: 49097

GENERACION: 155
Mejor Solucion:  25 24 8 14 12 1 49 39 28 0 26 11 30 46 40 43 31 9 34 21 19 10 18 2 23 37 15 5 29 13 6 42 7 38 48 44 22 20 27 47 17 32 33 16 36 3 35 4 41 45
Coste: 49097

GENERACION: 160
Mejor Solucion:  25 24 8 14 12 1 49 39 28 0 26 11 30 46 40 43 31 9 34 21 19 10 18 2 23 37 15 5 29 13 6 42 7 38 48 44 22 20 27 47 17 32 33 16 36 3 35 4 41 45
Coste: 49097

GENERACION: 165
Mejor Solucion:  25 24 8 14 12 1 49 39 28 0 26 11 30 46 40 43 31 9 34 21 19 10 18 2 23 37 15 5 29 13 6 42 7 38 48 44 22 20 27 47 17 32 33 16 36 3 35 4 41 45
Coste: 49097

GENERACION: 170
Mejor Solucion:  25 24 8 14 12 1 49 39 28 0 26 11 30 46 40 43 31 9 34 21 19 10 18 2 23 37 15 5 29 13 6 42 7 38 48 44 22 20 27 47 17 32 33 16 36 3 35 4 41 45
Coste: 49097

GENERACION: 175
Mejor Solucion:  25 24 8 14 12 1 49 39 28 0 26 11 30 46 40 43 31 9 34 21 19 10 18 2 23 37 15 5 29 13 6 42 7 38 48 44 22 20 27 47 17 32 33 16 36 3 35 4 41 45
Coste: 49097

GENERACION: 180
Mejor Solucion:  25 24 8 14 12 1 49 39 28 0 26 11 30 46 40 43 31 9 34 21 19 10 18 2 23 37 15 5 29 13 6 42 7 38 48 44 22 20 27 47 17 32 33 16 36 3 35 4 41 45
Coste: 49097

GENERACION: 185
Mejor Solucion:  25 24 8 14 12 1 49 39 28 0 26 11 30 46 40 43 31 9 34 21 19 10 18 2 23 37 15 5 29 13 6 42 7 38 48 44 22 20 27 47 17 32 33 16 36 3 35 4 41 45
Coste: 49097

GENERACION: 190
Mejor Solucion:  25 24 8 14 12 1 49 39 28 0 26 11 30 46 40 43 31 9 34 21 19 10 18 2 23 37 15 5 29 13 6 42 7 38 48 44 22 20 27 47 17 32 33 16 36 3 35 4 41 45
Coste: 49097

GENERACION: 195
Mejor Solucion:  25 24 8 14 12 1 49 39 28 0 26 11 30 46 40 43 31 9 34 21 19 10 18 2 23 37 15 5 29 13 6 42 7 38 48 44 22 20 27 47 17 32 33 16 36 3 35 4 41 45
Coste: 49097

GENERACION: 200
Mejor Solucion:  25 24 8 14 12 1 49 39 28 0 26 11 30 46 40 43 31 9 34 21 19 10 18 2 23 37 15 5 29 13 6 42 7 38 48 44 22 20 27 47 17 32 33 16 36 3 35 4 41 45
Coste: 49097

GENERACION: 205
Mejor Solucion:  25 24 8 14 12 1 49 39 28 0 26 11 30 46 40 43 31 9 34 21 19 10 18 2 23 37 15 5 29 13 6 42 7 38 48 44 22 20 27 47 17 32 33 16 36 3 35 4 41 45
Coste: 49097

GENERACION: 210
Mejor Solucion:  25 24 8 14 12 1 49 39 28 0 26 11 30 46 40 43 31 9 34 21 19 10 18 2 23 37 15 5 29 13 6 42 7 38 48 44 22 20 27 47 17 32 33 16 36 3 35 4 41 45
Coste: 49097

GENERACION: 215
Mejor Solucion:  25 24 8 14 12 1 49 39 28 0 26 11 30 46 40 43 31 9 34 21 19 10 18 2 23 37 15 5 29 13 6 42 7 38 48 44 22 20 27 47 17 32 33 16 36 3 35 4 41 45
Coste: 49097

GENERACION: 220
Mejor Solucion:  25 24 8 14 12 1 49 39 28 0 26 11 30 46 40 43 31 9 34 21 19 10 18 2 23 37 15 5 29 13 6 42 7 38 48 44 22 20 27 47 17 32 33 16 36 3 35 4 41 45
Coste: 49097

GENERACION: 225
Mejor Solucion:  25 24 8 14 12 1 49 39 28 0 26 11 30 46 40 43 31 9 34 21 19 10 18 2 23 37 15 5 29 13 6 42 7 38 48 44 22 20 27 47 17 32 33 16 36 3 35 4 41 45
Coste: 49097

GENERACION: 230
Mejor Solucion:  25 24 8 14 12 1 49 39 28 0 26 11 30 46 40 43 31 9 34 21 19 10 18 2 23 37 15 5 29 13 6 42 7 38 48 44 22 20 27 47 17 32 33 16 36 3 35 4 41 45
Coste: 49097

GENERACION: 235
Mejor Solucion:  25 24 8 14 12 1 49 39 28 0 26 11 30 46 40 43 31 9 34 21 19 10 18 2 23 37 15 5 29 13 6 42 7 38 48 44 22 20 27 47 17 32 33 16 36 3 35 4 41 45
Coste: 49097

GENERACION: 240
Mejor Solucion:  25 24 8 14 12 1 49 39 28 0 26 11 30 46 40 43 31 9 34 21 19 10 18 2 23 37 15 5 29 13 6 42 7 38 48 44 22 20 27 47 17 32 33 16 36 3 35 4 41 45
Coste: 49097

GENERACION: 245
Mejor Solucion:  25 24 8 14 12 1 49 39 28 0 26 11 30 46 40 43 31 9 34 21 19 10 18 2 23 37 15 5 29 13 6 42 7 38 48 44 22 20 27 47 17 32 33 16 36 3 35 4 41 45
Coste: 49097

GENERACION: 250
Mejor Solucion:  8 14 24 46 49 1 12 39 25 0 11 18 30 2 37 31 43 5 9 21 19 32 10 36 23 40 15 29 34 13 6 33 42 17 38 22 48 41 27 47 26 7 16 35 3 44 4 20 28 45
Coste: 49084

GENERACION: 255
Mejor Solucion:  8 14 24 46 49 1 12 39 25 0 11 18 30 2 37 31 43 5 9 21 19 32 10 36 23 40 15 29 34 13 6 33 42 17 38 22 48 41 27 47 26 7 16 35 3 44 4 20 28 45
Coste: 49084

GENERACION: 260
Mejor Solucion:  8 14 24 46 49 1 12 39 25 0 11 18 30 2 37 31 43 5 9 21 19 32 10 36 23 40 15 29 34 13 6 33 42 17 38 22 48 41 27 47 26 7 16 35 3 44 4 20 28 45
Coste: 49084

GENERACION: 265
Mejor Solucion:  8 14 24 46 49 1 12 39 25 0 11 18 30 2 37 31 43 5 9 21 19 32 10 36 23 40 15 29 34 13 6 33 42 17 38 22 48 41 27 47 26 7 16 35 3 44 4 20 28 45
Coste: 49084

GENERACION: 270
Mejor Solucion:  8 14 24 46 49 1 12 39 25 0 11 18 30 2 37 31 43 5 9 21 19 32 10 36 23 40 15 29 34 13 6 33 42 17 38 22 48 41 27 47 26 7 16 35 3 44 4 20 28 45
Coste: 49084

GENERACION: 275
Mejor Solucion:  8 14 24 46 49 1 12 39 25 0 11 18 30 2 37 31 43 5 9 21 19 32 10 36 23 40 15 29 34 13 6 33 42 17 38 22 48 41 27 47 26 7 16 35 3 44 4 20 28 45
Coste: 49084

GENERACION: 280
Mejor Solucion:  8 14 24 46 49 1 12 39 25 0 11 18 30 2 37 31 43 5 9 21 19 32 10 36 23 40 15 29 34 13 6 33 42 17 38 22 48 41 27 47 26 7 16 35 3 44 4 20 28 45
Coste: 49084

GENERACION: 285
Mejor Solucion:  8 14 24 46 49 1 12 39 25 0 11 18 30 2 37 31 43 5 9 21 19 32 10 36 23 40 15 29 34 13 6 33 42 17 38 22 48 41 27 47 26 7 16 35 3 44 4 20 28 45
Coste: 49084

GENERACION: 290
Mejor Solucion:  8 14 24 46 49 1 12 39 25 0 11 18 30 2 37 31 43 5 9 21 19 32 10 36 23 40 15 29 34 13 6 33 42 17 38 22 48 41 27 47 26 7 16 35 3 44 4 20 28 45
Coste: 49084

GENERACION: 295
Mejor Solucion:  8 14 24 46 49 1 12 39 25 0 11 18 30 2 37 31 43 5 9 21 19 32 10 36 23 40 15 29 34 13 6 33 42 17 38 22 48 41 27 47 26 7 16 35 3 44 4 20 28 45
Coste: 49084

GENERACION: 300
Mejor Solucion:  8 14 24 46 49 1 12 39 25 0 11 18 30 2 37 31 43 5 9 21 19 32 10 36 23 40 15 29 34 13 6 33 42 17 38 22 48 41 27 47 26 7 16 35 3 44 4 20 28 45
Coste: 49084

GENERACION: 305
Mejor Solucion:  8 14 24 46 49 1 12 39 25 0 11 18 30 2 37 31 43 5 9 21 19 32 10 36 23 40 15 29 34 13 6 33 42 17 38 22 48 41 27 47 26 7 16 35 3 44 4 20 28 45
Coste: 49084

GENERACION: 310
Mejor Solucion:  8 14 24 46 49 1 12 39 25 0 11 18 30 2 37 31 43 5 9 21 19 32 10 36 23 40 15 29 34 13 6 33 42 17 38 22 48 41 27 47 26 7 16 35 3 44 4 20 28 45
Coste: 49084

GENERACION: 315
Mejor Solucion:  8 14 24 46 49 1 12 39 25 0 11 18 30 2 37 31 43 5 9 21 19 32 10 36 23 40 15 29 34 13 6 33 42 17 38 22 48 41 27 47 26 7 16 35 3 44 4 20 28 45
Coste: 49084

GENERACION: 320
Mejor Solucion:  8 14 24 46 49 1 12 39 25 0 11 18 30 2 37 31 43 5 9 21 19 32 10 36 23 40 15 29 34 13 6 33 42 17 38 22 48 41 27 47 26 7 16 35 3 44 4 20 28 45
Coste: 49084

GENERACION: 325
Mejor Solucion:  8 14 24 46 49 1 12 39 25 0 11 18 30 2 37 31 43 5 9 21 19 32 10 36 23 40 15 29 34 13 6 33 42 17 38 22 48 41 27 47 26 7 16 35 3 44 4 20 28 45
Coste: 49084

GENERACION: 330
Mejor Solucion:  8 14 24 46 49 1 12 39 25 0 11 18 30 2 37 31 43 5 9 21 19 32 10 36 23 40 15 29 34 13 6 33 42 17 38 22 48 41 27 47 26 7 16 35 3 44 4 20 28 45
Coste: 49084

GENERACION: 335
Mejor Solucion:  8 14 24 46 49 1 12 39 25 0 11 18 30 2 37 31 43 5 9 21 19 32 10 36 23 40 15 29 34 13 6 33 42 17 38 22 48 41 27 47 26 7 16 35 3 44 4 20 28 45
Coste: 49084

GENERACION: 340
Mejor Solucion:  8 14 24 46 49 1 12 39 25 0 11 18 30 2 37 31 43 5 9 21 19 32 10 36 23 40 15 29 34 13 6 33 42 17 38 22 48 41 27 47 26 7 16 35 3 44 4 20 28 45
Coste: 49084

GENERACION: 345
Mejor Solucion:  8 14 24 46 49 1 12 39 25 0 11 18 30 2 37 31 43 5 9 21 19 32 10 36 23 40 15 29 34 13 6 33 42 17 38 22 48 41 27 47 26 7 16 35 3 44 4 20 28 45
Coste: 49084

GENERACION: 350
Mejor Solucion:  8 14 24 46 49 1 12 39 25 0 11 18 30 2 37 31 43 5 9 21 19 32 10 36 23 40 15 29 34 13 6 33 42 17 38 22 48 41 27 47 26 7 16 35 3 44 4 20 28 45
Coste: 49084

GENERACION: 355
Mejor Solucion:  8 14 24 46 49 1 12 39 25 0 11 18 30 2 37 31 43 5 9 21 19 32 10 36 23 40 15 29 34 13 6 33 42 17 38 22 48 41 27 47 26 7 16 35 3 44 4 20 28 45
Coste: 49084

GENERACION: 360
Mejor Solucion:  8 14 24 46 49 1 12 39 25 0 11 18 30 2 37 31 43 5 9 21 19 32 10 36 23 40 15 29 34 13 6 33 42 17 38 22 48 41 27 47 26 7 16 35 3 44 4 20 28 45
Coste: 49084

GENERACION: 365
Mejor Solucion:  8 14 24 46 49 1 12 39 25 0 11 18 30 2 37 31 43 5 9 21 19 32 10 36 23 40 15 29 34 13 6 33 42 17 38 22 48 41 27 47 26 7 16 35 3 44 4 20 28 45
Coste: 49084

GENERACION: 370
Mejor Solucion:  8 14 24 46 49 1 12 39 25 0 11 18 30 2 37 31 43 5 9 21 19 32 10 36 23 40 15 29 34 13 6 33 42 17 38 22 48 41 27 47 26 7 16 35 3 44 4 20 28 45
Coste: 49084

GENERACION: 375
Mejor Solucion:  8 14 24 46 49 1 12 39 25 0 11 18 30 2 37 31 43 5 9 21 19 32 10 36 23 40 15 29 34 13 6 33 42 17 38 22 48 41 27 47 26 7 16 35 3 44 4 20 28 45
Coste: 49084

GENERACION: 380
Mejor Solucion:  8 14 24 46 49 1 12 39 25 0 11 18 30 2 37 31 43 5 9 21 19 32 10 36 23 40 15 29 34 13 6 33 42 17 38 22 48 41 27 47 26 7 16 35 3 44 4 20 28 45
Coste: 49084

GENERACION: 385
Mejor Solucion:  8 14 24 46 49 1 12 39 25 0 11 18 30 2 37 31 43 5 9 21 19 32 10 36 23 40 15 29 34 13 6 33 42 17 38 22 48 41 27 47 26 7 16 35 3 44 4 20 28 45
Coste: 49084

GENERACION: 390
Mejor Solucion:  8 14 24 46 49 1 12 39 25 0 11 18 30 2 37 31 43 5 9 21 19 32 10 36 23 40 15 29 34 13 6 33 42 17 38 22 48 41 27 47 26 7 16 35 3 44 4 20 28 45
Coste: 49084

GENERACION: 395
Mejor Solucion:  8 14 24 46 49 1 12 39 25 0 11 18 30 2 37 31 43 5 9 21 19 32 10 36 23 40 15 29 34 13 6 33 42 17 38 22 48 41 27 47 26 7 16 35 3 44 4 20 28 45
Coste: 49084

GENERACION: 400
Mejor Solucion:  8 14 24 46 49 1 12 39 25 0 11 18 30 2 37 31 43 5 9 21 19 32 10 36 23 40 15 29 34 13 6 33 42 17 38 22 48 41 27 47 26 7 16 35 3 44 4 20 28 45
Coste: 49084

GENERACION: 405
Mejor Solucion:  8 14 24 46 49 1 12 39 25 0 11 18 30 2 37 31 43 5 9 21 19 32 10 36 23 40 15 29 34 13 6 33 42 17 38 22 48 41 27 47 26 7 16 35 3 44 4 20 28 45
Coste: 49084

GENERACION: 410
Mejor Solucion:  8 14 24 46 49 1 12 39 25 0 11 18 30 2 37 31 43 5 9 21 19 32 10 36 23 40 15 29 34 13 6 33 42 17 38 22 48 41 27 47 26 7 16 35 3 44 4 20 28 45
Coste: 49084

GENERACION: 415
Mejor Solucion:  8 14 24 46 49 1 12 39 25 0 11 18 30 2 37 31 43 5 9 21 19 32 10 36 23 40 15 29 34 13 6 33 42 17 38 22 48 41 27 47 26 7 16 35 3 44 4 20 28 45
Coste: 49084

GENERACION: 420
Mejor Solucion:  6 8 17 22 1 10 49 12 24 25 19 18 14 2 46 40 31 39 30 0 11 33 38 37 23 29 15 43 9 13 7 42 35 36 48 27 20 5 47 21 26 32 16 3 44 41 28 4 34 45
Coste: 49023

GENERACION: 425
Mejor Solucion:  6 8 17 22 1 10 49 12 24 25 19 18 14 2 46 40 31 39 30 0 11 33 38 37 23 29 15 43 9 13 7 42 35 36 48 27 20 5 47 21 26 32 16 3 44 41 28 4 34 45
Coste: 49023

GENERACION: 430
Mejor Solucion:  6 8 17 22 1 10 49 12 24 25 19 18 14 2 46 40 31 39 30 0 11 33 38 37 23 29 15 43 9 13 7 42 35 36 48 27 5 20 47 21 26 32 16 3 44 41 28 4 34 45
Coste: 49015

GENERACION: 435
Mejor Solucion:  6 8 17 22 1 10 49 12 24 25 19 18 14 2 46 40 31 39 30 0 11 33 38 37 23 29 15 43 9 13 7 42 35 36 48 27 5 20 47 21 26 32 16 3 44 41 28 4 34 45
Coste: 49015

GENERACION: 440
Mejor Solucion:  6 8 17 22 1 10 49 12 24 25 19 18 14 2 46 40 31 39 30 0 11 33 38 37 23 29 15 43 9 13 7 42 35 36 48 27 5 20 47 21 26 32 16 3 44 41 28 4 34 45
Coste: 49015

GENERACION: 445
Mejor Solucion:  6 8 17 22 1 10 49 12 24 25 19 18 14 2 46 40 31 39 30 0 11 33 38 37 23 29 15 43 9 13 7 42 35 36 48 27 5 20 47 21 26 32 16 3 44 41 28 4 34 45
Coste: 49015

GENERACION: 450
Mejor Solucion:  6 8 17 46 1 12 49 39 24 25 19 18 14 23 2 40 10 31 30 0 11 7 35 48 22 5 43 15 29 47 33 42 36 38 37 27 20 9 13 21 26 32 16 3 44 41 4 28 34 45
Coste: 49009

GENERACION: 455
Mejor Solucion:  6 8 17 46 1 12 49 39 24 25 19 18 14 23 2 40 10 31 30 0 11 7 35 48 22 5 43 15 29 47 33 42 36 38 37 27 20 9 13 21 26 32 16 3 44 41 4 28 34 45
Coste: 49009

GENERACION: 460
Mejor Solucion:  6 8 17 46 1 49 12 39 24 25 19 18 14 23 2 40 10 31 30 0 11 7 35 48 22 5 43 15 29 47 33 42 36 38 37 27 20 9 13 21 26 32 16 3 44 41 4 28 34 45
Coste: 49006

GENERACION: 465
Mejor Solucion:  6 8 17 46 1 49 12 39 24 25 19 18 14 23 2 40 10 31 30 0 11 7 35 48 22 5 43 15 29 47 33 42 36 38 37 27 20 9 13 21 26 32 16 3 44 41 4 28 34 45
Coste: 49006

GENERACION: 470
Mejor Solucion:  6 8 17 46 1 49 12 39 24 25 19 18 14 23 2 40 10 31 30 0 11 7 35 48 22 5 43 15 29 47 33 42 36 38 37 27 20 9 13 21 26 32 16 3 44 41 4 28 34 45
Coste: 49006

GENERACION: 475
Mejor Solucion:  6 8 17 46 1 49 12 39 24 25 19 18 14 23 2 40 10 31 30 0 11 7 35 48 22 5 43 15 29 47 33 42 36 38 37 27 20 9 13 21 26 32 16 3 44 41 4 28 34 45
Coste: 49006

GENERACION: 480
Mejor Solucion:  6 8 17 46 1 49 12 39 24 25 19 18 14 23 2 40 10 31 30 0 11 7 35 48 22 5 43 15 29 47 33 42 36 38 37 27 20 9 13 21 26 32 16 3 44 41 4 28 34 45
Coste: 49006

GENERACION: 485
Mejor Solucion:  6 8 17 46 1 49 12 39 24 25 19 18 14 23 2 40 10 31 30 0 11 7 35 48 22 5 43 15 29 47 33 42 36 38 37 27 20 9 13 21 26 32 16 3 44 41 4 28 34 45
Coste: 49006

GENERACION: 490
Mejor Solucion:  6 8 17 46 1 49 12 39 24 25 19 18 14 23 2 40 10 31 30 0 11 7 35 48 22 5 43 15 29 47 33 42 36 38 37 27 20 9 13 21 26 32 16 3 44 41 4 28 34 45
Coste: 49006

GENERACION: 495
Mejor Solucion:  6 8 17 46 1 49 12 39 24 25 19 18 14 23 2 40 10 31 30 0 11 7 35 48 22 5 43 15 29 47 33 42 36 38 37 27 20 9 13 21 26 32 16 3 44 41 4 28 34 45
Coste: 49006

GENERACION: 500
Mejor Solucion:  6 8 17 46 1 49 12 39 24 25 19 18 14 23 2 40 10 31 30 0 11 7 35 48 22 5 43 15 29 47 33 42 36 38 37 27 20 9 13 21 26 32 16 3 44 41 4 28 34 45
Coste: 49006

GENERACION: 505
Mejor Solucion:  6 8 17 46 1 49 12 39 24 25 19 18 14 23 2 40 10 31 30 0 11 7 35 48 22 5 43 15 29 47 33 42 36 38 37 27 20 9 13 21 26 32 16 3 44 41 4 28 34 45
Coste: 49006

GENERACION: 510
Mejor Solucion:  6 8 17 46 1 49 12 39 24 25 19 18 14 23 2 40 10 31 30 0 11 7 35 48 22 5 43 15 29 47 33 42 36 38 37 27 20 9 13 21 26 32 16 3 44 41 4 28 34 45
Coste: 49006

GENERACION: 515
Mejor Solucion:  6 8 17 46 1 49 12 39 24 25 19 18 14 23 2 40 10 31 30 0 11 7 35 48 22 5 43 15 29 47 33 42 36 38 37 27 20 9 13 21 26 32 16 3 44 41 4 28 34 45
Coste: 49006

GENERACION: 520
Mejor Solucion:  6 8 17 46 1 49 12 39 24 25 19 18 14 23 2 40 10 31 30 0 11 7 35 48 22 5 43 15 29 47 33 42 36 38 37 27 20 9 13 21 26 32 16 3 44 41 4 28 34 45
Coste: 49006

GENERACION: 525
Mejor Solucion:  6 8 17 46 1 49 12 39 24 25 19 18 14 23 2 40 10 31 30 0 11 7 35 48 22 5 43 15 29 47 33 42 36 38 37 27 20 9 13 21 26 32 16 3 44 41 4 28 34 45
Coste: 49006

GENERACION: 530
Mejor Solucion:  6 8 17 46 1 49 12 39 24 25 19 18 14 23 2 40 10 31 30 0 11 7 35 48 22 5 43 15 29 47 33 42 36 38 37 27 20 9 13 21 26 32 16 3 44 41 4 28 34 45
Coste: 49006

GENERACION: 535
Mejor Solucion:  6 8 17 46 1 49 12 39 24 25 19 18 14 23 2 40 10 31 30 0 11 7 35 48 22 5 43 15 29 47 33 42 36 38 37 27 20 9 13 21 26 32 16 3 44 41 4 28 34 45
Coste: 49006

GENERACION: 540
Mejor Solucion:  6 8 17 46 1 49 12 39 24 25 19 18 14 23 2 40 10 31 30 0 11 7 35 48 22 5 43 15 29 47 33 42 36 38 37 27 20 9 13 21 26 32 16 3 44 41 4 28 34 45
Coste: 49006

GENERACION: 545
Mejor Solucion:  6 8 14 17 2 22 1 49 12 25 11 18 10 46 23 40 39 31 43 24 33 7 30 36 48 37 5 15 9 0 32 42 35 38 44 41 29 20 13 21 26 19 16 3 4 47 27 28 34 45
Coste: 49004

GENERACION: 550
Mejor Solucion:  6 8 14 17 2 22 1 49 12 25 11 18 10 46 23 40 39 31 43 24 33 7 30 36 48 37 5 15 9 0 32 42 35 38 44 41 29 20 13 21 26 19 16 3 4 47 27 28 34 45
Coste: 49004

GENERACION: 555
Mejor Solucion:  6 8 14 17 2 22 1 49 12 25 11 18 10 46 23 40 39 31 43 24 33 7 30 36 48 37 5 15 9 0 32 42 35 38 44 41 29 20 13 21 26 19 16 3 4 47 27 28 34 45
Coste: 49004

GENERACION: 560
Mejor Solucion:  6 8 14 17 2 22 1 49 12 25 11 18 10 46 23 40 39 31 43 24 33 7 30 36 48 37 5 15 9 0 32 42 35 38 44 41 29 20 13 21 26 19 16 3 4 47 27 28 34 45
Coste: 49004

GENERACION: 565
Mejor Solucion:  6 8 14 17 2 22 1 49 12 25 11 18 10 46 23 40 39 31 43 24 33 7 30 36 48 37 5 15 9 0 32 42 35 38 44 41 29 20 13 21 26 19 16 3 4 47 27 28 34 45
Coste: 49004

GENERACION: 570
Mejor Solucion:  6 8 14 17 2 22 1 49 12 25 11 18 10 46 23 40 39 31 43 24 33 7 30 36 48 37 5 15 9 0 32 42 35 38 44 41 29 20 13 21 26 19 16 3 4 47 27 28 34 45
Coste: 49004

GENERACION: 575
Mejor Solucion:  6 8 14 17 2 22 1 49 12 25 11 18 10 46 23 40 39 31 43 24 33 7 30 36 48 37 5 15 9 0 32 42 35 38 44 41 29 20 13 21 26 19 16 3 4 47 27 28 34 45
Coste: 49004

GENERACION: 580
Mejor Solucion:  6 8 14 17 2 22 1 49 12 25 11 18 10 46 23 40 39 31 43 24 33 7 30 36 48 37 5 15 9 0 32 42 35 38 44 41 29 20 13 21 26 19 16 3 4 47 27 28 34 45
Coste: 49004

GENERACION: 585
Mejor Solucion:  6 8 14 17 2 22 1 49 12 25 11 18 10 46 23 40 39 31 43 24 33 7 30 36 48 37 5 15 9 0 32 42 35 38 44 41 29 20 13 21 26 19 16 3 4 47 27 28 34 45
Coste: 49004

GENERACION: 590
Mejor Solucion:  6 8 14 17 2 22 1 49 12 25 11 18 10 46 23 40 39 31 43 24 33 7 30 36 48 37 5 15 9 0 32 42 35 38 44 41 29 20 13 21 26 19 16 3 4 47 27 28 34 45
Coste: 49004

GENERACION: 595
Mejor Solucion:  6 8 14 17 2 22 1 49 12 25 11 18 10 46 23 40 39 31 43 24 33 7 30 36 48 37 5 15 9 0 32 42 35 38 44 41 29 20 13 21 26 19 16 3 4 47 27 28 34 45
Coste: 49004

GENERACION: 600
Mejor Solucion:  6 8 14 17 2 22 1 49 12 25 11 18 10 46 23 40 39 31 43 24 33 7 30 36 48 37 5 15 9 0 32 42 35 38 44 41 29 20 13 21 26 19 16 3 4 47 27 28 34 45
Coste: 49004

GENERACION: 605
Mejor Solucion:  6 8 14 17 2 22 1 49 12 25 11 18 10 46 23 40 39 31 43 24 33 7 30 36 48 37 5 15 9 0 32 42 35 38 44 41 29 20 13 21 26 19 16 3 4 47 27 28 34 45
Coste: 49004

GENERACION: 610
Mejor Solucion:  6 8 14 17 2 22 1 49 12 25 11 18 10 46 23 40 39 31 43 24 33 7 30 36 48 37 5 15 9 0 32 42 35 38 44 41 29 20 13 21 26 19 16 3 4 47 27 28 34 45
Coste: 49004

GENERACION: 615
Mejor Solucion:  6 8 14 17 2 22 1 49 12 25 11 18 10 46 23 40 39 31 43 24 33 7 30 36 48 37 5 15 9 0 32 42 35 38 44 41 29 20 13 21 26 19 16 3 4 47 27 28 34 45
Coste: 49004

GENERACION: 620
Mejor Solucion:  6 8 14 17 2 22 1 49 12 25 11 18 10 46 23 40 39 31 43 24 33 7 30 36 48 37 5 15 9 0 32 42 35 38 44 41 29 20 13 21 26 19 16 3 4 47 27 28 34 45
Coste: 49004

GENERACION: 625
Mejor Solucion:  6 8 14 17 2 22 1 49 12 25 11 18 10 46 23 40 39 31 43 24 33 7 30 36 48 37 5 15 9 0 32 42 35 38 44 41 29 20 13 21 26 19 16 3 4 47 27 28 34 45
Coste: 49004

GENERACION: 630
Mejor Solucion:  6 8 14 17 2 22 1 49 12 25 11 18 10 46 23 40 39 31 43 24 33 7 30 36 48 37 5 15 9 0 32 42 35 38 44 41 29 20 13 21 26 19 16 3 4 47 27 28 34 45
Coste: 49004

GENERACION: 635
Mejor Solucion:  6 8 14 17 2 22 1 49 12 25 11 18 10 46 23 40 39 31 43 24 33 7 30 36 48 37 5 15 9 0 32 42 35 38 44 41 29 20 13 21 26 19 16 3 4 47 27 28 34 45
Coste: 49004

GENERACION: 640
Mejor Solucion:  6 8 17 22 1 12 49 39 24 25 11 18 14 23 2 10 40 31 30 0 7 42 35 48 46 43 5 15 9 47 19 33 36 38 37 41 27 29 13 21 26 32 16 3 44 4 20 28 34 45
Coste: 48989

GENERACION: 645
Mejor Solucion:  6 8 17 22 1 12 49 39 24 25 11 18 14 23 2 10 40 31 30 0 7 42 35 48 46 43 5 15 9 47 19 33 36 38 37 41 27 29 13 21 26 32 16 3 44 4 20 28 34 45
Coste: 48989

GENERACION: 650
Mejor Solucion:  6 8 17 22 1 12 49 39 24 25 11 18 14 23 2 10 40 31 30 0 7 42 35 48 46 43 5 15 9 47 19 33 36 38 37 41 27 29 13 21 26 32 16 3 44 4 20 28 34 45
Coste: 48988

GENERACION: 655
Mejor Solucion:  6 8 17 22 1 12 49 39 24 25 11 18 14 23 2 10 40 31 30 0 7 42 35 48 46 43 5 15 9 47 19 33 36 38 37 41 27 29 13 21 26 32 16 3 44 4 20 28 34 45
Coste: 48988

GENERACION: 660
Mejor Solucion:  6 8 17 22 1 12 49 39 24 25 11 18 14 23 2 10 40 31 30 0 7 42 35 48 46 43 5 15 9 47 19 33 36 38 37 41 27 29 13 21 26 32 16 3 44 4 20 28 34 45
Coste: 48988

GENERACION: 665
Mejor Solucion:  6 8 17 22 1 12 49 39 24 25 11 18 14 23 2 10 40 31 30 0 7 42 35 48 46 43 5 15 9 47 19 33 36 38 37 41 27 29 13 21 26 32 16 3 44 4 20 28 34 45
Coste: 48988

GENERACION: 670
Mejor Solucion:  6 8 17 22 1 12 49 39 24 25 11 18 14 23 2 10 40 31 30 0 7 42 35 48 46 43 5 15 9 47 19 33 36 38 37 41 27 29 13 21 26 32 16 3 44 4 20 28 34 45
Coste: 48988

GENERACION: 675
Mejor Solucion:  6 8 17 22 1 12 49 39 24 25 11 18 14 23 2 10 40 31 30 0 7 42 35 48 46 43 5 15 9 47 19 33 36 38 37 41 27 29 13 21 26 32 16 3 44 4 20 28 34 45
Coste: 48988

GENERACION: 680
Mejor Solucion:  6 8 17 22 1 12 49 39 24 25 11 18 14 23 2 10 40 31 30 0 7 42 35 48 46 43 5 15 9 47 19 33 36 38 37 41 27 29 13 21 26 32 16 3 44 4 20 28 34 45
Coste: 48988

GENERACION: 685
Mejor Solucion:  6 8 17 22 1 12 49 39 24 25 11 18 14 23 2 10 40 31 30 0 7 42 35 48 46 43 5 15 9 47 19 33 36 38 37 41 27 29 13 21 26 32 16 3 44 4 20 28 34 45
Coste: 48988

GENERACION: 690
Mejor Solucion:  6 8 14 22 17 1 39 49 12 25 11 18 10 2 23 40 31 5 24 0 19 7 30 37 46 48 43 15 9 47 33 42 35 36 38 41 29 27 20 21 26 32 16 3 44 4 34 28 13 45
Coste: 48975

GENERACION: 695
Mejor Solucion:  6 8 14 22 17 1 39 49 12 25 11 18 10 2 23 40 31 5 24 0 19 7 30 37 46 48 43 15 9 47 33 42 35 36 38 41 29 27 20 21 26 32 16 3 44 4 34 28 13 45
Coste: 48975

GENERACION: 700
Mejor Solucion:  6 8 14 22 17 1 39 49 12 25 11 18 10 2 23 40 31 5 24 0 19 7 30 37 46 48 43 15 9 47 33 42 35 36 38 41 29 27 20 21 26 32 16 3 44 4 34 28 13 45
Coste: 48975

GENERACION: 705
Mejor Solucion:  6 8 14 22 17 1 39 49 12 25 11 18 10 2 23 40 31 5 24 0 19 7 30 37 46 48 43 15 9 47 33 42 35 36 38 41 29 27 20 21 26 32 16 3 44 4 34 28 13 45
Coste: 48975

GENERACION: 710
Mejor Solucion:  6 8 14 22 17 1 39 49 12 25 11 18 10 2 23 40 31 5 24 0 19 7 30 37 46 48 43 15 9 47 33 42 35 36 38 41 29 27 20 21 26 32 16 3 44 4 34 28 13 45
Coste: 48975

GENERACION: 715
Mejor Solucion:  6 8 14 22 17 1 39 49 12 25 11 18 10 2 23 40 31 5 24 0 19 7 30 37 46 48 43 15 9 47 33 42 35 36 38 41 29 27 20 21 26 32 16 3 44 4 34 28 13 45
Coste: 48975

GENERACION: 720
Mejor Solucion:  6 8 14 22 17 1 39 49 12 25 11 18 10 2 23 40 31 5 24 0 19 7 30 37 46 48 43 15 9 47 33 42 35 36 38 41 29 27 20 21 26 32 16 3 44 4 34 28 13 45
Coste: 48975

GENERACION: 725
Mejor Solucion:  6 8 14 22 17 1 39 49 12 25 11 18 10 2 23 40 31 5 24 0 19 7 30 37 46 48 43 15 9 47 33 42 35 36 38 41 29 27 20 21 26 32 16 3 44 4 34 28 13 45
Coste: 48975

GENERACION: 730
Mejor Solucion:  6 8 14 22 17 1 39 49 12 25 11 18 10 2 23 40 31 5 24 0 19 7 30 37 46 48 43 15 9 47 33 42 35 36 38 41 29 27 20 21 26 32 16 3 44 4 34 28 13 45
Coste: 48975

GENERACION: 735
Mejor Solucion:  6 8 14 22 17 1 39 49 12 25 11 18 10 2 23 40 31 5 24 0 19 7 30 37 46 48 43 15 9 47 33 42 35 36 38 41 29 27 20 21 26 32 16 3 44 4 34 28 13 45
Coste: 48975

GENERACION: 740
Mejor Solucion:  6 8 14 22 17 1 39 49 12 25 11 18 10 2 23 40 31 5 24 0 19 7 30 37 46 48 43 15 9 47 33 42 35 36 38 41 29 27 20 21 26 32 16 3 44 4 34 28 13 45
Coste: 48975

GENERACION: 745
Mejor Solucion:  6 8 14 22 17 1 39 49 12 25 11 18 10 2 23 40 31 5 24 0 19 7 30 37 46 48 43 15 9 47 33 42 35 36 38 41 29 27 20 21 26 32 16 3 44 4 34 28 13 45
Coste: 48975

GENERACION: 750
Mejor Solucion:  6 8 14 22 17 1 39 49 12 25 11 18 10 2 23 40 31 5 24 0 19 7 30 37 46 48 43 15 9 47 33 42 35 36 38 41 29 27 20 21 26 32 16 3 44 4 34 28 13 45
Coste: 48975

GENERACION: 755
Mejor Solucion:  6 8 14 22 17 1 39 49 12 25 11 18 10 2 23 40 31 5 24 0 19 7 30 37 46 48 43 15 9 47 33 42 35 36 38 41 29 27 20 21 26 32 16 3 44 4 34 28 13 45
Coste: 48975

GENERACION: 760
Mejor Solucion:  6 8 14 22 17 1 39 49 12 25 11 18 10 2 23 40 31 5 24 0 19 7 30 37 46 48 43 15 9 47 33 42 35 36 38 41 29 27 20 21 26 32 16 3 44 4 34 28 13 45
Coste: 48975

GENERACION: 765
Mejor Solucion:  6 8 14 22 17 1 39 49 12 25 11 18 10 2 23 40 31 5 24 0 19 7 30 37 46 48 43 15 9 47 33 42 35 36 38 41 29 27 20 21 26 32 16 3 44 4 34 28 13 45
Coste: 48975

GENERACION: 770
Mejor Solucion:  6 8 14 22 17 1 39 49 12 25 11 18 10 2 23 40 31 5 24 0 19 7 30 37 46 48 43 15 9 47 33 42 35 36 38 41 29 27 20 21 26 32 16 3 44 4 34 28 13 45
Coste: 48975

GENERACION: 775
Mejor Solucion:  6 8 14 22 17 1 39 49 12 25 11 18 10 2 23 40 31 5 24 0 19 7 30 37 46 48 43 15 9 47 33 42 35 36 38 41 29 27 20 21 26 32 16 3 44 4 34 28 13 45
Coste: 48975

GENERACION: 780
Mejor Solucion:  6 8 14 22 17 1 39 49 12 25 11 18 10 2 23 40 31 5 24 0 19 7 30 37 46 48 43 15 9 47 33 42 35 36 38 41 29 27 20 21 26 32 16 3 44 4 34 28 13 45
Coste: 48975

GENERACION: 785
Mejor Solucion:  6 8 14 22 17 1 39 49 12 25 11 18 10 2 23 40 31 5 24 0 19 7 30 37 46 48 43 15 9 47 33 42 35 36 38 41 29 27 20 21 26 32 16 3 44 4 34 28 13 45
Coste: 48975

GENERACION: 790
Mejor Solucion:  6 8 17 14 2 10 30 49 24 25 19 18 1 23 46 40 31 39 12 0 11 7 22 48 37 43 15 5 9 47 33 42 35 38 36 41 29 27 20 21 26 32 44 16 3 4 28 34 13 45
Coste: 48952

GENERACION: 795
Mejor Solucion:  6 8 17 14 2 10 30 49 24 25 19 18 1 23 46 40 31 39 12 0 11 7 22 48 37 43 15 5 9 47 33 42 35 38 36 41 29 27 20 21 26 32 44 16 3 4 28 34 13 45
Coste: 48952

GENERACION: 800
Mejor Solucion:  6 8 17 14 2 10 30 49 24 25 19 18 1 23 46 40 31 39 12 0 11 7 22 48 37 43 15 5 9 47 33 42 35 38 36 41 29 27 20 21 26 32 44 16 3 4 28 34 13 45
Coste: 48952

GENERACION: 805
Mejor Solucion:  6 8 17 14 2 10 30 49 24 25 19 18 1 23 46 40 31 39 12 0 11 7 22 48 37 43 15 5 9 47 33 42 35 38 36 41 29 27 20 21 26 32 44 16 3 4 28 34 13 45
Coste: 48952

GENERACION: 810
Mejor Solucion:  6 8 17 14 2 10 30 49 24 25 19 18 1 23 46 40 31 39 12 0 11 7 22 48 37 43 15 5 9 47 33 42 35 38 36 41 29 27 20 21 26 32 44 16 3 4 28 34 13 45
Coste: 48952

GENERACION: 815
Mejor Solucion:  6 8 17 14 2 10 30 49 24 25 19 18 1 23 46 40 31 39 12 0 11 7 22 48 37 43 15 5 9 47 33 42 35 38 36 41 29 27 20 21 26 32 44 16 3 4 28 34 13 45
Coste: 48952

GENERACION: 820
Mejor Solucion:  6 8 17 14 2 10 30 49 24 25 19 18 1 23 46 40 31 39 12 0 11 7 22 48 37 43 15 5 9 47 33 42 35 38 36 41 29 27 20 21 26 32 44 16 3 4 28 34 13 45
Coste: 48952

GENERACION: 825
Mejor Solucion:  6 8 17 14 2 10 30 49 24 25 19 18 1 23 46 40 31 39 12 0 11 7 22 48 37 43 15 5 9 47 33 42 35 38 36 41 29 27 20 21 26 32 44 16 3 4 28 34 13 45
Coste: 48952

GENERACION: 830
Mejor Solucion:  6 8 17 14 2 10 30 49 24 25 19 18 1 23 46 40 31 39 12 0 11 7 22 48 37 43 15 5 9 47 33 42 35 38 36 41 29 27 20 21 26 32 44 16 3 4 28 34 13 45
Coste: 48952

GENERACION: 835
Mejor Solucion:  6 8 17 14 2 10 30 49 24 25 19 18 1 23 46 40 31 39 12 0 11 7 22 48 37 43 15 5 9 47 33 42 35 38 36 41 29 27 20 21 26 32 44 16 3 4 28 34 13 45
Coste: 48952

GENERACION: 840
Mejor Solucion:  6 8 17 14 2 10 30 49 24 25 19 18 1 23 46 40 31 39 12 0 11 7 22 48 37 43 15 5 9 47 33 42 35 38 36 41 29 27 20 21 26 32 44 16 3 4 28 34 13 45
Coste: 48952

GENERACION: 845
Mejor Solucion:  6 8 17 14 2 10 30 49 24 25 19 18 1 23 46 40 31 39 12 0 11 7 22 48 37 43 15 5 9 47 33 42 35 38 36 41 29 27 20 21 26 32 44 16 3 4 28 34 13 45
Coste: 48952

GENERACION: 850
Mejor Solucion:  6 8 17 14 2 10 30 49 24 25 19 18 1 23 46 40 31 39 12 0 11 7 22 48 37 43 15 5 9 47 33 42 35 38 36 41 29 27 20 21 26 32 44 16 3 4 28 34 13 45
Coste: 48952

GENERACION: 855
Mejor Solucion:  6 8 17 14 2 10 30 49 24 25 19 18 1 23 46 40 31 39 12 0 11 7 22 48 37 43 15 5 9 47 33 42 35 38 36 41 29 27 20 21 26 32 44 16 3 4 28 34 13 45
Coste: 48952

GENERACION: 860
Mejor Solucion:  6 8 17 14 2 10 30 49 24 25 19 18 1 23 46 40 31 39 12 0 11 7 22 48 37 43 15 5 9 47 33 42 35 38 36 41 29 27 20 21 26 32 44 16 3 4 28 34 13 45
Coste: 48952

GENERACION: 865
Mejor Solucion:  6 8 17 14 2 10 30 49 24 25 19 18 1 23 46 40 31 39 12 0 11 7 22 48 37 43 15 5 9 47 33 42 35 38 36 41 29 27 20 21 26 32 44 16 3 4 28 34 13 45
Coste: 48952

GENERACION: 870
Mejor Solucion:  6 8 17 14 2 10 30 49 24 25 19 18 1 23 46 40 31 39 12 0 11 7 22 48 37 43 15 5 9 47 33 42 35 38 36 41 29 27 20 21 26 32 44 16 3 4 28 34 13 45
Coste: 48952

GENERACION: 875
Mejor Solucion:  6 8 17 14 2 10 30 49 24 25 19 18 1 23 46 40 31 39 12 0 11 7 22 48 37 43 15 5 9 47 33 42 35 38 36 41 29 27 20 21 26 32 44 16 3 4 28 34 13 45
Coste: 48952

GENERACION: 880
Mejor Solucion:  6 8 17 14 2 10 30 49 24 25 19 18 1 23 46 40 31 39 12 0 11 7 22 48 37 43 15 5 9 47 33 42 35 38 36 41 29 27 20 21 26 32 44 16 3 4 28 34 13 45
Coste: 48952

GENERACION: 885
Mejor Solucion:  6 8 17 14 2 10 30 49 24 25 19 18 1 23 46 40 31 39 12 0 11 7 22 48 37 43 15 5 9 47 33 42 35 38 36 41 29 27 20 21 26 32 44 16 3 4 28 34 13 45
Coste: 48952

GENERACION: 890
Mejor Solucion:  6 8 17 14 2 10 30 49 24 25 19 18 1 23 46 40 31 39 12 0 11 7 22 48 37 43 15 5 9 47 33 42 35 38 36 41 29 27 20 21 26 32 44 16 3 4 28 34 13 45
Coste: 48952

GENERACION: 895
Mejor Solucion:  6 8 17 14 2 10 30 49 24 25 19 18 1 23 46 40 31 39 12 0 11 7 22 48 37 43 15 5 9 47 33 42 35 38 36 41 29 27 20 21 26 32 44 16 3 4 28 34 13 45
Coste: 48952

GENERACION: 900
Mejor Solucion:  6 8 17 14 2 10 30 49 24 25 19 18 1 23 46 40 31 39 12 0 11 7 22 48 37 43 15 5 9 47 33 42 35 38 36 41 29 27 20 21 26 32 44 16 3 4 28 34 13 45
Coste: 48952

GENERACION: 905
Mejor Solucion:  6 8 17 14 2 10 30 49 24 25 19 18 1 23 46 40 31 39 12 0 11 7 22 48 37 43 15 5 9 47 33 42 35 38 36 41 29 27 20 21 26 32 44 16 3 4 28 34 13 45
Coste: 48952

GENERACION: 910
Mejor Solucion:  6 8 17 14 2 10 30 49 24 25 19 18 1 23 46 40 31 39 12 0 11 7 22 48 37 43 15 5 9 47 33 42 35 38 36 41 29 27 20 21 26 32 44 16 3 4 28 34 13 45
Coste: 48952

GENERACION: 915
Mejor Solucion:  6 8 17 14 2 10 30 49 24 25 19 18 1 23 46 40 31 39 12 0 11 7 22 48 37 43 15 5 9 47 33 42 35 38 36 41 29 27 20 21 26 32 44 16 3 4 28 34 13 45
Coste: 48952

GENERACION: 920
Mejor Solucion:  6 8 17 14 2 10 30 49 24 25 19 18 1 23 46 40 31 39 12 0 11 7 22 48 37 43 15 5 9 47 33 42 35 38 36 41 29 27 20 21 26 32 44 16 3 4 28 34 13 45
Coste: 48952

GENERACION: 925
Mejor Solucion:  6 8 17 14 2 10 30 49 24 25 19 18 1 23 46 40 31 39 12 0 11 7 22 48 37 43 15 5 9 47 33 42 35 38 36 41 29 27 20 21 26 32 44 16 3 4 28 34 13 45
Coste: 48952

GENERACION: 930
Mejor Solucion:  6 8 17 14 2 10 30 49 24 25 19 18 1 23 46 40 31 39 12 0 11 7 22 48 37 43 15 5 9 47 33 42 35 38 36 41 29 27 20 21 26 32 44 16 3 4 28 34 13 45
Coste: 48952

GENERACION: 935
Mejor Solucion:  6 8 17 14 2 10 30 49 24 25 19 18 1 23 46 40 31 39 12 0 11 7 22 48 37 43 15 5 9 47 33 42 35 38 36 41 29 27 20 21 26 32 44 16 3 4 28 34 13 45
Coste: 48952

GENERACION: 940
Mejor Solucion:  6 8 17 14 2 10 30 49 24 25 19 18 1 23 46 40 31 39 12 0 11 7 22 48 37 43 15 5 9 47 33 42 35 38 36 41 29 27 20 21 26 32 44 16 3 4 28 34 13 45
Coste: 48952

GENERACION: 945
Mejor Solucion:  6 8 17 14 2 10 30 49 24 25 19 18 1 23 46 40 31 39 12 0 11 7 22 48 37 43 15 5 9 47 33 42 35 38 36 41 29 27 20 21 26 32 44 16 3 4 28 34 13 45
Coste: 48952

GENERACION: 950
Mejor Solucion:  6 8 17 14 2 10 30 49 24 25 19 18 1 23 46 40 31 39 12 0 11 7 22 48 37 43 15 5 9 47 33 42 35 38 36 41 29 27 20 21 26 32 44 16 3 4 28 34 13 45
Coste: 48952

GENERACION: 955
Mejor Solucion:  6 8 17 14 2 10 30 49 24 25 19 18 1 23 46 40 31 39 12 0 11 7 22 48 37 43 15 5 9 47 33 42 35 38 36 41 29 27 20 21 26 32 44 16 3 4 28 34 13 45
Coste: 48952

GENERACION: 960
Mejor Solucion:  6 8 17 14 2 10 30 49 24 25 19 18 1 23 46 40 31 39 12 0 11 7 22 48 37 43 15 5 9 47 33 42 35 38 36 41 29 27 20 21 26 32 44 16 3 4 28 34 13 45
Coste: 48952

GENERACION: 965
Mejor Solucion:  6 8 17 14 2 10 30 49 24 25 19 18 1 23 46 40 31 39 12 0 11 7 22 48 37 43 15 5 9 47 33 42 35 38 36 41 29 27 20 21 26 32 44 16 3 4 28 34 13 45
Coste: 48952

GENERACION: 970
Mejor Solucion:  6 8 17 14 2 10 30 49 24 25 19 18 1 23 46 40 31 39 12 0 11 7 22 48 37 43 15 5 9 47 33 42 35 38 36 41 29 27 20 21 26 32 44 16 3 4 28 34 13 45
Coste: 48952

GENERACION: 975
Mejor Solucion:  6 8 17 14 2 10 30 49 24 25 19 18 1 23 46 40 31 39 12 0 11 7 22 48 37 43 15 5 9 47 33 42 35 38 36 41 29 27 20 21 26 32 44 16 3 4 28 34 13 45
Coste: 48952

GENERACION: 980
Mejor Solucion:  6 8 17 14 2 10 30 49 24 25 19 18 1 23 46 40 31 39 12 0 11 7 22 48 37 43 15 5 9 47 33 42 35 38 36 41 29 27 20 21 26 32 44 16 3 4 28 34 13 45
Coste: 48952

GENERACION: 985
Mejor Solucion:  6 8 17 14 2 10 30 49 24 25 19 18 1 23 46 40 31 39 12 0 11 7 22 48 37 43 15 5 9 47 33 42 35 38 36 41 29 27 20 21 26 32 44 16 3 4 28 34 13 45
Coste: 48952

GENERACION: 990
Mejor Solucion:  6 8 17 14 2 10 30 49 24 25 19 18 1 23 46 40 31 39 12 0 11 7 22 48 37 43 15 5 9 47 33 42 35 38 36 41 29 27 20 21 26 32 44 16 3 4 28 34 13 45
Coste: 48952

GENERACION: 995
Mejor Solucion:  6 8 17 14 2 10 30 49 24 25 19 18 1 23 46 40 31 39 12 0 11 7 22 48 37 43 15 5 9 47 33 42 35 38 36 41 29 27 20 21 26 32 44 16 3 4 28 34 13 45
Coste: 48952

GENERACION: 1000
Mejor Solucion:  6 8 17 14 2 10 30 49 24 25 19 18 1 23 46 40 31 39 12 0 11 7 22 48 37 43 15 5 9 47 33 42 35 38 36 41 29 27 20 21 26 32 44 16 3 4 28 34 13 45
Coste: 48952

