GENERACION: 5
Mejor Solucion:  24 25 32 36 0 8 44 19 22 31 11 9 20 33 49 17 3 34 7 21 28 16 26 47 10 40 30 39 45 14 23 4 15 41 13 37 46 42 12 35 2 27 1 48 5 43 38 6 18 29
Coste: 54874

GENERACION: 10
Mejor Solucion:  45 20 13 28 4 3 35 32 47 26 21 9 27 41 38 36 16 33 17 25 34 5 43 40 44 48 7 42 10 6 29 15 49 31 37 23 22 30 11 19 0 12 39 1 46 2 14 18 8 24
Coste: 52139

GENERACION: 15
Mejor Solucion:  45 20 13 28 4 3 35 32 47 26 21 9 27 41 38 36 16 24 17 25 34 5 43 40 44 48 7 42 10 6 29 15 2 31 37 23 8 30 11 19 0 12 39 1 46 49 14 18 22 33
Coste: 49436

GENERACION: 20
Mejor Solucion:  45 20 13 28 4 3 35 47 17 26 21 9 27 41 48 38 16 33 6 25 34 5 49 43 44 36 32 22 42 11 29 15 31 40 37 23 7 30 10 19 0 12 39 1 46 2 14 18 8 24
Coste: 49125

GENERACION: 25
Mejor Solucion:  45 20 13 28 4 3 35 47 17 26 21 9 27 41 48 38 16 33 6 25 34 5 49 43 44 36 32 22 42 11 29 15 31 40 37 23 7 30 10 19 0 12 39 1 46 2 14 18 8 24
Coste: 49125

GENERACION: 30
Mejor Solucion:  45 20 13 28 4 3 35 47 17 26 21 9 27 41 38 36 16 33 42 6 34 5 49 43 44 48 7 32 10 25 29 15 31 40 37 23 22 30 11 19 0 12 39 1 46 2 14 18 8 24
Coste: 49068

GENERACION: 35
Mejor Solucion:  45 20 13 28 4 3 35 47 17 26 21 9 27 41 38 36 16 33 42 6 34 5 49 43 44 48 7 32 10 25 29 15 31 40 37 23 22 30 11 19 0 12 39 1 46 2 14 18 8 24
Coste: 49068

GENERACION: 40
Mejor Solucion:  45 20 13 28 4 3 35 47 17 26 21 9 27 41 38 36 16 33 42 6 34 5 49 43 44 48 7 32 10 25 29 15 31 40 37 23 22 30 11 19 0 12 39 1 46 2 14 18 8 24
Coste: 49068

GENERACION: 45
Mejor Solucion:  45 20 13 28 4 3 35 47 17 26 21 9 27 41 38 36 16 33 42 6 34 5 49 43 44 48 7 32 10 25 29 15 31 40 37 23 22 30 11 19 0 12 39 1 46 2 14 18 8 24
Coste: 49068

GENERACION: 50
Mejor Solucion:  45 20 13 28 4 3 35 47 17 26 21 9 27 41 38 36 16 33 42 6 34 5 49 43 44 48 7 32 10 25 29 15 31 40 37 23 22 30 11 19 0 12 39 1 46 2 14 18 8 24
Coste: 49068

GENERACION: 55
Mejor Solucion:  45 20 13 28 4 3 35 47 17 26 21 9 27 41 38 36 16 33 42 6 34 5 49 43 44 48 7 32 10 25 29 15 31 40 37 23 22 30 11 19 0 12 39 1 46 2 14 18 8 24
Coste: 49068

GENERACION: 60
Mejor Solucion:  45 20 13 28 4 3 35 47 17 26 21 9 27 41 38 36 16 33 42 6 34 5 49 43 44 48 7 32 10 25 29 15 31 40 37 23 22 30 11 19 0 12 39 1 46 2 14 18 8 24
Coste: 49068

GENERACION: 65
Mejor Solucion:  45 20 13 28 4 3 35 47 17 26 21 9 27 41 38 36 16 33 42 6 34 5 49 43 44 48 7 32 10 25 29 15 31 40 37 23 22 30 11 19 0 12 39 1 46 2 14 18 8 24
Coste: 49068

GENERACION: 70
Mejor Solucion:  45 20 13 28 4 3 35 47 17 26 21 9 27 41 38 36 16 33 42 6 34 5 49 43 44 48 7 32 10 25 29 15 31 40 37 23 22 30 11 19 0 12 39 1 46 2 14 18 8 24
Coste: 49068

GENERACION: 75
Mejor Solucion:  45 20 13 28 4 3 35 47 17 26 21 9 27 41 38 36 16 33 42 6 34 5 49 43 44 48 7 32 10 25 29 15 31 40 37 23 22 30 11 19 0 12 39 1 46 2 14 18 8 24
Coste: 49068

GENERACION: 80
Mejor Solucion:  45 34 28 4 44 3 16 35 47 26 21 20 27 41 38 36 32 33 42 17 9 15 29 43 37 48 7 30 22 6 13 5 31 46 40 23 10 18 11 19 0 12 49 39 1 2 14 8 24 25
Coste: 49004

GENERACION: 85
Mejor Solucion:  45 34 28 4 44 3 16 35 47 26 21 20 27 41 38 36 32 33 42 17 9 15 29 43 37 48 7 30 22 6 13 5 31 46 40 23 10 18 11 19 0 12 49 39 1 2 14 8 24 25
Coste: 49004

GENERACION: 90
Mejor Solucion:  45 34 28 4 44 3 16 35 47 26 21 20 27 41 38 36 32 33 42 17 9 15 29 43 37 48 7 30 22 6 13 5 31 46 40 23 10 18 11 19 0 12 49 39 1 2 14 8 24 25
Coste: 49004

GENERACION: 95
Mejor Solucion:  45 34 28 4 44 3 16 35 47 26 21 20 27 41 38 36 32 33 42 17 9 15 29 43 37 48 7 30 22 6 13 5 31 46 40 23 10 18 11 19 0 12 49 39 1 2 14 8 24 25
Coste: 49004

GENERACION: 100
Mejor Solucion:  45 34 28 4 44 3 16 35 47 26 21 20 27 41 38 36 32 33 42 17 9 15 29 43 37 48 7 30 22 6 13 5 31 46 40 23 10 18 11 19 0 12 49 39 1 2 14 8 24 25
Coste: 49004

GENERACION: 105
Mejor Solucion:  45 34 28 4 44 3 16 35 47 26 21 20 27 41 38 36 32 33 42 17 9 15 29 43 37 48 7 30 22 6 13 5 31 46 40 23 10 18 11 19 0 12 49 39 1 2 14 8 24 25
Coste: 49004

GENERACION: 110
Mejor Solucion:  45 34 28 4 44 3 16 35 47 26 21 20 27 41 38 36 32 33 42 17 9 15 29 43 37 48 7 30 22 6 13 5 31 46 40 23 10 18 11 19 0 12 49 39 1 2 14 8 24 25
Coste: 49004

GENERACION: 115
Mejor Solucion:  45 34 28 4 44 3 16 35 47 26 21 20 27 41 38 36 32 33 42 17 9 15 29 43 37 48 7 30 22 6 13 5 31 46 40 23 10 18 11 19 0 12 49 39 1 2 14 8 24 25
Coste: 49004

GENERACION: 120
Mejor Solucion:  45 34 28 4 44 3 16 35 47 26 21 20 27 41 38 36 32 33 42 17 9 15 29 43 37 48 7 30 22 6 13 5 31 46 40 23 10 18 11 19 0 12 49 39 1 2 14 8 24 25
Coste: 49004

GENERACION: 125
Mejor Solucion:  45 34 28 4 44 3 16 35 47 26 21 20 27 41 38 36 32 33 42 17 9 15 29 43 37 48 7 30 22 6 13 5 31 46 40 23 10 18 11 19 0 12 49 39 1 2 14 8 24 25
Coste: 49004

GENERACION: 130
Mejor Solucion:  45 34 28 4 44 3 16 35 47 26 21 20 27 41 38 36 32 33 42 17 9 15 29 43 37 48 7 30 22 6 13 5 31 46 40 23 10 18 11 19 0 12 49 39 1 2 14 8 24 25
Coste: 49004

GENERACION: 135
Mejor Solucion:  45 34 28 4 44 3 16 35 47 26 21 20 27 41 38 36 32 33 42 17 9 15 29 43 37 48 7 30 22 6 13 5 31 46 40 23 10 18 11 19 0 12 49 39 1 2 14 8 24 25
Coste: 49004

GENERACION: 140
Mejor Solucion:  45 34 28 4 44 3 16 35 47 26 21 20 27 41 38 36 32 33 42 17 9 15 29 43 37 48 7 30 22 6 13 5 31 46 40 23 10 18 11 19 0 12 49 39 1 2 14 8 24 25
Coste: 49004

GENERACION: 145
Mejor Solucion:  45 34 28 4 44 3 16 35 47 26 21 20 27 41 38 36 32 33 42 17 9 15 29 43 37 48 7 30 22 6 13 5 31 46 40 23 10 18 11 19 0 12 49 39 1 2 14 8 24 25
Coste: 49004

GENERACION: 150
Mejor Solucion:  45 34 28 4 44 3 16 35 47 26 21 20 27 41 38 36 32 33 42 17 9 15 29 43 37 48 7 30 22 6 13 5 31 46 40 23 10 18 11 19 0 12 49 39 1 2 14 8 24 25
Coste: 49004

GENERACION: 155
Mejor Solucion:  45 34 28 4 44 3 16 35 47 26 21 20 27 41 38 36 32 33 42 17 9 15 29 43 37 48 7 30 22 6 13 5 31 46 40 23 10 18 11 19 0 12 49 39 1 2 14 8 24 25
Coste: 49004

GENERACION: 160
Mejor Solucion:  45 34 28 4 44 3 16 35 47 26 21 20 27 41 38 36 32 33 42 17 9 15 29 43 37 48 7 30 22 6 13 5 31 46 40 23 10 18 11 19 0 12 49 39 1 2 14 8 24 25
Coste: 49004

GENERACION: 165
Mejor Solucion:  45 34 28 4 44 3 16 35 47 26 21 20 27 41 38 36 32 33 42 17 9 15 29 43 37 48 7 30 22 6 13 5 31 46 40 23 10 18 11 19 0 12 49 39 1 2 14 8 24 25
Coste: 49004

GENERACION: 170
Mejor Solucion:  45 34 28 4 44 3 16 35 47 26 21 20 27 41 38 36 32 33 42 17 9 15 29 43 37 48 7 30 22 6 13 5 31 46 40 23 10 18 11 19 0 12 49 39 1 2 14 8 24 25
Coste: 49004

GENERACION: 175
Mejor Solucion:  45 34 28 4 44 3 16 35 47 26 21 20 27 41 38 36 32 33 42 17 9 15 29 43 37 48 7 30 22 6 13 5 31 46 40 23 10 18 11 19 0 12 49 39 1 2 14 8 24 25
Coste: 49004

GENERACION: 180
Mejor Solucion:  45 34 28 4 44 3 16 35 47 26 21 20 27 41 38 36 32 33 42 17 9 15 29 43 37 48 7 30 22 6 13 5 31 46 40 23 10 18 11 19 0 12 49 39 1 2 14 8 24 25
Coste: 49004

GENERACION: 185
Mejor Solucion:  45 34 28 4 44 3 16 35 47 26 21 20 27 41 38 36 32 33 42 17 9 15 29 43 37 48 7 30 22 6 13 5 31 46 40 23 10 18 11 19 0 12 49 39 1 2 14 8 24 25
Coste: 49004

GENERACION: 190
Mejor Solucion:  45 34 28 4 44 3 16 35 47 26 21 20 27 41 38 36 32 33 42 17 9 15 29 43 37 48 7 30 22 6 13 5 31 46 40 23 10 18 11 19 0 12 49 39 1 2 14 8 24 25
Coste: 49004

GENERACION: 195
Mejor Solucion:  45 34 28 4 44 3 16 35 47 26 21 20 27 41 38 36 32 33 42 17 9 15 29 43 37 48 7 30 22 6 13 5 31 46 40 23 10 18 11 19 0 12 49 39 1 2 14 8 24 25
Coste: 49004

GENERACION: 200
Mejor Solucion:  45 34 28 4 44 3 16 35 47 26 21 20 27 41 38 36 32 33 42 17 9 15 29 43 37 48 7 30 22 6 13 5 31 46 40 23 10 18 11 19 0 12 49 39 1 2 14 8 24 25
Coste: 49004

GENERACION: 205
Mejor Solucion:  45 34 28 4 44 3 16 35 47 26 21 20 27 41 38 36 32 33 42 17 9 15 29 43 37 48 7 30 22 6 13 5 31 46 40 23 10 18 11 19 0 12 49 39 1 2 14 8 24 25
Coste: 49004

GENERACION: 210
Mejor Solucion:  45 34 28 4 44 3 16 35 47 26 21 20 27 41 38 36 32 33 42 17 9 15 29 43 37 48 7 30 22 6 13 5 31 46 40 23 10 18 11 19 0 12 49 39 1 2 14 8 24 25
Coste: 49004

GENERACION: 215
Mejor Solucion:  45 34 28 4 44 3 16 35 47 26 21 20 27 41 38 36 32 33 42 17 9 15 29 43 37 48 7 30 22 6 13 5 31 46 40 23 10 18 11 19 0 12 49 39 1 2 14 8 24 25
Coste: 49004

GENERACION: 220
Mejor Solucion:  45 34 28 4 44 3 16 35 47 26 21 20 27 41 38 36 32 33 42 17 9 15 29 43 37 48 7 30 22 6 13 5 31 46 40 23 10 18 11 19 0 12 49 39 1 2 14 8 24 25
Coste: 49004

GENERACION: 225
Mejor Solucion:  45 34 28 4 44 3 16 35 47 26 21 20 27 41 38 36 32 33 42 17 9 15 29 43 37 48 7 30 22 6 13 5 31 46 40 23 10 18 11 19 0 12 49 39 1 2 14 8 24 25
Coste: 49004

GENERACION: 230
Mejor Solucion:  45 34 28 4 44 3 16 35 47 26 21 20 27 41 38 36 32 33 42 17 9 15 29 43 37 48 7 30 22 6 13 5 31 46 40 23 10 18 11 19 0 12 49 39 1 2 14 8 24 25
Coste: 49004

GENERACION: 235
Mejor Solucion:  45 34 28 4 44 3 16 35 47 26 21 20 27 41 38 36 32 33 42 17 9 15 29 43 37 48 7 30 22 6 13 5 31 46 40 23 10 18 11 19 0 12 49 39 1 2 14 8 24 25
Coste: 49004

GENERACION: 240
Mejor Solucion:  45 34 28 4 44 3 16 35 47 26 21 20 27 41 38 36 32 33 42 17 9 15 29 43 37 48 7 30 22 6 13 5 31 46 40 23 10 18 11 19 0 12 49 39 1 2 14 8 24 25
Coste: 49004

GENERACION: 245
Mejor Solucion:  45 34 28 4 44 3 16 35 47 26 21 20 27 41 38 36 32 33 42 17 9 15 29 43 37 48 7 30 22 6 13 5 31 46 40 23 10 18 11 19 0 12 49 39 1 2 14 8 24 25
Coste: 49004

GENERACION: 250
Mejor Solucion:  45 34 28 4 44 3 16 35 47 26 21 20 27 41 38 36 32 33 42 17 9 15 29 43 37 48 7 30 22 6 13 5 31 46 40 23 10 18 11 19 0 12 49 39 1 2 14 8 24 25
Coste: 49004

GENERACION: 255
Mejor Solucion:  45 34 28 4 44 3 16 35 47 26 21 20 27 41 38 36 32 33 42 17 9 15 29 43 37 48 7 30 22 6 13 5 31 46 40 23 10 18 11 19 0 12 49 39 1 2 14 8 24 25
Coste: 49004

GENERACION: 260
Mejor Solucion:  45 34 28 4 44 3 16 35 47 26 21 20 27 41 38 36 32 33 42 17 9 15 29 43 37 48 7 30 22 6 13 5 31 46 40 23 10 18 11 19 0 12 49 39 1 2 14 8 24 25
Coste: 49004

GENERACION: 265
Mejor Solucion:  45 34 28 4 44 3 16 35 47 26 21 20 27 41 38 36 32 33 42 17 9 15 29 43 37 48 7 30 22 6 13 5 31 46 40 23 10 18 11 19 0 12 49 39 1 2 14 8 24 25
Coste: 49004

GENERACION: 270
Mejor Solucion:  45 34 28 4 44 3 16 35 47 26 21 20 27 41 38 36 32 33 42 17 9 15 29 43 37 48 7 30 22 6 13 5 31 46 40 23 10 18 11 19 0 12 49 39 1 2 14 8 24 25
Coste: 49004

GENERACION: 275
Mejor Solucion:  45 34 28 4 44 3 16 35 47 26 21 20 27 41 38 36 32 33 42 17 9 15 29 43 37 48 7 30 22 6 13 5 31 46 40 23 10 18 11 19 0 12 49 39 1 2 14 8 24 25
Coste: 49004

GENERACION: 280
Mejor Solucion:  45 34 28 4 44 3 16 35 47 26 21 20 27 41 38 36 32 33 42 17 9 15 29 43 37 48 7 30 22 6 13 5 31 46 40 23 10 18 11 19 0 12 49 39 1 2 14 8 24 25
Coste: 49004

GENERACION: 285
Mejor Solucion:  45 34 28 4 44 3 16 35 47 26 21 20 27 41 38 36 32 33 42 17 9 15 29 43 37 48 7 30 22 6 13 5 31 46 40 23 10 18 11 19 0 12 49 39 1 2 14 8 24 25
Coste: 49004

GENERACION: 290
Mejor Solucion:  45 34 28 4 44 3 16 35 47 26 21 20 27 41 38 36 32 33 42 17 9 15 29 43 37 48 7 30 22 6 13 5 31 46 40 23 10 18 11 19 0 12 49 39 1 2 14 8 24 25
Coste: 49004

GENERACION: 295
Mejor Solucion:  45 34 28 4 44 3 16 35 47 26 21 20 27 41 38 36 32 33 42 17 9 15 29 43 37 48 7 30 22 6 13 5 31 46 40 23 10 18 11 19 0 12 49 39 1 2 14 8 24 25
Coste: 49004

GENERACION: 300
Mejor Solucion:  45 34 28 4 44 3 16 35 47 26 21 20 27 41 38 36 32 33 42 17 9 15 29 43 37 48 7 30 22 6 13 5 31 46 40 23 10 18 11 19 0 12 49 39 1 2 14 8 24 25
Coste: 49004

GENERACION: 305
Mejor Solucion:  45 34 28 4 44 3 16 35 47 26 21 20 27 41 38 36 32 33 42 17 9 15 29 43 37 48 7 30 22 6 13 5 31 46 40 23 10 18 11 19 0 12 49 39 1 2 14 8 24 25
Coste: 49004

GENERACION: 310
Mejor Solucion:  45 34 28 4 44 3 16 35 47 26 21 20 27 41 38 36 32 33 42 17 9 15 29 43 37 48 7 30 22 6 13 5 31 46 40 23 10 18 11 19 0 12 49 39 1 2 14 8 24 25
Coste: 49004

GENERACION: 315
Mejor Solucion:  45 34 28 4 44 3 16 35 47 26 21 20 27 41 38 36 32 33 42 17 9 15 29 43 37 48 7 30 22 6 13 5 31 46 40 23 10 18 11 19 0 12 49 39 1 2 14 8 24 25
Coste: 49004

GENERACION: 320
Mejor Solucion:  45 34 28 4 44 3 16 35 47 26 21 20 27 41 38 36 32 33 42 17 9 15 29 43 37 48 7 30 22 6 13 5 31 46 40 23 10 18 11 19 0 12 49 39 1 2 14 8 24 25
Coste: 49004

GENERACION: 325
Mejor Solucion:  45 34 28 4 44 3 16 35 47 26 21 20 27 41 38 36 32 33 42 17 9 15 29 43 37 48 7 30 22 6 13 5 31 46 40 23 10 18 11 19 0 12 49 39 1 2 14 8 24 25
Coste: 49004

GENERACION: 330
Mejor Solucion:  45 34 28 4 44 3 16 35 47 26 21 20 27 41 38 36 32 33 42 17 9 15 29 43 37 48 7 30 22 6 13 5 31 46 40 23 10 18 11 19 0 12 49 39 1 2 14 8 24 25
Coste: 49004

GENERACION: 335
Mejor Solucion:  45 34 28 4 44 3 16 35 47 26 21 20 27 41 38 36 32 33 42 17 9 15 29 43 37 48 7 30 22 6 13 5 31 46 40 23 10 18 11 19 0 12 49 39 1 2 14 8 24 25
Coste: 49004

GENERACION: 340
Mejor Solucion:  45 34 28 4 44 3 16 35 47 26 21 20 27 41 38 36 32 33 42 17 9 15 29 43 37 48 7 30 22 6 13 5 31 46 40 23 10 18 11 19 0 12 49 39 1 2 14 8 24 25
Coste: 49004

GENERACION: 345
Mejor Solucion:  45 34 28 4 44 3 16 35 47 26 21 20 27 41 38 36 32 33 42 17 9 15 29 43 37 48 7 30 22 6 13 5 31 46 40 23 10 18 11 19 0 12 49 39 1 2 14 8 24 25
Coste: 49004

GENERACION: 350
Mejor Solucion:  45 34 28 4 44 3 16 35 47 26 21 20 27 41 38 36 32 33 42 17 9 15 29 43 37 48 7 30 22 6 13 5 31 46 40 23 10 18 11 19 0 12 49 39 1 2 14 8 24 25
Coste: 49004

GENERACION: 355
Mejor Solucion:  45 34 28 4 44 3 16 35 47 26 21 20 27 41 38 36 32 33 42 17 9 15 29 43 37 48 7 30 22 6 13 5 31 46 40 23 10 18 11 19 0 12 49 39 1 2 14 8 24 25
Coste: 49004

GENERACION: 360
Mejor Solucion:  45 34 28 4 44 3 16 35 47 26 21 20 27 41 38 36 32 33 42 17 9 15 29 43 37 48 7 30 22 6 13 5 31 46 40 23 10 18 11 19 0 12 49 39 1 2 14 8 24 25
Coste: 49004

GENERACION: 365
Mejor Solucion:  45 34 28 4 44 3 16 35 47 26 21 20 27 41 38 36 32 33 42 17 9 15 29 43 37 48 7 30 22 6 13 5 31 46 40 23 10 18 11 19 0 12 49 39 1 2 14 8 24 25
Coste: 49004

GENERACION: 370
Mejor Solucion:  45 34 28 4 44 3 16 35 47 26 21 20 27 41 38 36 32 33 42 17 9 15 29 43 37 48 7 30 22 6 13 5 31 46 40 23 10 18 11 19 0 12 49 39 1 2 14 8 24 25
Coste: 49004

GENERACION: 375
Mejor Solucion:  45 34 28 4 44 3 16 35 47 26 21 20 27 41 38 36 32 33 42 17 9 15 29 43 37 48 7 30 22 6 13 5 31 46 40 23 10 18 11 19 0 12 49 39 1 2 14 8 24 25
Coste: 49004

GENERACION: 380
Mejor Solucion:  45 34 28 4 44 3 16 35 47 26 21 20 27 41 38 36 32 33 42 17 9 15 29 43 37 48 7 30 22 6 13 5 31 46 40 23 10 18 11 19 0 12 49 39 1 2 14 8 24 25
Coste: 49004

GENERACION: 385
Mejor Solucion:  45 34 28 4 44 3 16 35 47 26 21 20 27 41 38 36 32 33 42 17 9 15 29 43 37 48 7 30 22 6 13 5 31 46 40 23 10 18 11 19 0 12 49 39 1 2 14 8 24 25
Coste: 49004

GENERACION: 390
Mejor Solucion:  45 34 28 4 44 3 16 35 47 26 21 20 27 41 38 36 32 33 42 17 9 15 29 43 37 48 7 30 22 6 13 5 31 46 40 23 10 18 11 19 0 12 49 39 1 2 14 8 24 25
Coste: 49004

GENERACION: 395
Mejor Solucion:  45 34 28 4 44 3 16 35 47 26 21 20 27 41 38 36 32 33 42 17 9 15 29 43 37 48 7 30 22 6 13 5 31 46 40 23 10 18 11 19 0 12 49 39 1 2 14 8 24 25
Coste: 49004

GENERACION: 400
Mejor Solucion:  45 34 28 4 44 3 16 35 47 26 21 20 27 41 38 36 32 33 42 17 9 15 29 43 37 48 7 30 22 6 13 5 31 46 40 23 10 18 11 19 0 12 49 39 1 2 14 8 24 25
Coste: 49004

GENERACION: 405
Mejor Solucion:  45 34 28 4 44 3 16 35 47 26 21 20 27 41 38 36 32 33 42 17 9 15 29 43 37 48 7 30 22 6 13 5 31 46 40 23 10 18 11 19 0 12 49 39 1 2 14 8 24 25
Coste: 49004

GENERACION: 410
Mejor Solucion:  45 34 28 4 44 3 16 35 47 26 21 20 27 41 38 36 32 33 42 17 9 15 29 43 37 48 7 30 22 6 13 5 31 46 40 23 10 18 11 19 0 12 49 39 1 2 14 8 24 25
Coste: 49004

GENERACION: 415
Mejor Solucion:  45 34 28 4 44 3 16 35 47 26 21 20 27 41 38 36 32 33 42 17 9 15 29 43 37 48 7 30 22 6 13 5 31 46 40 23 10 18 11 19 0 12 49 39 1 2 14 8 24 25
Coste: 49004

GENERACION: 420
Mejor Solucion:  45 34 28 4 44 3 16 35 47 26 21 20 27 41 38 36 32 33 42 17 9 15 29 43 37 48 7 30 22 6 13 5 31 46 40 23 10 18 11 19 0 12 49 39 1 2 14 8 24 25
Coste: 49004

GENERACION: 425
Mejor Solucion:  45 34 28 4 44 3 16 35 47 26 21 20 27 41 38 36 32 33 42 17 9 15 29 43 37 48 7 30 22 6 13 5 31 46 40 23 10 18 11 19 0 12 49 39 1 2 14 8 24 25
Coste: 49004

GENERACION: 430
Mejor Solucion:  45 34 28 4 44 3 16 35 47 26 21 20 27 41 38 36 32 33 42 17 9 15 29 43 37 48 7 30 22 6 13 5 31 46 40 23 10 18 11 19 0 12 49 39 1 2 14 8 24 25
Coste: 49004

GENERACION: 435
Mejor Solucion:  45 34 28 4 44 3 16 35 47 26 21 20 27 41 38 36 32 33 42 17 9 15 29 43 37 48 7 30 22 6 13 5 31 46 40 23 10 18 11 19 0 12 49 39 1 2 14 8 24 25
Coste: 49004

GENERACION: 440
Mejor Solucion:  45 34 28 4 44 3 16 35 47 26 21 20 27 41 38 36 32 33 42 17 9 15 29 43 37 48 7 30 22 6 13 5 31 46 40 23 10 18 11 19 0 12 49 39 1 2 14 8 24 25
Coste: 49004

GENERACION: 445
Mejor Solucion:  45 34 28 4 44 3 16 35 47 26 21 20 27 41 38 36 32 33 42 17 9 15 29 43 37 48 7 30 22 6 13 5 31 46 40 23 10 18 11 19 0 12 49 39 1 2 14 8 24 25
Coste: 49004

GENERACION: 450
Mejor Solucion:  45 34 28 4 44 3 16 35 47 26 21 20 27 41 38 36 32 33 42 17 9 15 29 43 37 48 7 30 22 6 13 5 31 46 40 23 10 18 11 19 0 12 49 39 1 2 14 8 24 25
Coste: 49004

GENERACION: 455
Mejor Solucion:  45 34 28 4 44 3 16 35 47 26 21 20 27 41 38 36 32 33 42 17 9 15 29 43 37 48 7 30 22 6 13 5 31 46 40 23 10 18 11 19 0 12 49 39 1 2 14 8 24 25
Coste: 49004

GENERACION: 460
Mejor Solucion:  45 34 28 4 44 3 16 35 47 26 21 20 27 41 38 36 32 33 42 17 9 15 29 43 37 48 7 30 22 6 13 5 31 46 40 23 10 18 11 19 0 12 49 39 1 2 14 8 24 25
Coste: 49004

GENERACION: 465
Mejor Solucion:  45 34 28 4 44 3 16 35 47 26 21 20 27 41 38 36 32 33 42 17 9 15 29 43 37 48 7 30 22 6 13 5 31 46 40 23 10 18 11 19 0 12 49 39 1 2 14 8 24 25
Coste: 49004

GENERACION: 470
Mejor Solucion:  45 34 28 4 44 3 16 35 47 26 21 20 27 41 38 36 32 33 42 17 9 15 29 43 37 48 7 30 22 6 13 5 31 46 40 23 10 18 11 19 0 12 49 39 1 2 14 8 24 25
Coste: 49004

GENERACION: 475
Mejor Solucion:  45 34 28 4 44 3 16 35 47 26 21 20 27 41 38 36 32 33 42 17 9 15 29 43 37 48 7 30 22 6 13 5 31 46 40 23 10 18 11 19 0 12 49 39 1 2 14 8 24 25
Coste: 49004

GENERACION: 480
Mejor Solucion:  45 34 28 4 44 3 16 35 47 26 21 20 27 41 38 36 32 33 42 17 9 15 29 43 37 48 7 30 22 6 13 5 31 46 40 23 10 18 11 19 0 12 49 39 1 2 14 8 24 25
Coste: 49004

GENERACION: 485
Mejor Solucion:  45 34 28 4 44 3 16 35 47 26 21 20 27 41 38 36 32 33 42 17 9 15 29 43 37 48 7 30 22 6 13 5 31 46 40 23 10 18 11 19 0 12 49 39 1 2 14 8 24 25
Coste: 49004

GENERACION: 490
Mejor Solucion:  45 34 28 4 44 3 16 35 47 26 21 20 27 41 38 36 32 33 42 17 9 15 29 43 37 48 7 30 22 6 13 5 31 46 40 23 10 18 11 19 0 12 49 39 1 2 14 8 24 25
Coste: 49004

GENERACION: 495
Mejor Solucion:  45 34 28 4 44 3 16 35 47 26 21 20 27 41 38 36 32 33 42 17 9 15 29 43 37 48 7 30 22 6 13 5 31 46 40 23 10 18 11 19 0 12 49 39 1 2 14 8 24 25
Coste: 49004

GENERACION: 500
Mejor Solucion:  45 34 28 4 44 3 16 35 47 26 21 20 27 41 38 36 32 33 42 17 9 15 29 43 37 48 7 30 22 6 13 5 31 46 40 23 10 18 11 19 0 12 49 39 1 2 14 8 24 25
Coste: 49004

GENERACION: 505
Mejor Solucion:  45 34 28 4 44 3 16 35 47 26 21 20 27 41 38 36 32 33 42 17 9 15 29 43 37 48 7 30 22 6 13 5 31 46 40 23 10 18 11 19 0 12 49 39 1 2 14 8 24 25
Coste: 49004

GENERACION: 510
Mejor Solucion:  45 34 28 4 44 3 16 35 47 26 21 20 27 41 38 36 32 33 42 17 9 15 29 43 37 48 7 30 22 6 13 5 31 46 40 23 10 18 11 19 0 12 49 39 1 2 14 8 24 25
Coste: 49004

GENERACION: 515
Mejor Solucion:  45 34 28 4 44 3 16 35 47 26 21 20 27 41 38 36 32 33 42 17 9 15 29 43 37 48 7 30 22 6 13 5 31 46 40 23 10 18 11 19 0 12 49 39 1 2 14 8 24 25
Coste: 49004

GENERACION: 520
Mejor Solucion:  45 34 28 4 44 3 16 35 47 26 21 20 27 41 38 36 32 33 42 17 9 15 29 43 37 48 7 30 22 6 13 5 31 46 40 23 10 18 11 19 0 12 49 39 1 2 14 8 24 25
Coste: 49004

GENERACION: 525
Mejor Solucion:  45 34 28 4 44 3 16 35 47 26 21 20 27 41 38 36 32 33 42 17 9 15 29 43 37 48 7 30 22 6 13 5 31 46 40 23 10 18 11 19 0 12 49 39 1 2 14 8 24 25
Coste: 49004

GENERACION: 530
Mejor Solucion:  45 34 28 4 44 3 16 35 47 26 21 20 27 41 38 36 32 33 42 17 9 15 29 43 37 48 7 30 22 6 13 5 31 46 40 23 10 18 11 19 0 12 49 39 1 2 14 8 24 25
Coste: 49004

GENERACION: 535
Mejor Solucion:  45 34 28 4 44 3 16 35 47 26 21 20 27 41 38 36 32 33 42 17 9 15 29 43 37 48 7 30 22 6 13 5 31 46 40 23 10 18 11 19 0 12 49 39 1 2 14 8 24 25
Coste: 49004

GENERACION: 540
Mejor Solucion:  45 34 27 5 41 3 36 16 33 19 21 28 20 29 10 44 38 35 42 7 13 9 15 4 43 48 37 32 18 6 0 47 31 30 40 23 2 14 22 11 25 24 49 39 12 1 46 17 8 26
Coste: 48988

GENERACION: 545
Mejor Solucion:  45 34 27 5 41 3 36 16 33 19 21 28 20 29 10 44 38 35 42 7 13 9 15 4 43 48 37 32 18 6 0 47 31 30 40 23 2 14 22 11 25 24 49 39 12 1 46 17 8 26
Coste: 48988

GENERACION: 550
Mejor Solucion:  45 34 27 5 41 3 36 16 33 19 21 28 20 29 10 44 38 35 42 7 13 9 15 4 43 48 37 32 18 6 0 47 31 30 40 23 2 14 22 11 25 24 49 39 12 1 46 17 8 26
Coste: 48988

GENERACION: 555
Mejor Solucion:  45 34 27 5 41 3 36 16 33 19 21 28 20 29 10 44 38 35 42 7 13 9 15 4 43 48 37 32 18 6 0 47 31 30 40 23 2 14 22 11 25 24 49 39 12 1 46 17 8 26
Coste: 48988

GENERACION: 560
Mejor Solucion:  45 34 27 5 41 3 36 16 33 19 21 28 20 29 10 44 38 35 42 7 13 9 15 4 43 48 37 32 18 6 0 47 31 30 40 23 2 14 22 11 25 24 49 39 12 1 46 17 8 26
Coste: 48988

GENERACION: 565
Mejor Solucion:  45 34 27 5 41 3 36 16 33 19 21 28 20 29 10 44 38 35 42 7 13 9 15 4 43 48 37 32 18 6 0 47 31 30 40 23 2 14 22 11 25 24 49 39 12 1 46 17 8 26
Coste: 48988

GENERACION: 570
Mejor Solucion:  45 34 27 5 41 3 36 16 33 19 21 28 20 29 10 44 38 35 42 7 13 9 15 4 43 48 37 32 18 6 0 47 31 30 40 23 2 14 22 11 25 24 49 39 12 1 46 17 8 26
Coste: 48988

GENERACION: 575
Mejor Solucion:  45 34 27 5 41 3 36 16 33 19 21 28 20 29 10 44 38 35 42 7 13 9 15 4 43 48 37 32 18 6 0 47 31 30 40 23 2 14 22 11 25 24 49 39 12 1 46 17 8 26
Coste: 48988

GENERACION: 580
Mejor Solucion:  45 34 27 5 41 3 36 16 33 19 21 28 20 29 10 44 38 35 42 7 13 9 15 4 43 48 37 32 18 6 0 47 31 30 40 23 2 14 22 11 25 24 49 39 12 1 46 17 8 26
Coste: 48988

GENERACION: 585
Mejor Solucion:  45 34 27 5 41 3 36 16 33 19 21 28 20 29 10 44 38 35 42 7 13 9 15 4 43 48 37 32 18 6 0 47 31 30 40 23 2 14 22 11 25 24 49 39 12 1 46 17 8 26
Coste: 48988

GENERACION: 590
Mejor Solucion:  45 34 27 5 41 3 36 16 33 19 21 28 20 29 10 44 38 35 42 7 13 9 15 4 43 48 37 32 18 6 0 47 31 30 40 23 2 14 22 11 25 24 49 39 12 1 46 17 8 26
Coste: 48988

GENERACION: 595
Mejor Solucion:  45 34 27 5 41 3 36 16 33 19 21 28 20 29 10 44 38 35 42 7 13 9 15 4 43 48 37 32 18 6 0 47 31 30 40 23 2 14 22 11 25 24 49 39 12 1 46 17 8 26
Coste: 48988

GENERACION: 600
Mejor Solucion:  45 34 27 5 41 3 36 16 33 19 21 28 20 29 10 44 38 35 42 7 13 9 15 4 43 48 37 32 18 6 0 47 31 30 40 23 2 14 22 11 25 24 49 39 12 1 46 17 8 26
Coste: 48988

GENERACION: 605
Mejor Solucion:  45 34 27 5 41 3 36 16 33 19 21 28 20 29 10 44 38 35 42 7 13 9 15 4 43 48 37 32 18 6 0 47 31 30 40 23 2 14 22 11 25 24 49 39 12 1 46 17 8 26
Coste: 48988

GENERACION: 610
Mejor Solucion:  45 34 28 27 5 3 16 35 19 26 21 47 29 20 41 36 38 42 7 33 13 4 9 15 17 48 44 22 6 32 0 30 31 10 40 43 23 37 18 11 25 24 39 49 14 46 2 1 12 8
Coste: 48986

GENERACION: 615
Mejor Solucion:  45 34 28 27 5 3 16 35 19 26 21 47 29 20 41 36 38 42 7 33 13 4 9 15 17 48 44 22 6 32 0 30 31 10 40 43 23 37 18 11 25 24 39 49 14 46 2 1 12 8
Coste: 48986

GENERACION: 620
Mejor Solucion:  45 34 28 27 5 3 16 35 19 26 21 47 29 20 41 36 38 42 7 33 13 4 9 15 17 48 44 22 6 32 0 30 31 10 40 43 23 37 18 11 25 24 39 49 14 46 2 1 12 8
Coste: 48986

GENERACION: 625
Mejor Solucion:  45 34 28 27 5 3 16 35 19 26 21 47 29 20 41 36 38 42 7 33 13 4 9 15 17 48 44 22 6 32 0 30 31 10 40 43 23 37 18 11 25 24 39 49 14 46 2 1 12 8
Coste: 48986

GENERACION: 630
Mejor Solucion:  45 34 28 27 5 3 16 35 19 26 21 47 29 20 41 36 38 42 7 33 13 4 9 15 17 48 44 22 6 32 0 30 31 10 40 43 23 37 18 11 25 24 39 49 14 46 2 1 12 8
Coste: 48986

GENERACION: 635
Mejor Solucion:  45 34 28 27 5 3 16 35 19 26 21 47 29 20 41 36 38 42 7 33 13 4 9 15 17 48 44 22 6 32 0 30 31 10 40 43 23 37 18 11 25 24 39 49 14 46 2 1 12 8
Coste: 48986

GENERACION: 640
Mejor Solucion:  45 34 28 27 5 3 16 35 19 26 21 47 29 20 41 36 38 42 7 33 13 4 9 15 17 48 44 22 6 32 0 30 31 10 40 43 23 37 18 11 25 24 39 49 14 46 2 1 12 8
Coste: 48986

GENERACION: 645
Mejor Solucion:  45 34 28 27 5 3 16 35 19 26 21 47 29 20 41 36 38 42 7 33 13 4 9 15 17 48 44 22 6 32 0 30 31 10 40 43 23 37 18 11 25 24 39 49 14 46 2 1 12 8
Coste: 48986

GENERACION: 650
Mejor Solucion:  45 34 28 27 5 3 16 35 19 26 21 47 29 20 41 36 38 42 7 33 13 4 9 15 17 48 44 22 6 32 0 30 31 10 40 43 23 37 18 11 25 24 39 49 14 46 2 1 12 8
Coste: 48986

GENERACION: 655
Mejor Solucion:  45 34 28 27 5 3 16 35 19 26 21 47 29 20 41 36 38 42 7 33 13 4 9 15 17 48 44 22 6 32 0 30 31 10 40 43 23 37 18 11 25 24 39 49 14 46 2 1 12 8
Coste: 48986

GENERACION: 660
Mejor Solucion:  45 34 28 27 5 3 16 35 19 26 21 47 29 20 41 36 38 42 7 33 13 4 9 15 17 48 44 22 6 32 0 30 31 10 40 43 23 37 18 11 25 24 39 49 14 46 2 1 12 8
Coste: 48986

GENERACION: 665
Mejor Solucion:  45 34 28 27 5 3 16 35 19 26 21 47 29 20 41 36 38 42 7 33 13 4 9 15 17 48 44 22 6 32 0 30 31 10 40 43 23 37 18 11 25 24 39 49 14 46 2 1 12 8
Coste: 48986

GENERACION: 670
Mejor Solucion:  45 34 28 27 5 3 16 35 19 26 21 47 29 20 41 36 38 42 7 33 13 4 9 15 17 48 44 22 6 32 0 30 31 10 40 43 23 37 18 11 25 24 39 49 14 46 2 1 12 8
Coste: 48986

GENERACION: 675
Mejor Solucion:  45 34 28 27 5 3 16 35 19 26 21 47 29 20 41 36 38 42 7 33 13 4 9 15 17 48 44 22 6 32 0 30 31 10 40 43 23 37 18 11 25 24 39 49 14 46 2 1 12 8
Coste: 48986

GENERACION: 680
Mejor Solucion:  45 34 28 27 5 3 16 35 19 26 21 47 29 20 41 36 38 42 7 33 13 4 9 15 17 48 44 22 6 32 0 30 31 10 40 43 23 37 18 11 25 24 39 49 14 46 2 1 12 8
Coste: 48986

GENERACION: 685
Mejor Solucion:  45 34 28 27 5 3 16 35 19 26 21 47 29 20 41 36 38 42 7 33 13 4 9 15 17 48 44 22 6 32 0 30 31 10 40 43 23 37 18 11 25 24 39 49 14 46 2 1 12 8
Coste: 48986

GENERACION: 690
Mejor Solucion:  45 34 28 27 5 3 16 35 19 26 21 47 29 20 41 36 38 42 7 33 13 4 9 15 17 48 44 22 6 32 0 30 31 10 40 43 23 37 18 11 25 24 39 49 14 46 2 1 12 8
Coste: 48986

GENERACION: 695
Mejor Solucion:  45 34 28 27 5 3 16 35 19 26 21 47 29 20 41 36 38 42 7 33 13 4 9 15 17 48 44 22 6 32 0 30 31 10 40 43 23 37 18 11 25 24 39 49 14 46 2 1 12 8
Coste: 48986

GENERACION: 700
Mejor Solucion:  45 34 28 27 5 3 16 35 19 26 21 47 29 20 41 36 38 42 7 33 13 4 9 15 17 48 44 22 6 32 0 30 31 10 40 43 23 37 18 11 25 24 39 49 14 46 2 1 12 8
Coste: 48986

GENERACION: 705
Mejor Solucion:  45 34 28 27 5 3 16 35 19 26 21 47 29 20 41 36 38 42 7 33 13 4 9 15 17 48 44 22 6 32 0 30 31 10 40 43 23 37 18 11 25 24 39 49 14 46 2 1 12 8
Coste: 48986

GENERACION: 710
Mejor Solucion:  45 34 28 27 5 3 16 35 19 26 21 47 29 20 41 36 38 42 7 33 13 4 9 15 17 48 44 22 6 32 0 30 31 10 40 43 23 37 18 11 25 24 39 49 14 46 2 1 12 8
Coste: 48986

GENERACION: 715
Mejor Solucion:  45 34 28 27 5 3 16 35 19 26 21 47 29 20 41 36 38 42 7 33 13 4 9 15 17 48 44 22 6 32 0 30 31 10 40 43 23 37 18 11 25 24 39 49 14 46 2 1 12 8
Coste: 48986

GENERACION: 720
Mejor Solucion:  45 34 28 27 5 3 16 35 19 26 21 47 29 20 41 36 38 42 7 33 13 4 9 15 17 48 44 22 6 32 0 30 31 10 40 43 23 37 18 11 25 24 39 49 14 46 2 1 12 8
Coste: 48986

GENERACION: 725
Mejor Solucion:  45 34 28 27 5 3 16 35 19 26 21 47 29 20 41 36 38 42 7 33 13 4 9 15 17 48 44 22 6 32 0 30 31 10 40 43 23 37 18 11 25 24 39 49 14 46 2 1 12 8
Coste: 48986

GENERACION: 730
Mejor Solucion:  45 34 28 27 5 3 16 35 19 26 21 47 29 20 41 36 38 42 7 33 13 4 9 15 17 48 44 22 6 32 0 30 31 10 40 43 23 37 18 11 25 24 39 49 14 46 2 1 12 8
Coste: 48986

GENERACION: 735
Mejor Solucion:  45 34 28 27 5 3 16 35 19 26 21 47 29 20 41 36 38 42 7 33 13 4 9 15 17 48 44 22 6 32 0 30 31 10 40 43 23 37 18 11 25 24 39 49 14 46 2 1 12 8
Coste: 48986

GENERACION: 740
Mejor Solucion:  45 34 28 27 5 3 16 35 19 26 21 47 29 20 41 36 38 42 7 33 13 4 9 15 17 48 44 22 6 32 0 30 31 10 40 43 23 37 18 11 25 24 39 49 14 46 2 1 12 8
Coste: 48986

GENERACION: 745
Mejor Solucion:  45 34 28 27 5 3 16 35 19 26 21 47 29 20 41 36 38 42 7 33 13 4 9 15 17 48 44 22 6 32 0 30 31 10 40 43 23 37 18 11 25 24 39 49 14 46 2 1 12 8
Coste: 48986

GENERACION: 750
Mejor Solucion:  45 34 28 27 5 3 16 35 19 26 21 47 29 20 41 36 38 42 7 33 13 4 9 15 17 48 44 22 6 32 0 30 31 10 40 43 23 37 18 11 25 24 39 49 14 46 2 1 12 8
Coste: 48986

GENERACION: 755
Mejor Solucion:  45 34 28 27 5 3 16 35 19 26 21 47 29 20 41 36 38 42 7 33 13 4 9 15 17 48 44 22 6 32 0 30 31 10 40 43 23 37 18 11 25 24 39 49 14 46 2 1 12 8
Coste: 48986

GENERACION: 760
Mejor Solucion:  45 34 28 27 5 3 16 35 19 26 21 47 29 20 41 36 38 42 7 33 13 4 9 15 17 48 44 22 6 32 0 30 31 10 40 43 23 37 18 11 25 24 39 49 14 46 2 1 12 8
Coste: 48986

GENERACION: 765
Mejor Solucion:  45 34 28 27 5 3 16 35 19 26 21 47 29 20 41 36 38 42 7 33 13 4 9 15 17 48 44 22 6 32 0 30 31 10 40 43 23 37 18 11 25 24 39 49 14 46 2 1 12 8
Coste: 48986

GENERACION: 770
Mejor Solucion:  45 34 28 27 5 3 16 35 19 26 21 47 29 20 41 36 38 42 7 33 13 4 9 15 17 48 44 22 6 32 0 30 31 10 40 43 23 37 18 11 25 24 39 49 14 46 2 1 12 8
Coste: 48986

GENERACION: 775
Mejor Solucion:  45 34 28 27 5 3 16 35 19 26 21 47 29 20 41 36 38 42 7 33 13 4 9 15 17 48 44 22 6 32 0 30 31 10 40 43 23 37 18 11 25 24 39 49 14 46 2 1 12 8
Coste: 48986

GENERACION: 780
Mejor Solucion:  45 34 28 27 5 3 16 35 19 26 21 47 29 20 41 36 38 42 7 33 13 4 9 15 17 48 44 22 6 32 0 30 31 10 40 43 23 37 18 11 25 24 39 49 14 46 2 1 12 8
Coste: 48986

GENERACION: 785
Mejor Solucion:  45 34 28 27 5 3 16 35 19 26 21 47 29 20 41 36 38 42 7 33 13 4 9 15 17 48 44 22 6 32 0 30 31 10 40 43 23 37 18 11 25 24 39 49 14 46 2 1 12 8
Coste: 48986

GENERACION: 790
Mejor Solucion:  45 34 28 27 5 3 16 35 19 26 21 47 29 20 41 36 38 42 7 33 13 4 9 15 17 48 44 22 6 32 0 30 31 10 40 43 23 37 18 11 25 24 39 49 14 46 2 1 12 8
Coste: 48986

GENERACION: 795
Mejor Solucion:  45 34 28 27 5 3 16 35 19 26 21 47 29 20 41 36 38 42 7 33 13 4 9 15 17 48 44 22 6 32 0 30 31 10 40 43 23 37 18 11 25 24 39 49 14 46 2 1 12 8
Coste: 48986

GENERACION: 800
Mejor Solucion:  45 34 28 27 5 3 16 35 19 26 21 47 29 20 41 36 38 42 7 33 13 4 9 15 17 48 44 22 6 32 0 30 31 10 40 43 23 37 18 11 25 24 39 49 14 46 2 1 12 8
Coste: 48986

GENERACION: 805
Mejor Solucion:  45 34 28 27 5 3 16 35 19 26 21 47 29 20 41 36 38 42 7 33 13 4 9 15 17 48 44 22 6 32 0 30 31 10 40 43 23 37 18 11 25 24 39 49 14 46 2 1 12 8
Coste: 48986

GENERACION: 810
Mejor Solucion:  45 34 28 27 5 3 16 35 19 26 21 47 29 20 41 36 38 42 7 33 13 4 9 15 17 48 44 22 6 32 0 30 31 10 40 43 23 37 18 11 25 24 39 49 14 46 2 1 12 8
Coste: 48986

GENERACION: 815
Mejor Solucion:  45 34 28 27 5 3 16 35 19 26 21 47 29 20 41 36 38 42 7 33 13 4 9 15 17 48 44 22 6 32 0 30 31 10 40 43 23 37 18 11 25 24 39 49 14 46 2 1 12 8
Coste: 48986

GENERACION: 820
Mejor Solucion:  45 34 28 27 5 3 16 35 19 26 21 47 29 20 41 36 38 42 7 33 13 4 9 15 17 48 44 22 6 32 0 30 31 10 40 43 23 37 18 11 25 24 39 49 14 46 2 1 12 8
Coste: 48986

GENERACION: 825
Mejor Solucion:  45 34 28 27 5 3 16 35 19 26 21 47 29 20 41 36 38 42 7 33 13 4 9 15 17 48 44 22 6 32 0 30 31 10 40 43 23 37 18 11 25 24 39 49 14 46 2 1 12 8
Coste: 48986

GENERACION: 830
Mejor Solucion:  45 34 28 27 5 3 16 35 19 26 21 47 29 20 41 36 38 42 7 33 13 4 9 15 17 48 44 22 6 32 0 30 31 10 40 43 23 37 18 11 25 24 39 49 14 46 2 1 12 8
Coste: 48986

GENERACION: 835
Mejor Solucion:  45 34 28 27 5 3 16 35 19 26 21 47 29 20 41 36 38 42 7 33 13 4 9 15 17 48 44 22 6 32 0 30 31 10 40 43 23 37 18 11 25 24 39 49 14 46 2 1 12 8
Coste: 48986

GENERACION: 840
Mejor Solucion:  45 34 28 27 5 3 16 35 19 26 21 47 29 20 41 36 38 42 7 33 13 4 9 15 17 48 44 22 6 32 0 30 31 10 40 43 23 37 18 11 25 24 39 49 14 46 2 1 12 8
Coste: 48986

GENERACION: 845
Mejor Solucion:  45 34 28 27 5 3 16 35 19 26 21 47 29 20 41 36 38 42 7 33 13 4 9 15 17 48 44 22 6 32 0 30 31 10 40 43 23 37 18 11 25 24 39 49 14 46 2 1 12 8
Coste: 48986

GENERACION: 850
Mejor Solucion:  45 27 20 41 49 16 3 35 33 17 13 28 4 10 36 32 44 38 42 6 21 9 5 15 43 12 48 7 22 25 34 29 31 30 40 2 37 1 24 19 0 47 39 14 46 23 18 8 11 26
Coste: 48984

GENERACION: 855
Mejor Solucion:  45 27 20 41 49 16 3 35 33 17 13 28 4 10 36 32 44 38 42 6 21 9 5 15 43 12 48 7 22 25 34 29 31 30 40 2 37 1 24 19 0 47 39 14 46 23 18 8 11 26
Coste: 48984

GENERACION: 860
Mejor Solucion:  45 27 20 41 49 16 3 35 33 17 13 28 4 10 36 32 44 38 42 6 21 9 5 15 43 12 48 7 22 25 34 29 31 30 40 2 37 1 24 19 0 47 39 14 46 23 18 8 11 26
Coste: 48984

GENERACION: 865
Mejor Solucion:  45 27 20 41 49 16 3 35 33 17 13 28 4 10 36 32 44 38 42 6 21 9 5 15 43 12 48 7 22 25 34 29 31 30 40 2 37 1 24 19 0 47 39 14 46 23 18 8 11 26
Coste: 48984

GENERACION: 870
Mejor Solucion:  45 27 20 41 49 16 3 35 33 17 13 28 4 10 36 32 44 38 42 6 21 9 5 15 43 12 48 7 22 25 34 29 31 30 40 2 37 1 24 19 0 47 39 14 46 23 18 8 11 26
Coste: 48984

GENERACION: 875
Mejor Solucion:  45 27 20 41 49 16 3 35 33 17 13 28 4 10 36 32 44 38 42 6 21 9 5 15 43 12 48 7 22 25 34 29 31 30 40 2 37 1 24 19 0 47 39 14 46 23 18 8 11 26
Coste: 48984

GENERACION: 880
Mejor Solucion:  45 27 20 41 49 16 3 35 33 17 13 28 4 10 36 32 44 38 42 6 21 9 5 15 43 12 48 7 22 25 34 29 31 30 40 2 37 1 24 19 0 47 39 14 46 23 18 8 11 26
Coste: 48984

GENERACION: 885
Mejor Solucion:  45 27 20 41 49 16 3 35 33 17 13 28 4 10 36 32 44 38 42 6 21 9 5 15 43 12 48 7 22 25 34 29 31 30 40 2 37 1 24 19 0 47 39 14 46 23 18 8 11 26
Coste: 48984

GENERACION: 890
Mejor Solucion:  45 27 20 41 49 16 3 35 33 17 13 28 4 10 36 32 44 38 42 6 21 9 5 15 43 12 48 7 22 25 34 29 31 30 40 2 37 1 24 19 0 47 39 14 46 23 18 8 11 26
Coste: 48984

GENERACION: 895
Mejor Solucion:  45 27 20 41 49 16 3 35 33 17 13 28 4 10 36 32 44 38 42 6 21 9 5 15 43 12 48 7 22 25 34 29 31 30 40 2 37 1 24 19 0 47 39 14 46 23 18 8 11 26
Coste: 48984

GENERACION: 900
Mejor Solucion:  45 27 20 41 49 16 3 35 33 17 13 28 4 10 36 32 44 38 42 6 21 9 5 15 43 12 48 7 22 25 34 29 31 30 40 2 37 1 24 19 0 47 39 14 46 23 18 8 11 26
Coste: 48984

GENERACION: 905
Mejor Solucion:  45 27 20 41 49 16 3 35 33 17 13 28 4 10 36 32 44 38 42 6 21 9 5 15 43 12 48 7 22 25 34 29 31 30 40 2 37 1 24 19 0 47 39 14 46 23 18 8 11 26
Coste: 48984

GENERACION: 910
Mejor Solucion:  45 27 20 41 49 16 3 35 33 17 13 28 4 10 36 32 44 38 42 6 21 9 5 15 43 12 48 7 22 25 34 29 31 30 40 2 37 1 24 19 0 47 39 14 46 23 18 8 11 26
Coste: 48984

GENERACION: 915
Mejor Solucion:  45 27 20 41 49 16 3 35 33 17 13 28 4 10 36 32 44 38 42 6 21 9 5 15 43 12 48 7 22 25 34 29 31 30 40 2 37 1 24 19 0 47 39 14 46 23 18 8 11 26
Coste: 48984

GENERACION: 920
Mejor Solucion:  45 27 20 41 49 16 3 35 33 17 13 28 4 10 36 32 44 38 42 6 21 9 5 15 43 12 48 7 22 25 34 29 31 30 40 2 37 1 24 19 0 47 39 14 46 23 18 8 11 26
Coste: 48984

GENERACION: 925
Mejor Solucion:  45 27 20 41 49 16 3 35 33 17 13 28 4 10 36 32 44 38 42 6 21 9 5 15 43 12 48 7 22 25 34 29 31 30 40 2 37 1 24 19 0 47 39 14 46 23 18 8 11 26
Coste: 48984

GENERACION: 930
Mejor Solucion:  45 27 20 41 49 16 3 35 33 17 13 28 4 10 36 32 44 38 42 6 21 9 5 15 43 12 48 7 22 25 34 29 31 30 40 2 37 1 24 19 0 47 39 14 46 23 18 8 11 26
Coste: 48984

GENERACION: 935
Mejor Solucion:  45 27 20 41 49 16 3 35 33 17 13 28 4 10 36 32 44 38 42 6 21 9 5 15 43 12 48 7 22 25 34 29 31 30 40 2 37 1 24 19 0 47 39 14 46 23 18 8 11 26
Coste: 48984

GENERACION: 940
Mejor Solucion:  45 27 20 41 49 16 3 35 33 17 13 28 4 10 36 32 44 38 42 6 21 9 5 15 43 12 48 7 22 25 34 29 31 30 40 2 37 1 24 19 0 47 39 14 46 23 18 8 11 26
Coste: 48984

GENERACION: 945
Mejor Solucion:  45 27 20 41 49 16 3 35 33 17 13 28 4 10 36 32 44 38 42 6 21 9 5 15 43 12 48 7 22 25 34 29 31 30 40 2 37 1 24 19 0 47 39 14 46 23 18 8 11 26
Coste: 48984

GENERACION: 950
Mejor Solucion:  45 27 20 41 49 16 3 35 33 17 13 28 4 10 36 32 44 38 42 6 21 9 5 15 43 12 48 7 22 25 34 29 31 30 40 2 37 1 24 19 0 47 39 14 46 23 18 8 11 26
Coste: 48984

GENERACION: 955
Mejor Solucion:  45 27 20 41 49 16 3 35 33 17 13 28 4 10 36 32 44 38 42 6 21 9 5 15 43 12 48 7 22 25 34 29 31 30 40 2 37 1 24 19 0 47 39 14 46 23 18 8 11 26
Coste: 48984

GENERACION: 960
Mejor Solucion:  45 27 20 41 49 16 3 35 33 17 13 28 4 10 36 32 44 38 42 6 21 9 5 15 43 12 48 7 22 25 34 29 31 30 40 2 37 1 24 19 0 47 39 14 46 23 18 8 11 26
Coste: 48984

GENERACION: 965
Mejor Solucion:  45 27 20 41 49 16 3 35 33 17 13 28 4 10 36 32 44 38 42 6 21 9 5 15 43 12 48 7 22 25 34 29 31 30 40 2 37 1 24 19 0 47 39 14 46 23 18 8 11 26
Coste: 48984

GENERACION: 970
Mejor Solucion:  45 27 20 41 49 16 3 35 33 17 13 28 4 10 36 32 44 38 42 6 21 9 5 15 43 12 48 7 22 25 34 29 31 30 40 2 37 1 24 19 0 47 39 14 46 23 18 8 11 26
Coste: 48984

GENERACION: 975
Mejor Solucion:  45 27 20 41 49 16 3 35 33 17 13 28 4 10 36 32 44 38 42 6 21 9 5 15 43 12 48 7 22 25 34 29 31 30 40 2 37 1 24 19 0 47 39 14 46 23 18 8 11 26
Coste: 48984

GENERACION: 980
Mejor Solucion:  45 27 20 41 49 16 3 35 33 17 13 28 4 10 36 32 44 38 42 6 21 9 5 15 43 12 48 7 22 25 34 29 31 30 40 2 37 1 24 19 0 47 39 14 46 23 18 8 11 26
Coste: 48984

GENERACION: 985
Mejor Solucion:  45 27 20 41 49 16 3 35 33 17 13 28 4 10 36 32 44 38 42 6 21 9 5 15 43 12 48 7 22 25 34 29 31 30 40 2 37 1 24 19 0 47 39 14 46 23 18 8 11 26
Coste: 48984

GENERACION: 990
Mejor Solucion:  45 27 20 41 49 16 3 35 33 17 13 28 4 10 36 32 44 38 42 6 21 9 5 15 43 12 48 7 22 25 34 29 31 30 40 2 37 1 24 19 0 47 39 14 46 23 18 8 11 26
Coste: 48984

GENERACION: 995
Mejor Solucion:  45 27 20 41 49 16 3 35 33 17 13 28 4 10 36 32 44 38 42 6 21 9 5 15 43 12 48 7 22 25 34 29 31 30 40 2 37 1 24 19 0 47 39 14 46 23 18 8 11 26
Coste: 48984

GENERACION: 1000
Mejor Solucion:  45 27 20 41 49 16 3 35 33 17 13 28 4 10 36 32 44 38 42 6 21 9 5 15 43 12 48 7 22 25 34 29 31 30 40 2 37 1 24 19 0 47 39 14 46 23 18 8 11 26
Coste: 48984

