GENERACION: 5
Mejor Solucion:  39 26 43 14 32 45 38 37 31 13 24 49 40 46 34 20 17 30 5 3 0 8 15 41 22 2 7 44 9 42 6 48 47 25 29 21 18 23 27 36 11 1 10 28 12 4 16 33 19 35
Coste: 54406

GENERACION: 10
Mejor Solucion:  32 4 18 7 2 10 39 14 30 6 16 23 43 36 46 41 48 33 12 8 26 3 37 42 38 15 40 35 22 17 19 11 44 5 24 20 31 1 49 25 45 13 34 21 27 29 9 28 47 0
Coste: 52473

GENERACION: 15
Mejor Solucion:  32 4 18 7 2 10 39 14 30 6 16 23 43 36 46 41 48 33 12 8 26 3 37 42 38 15 40 35 22 17 19 11 44 5 24 20 31 1 49 25 45 13 34 21 27 29 9 28 47 0
Coste: 49836

GENERACION: 20
Mejor Solucion:  19 32 16 18 36 10 7 14 33 6 24 23 2 37 46 38 30 48 22 17 11 44 3 31 20 40 42 35 49 8 0 4 43 5 15 29 39 1 12 26 45 13 34 21 27 41 9 28 47 25
Coste: 49804

GENERACION: 25
Mejor Solucion:  32 16 7 36 41 10 18 14 33 6 26 23 4 43 48 46 2 39 12 17 11 3 42 37 38 20 40 35 22 8 19 28 44 9 5 15 31 1 49 25 45 34 13 21 27 29 24 47 30 0
Coste: 49709

GENERACION: 30
Mejor Solucion:  32 16 7 36 41 10 18 14 33 6 26 23 4 43 48 46 2 39 8 17 11 3 44 37 20 38 40 35 22 12 19 28 42 9 5 15 31 1 49 25 45 34 13 21 27 29 24 47 30 0
Coste: 49680

GENERACION: 35
Mejor Solucion:  32 16 7 36 41 10 18 14 33 6 26 23 4 43 48 46 2 39 8 17 11 3 44 37 20 38 40 35 22 12 19 28 42 9 5 15 31 1 49 25 45 34 13 21 27 29 24 47 30 0
Coste: 49680

GENERACION: 40
Mejor Solucion:  19 16 32 18 36 7 35 33 14 6 26 3 37 2 30 46 42 38 8 17 11 44 23 31 40 10 22 1 49 24 0 34 43 39 5 15 9 48 12 25 45 21 4 47 29 41 27 28 20 13
Coste: 49606

GENERACION: 45
Mejor Solucion:  19 16 32 18 36 7 35 33 14 6 26 3 37 2 30 46 42 38 8 17 11 44 23 31 40 10 22 1 49 24 0 34 43 39 5 15 9 48 12 25 45 21 4 47 29 41 27 28 20 13
Coste: 49606

GENERACION: 50
Mejor Solucion:  19 16 32 18 36 7 35 33 14 6 26 3 37 2 30 46 42 38 8 17 11 44 23 31 40 48 22 1 10 24 0 34 43 39 29 15 41 28 12 49 45 21 4 5 47 9 27 13 20 25
Coste: 49540

GENERACION: 55
Mejor Solucion:  19 16 32 18 36 7 35 33 14 6 26 3 37 2 30 46 42 38 8 17 11 44 23 31 40 10 22 1 49 24 0 34 43 39 5 15 9 48 12 25 45 21 4 47 29 41 27 28 20 13
Coste: 49532

GENERACION: 60
Mejor Solucion:  19 16 32 18 36 7 35 33 14 6 26 3 37 2 30 46 42 38 8 17 11 44 23 31 40 10 22 1 49 24 0 34 43 39 5 15 9 48 12 25 45 21 4 47 29 41 27 28 20 13
Coste: 49532

GENERACION: 65
Mejor Solucion:  19 16 32 18 36 7 35 33 14 6 26 3 37 2 30 46 42 38 8 17 11 44 23 31 40 10 22 1 49 24 0 34 43 39 5 15 9 48 12 25 45 21 4 47 29 41 27 28 20 13
Coste: 49532

GENERACION: 70
Mejor Solucion:  19 16 32 18 36 7 35 33 14 6 26 3 37 2 30 46 42 38 8 17 11 44 23 31 40 10 22 1 49 24 0 34 43 39 5 15 9 48 12 25 45 21 4 47 29 41 27 28 20 13
Coste: 49532

GENERACION: 75
Mejor Solucion:  19 16 32 18 36 7 35 33 14 6 26 3 37 2 30 46 42 38 8 17 11 44 23 31 40 10 22 1 49 24 0 34 43 39 5 15 9 48 12 25 45 21 4 47 29 41 27 28 20 13
Coste: 49532

GENERACION: 80
Mejor Solucion:  19 16 32 18 36 7 35 33 14 6 26 3 37 2 30 46 42 38 8 17 11 44 23 31 40 10 22 1 49 24 0 34 43 39 5 15 9 48 12 25 45 21 4 47 29 41 27 28 20 13
Coste: 49532

GENERACION: 85
Mejor Solucion:  19 16 32 18 36 7 35 33 14 6 26 3 37 2 30 46 42 38 8 17 11 44 23 31 40 10 22 1 49 24 0 34 43 39 5 15 9 48 12 25 45 21 4 47 29 41 27 28 20 13
Coste: 49532

GENERACION: 90
Mejor Solucion:  19 16 32 18 36 7 35 33 14 6 26 3 37 2 30 46 42 38 8 17 11 44 23 31 40 10 22 1 49 24 0 34 43 39 5 15 9 48 12 25 45 21 4 47 29 41 27 28 20 13
Coste: 49532

GENERACION: 95
Mejor Solucion:  19 16 32 18 36 7 35 33 14 6 26 3 37 2 30 46 42 38 8 17 11 44 23 31 40 10 22 1 49 24 0 34 43 39 5 15 9 48 12 25 45 21 4 47 29 41 27 28 20 13
Coste: 49532

GENERACION: 100
Mejor Solucion:  19 16 32 18 36 7 35 33 14 6 26 3 37 2 30 46 42 38 8 17 11 44 23 31 40 10 22 1 49 24 0 34 43 39 5 15 9 48 12 25 45 21 4 47 29 41 27 28 20 13
Coste: 49532

GENERACION: 105
Mejor Solucion:  19 16 32 18 36 7 35 33 14 6 26 3 37 2 30 46 42 38 8 17 11 44 23 31 40 10 22 1 49 24 0 34 43 39 5 15 9 48 12 25 45 21 4 47 29 41 27 28 20 13
Coste: 49532

GENERACION: 110
Mejor Solucion:  19 16 32 18 36 7 35 33 14 6 26 3 37 2 30 46 42 38 8 17 11 44 23 31 40 10 22 1 49 24 0 34 43 39 5 15 9 48 12 25 45 21 4 47 29 41 27 28 20 13
Coste: 49532

GENERACION: 115
Mejor Solucion:  19 16 32 18 36 7 35 33 14 6 26 3 37 2 30 46 42 38 8 17 11 44 23 31 40 10 22 1 49 24 0 34 43 39 5 15 9 48 12 25 45 21 4 47 29 41 27 28 20 13
Coste: 49532

GENERACION: 120
Mejor Solucion:  19 16 32 18 36 7 35 33 14 6 26 3 37 2 30 46 42 38 8 17 11 44 23 31 40 10 22 1 49 24 0 34 43 39 5 15 9 48 12 25 45 21 4 47 29 41 27 28 20 13
Coste: 49532

GENERACION: 125
Mejor Solucion:  19 16 32 18 36 7 35 33 14 6 26 3 37 2 30 46 42 38 8 17 11 44 23 31 40 10 22 1 49 24 0 34 43 39 5 15 9 48 12 25 45 21 4 47 29 41 27 28 20 13
Coste: 49532

GENERACION: 130
Mejor Solucion:  19 16 32 18 36 7 35 33 14 6 26 3 37 2 30 46 42 38 8 17 11 44 23 31 40 10 22 1 49 24 0 34 43 39 5 15 9 48 12 25 45 21 4 47 29 41 27 28 20 13
Coste: 49532

GENERACION: 135
Mejor Solucion:  19 16 32 18 36 7 35 33 14 6 26 3 37 2 30 46 42 38 8 17 11 44 23 31 40 10 22 1 49 24 0 34 43 39 5 15 9 48 12 25 45 21 4 47 29 41 27 28 20 13
Coste: 49532

GENERACION: 140
Mejor Solucion:  19 16 32 18 36 7 35 33 14 6 26 3 37 2 30 46 42 38 8 17 11 44 23 31 40 10 22 1 49 24 0 34 43 39 5 15 9 48 12 25 45 21 4 47 29 41 27 28 20 13
Coste: 49532

GENERACION: 145
Mejor Solucion:  19 16 32 18 36 7 35 33 14 6 26 3 37 2 30 46 42 38 8 17 11 44 23 31 40 10 22 1 49 24 0 34 43 39 5 15 9 48 12 25 45 21 4 47 29 41 27 28 20 13
Coste: 49532

GENERACION: 150
Mejor Solucion:  19 16 32 18 36 7 35 33 14 6 26 3 37 2 30 46 42 38 8 17 11 44 23 31 40 10 22 1 49 24 0 34 43 39 5 15 9 48 12 25 45 21 4 47 29 41 27 28 20 13
Coste: 49532

GENERACION: 155
Mejor Solucion:  19 16 32 18 36 7 35 33 14 6 26 3 37 2 30 46 42 38 8 17 11 44 23 31 40 10 22 1 49 24 0 34 43 39 5 15 9 48 12 25 45 21 4 47 29 41 27 28 20 13
Coste: 49532

GENERACION: 160
Mejor Solucion:  19 16 32 18 36 7 35 33 14 6 26 3 37 2 30 46 42 38 8 17 11 44 23 31 40 10 22 1 49 24 0 34 43 39 5 15 9 48 12 25 45 21 4 47 29 41 27 28 20 13
Coste: 49532

GENERACION: 165
Mejor Solucion:  19 16 32 18 36 7 35 33 14 6 26 3 37 2 30 46 42 38 8 17 11 44 23 31 40 10 22 1 49 24 0 34 43 39 5 15 9 48 12 25 45 21 4 47 29 41 27 28 20 13
Coste: 49532

GENERACION: 170
Mejor Solucion:  19 16 32 18 36 7 35 33 14 6 26 3 37 2 30 46 42 38 8 17 11 44 23 31 40 10 22 1 49 24 0 34 43 39 5 15 9 48 12 25 45 21 4 47 29 41 27 28 20 13
Coste: 49532

GENERACION: 175
Mejor Solucion:  19 16 32 18 36 7 35 33 14 6 26 3 37 2 30 46 42 38 8 17 11 44 23 31 40 10 22 1 49 24 0 34 43 39 5 15 9 48 12 25 45 21 4 47 29 41 27 28 20 13
Coste: 49532

GENERACION: 180
Mejor Solucion:  19 16 32 18 36 7 35 33 14 6 26 3 37 2 30 46 42 38 8 17 11 44 23 31 40 10 22 1 49 24 0 34 43 39 5 15 9 48 12 25 45 21 4 47 29 41 27 28 20 13
Coste: 49532

GENERACION: 185
Mejor Solucion:  19 16 32 18 36 7 35 33 14 6 26 3 37 2 30 46 42 38 8 17 11 44 23 31 40 10 22 1 49 24 0 34 43 39 5 15 9 48 12 25 45 21 4 47 29 41 27 28 20 13
Coste: 49532

GENERACION: 190
Mejor Solucion:  19 16 32 18 36 7 35 33 14 6 26 3 37 2 30 46 42 38 8 17 11 44 23 31 40 10 22 1 49 24 0 34 43 39 5 15 9 48 12 25 45 21 4 47 29 41 27 28 20 13
Coste: 49532

GENERACION: 195
Mejor Solucion:  19 16 32 18 36 7 35 33 14 6 26 3 37 2 30 46 42 38 8 17 11 44 23 31 40 10 22 1 49 24 0 34 43 39 5 15 9 48 12 25 45 21 4 47 29 41 27 28 20 13
Coste: 49532

GENERACION: 200
Mejor Solucion:  39 37 32 2 18 7 33 22 12 6 4 43 46 36 23 3 38 48 11 26 0 30 15 40 14 44 35 49 8 17 34 29 31 5 10 16 42 1 24 19 45 21 13 9 41 20 28 27 47 25
Coste: 49462

GENERACION: 205
Mejor Solucion:  39 37 32 2 18 7 33 22 12 6 4 43 46 36 23 3 38 48 11 26 0 30 15 40 14 44 35 49 8 17 34 29 31 5 10 16 42 1 24 19 45 21 13 9 41 20 28 27 47 25
Coste: 49462

GENERACION: 210
Mejor Solucion:  39 32 43 18 23 12 7 22 11 26 0 4 37 2 46 48 3 44 8 6 13 30 15 40 36 33 38 35 42 17 34 29 31 10 14 16 49 1 24 19 45 21 9 5 41 20 27 28 47 25
Coste: 49400

GENERACION: 215
Mejor Solucion:  39 32 43 18 23 12 7 22 11 26 0 4 37 2 46 48 3 44 8 6 13 30 15 40 36 33 38 35 42 17 34 29 31 10 14 16 49 1 24 19 45 21 9 5 41 20 27 28 47 25
Coste: 49400

GENERACION: 220
Mejor Solucion:  39 32 43 18 23 12 7 22 11 26 0 4 37 2 46 48 3 44 8 6 13 30 15 40 36 33 38 35 42 17 34 29 31 10 14 16 49 1 24 19 45 21 9 5 41 20 27 28 47 25
Coste: 49400

GENERACION: 225
Mejor Solucion:  39 32 43 18 23 12 7 22 11 26 0 4 37 2 46 48 3 44 8 6 13 30 15 40 36 33 38 35 42 17 34 29 31 10 14 16 49 1 24 19 45 21 9 5 41 20 27 28 47 25
Coste: 49400

GENERACION: 230
Mejor Solucion:  0 43 32 37 18 23 3 44 11 26 4 12 39 2 36 48 7 22 8 6 21 9 46 30 40 33 38 42 47 25 13 15 31 20 10 14 49 35 24 17 45 34 5 29 41 16 27 28 1 19
Coste: 49364

GENERACION: 235
Mejor Solucion:  0 43 32 37 18 23 3 44 11 26 4 12 39 2 36 48 7 22 8 6 21 9 46 30 40 33 38 42 47 25 13 15 31 20 10 14 49 35 24 17 45 34 5 29 41 16 27 28 1 19
Coste: 49364

GENERACION: 240
Mejor Solucion:  0 43 32 37 18 23 3 44 11 26 4 12 39 2 36 48 7 22 8 6 21 9 46 30 40 33 38 42 47 25 13 15 31 20 10 14 49 35 24 17 45 34 5 29 41 16 27 28 1 19
Coste: 49364

GENERACION: 245
Mejor Solucion:  0 43 32 37 18 23 3 44 11 26 4 12 39 2 36 48 7 22 8 6 21 9 46 30 40 33 38 42 47 25 13 15 31 20 10 14 49 35 24 17 45 34 5 29 41 16 27 28 1 19
Coste: 49364

GENERACION: 250
Mejor Solucion:  0 43 32 37 18 23 3 44 11 26 4 12 39 2 36 48 7 22 8 6 21 9 46 30 40 33 38 42 47 25 13 15 31 20 10 14 49 35 24 17 45 34 5 29 41 16 27 28 1 19
Coste: 49364

GENERACION: 255
Mejor Solucion:  0 43 32 37 18 23 3 44 11 26 4 12 39 2 36 48 7 22 8 6 21 9 46 30 40 33 38 42 47 25 13 15 31 20 10 14 49 35 24 17 45 34 5 29 41 16 27 28 1 19
Coste: 49364

GENERACION: 260
Mejor Solucion:  0 43 32 37 18 23 3 44 11 26 4 12 39 2 36 48 7 22 8 6 21 9 46 30 40 33 38 42 47 25 13 15 31 20 10 14 49 35 24 17 45 34 5 29 41 16 27 28 1 19
Coste: 49364

GENERACION: 265
Mejor Solucion:  0 43 32 37 18 23 3 44 11 26 4 12 39 2 36 48 7 22 8 6 21 9 46 30 40 33 38 42 47 25 13 15 31 20 10 14 49 35 24 17 45 34 5 29 41 16 27 28 1 19
Coste: 49364

GENERACION: 270
Mejor Solucion:  47 4 30 14 32 18 33 48 8 6 0 20 41 10 2 36 46 7 22 17 13 9 15 40 43 23 37 44 12 25 21 28 29 31 49 3 38 42 11 26 45 27 34 39 5 16 35 1 24 19
Coste: 49142

GENERACION: 275
Mejor Solucion:  47 4 30 14 32 18 33 48 8 6 0 20 41 10 2 36 46 7 22 17 13 9 15 40 43 23 37 44 12 25 21 28 29 31 49 3 38 42 11 26 45 27 34 39 5 16 35 1 24 19
Coste: 49142

GENERACION: 280
Mejor Solucion:  0 47 30 14 2 32 18 33 8 6 4 29 39 10 46 36 7 48 22 26 13 20 31 15 40 23 37 38 12 17 21 28 9 49 43 3 44 42 11 25 45 34 27 41 5 16 35 1 24 19
Coste: 49136

GENERACION: 285
Mejor Solucion:  0 47 30 14 2 32 18 33 8 6 4 29 39 10 46 36 7 48 22 26 13 20 31 15 40 23 37 38 12 17 21 28 9 49 43 3 44 42 11 25 45 34 27 41 5 16 35 1 24 19
Coste: 49136

GENERACION: 290
Mejor Solucion:  0 47 30 14 2 32 18 33 8 6 4 29 39 10 46 36 7 48 22 26 13 20 31 15 40 23 37 38 12 17 21 28 9 49 43 3 44 42 11 25 45 34 27 41 5 16 35 1 24 19
Coste: 49136

GENERACION: 295
Mejor Solucion:  0 47 30 14 2 32 18 33 8 6 4 29 39 10 46 36 7 48 22 26 13 20 31 15 40 23 37 38 12 17 21 28 9 49 43 3 44 42 11 25 45 34 27 41 5 16 35 1 24 19
Coste: 49136

GENERACION: 300
Mejor Solucion:  0 47 30 14 2 32 18 33 8 6 4 29 39 10 46 36 7 48 22 26 13 20 31 15 40 23 37 38 12 17 21 28 9 49 43 3 44 42 11 25 45 34 27 41 5 16 35 1 24 19
Coste: 49136

GENERACION: 305
Mejor Solucion:  0 47 30 14 2 32 18 33 8 6 4 29 39 10 46 36 7 48 22 26 13 20 31 15 40 23 37 38 12 17 21 28 9 49 43 3 44 42 11 25 45 34 27 41 5 16 35 1 24 19
Coste: 49136

GENERACION: 310
Mejor Solucion:  0 30 39 41 14 32 18 33 8 6 47 29 31 10 40 2 48 22 17 25 13 4 15 43 36 37 46 35 7 12 21 9 20 5 23 3 38 42 49 26 45 34 28 27 16 44 24 1 11 19
Coste: 49121

GENERACION: 315
Mejor Solucion:  0 30 39 41 14 32 18 33 8 6 47 29 31 10 40 2 48 22 17 25 13 4 15 43 36 37 46 35 7 12 21 9 20 5 23 3 38 42 49 26 45 34 28 27 16 44 24 1 11 19
Coste: 49121

GENERACION: 320
Mejor Solucion:  0 30 39 41 14 32 18 33 8 6 47 29 31 10 40 2 48 22 17 25 13 4 15 43 36 37 46 35 7 12 21 9 20 5 23 3 38 42 49 26 45 34 28 27 16 44 24 1 11 19
Coste: 49121

GENERACION: 325
Mejor Solucion:  0 30 39 41 14 32 18 33 8 6 47 29 31 10 40 2 48 22 17 25 13 4 15 43 36 37 46 35 7 12 21 9 20 5 23 3 38 42 49 26 45 34 28 27 16 44 24 1 11 19
Coste: 49121

GENERACION: 330
Mejor Solucion:  0 30 39 41 14 32 18 33 8 6 47 29 31 10 40 2 48 22 17 25 13 4 15 43 36 37 46 35 7 12 21 9 20 5 23 3 38 42 49 26 45 34 28 27 16 44 24 1 11 19
Coste: 49121

GENERACION: 335
Mejor Solucion:  0 30 39 41 14 32 18 33 8 6 47 29 31 10 40 2 48 22 17 25 13 4 15 43 36 37 46 35 7 12 21 9 20 5 23 3 38 42 49 26 45 34 28 27 16 44 24 1 11 19
Coste: 49121

GENERACION: 340
Mejor Solucion:  0 30 39 41 14 32 18 33 8 6 47 29 31 10 40 2 48 22 17 25 13 4 15 43 36 37 46 35 7 12 21 9 20 5 23 3 38 42 49 26 45 34 28 27 16 44 24 1 11 19
Coste: 49121

GENERACION: 345
Mejor Solucion:  0 30 39 41 14 32 18 33 8 6 47 29 31 10 40 2 48 22 17 25 13 4 15 43 36 37 46 35 7 12 21 9 20 5 23 3 38 42 49 26 45 34 28 27 16 44 24 1 11 19
Coste: 49121

GENERACION: 350
Mejor Solucion:  0 30 39 41 14 32 18 33 8 6 47 29 31 10 40 2 48 22 17 25 13 4 15 43 36 37 46 35 7 12 21 9 20 5 23 3 38 42 49 26 45 34 28 27 16 44 24 1 11 19
Coste: 49121

GENERACION: 355
Mejor Solucion:  0 30 39 41 14 32 18 33 8 6 47 29 31 10 40 2 48 22 17 25 13 4 15 43 36 37 46 35 7 12 21 9 20 5 23 3 38 42 49 26 45 34 28 27 16 44 24 1 11 19
Coste: 49121

GENERACION: 360
Mejor Solucion:  0 30 39 41 14 32 18 33 8 6 47 29 31 10 40 2 48 22 17 25 13 4 15 43 36 37 46 35 7 12 21 9 20 5 23 3 38 42 49 26 45 34 28 27 16 44 24 1 11 19
Coste: 49121

GENERACION: 365
Mejor Solucion:  0 30 39 41 14 32 18 33 8 6 47 29 31 10 40 2 48 22 17 25 13 4 15 43 36 37 46 35 7 12 21 9 20 5 23 3 38 42 49 26 45 34 28 27 16 44 24 1 11 19
Coste: 49121

GENERACION: 370
Mejor Solucion:  0 30 39 41 14 32 18 33 8 6 47 29 31 10 40 2 48 22 17 25 13 4 15 43 36 37 46 35 7 12 21 9 20 5 23 3 38 42 49 26 45 34 28 27 16 44 24 1 11 19
Coste: 49121

GENERACION: 375
Mejor Solucion:  0 30 39 41 14 32 18 33 8 6 47 29 31 10 40 2 48 22 17 25 13 4 15 43 36 37 46 35 7 12 21 9 20 5 23 3 38 42 49 26 45 34 28 27 16 44 24 1 11 19
Coste: 49121

GENERACION: 380
Mejor Solucion:  0 5 49 39 12 23 22 1 11 25 34 9 31 43 40 2 37 18 8 24 13 29 15 14 30 46 44 48 7 19 21 27 20 4 10 36 38 35 42 6 45 47 28 41 16 3 32 33 17 26
Coste: 49086

GENERACION: 385
Mejor Solucion:  0 5 49 39 12 23 22 1 11 25 34 9 31 43 40 2 37 18 8 24 13 29 15 14 30 46 44 48 7 19 21 27 20 4 10 36 38 35 42 6 45 47 28 41 16 3 32 33 17 26
Coste: 49086

GENERACION: 390
Mejor Solucion:  0 47 39 14 30 24 18 1 8 25 34 29 31 10 2 40 37 22 12 19 21 9 4 15 43 23 44 48 7 6 13 28 20 49 46 36 38 35 42 17 45 27 41 5 16 3 32 33 11 26
Coste: 49025

GENERACION: 395
Mejor Solucion:  0 47 39 14 30 24 18 1 8 25 34 29 31 10 2 40 37 22 12 19 21 9 4 15 43 23 44 48 7 6 13 28 20 49 46 36 38 35 42 17 45 27 41 5 16 3 32 33 11 26
Coste: 49025

GENERACION: 400
Mejor Solucion:  0 47 39 14 30 24 18 1 8 25 34 29 31 10 2 40 37 22 12 19 21 9 4 15 43 23 44 48 7 6 13 28 20 49 46 36 38 35 42 17 45 27 41 5 16 3 32 33 11 26
Coste: 49025

GENERACION: 405
Mejor Solucion:  0 47 39 14 30 24 18 1 8 25 34 29 31 10 2 40 37 22 12 19 21 9 4 15 43 23 44 48 7 6 13 28 20 49 46 36 38 35 42 17 45 27 41 5 16 3 32 33 11 26
Coste: 49025

GENERACION: 410
Mejor Solucion:  0 29 31 39 14 18 46 1 8 19 34 30 15 10 40 2 37 49 24 25 13 4 9 43 23 48 44 22 12 6 21 28 20 5 36 7 38 35 42 17 45 47 27 41 16 32 3 33 11 26
Coste: 48997

GENERACION: 415
Mejor Solucion:  0 29 31 39 14 18 46 1 8 19 34 30 15 10 40 2 37 49 24 25 13 4 9 43 23 48 44 22 12 6 21 28 20 5 36 7 38 35 42 17 45 47 27 41 16 32 3 33 11 26
Coste: 48997

GENERACION: 420
Mejor Solucion:  0 29 31 39 14 18 46 1 8 19 34 30 15 10 40 2 37 49 24 25 13 4 9 43 23 48 44 22 12 6 21 28 20 5 36 7 38 35 42 17 45 47 27 41 16 32 3 33 11 26
Coste: 48997

GENERACION: 425
Mejor Solucion:  0 29 31 39 14 18 46 1 8 19 34 30 15 10 40 2 37 49 24 25 13 4 9 43 23 48 44 22 12 6 21 28 20 5 36 7 38 35 42 17 45 47 27 41 16 32 3 33 11 26
Coste: 48997

GENERACION: 430
Mejor Solucion:  0 29 31 39 14 18 46 1 8 19 34 30 15 10 40 2 37 49 24 25 13 4 9 43 23 48 44 22 12 6 21 28 20 5 36 7 38 35 42 17 45 47 27 41 16 32 3 33 11 26
Coste: 48997

GENERACION: 435
Mejor Solucion:  0 29 31 39 14 18 46 1 8 19 34 30 15 10 40 2 37 49 24 25 13 4 9 43 23 48 44 22 12 6 21 28 20 5 36 7 38 35 42 17 45 47 27 41 16 32 3 33 11 26
Coste: 48997

GENERACION: 440
Mejor Solucion:  0 29 31 39 14 18 46 1 8 19 34 30 15 10 40 2 37 49 24 25 13 4 9 43 23 48 44 22 12 6 21 28 20 5 36 7 38 35 42 17 45 47 27 41 16 32 3 33 11 26
Coste: 48997

GENERACION: 445
Mejor Solucion:  0 29 31 39 14 18 46 1 8 19 34 30 15 10 40 2 37 49 24 25 13 4 9 43 23 48 44 22 12 6 21 28 20 5 36 7 38 35 42 17 45 47 27 41 16 32 3 33 11 26
Coste: 48997

GENERACION: 450
Mejor Solucion:  0 29 31 39 14 18 46 1 8 19 34 30 15 10 40 2 37 49 24 25 13 4 9 43 23 48 44 22 12 6 21 28 20 5 36 7 38 35 42 17 45 47 27 41 16 32 3 33 11 26
Coste: 48997

GENERACION: 455
Mejor Solucion:  0 29 31 39 14 18 46 1 8 19 34 30 15 10 40 2 37 49 24 25 13 4 9 43 23 48 44 22 12 6 21 28 20 5 36 7 38 35 42 17 45 47 27 41 16 32 3 33 11 26
Coste: 48997

GENERACION: 460
Mejor Solucion:  0 29 31 39 14 18 46 1 8 19 34 30 15 10 40 2 37 49 24 25 13 4 9 43 23 48 44 22 12 6 21 28 20 5 36 7 38 35 42 17 45 47 27 41 16 32 3 33 11 26
Coste: 48997

GENERACION: 465
Mejor Solucion:  0 29 31 39 14 18 46 1 8 19 34 30 15 10 40 2 37 49 24 25 13 4 9 43 23 48 44 22 12 6 21 28 20 5 36 7 38 35 42 17 45 47 27 41 16 32 3 33 11 26
Coste: 48997

GENERACION: 470
Mejor Solucion:  0 29 31 39 14 18 46 1 8 19 34 30 15 10 40 2 37 49 24 25 13 4 9 43 23 48 44 22 12 6 21 28 20 5 36 7 38 35 42 17 45 47 27 41 16 32 3 33 11 26
Coste: 48997

GENERACION: 475
Mejor Solucion:  0 29 31 39 14 18 46 1 8 19 34 30 15 10 40 2 37 49 24 25 13 4 9 43 23 48 44 22 12 6 21 28 20 5 36 7 38 35 42 17 45 47 27 41 16 32 3 33 11 26
Coste: 48997

GENERACION: 480
Mejor Solucion:  0 29 31 39 14 18 46 1 8 19 34 30 15 10 40 2 37 49 24 25 13 4 9 43 23 48 44 22 12 6 21 28 20 5 36 7 38 35 42 17 45 47 27 41 16 32 3 33 11 26
Coste: 48997

GENERACION: 485
Mejor Solucion:  0 29 31 39 14 18 46 1 8 19 34 30 15 10 40 2 37 49 24 25 13 4 9 43 23 48 44 22 12 6 21 28 20 5 36 7 38 35 42 17 45 47 27 41 16 32 3 33 11 26
Coste: 48997

GENERACION: 490
Mejor Solucion:  0 29 31 39 14 18 46 1 8 19 34 30 15 10 40 2 37 49 24 25 13 4 9 43 23 48 44 22 12 6 21 28 20 5 36 7 38 35 42 17 45 47 27 41 16 32 3 33 11 26
Coste: 48997

GENERACION: 495
Mejor Solucion:  0 29 31 39 14 18 46 1 8 19 34 30 15 10 40 2 37 49 24 25 13 4 9 43 23 48 44 22 12 6 21 28 20 5 36 7 38 35 42 17 45 47 27 41 16 32 3 33 11 26
Coste: 48997

GENERACION: 500
Mejor Solucion:  0 29 31 39 14 18 46 1 8 19 34 30 15 10 40 2 37 49 24 25 13 4 9 43 23 48 44 22 12 6 21 28 20 5 36 7 38 35 42 17 45 47 27 41 16 32 3 33 11 26
Coste: 48997

GENERACION: 505
Mejor Solucion:  0 29 31 39 14 18 46 1 8 19 34 30 15 10 40 2 37 49 24 25 13 4 9 43 23 48 44 22 12 6 21 28 20 5 36 7 38 35 42 17 45 47 27 41 16 32 3 33 11 26
Coste: 48997

GENERACION: 510
Mejor Solucion:  0 29 31 39 14 18 46 1 8 19 34 30 15 10 40 2 37 49 24 25 13 4 9 43 23 48 44 22 12 6 21 28 20 5 36 7 38 35 42 17 45 47 27 41 16 32 3 33 11 26
Coste: 48997

GENERACION: 515
Mejor Solucion:  0 29 31 39 14 18 46 1 8 19 34 30 15 10 40 2 37 49 24 25 13 4 9 43 23 48 44 22 12 6 21 28 20 5 36 7 38 35 42 17 45 47 27 41 16 32 3 33 11 26
Coste: 48997

GENERACION: 520
Mejor Solucion:  0 29 31 39 14 18 46 1 8 19 34 30 15 10 40 2 37 49 24 25 13 4 9 43 23 48 44 22 12 6 21 28 20 5 36 7 38 35 42 17 45 47 27 41 16 32 3 33 11 26
Coste: 48997

GENERACION: 525
Mejor Solucion:  0 29 31 39 14 18 46 1 8 19 34 30 15 10 40 2 37 49 24 25 13 4 9 43 23 48 44 22 12 6 21 28 20 5 36 7 38 35 42 17 45 47 27 41 16 32 3 33 11 26
Coste: 48997

GENERACION: 530
Mejor Solucion:  0 29 31 39 14 18 46 1 8 19 34 30 15 10 40 2 37 49 24 25 13 4 9 43 23 48 44 22 12 6 21 28 20 5 36 7 38 35 42 17 45 47 27 41 16 32 3 33 11 26
Coste: 48997

GENERACION: 535
Mejor Solucion:  0 29 31 39 14 18 46 1 8 19 34 30 15 10 40 2 37 49 24 25 13 4 9 43 23 48 44 22 12 6 21 28 20 5 36 7 38 35 42 17 45 47 27 41 16 32 3 33 11 26
Coste: 48997

GENERACION: 540
Mejor Solucion:  0 47 39 25 24 14 8 1 11 26 34 29 31 30 40 2 23 37 18 19 13 28 4 10 43 46 22 44 42 32 21 9 20 15 12 48 38 3 7 6 45 27 41 5 49 17 36 35 16 33
Coste: 48960

GENERACION: 545
Mejor Solucion:  0 47 39 25 24 14 8 1 11 26 34 29 31 30 40 2 23 37 18 19 13 28 4 10 43 46 22 44 42 32 21 9 20 15 12 48 38 3 7 6 45 27 41 5 49 17 36 35 16 33
Coste: 48960

GENERACION: 550
Mejor Solucion:  0 47 39 25 24 14 8 1 11 26 34 29 31 30 40 2 23 37 18 19 13 28 4 10 43 46 22 44 42 32 21 9 20 15 12 48 38 3 7 6 45 27 41 5 49 17 36 35 16 33
Coste: 48960

GENERACION: 555
Mejor Solucion:  0 47 39 25 24 14 8 1 11 26 34 29 31 30 40 2 23 37 18 19 13 28 4 10 43 46 22 44 42 32 21 9 20 15 12 48 38 3 7 6 45 27 41 5 49 17 36 35 16 33
Coste: 48960

GENERACION: 560
Mejor Solucion:  0 47 39 25 24 14 8 1 11 26 34 29 31 30 40 2 23 37 18 19 13 28 4 10 43 46 22 44 42 32 21 9 20 15 12 48 38 3 7 6 45 27 41 5 49 17 36 35 16 33
Coste: 48960

GENERACION: 565
Mejor Solucion:  0 47 39 25 24 14 8 1 11 26 34 29 31 30 40 2 23 37 18 19 13 28 4 10 43 46 22 44 42 32 21 9 20 15 12 48 38 3 7 6 45 27 41 5 49 17 36 35 16 33
Coste: 48960

GENERACION: 570
Mejor Solucion:  0 47 39 25 24 14 8 1 11 26 34 29 31 30 40 2 23 37 18 19 13 28 4 10 43 46 22 44 42 32 21 9 20 15 12 48 38 3 7 6 45 27 41 5 49 17 36 35 16 33
Coste: 48960

GENERACION: 575
Mejor Solucion:  0 47 39 25 24 14 8 1 11 26 34 29 31 30 40 2 23 37 18 19 13 28 4 10 43 46 22 44 42 32 21 9 20 15 12 48 38 3 7 6 45 27 41 5 49 17 36 35 16 33
Coste: 48960

GENERACION: 580
Mejor Solucion:  0 47 39 25 24 14 8 1 11 26 34 29 31 30 40 2 23 37 18 19 13 28 4 10 43 46 22 44 42 32 21 9 20 15 12 48 38 3 7 6 45 27 41 5 49 17 36 35 16 33
Coste: 48960

GENERACION: 585
Mejor Solucion:  0 47 39 25 24 14 8 1 11 26 34 29 31 30 40 2 23 37 18 19 13 28 4 10 43 46 22 44 42 32 21 9 20 15 12 48 38 3 7 6 45 27 41 5 49 17 36 35 16 33
Coste: 48960

GENERACION: 590
Mejor Solucion:  0 47 39 25 24 14 8 1 11 26 34 29 31 30 40 2 23 37 18 19 13 28 4 10 43 46 22 44 42 32 21 9 20 15 12 48 38 3 7 6 45 27 41 5 49 17 36 35 16 33
Coste: 48960

GENERACION: 595
Mejor Solucion:  0 47 39 25 24 14 8 1 11 26 34 29 31 30 40 2 23 37 18 19 13 28 4 10 43 46 22 44 42 32 21 9 20 15 12 48 38 3 7 6 45 27 41 5 49 17 36 35 16 33
Coste: 48960

GENERACION: 600
Mejor Solucion:  0 47 39 25 24 14 8 1 11 26 34 29 31 30 40 2 23 37 18 19 13 28 4 10 43 46 22 44 42 32 21 9 20 15 12 48 38 3 7 6 45 27 41 5 49 17 36 35 16 33
Coste: 48960

GENERACION: 605
Mejor Solucion:  0 47 39 25 24 14 8 1 11 26 34 29 31 30 40 2 23 37 18 19 13 28 4 10 43 46 22 44 42 32 21 9 20 15 12 48 38 3 7 6 45 27 41 5 49 17 36 35 16 33
Coste: 48960

GENERACION: 610
Mejor Solucion:  0 47 39 25 24 14 8 1 11 26 34 29 31 30 40 2 23 37 18 19 13 28 4 10 43 46 22 44 42 32 21 9 20 15 12 48 38 3 7 6 45 27 41 5 49 17 36 35 16 33
Coste: 48960

GENERACION: 615
Mejor Solucion:  0 47 39 25 24 14 8 1 11 26 34 29 31 30 40 2 23 37 18 19 13 28 4 10 43 46 22 44 42 32 21 9 20 15 12 48 38 3 7 6 45 27 41 5 49 17 36 35 16 33
Coste: 48960

GENERACION: 620
Mejor Solucion:  0 47 39 25 24 14 8 1 11 26 34 29 31 30 40 2 23 37 18 19 13 28 4 10 43 46 22 44 42 32 21 9 20 15 12 48 38 3 7 6 45 27 41 5 49 17 36 35 16 33
Coste: 48960

GENERACION: 625
Mejor Solucion:  0 47 39 25 24 14 8 1 11 26 34 29 31 30 40 2 23 37 18 19 13 28 4 10 43 46 22 44 42 32 21 9 20 15 12 48 38 3 7 6 45 27 41 5 49 17 36 35 16 33
Coste: 48960

GENERACION: 630
Mejor Solucion:  0 47 39 25 24 14 8 1 11 26 34 29 31 30 40 2 23 37 18 19 13 28 4 10 43 46 22 44 42 32 21 9 20 15 12 48 38 3 7 6 45 27 41 5 49 17 36 35 16 33
Coste: 48960

GENERACION: 635
Mejor Solucion:  0 47 39 25 24 14 8 1 11 26 34 29 31 30 40 2 23 37 18 19 13 28 4 10 43 46 22 44 42 32 21 9 20 15 12 48 38 3 7 6 45 27 41 5 49 17 36 35 16 33
Coste: 48960

GENERACION: 640
Mejor Solucion:  0 47 39 25 24 14 8 1 11 26 34 29 31 30 40 2 23 37 18 19 13 28 4 10 43 46 22 44 42 32 21 9 20 15 12 48 38 3 7 6 45 27 41 5 49 17 36 35 16 33
Coste: 48960

GENERACION: 645
Mejor Solucion:  0 47 39 25 24 14 8 1 11 26 34 29 31 30 40 2 23 37 18 19 13 28 4 10 43 46 22 44 42 32 21 9 20 15 12 48 38 3 7 6 45 27 41 5 49 17 36 35 16 33
Coste: 48960

GENERACION: 650
Mejor Solucion:  0 47 39 25 24 14 8 1 11 26 34 29 31 30 40 2 23 37 18 19 13 28 4 10 43 46 22 44 42 32 21 9 20 15 12 48 38 3 7 6 45 27 41 5 49 17 36 35 16 33
Coste: 48960

GENERACION: 655
Mejor Solucion:  0 47 39 25 24 14 8 1 11 26 34 29 31 30 40 2 23 37 18 19 13 28 4 10 43 46 22 44 42 32 21 9 20 15 12 48 38 3 7 6 45 27 41 5 49 17 36 35 16 33
Coste: 48960

GENERACION: 660
Mejor Solucion:  0 47 39 25 24 14 8 1 11 26 34 29 31 30 40 2 23 37 18 19 13 28 4 10 43 46 22 44 42 32 21 9 20 15 12 48 38 3 7 6 45 27 41 5 49 17 36 35 16 33
Coste: 48960

GENERACION: 665
Mejor Solucion:  0 47 39 25 24 14 8 1 11 26 34 29 31 30 40 2 23 37 18 19 13 28 4 10 43 46 22 44 42 32 21 9 20 15 12 48 38 3 7 6 45 27 41 5 49 17 36 35 16 33
Coste: 48960

GENERACION: 670
Mejor Solucion:  0 47 39 25 24 14 8 1 11 26 34 29 31 30 40 2 23 37 18 19 13 28 4 10 43 46 22 44 42 32 21 9 20 15 12 48 38 3 7 6 45 27 41 5 49 17 36 35 16 33
Coste: 48960

GENERACION: 675
Mejor Solucion:  0 47 39 25 24 14 8 1 11 26 34 29 31 30 40 2 23 37 18 19 13 28 4 10 43 46 22 44 42 32 21 9 20 15 12 48 38 3 7 6 45 27 41 5 49 17 36 35 16 33
Coste: 48960

GENERACION: 680
Mejor Solucion:  0 47 39 25 24 14 8 1 11 26 34 29 31 30 40 2 23 37 18 19 13 28 4 10 43 46 22 44 42 32 21 9 20 15 12 48 38 3 7 6 45 27 41 5 49 17 36 35 16 33
Coste: 48960

GENERACION: 685
Mejor Solucion:  0 47 39 25 24 14 8 1 11 26 34 29 31 30 40 2 23 37 18 19 13 28 4 10 43 46 22 44 42 32 21 9 20 15 12 48 38 3 7 6 45 27 41 5 49 17 36 35 16 33
Coste: 48960

GENERACION: 690
Mejor Solucion:  0 47 39 25 24 14 8 1 11 26 34 29 31 30 40 2 23 37 18 19 13 28 4 10 43 46 22 44 42 32 21 9 20 15 12 48 38 3 7 6 45 27 41 5 49 17 36 35 16 33
Coste: 48960

GENERACION: 695
Mejor Solucion:  0 47 39 25 24 14 8 1 11 26 34 29 31 30 40 2 23 37 18 19 13 28 4 10 43 46 22 44 42 32 21 9 20 15 12 48 38 3 7 6 45 27 41 5 49 17 36 35 16 33
Coste: 48960

GENERACION: 700
Mejor Solucion:  0 47 39 25 24 14 8 1 11 26 34 29 31 30 40 2 23 37 18 19 13 28 4 10 43 46 22 44 42 32 21 9 20 15 12 48 38 3 7 6 45 27 41 5 49 17 36 35 16 33
Coste: 48960

GENERACION: 705
Mejor Solucion:  0 47 39 25 24 14 8 1 11 26 34 29 31 30 40 2 23 37 18 19 13 28 4 10 43 46 22 44 42 32 21 9 20 15 12 48 38 3 7 6 45 27 41 5 49 17 36 35 16 33
Coste: 48960

GENERACION: 710
Mejor Solucion:  0 47 39 25 24 14 8 1 11 26 34 29 31 30 40 2 23 37 18 19 13 28 4 10 43 46 22 44 42 32 21 9 20 15 12 48 38 3 7 6 45 27 41 5 49 17 36 35 16 33
Coste: 48960

GENERACION: 715
Mejor Solucion:  0 47 39 25 24 14 8 1 11 26 34 29 31 30 40 2 23 37 18 19 13 28 4 10 43 46 22 44 42 32 21 9 20 15 12 48 38 3 7 6 45 27 41 5 49 17 36 35 16 33
Coste: 48960

GENERACION: 720
Mejor Solucion:  0 47 39 25 24 14 8 1 11 26 34 29 31 30 40 2 23 37 18 19 13 28 4 10 43 46 22 44 42 32 21 9 20 15 12 48 38 3 7 6 45 27 41 5 49 17 36 35 16 33
Coste: 48960

GENERACION: 725
Mejor Solucion:  0 47 39 25 24 14 8 1 11 26 34 29 31 30 40 2 23 37 18 19 13 28 4 10 43 46 22 44 42 32 21 9 20 15 12 48 38 3 7 6 45 27 41 5 49 17 36 35 16 33
Coste: 48960

GENERACION: 730
Mejor Solucion:  0 47 39 25 24 14 8 1 11 26 34 29 31 30 40 2 23 37 18 19 13 28 4 10 43 46 22 44 42 32 21 9 20 15 12 48 38 3 7 6 45 27 41 5 49 17 36 35 16 33
Coste: 48960

GENERACION: 735
Mejor Solucion:  0 47 39 25 24 14 8 1 11 26 34 29 31 30 40 2 23 37 18 19 13 28 4 10 43 46 22 44 42 32 21 9 20 15 12 48 38 3 7 6 45 27 41 5 49 17 36 35 16 33
Coste: 48960

GENERACION: 740
Mejor Solucion:  0 47 39 25 24 14 8 1 11 26 34 29 31 30 40 2 23 37 18 19 13 28 4 10 43 46 22 44 42 32 21 9 20 15 12 48 38 3 7 6 45 27 41 5 49 17 36 35 16 33
Coste: 48960

GENERACION: 745
Mejor Solucion:  0 47 39 25 24 14 8 1 11 26 34 29 31 30 40 2 23 37 18 19 13 28 4 10 43 46 22 44 42 32 21 9 20 15 12 48 38 3 7 6 45 27 41 5 49 17 36 35 16 33
Coste: 48960

GENERACION: 750
Mejor Solucion:  0 47 39 25 24 14 8 1 11 26 34 29 31 30 40 2 23 37 18 19 13 28 4 10 43 46 22 44 42 32 21 9 20 15 12 48 38 3 7 6 45 27 41 5 49 17 36 35 16 33
Coste: 48960

GENERACION: 755
Mejor Solucion:  0 47 39 25 24 14 8 1 11 26 34 29 31 30 40 2 23 37 18 19 13 28 4 10 43 46 22 44 42 32 21 9 20 15 12 48 38 3 7 6 45 27 41 5 49 17 36 35 16 33
Coste: 48960

GENERACION: 760
Mejor Solucion:  0 47 39 25 24 14 8 1 11 26 34 29 31 30 40 2 23 37 18 19 13 28 4 10 43 46 22 44 42 32 21 9 20 15 12 48 38 3 7 6 45 27 41 5 49 17 36 35 16 33
Coste: 48960

GENERACION: 765
Mejor Solucion:  0 47 39 25 24 14 8 1 11 26 34 29 31 30 40 2 23 37 18 19 13 28 4 10 43 46 22 44 42 32 21 9 20 15 12 48 38 3 7 6 45 27 41 5 49 17 36 35 16 33
Coste: 48960

GENERACION: 770
Mejor Solucion:  0 47 39 25 24 14 8 1 11 26 34 29 31 30 40 2 23 37 18 19 13 28 4 10 43 46 22 44 42 32 21 9 20 15 12 48 38 3 7 6 45 27 41 5 49 17 36 35 16 33
Coste: 48960

GENERACION: 775
Mejor Solucion:  0 47 39 25 24 14 8 1 11 26 34 29 31 30 40 2 23 37 18 19 13 28 4 10 43 46 22 44 42 32 21 9 20 15 12 48 38 3 7 6 45 27 41 5 49 17 36 35 16 33
Coste: 48960

GENERACION: 780
Mejor Solucion:  0 47 39 25 24 14 8 1 11 26 34 29 31 30 40 2 23 37 18 19 13 28 4 10 43 46 22 44 42 32 21 9 20 15 12 48 38 3 7 6 45 27 41 5 49 17 36 35 16 33
Coste: 48960

GENERACION: 785
Mejor Solucion:  0 47 39 25 24 14 8 1 11 26 34 29 31 30 40 2 23 37 18 19 13 28 4 10 43 46 22 44 42 32 21 9 20 15 12 48 38 3 7 6 45 27 41 5 49 17 36 35 16 33
Coste: 48960

GENERACION: 790
Mejor Solucion:  0 47 39 25 24 14 8 1 11 26 34 29 31 30 40 2 23 37 18 19 13 28 4 10 43 46 22 44 42 32 21 9 20 15 12 48 38 3 7 6 45 27 41 5 49 17 36 35 16 33
Coste: 48960

GENERACION: 795
Mejor Solucion:  21 34 5 39 43 46 12 1 24 25 0 9 15 31 40 2 37 49 8 11 13 28 4 30 23 3 38 44 22 26 47 29 20 10 32 18 48 7 42 6 45 27 41 14 16 36 33 35 17 19
Coste: 48918

GENERACION: 800
Mejor Solucion:  21 34 5 39 43 46 12 1 24 25 0 9 15 31 40 2 37 49 8 11 13 28 4 30 23 3 38 44 22 26 47 29 20 10 32 18 48 7 42 6 45 27 41 14 16 36 33 35 17 19
Coste: 48918

GENERACION: 805
Mejor Solucion:  21 34 5 39 43 46 12 1 24 25 0 9 15 31 40 2 37 49 8 11 13 28 4 30 23 3 38 44 22 26 47 29 20 10 32 18 48 7 42 6 45 27 41 14 16 36 33 35 17 19
Coste: 48918

GENERACION: 810
Mejor Solucion:  21 34 5 39 43 46 12 1 24 25 0 9 15 31 40 2 37 49 8 11 13 28 4 30 23 3 38 44 22 26 47 29 20 10 32 18 48 7 42 6 45 27 41 14 16 36 33 35 17 19
Coste: 48918

GENERACION: 815
Mejor Solucion:  21 34 5 39 43 46 12 1 24 25 0 9 15 31 40 2 37 49 8 11 13 28 4 30 23 3 38 44 22 26 47 29 20 10 32 18 48 7 42 6 45 27 41 14 16 36 33 35 17 19
Coste: 48918

GENERACION: 820
Mejor Solucion:  21 34 5 39 43 46 12 1 24 25 0 9 15 31 40 2 37 49 8 11 13 28 4 30 23 3 38 44 22 26 47 29 20 10 32 18 48 7 42 6 45 27 41 14 16 36 33 35 17 19
Coste: 48918

GENERACION: 825
Mejor Solucion:  21 34 5 39 43 46 12 1 24 25 0 9 15 31 40 2 37 49 8 11 13 28 4 30 23 3 38 44 22 26 47 29 20 10 32 18 48 7 42 6 45 27 41 14 16 36 33 35 17 19
Coste: 48918

GENERACION: 830
Mejor Solucion:  21 34 5 39 43 46 12 1 24 25 0 9 15 31 40 2 37 49 8 11 13 28 4 30 23 3 38 44 22 26 47 29 20 10 32 18 48 7 42 6 45 27 41 14 16 36 33 35 17 19
Coste: 48918

GENERACION: 835
Mejor Solucion:  21 34 5 39 43 46 12 1 24 25 0 9 15 31 40 2 37 49 8 11 13 28 4 30 23 3 38 44 22 26 47 29 20 10 32 18 48 7 42 6 45 27 41 14 16 36 33 35 17 19
Coste: 48918

GENERACION: 840
Mejor Solucion:  21 34 5 39 43 46 12 1 24 25 0 9 15 31 40 2 37 49 8 11 13 28 4 30 23 3 38 44 22 26 47 29 20 10 32 18 48 7 42 6 45 27 41 14 16 36 33 35 17 19
Coste: 48918

GENERACION: 845
Mejor Solucion:  21 34 5 39 43 46 12 1 24 25 0 9 15 31 40 2 37 49 8 11 13 28 4 30 23 3 38 44 22 26 47 29 20 10 32 18 48 7 42 6 45 27 41 14 16 36 33 35 17 19
Coste: 48918

GENERACION: 850
Mejor Solucion:  21 34 5 39 43 46 12 1 24 25 0 9 15 31 40 2 37 49 8 11 13 28 4 30 23 3 38 44 22 26 47 29 20 10 32 18 48 7 42 6 45 27 41 14 16 36 33 35 17 19
Coste: 48918

GENERACION: 855
Mejor Solucion:  21 34 5 39 43 46 12 1 24 25 0 9 15 31 40 2 37 49 8 11 13 28 4 30 23 3 38 44 22 26 47 29 20 10 32 18 48 7 42 6 45 27 41 14 16 36 33 35 17 19
Coste: 48918

GENERACION: 860
Mejor Solucion:  21 34 5 39 43 46 12 1 24 25 0 9 15 31 40 2 37 49 8 11 13 28 4 30 23 3 38 44 22 26 47 29 20 10 32 18 48 7 42 6 45 27 41 14 16 36 33 35 17 19
Coste: 48918

GENERACION: 865
Mejor Solucion:  21 34 5 39 43 46 12 1 24 25 0 9 15 31 40 2 37 49 8 11 13 28 4 30 23 3 38 44 22 26 47 29 20 10 32 18 48 7 42 6 45 27 41 14 16 36 33 35 17 19
Coste: 48918

GENERACION: 870
Mejor Solucion:  21 34 5 39 43 46 12 1 24 25 0 9 15 31 40 2 37 49 8 11 13 28 4 30 23 3 38 44 22 26 47 29 20 10 32 18 48 7 42 6 45 27 41 14 16 36 33 35 17 19
Coste: 48918

GENERACION: 875
Mejor Solucion:  21 34 5 39 43 46 12 1 24 25 0 9 15 31 40 2 37 49 8 11 13 28 4 30 23 3 38 44 22 26 47 29 20 10 32 18 48 7 42 6 45 27 41 14 16 36 33 35 17 19
Coste: 48918

GENERACION: 880
Mejor Solucion:  21 34 5 39 43 46 12 1 24 25 0 9 15 31 40 2 37 49 8 11 13 28 4 30 23 3 38 44 22 26 47 29 20 10 32 18 48 7 42 6 45 27 41 14 16 36 33 35 17 19
Coste: 48918

GENERACION: 885
Mejor Solucion:  21 34 5 39 43 46 12 1 24 25 0 9 15 31 40 2 37 49 8 11 13 28 4 30 23 3 38 44 22 26 47 29 20 10 32 18 48 7 42 6 45 27 41 14 16 36 33 35 17 19
Coste: 48918

GENERACION: 890
Mejor Solucion:  21 34 5 39 43 46 12 1 24 25 0 9 15 31 40 2 37 49 8 11 13 28 4 30 23 3 38 44 22 26 47 29 20 10 32 18 48 7 42 6 45 27 41 14 16 36 33 35 17 19
Coste: 48918

GENERACION: 895
Mejor Solucion:  21 34 5 39 43 46 12 1 24 25 0 9 15 31 40 2 37 49 8 11 13 28 4 30 23 3 38 44 22 26 47 29 20 10 32 18 48 7 42 6 45 27 41 14 16 36 33 35 17 19
Coste: 48918

GENERACION: 900
Mejor Solucion:  21 34 5 39 43 46 12 1 24 25 0 9 15 31 40 2 37 49 8 11 13 28 4 30 23 3 38 44 22 26 47 29 20 10 32 18 48 7 42 6 45 27 41 14 16 36 33 35 17 19
Coste: 48918

GENERACION: 905
Mejor Solucion:  21 34 5 39 43 46 12 1 24 25 0 9 15 31 40 2 37 49 8 11 13 28 4 30 23 3 38 44 22 26 47 29 20 10 32 18 48 7 42 6 45 27 41 14 16 36 33 35 17 19
Coste: 48918

GENERACION: 910
Mejor Solucion:  21 34 5 39 43 46 12 1 24 25 0 9 15 31 40 2 37 49 8 11 13 28 4 30 23 3 38 44 22 26 47 29 20 10 32 18 48 7 42 6 45 27 41 14 16 36 33 35 17 19
Coste: 48918

GENERACION: 915
Mejor Solucion:  21 34 5 39 43 46 12 1 24 25 0 9 15 31 40 2 37 49 8 11 13 28 4 30 23 3 38 44 22 26 47 29 20 10 32 18 48 7 42 6 45 27 41 14 16 36 33 35 17 19
Coste: 48918

GENERACION: 920
Mejor Solucion:  21 34 5 39 43 46 12 1 24 25 0 9 15 31 40 2 37 49 8 11 13 28 4 30 23 3 38 44 22 26 47 29 20 10 32 18 48 7 42 6 45 27 41 14 16 36 33 35 17 19
Coste: 48918

GENERACION: 925
Mejor Solucion:  21 34 5 39 43 46 12 1 24 25 0 9 15 31 40 2 37 49 8 11 13 28 4 30 23 3 38 44 22 26 47 29 20 10 32 18 48 7 42 6 45 27 41 14 16 36 33 35 17 19
Coste: 48918

GENERACION: 930
Mejor Solucion:  21 34 5 39 43 46 12 1 24 25 0 9 15 31 40 2 37 49 8 11 13 28 4 30 23 3 38 44 22 26 47 29 20 10 32 18 48 7 42 6 45 27 41 14 16 36 33 35 17 19
Coste: 48918

GENERACION: 935
Mejor Solucion:  21 34 5 39 43 46 12 1 24 25 0 9 15 31 40 2 37 49 8 11 13 28 4 30 23 3 38 44 22 26 47 29 20 10 32 18 48 7 42 6 45 27 41 14 16 36 33 35 17 19
Coste: 48918

GENERACION: 940
Mejor Solucion:  21 34 5 39 43 46 12 1 24 25 0 9 15 31 40 2 37 49 8 11 13 28 4 30 23 3 38 44 22 26 47 29 20 10 32 18 48 7 42 6 45 27 41 14 16 36 33 35 17 19
Coste: 48918

GENERACION: 945
Mejor Solucion:  21 34 5 39 43 46 12 1 24 25 0 9 15 31 40 2 37 49 8 11 13 28 4 30 23 3 38 44 22 26 47 29 20 10 32 18 48 7 42 6 45 27 41 14 16 36 33 35 17 19
Coste: 48918

GENERACION: 950
Mejor Solucion:  21 34 5 39 43 46 12 1 24 25 0 9 15 31 40 2 37 49 8 11 13 28 4 30 23 3 38 44 22 26 47 29 20 10 32 18 48 7 42 6 45 27 41 14 16 36 33 35 17 19
Coste: 48918

GENERACION: 955
Mejor Solucion:  21 34 5 39 43 46 12 1 24 25 0 9 15 31 40 2 37 49 8 11 13 28 4 30 23 3 38 44 22 26 47 29 20 10 32 18 48 7 42 6 45 27 41 14 16 36 33 35 17 19
Coste: 48918

GENERACION: 960
Mejor Solucion:  21 34 5 39 43 46 12 1 24 25 0 9 15 31 40 2 37 49 8 11 13 28 4 30 23 3 38 44 22 26 47 29 20 10 32 18 48 7 42 6 45 27 41 14 16 36 33 35 17 19
Coste: 48918

GENERACION: 965
Mejor Solucion:  21 34 5 39 43 46 12 1 24 25 0 9 15 31 40 2 37 49 8 11 13 28 4 30 23 3 38 44 22 26 47 29 20 10 32 18 48 7 42 6 45 27 41 14 16 36 33 35 17 19
Coste: 48918

GENERACION: 970
Mejor Solucion:  21 34 5 39 43 46 12 1 24 25 0 9 15 31 40 2 37 49 8 11 13 28 4 30 23 3 38 44 22 26 47 29 20 10 32 18 48 7 42 6 45 27 41 14 16 36 33 35 17 19
Coste: 48918

GENERACION: 975
Mejor Solucion:  21 34 5 39 43 46 12 1 24 25 0 9 15 31 40 2 37 49 8 11 13 28 4 30 23 3 38 44 22 26 47 29 20 10 32 18 48 7 42 6 45 27 41 14 16 36 33 35 17 19
Coste: 48918

GENERACION: 980
Mejor Solucion:  21 34 5 39 43 46 12 1 24 25 0 9 15 31 40 2 37 49 8 11 13 28 4 30 23 3 38 44 22 26 47 29 20 10 32 18 48 7 42 6 45 27 41 14 16 36 33 35 17 19
Coste: 48918

GENERACION: 985
Mejor Solucion:  21 34 5 39 43 46 12 1 24 25 0 9 15 31 40 2 37 49 8 11 13 28 4 30 23 3 38 44 22 26 47 29 20 10 32 18 48 7 42 6 45 27 41 14 16 36 33 35 17 19
Coste: 48918

GENERACION: 990
Mejor Solucion:  21 34 5 39 43 46 12 1 24 25 0 9 15 31 40 2 37 49 8 11 13 28 4 30 23 3 38 44 22 26 47 29 20 10 32 18 48 7 42 6 45 27 41 14 16 36 33 35 17 19
Coste: 48918

GENERACION: 995
Mejor Solucion:  21 34 5 39 43 46 12 1 24 25 0 9 15 31 40 2 37 49 8 11 13 28 4 30 23 3 38 44 22 26 47 29 20 10 32 18 48 7 42 6 45 27 41 14 16 36 33 35 17 19
Coste: 48918

GENERACION: 1000
Mejor Solucion:  21 34 5 39 43 46 12 1 24 25 0 9 15 31 40 2 37 49 8 11 13 28 4 30 23 3 38 44 22 26 47 29 20 10 32 18 48 7 42 6 45 27 41 14 16 36 33 35 17 19
Coste: 48918

