GENERACION: 5
Mejor Solucion:  48 39 31 19 18 26 28 24 38 10 27 12 41 1 49 42 16 35 9 7 45 5 23 4 36 44 40 17 14 46 33 37 22 43 13 25 6 34 30 47 20 0 2 29 32 15 3 11 8 21
Coste: 54700

GENERACION: 10
Mejor Solucion:  12 1 5 15 35 49 20 27 28 45 6 22 44 48 38 17 41 29 34 25 39 23 43 4 40 31 10 9 24 13 7 11 2 46 37 3 42 30 47 21 26 32 18 8 36 14 33 16 19 0
Coste: 52336

GENERACION: 15
Mejor Solucion:  12 1 5 15 35 49 20 27 28 45 6 22 44 48 38 17 41 29 34 25 39 23 43 4 40 31 10 9 24 13 7 11 2 46 37 3 42 30 47 21 26 32 18 8 36 14 33 16 19 0
Coste: 52336

GENERACION: 20
Mejor Solucion:  44 37 18 7 12 1 22 6 19 25 32 3 36 35 48 33 42 30 11 8 4 43 2 46 38 40 49 10 24 17 13 20 23 16 15 9 28 31 14 26 45 21 41 5 27 34 29 39 47 0
Coste: 50218

GENERACION: 25
Mejor Solucion:  44 37 18 7 12 1 22 6 19 25 32 3 36 35 48 33 42 30 11 8 4 43 2 46 38 40 49 10 24 17 13 20 23 16 15 9 28 31 14 26 45 21 41 39 27 34 29 5 47 0
Coste: 49960

GENERACION: 30
Mejor Solucion:  32 35 3 7 44 42 22 6 11 26 33 37 16 2 38 12 1 49 24 19 18 36 23 46 48 40 30 14 8 17 13 4 20 43 15 9 28 31 10 25 45 21 41 5 27 34 29 39 47 0
Coste: 49665

GENERACION: 35
Mejor Solucion:  32 35 3 7 44 42 22 6 11 26 33 37 16 2 38 12 1 49 24 19 18 36 23 46 48 40 30 14 8 17 13 4 20 43 15 9 28 31 10 25 45 21 41 5 27 34 29 39 47 0
Coste: 49665

GENERACION: 40
Mejor Solucion:  32 3 16 7 44 1 42 11 19 26 33 37 23 2 38 12 22 49 24 6 18 36 35 46 48 40 30 14 8 17 13 4 20 43 15 9 28 31 10 25 45 21 41 5 27 34 29 39 47 0
Coste: 49618

GENERACION: 45
Mejor Solucion:  32 3 16 7 44 1 42 11 19 26 33 37 23 2 38 12 22 49 24 6 18 36 35 46 48 40 30 14 8 17 13 4 20 43 15 9 28 31 10 25 45 21 41 5 27 34 29 39 47 0
Coste: 49592

GENERACION: 50
Mejor Solucion:  33 35 16 18 7 12 42 6 19 26 32 36 38 48 23 1 22 14 11 8 37 3 44 46 2 40 49 30 24 17 13 4 20 43 15 9 28 31 10 25 45 21 27 41 5 34 29 39 47 0
Coste: 49525

GENERACION: 55
Mejor Solucion:  33 35 16 18 7 12 42 6 19 26 32 36 38 48 23 1 22 14 11 8 37 3 44 46 2 40 49 30 24 17 13 4 20 43 15 9 28 31 10 25 45 21 27 41 5 34 29 39 47 0
Coste: 49525

GENERACION: 60
Mejor Solucion:  33 35 16 18 7 12 42 6 19 26 32 36 38 48 23 1 22 14 11 8 37 3 44 46 2 40 49 30 24 17 13 4 20 43 15 9 28 31 10 25 45 21 27 41 5 34 29 39 47 0
Coste: 49525

GENERACION: 65
Mejor Solucion:  33 35 16 18 7 12 42 6 19 26 32 36 38 48 23 1 22 14 11 8 37 3 44 46 2 40 49 30 24 17 13 4 20 43 15 9 28 31 10 25 45 21 27 41 5 34 29 39 47 0
Coste: 49525

GENERACION: 70
Mejor Solucion:  32 3 16 7 23 18 2 19 11 26 4 33 36 44 42 37 10 30 24 6 20 35 38 48 46 22 40 14 8 17 13 41 28 1 15 43 31 49 12 25 45 21 27 5 9 34 29 39 47 0
Coste: 49472

GENERACION: 75
Mejor Solucion:  32 3 16 7 23 18 2 19 11 26 4 33 36 44 42 37 10 30 24 6 20 35 38 48 46 22 40 14 8 17 13 41 28 1 15 43 31 49 12 25 45 21 27 5 9 34 29 39 47 0
Coste: 49472

GENERACION: 80
Mejor Solucion:  32 3 16 7 23 18 2 19 11 26 4 33 36 44 42 37 10 30 24 6 20 35 38 48 46 22 40 14 8 17 13 41 28 1 15 43 31 49 12 25 45 21 27 5 9 34 29 39 47 0
Coste: 49472

GENERACION: 85
Mejor Solucion:  32 3 16 7 23 18 2 19 11 26 4 33 36 44 42 37 10 30 24 6 20 35 38 48 46 22 40 14 8 17 13 41 28 1 15 43 31 49 12 25 45 21 27 5 9 34 29 39 47 0
Coste: 49472

GENERACION: 90
Mejor Solucion:  32 16 3 7 44 23 18 19 11 26 33 36 38 42 37 2 22 1 12 6 41 27 35 5 48 40 46 49 8 17 13 20 28 15 43 10 31 14 24 25 45 21 4 9 34 29 30 39 47 0
Coste: 49220

GENERACION: 95
Mejor Solucion:  32 16 3 7 44 23 18 19 11 26 33 36 38 42 37 2 22 1 12 6 41 27 35 5 48 40 46 49 8 17 13 20 28 15 43 10 31 14 24 25 45 21 4 9 34 29 30 39 47 0
Coste: 49206

GENERACION: 100
Mejor Solucion:  32 16 3 7 44 23 18 19 11 26 33 36 38 42 37 2 22 1 12 6 41 27 35 5 48 40 46 49 8 17 13 20 28 15 43 10 31 14 24 25 45 21 4 9 34 29 30 39 47 0
Coste: 49206

GENERACION: 105
Mejor Solucion:  32 16 3 7 44 23 18 19 11 26 33 36 38 42 37 2 22 1 12 6 41 27 35 5 48 40 46 49 8 17 13 20 28 15 43 10 31 14 24 25 45 21 4 9 34 29 30 39 47 0
Coste: 49206

GENERACION: 110
Mejor Solucion:  32 16 3 7 44 23 18 19 11 26 33 36 38 42 37 2 22 1 12 6 41 27 35 5 48 40 46 49 8 17 13 20 28 15 43 10 31 14 24 25 45 21 4 9 34 29 30 39 47 0
Coste: 49206

GENERACION: 115
Mejor Solucion:  32 16 3 7 44 23 18 19 11 26 33 36 38 42 37 2 22 1 12 6 41 27 35 5 48 40 46 49 8 17 13 20 28 15 43 10 31 14 24 25 45 21 4 9 34 29 30 39 47 0
Coste: 49206

GENERACION: 120
Mejor Solucion:  32 16 3 7 44 23 18 19 11 26 33 36 38 42 37 2 22 1 12 6 41 27 35 5 48 40 46 49 8 17 13 20 28 15 43 10 31 14 24 25 45 21 4 9 34 29 30 39 47 0
Coste: 49206

GENERACION: 125
Mejor Solucion:  32 16 3 7 44 23 18 19 11 26 33 36 38 42 37 2 22 1 12 6 41 27 35 5 48 40 46 49 8 17 13 20 28 15 43 10 31 14 24 25 45 21 4 9 34 29 30 39 47 0
Coste: 49206

GENERACION: 130
Mejor Solucion:  32 16 3 7 44 23 18 19 11 26 33 36 38 42 37 2 22 1 12 6 41 27 35 5 48 40 46 49 8 17 13 20 28 15 43 10 31 14 24 25 45 21 4 9 34 29 30 39 47 0
Coste: 49206

GENERACION: 135
Mejor Solucion:  32 16 3 7 44 23 18 19 11 26 33 36 38 42 37 2 22 1 12 6 41 27 35 5 48 40 46 49 8 17 13 20 28 15 43 10 31 14 24 25 45 21 4 9 34 29 30 39 47 0
Coste: 49206

GENERACION: 140
Mejor Solucion:  32 16 3 7 44 23 18 19 11 26 33 36 38 42 37 2 22 1 12 6 41 27 35 5 48 40 46 49 8 17 13 20 28 15 43 10 31 14 24 25 45 21 4 9 34 29 30 39 47 0
Coste: 49206

GENERACION: 145
Mejor Solucion:  32 16 3 7 44 23 18 19 11 26 33 36 38 42 37 2 22 1 12 6 41 27 35 5 48 40 46 49 8 17 13 20 28 15 43 10 31 14 24 25 45 21 4 9 34 29 30 39 47 0
Coste: 49206

GENERACION: 150
Mejor Solucion:  32 16 33 42 37 7 18 6 19 26 4 3 36 44 38 22 23 2 46 11 47 41 35 30 48 40 10 14 17 8 13 28 20 29 15 43 31 49 1 24 45 21 27 34 9 5 39 12 0 25
Coste: 49189

GENERACION: 155
Mejor Solucion:  32 16 33 42 37 7 18 6 19 26 4 3 36 44 38 22 23 2 46 11 47 41 35 30 48 40 10 14 17 8 13 28 20 29 15 43 31 49 1 24 45 21 27 34 9 5 39 12 0 25
Coste: 49189

GENERACION: 160
Mejor Solucion:  32 16 33 42 37 7 18 6 19 26 4 3 36 44 38 22 23 2 46 11 47 41 35 30 48 40 10 14 17 8 13 28 20 9 15 43 31 49 12 24 45 21 27 34 29 5 0 39 1 25
Coste: 49171

GENERACION: 165
Mejor Solucion:  32 16 33 42 37 7 18 6 19 26 4 3 36 44 38 22 23 2 46 11 47 41 35 30 48 40 10 14 17 8 13 28 20 9 15 43 31 49 12 24 45 21 27 34 29 5 0 39 1 25
Coste: 49171

GENERACION: 170
Mejor Solucion:  32 16 33 42 44 7 18 6 19 26 4 3 36 37 38 2 23 10 46 11 47 41 35 30 48 22 40 14 17 8 13 28 20 9 15 43 31 49 12 24 45 21 27 34 29 5 0 39 1 25
Coste: 49150

GENERACION: 175
Mejor Solucion:  32 16 33 42 44 7 18 6 19 26 4 3 36 37 38 2 23 10 46 11 47 41 35 30 48 22 40 14 17 8 13 28 20 9 15 43 31 49 12 24 45 21 27 34 29 5 0 39 1 25
Coste: 49150

GENERACION: 180
Mejor Solucion:  32 16 33 42 44 7 18 6 19 26 4 3 36 37 38 2 23 10 46 11 47 41 35 30 48 22 40 14 17 8 13 28 20 9 15 43 31 49 12 24 45 21 27 34 29 5 0 39 1 25
Coste: 49150

GENERACION: 185
Mejor Solucion:  32 16 33 42 44 7 18 6 19 26 4 3 36 37 38 2 23 10 46 11 47 41 35 30 48 22 40 14 17 8 13 28 20 9 15 43 31 49 12 24 45 21 27 34 29 5 0 39 1 25
Coste: 49150

GENERACION: 190
Mejor Solucion:  32 36 4 3 37 2 18 7 8 26 33 16 35 44 48 38 23 46 1 6 41 20 30 42 22 40 10 14 12 17 13 27 9 28 15 43 31 49 11 19 45 21 47 34 29 0 5 39 24 25
Coste: 49115

GENERACION: 195
Mejor Solucion:  32 36 4 3 37 2 18 7 8 26 33 16 35 44 48 38 23 46 1 6 41 20 30 42 22 40 10 14 12 17 13 27 9 28 15 43 31 49 11 19 45 21 47 34 29 0 5 39 24 25
Coste: 49115

GENERACION: 200
Mejor Solucion:  32 36 4 3 37 2 18 7 8 26 33 16 35 44 48 38 23 46 1 6 41 20 30 42 22 40 10 14 12 17 13 27 9 28 15 43 31 49 11 19 45 21 47 34 29 0 5 39 24 25
Coste: 49115

GENERACION: 205
Mejor Solucion:  32 36 4 3 37 2 18 7 8 26 33 16 35 44 48 38 23 46 1 6 41 20 30 42 22 40 10 14 12 17 13 27 9 28 15 43 31 49 11 19 45 21 47 34 29 0 5 39 24 25
Coste: 49115

GENERACION: 210
Mejor Solucion:  32 36 4 3 37 2 18 7 8 26 33 16 35 44 48 38 23 46 1 6 41 20 30 42 22 40 10 14 12 17 13 27 9 28 15 43 31 49 11 19 45 21 47 34 29 0 5 39 24 25
Coste: 49115

GENERACION: 215
Mejor Solucion:  32 36 4 3 37 2 18 7 8 26 33 16 35 44 48 38 23 46 1 6 41 20 30 42 22 40 10 14 12 17 13 27 9 28 15 43 31 49 11 19 45 21 47 34 29 0 5 39 24 25
Coste: 49115

GENERACION: 220
Mejor Solucion:  32 36 4 3 37 2 18 7 8 26 33 16 35 44 48 38 23 46 1 6 41 20 30 42 22 40 10 14 12 17 13 27 9 28 15 43 31 49 11 19 45 21 47 34 29 0 5 39 24 25
Coste: 49115

GENERACION: 225
Mejor Solucion:  32 36 4 3 37 2 18 7 8 26 33 16 35 44 48 38 23 46 1 6 41 20 30 42 22 40 10 14 12 17 13 27 9 28 15 43 31 49 11 19 45 21 47 34 29 0 5 39 24 25
Coste: 49115

GENERACION: 230
Mejor Solucion:  32 36 4 3 37 2 18 7 8 26 33 16 35 44 48 38 23 46 1 6 41 20 30 42 22 40 10 14 12 17 13 27 9 28 15 43 31 49 11 19 45 21 47 34 29 0 5 39 24 25
Coste: 49115

GENERACION: 235
Mejor Solucion:  32 36 4 3 37 2 18 7 8 26 33 16 35 44 48 38 23 46 1 6 41 20 30 42 22 40 10 14 12 17 13 27 9 28 15 43 31 49 11 19 45 21 47 34 29 0 5 39 24 25
Coste: 49115

GENERACION: 240
Mejor Solucion:  32 36 4 3 37 2 18 7 8 26 33 16 35 44 48 38 23 46 1 6 41 20 30 42 22 40 10 14 12 17 13 27 9 28 15 43 31 49 11 19 45 21 47 34 29 0 5 39 24 25
Coste: 49115

GENERACION: 245
Mejor Solucion:  32 36 4 3 37 2 18 7 8 26 33 16 35 44 48 38 23 46 1 6 41 20 30 42 22 40 10 14 12 17 13 27 9 28 15 43 31 49 11 19 45 21 47 34 29 0 5 39 24 25
Coste: 49115

GENERACION: 250
Mejor Solucion:  32 36 4 3 37 2 18 7 8 26 33 16 35 44 48 38 23 46 1 6 41 20 30 42 22 40 10 14 12 17 13 27 9 28 15 43 31 49 11 19 45 21 47 34 29 0 5 39 24 25
Coste: 49115

GENERACION: 255
Mejor Solucion:  32 36 4 3 37 2 18 7 8 26 33 16 35 44 48 38 23 46 1 6 41 20 30 42 22 40 10 14 12 17 13 27 9 28 15 43 31 49 11 19 45 21 47 34 29 0 5 39 24 25
Coste: 49115

GENERACION: 260
Mejor Solucion:  32 36 4 3 37 2 18 7 8 26 33 16 35 44 48 38 23 46 1 6 41 20 30 42 22 40 10 14 12 17 13 27 9 28 15 43 31 49 11 19 45 21 47 34 29 0 5 39 24 25
Coste: 49115

GENERACION: 265
Mejor Solucion:  32 36 4 3 37 2 18 7 8 26 33 16 35 44 48 38 23 46 1 6 41 20 30 42 22 40 10 14 12 17 13 27 9 28 15 43 31 49 11 19 45 21 47 34 29 0 5 39 24 25
Coste: 49115

GENERACION: 270
Mejor Solucion:  32 36 4 3 37 2 18 7 8 26 33 16 35 44 48 38 23 46 1 6 41 20 30 42 22 40 10 14 12 17 13 27 9 28 15 43 31 49 11 19 45 21 47 34 29 0 5 39 24 25
Coste: 49115

GENERACION: 275
Mejor Solucion:  32 36 4 3 37 2 18 7 8 26 33 16 35 44 48 38 23 46 1 6 41 20 30 42 22 40 10 14 12 17 13 27 9 28 15 43 31 49 11 19 45 21 47 34 29 0 5 39 24 25
Coste: 49115

GENERACION: 280
Mejor Solucion:  32 36 4 3 37 2 18 7 8 26 33 16 35 44 48 38 23 46 1 6 41 20 30 42 22 40 10 14 12 17 13 27 9 28 15 43 31 49 11 19 45 21 47 34 29 0 5 39 24 25
Coste: 49115

GENERACION: 285
Mejor Solucion:  32 36 4 3 37 2 18 7 8 26 33 16 35 44 48 38 23 46 1 6 41 20 30 42 22 40 10 14 12 17 13 27 9 28 15 43 31 49 11 19 45 21 47 34 29 0 5 39 24 25
Coste: 49115

GENERACION: 290
Mejor Solucion:  32 36 4 3 37 2 18 7 8 26 33 16 35 44 48 38 23 46 1 6 41 20 30 42 22 40 10 14 12 17 13 27 9 28 15 43 31 49 11 19 45 21 47 34 29 0 5 39 24 25
Coste: 49115

GENERACION: 295
Mejor Solucion:  32 36 4 3 37 2 18 7 8 26 33 16 35 44 48 38 23 46 1 6 41 20 30 42 22 40 10 14 12 17 13 27 9 28 15 43 31 49 11 19 45 21 47 34 29 0 5 39 24 25
Coste: 49115

GENERACION: 300
Mejor Solucion:  32 36 4 3 37 2 18 7 8 26 33 16 35 44 48 38 23 46 1 6 41 20 30 42 22 40 10 14 12 17 13 27 9 28 15 43 31 49 11 19 45 21 47 34 29 0 5 39 24 25
Coste: 49115

GENERACION: 305
Mejor Solucion:  32 36 4 3 37 2 18 7 8 26 33 16 35 44 48 38 23 46 1 6 41 20 30 42 22 40 10 14 12 17 13 27 9 28 15 43 31 49 11 19 45 21 47 34 29 0 5 39 24 25
Coste: 49115

GENERACION: 310
Mejor Solucion:  32 36 4 3 37 2 18 7 8 26 33 16 35 44 48 38 23 46 1 6 41 20 30 42 22 40 10 14 12 17 13 27 9 28 15 43 31 49 11 19 45 21 47 34 29 0 5 39 24 25
Coste: 49115

GENERACION: 315
Mejor Solucion:  32 36 4 3 37 2 18 7 8 26 33 16 35 44 48 38 23 46 1 6 41 20 30 42 22 40 10 14 12 17 13 27 9 28 15 43 31 49 11 19 45 21 47 34 29 0 5 39 24 25
Coste: 49115

GENERACION: 320
Mejor Solucion:  32 36 4 3 37 2 18 7 8 26 33 16 35 44 48 38 23 46 1 6 41 20 30 42 22 40 10 14 12 17 13 27 9 28 15 43 31 49 11 19 45 21 47 34 29 0 5 39 24 25
Coste: 49115

GENERACION: 325
Mejor Solucion:  32 36 4 3 37 2 18 7 8 26 33 16 35 44 48 38 23 46 1 6 41 20 30 42 22 40 10 14 12 17 13 27 9 28 15 43 31 49 11 19 45 21 47 34 29 0 5 39 24 25
Coste: 49115

GENERACION: 330
Mejor Solucion:  32 36 4 3 37 2 18 7 8 26 33 16 35 44 48 38 23 46 1 6 41 20 30 42 22 40 10 14 12 17 13 27 9 28 15 43 31 49 11 19 45 21 47 34 29 0 5 39 24 25
Coste: 49115

GENERACION: 335
Mejor Solucion:  32 36 4 3 37 2 18 7 8 26 33 16 35 44 48 38 23 46 1 6 41 20 30 42 22 40 10 14 12 17 13 27 9 28 15 43 31 49 11 19 45 21 47 34 29 0 5 39 24 25
Coste: 49115

GENERACION: 340
Mejor Solucion:  32 36 4 3 37 2 18 7 8 26 33 16 35 44 48 38 23 46 1 6 41 20 30 42 22 40 10 14 12 17 13 27 9 28 15 43 31 49 11 19 45 21 47 34 29 0 5 39 24 25
Coste: 49115

GENERACION: 345
Mejor Solucion:  32 36 4 3 37 2 18 7 8 26 33 16 35 44 48 38 23 46 1 6 41 20 30 42 22 40 10 14 12 17 13 27 9 28 15 43 31 49 11 19 45 21 47 34 29 0 5 39 24 25
Coste: 49115

GENERACION: 350
Mejor Solucion:  47 16 35 42 30 22 18 7 19 6 4 41 33 32 36 48 2 14 10 17 45 27 3 44 37 38 23 46 11 26 0 28 20 29 15 40 31 49 1 8 21 34 9 13 5 43 39 12 24 25
Coste: 49071

GENERACION: 355
Mejor Solucion:  47 16 35 42 30 22 18 7 19 6 4 41 33 32 36 48 2 14 10 17 45 27 3 44 37 38 23 46 11 26 0 28 20 29 15 40 31 49 1 8 21 34 9 13 5 43 39 12 24 25
Coste: 49071

GENERACION: 360
Mejor Solucion:  47 16 35 42 30 22 18 7 19 6 4 41 33 32 36 48 2 14 10 17 45 27 3 44 37 38 23 46 11 26 0 28 20 29 15 40 31 49 1 8 21 34 9 13 5 43 39 12 24 25
Coste: 49071

GENERACION: 365
Mejor Solucion:  47 16 35 42 30 22 18 7 19 6 4 41 33 32 36 48 2 14 10 17 45 27 3 44 37 38 23 46 11 26 0 28 20 29 15 40 31 49 1 8 21 34 9 13 5 43 39 12 24 25
Coste: 49071

GENERACION: 370
Mejor Solucion:  45 16 33 32 35 42 18 7 6 19 47 27 41 36 29 48 22 14 10 17 28 20 3 44 38 23 2 49 11 26 0 9 4 5 37 40 31 39 1 8 21 34 13 43 15 30 46 12 24 25
Coste: 48950

GENERACION: 375
Mejor Solucion:  45 16 33 32 35 42 18 7 6 19 47 27 41 36 29 48 22 14 10 17 28 20 3 44 38 23 2 49 11 26 0 9 4 5 37 40 31 39 1 8 21 34 13 43 15 30 46 12 24 25
Coste: 48950

GENERACION: 380
Mejor Solucion:  45 16 33 32 35 42 18 7 6 19 47 27 41 36 29 48 22 14 10 17 28 20 3 44 38 23 2 49 11 26 0 9 4 5 37 40 31 39 1 8 21 34 13 43 15 30 46 12 24 25
Coste: 48950

GENERACION: 385
Mejor Solucion:  45 16 33 32 35 42 18 7 6 19 47 27 41 36 29 48 22 14 10 17 28 20 3 44 38 23 2 49 11 26 0 9 4 5 37 40 31 39 1 8 21 34 13 43 15 30 46 12 24 25
Coste: 48950

GENERACION: 390
Mejor Solucion:  45 16 33 32 35 42 18 7 6 19 47 27 41 36 29 48 22 14 10 17 28 20 3 44 38 23 2 49 11 26 0 9 4 5 37 40 31 39 1 8 21 34 13 43 15 30 46 12 24 25
Coste: 48950

GENERACION: 395
Mejor Solucion:  45 16 33 32 35 42 18 7 6 19 47 27 41 36 29 48 22 14 10 17 28 20 3 44 38 23 2 49 11 26 0 9 4 5 37 40 31 39 1 8 21 34 13 43 15 30 46 12 24 25
Coste: 48950

GENERACION: 400
Mejor Solucion:  45 16 33 32 35 42 18 7 6 19 47 27 41 36 29 48 22 14 10 17 28 20 3 44 38 23 2 49 11 26 0 9 4 5 37 40 31 39 1 8 21 34 13 43 15 30 46 12 24 25
Coste: 48950

GENERACION: 405
Mejor Solucion:  45 16 33 32 35 42 18 7 6 19 47 27 41 36 29 48 22 14 10 17 28 20 3 44 38 23 2 49 11 26 0 9 4 5 37 40 31 39 1 8 21 34 13 43 15 30 46 12 24 25
Coste: 48950

GENERACION: 410
Mejor Solucion:  45 29 41 16 33 18 10 14 6 19 47 27 5 35 42 48 22 7 17 1 13 28 20 36 44 40 23 38 49 11 0 9 15 3 37 31 2 46 8 24 21 34 4 43 32 30 39 12 26 25
Coste: 48925

GENERACION: 415
Mejor Solucion:  45 29 41 16 33 18 10 14 6 19 47 27 5 35 42 48 22 7 17 1 13 28 20 36 44 40 23 38 49 11 0 9 15 3 37 31 2 46 8 24 21 34 4 43 32 30 39 12 26 25
Coste: 48925

GENERACION: 420
Mejor Solucion:  45 29 41 16 33 18 10 14 6 19 47 27 5 35 42 48 22 7 17 1 13 28 20 36 44 40 23 38 49 11 0 9 15 3 37 31 2 46 8 24 21 34 4 43 32 30 39 12 26 25
Coste: 48925

GENERACION: 425
Mejor Solucion:  45 29 41 16 33 18 10 14 6 19 47 27 5 35 42 48 22 7 17 1 13 28 20 36 44 40 23 38 49 11 0 9 15 3 37 31 2 46 8 24 21 34 4 43 32 30 39 12 26 25
Coste: 48925

GENERACION: 430
Mejor Solucion:  45 29 41 16 33 18 10 14 6 19 47 27 5 35 42 48 22 7 17 1 13 28 20 36 44 40 23 38 49 11 0 9 15 3 37 31 2 46 8 24 21 34 4 43 32 30 39 12 26 25
Coste: 48925

GENERACION: 435
Mejor Solucion:  45 29 41 16 33 18 10 14 6 19 47 27 5 35 42 48 22 7 17 1 13 28 20 36 44 40 23 38 49 11 0 9 15 3 37 31 2 46 8 24 21 34 4 43 32 30 39 12 26 25
Coste: 48925

GENERACION: 440
Mejor Solucion:  45 29 41 16 33 18 10 14 6 19 47 27 5 35 42 48 22 7 17 1 13 28 20 36 44 40 23 38 49 11 0 9 15 3 37 31 2 46 8 24 21 34 4 43 32 30 39 12 26 25
Coste: 48925

GENERACION: 445
Mejor Solucion:  45 29 41 16 33 18 10 14 6 19 47 27 5 35 42 48 22 7 17 1 13 28 20 36 44 40 23 38 49 11 0 9 15 3 37 31 2 46 8 24 21 34 4 43 32 30 39 12 26 25
Coste: 48925

GENERACION: 450
Mejor Solucion:  45 29 41 16 33 18 10 14 6 19 47 27 5 35 42 48 22 7 17 1 13 28 20 36 44 40 23 38 49 11 0 9 15 3 37 31 2 46 8 24 21 34 4 43 32 30 39 12 26 25
Coste: 48925

GENERACION: 455
Mejor Solucion:  45 29 41 16 33 18 10 14 6 19 47 27 5 35 42 48 22 7 17 1 13 28 20 36 44 40 23 38 49 11 0 9 15 3 37 31 2 46 8 24 21 34 4 43 32 30 39 12 26 25
Coste: 48925

GENERACION: 460
Mejor Solucion:  45 29 41 16 33 18 10 14 6 19 47 27 5 35 42 48 22 7 17 1 13 28 20 36 44 40 23 38 49 11 0 9 15 3 37 31 2 46 8 24 21 34 4 43 32 30 39 12 26 25
Coste: 48925

GENERACION: 465
Mejor Solucion:  45 29 41 16 33 18 10 14 6 19 47 27 5 35 42 48 22 7 17 1 13 28 20 36 44 40 23 38 49 11 0 9 15 3 37 31 2 46 8 24 21 34 4 43 32 30 39 12 26 25
Coste: 48925

GENERACION: 470
Mejor Solucion:  45 29 41 16 33 18 10 14 6 19 47 27 5 35 42 48 22 7 17 1 13 28 20 36 44 40 23 38 49 11 0 9 15 3 37 31 2 46 8 24 21 34 4 43 32 30 39 12 26 25
Coste: 48925

GENERACION: 475
Mejor Solucion:  45 29 41 16 33 18 10 14 6 19 47 27 5 35 42 48 22 7 17 1 13 28 20 36 44 40 23 38 49 11 0 9 15 3 37 31 2 46 8 24 21 34 4 43 32 30 39 12 26 25
Coste: 48925

GENERACION: 480
Mejor Solucion:  45 29 41 16 33 18 10 14 6 19 47 27 5 35 42 48 22 7 17 1 13 28 20 36 44 40 23 38 49 11 0 9 15 3 37 31 2 46 8 24 21 34 4 43 32 30 39 12 26 25
Coste: 48925

GENERACION: 485
Mejor Solucion:  45 29 41 16 33 18 10 14 6 19 47 27 5 35 42 48 22 7 17 1 13 28 20 36 44 40 23 38 49 11 0 9 15 3 37 31 2 46 8 24 21 34 4 43 32 30 39 12 26 25
Coste: 48925

GENERACION: 490
Mejor Solucion:  45 29 41 16 33 18 10 14 6 19 47 27 5 35 42 48 22 7 17 1 13 28 20 36 44 40 23 38 49 11 0 9 15 3 37 31 2 46 8 24 21 34 4 43 32 30 39 12 26 25
Coste: 48925

GENERACION: 495
Mejor Solucion:  45 29 41 16 33 18 10 14 6 19 47 27 5 35 42 48 22 7 17 1 13 28 20 36 44 40 23 38 49 11 0 9 15 3 37 31 2 46 8 24 21 34 4 43 32 30 39 12 26 25
Coste: 48925

GENERACION: 500
Mejor Solucion:  45 29 41 16 33 18 10 14 6 19 47 27 5 35 42 48 22 7 17 1 13 28 20 36 44 40 23 38 49 11 0 9 15 3 37 31 2 46 8 24 21 34 4 43 32 30 39 12 26 25
Coste: 48925

GENERACION: 505
Mejor Solucion:  45 29 41 16 33 18 10 14 6 19 47 27 5 35 42 48 22 7 17 1 13 28 20 36 44 40 23 38 49 11 0 9 15 3 37 31 2 46 8 24 21 34 4 43 32 30 39 12 26 25
Coste: 48925

GENERACION: 510
Mejor Solucion:  45 29 41 16 33 18 10 14 6 19 47 27 5 35 42 48 22 7 17 1 13 28 20 36 44 40 23 38 49 11 0 9 15 3 37 31 2 46 8 24 21 34 4 43 32 30 39 12 26 25
Coste: 48925

GENERACION: 515
Mejor Solucion:  45 29 41 16 33 18 10 14 6 19 47 27 5 35 42 48 22 7 17 1 13 28 20 36 44 40 23 38 49 11 0 9 15 3 37 31 2 46 8 24 21 34 4 43 32 30 39 12 26 25
Coste: 48925

GENERACION: 520
Mejor Solucion:  45 29 41 16 33 18 10 14 6 19 47 27 5 35 42 48 22 7 17 1 13 28 20 36 44 40 23 38 49 11 0 9 15 3 37 31 2 46 8 24 21 34 4 43 32 30 39 12 26 25
Coste: 48925

GENERACION: 525
Mejor Solucion:  45 29 41 16 33 18 10 14 6 19 47 27 5 35 42 48 22 7 17 1 13 28 20 36 44 40 23 38 49 11 0 9 15 3 37 31 2 46 8 24 21 34 4 43 32 30 39 12 26 25
Coste: 48925

GENERACION: 530
Mejor Solucion:  45 29 41 16 33 18 10 14 6 19 47 27 5 35 42 48 22 7 17 1 13 28 20 36 44 40 23 38 49 11 0 9 15 3 37 31 2 46 8 24 21 34 4 43 32 30 39 12 26 25
Coste: 48925

GENERACION: 535
Mejor Solucion:  45 29 41 16 33 18 10 14 6 19 47 27 5 35 42 48 22 7 17 1 13 28 20 36 44 40 23 38 49 11 0 9 15 3 37 31 2 46 8 24 21 34 4 43 32 30 39 12 26 25
Coste: 48925

GENERACION: 540
Mejor Solucion:  45 29 41 16 33 18 10 14 6 19 47 27 5 35 42 48 22 7 17 1 13 28 20 36 44 40 23 38 49 11 0 9 15 3 37 31 2 46 8 24 21 34 4 43 32 30 39 12 26 25
Coste: 48925

GENERACION: 545
Mejor Solucion:  45 29 41 16 33 18 10 14 6 19 47 27 5 35 42 48 22 7 17 1 13 28 20 36 44 40 23 38 49 11 0 9 15 3 37 31 2 46 8 24 21 34 4 43 32 30 39 12 26 25
Coste: 48925

GENERACION: 550
Mejor Solucion:  45 29 41 16 33 18 10 14 6 19 47 27 5 35 42 48 22 7 17 1 13 28 20 36 44 40 23 38 49 11 0 9 15 3 37 31 2 46 8 24 21 34 4 43 32 30 39 12 26 25
Coste: 48925

GENERACION: 555
Mejor Solucion:  45 29 41 16 33 18 10 14 6 19 47 27 5 35 42 48 22 7 17 1 13 28 20 36 44 40 23 38 49 11 0 9 15 3 37 31 2 46 8 24 21 34 4 43 32 30 39 12 26 25
Coste: 48925

GENERACION: 560
Mejor Solucion:  45 29 41 16 33 18 10 14 6 19 47 27 5 35 42 48 22 7 17 1 13 28 20 36 44 40 23 38 49 11 0 9 15 3 37 31 2 46 8 24 21 34 4 43 32 30 39 12 26 25
Coste: 48925

GENERACION: 565
Mejor Solucion:  45 29 41 16 33 18 10 14 6 19 47 27 5 35 42 48 22 7 17 1 13 28 20 36 44 40 23 38 49 11 0 9 15 3 37 31 2 46 8 24 21 34 4 43 32 30 39 12 26 25
Coste: 48925

GENERACION: 570
Mejor Solucion:  45 29 41 16 33 18 10 14 6 19 47 27 5 35 42 48 22 7 17 1 13 28 20 36 44 40 23 38 49 11 0 9 15 3 37 31 2 46 8 24 21 34 4 43 32 30 39 12 26 25
Coste: 48925

GENERACION: 575
Mejor Solucion:  45 29 41 16 33 18 10 14 6 19 47 27 5 35 42 48 22 7 17 1 13 28 20 36 44 40 23 38 49 11 0 9 15 3 37 31 2 46 8 24 21 34 4 43 32 30 39 12 26 25
Coste: 48925

GENERACION: 580
Mejor Solucion:  45 29 41 16 33 18 10 14 6 19 47 27 5 35 42 48 22 7 17 1 13 28 20 36 44 40 23 38 49 11 0 9 15 3 37 31 2 46 8 24 21 34 4 43 32 30 39 12 26 25
Coste: 48925

GENERACION: 585
Mejor Solucion:  45 29 41 16 33 18 10 14 6 19 47 27 5 35 42 48 22 7 17 1 13 28 20 36 44 40 23 38 49 11 0 9 15 3 37 31 2 46 8 24 21 34 4 43 32 30 39 12 26 25
Coste: 48925

GENERACION: 590
Mejor Solucion:  45 29 41 16 33 18 10 14 6 19 47 27 5 35 42 48 22 7 17 1 13 28 20 36 44 40 23 38 49 11 0 9 15 3 37 31 2 46 8 24 21 34 4 43 32 30 39 12 26 25
Coste: 48925

GENERACION: 595
Mejor Solucion:  45 29 41 16 33 18 10 14 6 19 47 27 5 35 42 48 22 7 17 1 13 28 20 36 44 40 23 38 49 11 0 9 15 3 37 31 2 46 8 24 21 34 4 43 32 30 39 12 26 25
Coste: 48925

GENERACION: 600
Mejor Solucion:  45 29 41 16 33 18 10 14 6 19 47 27 5 35 42 48 22 7 17 1 13 28 20 36 44 40 23 38 49 11 0 9 15 3 37 31 2 46 8 24 21 34 4 43 32 30 39 12 26 25
Coste: 48925

GENERACION: 605
Mejor Solucion:  45 29 41 16 33 18 10 14 6 19 47 27 5 35 42 48 22 7 17 1 13 28 20 36 44 40 23 38 49 11 0 9 15 3 37 31 2 46 8 24 21 34 4 43 32 30 39 12 26 25
Coste: 48925

GENERACION: 610
Mejor Solucion:  45 29 41 16 33 18 10 14 6 19 47 27 5 35 42 48 22 7 17 1 13 28 20 36 44 40 23 38 49 11 0 9 15 3 37 31 2 46 8 24 21 34 4 43 32 30 39 12 26 25
Coste: 48925

GENERACION: 615
Mejor Solucion:  45 29 41 16 33 18 10 14 6 19 47 27 5 35 42 48 22 7 17 1 13 28 20 36 44 40 23 38 49 11 0 9 15 3 37 31 2 46 8 24 21 34 4 43 32 30 39 12 26 25
Coste: 48925

GENERACION: 620
Mejor Solucion:  45 29 41 16 33 18 10 14 6 19 47 27 5 35 42 48 22 7 17 1 13 28 20 36 44 40 23 38 49 11 0 9 15 3 37 31 2 46 8 24 21 34 4 43 32 30 39 12 26 25
Coste: 48925

GENERACION: 625
Mejor Solucion:  45 29 41 16 33 18 10 14 6 19 47 27 5 35 42 48 22 7 17 1 13 28 20 36 44 40 23 38 49 11 0 9 15 3 37 31 2 46 8 24 21 34 4 43 32 30 39 12 26 25
Coste: 48925

GENERACION: 630
Mejor Solucion:  45 29 41 16 33 18 10 14 6 19 47 27 5 35 42 48 22 7 17 1 13 28 20 36 44 40 23 38 49 11 0 9 15 3 37 31 2 46 8 24 21 34 4 43 32 30 39 12 26 25
Coste: 48925

GENERACION: 635
Mejor Solucion:  45 29 41 16 33 18 10 14 6 19 47 27 5 35 42 48 22 7 17 1 13 28 20 36 44 40 23 38 49 11 0 9 15 3 37 31 2 46 8 24 21 34 4 43 32 30 39 12 26 25
Coste: 48925

GENERACION: 640
Mejor Solucion:  45 29 41 16 33 18 10 14 6 19 47 27 5 35 42 48 22 7 17 1 13 28 20 36 44 40 23 38 49 11 0 9 15 3 37 31 2 46 8 24 21 34 4 43 32 30 39 12 26 25
Coste: 48925

GENERACION: 645
Mejor Solucion:  45 29 41 16 33 18 10 14 6 19 47 27 5 35 42 48 22 7 17 1 13 28 20 36 44 40 23 38 49 11 0 9 15 3 37 31 2 46 8 24 21 34 4 43 32 30 39 12 26 25
Coste: 48925

GENERACION: 650
Mejor Solucion:  45 29 41 16 33 18 10 14 6 19 47 27 5 35 42 48 22 7 17 1 13 28 20 36 44 40 23 38 49 11 0 9 15 3 37 31 2 46 8 24 21 34 4 43 32 30 39 12 26 25
Coste: 48925

GENERACION: 655
Mejor Solucion:  45 29 41 16 33 18 10 14 6 19 47 27 5 35 42 48 22 7 17 1 13 28 20 36 44 40 23 38 49 11 0 9 15 3 37 31 2 46 8 24 21 34 4 43 32 30 39 12 26 25
Coste: 48925

GENERACION: 660
Mejor Solucion:  45 29 41 16 33 18 10 14 6 19 47 27 5 35 42 48 22 7 17 1 13 28 20 36 44 40 23 38 49 11 0 9 15 3 37 31 2 46 8 24 21 34 4 43 32 30 39 12 26 25
Coste: 48925

GENERACION: 665
Mejor Solucion:  45 29 41 16 33 18 10 14 6 19 47 27 5 35 42 48 22 7 17 1 13 28 20 36 44 40 23 38 49 11 0 9 15 3 37 31 2 46 8 24 21 34 4 43 32 30 39 12 26 25
Coste: 48925

GENERACION: 670
Mejor Solucion:  45 29 41 16 33 18 10 14 6 19 47 27 5 35 42 48 22 7 17 1 13 28 20 36 44 40 23 38 49 11 0 9 15 3 37 31 2 46 8 24 21 34 4 43 32 30 39 12 26 25
Coste: 48925

GENERACION: 675
Mejor Solucion:  45 29 41 16 33 18 10 14 6 19 47 27 5 35 42 48 22 7 17 1 13 28 20 36 44 40 23 38 49 11 0 9 15 3 37 31 2 46 8 24 21 34 4 43 32 30 39 12 26 25
Coste: 48925

GENERACION: 680
Mejor Solucion:  45 29 41 16 33 18 10 14 6 19 47 27 5 35 42 48 22 7 17 1 13 28 20 36 44 40 23 38 49 11 0 9 15 3 37 31 2 46 8 24 21 34 4 43 32 30 39 12 26 25
Coste: 48925

GENERACION: 685
Mejor Solucion:  45 29 41 16 33 18 10 14 6 19 47 27 5 35 42 48 22 7 17 1 13 28 20 36 44 40 23 38 49 11 0 9 15 3 37 31 2 46 8 24 21 34 4 43 32 30 39 12 26 25
Coste: 48925

GENERACION: 690
Mejor Solucion:  45 29 41 16 33 18 10 14 6 19 47 27 5 35 42 48 22 7 17 1 13 28 20 36 44 40 23 38 49 11 0 9 15 3 37 31 2 46 8 24 21 34 4 43 32 30 39 12 26 25
Coste: 48925

GENERACION: 695
Mejor Solucion:  45 29 41 16 33 18 10 14 6 19 47 27 5 35 42 48 22 7 17 1 13 28 20 36 44 40 23 38 49 11 0 9 15 3 37 31 2 46 8 24 21 34 4 43 32 30 39 12 26 25
Coste: 48925

GENERACION: 700
Mejor Solucion:  45 29 41 16 33 18 10 14 6 19 47 27 5 35 42 48 22 7 17 1 13 28 20 36 44 40 23 38 49 11 0 9 15 3 37 31 2 46 8 24 21 34 4 43 32 30 39 12 26 25
Coste: 48925

GENERACION: 705
Mejor Solucion:  45 29 41 16 33 18 10 14 6 19 47 27 5 35 42 48 22 7 17 1 13 28 20 36 44 40 23 38 49 11 0 9 15 3 37 31 2 46 8 24 21 34 4 43 32 30 39 12 26 25
Coste: 48925

GENERACION: 710
Mejor Solucion:  45 29 41 16 33 18 10 14 6 19 47 27 5 35 42 48 22 7 17 1 13 28 20 36 44 40 23 38 49 11 0 9 15 3 37 31 2 46 8 24 21 34 4 43 32 30 39 12 26 25
Coste: 48925

GENERACION: 715
Mejor Solucion:  45 29 41 16 33 18 10 14 6 19 47 27 5 35 42 48 22 7 17 1 13 28 20 36 44 40 23 38 49 11 0 9 15 3 37 31 2 46 8 24 21 34 4 43 32 30 39 12 26 25
Coste: 48925

GENERACION: 720
Mejor Solucion:  45 29 41 16 33 18 10 14 6 19 47 27 5 35 42 48 22 7 17 1 13 28 20 36 44 40 23 38 49 11 0 9 15 3 37 31 2 46 8 24 21 34 4 43 32 30 39 12 26 25
Coste: 48925

GENERACION: 725
Mejor Solucion:  45 29 41 16 33 18 10 14 6 19 47 27 5 35 42 48 22 7 17 1 13 28 20 36 44 40 23 38 49 11 0 9 15 3 37 31 2 46 8 24 21 34 4 43 32 30 39 12 26 25
Coste: 48925

GENERACION: 730
Mejor Solucion:  45 29 41 16 33 18 10 14 6 19 47 27 5 35 42 48 22 7 17 1 13 28 20 36 44 40 23 38 49 11 0 9 15 3 37 31 2 46 8 24 21 34 4 43 32 30 39 12 26 25
Coste: 48925

GENERACION: 735
Mejor Solucion:  45 29 41 16 33 18 10 14 6 19 47 27 5 35 42 48 22 7 17 1 13 28 20 36 44 40 23 38 49 11 0 9 15 3 37 31 2 46 8 24 21 34 4 43 32 30 39 12 26 25
Coste: 48925

GENERACION: 740
Mejor Solucion:  45 29 41 16 33 18 10 14 6 19 47 27 5 35 42 48 22 7 17 1 13 28 20 36 44 40 23 38 49 11 0 9 15 3 37 31 2 46 8 24 21 34 4 43 32 30 39 12 26 25
Coste: 48925

GENERACION: 745
Mejor Solucion:  45 29 41 16 33 18 10 14 6 19 47 27 5 35 42 48 22 7 17 1 13 28 20 36 44 40 23 38 49 11 0 9 15 3 37 31 2 46 8 24 21 34 4 43 32 30 39 12 26 25
Coste: 48925

GENERACION: 750
Mejor Solucion:  45 29 41 16 33 18 10 14 6 19 47 27 5 35 42 48 22 7 17 1 13 28 20 36 44 40 23 38 49 11 0 9 15 3 37 31 2 46 8 24 21 34 4 43 32 30 39 12 26 25
Coste: 48925

GENERACION: 755
Mejor Solucion:  45 29 41 16 33 18 10 14 6 19 47 27 5 35 42 48 22 7 17 1 13 28 20 36 44 40 23 38 49 11 0 9 15 3 37 31 2 46 8 24 21 34 4 43 32 30 39 12 26 25
Coste: 48925

GENERACION: 760
Mejor Solucion:  45 29 41 16 33 18 10 14 6 19 47 27 5 35 42 48 22 7 17 1 13 28 20 36 44 40 23 38 49 11 0 9 15 3 37 31 2 46 8 24 21 34 4 43 32 30 39 12 26 25
Coste: 48925

GENERACION: 765
Mejor Solucion:  45 29 41 16 33 18 10 14 6 19 47 27 5 35 42 48 22 7 17 1 13 28 20 36 44 40 23 38 49 11 0 9 15 3 37 31 2 46 8 24 21 34 4 43 32 30 39 12 26 25
Coste: 48925

GENERACION: 770
Mejor Solucion:  45 29 41 16 33 18 10 14 6 19 47 27 5 35 42 48 22 7 17 1 13 28 20 36 44 40 23 38 49 11 0 9 15 3 37 31 2 46 8 24 21 34 4 43 32 30 39 12 26 25
Coste: 48925

GENERACION: 775
Mejor Solucion:  45 29 41 16 33 18 10 14 6 19 47 27 5 35 42 48 22 7 17 1 13 28 20 36 44 40 23 38 49 11 0 9 15 3 37 31 2 46 8 24 21 34 4 43 32 30 39 12 26 25
Coste: 48925

GENERACION: 780
Mejor Solucion:  45 29 41 16 33 18 10 14 6 19 47 27 5 35 42 48 22 7 17 1 13 28 20 36 44 40 23 38 49 11 0 9 15 3 37 31 2 46 8 24 21 34 4 43 32 30 39 12 26 25
Coste: 48925

GENERACION: 785
Mejor Solucion:  45 29 41 16 33 18 10 14 6 19 47 27 5 35 42 48 22 7 17 1 13 28 20 36 44 40 23 38 49 11 0 9 15 3 37 31 2 46 8 24 21 34 4 43 32 30 39 12 26 25
Coste: 48925

GENERACION: 790
Mejor Solucion:  45 29 41 16 33 18 10 14 6 19 47 27 5 35 42 48 22 7 17 1 13 28 20 36 44 40 23 38 49 11 0 9 15 3 37 31 2 46 8 24 21 34 4 43 32 30 39 12 26 25
Coste: 48925

GENERACION: 795
Mejor Solucion:  45 29 41 16 33 18 10 14 6 19 47 27 5 35 42 48 22 7 17 1 13 28 20 36 44 40 23 38 49 11 0 9 15 3 37 31 2 46 8 24 21 34 4 43 32 30 39 12 26 25
Coste: 48925

GENERACION: 800
Mejor Solucion:  45 29 41 16 33 18 10 14 6 19 47 27 5 35 42 48 22 7 17 1 13 28 20 36 44 40 23 38 49 11 0 9 15 3 37 31 2 46 8 24 21 34 4 43 32 30 39 12 26 25
Coste: 48925

GENERACION: 805
Mejor Solucion:  45 29 41 16 33 18 10 14 6 19 47 27 5 35 42 48 22 7 17 1 13 28 20 36 44 40 23 38 49 11 0 9 15 3 37 31 2 46 8 24 21 34 4 43 32 30 39 12 26 25
Coste: 48925

GENERACION: 810
Mejor Solucion:  45 29 41 16 33 18 10 14 6 19 47 27 5 35 42 48 22 7 17 1 13 28 20 36 44 40 23 38 49 11 0 9 15 3 37 31 2 46 8 24 21 34 4 43 32 30 39 12 26 25
Coste: 48925

GENERACION: 815
Mejor Solucion:  45 29 41 16 33 18 10 14 6 19 47 27 5 35 42 48 22 7 17 1 13 28 20 36 44 40 23 38 49 11 0 9 15 3 37 31 2 46 8 24 21 34 4 43 32 30 39 12 26 25
Coste: 48925

GENERACION: 820
Mejor Solucion:  45 29 41 16 33 18 10 14 6 19 47 27 5 35 42 48 22 7 17 1 13 28 20 36 44 40 23 38 49 11 0 9 15 3 37 31 2 46 8 24 21 34 4 43 32 30 39 12 26 25
Coste: 48925

GENERACION: 825
Mejor Solucion:  45 29 41 16 33 18 10 14 6 19 47 27 5 35 42 48 22 7 17 1 13 28 20 36 44 40 23 38 49 11 0 9 15 3 37 31 2 46 8 24 21 34 4 43 32 30 39 12 26 25
Coste: 48925

GENERACION: 830
Mejor Solucion:  45 29 41 16 33 18 10 14 6 19 47 27 5 35 42 48 22 7 17 1 13 28 20 36 44 40 23 38 49 11 0 9 15 3 37 31 2 46 8 24 21 34 4 43 32 30 39 12 26 25
Coste: 48925

GENERACION: 835
Mejor Solucion:  45 29 41 16 33 18 10 14 6 19 47 27 5 35 42 48 22 7 17 1 13 28 20 36 44 40 23 38 49 11 0 9 15 3 37 31 2 46 8 24 21 34 4 43 32 30 39 12 26 25
Coste: 48925

GENERACION: 840
Mejor Solucion:  45 29 41 16 33 18 10 14 6 19 47 27 5 35 42 48 22 7 17 1 13 28 20 36 44 40 23 38 49 11 0 9 15 3 37 31 2 46 8 24 21 34 4 43 32 30 39 12 26 25
Coste: 48925

GENERACION: 845
Mejor Solucion:  45 29 41 16 33 18 10 14 6 19 47 27 5 35 42 48 22 7 17 1 13 28 20 36 44 40 23 38 49 11 0 9 15 3 37 31 2 46 8 24 21 34 4 43 32 30 39 12 26 25
Coste: 48925

GENERACION: 850
Mejor Solucion:  45 29 41 16 33 18 10 14 6 19 47 27 5 35 42 48 22 7 17 1 13 28 20 36 44 40 23 38 49 11 0 9 15 3 37 31 2 46 8 24 21 34 4 43 32 30 39 12 26 25
Coste: 48925

GENERACION: 855
Mejor Solucion:  45 29 41 16 33 18 10 14 6 19 47 27 5 35 42 48 22 7 17 1 13 28 20 36 44 40 23 38 49 11 0 9 15 3 37 31 2 46 8 24 21 34 4 43 32 30 39 12 26 25
Coste: 48925

GENERACION: 860
Mejor Solucion:  45 29 41 16 33 18 10 14 6 19 47 27 5 35 42 48 22 7 17 1 13 28 20 36 44 40 23 38 49 11 0 9 15 3 37 31 2 46 8 24 21 34 4 43 32 30 39 12 26 25
Coste: 48925

GENERACION: 865
Mejor Solucion:  45 29 41 16 33 18 10 14 6 19 47 27 5 35 42 48 22 7 17 1 13 28 20 36 44 40 23 38 49 11 0 9 15 3 37 31 2 46 8 24 21 34 4 43 32 30 39 12 26 25
Coste: 48925

GENERACION: 870
Mejor Solucion:  45 29 41 16 33 18 10 14 6 19 47 27 5 35 42 48 22 7 17 1 13 28 20 36 44 40 23 38 49 11 0 9 15 3 37 31 2 46 8 24 21 34 4 43 32 30 39 12 26 25
Coste: 48925

GENERACION: 875
Mejor Solucion:  45 29 41 16 33 18 10 14 6 19 47 27 5 35 42 48 22 7 17 1 13 28 20 36 44 40 23 38 49 11 0 9 15 3 37 31 2 46 8 24 21 34 4 43 32 30 39 12 26 25
Coste: 48925

GENERACION: 880
Mejor Solucion:  45 29 41 16 33 18 10 14 6 19 47 27 5 35 42 48 22 7 17 1 13 28 20 36 44 40 23 38 49 11 0 9 15 3 37 31 2 46 8 24 21 34 4 43 32 30 39 12 26 25
Coste: 48925

GENERACION: 885
Mejor Solucion:  45 29 41 16 33 18 10 14 6 19 47 27 5 35 42 48 22 7 17 1 13 28 20 36 44 40 23 38 49 11 0 9 15 3 37 31 2 46 8 24 21 34 4 43 32 30 39 12 26 25
Coste: 48925

GENERACION: 890
Mejor Solucion:  45 29 41 16 33 18 10 14 6 19 47 27 5 35 42 48 22 7 17 1 13 28 20 36 44 40 23 38 49 11 0 9 15 3 37 31 2 46 8 24 21 34 4 43 32 30 39 12 26 25
Coste: 48925

GENERACION: 895
Mejor Solucion:  45 29 41 16 33 18 10 14 6 19 47 27 5 35 42 48 22 7 17 1 13 28 20 36 44 40 23 38 49 11 0 9 15 3 37 31 2 46 8 24 21 34 4 43 32 30 39 12 26 25
Coste: 48925

GENERACION: 900
Mejor Solucion:  45 29 41 16 33 18 10 14 6 19 47 27 5 35 42 48 22 7 17 1 13 28 20 36 44 40 23 38 49 11 0 9 15 3 37 31 2 46 8 24 21 34 4 43 32 30 39 12 26 25
Coste: 48925

GENERACION: 905
Mejor Solucion:  45 29 41 16 33 18 10 14 6 19 47 27 5 35 42 48 22 7 17 1 13 28 20 36 44 40 23 38 49 11 0 9 15 3 37 31 2 46 8 24 21 34 4 43 32 30 39 12 26 25
Coste: 48925

GENERACION: 910
Mejor Solucion:  45 29 41 16 33 18 10 14 6 19 47 27 5 35 42 48 22 7 17 1 13 28 20 36 44 40 23 38 49 11 0 9 15 3 37 31 2 46 8 24 21 34 4 43 32 30 39 12 26 25
Coste: 48925

GENERACION: 915
Mejor Solucion:  45 29 41 16 33 18 10 14 6 19 47 27 5 35 42 48 22 7 17 1 13 28 20 36 44 40 23 38 49 11 0 9 15 3 37 31 2 46 8 24 21 34 4 43 32 30 39 12 26 25
Coste: 48925

GENERACION: 920
Mejor Solucion:  45 29 41 16 33 18 10 14 6 19 47 27 5 35 42 48 22 7 17 1 13 28 20 36 44 40 23 38 49 11 0 9 15 3 37 31 2 46 8 24 21 34 4 43 32 30 39 12 26 25
Coste: 48925

GENERACION: 925
Mejor Solucion:  45 29 41 16 33 18 10 14 6 19 47 27 5 35 42 48 22 7 17 1 13 28 20 36 44 40 23 38 49 11 0 9 15 3 37 31 2 46 8 24 21 34 4 43 32 30 39 12 26 25
Coste: 48925

GENERACION: 930
Mejor Solucion:  45 29 41 16 33 18 10 14 6 19 47 27 5 35 42 48 22 7 17 1 13 28 20 36 44 40 23 38 49 11 0 9 15 3 37 31 2 46 8 24 21 34 4 43 32 30 39 12 26 25
Coste: 48925

GENERACION: 935
Mejor Solucion:  45 29 41 16 33 18 10 14 6 19 47 27 5 35 42 48 22 7 17 1 13 28 20 36 44 40 23 38 49 11 0 9 15 3 37 31 2 46 8 24 21 34 4 43 32 30 39 12 26 25
Coste: 48925

GENERACION: 940
Mejor Solucion:  45 29 41 16 33 18 10 14 6 19 47 27 5 35 42 48 22 7 17 1 13 28 20 36 44 40 23 38 49 11 0 9 15 3 37 31 2 46 8 24 21 34 4 43 32 30 39 12 26 25
Coste: 48925

GENERACION: 945
Mejor Solucion:  45 29 41 16 33 18 10 14 6 19 47 27 5 35 42 48 22 7 17 1 13 28 20 36 44 40 23 38 49 11 0 9 15 3 37 31 2 46 8 24 21 34 4 43 32 30 39 12 26 25
Coste: 48925

GENERACION: 950
Mejor Solucion:  45 29 41 16 33 18 10 14 6 19 47 27 5 35 42 48 22 7 17 1 13 28 20 36 44 40 23 38 49 11 0 9 15 3 37 31 2 46 8 24 21 34 4 43 32 30 39 12 26 25
Coste: 48925

GENERACION: 955
Mejor Solucion:  45 29 41 16 33 18 10 14 6 19 47 27 5 35 42 48 22 7 17 1 13 28 20 36 44 40 23 38 49 11 0 9 15 3 37 31 2 46 8 24 21 34 4 43 32 30 39 12 26 25
Coste: 48925

GENERACION: 960
Mejor Solucion:  45 29 41 16 33 18 10 14 6 19 47 27 5 35 42 48 22 7 17 1 13 28 20 36 44 40 23 38 49 11 0 9 15 3 37 31 2 46 8 24 21 34 4 43 32 30 39 12 26 25
Coste: 48925

GENERACION: 965
Mejor Solucion:  45 29 41 16 33 18 10 14 6 19 47 27 5 35 42 48 22 7 17 1 13 28 20 36 44 40 23 38 49 11 0 9 15 3 37 31 2 46 8 24 21 34 4 43 32 30 39 12 26 25
Coste: 48925

GENERACION: 970
Mejor Solucion:  45 27 41 16 33 35 22 14 17 6 13 28 20 44 36 42 38 10 49 19 34 29 15 5 48 40 31 7 1 12 21 9 43 3 37 2 23 46 24 25 0 47 4 32 30 18 39 11 8 26
Coste: 48924

GENERACION: 975
Mejor Solucion:  45 27 41 16 33 35 22 14 17 6 13 28 20 44 36 42 38 10 49 19 34 29 15 5 48 40 31 7 1 12 21 9 43 3 37 2 23 46 24 25 0 47 4 32 30 18 39 11 8 26
Coste: 48924

GENERACION: 980
Mejor Solucion:  45 27 41 16 33 35 22 14 17 6 13 28 20 44 36 42 38 10 49 19 34 29 15 5 48 40 31 7 1 12 21 9 43 3 37 2 23 46 24 25 0 47 4 32 30 18 39 11 8 26
Coste: 48924

GENERACION: 985
Mejor Solucion:  45 27 41 16 33 35 22 14 17 6 13 28 20 44 36 42 38 10 49 19 34 29 15 5 48 40 31 7 1 12 21 9 43 3 37 2 23 46 24 25 0 47 4 32 30 18 39 11 8 26
Coste: 48924

GENERACION: 990
Mejor Solucion:  45 27 41 16 33 35 22 14 17 6 13 28 20 44 36 42 38 10 49 19 34 29 15 5 48 40 31 7 1 12 21 9 43 3 37 2 23 46 24 25 0 47 4 32 30 18 39 11 8 26
Coste: 48924

GENERACION: 995
Mejor Solucion:  45 27 41 16 33 35 22 14 17 6 13 28 20 44 36 42 38 10 49 19 34 29 15 5 48 40 31 7 1 12 21 9 43 3 37 2 23 46 24 25 0 47 4 32 30 18 39 11 8 26
Coste: 48924

GENERACION: 1000
Mejor Solucion:  45 27 41 16 33 35 22 14 17 6 13 28 20 44 36 42 38 10 49 19 34 29 15 5 48 40 31 7 1 12 21 9 43 3 37 2 23 46 24 25 0 47 4 32 30 18 39 11 8 26
Coste: 48924

GENERACION: 5
Mejor Solucion:  48 39 31 19 18 26 28 24 38 10 27 12 41 1 49 42 16 35 9 7 45 5 23 4 36 44 40 17 14 46 33 37 22 43 13 25 6 34 30 47 20 0 2 29 32 15 3 11 8 21
Coste: 54700

GENERACION: 10
Mejor Solucion:  12 1 5 15 35 49 20 27 28 45 6 22 44 48 38 17 41 29 34 25 39 23 43 4 40 31 10 9 24 13 7 11 2 46 37 3 42 30 47 21 26 32 18 8 36 14 33 16 19 0
Coste: 52336

GENERACION: 15
Mejor Solucion:  12 1 5 15 35 49 20 27 28 45 6 22 44 48 38 17 41 29 34 25 39 23 43 4 40 31 10 9 24 13 7 11 2 46 37 3 42 30 47 21 26 32 18 8 36 14 33 16 19 0
Coste: 52336

GENERACION: 20
Mejor Solucion:  44 37 18 7 12 1 22 6 19 25 32 3 36 35 48 33 42 30 11 8 4 43 2 46 38 40 49 10 24 17 13 20 23 16 15 9 28 31 14 26 45 21 41 5 27 34 29 39 47 0
Coste: 50218

GENERACION: 25
Mejor Solucion:  44 37 18 7 12 1 22 6 19 25 32 3 36 35 48 33 42 30 11 8 4 43 2 46 38 40 49 10 24 17 13 20 23 16 15 9 28 31 14 26 45 21 41 39 27 34 29 5 47 0
Coste: 49960

GENERACION: 30
Mejor Solucion:  32 35 3 7 44 42 22 6 11 26 33 37 16 2 38 12 1 49 24 19 18 36 23 46 48 40 30 14 8 17 13 4 20 43 15 9 28 31 10 25 45 21 41 5 27 34 29 39 47 0
Coste: 49665

GENERACION: 35
Mejor Solucion:  32 35 3 7 44 42 22 6 11 26 33 37 16 2 38 12 1 49 24 19 18 36 23 46 48 40 30 14 8 17 13 4 20 43 15 9 28 31 10 25 45 21 41 5 27 34 29 39 47 0
Coste: 49665

GENERACION: 40
Mejor Solucion:  32 3 16 7 44 1 42 11 19 26 33 37 23 2 38 12 22 49 24 6 18 36 35 46 48 40 30 14 8 17 13 4 20 43 15 9 28 31 10 25 45 21 41 5 27 34 29 39 47 0
Coste: 49618

GENERACION: 45
Mejor Solucion:  32 3 16 7 44 1 42 11 19 26 33 37 23 2 38 12 22 49 24 6 18 36 35 46 48 40 30 14 8 17 13 4 20 43 15 9 28 31 10 25 45 21 41 5 27 34 29 39 47 0
Coste: 49592

GENERACION: 50
Mejor Solucion:  33 35 16 18 7 12 42 6 19 26 32 36 38 48 23 1 22 14 11 8 37 3 44 46 2 40 49 30 24 17 13 4 20 43 15 9 28 31 10 25 45 21 27 41 5 34 29 39 47 0
Coste: 49525

GENERACION: 55
Mejor Solucion:  33 35 16 18 7 12 42 6 19 26 32 36 38 48 23 1 22 14 11 8 37 3 44 46 2 40 49 30 24 17 13 4 20 43 15 9 28 31 10 25 45 21 27 41 5 34 29 39 47 0
Coste: 49525

GENERACION: 60
Mejor Solucion:  33 35 16 18 7 12 42 6 19 26 32 36 38 48 23 1 22 14 11 8 37 3 44 46 2 40 49 30 24 17 13 4 20 43 15 9 28 31 10 25 45 21 27 41 5 34 29 39 47 0
Coste: 49525

GENERACION: 65
Mejor Solucion:  33 35 16 18 7 12 42 6 19 26 32 36 38 48 23 1 22 14 11 8 37 3 44 46 2 40 49 30 24 17 13 4 20 43 15 9 28 31 10 25 45 21 27 41 5 34 29 39 47 0
Coste: 49525

GENERACION: 70
Mejor Solucion:  32 3 16 7 23 18 2 19 11 26 4 33 36 44 42 37 10 30 24 6 20 35 38 48 46 22 40 14 8 17 13 41 28 1 15 43 31 49 12 25 45 21 27 5 9 34 29 39 47 0
Coste: 49472

GENERACION: 75
Mejor Solucion:  32 3 16 7 23 18 2 19 11 26 4 33 36 44 42 37 10 30 24 6 20 35 38 48 46 22 40 14 8 17 13 41 28 1 15 43 31 49 12 25 45 21 27 5 9 34 29 39 47 0
Coste: 49472

GENERACION: 80
Mejor Solucion:  32 3 16 7 23 18 2 19 11 26 4 33 36 44 42 37 10 30 24 6 20 35 38 48 46 22 40 14 8 17 13 41 28 1 15 43 31 49 12 25 45 21 27 5 9 34 29 39 47 0
Coste: 49472

GENERACION: 85
Mejor Solucion:  32 3 16 7 23 18 2 19 11 26 4 33 36 44 42 37 10 30 24 6 20 35 38 48 46 22 40 14 8 17 13 41 28 1 15 43 31 49 12 25 45 21 27 5 9 34 29 39 47 0
Coste: 49472

GENERACION: 90
Mejor Solucion:  32 16 3 7 44 23 18 19 11 26 33 36 38 42 37 2 22 1 12 6 41 27 35 5 48 40 46 49 8 17 13 20 28 15 43 10 31 14 24 25 45 21 4 9 34 29 30 39 47 0
Coste: 49220

GENERACION: 95
Mejor Solucion:  32 16 3 7 44 23 18 19 11 26 33 36 38 42 37 2 22 1 12 6 41 27 35 5 48 40 46 49 8 17 13 20 28 15 43 10 31 14 24 25 45 21 4 9 34 29 30 39 47 0
Coste: 49206

GENERACION: 100
Mejor Solucion:  32 16 3 7 44 23 18 19 11 26 33 36 38 42 37 2 22 1 12 6 41 27 35 5 48 40 46 49 8 17 13 20 28 15 43 10 31 14 24 25 45 21 4 9 34 29 30 39 47 0
Coste: 49206

GENERACION: 105
Mejor Solucion:  32 16 3 7 44 23 18 19 11 26 33 36 38 42 37 2 22 1 12 6 41 27 35 5 48 40 46 49 8 17 13 20 28 15 43 10 31 14 24 25 45 21 4 9 34 29 30 39 47 0
Coste: 49206

GENERACION: 110
Mejor Solucion:  32 16 3 7 44 23 18 19 11 26 33 36 38 42 37 2 22 1 12 6 41 27 35 5 48 40 46 49 8 17 13 20 28 15 43 10 31 14 24 25 45 21 4 9 34 29 30 39 47 0
Coste: 49206

GENERACION: 115
Mejor Solucion:  32 16 3 7 44 23 18 19 11 26 33 36 38 42 37 2 22 1 12 6 41 27 35 5 48 40 46 49 8 17 13 20 28 15 43 10 31 14 24 25 45 21 4 9 34 29 30 39 47 0
Coste: 49206

GENERACION: 120
Mejor Solucion:  32 16 3 7 44 23 18 19 11 26 33 36 38 42 37 2 22 1 12 6 41 27 35 5 48 40 46 49 8 17 13 20 28 15 43 10 31 14 24 25 45 21 4 9 34 29 30 39 47 0
Coste: 49206

GENERACION: 125
Mejor Solucion:  32 16 3 7 44 23 18 19 11 26 33 36 38 42 37 2 22 1 12 6 41 27 35 5 48 40 46 49 8 17 13 20 28 15 43 10 31 14 24 25 45 21 4 9 34 29 30 39 47 0
Coste: 49206

GENERACION: 130
Mejor Solucion:  32 16 3 7 44 23 18 19 11 26 33 36 38 42 37 2 22 1 12 6 41 27 35 5 48 40 46 49 8 17 13 20 28 15 43 10 31 14 24 25 45 21 4 9 34 29 30 39 47 0
Coste: 49206

GENERACION: 135
Mejor Solucion:  32 16 3 7 44 23 18 19 11 26 33 36 38 42 37 2 22 1 12 6 41 27 35 5 48 40 46 49 8 17 13 20 28 15 43 10 31 14 24 25 45 21 4 9 34 29 30 39 47 0
Coste: 49206

GENERACION: 140
Mejor Solucion:  32 16 3 7 44 23 18 19 11 26 33 36 38 42 37 2 22 1 12 6 41 27 35 5 48 40 46 49 8 17 13 20 28 15 43 10 31 14 24 25 45 21 4 9 34 29 30 39 47 0
Coste: 49206

GENERACION: 145
Mejor Solucion:  32 16 3 7 44 23 18 19 11 26 33 36 38 42 37 2 22 1 12 6 41 27 35 5 48 40 46 49 8 17 13 20 28 15 43 10 31 14 24 25 45 21 4 9 34 29 30 39 47 0
Coste: 49206

GENERACION: 150
Mejor Solucion:  32 16 33 42 37 7 18 6 19 26 4 3 36 44 38 22 23 2 46 11 47 41 35 30 48 40 10 14 17 8 13 28 20 29 15 43 31 49 1 24 45 21 27 34 9 5 39 12 0 25
Coste: 49189

GENERACION: 155
Mejor Solucion:  32 16 33 42 37 7 18 6 19 26 4 3 36 44 38 22 23 2 46 11 47 41 35 30 48 40 10 14 17 8 13 28 20 29 15 43 31 49 1 24 45 21 27 34 9 5 39 12 0 25
Coste: 49189

GENERACION: 160
Mejor Solucion:  32 16 33 42 37 7 18 6 19 26 4 3 36 44 38 22 23 2 46 11 47 41 35 30 48 40 10 14 17 8 13 28 20 9 15 43 31 49 12 24 45 21 27 34 29 5 0 39 1 25
Coste: 49171

GENERACION: 165
Mejor Solucion:  32 16 33 42 37 7 18 6 19 26 4 3 36 44 38 22 23 2 46 11 47 41 35 30 48 40 10 14 17 8 13 28 20 9 15 43 31 49 12 24 45 21 27 34 29 5 0 39 1 25
Coste: 49171

GENERACION: 170
Mejor Solucion:  32 16 33 42 44 7 18 6 19 26 4 3 36 37 38 2 23 10 46 11 47 41 35 30 48 22 40 14 17 8 13 28 20 9 15 43 31 49 12 24 45 21 27 34 29 5 0 39 1 25
Coste: 49150

GENERACION: 175
Mejor Solucion:  32 16 33 42 44 7 18 6 19 26 4 3 36 37 38 2 23 10 46 11 47 41 35 30 48 22 40 14 17 8 13 28 20 9 15 43 31 49 12 24 45 21 27 34 29 5 0 39 1 25
Coste: 49150

GENERACION: 180
Mejor Solucion:  32 16 33 42 44 7 18 6 19 26 4 3 36 37 38 2 23 10 46 11 47 41 35 30 48 22 40 14 17 8 13 28 20 9 15 43 31 49 12 24 45 21 27 34 29 5 0 39 1 25
Coste: 49150

GENERACION: 185
Mejor Solucion:  32 16 33 42 44 7 18 6 19 26 4 3 36 37 38 2 23 10 46 11 47 41 35 30 48 22 40 14 17 8 13 28 20 9 15 43 31 49 12 24 45 21 27 34 29 5 0 39 1 25
Coste: 49150

GENERACION: 190
Mejor Solucion:  32 36 4 3 37 2 18 7 8 26 33 16 35 44 48 38 23 46 1 6 41 20 30 42 22 40 10 14 12 17 13 27 9 28 15 43 31 49 11 19 45 21 47 34 29 0 5 39 24 25
Coste: 49115

GENERACION: 195
Mejor Solucion:  32 36 4 3 37 2 18 7 8 26 33 16 35 44 48 38 23 46 1 6 41 20 30 42 22 40 10 14 12 17 13 27 9 28 15 43 31 49 11 19 45 21 47 34 29 0 5 39 24 25
Coste: 49115

GENERACION: 200
Mejor Solucion:  32 36 4 3 37 2 18 7 8 26 33 16 35 44 48 38 23 46 1 6 41 20 30 42 22 40 10 14 12 17 13 27 9 28 15 43 31 49 11 19 45 21 47 34 29 0 5 39 24 25
Coste: 49115

GENERACION: 205
Mejor Solucion:  32 36 4 3 37 2 18 7 8 26 33 16 35 44 48 38 23 46 1 6 41 20 30 42 22 40 10 14 12 17 13 27 9 28 15 43 31 49 11 19 45 21 47 34 29 0 5 39 24 25
Coste: 49115

GENERACION: 210
Mejor Solucion:  32 36 4 3 37 2 18 7 8 26 33 16 35 44 48 38 23 46 1 6 41 20 30 42 22 40 10 14 12 17 13 27 9 28 15 43 31 49 11 19 45 21 47 34 29 0 5 39 24 25
Coste: 49115

GENERACION: 215
Mejor Solucion:  32 36 4 3 37 2 18 7 8 26 33 16 35 44 48 38 23 46 1 6 41 20 30 42 22 40 10 14 12 17 13 27 9 28 15 43 31 49 11 19 45 21 47 34 29 0 5 39 24 25
Coste: 49115

GENERACION: 220
Mejor Solucion:  32 36 4 3 37 2 18 7 8 26 33 16 35 44 48 38 23 46 1 6 41 20 30 42 22 40 10 14 12 17 13 27 9 28 15 43 31 49 11 19 45 21 47 34 29 0 5 39 24 25
Coste: 49115

GENERACION: 225
Mejor Solucion:  32 36 4 3 37 2 18 7 8 26 33 16 35 44 48 38 23 46 1 6 41 20 30 42 22 40 10 14 12 17 13 27 9 28 15 43 31 49 11 19 45 21 47 34 29 0 5 39 24 25
Coste: 49115

GENERACION: 230
Mejor Solucion:  32 36 4 3 37 2 18 7 8 26 33 16 35 44 48 38 23 46 1 6 41 20 30 42 22 40 10 14 12 17 13 27 9 28 15 43 31 49 11 19 45 21 47 34 29 0 5 39 24 25
Coste: 49115

GENERACION: 235
Mejor Solucion:  32 36 4 3 37 2 18 7 8 26 33 16 35 44 48 38 23 46 1 6 41 20 30 42 22 40 10 14 12 17 13 27 9 28 15 43 31 49 11 19 45 21 47 34 29 0 5 39 24 25
Coste: 49115

GENERACION: 240
Mejor Solucion:  32 36 4 3 37 2 18 7 8 26 33 16 35 44 48 38 23 46 1 6 41 20 30 42 22 40 10 14 12 17 13 27 9 28 15 43 31 49 11 19 45 21 47 34 29 0 5 39 24 25
Coste: 49115

GENERACION: 245
Mejor Solucion:  32 36 4 3 37 2 18 7 8 26 33 16 35 44 48 38 23 46 1 6 41 20 30 42 22 40 10 14 12 17 13 27 9 28 15 43 31 49 11 19 45 21 47 34 29 0 5 39 24 25
Coste: 49115

GENERACION: 250
Mejor Solucion:  32 36 4 3 37 2 18 7 8 26 33 16 35 44 48 38 23 46 1 6 41 20 30 42 22 40 10 14 12 17 13 27 9 28 15 43 31 49 11 19 45 21 47 34 29 0 5 39 24 25
Coste: 49115

GENERACION: 255
Mejor Solucion:  32 36 4 3 37 2 18 7 8 26 33 16 35 44 48 38 23 46 1 6 41 20 30 42 22 40 10 14 12 17 13 27 9 28 15 43 31 49 11 19 45 21 47 34 29 0 5 39 24 25
Coste: 49115

GENERACION: 260
Mejor Solucion:  32 36 4 3 37 2 18 7 8 26 33 16 35 44 48 38 23 46 1 6 41 20 30 42 22 40 10 14 12 17 13 27 9 28 15 43 31 49 11 19 45 21 47 34 29 0 5 39 24 25
Coste: 49115

GENERACION: 265
Mejor Solucion:  32 36 4 3 37 2 18 7 8 26 33 16 35 44 48 38 23 46 1 6 41 20 30 42 22 40 10 14 12 17 13 27 9 28 15 43 31 49 11 19 45 21 47 34 29 0 5 39 24 25
Coste: 49115

GENERACION: 270
Mejor Solucion:  32 36 4 3 37 2 18 7 8 26 33 16 35 44 48 38 23 46 1 6 41 20 30 42 22 40 10 14 12 17 13 27 9 28 15 43 31 49 11 19 45 21 47 34 29 0 5 39 24 25
Coste: 49115

GENERACION: 275
Mejor Solucion:  32 36 4 3 37 2 18 7 8 26 33 16 35 44 48 38 23 46 1 6 41 20 30 42 22 40 10 14 12 17 13 27 9 28 15 43 31 49 11 19 45 21 47 34 29 0 5 39 24 25
Coste: 49115

GENERACION: 280
Mejor Solucion:  32 36 4 3 37 2 18 7 8 26 33 16 35 44 48 38 23 46 1 6 41 20 30 42 22 40 10 14 12 17 13 27 9 28 15 43 31 49 11 19 45 21 47 34 29 0 5 39 24 25
Coste: 49115

GENERACION: 285
Mejor Solucion:  32 36 4 3 37 2 18 7 8 26 33 16 35 44 48 38 23 46 1 6 41 20 30 42 22 40 10 14 12 17 13 27 9 28 15 43 31 49 11 19 45 21 47 34 29 0 5 39 24 25
Coste: 49115

GENERACION: 290
Mejor Solucion:  32 36 4 3 37 2 18 7 8 26 33 16 35 44 48 38 23 46 1 6 41 20 30 42 22 40 10 14 12 17 13 27 9 28 15 43 31 49 11 19 45 21 47 34 29 0 5 39 24 25
Coste: 49115

GENERACION: 295
Mejor Solucion:  32 36 4 3 37 2 18 7 8 26 33 16 35 44 48 38 23 46 1 6 41 20 30 42 22 40 10 14 12 17 13 27 9 28 15 43 31 49 11 19 45 21 47 34 29 0 5 39 24 25
Coste: 49115

GENERACION: 300
Mejor Solucion:  32 36 4 3 37 2 18 7 8 26 33 16 35 44 48 38 23 46 1 6 41 20 30 42 22 40 10 14 12 17 13 27 9 28 15 43 31 49 11 19 45 21 47 34 29 0 5 39 24 25
Coste: 49115

GENERACION: 305
Mejor Solucion:  32 36 4 3 37 2 18 7 8 26 33 16 35 44 48 38 23 46 1 6 41 20 30 42 22 40 10 14 12 17 13 27 9 28 15 43 31 49 11 19 45 21 47 34 29 0 5 39 24 25
Coste: 49115

GENERACION: 310
Mejor Solucion:  32 36 4 3 37 2 18 7 8 26 33 16 35 44 48 38 23 46 1 6 41 20 30 42 22 40 10 14 12 17 13 27 9 28 15 43 31 49 11 19 45 21 47 34 29 0 5 39 24 25
Coste: 49115

GENERACION: 315
Mejor Solucion:  32 36 4 3 37 2 18 7 8 26 33 16 35 44 48 38 23 46 1 6 41 20 30 42 22 40 10 14 12 17 13 27 9 28 15 43 31 49 11 19 45 21 47 34 29 0 5 39 24 25
Coste: 49115

GENERACION: 320
Mejor Solucion:  32 36 4 3 37 2 18 7 8 26 33 16 35 44 48 38 23 46 1 6 41 20 30 42 22 40 10 14 12 17 13 27 9 28 15 43 31 49 11 19 45 21 47 34 29 0 5 39 24 25
Coste: 49115

GENERACION: 325
Mejor Solucion:  32 36 4 3 37 2 18 7 8 26 33 16 35 44 48 38 23 46 1 6 41 20 30 42 22 40 10 14 12 17 13 27 9 28 15 43 31 49 11 19 45 21 47 34 29 0 5 39 24 25
Coste: 49115

GENERACION: 330
Mejor Solucion:  32 36 4 3 37 2 18 7 8 26 33 16 35 44 48 38 23 46 1 6 41 20 30 42 22 40 10 14 12 17 13 27 9 28 15 43 31 49 11 19 45 21 47 34 29 0 5 39 24 25
Coste: 49115

GENERACION: 335
Mejor Solucion:  32 36 4 3 37 2 18 7 8 26 33 16 35 44 48 38 23 46 1 6 41 20 30 42 22 40 10 14 12 17 13 27 9 28 15 43 31 49 11 19 45 21 47 34 29 0 5 39 24 25
Coste: 49115

GENERACION: 340
Mejor Solucion:  32 36 4 3 37 2 18 7 8 26 33 16 35 44 48 38 23 46 1 6 41 20 30 42 22 40 10 14 12 17 13 27 9 28 15 43 31 49 11 19 45 21 47 34 29 0 5 39 24 25
Coste: 49115

GENERACION: 345
Mejor Solucion:  32 36 4 3 37 2 18 7 8 26 33 16 35 44 48 38 23 46 1 6 41 20 30 42 22 40 10 14 12 17 13 27 9 28 15 43 31 49 11 19 45 21 47 34 29 0 5 39 24 25
Coste: 49115

GENERACION: 350
Mejor Solucion:  47 16 35 42 30 22 18 7 19 6 4 41 33 32 36 48 2 14 10 17 45 27 3 44 37 38 23 46 11 26 0 28 20 29 15 40 31 49 1 8 21 34 9 13 5 43 39 12 24 25
Coste: 49071

GENERACION: 355
Mejor Solucion:  47 16 35 42 30 22 18 7 19 6 4 41 33 32 36 48 2 14 10 17 45 27 3 44 37 38 23 46 11 26 0 28 20 29 15 40 31 49 1 8 21 34 9 13 5 43 39 12 24 25
Coste: 49071

GENERACION: 360
Mejor Solucion:  47 16 35 42 30 22 18 7 19 6 4 41 33 32 36 48 2 14 10 17 45 27 3 44 37 38 23 46 11 26 0 28 20 29 15 40 31 49 1 8 21 34 9 13 5 43 39 12 24 25
Coste: 49071

GENERACION: 365
Mejor Solucion:  47 16 35 42 30 22 18 7 19 6 4 41 33 32 36 48 2 14 10 17 45 27 3 44 37 38 23 46 11 26 0 28 20 29 15 40 31 49 1 8 21 34 9 13 5 43 39 12 24 25
Coste: 49071

GENERACION: 370
Mejor Solucion:  45 16 33 32 35 42 18 7 6 19 47 27 41 36 29 48 22 14 10 17 28 20 3 44 38 23 2 49 11 26 0 9 4 5 37 40 31 39 1 8 21 34 13 43 15 30 46 12 24 25
Coste: 48950

GENERACION: 375
Mejor Solucion:  45 16 33 32 35 42 18 7 6 19 47 27 41 36 29 48 22 14 10 17 28 20 3 44 38 23 2 49 11 26 0 9 4 5 37 40 31 39 1 8 21 34 13 43 15 30 46 12 24 25
Coste: 48950

GENERACION: 380
Mejor Solucion:  45 16 33 32 35 42 18 7 6 19 47 27 41 36 29 48 22 14 10 17 28 20 3 44 38 23 2 49 11 26 0 9 4 5 37 40 31 39 1 8 21 34 13 43 15 30 46 12 24 25
Coste: 48950

GENERACION: 385
Mejor Solucion:  45 16 33 32 35 42 18 7 6 19 47 27 41 36 29 48 22 14 10 17 28 20 3 44 38 23 2 49 11 26 0 9 4 5 37 40 31 39 1 8 21 34 13 43 15 30 46 12 24 25
Coste: 48950

GENERACION: 390
Mejor Solucion:  45 16 33 32 35 42 18 7 6 19 47 27 41 36 29 48 22 14 10 17 28 20 3 44 38 23 2 49 11 26 0 9 4 5 37 40 31 39 1 8 21 34 13 43 15 30 46 12 24 25
Coste: 48950

GENERACION: 395
Mejor Solucion:  45 16 33 32 35 42 18 7 6 19 47 27 41 36 29 48 22 14 10 17 28 20 3 44 38 23 2 49 11 26 0 9 4 5 37 40 31 39 1 8 21 34 13 43 15 30 46 12 24 25
Coste: 48950

GENERACION: 400
Mejor Solucion:  45 16 33 32 35 42 18 7 6 19 47 27 41 36 29 48 22 14 10 17 28 20 3 44 38 23 2 49 11 26 0 9 4 5 37 40 31 39 1 8 21 34 13 43 15 30 46 12 24 25
Coste: 48950

GENERACION: 405
Mejor Solucion:  45 16 33 32 35 42 18 7 6 19 47 27 41 36 29 48 22 14 10 17 28 20 3 44 38 23 2 49 11 26 0 9 4 5 37 40 31 39 1 8 21 34 13 43 15 30 46 12 24 25
Coste: 48950

GENERACION: 410
Mejor Solucion:  45 29 41 16 33 18 10 14 6 19 47 27 5 35 42 48 22 7 17 1 13 28 20 36 44 40 23 38 49 11 0 9 15 3 37 31 2 46 8 24 21 34 4 43 32 30 39 12 26 25
Coste: 48925

GENERACION: 415
Mejor Solucion:  45 29 41 16 33 18 10 14 6 19 47 27 5 35 42 48 22 7 17 1 13 28 20 36 44 40 23 38 49 11 0 9 15 3 37 31 2 46 8 24 21 34 4 43 32 30 39 12 26 25
Coste: 48925

GENERACION: 420
Mejor Solucion:  45 29 41 16 33 18 10 14 6 19 47 27 5 35 42 48 22 7 17 1 13 28 20 36 44 40 23 38 49 11 0 9 15 3 37 31 2 46 8 24 21 34 4 43 32 30 39 12 26 25
Coste: 48925

GENERACION: 425
Mejor Solucion:  45 29 41 16 33 18 10 14 6 19 47 27 5 35 42 48 22 7 17 1 13 28 20 36 44 40 23 38 49 11 0 9 15 3 37 31 2 46 8 24 21 34 4 43 32 30 39 12 26 25
Coste: 48925

GENERACION: 430
Mejor Solucion:  45 29 41 16 33 18 10 14 6 19 47 27 5 35 42 48 22 7 17 1 13 28 20 36 44 40 23 38 49 11 0 9 15 3 37 31 2 46 8 24 21 34 4 43 32 30 39 12 26 25
Coste: 48925

GENERACION: 435
Mejor Solucion:  45 29 41 16 33 18 10 14 6 19 47 27 5 35 42 48 22 7 17 1 13 28 20 36 44 40 23 38 49 11 0 9 15 3 37 31 2 46 8 24 21 34 4 43 32 30 39 12 26 25
Coste: 48925

GENERACION: 440
Mejor Solucion:  45 29 41 16 33 18 10 14 6 19 47 27 5 35 42 48 22 7 17 1 13 28 20 36 44 40 23 38 49 11 0 9 15 3 37 31 2 46 8 24 21 34 4 43 32 30 39 12 26 25
Coste: 48925

GENERACION: 445
Mejor Solucion:  45 29 41 16 33 18 10 14 6 19 47 27 5 35 42 48 22 7 17 1 13 28 20 36 44 40 23 38 49 11 0 9 15 3 37 31 2 46 8 24 21 34 4 43 32 30 39 12 26 25
Coste: 48925

GENERACION: 450
Mejor Solucion:  45 29 41 16 33 18 10 14 6 19 47 27 5 35 42 48 22 7 17 1 13 28 20 36 44 40 23 38 49 11 0 9 15 3 37 31 2 46 8 24 21 34 4 43 32 30 39 12 26 25
Coste: 48925

GENERACION: 455
Mejor Solucion:  45 29 41 16 33 18 10 14 6 19 47 27 5 35 42 48 22 7 17 1 13 28 20 36 44 40 23 38 49 11 0 9 15 3 37 31 2 46 8 24 21 34 4 43 32 30 39 12 26 25
Coste: 48925

GENERACION: 460
Mejor Solucion:  45 29 41 16 33 18 10 14 6 19 47 27 5 35 42 48 22 7 17 1 13 28 20 36 44 40 23 38 49 11 0 9 15 3 37 31 2 46 8 24 21 34 4 43 32 30 39 12 26 25
Coste: 48925

GENERACION: 465
Mejor Solucion:  45 29 41 16 33 18 10 14 6 19 47 27 5 35 42 48 22 7 17 1 13 28 20 36 44 40 23 38 49 11 0 9 15 3 37 31 2 46 8 24 21 34 4 43 32 30 39 12 26 25
Coste: 48925

GENERACION: 470
Mejor Solucion:  45 29 41 16 33 18 10 14 6 19 47 27 5 35 42 48 22 7 17 1 13 28 20 36 44 40 23 38 49 11 0 9 15 3 37 31 2 46 8 24 21 34 4 43 32 30 39 12 26 25
Coste: 48925

GENERACION: 475
Mejor Solucion:  45 29 41 16 33 18 10 14 6 19 47 27 5 35 42 48 22 7 17 1 13 28 20 36 44 40 23 38 49 11 0 9 15 3 37 31 2 46 8 24 21 34 4 43 32 30 39 12 26 25
Coste: 48925

GENERACION: 480
Mejor Solucion:  45 29 41 16 33 18 10 14 6 19 47 27 5 35 42 48 22 7 17 1 13 28 20 36 44 40 23 38 49 11 0 9 15 3 37 31 2 46 8 24 21 34 4 43 32 30 39 12 26 25
Coste: 48925

GENERACION: 485
Mejor Solucion:  45 29 41 16 33 18 10 14 6 19 47 27 5 35 42 48 22 7 17 1 13 28 20 36 44 40 23 38 49 11 0 9 15 3 37 31 2 46 8 24 21 34 4 43 32 30 39 12 26 25
Coste: 48925

GENERACION: 490
Mejor Solucion:  45 29 41 16 33 18 10 14 6 19 47 27 5 35 42 48 22 7 17 1 13 28 20 36 44 40 23 38 49 11 0 9 15 3 37 31 2 46 8 24 21 34 4 43 32 30 39 12 26 25
Coste: 48925

GENERACION: 495
Mejor Solucion:  45 29 41 16 33 18 10 14 6 19 47 27 5 35 42 48 22 7 17 1 13 28 20 36 44 40 23 38 49 11 0 9 15 3 37 31 2 46 8 24 21 34 4 43 32 30 39 12 26 25
Coste: 48925

GENERACION: 500
Mejor Solucion:  45 29 41 16 33 18 10 14 6 19 47 27 5 35 42 48 22 7 17 1 13 28 20 36 44 40 23 38 49 11 0 9 15 3 37 31 2 46 8 24 21 34 4 43 32 30 39 12 26 25
Coste: 48925

GENERACION: 505
Mejor Solucion:  45 29 41 16 33 18 10 14 6 19 47 27 5 35 42 48 22 7 17 1 13 28 20 36 44 40 23 38 49 11 0 9 15 3 37 31 2 46 8 24 21 34 4 43 32 30 39 12 26 25
Coste: 48925

GENERACION: 510
Mejor Solucion:  45 29 41 16 33 18 10 14 6 19 47 27 5 35 42 48 22 7 17 1 13 28 20 36 44 40 23 38 49 11 0 9 15 3 37 31 2 46 8 24 21 34 4 43 32 30 39 12 26 25
Coste: 48925

GENERACION: 515
Mejor Solucion:  45 29 41 16 33 18 10 14 6 19 47 27 5 35 42 48 22 7 17 1 13 28 20 36 44 40 23 38 49 11 0 9 15 3 37 31 2 46 8 24 21 34 4 43 32 30 39 12 26 25
Coste: 48925

GENERACION: 520
Mejor Solucion:  45 29 41 16 33 18 10 14 6 19 47 27 5 35 42 48 22 7 17 1 13 28 20 36 44 40 23 38 49 11 0 9 15 3 37 31 2 46 8 24 21 34 4 43 32 30 39 12 26 25
Coste: 48925

GENERACION: 525
Mejor Solucion:  45 29 41 16 33 18 10 14 6 19 47 27 5 35 42 48 22 7 17 1 13 28 20 36 44 40 23 38 49 11 0 9 15 3 37 31 2 46 8 24 21 34 4 43 32 30 39 12 26 25
Coste: 48925

GENERACION: 530
Mejor Solucion:  45 29 41 16 33 18 10 14 6 19 47 27 5 35 42 48 22 7 17 1 13 28 20 36 44 40 23 38 49 11 0 9 15 3 37 31 2 46 8 24 21 34 4 43 32 30 39 12 26 25
Coste: 48925

GENERACION: 535
Mejor Solucion:  45 29 41 16 33 18 10 14 6 19 47 27 5 35 42 48 22 7 17 1 13 28 20 36 44 40 23 38 49 11 0 9 15 3 37 31 2 46 8 24 21 34 4 43 32 30 39 12 26 25
Coste: 48925

GENERACION: 540
Mejor Solucion:  45 29 41 16 33 18 10 14 6 19 47 27 5 35 42 48 22 7 17 1 13 28 20 36 44 40 23 38 49 11 0 9 15 3 37 31 2 46 8 24 21 34 4 43 32 30 39 12 26 25
Coste: 48925

GENERACION: 545
Mejor Solucion:  45 29 41 16 33 18 10 14 6 19 47 27 5 35 42 48 22 7 17 1 13 28 20 36 44 40 23 38 49 11 0 9 15 3 37 31 2 46 8 24 21 34 4 43 32 30 39 12 26 25
Coste: 48925

GENERACION: 550
Mejor Solucion:  45 29 41 16 33 18 10 14 6 19 47 27 5 35 42 48 22 7 17 1 13 28 20 36 44 40 23 38 49 11 0 9 15 3 37 31 2 46 8 24 21 34 4 43 32 30 39 12 26 25
Coste: 48925

GENERACION: 555
Mejor Solucion:  45 29 41 16 33 18 10 14 6 19 47 27 5 35 42 48 22 7 17 1 13 28 20 36 44 40 23 38 49 11 0 9 15 3 37 31 2 46 8 24 21 34 4 43 32 30 39 12 26 25
Coste: 48925

GENERACION: 560
Mejor Solucion:  45 29 41 16 33 18 10 14 6 19 47 27 5 35 42 48 22 7 17 1 13 28 20 36 44 40 23 38 49 11 0 9 15 3 37 31 2 46 8 24 21 34 4 43 32 30 39 12 26 25
Coste: 48925

GENERACION: 565
Mejor Solucion:  45 29 41 16 33 18 10 14 6 19 47 27 5 35 42 48 22 7 17 1 13 28 20 36 44 40 23 38 49 11 0 9 15 3 37 31 2 46 8 24 21 34 4 43 32 30 39 12 26 25
Coste: 48925

GENERACION: 570
Mejor Solucion:  45 29 41 16 33 18 10 14 6 19 47 27 5 35 42 48 22 7 17 1 13 28 20 36 44 40 23 38 49 11 0 9 15 3 37 31 2 46 8 24 21 34 4 43 32 30 39 12 26 25
Coste: 48925

GENERACION: 575
Mejor Solucion:  45 29 41 16 33 18 10 14 6 19 47 27 5 35 42 48 22 7 17 1 13 28 20 36 44 40 23 38 49 11 0 9 15 3 37 31 2 46 8 24 21 34 4 43 32 30 39 12 26 25
Coste: 48925

GENERACION: 580
Mejor Solucion:  45 29 41 16 33 18 10 14 6 19 47 27 5 35 42 48 22 7 17 1 13 28 20 36 44 40 23 38 49 11 0 9 15 3 37 31 2 46 8 24 21 34 4 43 32 30 39 12 26 25
Coste: 48925

GENERACION: 585
Mejor Solucion:  45 29 41 16 33 18 10 14 6 19 47 27 5 35 42 48 22 7 17 1 13 28 20 36 44 40 23 38 49 11 0 9 15 3 37 31 2 46 8 24 21 34 4 43 32 30 39 12 26 25
Coste: 48925

GENERACION: 590
Mejor Solucion:  45 29 41 16 33 18 10 14 6 19 47 27 5 35 42 48 22 7 17 1 13 28 20 36 44 40 23 38 49 11 0 9 15 3 37 31 2 46 8 24 21 34 4 43 32 30 39 12 26 25
Coste: 48925

GENERACION: 595
Mejor Solucion:  45 29 41 16 33 18 10 14 6 19 47 27 5 35 42 48 22 7 17 1 13 28 20 36 44 40 23 38 49 11 0 9 15 3 37 31 2 46 8 24 21 34 4 43 32 30 39 12 26 25
Coste: 48925

GENERACION: 600
Mejor Solucion:  45 29 41 16 33 18 10 14 6 19 47 27 5 35 42 48 22 7 17 1 13 28 20 36 44 40 23 38 49 11 0 9 15 3 37 31 2 46 8 24 21 34 4 43 32 30 39 12 26 25
Coste: 48925

GENERACION: 605
Mejor Solucion:  45 29 41 16 33 18 10 14 6 19 47 27 5 35 42 48 22 7 17 1 13 28 20 36 44 40 23 38 49 11 0 9 15 3 37 31 2 46 8 24 21 34 4 43 32 30 39 12 26 25
Coste: 48925

GENERACION: 610
Mejor Solucion:  45 29 41 16 33 18 10 14 6 19 47 27 5 35 42 48 22 7 17 1 13 28 20 36 44 40 23 38 49 11 0 9 15 3 37 31 2 46 8 24 21 34 4 43 32 30 39 12 26 25
Coste: 48925

GENERACION: 615
Mejor Solucion:  45 29 41 16 33 18 10 14 6 19 47 27 5 35 42 48 22 7 17 1 13 28 20 36 44 40 23 38 49 11 0 9 15 3 37 31 2 46 8 24 21 34 4 43 32 30 39 12 26 25
Coste: 48925

GENERACION: 620
Mejor Solucion:  45 29 41 16 33 18 10 14 6 19 47 27 5 35 42 48 22 7 17 1 13 28 20 36 44 40 23 38 49 11 0 9 15 3 37 31 2 46 8 24 21 34 4 43 32 30 39 12 26 25
Coste: 48925

GENERACION: 625
Mejor Solucion:  45 29 41 16 33 18 10 14 6 19 47 27 5 35 42 48 22 7 17 1 13 28 20 36 44 40 23 38 49 11 0 9 15 3 37 31 2 46 8 24 21 34 4 43 32 30 39 12 26 25
Coste: 48925

GENERACION: 630
Mejor Solucion:  45 29 41 16 33 18 10 14 6 19 47 27 5 35 42 48 22 7 17 1 13 28 20 36 44 40 23 38 49 11 0 9 15 3 37 31 2 46 8 24 21 34 4 43 32 30 39 12 26 25
Coste: 48925

GENERACION: 635
Mejor Solucion:  45 29 41 16 33 18 10 14 6 19 47 27 5 35 42 48 22 7 17 1 13 28 20 36 44 40 23 38 49 11 0 9 15 3 37 31 2 46 8 24 21 34 4 43 32 30 39 12 26 25
Coste: 48925

GENERACION: 640
Mejor Solucion:  45 29 41 16 33 18 10 14 6 19 47 27 5 35 42 48 22 7 17 1 13 28 20 36 44 40 23 38 49 11 0 9 15 3 37 31 2 46 8 24 21 34 4 43 32 30 39 12 26 25
Coste: 48925

GENERACION: 645
Mejor Solucion:  45 29 41 16 33 18 10 14 6 19 47 27 5 35 42 48 22 7 17 1 13 28 20 36 44 40 23 38 49 11 0 9 15 3 37 31 2 46 8 24 21 34 4 43 32 30 39 12 26 25
Coste: 48925

GENERACION: 650
Mejor Solucion:  45 29 41 16 33 18 10 14 6 19 47 27 5 35 42 48 22 7 17 1 13 28 20 36 44 40 23 38 49 11 0 9 15 3 37 31 2 46 8 24 21 34 4 43 32 30 39 12 26 25
Coste: 48925

GENERACION: 655
Mejor Solucion:  45 29 41 16 33 18 10 14 6 19 47 27 5 35 42 48 22 7 17 1 13 28 20 36 44 40 23 38 49 11 0 9 15 3 37 31 2 46 8 24 21 34 4 43 32 30 39 12 26 25
Coste: 48925

GENERACION: 660
Mejor Solucion:  45 29 41 16 33 18 10 14 6 19 47 27 5 35 42 48 22 7 17 1 13 28 20 36 44 40 23 38 49 11 0 9 15 3 37 31 2 46 8 24 21 34 4 43 32 30 39 12 26 25
Coste: 48925

GENERACION: 665
Mejor Solucion:  45 29 41 16 33 18 10 14 6 19 47 27 5 35 42 48 22 7 17 1 13 28 20 36 44 40 23 38 49 11 0 9 15 3 37 31 2 46 8 24 21 34 4 43 32 30 39 12 26 25
Coste: 48925

GENERACION: 670
Mejor Solucion:  45 29 41 16 33 18 10 14 6 19 47 27 5 35 42 48 22 7 17 1 13 28 20 36 44 40 23 38 49 11 0 9 15 3 37 31 2 46 8 24 21 34 4 43 32 30 39 12 26 25
Coste: 48925

GENERACION: 675
Mejor Solucion:  45 29 41 16 33 18 10 14 6 19 47 27 5 35 42 48 22 7 17 1 13 28 20 36 44 40 23 38 49 11 0 9 15 3 37 31 2 46 8 24 21 34 4 43 32 30 39 12 26 25
Coste: 48925

GENERACION: 680
Mejor Solucion:  45 29 41 16 33 18 10 14 6 19 47 27 5 35 42 48 22 7 17 1 13 28 20 36 44 40 23 38 49 11 0 9 15 3 37 31 2 46 8 24 21 34 4 43 32 30 39 12 26 25
Coste: 48925

GENERACION: 685
Mejor Solucion:  45 29 41 16 33 18 10 14 6 19 47 27 5 35 42 48 22 7 17 1 13 28 20 36 44 40 23 38 49 11 0 9 15 3 37 31 2 46 8 24 21 34 4 43 32 30 39 12 26 25
Coste: 48925

GENERACION: 690
Mejor Solucion:  45 29 41 16 33 18 10 14 6 19 47 27 5 35 42 48 22 7 17 1 13 28 20 36 44 40 23 38 49 11 0 9 15 3 37 31 2 46 8 24 21 34 4 43 32 30 39 12 26 25
Coste: 48925

GENERACION: 695
Mejor Solucion:  45 29 41 16 33 18 10 14 6 19 47 27 5 35 42 48 22 7 17 1 13 28 20 36 44 40 23 38 49 11 0 9 15 3 37 31 2 46 8 24 21 34 4 43 32 30 39 12 26 25
Coste: 48925

GENERACION: 700
Mejor Solucion:  45 29 41 16 33 18 10 14 6 19 47 27 5 35 42 48 22 7 17 1 13 28 20 36 44 40 23 38 49 11 0 9 15 3 37 31 2 46 8 24 21 34 4 43 32 30 39 12 26 25
Coste: 48925

GENERACION: 705
Mejor Solucion:  45 29 41 16 33 18 10 14 6 19 47 27 5 35 42 48 22 7 17 1 13 28 20 36 44 40 23 38 49 11 0 9 15 3 37 31 2 46 8 24 21 34 4 43 32 30 39 12 26 25
Coste: 48925

GENERACION: 710
Mejor Solucion:  45 29 41 16 33 18 10 14 6 19 47 27 5 35 42 48 22 7 17 1 13 28 20 36 44 40 23 38 49 11 0 9 15 3 37 31 2 46 8 24 21 34 4 43 32 30 39 12 26 25
Coste: 48925

GENERACION: 715
Mejor Solucion:  45 29 41 16 33 18 10 14 6 19 47 27 5 35 42 48 22 7 17 1 13 28 20 36 44 40 23 38 49 11 0 9 15 3 37 31 2 46 8 24 21 34 4 43 32 30 39 12 26 25
Coste: 48925

GENERACION: 720
Mejor Solucion:  45 29 41 16 33 18 10 14 6 19 47 27 5 35 42 48 22 7 17 1 13 28 20 36 44 40 23 38 49 11 0 9 15 3 37 31 2 46 8 24 21 34 4 43 32 30 39 12 26 25
Coste: 48925

GENERACION: 725
Mejor Solucion:  45 29 41 16 33 18 10 14 6 19 47 27 5 35 42 48 22 7 17 1 13 28 20 36 44 40 23 38 49 11 0 9 15 3 37 31 2 46 8 24 21 34 4 43 32 30 39 12 26 25
Coste: 48925

GENERACION: 730
Mejor Solucion:  45 29 41 16 33 18 10 14 6 19 47 27 5 35 42 48 22 7 17 1 13 28 20 36 44 40 23 38 49 11 0 9 15 3 37 31 2 46 8 24 21 34 4 43 32 30 39 12 26 25
Coste: 48925

GENERACION: 735
Mejor Solucion:  45 29 41 16 33 18 10 14 6 19 47 27 5 35 42 48 22 7 17 1 13 28 20 36 44 40 23 38 49 11 0 9 15 3 37 31 2 46 8 24 21 34 4 43 32 30 39 12 26 25
Coste: 48925

GENERACION: 740
Mejor Solucion:  45 29 41 16 33 18 10 14 6 19 47 27 5 35 42 48 22 7 17 1 13 28 20 36 44 40 23 38 49 11 0 9 15 3 37 31 2 46 8 24 21 34 4 43 32 30 39 12 26 25
Coste: 48925

GENERACION: 745
Mejor Solucion:  45 29 41 16 33 18 10 14 6 19 47 27 5 35 42 48 22 7 17 1 13 28 20 36 44 40 23 38 49 11 0 9 15 3 37 31 2 46 8 24 21 34 4 43 32 30 39 12 26 25
Coste: 48925

GENERACION: 750
Mejor Solucion:  45 29 41 16 33 18 10 14 6 19 47 27 5 35 42 48 22 7 17 1 13 28 20 36 44 40 23 38 49 11 0 9 15 3 37 31 2 46 8 24 21 34 4 43 32 30 39 12 26 25
Coste: 48925

GENERACION: 755
Mejor Solucion:  45 29 41 16 33 18 10 14 6 19 47 27 5 35 42 48 22 7 17 1 13 28 20 36 44 40 23 38 49 11 0 9 15 3 37 31 2 46 8 24 21 34 4 43 32 30 39 12 26 25
Coste: 48925

GENERACION: 760
Mejor Solucion:  45 29 41 16 33 18 10 14 6 19 47 27 5 35 42 48 22 7 17 1 13 28 20 36 44 40 23 38 49 11 0 9 15 3 37 31 2 46 8 24 21 34 4 43 32 30 39 12 26 25
Coste: 48925

GENERACION: 765
Mejor Solucion:  45 29 41 16 33 18 10 14 6 19 47 27 5 35 42 48 22 7 17 1 13 28 20 36 44 40 23 38 49 11 0 9 15 3 37 31 2 46 8 24 21 34 4 43 32 30 39 12 26 25
Coste: 48925

GENERACION: 770
Mejor Solucion:  45 29 41 16 33 18 10 14 6 19 47 27 5 35 42 48 22 7 17 1 13 28 20 36 44 40 23 38 49 11 0 9 15 3 37 31 2 46 8 24 21 34 4 43 32 30 39 12 26 25
Coste: 48925

GENERACION: 775
Mejor Solucion:  45 29 41 16 33 18 10 14 6 19 47 27 5 35 42 48 22 7 17 1 13 28 20 36 44 40 23 38 49 11 0 9 15 3 37 31 2 46 8 24 21 34 4 43 32 30 39 12 26 25
Coste: 48925

GENERACION: 780
Mejor Solucion:  45 29 41 16 33 18 10 14 6 19 47 27 5 35 42 48 22 7 17 1 13 28 20 36 44 40 23 38 49 11 0 9 15 3 37 31 2 46 8 24 21 34 4 43 32 30 39 12 26 25
Coste: 48925

GENERACION: 785
Mejor Solucion:  45 29 41 16 33 18 10 14 6 19 47 27 5 35 42 48 22 7 17 1 13 28 20 36 44 40 23 38 49 11 0 9 15 3 37 31 2 46 8 24 21 34 4 43 32 30 39 12 26 25
Coste: 48925

GENERACION: 790
Mejor Solucion:  45 29 41 16 33 18 10 14 6 19 47 27 5 35 42 48 22 7 17 1 13 28 20 36 44 40 23 38 49 11 0 9 15 3 37 31 2 46 8 24 21 34 4 43 32 30 39 12 26 25
Coste: 48925

GENERACION: 795
Mejor Solucion:  45 29 41 16 33 18 10 14 6 19 47 27 5 35 42 48 22 7 17 1 13 28 20 36 44 40 23 38 49 11 0 9 15 3 37 31 2 46 8 24 21 34 4 43 32 30 39 12 26 25
Coste: 48925

GENERACION: 800
Mejor Solucion:  45 29 41 16 33 18 10 14 6 19 47 27 5 35 42 48 22 7 17 1 13 28 20 36 44 40 23 38 49 11 0 9 15 3 37 31 2 46 8 24 21 34 4 43 32 30 39 12 26 25
Coste: 48925

GENERACION: 805
Mejor Solucion:  45 29 41 16 33 18 10 14 6 19 47 27 5 35 42 48 22 7 17 1 13 28 20 36 44 40 23 38 49 11 0 9 15 3 37 31 2 46 8 24 21 34 4 43 32 30 39 12 26 25
Coste: 48925

GENERACION: 810
Mejor Solucion:  45 29 41 16 33 18 10 14 6 19 47 27 5 35 42 48 22 7 17 1 13 28 20 36 44 40 23 38 49 11 0 9 15 3 37 31 2 46 8 24 21 34 4 43 32 30 39 12 26 25
Coste: 48925

GENERACION: 815
Mejor Solucion:  45 29 41 16 33 18 10 14 6 19 47 27 5 35 42 48 22 7 17 1 13 28 20 36 44 40 23 38 49 11 0 9 15 3 37 31 2 46 8 24 21 34 4 43 32 30 39 12 26 25
Coste: 48925

GENERACION: 820
Mejor Solucion:  45 29 41 16 33 18 10 14 6 19 47 27 5 35 42 48 22 7 17 1 13 28 20 36 44 40 23 38 49 11 0 9 15 3 37 31 2 46 8 24 21 34 4 43 32 30 39 12 26 25
Coste: 48925

GENERACION: 825
Mejor Solucion:  45 29 41 16 33 18 10 14 6 19 47 27 5 35 42 48 22 7 17 1 13 28 20 36 44 40 23 38 49 11 0 9 15 3 37 31 2 46 8 24 21 34 4 43 32 30 39 12 26 25
Coste: 48925

GENERACION: 830
Mejor Solucion:  45 29 41 16 33 18 10 14 6 19 47 27 5 35 42 48 22 7 17 1 13 28 20 36 44 40 23 38 49 11 0 9 15 3 37 31 2 46 8 24 21 34 4 43 32 30 39 12 26 25
Coste: 48925

GENERACION: 835
Mejor Solucion:  45 29 41 16 33 18 10 14 6 19 47 27 5 35 42 48 22 7 17 1 13 28 20 36 44 40 23 38 49 11 0 9 15 3 37 31 2 46 8 24 21 34 4 43 32 30 39 12 26 25
Coste: 48925

GENERACION: 840
Mejor Solucion:  45 29 41 16 33 18 10 14 6 19 47 27 5 35 42 48 22 7 17 1 13 28 20 36 44 40 23 38 49 11 0 9 15 3 37 31 2 46 8 24 21 34 4 43 32 30 39 12 26 25
Coste: 48925

GENERACION: 845
Mejor Solucion:  45 29 41 16 33 18 10 14 6 19 47 27 5 35 42 48 22 7 17 1 13 28 20 36 44 40 23 38 49 11 0 9 15 3 37 31 2 46 8 24 21 34 4 43 32 30 39 12 26 25
Coste: 48925

GENERACION: 850
Mejor Solucion:  45 29 41 16 33 18 10 14 6 19 47 27 5 35 42 48 22 7 17 1 13 28 20 36 44 40 23 38 49 11 0 9 15 3 37 31 2 46 8 24 21 34 4 43 32 30 39 12 26 25
Coste: 48925

GENERACION: 855
Mejor Solucion:  45 29 41 16 33 18 10 14 6 19 47 27 5 35 42 48 22 7 17 1 13 28 20 36 44 40 23 38 49 11 0 9 15 3 37 31 2 46 8 24 21 34 4 43 32 30 39 12 26 25
Coste: 48925

GENERACION: 860
Mejor Solucion:  45 29 41 16 33 18 10 14 6 19 47 27 5 35 42 48 22 7 17 1 13 28 20 36 44 40 23 38 49 11 0 9 15 3 37 31 2 46 8 24 21 34 4 43 32 30 39 12 26 25
Coste: 48925

GENERACION: 865
Mejor Solucion:  45 29 41 16 33 18 10 14 6 19 47 27 5 35 42 48 22 7 17 1 13 28 20 36 44 40 23 38 49 11 0 9 15 3 37 31 2 46 8 24 21 34 4 43 32 30 39 12 26 25
Coste: 48925

GENERACION: 870
Mejor Solucion:  45 29 41 16 33 18 10 14 6 19 47 27 5 35 42 48 22 7 17 1 13 28 20 36 44 40 23 38 49 11 0 9 15 3 37 31 2 46 8 24 21 34 4 43 32 30 39 12 26 25
Coste: 48925

GENERACION: 875
Mejor Solucion:  45 29 41 16 33 18 10 14 6 19 47 27 5 35 42 48 22 7 17 1 13 28 20 36 44 40 23 38 49 11 0 9 15 3 37 31 2 46 8 24 21 34 4 43 32 30 39 12 26 25
Coste: 48925

GENERACION: 880
Mejor Solucion:  45 29 41 16 33 18 10 14 6 19 47 27 5 35 42 48 22 7 17 1 13 28 20 36 44 40 23 38 49 11 0 9 15 3 37 31 2 46 8 24 21 34 4 43 32 30 39 12 26 25
Coste: 48925

GENERACION: 885
Mejor Solucion:  45 29 41 16 33 18 10 14 6 19 47 27 5 35 42 48 22 7 17 1 13 28 20 36 44 40 23 38 49 11 0 9 15 3 37 31 2 46 8 24 21 34 4 43 32 30 39 12 26 25
Coste: 48925

GENERACION: 890
Mejor Solucion:  45 29 41 16 33 18 10 14 6 19 47 27 5 35 42 48 22 7 17 1 13 28 20 36 44 40 23 38 49 11 0 9 15 3 37 31 2 46 8 24 21 34 4 43 32 30 39 12 26 25
Coste: 48925

GENERACION: 895
Mejor Solucion:  45 29 41 16 33 18 10 14 6 19 47 27 5 35 42 48 22 7 17 1 13 28 20 36 44 40 23 38 49 11 0 9 15 3 37 31 2 46 8 24 21 34 4 43 32 30 39 12 26 25
Coste: 48925

GENERACION: 900
Mejor Solucion:  45 29 41 16 33 18 10 14 6 19 47 27 5 35 42 48 22 7 17 1 13 28 20 36 44 40 23 38 49 11 0 9 15 3 37 31 2 46 8 24 21 34 4 43 32 30 39 12 26 25
Coste: 48925

GENERACION: 905
Mejor Solucion:  45 29 41 16 33 18 10 14 6 19 47 27 5 35 42 48 22 7 17 1 13 28 20 36 44 40 23 38 49 11 0 9 15 3 37 31 2 46 8 24 21 34 4 43 32 30 39 12 26 25
Coste: 48925

GENERACION: 910
Mejor Solucion:  45 29 41 16 33 18 10 14 6 19 47 27 5 35 42 48 22 7 17 1 13 28 20 36 44 40 23 38 49 11 0 9 15 3 37 31 2 46 8 24 21 34 4 43 32 30 39 12 26 25
Coste: 48925

GENERACION: 915
Mejor Solucion:  45 29 41 16 33 18 10 14 6 19 47 27 5 35 42 48 22 7 17 1 13 28 20 36 44 40 23 38 49 11 0 9 15 3 37 31 2 46 8 24 21 34 4 43 32 30 39 12 26 25
Coste: 48925

GENERACION: 920
Mejor Solucion:  45 29 41 16 33 18 10 14 6 19 47 27 5 35 42 48 22 7 17 1 13 28 20 36 44 40 23 38 49 11 0 9 15 3 37 31 2 46 8 24 21 34 4 43 32 30 39 12 26 25
Coste: 48925

GENERACION: 925
Mejor Solucion:  45 29 41 16 33 18 10 14 6 19 47 27 5 35 42 48 22 7 17 1 13 28 20 36 44 40 23 38 49 11 0 9 15 3 37 31 2 46 8 24 21 34 4 43 32 30 39 12 26 25
Coste: 48925

GENERACION: 930
Mejor Solucion:  45 29 41 16 33 18 10 14 6 19 47 27 5 35 42 48 22 7 17 1 13 28 20 36 44 40 23 38 49 11 0 9 15 3 37 31 2 46 8 24 21 34 4 43 32 30 39 12 26 25
Coste: 48925

GENERACION: 935
Mejor Solucion:  45 29 41 16 33 18 10 14 6 19 47 27 5 35 42 48 22 7 17 1 13 28 20 36 44 40 23 38 49 11 0 9 15 3 37 31 2 46 8 24 21 34 4 43 32 30 39 12 26 25
Coste: 48925

GENERACION: 940
Mejor Solucion:  45 29 41 16 33 18 10 14 6 19 47 27 5 35 42 48 22 7 17 1 13 28 20 36 44 40 23 38 49 11 0 9 15 3 37 31 2 46 8 24 21 34 4 43 32 30 39 12 26 25
Coste: 48925

GENERACION: 945
Mejor Solucion:  45 29 41 16 33 18 10 14 6 19 47 27 5 35 42 48 22 7 17 1 13 28 20 36 44 40 23 38 49 11 0 9 15 3 37 31 2 46 8 24 21 34 4 43 32 30 39 12 26 25
Coste: 48925

GENERACION: 950
Mejor Solucion:  45 29 41 16 33 18 10 14 6 19 47 27 5 35 42 48 22 7 17 1 13 28 20 36 44 40 23 38 49 11 0 9 15 3 37 31 2 46 8 24 21 34 4 43 32 30 39 12 26 25
Coste: 48925

GENERACION: 955
Mejor Solucion:  45 29 41 16 33 18 10 14 6 19 47 27 5 35 42 48 22 7 17 1 13 28 20 36 44 40 23 38 49 11 0 9 15 3 37 31 2 46 8 24 21 34 4 43 32 30 39 12 26 25
Coste: 48925

GENERACION: 960
Mejor Solucion:  45 29 41 16 33 18 10 14 6 19 47 27 5 35 42 48 22 7 17 1 13 28 20 36 44 40 23 38 49 11 0 9 15 3 37 31 2 46 8 24 21 34 4 43 32 30 39 12 26 25
Coste: 48925

GENERACION: 965
Mejor Solucion:  45 29 41 16 33 18 10 14 6 19 47 27 5 35 42 48 22 7 17 1 13 28 20 36 44 40 23 38 49 11 0 9 15 3 37 31 2 46 8 24 21 34 4 43 32 30 39 12 26 25
Coste: 48925

GENERACION: 970
Mejor Solucion:  45 27 41 16 33 35 22 14 17 6 13 28 20 44 36 42 38 10 49 19 34 29 15 5 48 40 31 7 1 12 21 9 43 3 37 2 23 46 24 25 0 47 4 32 30 18 39 11 8 26
Coste: 48924

GENERACION: 975
Mejor Solucion:  45 27 41 16 33 35 22 14 17 6 13 28 20 44 36 42 38 10 49 19 34 29 15 5 48 40 31 7 1 12 21 9 43 3 37 2 23 46 24 25 0 47 4 32 30 18 39 11 8 26
Coste: 48924

GENERACION: 980
Mejor Solucion:  45 27 41 16 33 35 22 14 17 6 13 28 20 44 36 42 38 10 49 19 34 29 15 5 48 40 31 7 1 12 21 9 43 3 37 2 23 46 24 25 0 47 4 32 30 18 39 11 8 26
Coste: 48924

GENERACION: 985
Mejor Solucion:  45 27 41 16 33 35 22 14 17 6 13 28 20 44 36 42 38 10 49 19 34 29 15 5 48 40 31 7 1 12 21 9 43 3 37 2 23 46 24 25 0 47 4 32 30 18 39 11 8 26
Coste: 48924

GENERACION: 990
Mejor Solucion:  45 27 41 16 33 35 22 14 17 6 13 28 20 44 36 42 38 10 49 19 34 29 15 5 48 40 31 7 1 12 21 9 43 3 37 2 23 46 24 25 0 47 4 32 30 18 39 11 8 26
Coste: 48924

GENERACION: 995
Mejor Solucion:  45 27 41 16 33 35 22 14 17 6 13 28 20 44 36 42 38 10 49 19 34 29 15 5 48 40 31 7 1 12 21 9 43 3 37 2 23 46 24 25 0 47 4 32 30 18 39 11 8 26
Coste: 48924

GENERACION: 1000
Mejor Solucion:  45 27 41 16 33 35 22 14 17 6 13 28 20 44 36 42 38 10 49 19 34 29 15 5 48 40 31 7 1 12 21 9 43 3 37 2 23 46 24 25 0 47 4 32 30 18 39 11 8 26
Coste: 48924

