GENERACION: 5
Mejor Solucion:  0 1 11 17 16 12 21 13 6 20 18 3 8 14 5 9 10 19 15 2 7 4
Coste: 10910

GENERACION: 10
Mejor Solucion:  0 19 18 16 21 3 4 13 5 1 8 11 12 15 14 6 20 17 2 9 7 10
Coste: 9550

GENERACION: 15
Mejor Solucion:  0 19 18 16 21 3 4 13 5 1 8 11 12 15 14 6 20 17 2 9 7 10
Coste: 6938

GENERACION: 20
Mejor Solucion:  8 12 10 17 21 3 2 13 6 1 9 16 11 15 14 0 20 18 4 19 7 5
Coste: 6865

GENERACION: 25
Mejor Solucion:  8 12 10 17 21 3 2 13 6 1 9 16 11 15 14 0 20 18 4 19 7 5
Coste: 6865

GENERACION: 30
Mejor Solucion:  8 12 10 17 21 3 2 13 6 1 9 16 11 15 14 0 20 18 4 19 7 5
Coste: 6865

GENERACION: 35
Mejor Solucion:  8 12 10 17 21 3 2 13 6 1 9 16 11 15 14 0 20 18 4 19 7 5
Coste: 6865

GENERACION: 40
Mejor Solucion:  8 12 10 17 21 3 2 13 6 1 9 16 11 15 14 0 20 18 4 19 7 5
Coste: 6865

GENERACION: 45
Mejor Solucion:  8 12 10 17 21 3 2 13 6 1 9 16 11 15 14 0 20 18 4 19 7 5
Coste: 6865

GENERACION: 50
Mejor Solucion:  8 12 10 17 21 3 2 13 6 1 9 16 11 15 14 0 20 18 4 19 7 5
Coste: 6865

GENERACION: 55
Mejor Solucion:  8 12 10 17 21 3 2 13 6 1 9 16 11 15 14 0 20 18 4 19 7 5
Coste: 6865

GENERACION: 60
Mejor Solucion:  8 12 10 17 21 3 2 13 6 1 9 16 11 15 14 0 20 18 4 19 7 5
Coste: 6865

GENERACION: 65
Mejor Solucion:  8 12 10 17 21 3 2 13 6 1 9 16 11 15 14 0 20 18 4 19 7 5
Coste: 6865

GENERACION: 70
Mejor Solucion:  5 12 0 16 21 3 15 2 9 1 8 19 11 4 14 6 20 17 18 13 7 10
Coste: 6761

GENERACION: 75
Mejor Solucion:  5 12 0 16 21 3 15 2 9 1 8 19 11 4 14 6 20 17 18 13 7 10
Coste: 6584

GENERACION: 80
Mejor Solucion:  5 12 0 16 21 3 15 2 9 1 8 19 11 4 14 6 20 17 18 13 7 10
Coste: 6584

GENERACION: 85
Mejor Solucion:  5 12 0 16 21 3 15 2 9 1 8 19 11 4 14 6 20 17 18 13 7 10
Coste: 6584

GENERACION: 90
Mejor Solucion:  0 3 9 16 21 12 15 5 2 1 8 19 11 4 14 6 20 17 18 13 7 10
Coste: 6574

GENERACION: 95
Mejor Solucion:  0 3 9 16 21 12 15 5 2 1 8 19 11 4 14 6 20 17 18 13 7 10
Coste: 6574

GENERACION: 100
Mejor Solucion:  0 3 9 16 21 12 15 5 2 1 8 19 11 4 14 6 20 17 18 13 7 10
Coste: 6564

GENERACION: 105
Mejor Solucion:  0 3 9 16 21 12 15 5 2 1 8 19 11 4 14 6 20 17 18 13 7 10
Coste: 6564

GENERACION: 110
Mejor Solucion:  0 3 9 16 21 12 15 5 2 1 8 19 11 4 14 6 20 17 18 13 7 10
Coste: 6564

GENERACION: 115
Mejor Solucion:  0 3 9 16 21 12 15 5 2 1 8 19 11 4 14 6 20 17 18 13 7 10
Coste: 6564

GENERACION: 120
Mejor Solucion:  0 3 9 16 21 12 15 5 2 1 8 19 11 4 14 6 20 17 18 13 7 10
Coste: 6564

GENERACION: 125
Mejor Solucion:  0 3 9 16 21 12 15 5 2 1 8 19 11 4 14 6 20 17 18 13 7 10
Coste: 6564

GENERACION: 130
Mejor Solucion:  0 3 9 16 21 12 15 5 2 1 8 19 11 4 14 6 20 17 18 13 7 10
Coste: 6564

GENERACION: 135
Mejor Solucion:  0 3 9 16 21 12 15 5 2 1 8 19 11 4 14 6 20 17 18 13 7 10
Coste: 6564

GENERACION: 140
Mejor Solucion:  0 3 9 16 21 12 15 5 2 1 8 19 11 4 14 6 20 17 18 13 7 10
Coste: 6564

GENERACION: 145
Mejor Solucion:  0 3 9 16 21 12 15 5 2 1 8 19 11 4 14 6 20 17 18 13 7 10
Coste: 6564

GENERACION: 150
Mejor Solucion:  10 12 21 13 6 3 15 9 8 1 20 19 11 4 14 0 2 17 18 16 7 5
Coste: 6534

GENERACION: 155
Mejor Solucion:  10 12 21 13 6 3 15 9 8 1 20 19 11 4 14 0 2 17 18 16 7 5
Coste: 6504

GENERACION: 160
Mejor Solucion:  10 12 8 21 6 3 15 18 17 1 20 19 11 4 14 0 2 16 13 9 7 5
Coste: 6472

GENERACION: 165
Mejor Solucion:  10 12 8 21 6 3 15 18 17 1 20 19 11 4 14 0 2 16 13 9 7 5
Coste: 6472

GENERACION: 170
Mejor Solucion:  10 12 8 21 6 3 15 18 17 1 20 19 11 4 14 0 2 16 13 9 7 5
Coste: 6472

GENERACION: 175
Mejor Solucion:  10 12 8 21 6 3 15 18 17 1 20 19 11 4 14 0 2 16 13 9 7 5
Coste: 6472

GENERACION: 180
Mejor Solucion:  10 12 8 21 6 3 15 18 17 1 20 19 11 4 14 0 2 16 13 9 7 5
Coste: 6472

GENERACION: 185
Mejor Solucion:  10 12 8 21 6 3 15 18 17 1 20 19 11 4 14 0 2 16 13 9 7 5
Coste: 6472

GENERACION: 190
Mejor Solucion:  10 12 8 21 6 3 15 18 17 1 20 19 11 4 14 0 2 16 13 9 7 5
Coste: 6472

GENERACION: 195
Mejor Solucion:  10 12 8 21 6 3 15 18 17 1 20 19 11 4 14 0 2 16 13 9 7 5
Coste: 6472

GENERACION: 200
Mejor Solucion:  10 12 8 13 6 3 15 17 21 1 20 19 11 4 14 0 2 16 18 9 7 5
Coste: 6468

GENERACION: 205
Mejor Solucion:  10 12 8 13 6 3 15 17 21 1 20 19 11 4 14 0 2 16 18 9 7 5
Coste: 6432

GENERACION: 210
Mejor Solucion:  10 12 8 13 6 3 15 17 21 1 20 19 11 4 14 0 2 16 18 9 7 5
Coste: 6432

GENERACION: 215
Mejor Solucion:  10 12 8 13 6 3 15 17 21 1 20 19 11 4 14 0 2 16 18 9 7 5
Coste: 6432

GENERACION: 220
Mejor Solucion:  10 12 8 13 6 3 15 17 21 1 20 19 11 4 14 0 2 16 18 9 7 5
Coste: 6432

GENERACION: 225
Mejor Solucion:  10 12 8 13 6 3 15 17 21 1 20 19 11 4 14 0 2 16 18 9 7 5
Coste: 6432

GENERACION: 230
Mejor Solucion:  10 12 8 13 6 3 15 17 21 1 20 19 11 4 14 0 2 16 18 9 7 5
Coste: 6432

GENERACION: 235
Mejor Solucion:  10 12 8 13 6 3 15 17 21 1 20 19 11 4 14 0 2 16 18 9 7 5
Coste: 6432

GENERACION: 240
Mejor Solucion:  10 12 8 13 6 3 15 17 21 1 20 19 11 4 14 0 2 16 18 9 7 5
Coste: 6432

GENERACION: 245
Mejor Solucion:  10 12 8 13 6 3 15 17 21 1 20 19 11 4 14 0 2 16 18 9 7 5
Coste: 6432

GENERACION: 250
Mejor Solucion:  10 12 8 13 6 3 15 17 21 1 20 19 11 4 14 0 2 16 18 9 7 5
Coste: 6432

GENERACION: 255
Mejor Solucion:  10 12 8 13 6 3 15 17 21 1 20 19 11 4 14 0 2 16 18 9 7 5
Coste: 6432

GENERACION: 260
Mejor Solucion:  10 12 8 13 6 3 15 17 21 1 20 19 11 4 14 0 2 16 18 9 7 5
Coste: 6432

GENERACION: 265
Mejor Solucion:  10 12 8 13 6 3 15 17 21 1 20 19 11 4 14 0 2 16 18 9 7 5
Coste: 6432

GENERACION: 270
Mejor Solucion:  10 12 8 13 6 3 15 17 21 1 20 19 11 4 14 0 2 16 18 9 7 5
Coste: 6432

GENERACION: 275
Mejor Solucion:  10 12 8 13 6 3 15 17 21 1 20 19 11 4 14 0 2 16 18 9 7 5
Coste: 6432

GENERACION: 280
Mejor Solucion:  10 12 8 13 6 3 15 17 21 1 20 19 11 4 14 0 2 16 18 9 7 5
Coste: 6432

GENERACION: 285
Mejor Solucion:  10 12 8 13 6 3 15 17 21 1 20 19 11 4 14 0 2 16 18 9 7 5
Coste: 6432

GENERACION: 290
Mejor Solucion:  10 12 8 13 6 3 15 17 21 1 20 19 11 4 14 0 2 16 18 9 7 5
Coste: 6432

GENERACION: 295
Mejor Solucion:  10 12 8 13 6 3 15 17 21 1 20 19 11 4 14 0 2 16 18 9 7 5
Coste: 6432

GENERACION: 300
Mejor Solucion:  10 12 8 13 6 3 15 17 21 1 20 19 11 4 14 0 2 16 18 9 7 5
Coste: 6432

GENERACION: 305
Mejor Solucion:  10 12 8 13 6 3 15 17 21 1 20 19 11 4 14 0 2 16 18 9 7 5
Coste: 6432

GENERACION: 310
Mejor Solucion:  10 12 8 13 6 3 15 17 21 1 20 19 11 4 14 0 2 16 18 9 7 5
Coste: 6432

GENERACION: 315
Mejor Solucion:  10 12 8 13 6 3 15 17 21 1 20 19 11 4 14 0 2 16 18 9 7 5
Coste: 6432

GENERACION: 320
Mejor Solucion:  10 12 8 13 6 3 15 17 21 1 20 19 11 4 14 0 2 16 18 9 7 5
Coste: 6432

GENERACION: 325
Mejor Solucion:  10 12 8 13 6 3 15 17 21 1 20 19 11 4 14 0 2 16 18 9 7 5
Coste: 6432

GENERACION: 330
Mejor Solucion:  10 12 8 13 6 3 15 17 21 1 20 19 11 4 14 0 2 16 18 9 7 5
Coste: 6432

GENERACION: 335
Mejor Solucion:  10 12 8 13 6 3 15 17 21 1 20 19 11 4 14 0 2 16 18 9 7 5
Coste: 6432

GENERACION: 340
Mejor Solucion:  10 12 8 13 6 3 15 17 21 1 20 19 11 4 14 0 2 16 18 9 7 5
Coste: 6432

GENERACION: 345
Mejor Solucion:  10 12 8 13 6 3 15 17 21 1 20 19 11 4 14 0 2 16 18 9 7 5
Coste: 6432

GENERACION: 350
Mejor Solucion:  10 12 8 13 6 3 15 17 21 1 20 19 11 4 14 0 2 16 18 9 7 5
Coste: 6432

GENERACION: 355
Mejor Solucion:  10 12 8 13 6 3 15 17 21 1 20 19 11 4 14 0 2 16 18 9 7 5
Coste: 6432

GENERACION: 360
Mejor Solucion:  10 12 8 13 6 3 15 17 21 1 20 19 11 4 14 0 2 16 18 9 7 5
Coste: 6432

GENERACION: 365
Mejor Solucion:  10 12 8 13 6 3 15 17 21 1 20 19 11 4 14 0 2 16 18 9 7 5
Coste: 6432

GENERACION: 370
Mejor Solucion:  10 12 8 13 6 3 15 17 21 1 20 19 11 4 14 0 2 16 18 9 7 5
Coste: 6432

GENERACION: 375
Mejor Solucion:  10 12 8 13 6 3 15 17 21 1 20 19 11 4 14 0 2 16 18 9 7 5
Coste: 6432

GENERACION: 380
Mejor Solucion:  10 12 8 13 6 3 15 17 21 1 20 19 11 4 14 0 2 16 18 9 7 5
Coste: 6432

GENERACION: 385
Mejor Solucion:  10 12 8 13 6 3 15 17 21 1 20 19 11 4 14 0 2 16 18 9 7 5
Coste: 6432

GENERACION: 390
Mejor Solucion:  10 12 8 13 6 3 15 17 21 1 20 19 11 4 14 0 2 16 18 9 7 5
Coste: 6432

GENERACION: 395
Mejor Solucion:  10 12 8 13 6 3 15 17 21 1 20 19 11 4 14 0 2 16 18 9 7 5
Coste: 6432

GENERACION: 400
Mejor Solucion:  10 12 8 13 6 3 15 17 21 1 20 19 11 4 14 0 2 16 18 9 7 5
Coste: 6432

GENERACION: 405
Mejor Solucion:  10 12 8 13 6 3 15 17 21 1 20 19 11 4 14 0 2 16 18 9 7 5
Coste: 6432

GENERACION: 410
Mejor Solucion:  10 12 8 13 6 3 15 17 21 1 20 19 11 4 14 0 2 16 18 9 7 5
Coste: 6432

GENERACION: 415
Mejor Solucion:  10 12 8 13 6 3 15 17 21 1 20 19 11 4 14 0 2 16 18 9 7 5
Coste: 6432

GENERACION: 420
Mejor Solucion:  10 12 8 13 6 3 15 17 21 1 20 19 11 4 14 0 2 16 18 9 7 5
Coste: 6432

GENERACION: 425
Mejor Solucion:  10 12 8 13 6 3 15 17 21 1 20 19 11 4 14 0 2 16 18 9 7 5
Coste: 6432

GENERACION: 430
Mejor Solucion:  10 12 8 13 6 3 15 17 21 1 20 19 11 4 14 0 2 16 18 9 7 5
Coste: 6432

GENERACION: 435
Mejor Solucion:  10 12 8 13 6 3 15 17 21 1 20 19 11 4 14 0 2 16 18 9 7 5
Coste: 6432

GENERACION: 440
Mejor Solucion:  10 12 8 13 6 3 15 17 21 1 20 19 11 4 14 0 2 16 18 9 7 5
Coste: 6432

GENERACION: 445
Mejor Solucion:  10 12 8 13 6 3 15 17 21 1 20 19 11 4 14 0 2 16 18 9 7 5
Coste: 6432

GENERACION: 450
Mejor Solucion:  10 12 8 13 6 3 15 17 21 1 20 19 11 4 14 0 2 16 18 9 7 5
Coste: 6432

GENERACION: 455
Mejor Solucion:  10 12 8 13 6 3 15 17 21 1 20 19 11 4 14 0 2 16 18 9 7 5
Coste: 6432

GENERACION: 460
Mejor Solucion:  10 12 8 13 6 3 15 17 21 1 20 19 11 4 14 0 2 16 18 9 7 5
Coste: 6432

GENERACION: 465
Mejor Solucion:  10 12 8 13 6 3 15 17 21 1 20 19 11 4 14 0 2 16 18 9 7 5
Coste: 6432

GENERACION: 470
Mejor Solucion:  10 12 8 13 6 3 15 17 21 1 20 19 11 4 14 0 2 16 18 9 7 5
Coste: 6432

GENERACION: 475
Mejor Solucion:  10 12 8 13 6 3 15 17 21 1 20 19 11 4 14 0 2 16 18 9 7 5
Coste: 6432

GENERACION: 480
Mejor Solucion:  10 12 8 13 6 3 15 17 21 1 20 19 11 4 14 0 2 16 18 9 7 5
Coste: 6432

GENERACION: 485
Mejor Solucion:  10 12 8 13 6 3 15 17 21 1 20 19 11 4 14 0 2 16 18 9 7 5
Coste: 6432

GENERACION: 490
Mejor Solucion:  10 12 8 13 6 3 15 17 21 1 20 19 11 4 14 0 2 16 18 9 7 5
Coste: 6432

GENERACION: 495
Mejor Solucion:  10 12 8 13 6 3 15 17 21 1 20 19 11 4 14 0 2 16 18 9 7 5
Coste: 6432

GENERACION: 500
Mejor Solucion:  10 12 8 13 6 3 15 17 21 1 20 19 11 4 14 0 2 16 18 9 7 5
Coste: 6432

GENERACION: 505
Mejor Solucion:  10 12 8 13 6 3 15 17 21 1 20 19 11 4 14 0 2 16 18 9 7 5
Coste: 6432

GENERACION: 510
Mejor Solucion:  10 12 8 13 6 3 15 17 21 1 20 19 11 4 14 0 2 16 18 9 7 5
Coste: 6432

GENERACION: 515
Mejor Solucion:  10 12 8 13 6 3 15 17 21 1 20 19 11 4 14 0 2 16 18 9 7 5
Coste: 6432

GENERACION: 520
Mejor Solucion:  10 12 8 13 6 3 15 17 21 1 20 19 11 4 14 0 2 16 18 9 7 5
Coste: 6432

GENERACION: 525
Mejor Solucion:  10 12 8 13 6 3 15 17 21 1 20 19 11 4 14 0 2 16 18 9 7 5
Coste: 6432

GENERACION: 530
Mejor Solucion:  10 12 8 13 6 3 15 17 21 1 20 19 11 4 14 0 2 16 18 9 7 5
Coste: 6432

GENERACION: 535
Mejor Solucion:  10 12 8 13 6 3 15 17 21 1 20 19 11 4 14 0 2 16 18 9 7 5
Coste: 6432

GENERACION: 540
Mejor Solucion:  10 12 8 13 6 3 15 17 21 1 20 19 11 4 14 0 2 16 18 9 7 5
Coste: 6432

GENERACION: 545
Mejor Solucion:  10 12 8 13 6 3 15 17 21 1 20 19 11 4 14 0 2 16 18 9 7 5
Coste: 6432

GENERACION: 550
Mejor Solucion:  10 12 8 13 6 3 15 17 21 1 20 19 11 4 14 0 2 16 18 9 7 5
Coste: 6432

GENERACION: 555
Mejor Solucion:  10 12 8 13 6 3 15 17 21 1 20 19 11 4 14 0 2 16 18 9 7 5
Coste: 6432

GENERACION: 560
Mejor Solucion:  10 12 8 13 6 3 15 17 21 1 20 19 11 4 14 0 2 16 18 9 7 5
Coste: 6432

GENERACION: 565
Mejor Solucion:  10 12 8 13 6 3 15 17 21 1 20 19 11 4 14 0 2 16 18 9 7 5
Coste: 6432

GENERACION: 570
Mejor Solucion:  10 12 8 13 6 3 15 17 21 1 20 19 11 4 14 0 2 16 18 9 7 5
Coste: 6432

GENERACION: 575
Mejor Solucion:  10 12 8 13 6 3 15 17 21 1 20 19 11 4 14 0 2 16 18 9 7 5
Coste: 6432

GENERACION: 580
Mejor Solucion:  10 12 8 13 6 3 15 17 21 1 20 19 11 4 14 0 2 16 18 9 7 5
Coste: 6432

GENERACION: 585
Mejor Solucion:  10 12 8 13 6 3 15 17 21 1 20 19 11 4 14 0 2 16 18 9 7 5
Coste: 6432

GENERACION: 590
Mejor Solucion:  10 12 8 13 6 3 15 17 21 1 20 19 11 4 14 0 2 16 18 9 7 5
Coste: 6432

GENERACION: 595
Mejor Solucion:  10 12 8 13 6 3 15 17 21 1 20 19 11 4 14 0 2 16 18 9 7 5
Coste: 6432

GENERACION: 600
Mejor Solucion:  10 12 8 13 6 3 15 17 21 1 20 19 11 4 14 0 2 16 18 9 7 5
Coste: 6432

GENERACION: 605
Mejor Solucion:  10 12 8 13 6 3 15 17 21 1 20 19 11 4 14 0 2 16 18 9 7 5
Coste: 6432

GENERACION: 610
Mejor Solucion:  10 12 8 13 6 3 15 17 21 1 20 19 11 4 14 0 2 16 18 9 7 5
Coste: 6432

GENERACION: 615
Mejor Solucion:  10 12 8 13 6 3 15 17 21 1 20 19 11 4 14 0 2 16 18 9 7 5
Coste: 6432

GENERACION: 620
Mejor Solucion:  10 12 8 13 6 3 15 17 21 1 20 19 11 4 14 0 2 16 18 9 7 5
Coste: 6432

GENERACION: 625
Mejor Solucion:  10 12 8 13 6 3 15 17 21 1 20 19 11 4 14 0 2 16 18 9 7 5
Coste: 6432

GENERACION: 630
Mejor Solucion:  10 12 8 13 6 3 15 17 21 1 20 19 11 4 14 0 2 16 18 9 7 5
Coste: 6432

GENERACION: 635
Mejor Solucion:  10 12 8 13 6 3 15 17 21 1 20 19 11 4 14 0 2 16 18 9 7 5
Coste: 6432

GENERACION: 640
Mejor Solucion:  10 12 8 13 6 3 15 17 21 1 20 19 11 4 14 0 2 16 18 9 7 5
Coste: 6432

GENERACION: 645
Mejor Solucion:  10 12 8 13 6 3 15 17 21 1 20 19 11 4 14 0 2 16 18 9 7 5
Coste: 6432

GENERACION: 650
Mejor Solucion:  10 12 8 13 6 3 15 17 21 1 20 19 11 4 14 0 2 16 18 9 7 5
Coste: 6432

GENERACION: 655
Mejor Solucion:  10 12 8 13 6 3 15 17 21 1 20 19 11 4 14 0 2 16 18 9 7 5
Coste: 6432

GENERACION: 660
Mejor Solucion:  10 12 8 13 6 3 15 17 21 1 20 19 11 4 14 0 2 16 18 9 7 5
Coste: 6432

GENERACION: 665
Mejor Solucion:  10 12 8 13 6 3 15 17 21 1 20 19 11 4 14 0 2 16 18 9 7 5
Coste: 6432

GENERACION: 670
Mejor Solucion:  10 12 8 13 6 3 15 17 21 1 20 19 11 4 14 0 2 16 18 9 7 5
Coste: 6432

GENERACION: 675
Mejor Solucion:  10 12 8 13 6 3 15 17 21 1 20 19 11 4 14 0 2 16 18 9 7 5
Coste: 6432

GENERACION: 680
Mejor Solucion:  10 12 8 13 6 3 15 17 21 1 20 19 11 4 14 0 2 16 18 9 7 5
Coste: 6432

GENERACION: 685
Mejor Solucion:  10 12 8 13 6 3 15 17 21 1 20 19 11 4 14 0 2 16 18 9 7 5
Coste: 6432

GENERACION: 690
Mejor Solucion:  10 12 8 13 6 3 15 17 21 1 20 19 11 4 14 0 2 16 18 9 7 5
Coste: 6432

GENERACION: 695
Mejor Solucion:  10 12 8 13 6 3 15 17 21 1 20 19 11 4 14 0 2 16 18 9 7 5
Coste: 6432

GENERACION: 700
Mejor Solucion:  10 12 8 13 6 3 15 17 21 1 20 19 11 4 14 0 2 16 18 9 7 5
Coste: 6432

GENERACION: 705
Mejor Solucion:  10 12 8 13 6 3 15 17 21 1 20 19 11 4 14 0 2 16 18 9 7 5
Coste: 6432

GENERACION: 710
Mejor Solucion:  10 12 8 13 6 3 15 17 21 1 20 19 11 4 14 0 2 16 18 9 7 5
Coste: 6432

GENERACION: 715
Mejor Solucion:  10 12 8 13 6 3 15 17 21 1 20 19 11 4 14 0 2 16 18 9 7 5
Coste: 6432

GENERACION: 720
Mejor Solucion:  10 12 8 13 6 3 15 17 21 1 20 19 11 4 14 0 2 16 18 9 7 5
Coste: 6432

GENERACION: 725
Mejor Solucion:  10 12 8 13 6 3 15 17 21 1 20 19 11 4 14 0 2 16 18 9 7 5
Coste: 6432

GENERACION: 730
Mejor Solucion:  10 12 8 13 6 3 15 17 21 1 20 19 11 4 14 0 2 16 18 9 7 5
Coste: 6432

GENERACION: 735
Mejor Solucion:  10 12 8 13 6 3 15 17 21 1 20 19 11 4 14 0 2 16 18 9 7 5
Coste: 6432

GENERACION: 740
Mejor Solucion:  10 12 8 13 6 3 15 17 21 1 20 19 11 4 14 0 2 16 18 9 7 5
Coste: 6432

GENERACION: 745
Mejor Solucion:  10 12 8 13 6 3 15 17 21 1 20 19 11 4 14 0 2 16 18 9 7 5
Coste: 6432

GENERACION: 750
Mejor Solucion:  10 12 8 13 6 3 15 17 21 1 20 19 11 4 14 0 2 16 18 9 7 5
Coste: 6432

GENERACION: 755
Mejor Solucion:  10 12 8 13 6 3 15 17 21 1 20 19 11 4 14 0 2 16 18 9 7 5
Coste: 6432

GENERACION: 760
Mejor Solucion:  10 12 8 13 6 3 15 17 21 1 20 19 11 4 14 0 2 16 18 9 7 5
Coste: 6432

GENERACION: 765
Mejor Solucion:  10 12 8 13 6 3 15 17 21 1 20 19 11 4 14 0 2 16 18 9 7 5
Coste: 6432

GENERACION: 770
Mejor Solucion:  10 12 8 13 6 3 15 17 21 1 20 19 11 4 14 0 2 16 18 9 7 5
Coste: 6432

GENERACION: 775
Mejor Solucion:  10 12 8 13 6 3 15 17 21 1 20 19 11 4 14 0 2 16 18 9 7 5
Coste: 6432

GENERACION: 780
Mejor Solucion:  10 12 8 13 6 3 15 17 21 1 20 19 11 4 14 0 2 16 18 9 7 5
Coste: 6432

GENERACION: 785
Mejor Solucion:  10 12 8 13 6 3 15 17 21 1 20 19 11 4 14 0 2 16 18 9 7 5
Coste: 6432

GENERACION: 790
Mejor Solucion:  10 12 8 13 6 3 15 17 21 1 20 19 11 4 14 0 2 16 18 9 7 5
Coste: 6432

GENERACION: 795
Mejor Solucion:  10 12 8 13 6 3 15 17 21 1 20 19 11 4 14 0 2 16 18 9 7 5
Coste: 6432

GENERACION: 800
Mejor Solucion:  10 12 8 13 6 3 15 17 21 1 20 19 11 4 14 0 2 16 18 9 7 5
Coste: 6432

GENERACION: 805
Mejor Solucion:  10 12 8 13 6 3 15 17 21 1 20 19 11 4 14 0 2 16 18 9 7 5
Coste: 6432

GENERACION: 810
Mejor Solucion:  10 12 8 13 6 3 15 17 21 1 20 19 11 4 14 0 2 16 18 9 7 5
Coste: 6432

GENERACION: 815
Mejor Solucion:  10 12 8 13 6 3 15 17 21 1 20 19 11 4 14 0 2 16 18 9 7 5
Coste: 6432

GENERACION: 820
Mejor Solucion:  10 12 8 13 6 3 15 17 21 1 20 19 11 4 14 0 2 16 18 9 7 5
Coste: 6432

GENERACION: 825
Mejor Solucion:  10 12 8 13 6 3 15 17 21 1 20 19 11 4 14 0 2 16 18 9 7 5
Coste: 6432

GENERACION: 830
Mejor Solucion:  10 12 8 13 6 3 15 17 21 1 20 19 11 4 14 0 2 16 18 9 7 5
Coste: 6432

GENERACION: 835
Mejor Solucion:  10 12 8 13 6 3 15 17 21 1 20 19 11 4 14 0 2 16 18 9 7 5
Coste: 6432

GENERACION: 840
Mejor Solucion:  10 12 8 13 6 3 15 17 21 1 20 19 11 4 14 0 2 16 18 9 7 5
Coste: 6432

GENERACION: 845
Mejor Solucion:  10 12 8 13 6 3 15 17 21 1 20 19 11 4 14 0 2 16 18 9 7 5
Coste: 6432

GENERACION: 850
Mejor Solucion:  10 12 8 13 6 3 15 17 21 1 20 19 11 4 14 0 2 16 18 9 7 5
Coste: 6432

GENERACION: 855
Mejor Solucion:  10 12 8 13 6 3 15 17 21 1 20 19 11 4 14 0 2 16 18 9 7 5
Coste: 6432

GENERACION: 860
Mejor Solucion:  10 12 8 13 6 3 15 17 21 1 20 19 11 4 14 0 2 16 18 9 7 5
Coste: 6432

GENERACION: 865
Mejor Solucion:  10 12 8 13 6 3 15 17 21 1 20 19 11 4 14 0 2 16 18 9 7 5
Coste: 6432

GENERACION: 870
Mejor Solucion:  10 12 8 13 6 3 15 17 21 1 20 19 11 4 14 0 2 16 18 9 7 5
Coste: 6432

GENERACION: 875
Mejor Solucion:  10 12 8 13 6 3 15 17 21 1 20 19 11 4 14 0 2 16 18 9 7 5
Coste: 6432

GENERACION: 880
Mejor Solucion:  10 12 8 13 6 3 15 17 21 1 20 19 11 4 14 0 2 16 18 9 7 5
Coste: 6432

GENERACION: 885
Mejor Solucion:  10 12 8 13 6 3 15 17 21 1 20 19 11 4 14 0 2 16 18 9 7 5
Coste: 6432

GENERACION: 890
Mejor Solucion:  10 12 8 13 6 3 15 17 21 1 20 19 11 4 14 0 2 16 18 9 7 5
Coste: 6432

GENERACION: 895
Mejor Solucion:  10 12 8 13 6 3 15 17 21 1 20 19 11 4 14 0 2 16 18 9 7 5
Coste: 6432

GENERACION: 900
Mejor Solucion:  10 12 8 13 6 3 15 17 21 1 20 19 11 4 14 0 2 16 18 9 7 5
Coste: 6432

GENERACION: 905
Mejor Solucion:  10 12 8 13 6 3 15 17 21 1 20 19 11 4 14 0 2 16 18 9 7 5
Coste: 6432

GENERACION: 910
Mejor Solucion:  10 12 8 13 6 3 15 17 21 1 20 19 11 4 14 0 2 16 18 9 7 5
Coste: 6432

GENERACION: 915
Mejor Solucion:  10 12 8 13 6 3 15 17 21 1 20 19 11 4 14 0 2 16 18 9 7 5
Coste: 6432

GENERACION: 920
Mejor Solucion:  10 12 8 13 6 3 15 17 21 1 20 19 11 4 14 0 2 16 18 9 7 5
Coste: 6432

GENERACION: 925
Mejor Solucion:  10 12 8 13 6 3 15 17 21 1 20 19 11 4 14 0 2 16 18 9 7 5
Coste: 6432

GENERACION: 930
Mejor Solucion:  10 12 8 13 6 3 15 17 21 1 20 19 11 4 14 0 2 16 18 9 7 5
Coste: 6432

GENERACION: 935
Mejor Solucion:  10 12 8 13 6 3 15 17 21 1 20 19 11 4 14 0 2 16 18 9 7 5
Coste: 6432

GENERACION: 940
Mejor Solucion:  10 12 8 13 6 3 15 17 21 1 20 19 11 4 14 0 2 16 18 9 7 5
Coste: 6432

GENERACION: 945
Mejor Solucion:  10 12 8 13 6 3 15 17 21 1 20 19 11 4 14 0 2 16 18 9 7 5
Coste: 6432

GENERACION: 950
Mejor Solucion:  10 12 8 13 6 3 15 17 21 1 20 19 11 4 14 0 2 16 18 9 7 5
Coste: 6432

GENERACION: 955
Mejor Solucion:  10 12 8 13 6 3 15 17 21 1 20 19 11 4 14 0 2 16 18 9 7 5
Coste: 6432

GENERACION: 960
Mejor Solucion:  10 12 8 13 6 3 15 17 21 1 20 19 11 4 14 0 2 16 18 9 7 5
Coste: 6432

GENERACION: 965
Mejor Solucion:  10 12 8 13 6 3 15 17 21 1 20 19 11 4 14 0 2 16 18 9 7 5
Coste: 6432

GENERACION: 970
Mejor Solucion:  10 12 8 13 6 3 15 17 21 1 20 19 11 4 14 0 2 16 18 9 7 5
Coste: 6432

GENERACION: 975
Mejor Solucion:  10 12 8 13 6 3 15 17 21 1 20 19 11 4 14 0 2 16 18 9 7 5
Coste: 6432

GENERACION: 980
Mejor Solucion:  10 12 8 13 6 3 15 17 21 1 20 19 11 4 14 0 2 16 18 9 7 5
Coste: 6432

GENERACION: 985
Mejor Solucion:  10 12 8 13 6 3 15 17 21 1 20 19 11 4 14 0 2 16 18 9 7 5
Coste: 6432

GENERACION: 990
Mejor Solucion:  10 12 8 13 6 3 15 17 21 1 20 19 11 4 14 0 2 16 18 9 7 5
Coste: 6432

GENERACION: 995
Mejor Solucion:  10 12 8 13 6 3 15 17 21 1 20 19 11 4 14 0 2 16 18 9 7 5
Coste: 6432

GENERACION: 1000
Mejor Solucion:  10 12 8 13 6 3 15 17 21 1 20 19 11 4 14 0 2 16 18 9 7 5
Coste: 6432

GENERACION: 5
Mejor Solucion:  0 1 11 17 16 12 21 13 6 20 18 3 8 14 5 9 10 19 15 2 7 4
Coste: 10910

GENERACION: 10
Mejor Solucion:  0 19 18 16 21 3 4 13 5 1 8 11 12 15 14 6 20 17 2 9 7 10
Coste: 9550

GENERACION: 15
Mejor Solucion:  0 19 18 16 21 3 4 13 5 1 8 11 12 15 14 6 20 17 2 9 7 10
Coste: 6938

GENERACION: 20
Mejor Solucion:  8 12 10 17 21 3 2 13 6 1 9 16 11 15 14 0 20 18 4 19 7 5
Coste: 6865

GENERACION: 25
Mejor Solucion:  8 12 10 17 21 3 2 13 6 1 9 16 11 15 14 0 20 18 4 19 7 5
Coste: 6865

GENERACION: 30
Mejor Solucion:  8 12 10 17 21 3 2 13 6 1 9 16 11 15 14 0 20 18 4 19 7 5
Coste: 6865

GENERACION: 35
Mejor Solucion:  8 12 10 17 21 3 2 13 6 1 9 16 11 15 14 0 20 18 4 19 7 5
Coste: 6865

GENERACION: 40
Mejor Solucion:  8 12 10 17 21 3 2 13 6 1 9 16 11 15 14 0 20 18 4 19 7 5
Coste: 6865

GENERACION: 45
Mejor Solucion:  8 12 10 17 21 3 2 13 6 1 9 16 11 15 14 0 20 18 4 19 7 5
Coste: 6865

GENERACION: 50
Mejor Solucion:  8 12 10 17 21 3 2 13 6 1 9 16 11 15 14 0 20 18 4 19 7 5
Coste: 6865

GENERACION: 55
Mejor Solucion:  8 12 10 17 21 3 2 13 6 1 9 16 11 15 14 0 20 18 4 19 7 5
Coste: 6865

GENERACION: 60
Mejor Solucion:  8 12 10 17 21 3 2 13 6 1 9 16 11 15 14 0 20 18 4 19 7 5
Coste: 6865

GENERACION: 65
Mejor Solucion:  8 12 10 17 21 3 2 13 6 1 9 16 11 15 14 0 20 18 4 19 7 5
Coste: 6865

GENERACION: 70
Mejor Solucion:  5 12 0 16 21 3 15 2 9 1 8 19 11 4 14 6 20 17 18 13 7 10
Coste: 6761

GENERACION: 75
Mejor Solucion:  5 12 0 16 21 3 15 2 9 1 8 19 11 4 14 6 20 17 18 13 7 10
Coste: 6584

GENERACION: 80
Mejor Solucion:  5 12 0 16 21 3 15 2 9 1 8 19 11 4 14 6 20 17 18 13 7 10
Coste: 6584

GENERACION: 85
Mejor Solucion:  5 12 0 16 21 3 15 2 9 1 8 19 11 4 14 6 20 17 18 13 7 10
Coste: 6584

GENERACION: 90
Mejor Solucion:  0 3 9 16 21 12 15 5 2 1 8 19 11 4 14 6 20 17 18 13 7 10
Coste: 6574

GENERACION: 95
Mejor Solucion:  0 3 9 16 21 12 15 5 2 1 8 19 11 4 14 6 20 17 18 13 7 10
Coste: 6574

GENERACION: 100
Mejor Solucion:  0 3 9 16 21 12 15 5 2 1 8 19 11 4 14 6 20 17 18 13 7 10
Coste: 6564

GENERACION: 105
Mejor Solucion:  0 3 9 16 21 12 15 5 2 1 8 19 11 4 14 6 20 17 18 13 7 10
Coste: 6564

GENERACION: 110
Mejor Solucion:  0 3 9 16 21 12 15 5 2 1 8 19 11 4 14 6 20 17 18 13 7 10
Coste: 6564

GENERACION: 115
Mejor Solucion:  0 3 9 16 21 12 15 5 2 1 8 19 11 4 14 6 20 17 18 13 7 10
Coste: 6564

GENERACION: 120
Mejor Solucion:  0 3 9 16 21 12 15 5 2 1 8 19 11 4 14 6 20 17 18 13 7 10
Coste: 6564

GENERACION: 125
Mejor Solucion:  0 3 9 16 21 12 15 5 2 1 8 19 11 4 14 6 20 17 18 13 7 10
Coste: 6564

GENERACION: 130
Mejor Solucion:  0 3 9 16 21 12 15 5 2 1 8 19 11 4 14 6 20 17 18 13 7 10
Coste: 6564

GENERACION: 135
Mejor Solucion:  0 3 9 16 21 12 15 5 2 1 8 19 11 4 14 6 20 17 18 13 7 10
Coste: 6564

GENERACION: 140
Mejor Solucion:  0 3 9 16 21 12 15 5 2 1 8 19 11 4 14 6 20 17 18 13 7 10
Coste: 6564

GENERACION: 145
Mejor Solucion:  0 3 9 16 21 12 15 5 2 1 8 19 11 4 14 6 20 17 18 13 7 10
Coste: 6564

GENERACION: 150
Mejor Solucion:  10 12 21 13 6 3 15 9 8 1 20 19 11 4 14 0 2 17 18 16 7 5
Coste: 6534

GENERACION: 155
Mejor Solucion:  10 12 21 13 6 3 15 9 8 1 20 19 11 4 14 0 2 17 18 16 7 5
Coste: 6504

GENERACION: 160
Mejor Solucion:  10 12 8 21 6 3 15 18 17 1 20 19 11 4 14 0 2 16 13 9 7 5
Coste: 6472

GENERACION: 165
Mejor Solucion:  10 12 8 21 6 3 15 18 17 1 20 19 11 4 14 0 2 16 13 9 7 5
Coste: 6472

GENERACION: 170
Mejor Solucion:  10 12 8 21 6 3 15 18 17 1 20 19 11 4 14 0 2 16 13 9 7 5
Coste: 6472

GENERACION: 175
Mejor Solucion:  10 12 8 21 6 3 15 18 17 1 20 19 11 4 14 0 2 16 13 9 7 5
Coste: 6472

GENERACION: 180
Mejor Solucion:  10 12 8 21 6 3 15 18 17 1 20 19 11 4 14 0 2 16 13 9 7 5
Coste: 6472

GENERACION: 185
Mejor Solucion:  10 12 8 21 6 3 15 18 17 1 20 19 11 4 14 0 2 16 13 9 7 5
Coste: 6472

GENERACION: 190
Mejor Solucion:  10 12 8 21 6 3 15 18 17 1 20 19 11 4 14 0 2 16 13 9 7 5
Coste: 6472

GENERACION: 195
Mejor Solucion:  10 12 8 21 6 3 15 18 17 1 20 19 11 4 14 0 2 16 13 9 7 5
Coste: 6472

GENERACION: 200
Mejor Solucion:  10 12 8 13 6 3 15 17 21 1 20 19 11 4 14 0 2 16 18 9 7 5
Coste: 6468

GENERACION: 205
Mejor Solucion:  10 12 8 13 6 3 15 17 21 1 20 19 11 4 14 0 2 16 18 9 7 5
Coste: 6432

GENERACION: 210
Mejor Solucion:  10 12 8 13 6 3 15 17 21 1 20 19 11 4 14 0 2 16 18 9 7 5
Coste: 6432

GENERACION: 215
Mejor Solucion:  10 12 8 13 6 3 15 17 21 1 20 19 11 4 14 0 2 16 18 9 7 5
Coste: 6432

GENERACION: 220
Mejor Solucion:  10 12 8 13 6 3 15 17 21 1 20 19 11 4 14 0 2 16 18 9 7 5
Coste: 6432

GENERACION: 225
Mejor Solucion:  10 12 8 13 6 3 15 17 21 1 20 19 11 4 14 0 2 16 18 9 7 5
Coste: 6432

GENERACION: 230
Mejor Solucion:  10 12 8 13 6 3 15 17 21 1 20 19 11 4 14 0 2 16 18 9 7 5
Coste: 6432

GENERACION: 235
Mejor Solucion:  10 12 8 13 6 3 15 17 21 1 20 19 11 4 14 0 2 16 18 9 7 5
Coste: 6432

GENERACION: 240
Mejor Solucion:  10 12 8 13 6 3 15 17 21 1 20 19 11 4 14 0 2 16 18 9 7 5
Coste: 6432

GENERACION: 245
Mejor Solucion:  10 12 8 13 6 3 15 17 21 1 20 19 11 4 14 0 2 16 18 9 7 5
Coste: 6432

GENERACION: 250
Mejor Solucion:  10 12 8 13 6 3 15 17 21 1 20 19 11 4 14 0 2 16 18 9 7 5
Coste: 6432

GENERACION: 255
Mejor Solucion:  10 12 8 13 6 3 15 17 21 1 20 19 11 4 14 0 2 16 18 9 7 5
Coste: 6432

GENERACION: 260
Mejor Solucion:  10 12 8 13 6 3 15 17 21 1 20 19 11 4 14 0 2 16 18 9 7 5
Coste: 6432

GENERACION: 265
Mejor Solucion:  10 12 8 13 6 3 15 17 21 1 20 19 11 4 14 0 2 16 18 9 7 5
Coste: 6432

GENERACION: 270
Mejor Solucion:  10 12 8 13 6 3 15 17 21 1 20 19 11 4 14 0 2 16 18 9 7 5
Coste: 6432

GENERACION: 275
Mejor Solucion:  10 12 8 13 6 3 15 17 21 1 20 19 11 4 14 0 2 16 18 9 7 5
Coste: 6432

GENERACION: 280
Mejor Solucion:  10 12 8 13 6 3 15 17 21 1 20 19 11 4 14 0 2 16 18 9 7 5
Coste: 6432

GENERACION: 285
Mejor Solucion:  10 12 8 13 6 3 15 17 21 1 20 19 11 4 14 0 2 16 18 9 7 5
Coste: 6432

GENERACION: 290
Mejor Solucion:  10 12 8 13 6 3 15 17 21 1 20 19 11 4 14 0 2 16 18 9 7 5
Coste: 6432

GENERACION: 295
Mejor Solucion:  10 12 8 13 6 3 15 17 21 1 20 19 11 4 14 0 2 16 18 9 7 5
Coste: 6432

GENERACION: 300
Mejor Solucion:  10 12 8 13 6 3 15 17 21 1 20 19 11 4 14 0 2 16 18 9 7 5
Coste: 6432

GENERACION: 305
Mejor Solucion:  10 12 8 13 6 3 15 17 21 1 20 19 11 4 14 0 2 16 18 9 7 5
Coste: 6432

GENERACION: 310
Mejor Solucion:  10 12 8 13 6 3 15 17 21 1 20 19 11 4 14 0 2 16 18 9 7 5
Coste: 6432

GENERACION: 315
Mejor Solucion:  10 12 8 13 6 3 15 17 21 1 20 19 11 4 14 0 2 16 18 9 7 5
Coste: 6432

GENERACION: 320
Mejor Solucion:  10 12 8 13 6 3 15 17 21 1 20 19 11 4 14 0 2 16 18 9 7 5
Coste: 6432

GENERACION: 325
Mejor Solucion:  10 12 8 13 6 3 15 17 21 1 20 19 11 4 14 0 2 16 18 9 7 5
Coste: 6432

GENERACION: 330
Mejor Solucion:  10 12 8 13 6 3 15 17 21 1 20 19 11 4 14 0 2 16 18 9 7 5
Coste: 6432

GENERACION: 335
Mejor Solucion:  10 12 8 13 6 3 15 17 21 1 20 19 11 4 14 0 2 16 18 9 7 5
Coste: 6432

GENERACION: 340
Mejor Solucion:  10 12 8 13 6 3 15 17 21 1 20 19 11 4 14 0 2 16 18 9 7 5
Coste: 6432

GENERACION: 345
Mejor Solucion:  10 12 8 13 6 3 15 17 21 1 20 19 11 4 14 0 2 16 18 9 7 5
Coste: 6432

GENERACION: 350
Mejor Solucion:  10 12 8 13 6 3 15 17 21 1 20 19 11 4 14 0 2 16 18 9 7 5
Coste: 6432

GENERACION: 355
Mejor Solucion:  10 12 8 13 6 3 15 17 21 1 20 19 11 4 14 0 2 16 18 9 7 5
Coste: 6432

GENERACION: 360
Mejor Solucion:  10 12 8 13 6 3 15 17 21 1 20 19 11 4 14 0 2 16 18 9 7 5
Coste: 6432

GENERACION: 365
Mejor Solucion:  10 12 8 13 6 3 15 17 21 1 20 19 11 4 14 0 2 16 18 9 7 5
Coste: 6432

GENERACION: 370
Mejor Solucion:  10 12 8 13 6 3 15 17 21 1 20 19 11 4 14 0 2 16 18 9 7 5
Coste: 6432

GENERACION: 375
Mejor Solucion:  10 12 8 13 6 3 15 17 21 1 20 19 11 4 14 0 2 16 18 9 7 5
Coste: 6432

GENERACION: 380
Mejor Solucion:  10 12 8 13 6 3 15 17 21 1 20 19 11 4 14 0 2 16 18 9 7 5
Coste: 6432

GENERACION: 385
Mejor Solucion:  10 12 8 13 6 3 15 17 21 1 20 19 11 4 14 0 2 16 18 9 7 5
Coste: 6432

GENERACION: 390
Mejor Solucion:  10 12 8 13 6 3 15 17 21 1 20 19 11 4 14 0 2 16 18 9 7 5
Coste: 6432

GENERACION: 395
Mejor Solucion:  10 12 8 13 6 3 15 17 21 1 20 19 11 4 14 0 2 16 18 9 7 5
Coste: 6432

GENERACION: 400
Mejor Solucion:  10 12 8 13 6 3 15 17 21 1 20 19 11 4 14 0 2 16 18 9 7 5
Coste: 6432

GENERACION: 405
Mejor Solucion:  10 12 8 13 6 3 15 17 21 1 20 19 11 4 14 0 2 16 18 9 7 5
Coste: 6432

GENERACION: 410
Mejor Solucion:  10 12 8 13 6 3 15 17 21 1 20 19 11 4 14 0 2 16 18 9 7 5
Coste: 6432

GENERACION: 415
Mejor Solucion:  10 12 8 13 6 3 15 17 21 1 20 19 11 4 14 0 2 16 18 9 7 5
Coste: 6432

GENERACION: 420
Mejor Solucion:  10 12 8 13 6 3 15 17 21 1 20 19 11 4 14 0 2 16 18 9 7 5
Coste: 6432

GENERACION: 425
Mejor Solucion:  10 12 8 13 6 3 15 17 21 1 20 19 11 4 14 0 2 16 18 9 7 5
Coste: 6432

GENERACION: 430
Mejor Solucion:  10 12 8 13 6 3 15 17 21 1 20 19 11 4 14 0 2 16 18 9 7 5
Coste: 6432

GENERACION: 435
Mejor Solucion:  10 12 8 13 6 3 15 17 21 1 20 19 11 4 14 0 2 16 18 9 7 5
Coste: 6432

GENERACION: 440
Mejor Solucion:  10 12 8 13 6 3 15 17 21 1 20 19 11 4 14 0 2 16 18 9 7 5
Coste: 6432

GENERACION: 445
Mejor Solucion:  10 12 8 13 6 3 15 17 21 1 20 19 11 4 14 0 2 16 18 9 7 5
Coste: 6432

GENERACION: 450
Mejor Solucion:  10 12 8 13 6 3 15 17 21 1 20 19 11 4 14 0 2 16 18 9 7 5
Coste: 6432

GENERACION: 455
Mejor Solucion:  10 12 8 13 6 3 15 17 21 1 20 19 11 4 14 0 2 16 18 9 7 5
Coste: 6432

GENERACION: 460
Mejor Solucion:  10 12 8 13 6 3 15 17 21 1 20 19 11 4 14 0 2 16 18 9 7 5
Coste: 6432

GENERACION: 465
Mejor Solucion:  10 12 8 13 6 3 15 17 21 1 20 19 11 4 14 0 2 16 18 9 7 5
Coste: 6432

GENERACION: 470
Mejor Solucion:  10 12 8 13 6 3 15 17 21 1 20 19 11 4 14 0 2 16 18 9 7 5
Coste: 6432

GENERACION: 475
Mejor Solucion:  10 12 8 13 6 3 15 17 21 1 20 19 11 4 14 0 2 16 18 9 7 5
Coste: 6432

GENERACION: 480
Mejor Solucion:  10 12 8 13 6 3 15 17 21 1 20 19 11 4 14 0 2 16 18 9 7 5
Coste: 6432

GENERACION: 485
Mejor Solucion:  10 12 8 13 6 3 15 17 21 1 20 19 11 4 14 0 2 16 18 9 7 5
Coste: 6432

GENERACION: 490
Mejor Solucion:  10 12 8 13 6 3 15 17 21 1 20 19 11 4 14 0 2 16 18 9 7 5
Coste: 6432

GENERACION: 495
Mejor Solucion:  10 12 8 13 6 3 15 17 21 1 20 19 11 4 14 0 2 16 18 9 7 5
Coste: 6432

GENERACION: 500
Mejor Solucion:  10 12 8 13 6 3 15 17 21 1 20 19 11 4 14 0 2 16 18 9 7 5
Coste: 6432

GENERACION: 505
Mejor Solucion:  10 12 8 13 6 3 15 17 21 1 20 19 11 4 14 0 2 16 18 9 7 5
Coste: 6432

GENERACION: 510
Mejor Solucion:  10 12 8 13 6 3 15 17 21 1 20 19 11 4 14 0 2 16 18 9 7 5
Coste: 6432

GENERACION: 515
Mejor Solucion:  10 12 8 13 6 3 15 17 21 1 20 19 11 4 14 0 2 16 18 9 7 5
Coste: 6432

GENERACION: 520
Mejor Solucion:  10 12 8 13 6 3 15 17 21 1 20 19 11 4 14 0 2 16 18 9 7 5
Coste: 6432

GENERACION: 525
Mejor Solucion:  10 12 8 13 6 3 15 17 21 1 20 19 11 4 14 0 2 16 18 9 7 5
Coste: 6432

GENERACION: 530
Mejor Solucion:  10 12 8 13 6 3 15 17 21 1 20 19 11 4 14 0 2 16 18 9 7 5
Coste: 6432

GENERACION: 535
Mejor Solucion:  10 12 8 13 6 3 15 17 21 1 20 19 11 4 14 0 2 16 18 9 7 5
Coste: 6432

GENERACION: 540
Mejor Solucion:  10 12 8 13 6 3 15 17 21 1 20 19 11 4 14 0 2 16 18 9 7 5
Coste: 6432

GENERACION: 545
Mejor Solucion:  10 12 8 13 6 3 15 17 21 1 20 19 11 4 14 0 2 16 18 9 7 5
Coste: 6432

GENERACION: 550
Mejor Solucion:  10 12 8 13 6 3 15 17 21 1 20 19 11 4 14 0 2 16 18 9 7 5
Coste: 6432

GENERACION: 555
Mejor Solucion:  10 12 8 13 6 3 15 17 21 1 20 19 11 4 14 0 2 16 18 9 7 5
Coste: 6432

GENERACION: 560
Mejor Solucion:  10 12 8 13 6 3 15 17 21 1 20 19 11 4 14 0 2 16 18 9 7 5
Coste: 6432

GENERACION: 565
Mejor Solucion:  10 12 8 13 6 3 15 17 21 1 20 19 11 4 14 0 2 16 18 9 7 5
Coste: 6432

GENERACION: 570
Mejor Solucion:  10 12 8 13 6 3 15 17 21 1 20 19 11 4 14 0 2 16 18 9 7 5
Coste: 6432

GENERACION: 575
Mejor Solucion:  10 12 8 13 6 3 15 17 21 1 20 19 11 4 14 0 2 16 18 9 7 5
Coste: 6432

GENERACION: 580
Mejor Solucion:  10 12 8 13 6 3 15 17 21 1 20 19 11 4 14 0 2 16 18 9 7 5
Coste: 6432

GENERACION: 585
Mejor Solucion:  10 12 8 13 6 3 15 17 21 1 20 19 11 4 14 0 2 16 18 9 7 5
Coste: 6432

GENERACION: 590
Mejor Solucion:  10 12 8 13 6 3 15 17 21 1 20 19 11 4 14 0 2 16 18 9 7 5
Coste: 6432

GENERACION: 595
Mejor Solucion:  10 12 8 13 6 3 15 17 21 1 20 19 11 4 14 0 2 16 18 9 7 5
Coste: 6432

GENERACION: 600
Mejor Solucion:  10 12 8 13 6 3 15 17 21 1 20 19 11 4 14 0 2 16 18 9 7 5
Coste: 6432

GENERACION: 605
Mejor Solucion:  10 12 8 13 6 3 15 17 21 1 20 19 11 4 14 0 2 16 18 9 7 5
Coste: 6432

GENERACION: 610
Mejor Solucion:  10 12 8 13 6 3 15 17 21 1 20 19 11 4 14 0 2 16 18 9 7 5
Coste: 6432

GENERACION: 615
Mejor Solucion:  10 12 8 13 6 3 15 17 21 1 20 19 11 4 14 0 2 16 18 9 7 5
Coste: 6432

GENERACION: 620
Mejor Solucion:  10 12 8 13 6 3 15 17 21 1 20 19 11 4 14 0 2 16 18 9 7 5
Coste: 6432

GENERACION: 625
Mejor Solucion:  10 12 8 13 6 3 15 17 21 1 20 19 11 4 14 0 2 16 18 9 7 5
Coste: 6432

GENERACION: 630
Mejor Solucion:  10 12 8 13 6 3 15 17 21 1 20 19 11 4 14 0 2 16 18 9 7 5
Coste: 6432

GENERACION: 635
Mejor Solucion:  10 12 8 13 6 3 15 17 21 1 20 19 11 4 14 0 2 16 18 9 7 5
Coste: 6432

GENERACION: 640
Mejor Solucion:  10 12 8 13 6 3 15 17 21 1 20 19 11 4 14 0 2 16 18 9 7 5
Coste: 6432

GENERACION: 645
Mejor Solucion:  10 12 8 13 6 3 15 17 21 1 20 19 11 4 14 0 2 16 18 9 7 5
Coste: 6432

GENERACION: 650
Mejor Solucion:  10 12 8 13 6 3 15 17 21 1 20 19 11 4 14 0 2 16 18 9 7 5
Coste: 6432

GENERACION: 655
Mejor Solucion:  10 12 8 13 6 3 15 17 21 1 20 19 11 4 14 0 2 16 18 9 7 5
Coste: 6432

GENERACION: 660
Mejor Solucion:  10 12 8 13 6 3 15 17 21 1 20 19 11 4 14 0 2 16 18 9 7 5
Coste: 6432

GENERACION: 665
Mejor Solucion:  10 12 8 13 6 3 15 17 21 1 20 19 11 4 14 0 2 16 18 9 7 5
Coste: 6432

GENERACION: 670
Mejor Solucion:  10 12 8 13 6 3 15 17 21 1 20 19 11 4 14 0 2 16 18 9 7 5
Coste: 6432

GENERACION: 675
Mejor Solucion:  10 12 8 13 6 3 15 17 21 1 20 19 11 4 14 0 2 16 18 9 7 5
Coste: 6432

GENERACION: 680
Mejor Solucion:  10 12 8 13 6 3 15 17 21 1 20 19 11 4 14 0 2 16 18 9 7 5
Coste: 6432

GENERACION: 685
Mejor Solucion:  10 12 8 13 6 3 15 17 21 1 20 19 11 4 14 0 2 16 18 9 7 5
Coste: 6432

GENERACION: 690
Mejor Solucion:  10 12 8 13 6 3 15 17 21 1 20 19 11 4 14 0 2 16 18 9 7 5
Coste: 6432

GENERACION: 695
Mejor Solucion:  10 12 8 13 6 3 15 17 21 1 20 19 11 4 14 0 2 16 18 9 7 5
Coste: 6432

GENERACION: 700
Mejor Solucion:  10 12 8 13 6 3 15 17 21 1 20 19 11 4 14 0 2 16 18 9 7 5
Coste: 6432

GENERACION: 705
Mejor Solucion:  10 12 8 13 6 3 15 17 21 1 20 19 11 4 14 0 2 16 18 9 7 5
Coste: 6432

GENERACION: 710
Mejor Solucion:  10 12 8 13 6 3 15 17 21 1 20 19 11 4 14 0 2 16 18 9 7 5
Coste: 6432

GENERACION: 715
Mejor Solucion:  10 12 8 13 6 3 15 17 21 1 20 19 11 4 14 0 2 16 18 9 7 5
Coste: 6432

GENERACION: 720
Mejor Solucion:  10 12 8 13 6 3 15 17 21 1 20 19 11 4 14 0 2 16 18 9 7 5
Coste: 6432

GENERACION: 725
Mejor Solucion:  10 12 8 13 6 3 15 17 21 1 20 19 11 4 14 0 2 16 18 9 7 5
Coste: 6432

GENERACION: 730
Mejor Solucion:  10 12 8 13 6 3 15 17 21 1 20 19 11 4 14 0 2 16 18 9 7 5
Coste: 6432

GENERACION: 735
Mejor Solucion:  10 12 8 13 6 3 15 17 21 1 20 19 11 4 14 0 2 16 18 9 7 5
Coste: 6432

GENERACION: 740
Mejor Solucion:  10 12 8 13 6 3 15 17 21 1 20 19 11 4 14 0 2 16 18 9 7 5
Coste: 6432

GENERACION: 745
Mejor Solucion:  10 12 8 13 6 3 15 17 21 1 20 19 11 4 14 0 2 16 18 9 7 5
Coste: 6432

GENERACION: 750
Mejor Solucion:  10 12 8 13 6 3 15 17 21 1 20 19 11 4 14 0 2 16 18 9 7 5
Coste: 6432

GENERACION: 755
Mejor Solucion:  10 12 8 13 6 3 15 17 21 1 20 19 11 4 14 0 2 16 18 9 7 5
Coste: 6432

GENERACION: 760
Mejor Solucion:  10 12 8 13 6 3 15 17 21 1 20 19 11 4 14 0 2 16 18 9 7 5
Coste: 6432

GENERACION: 765
Mejor Solucion:  10 12 8 13 6 3 15 17 21 1 20 19 11 4 14 0 2 16 18 9 7 5
Coste: 6432

GENERACION: 770
Mejor Solucion:  10 12 8 13 6 3 15 17 21 1 20 19 11 4 14 0 2 16 18 9 7 5
Coste: 6432

GENERACION: 775
Mejor Solucion:  10 12 8 13 6 3 15 17 21 1 20 19 11 4 14 0 2 16 18 9 7 5
Coste: 6432

GENERACION: 780
Mejor Solucion:  10 12 8 13 6 3 15 17 21 1 20 19 11 4 14 0 2 16 18 9 7 5
Coste: 6432

GENERACION: 785
Mejor Solucion:  10 12 8 13 6 3 15 17 21 1 20 19 11 4 14 0 2 16 18 9 7 5
Coste: 6432

GENERACION: 790
Mejor Solucion:  10 12 8 13 6 3 15 17 21 1 20 19 11 4 14 0 2 16 18 9 7 5
Coste: 6432

GENERACION: 795
Mejor Solucion:  10 12 8 13 6 3 15 17 21 1 20 19 11 4 14 0 2 16 18 9 7 5
Coste: 6432

GENERACION: 800
Mejor Solucion:  10 12 8 13 6 3 15 17 21 1 20 19 11 4 14 0 2 16 18 9 7 5
Coste: 6432

GENERACION: 805
Mejor Solucion:  10 12 8 13 6 3 15 17 21 1 20 19 11 4 14 0 2 16 18 9 7 5
Coste: 6432

GENERACION: 810
Mejor Solucion:  10 12 8 13 6 3 15 17 21 1 20 19 11 4 14 0 2 16 18 9 7 5
Coste: 6432

GENERACION: 815
Mejor Solucion:  10 12 8 13 6 3 15 17 21 1 20 19 11 4 14 0 2 16 18 9 7 5
Coste: 6432

GENERACION: 820
Mejor Solucion:  10 12 8 13 6 3 15 17 21 1 20 19 11 4 14 0 2 16 18 9 7 5
Coste: 6432

GENERACION: 825
Mejor Solucion:  10 12 8 13 6 3 15 17 21 1 20 19 11 4 14 0 2 16 18 9 7 5
Coste: 6432

GENERACION: 830
Mejor Solucion:  10 12 8 13 6 3 15 17 21 1 20 19 11 4 14 0 2 16 18 9 7 5
Coste: 6432

GENERACION: 835
Mejor Solucion:  10 12 8 13 6 3 15 17 21 1 20 19 11 4 14 0 2 16 18 9 7 5
Coste: 6432

GENERACION: 840
Mejor Solucion:  10 12 8 13 6 3 15 17 21 1 20 19 11 4 14 0 2 16 18 9 7 5
Coste: 6432

GENERACION: 845
Mejor Solucion:  10 12 8 13 6 3 15 17 21 1 20 19 11 4 14 0 2 16 18 9 7 5
Coste: 6432

GENERACION: 850
Mejor Solucion:  10 12 8 13 6 3 15 17 21 1 20 19 11 4 14 0 2 16 18 9 7 5
Coste: 6432

GENERACION: 855
Mejor Solucion:  10 12 8 13 6 3 15 17 21 1 20 19 11 4 14 0 2 16 18 9 7 5
Coste: 6432

GENERACION: 860
Mejor Solucion:  10 12 8 13 6 3 15 17 21 1 20 19 11 4 14 0 2 16 18 9 7 5
Coste: 6432

GENERACION: 865
Mejor Solucion:  10 12 8 13 6 3 15 17 21 1 20 19 11 4 14 0 2 16 18 9 7 5
Coste: 6432

GENERACION: 870
Mejor Solucion:  10 12 8 13 6 3 15 17 21 1 20 19 11 4 14 0 2 16 18 9 7 5
Coste: 6432

GENERACION: 875
Mejor Solucion:  10 12 8 13 6 3 15 17 21 1 20 19 11 4 14 0 2 16 18 9 7 5
Coste: 6432

GENERACION: 880
Mejor Solucion:  10 12 8 13 6 3 15 17 21 1 20 19 11 4 14 0 2 16 18 9 7 5
Coste: 6432

GENERACION: 885
Mejor Solucion:  10 12 8 13 6 3 15 17 21 1 20 19 11 4 14 0 2 16 18 9 7 5
Coste: 6432

GENERACION: 890
Mejor Solucion:  10 12 8 13 6 3 15 17 21 1 20 19 11 4 14 0 2 16 18 9 7 5
Coste: 6432

GENERACION: 895
Mejor Solucion:  10 12 8 13 6 3 15 17 21 1 20 19 11 4 14 0 2 16 18 9 7 5
Coste: 6432

GENERACION: 900
Mejor Solucion:  10 12 8 13 6 3 15 17 21 1 20 19 11 4 14 0 2 16 18 9 7 5
Coste: 6432

GENERACION: 905
Mejor Solucion:  10 12 8 13 6 3 15 17 21 1 20 19 11 4 14 0 2 16 18 9 7 5
Coste: 6432

GENERACION: 910
Mejor Solucion:  10 12 8 13 6 3 15 17 21 1 20 19 11 4 14 0 2 16 18 9 7 5
Coste: 6432

GENERACION: 915
Mejor Solucion:  10 12 8 13 6 3 15 17 21 1 20 19 11 4 14 0 2 16 18 9 7 5
Coste: 6432

GENERACION: 920
Mejor Solucion:  10 12 8 13 6 3 15 17 21 1 20 19 11 4 14 0 2 16 18 9 7 5
Coste: 6432

GENERACION: 925
Mejor Solucion:  10 12 8 13 6 3 15 17 21 1 20 19 11 4 14 0 2 16 18 9 7 5
Coste: 6432

GENERACION: 930
Mejor Solucion:  10 12 8 13 6 3 15 17 21 1 20 19 11 4 14 0 2 16 18 9 7 5
Coste: 6432

GENERACION: 935
Mejor Solucion:  10 12 8 13 6 3 15 17 21 1 20 19 11 4 14 0 2 16 18 9 7 5
Coste: 6432

GENERACION: 940
Mejor Solucion:  10 12 8 13 6 3 15 17 21 1 20 19 11 4 14 0 2 16 18 9 7 5
Coste: 6432

GENERACION: 945
Mejor Solucion:  10 12 8 13 6 3 15 17 21 1 20 19 11 4 14 0 2 16 18 9 7 5
Coste: 6432

GENERACION: 950
Mejor Solucion:  10 12 8 13 6 3 15 17 21 1 20 19 11 4 14 0 2 16 18 9 7 5
Coste: 6432

GENERACION: 955
Mejor Solucion:  10 12 8 13 6 3 15 17 21 1 20 19 11 4 14 0 2 16 18 9 7 5
Coste: 6432

GENERACION: 960
Mejor Solucion:  10 12 8 13 6 3 15 17 21 1 20 19 11 4 14 0 2 16 18 9 7 5
Coste: 6432

GENERACION: 965
Mejor Solucion:  10 12 8 13 6 3 15 17 21 1 20 19 11 4 14 0 2 16 18 9 7 5
Coste: 6432

GENERACION: 970
Mejor Solucion:  10 12 8 13 6 3 15 17 21 1 20 19 11 4 14 0 2 16 18 9 7 5
Coste: 6432

GENERACION: 975
Mejor Solucion:  10 12 8 13 6 3 15 17 21 1 20 19 11 4 14 0 2 16 18 9 7 5
Coste: 6432

GENERACION: 980
Mejor Solucion:  10 12 8 13 6 3 15 17 21 1 20 19 11 4 14 0 2 16 18 9 7 5
Coste: 6432

GENERACION: 985
Mejor Solucion:  10 12 8 13 6 3 15 17 21 1 20 19 11 4 14 0 2 16 18 9 7 5
Coste: 6432

GENERACION: 990
Mejor Solucion:  10 12 8 13 6 3 15 17 21 1 20 19 11 4 14 0 2 16 18 9 7 5
Coste: 6432

GENERACION: 995
Mejor Solucion:  10 12 8 13 6 3 15 17 21 1 20 19 11 4 14 0 2 16 18 9 7 5
Coste: 6432

GENERACION: 1000
Mejor Solucion:  10 12 8 13 6 3 15 17 21 1 20 19 11 4 14 0 2 16 18 9 7 5
Coste: 6432

