GENERACION: 5
Mejor Solucion:  15 5 18 17 6 1 19 13 20 12 7 8 3 10 11 14 21 2 16 0 4 9
Coste: 12272

GENERACION: 10
Mejor Solucion:  21 1 9 14 0 20 6 17 2 3 5 13 16 10 12 15 19 7 8 18 11 4
Coste: 10112

GENERACION: 15
Mejor Solucion:  21 1 9 14 0 20 6 17 2 3 5 13 16 10 12 15 19 7 8 18 11 4
Coste: 10112

GENERACION: 20
Mejor Solucion:  21 1 9 14 0 20 6 17 2 3 5 13 16 10 12 15 19 7 8 18 11 4
Coste: 6792

GENERACION: 25
Mejor Solucion:  21 1 9 14 0 20 6 17 2 3 5 13 16 10 12 15 19 7 8 18 11 4
Coste: 6792

GENERACION: 30
Mejor Solucion:  21 1 9 14 0 20 6 17 2 3 5 13 16 10 12 15 19 7 8 18 11 4
Coste: 6792

GENERACION: 35
Mejor Solucion:  21 1 9 14 0 20 6 17 2 3 5 13 16 10 12 15 19 7 8 18 11 4
Coste: 6792

GENERACION: 40
Mejor Solucion:  21 1 9 14 0 20 6 17 2 3 5 13 16 10 12 15 19 7 8 18 11 4
Coste: 6792

GENERACION: 45
Mejor Solucion:  21 1 9 14 0 20 6 17 2 3 5 13 16 10 12 15 19 7 8 18 11 4
Coste: 6792

GENERACION: 50
Mejor Solucion:  21 1 9 14 0 20 6 17 2 3 5 13 16 10 12 15 19 7 8 18 11 4
Coste: 6792

GENERACION: 55
Mejor Solucion:  21 1 9 14 0 20 6 17 2 3 5 13 16 10 12 15 19 7 8 18 11 4
Coste: 6792

GENERACION: 60
Mejor Solucion:  21 1 9 14 0 20 6 17 2 3 5 13 16 10 12 15 19 7 8 18 11 4
Coste: 6792

GENERACION: 65
Mejor Solucion:  21 1 9 14 0 20 6 17 2 3 5 13 16 10 12 15 19 7 8 18 11 4
Coste: 6792

GENERACION: 70
Mejor Solucion:  21 1 9 14 0 20 6 17 2 3 5 13 16 10 12 15 19 7 8 18 11 4
Coste: 6792

GENERACION: 75
Mejor Solucion:  21 1 9 14 0 20 6 17 2 3 5 13 16 10 12 15 19 7 8 18 11 4
Coste: 6792

GENERACION: 80
Mejor Solucion:  21 1 9 14 0 20 6 17 2 3 5 13 16 10 12 15 19 7 8 18 11 4
Coste: 6792

GENERACION: 85
Mejor Solucion:  21 1 9 14 0 20 6 17 2 3 5 13 16 10 12 15 19 7 8 18 11 4
Coste: 6792

GENERACION: 90
Mejor Solucion:  21 1 9 14 0 20 6 17 2 3 5 13 16 10 12 15 19 7 8 18 11 4
Coste: 6792

GENERACION: 95
Mejor Solucion:  21 1 9 14 0 20 6 17 2 3 5 13 16 10 12 15 19 7 8 18 11 4
Coste: 6792

GENERACION: 100
Mejor Solucion:  21 1 9 14 0 20 6 17 2 3 5 13 16 10 12 15 19 7 8 18 11 4
Coste: 6792

GENERACION: 105
Mejor Solucion:  21 1 9 14 0 20 6 17 2 3 5 13 16 10 12 15 19 7 8 18 11 4
Coste: 6792

GENERACION: 110
Mejor Solucion:  21 1 9 14 0 20 6 17 2 3 5 13 16 10 12 15 19 7 8 18 11 4
Coste: 6792

GENERACION: 115
Mejor Solucion:  21 1 9 14 0 20 6 17 2 3 5 13 16 10 12 15 19 7 8 18 11 4
Coste: 6792

GENERACION: 120
Mejor Solucion:  14 15 20 21 7 4 6 9 16 2 5 10 13 8 3 1 19 18 17 11 12 0
Coste: 6779

GENERACION: 125
Mejor Solucion:  14 15 20 21 7 4 6 9 16 2 5 10 13 8 3 1 19 18 17 11 12 0
Coste: 6652

GENERACION: 130
Mejor Solucion:  14 15 20 21 7 4 6 9 16 2 5 10 13 8 3 1 19 18 17 11 12 0
Coste: 6652

GENERACION: 135
Mejor Solucion:  14 15 20 21 7 4 6 9 16 2 5 10 13 8 3 1 19 18 17 11 12 0
Coste: 6652

GENERACION: 140
Mejor Solucion:  14 15 20 21 7 4 6 9 16 2 5 10 13 8 3 1 19 18 17 11 12 0
Coste: 6652

GENERACION: 145
Mejor Solucion:  14 15 20 21 7 4 6 9 16 2 5 10 13 8 3 1 19 18 17 11 12 0
Coste: 6652

GENERACION: 150
Mejor Solucion:  14 15 20 21 7 4 6 9 16 2 5 10 13 8 3 1 19 18 17 11 12 0
Coste: 6652

GENERACION: 155
Mejor Solucion:  14 15 20 21 7 4 6 9 16 2 5 10 13 8 3 1 19 18 17 11 12 0
Coste: 6652

GENERACION: 160
Mejor Solucion:  14 15 20 21 7 4 6 9 16 2 5 10 13 8 3 1 19 18 17 11 12 0
Coste: 6652

GENERACION: 165
Mejor Solucion:  2 15 1 19 3 4 6 21 20 5 11 18 13 8 0 7 9 12 10 17 16 14
Coste: 6598

GENERACION: 170
Mejor Solucion:  2 15 1 19 3 4 6 21 20 5 11 18 13 8 0 7 9 12 10 17 16 14
Coste: 6598

GENERACION: 175
Mejor Solucion:  2 15 1 19 3 4 6 21 20 5 11 18 13 8 0 7 9 12 10 17 16 14
Coste: 6598

GENERACION: 180
Mejor Solucion:  2 15 1 19 3 4 6 21 20 5 11 18 13 8 0 7 9 12 10 17 16 14
Coste: 6598

GENERACION: 185
Mejor Solucion:  2 15 1 19 3 4 6 21 20 5 11 18 13 8 0 7 9 12 10 17 16 14
Coste: 6598

GENERACION: 190
Mejor Solucion:  2 15 1 19 3 4 6 21 20 5 11 18 13 8 0 7 9 12 10 17 16 14
Coste: 6598

GENERACION: 195
Mejor Solucion:  2 15 1 19 3 4 6 21 20 5 11 18 13 8 0 7 9 12 10 17 16 14
Coste: 6598

GENERACION: 200
Mejor Solucion:  2 15 1 19 3 4 6 21 20 5 11 18 13 8 0 7 9 12 10 17 16 14
Coste: 6598

GENERACION: 205
Mejor Solucion:  2 15 1 19 3 4 6 21 20 5 11 18 13 8 0 7 9 12 10 17 16 14
Coste: 6598

GENERACION: 210
Mejor Solucion:  2 15 1 19 3 4 6 21 20 5 11 18 13 8 0 7 9 12 10 17 16 14
Coste: 6598

GENERACION: 215
Mejor Solucion:  2 15 1 19 3 4 6 21 20 5 11 18 13 8 0 7 9 12 10 17 16 14
Coste: 6598

GENERACION: 220
Mejor Solucion:  2 15 1 19 3 4 6 21 20 5 11 18 13 8 0 7 9 12 10 17 16 14
Coste: 6598

GENERACION: 225
Mejor Solucion:  2 15 1 19 3 4 6 21 20 5 11 18 13 8 0 7 9 12 10 17 16 14
Coste: 6598

GENERACION: 230
Mejor Solucion:  2 15 1 19 3 4 6 21 20 5 11 18 13 8 0 7 9 12 10 17 16 14
Coste: 6598

GENERACION: 235
Mejor Solucion:  2 15 1 19 3 4 6 21 20 5 11 18 13 8 0 7 9 12 10 17 16 14
Coste: 6598

GENERACION: 240
Mejor Solucion:  2 15 1 19 3 4 6 21 20 5 11 18 13 8 0 7 9 12 10 17 16 14
Coste: 6598

GENERACION: 245
Mejor Solucion:  2 15 1 19 3 4 6 21 20 5 11 18 13 8 0 7 9 12 10 17 16 14
Coste: 6598

GENERACION: 250
Mejor Solucion:  2 15 1 19 3 4 6 21 20 5 11 18 13 8 0 7 9 12 10 17 16 14
Coste: 6598

GENERACION: 255
Mejor Solucion:  5 15 2 16 12 4 6 19 9 20 3 18 13 10 1 7 17 11 8 21 0 14
Coste: 6574

GENERACION: 260
Mejor Solucion:  5 15 2 16 12 4 6 19 9 20 3 18 13 10 1 7 17 11 8 21 0 14
Coste: 6574

GENERACION: 265
Mejor Solucion:  5 15 2 16 12 4 6 19 9 20 3 18 13 10 1 7 17 11 8 21 0 14
Coste: 6574

GENERACION: 270
Mejor Solucion:  5 15 2 16 12 4 6 19 9 20 3 18 13 10 1 7 17 11 8 21 0 14
Coste: 6574

GENERACION: 275
Mejor Solucion:  5 15 2 16 12 4 6 19 9 20 3 18 13 10 1 7 17 11 8 21 0 14
Coste: 6574

GENERACION: 280
Mejor Solucion:  5 15 2 16 12 4 6 19 9 20 3 18 13 10 1 7 17 11 8 21 0 14
Coste: 6574

GENERACION: 285
Mejor Solucion:  5 15 2 16 12 4 6 19 9 20 3 18 13 10 1 7 17 11 8 21 0 14
Coste: 6574

GENERACION: 290
Mejor Solucion:  5 15 2 16 12 4 6 19 9 20 3 18 13 10 1 7 17 11 8 21 0 14
Coste: 6574

GENERACION: 295
Mejor Solucion:  5 15 2 16 12 4 6 19 9 20 3 18 13 10 1 7 17 11 8 21 0 14
Coste: 6574

GENERACION: 300
Mejor Solucion:  5 15 2 16 12 4 6 19 9 20 3 18 13 10 1 7 17 11 8 21 0 14
Coste: 6574

GENERACION: 305
Mejor Solucion:  5 15 2 16 12 4 6 19 9 20 3 18 13 10 1 7 17 11 8 21 0 14
Coste: 6574

GENERACION: 310
Mejor Solucion:  5 15 2 16 12 4 6 19 9 20 3 18 13 10 1 7 17 11 8 21 0 14
Coste: 6574

GENERACION: 315
Mejor Solucion:  5 15 2 16 12 4 6 19 9 20 3 18 13 10 1 7 17 11 8 21 0 14
Coste: 6574

GENERACION: 320
Mejor Solucion:  5 15 2 16 12 4 6 19 9 20 3 18 13 10 1 7 17 11 8 21 0 14
Coste: 6574

GENERACION: 325
Mejor Solucion:  5 15 2 16 12 4 6 19 9 20 3 18 13 10 1 7 17 11 8 21 0 14
Coste: 6574

GENERACION: 330
Mejor Solucion:  5 15 2 16 12 4 6 19 9 20 3 18 13 10 1 7 17 11 8 21 0 14
Coste: 6574

GENERACION: 335
Mejor Solucion:  5 15 2 16 12 4 6 19 9 20 3 18 13 10 1 7 17 11 8 21 0 14
Coste: 6574

GENERACION: 340
Mejor Solucion:  5 15 2 16 12 4 6 19 9 20 3 18 13 10 1 7 17 11 8 21 0 14
Coste: 6574

GENERACION: 345
Mejor Solucion:  5 15 2 16 12 4 6 19 9 20 3 18 13 10 1 7 17 11 8 21 0 14
Coste: 6574

GENERACION: 350
Mejor Solucion:  5 15 2 16 12 4 6 19 9 20 3 18 13 10 1 7 17 11 8 21 0 14
Coste: 6574

GENERACION: 355
Mejor Solucion:  5 15 2 16 12 4 6 19 9 20 3 18 13 10 1 7 17 11 8 21 0 14
Coste: 6574

GENERACION: 360
Mejor Solucion:  5 15 2 16 12 4 6 19 9 20 3 18 13 10 1 7 17 11 8 21 0 14
Coste: 6574

GENERACION: 365
Mejor Solucion:  5 15 2 16 12 4 6 19 9 20 3 18 13 10 1 7 17 11 8 21 0 14
Coste: 6574

GENERACION: 370
Mejor Solucion:  5 15 2 16 12 4 6 19 9 20 3 18 13 10 1 7 17 11 8 21 0 14
Coste: 6574

GENERACION: 375
Mejor Solucion:  5 15 2 16 12 4 6 19 9 20 3 18 13 10 1 7 17 11 8 21 0 14
Coste: 6574

GENERACION: 380
Mejor Solucion:  5 15 2 16 12 4 6 19 9 20 3 18 13 10 1 7 17 11 8 21 0 14
Coste: 6574

GENERACION: 385
Mejor Solucion:  5 15 2 16 12 4 6 19 9 20 3 18 13 10 1 7 17 11 8 21 0 14
Coste: 6574

GENERACION: 390
Mejor Solucion:  5 15 2 16 12 4 6 19 9 20 3 18 13 10 1 7 17 11 8 21 0 14
Coste: 6574

GENERACION: 395
Mejor Solucion:  5 15 2 16 12 4 6 19 9 20 3 18 13 10 1 7 17 11 8 21 0 14
Coste: 6574

GENERACION: 400
Mejor Solucion:  5 15 2 16 12 4 6 19 9 20 3 18 13 10 1 7 17 11 8 21 0 14
Coste: 6574

GENERACION: 405
Mejor Solucion:  5 15 2 16 12 4 6 19 9 20 3 18 13 10 1 7 17 11 8 21 0 14
Coste: 6574

GENERACION: 410
Mejor Solucion:  5 15 2 16 12 4 6 19 9 20 3 18 13 10 1 7 17 11 8 21 0 14
Coste: 6574

GENERACION: 415
Mejor Solucion:  5 15 2 16 12 4 6 19 9 20 3 18 13 10 1 7 17 11 8 21 0 14
Coste: 6574

GENERACION: 420
Mejor Solucion:  5 15 2 16 12 4 6 19 9 20 3 18 13 10 1 7 17 11 8 21 0 14
Coste: 6574

GENERACION: 425
Mejor Solucion:  5 15 2 16 12 4 6 19 9 20 3 18 13 10 1 7 17 11 8 21 0 14
Coste: 6574

GENERACION: 430
Mejor Solucion:  5 15 2 16 12 4 6 19 9 20 3 18 13 10 1 7 17 11 8 21 0 14
Coste: 6574

GENERACION: 435
Mejor Solucion:  5 15 2 16 12 4 6 19 9 20 3 18 13 10 1 7 17 11 8 21 0 14
Coste: 6574

GENERACION: 440
Mejor Solucion:  5 15 2 16 12 4 6 19 9 20 3 18 13 10 1 7 17 11 8 21 0 14
Coste: 6574

GENERACION: 445
Mejor Solucion:  5 15 2 16 12 4 6 19 9 20 3 18 13 10 1 7 17 11 8 21 0 14
Coste: 6574

GENERACION: 450
Mejor Solucion:  5 15 2 16 12 4 6 19 9 20 3 18 13 10 1 7 17 11 8 21 0 14
Coste: 6574

GENERACION: 455
Mejor Solucion:  5 15 2 16 12 4 6 19 9 20 3 18 13 10 1 7 17 11 8 21 0 14
Coste: 6574

GENERACION: 460
Mejor Solucion:  5 15 2 16 12 4 6 19 9 20 3 18 13 10 1 7 17 11 8 21 0 14
Coste: 6574

GENERACION: 465
Mejor Solucion:  3 15 11 12 16 4 6 17 8 1 20 13 18 10 2 0 14 9 21 7 19 5
Coste: 6568

GENERACION: 470
Mejor Solucion:  3 15 11 12 16 4 6 17 8 1 20 13 18 10 2 0 14 9 21 7 19 5
Coste: 6568

GENERACION: 475
Mejor Solucion:  3 15 11 12 16 4 6 17 8 1 20 13 18 10 2 0 14 9 21 7 19 5
Coste: 6568

GENERACION: 480
Mejor Solucion:  3 15 11 12 16 4 6 17 8 1 20 13 18 10 2 0 14 9 21 7 19 5
Coste: 6568

GENERACION: 485
Mejor Solucion:  3 15 11 12 16 4 6 17 8 1 20 13 18 10 2 0 14 9 21 7 19 5
Coste: 6568

GENERACION: 490
Mejor Solucion:  3 15 11 12 16 4 6 17 8 1 20 13 18 10 2 0 14 9 21 7 19 5
Coste: 6568

GENERACION: 495
Mejor Solucion:  3 15 11 12 16 4 6 17 8 1 20 13 18 10 2 0 14 9 21 7 19 5
Coste: 6568

GENERACION: 500
Mejor Solucion:  3 15 11 12 16 4 6 17 8 1 20 13 18 10 2 0 14 9 21 7 19 5
Coste: 6568

GENERACION: 505
Mejor Solucion:  3 15 11 12 16 4 6 17 8 1 20 13 18 10 2 0 14 9 21 7 19 5
Coste: 6568

GENERACION: 510
Mejor Solucion:  3 15 11 12 16 4 6 17 8 1 20 13 18 10 2 0 14 9 21 7 19 5
Coste: 6568

GENERACION: 515
Mejor Solucion:  3 15 11 12 16 4 6 17 8 1 20 13 18 10 2 0 14 9 21 7 19 5
Coste: 6568

GENERACION: 520
Mejor Solucion:  3 15 11 12 16 4 6 17 8 1 20 13 18 10 2 0 14 9 21 7 19 5
Coste: 6568

GENERACION: 525
Mejor Solucion:  3 15 11 12 16 4 6 17 8 1 20 13 18 10 2 0 14 9 21 7 19 5
Coste: 6568

GENERACION: 530
Mejor Solucion:  3 15 11 12 16 4 6 17 8 1 20 13 18 10 2 0 14 9 21 7 19 5
Coste: 6568

GENERACION: 535
Mejor Solucion:  3 15 11 12 16 4 6 17 8 1 20 13 18 10 2 0 14 9 21 7 19 5
Coste: 6568

GENERACION: 540
Mejor Solucion:  3 15 11 12 16 4 6 17 8 1 20 13 18 10 2 0 14 9 21 7 19 5
Coste: 6568

GENERACION: 545
Mejor Solucion:  3 15 11 12 16 4 6 17 8 1 20 13 18 10 2 0 14 9 21 7 19 5
Coste: 6568

GENERACION: 550
Mejor Solucion:  3 15 11 12 16 4 6 17 8 1 20 13 18 10 2 0 14 9 21 7 19 5
Coste: 6568

GENERACION: 555
Mejor Solucion:  3 15 11 12 16 4 6 17 8 1 20 13 18 10 2 0 14 9 21 7 19 5
Coste: 6568

GENERACION: 560
Mejor Solucion:  3 15 11 12 16 4 6 17 8 1 20 13 18 10 2 0 14 9 21 7 19 5
Coste: 6568

GENERACION: 565
Mejor Solucion:  3 15 11 12 16 4 6 17 8 1 20 13 18 10 2 0 14 9 21 7 19 5
Coste: 6568

GENERACION: 570
Mejor Solucion:  3 15 11 12 16 4 6 17 8 1 20 13 18 10 2 0 14 9 21 7 19 5
Coste: 6568

GENERACION: 575
Mejor Solucion:  3 15 11 12 16 4 6 17 8 1 20 13 18 10 2 0 14 9 21 7 19 5
Coste: 6568

GENERACION: 580
Mejor Solucion:  3 15 11 12 16 4 6 17 8 1 20 13 18 10 2 0 14 9 21 7 19 5
Coste: 6568

GENERACION: 585
Mejor Solucion:  3 15 11 12 16 4 6 17 8 1 20 13 18 10 2 0 14 9 21 7 19 5
Coste: 6568

GENERACION: 590
Mejor Solucion:  3 15 11 12 16 4 6 17 8 1 20 13 18 10 2 0 14 9 21 7 19 5
Coste: 6568

GENERACION: 595
Mejor Solucion:  3 15 11 12 16 4 6 17 8 1 20 13 18 10 2 0 14 9 21 7 19 5
Coste: 6568

GENERACION: 600
Mejor Solucion:  3 15 11 12 16 4 6 17 8 1 20 13 18 10 2 0 14 9 21 7 19 5
Coste: 6568

GENERACION: 605
Mejor Solucion:  3 15 11 12 16 4 6 17 8 1 20 13 18 10 2 0 14 9 21 7 19 5
Coste: 6568

GENERACION: 610
Mejor Solucion:  3 15 11 12 16 4 6 17 8 1 20 13 18 10 2 0 14 9 21 7 19 5
Coste: 6568

GENERACION: 615
Mejor Solucion:  3 15 11 12 16 4 6 17 8 1 20 13 18 10 2 0 14 9 21 7 19 5
Coste: 6568

GENERACION: 620
Mejor Solucion:  3 15 11 12 16 4 6 17 8 1 20 13 18 10 2 0 14 9 21 7 19 5
Coste: 6568

GENERACION: 625
Mejor Solucion:  3 15 11 12 16 4 6 17 8 1 20 13 18 10 2 0 14 9 21 7 19 5
Coste: 6568

GENERACION: 630
Mejor Solucion:  3 15 11 12 16 4 6 17 8 1 20 13 18 10 2 0 14 9 21 7 19 5
Coste: 6568

GENERACION: 635
Mejor Solucion:  3 15 11 12 16 4 6 17 8 1 20 13 18 10 2 0 14 9 21 7 19 5
Coste: 6568

GENERACION: 640
Mejor Solucion:  3 15 11 12 16 4 6 17 8 1 20 13 18 10 2 0 14 9 21 7 19 5
Coste: 6568

GENERACION: 645
Mejor Solucion:  3 15 11 12 16 4 6 17 8 1 20 13 18 10 2 0 14 9 21 7 19 5
Coste: 6568

GENERACION: 650
Mejor Solucion:  3 15 11 12 16 4 6 17 8 1 20 13 18 10 2 0 14 9 21 7 19 5
Coste: 6568

GENERACION: 655
Mejor Solucion:  3 15 11 12 16 4 6 17 8 1 20 13 18 10 2 0 14 9 21 7 19 5
Coste: 6568

GENERACION: 660
Mejor Solucion:  3 15 11 12 16 4 6 17 8 1 20 13 18 10 2 0 14 9 21 7 19 5
Coste: 6568

GENERACION: 665
Mejor Solucion:  3 15 11 12 16 4 6 17 8 1 20 13 18 10 2 0 14 9 21 7 19 5
Coste: 6568

GENERACION: 670
Mejor Solucion:  3 15 11 12 16 4 6 17 8 1 20 13 18 10 2 0 14 9 21 7 19 5
Coste: 6568

GENERACION: 675
Mejor Solucion:  3 15 11 12 16 4 6 17 8 1 20 13 18 10 2 0 14 9 21 7 19 5
Coste: 6568

GENERACION: 680
Mejor Solucion:  3 15 11 12 16 4 6 17 8 1 20 13 18 10 2 0 14 9 21 7 19 5
Coste: 6568

GENERACION: 685
Mejor Solucion:  3 15 11 12 16 4 6 17 8 1 20 13 18 10 2 0 14 9 21 7 19 5
Coste: 6568

GENERACION: 690
Mejor Solucion:  3 15 11 12 16 4 6 17 8 1 20 13 18 10 2 0 14 9 21 7 19 5
Coste: 6568

GENERACION: 695
Mejor Solucion:  3 15 11 12 16 4 6 17 8 1 20 13 18 10 2 0 14 9 21 7 19 5
Coste: 6568

GENERACION: 700
Mejor Solucion:  3 15 11 12 16 4 6 17 8 1 20 13 18 10 2 0 14 9 21 7 19 5
Coste: 6568

GENERACION: 705
Mejor Solucion:  3 15 11 12 16 4 6 17 8 1 20 13 18 10 2 0 14 9 21 7 19 5
Coste: 6568

GENERACION: 710
Mejor Solucion:  3 15 11 12 16 4 6 17 8 1 20 13 18 10 2 0 14 9 21 7 19 5
Coste: 6568

GENERACION: 715
Mejor Solucion:  3 15 11 12 16 4 6 17 8 1 20 13 18 10 2 0 14 9 21 7 19 5
Coste: 6568

GENERACION: 720
Mejor Solucion:  3 15 11 12 16 4 6 17 8 1 20 13 18 10 2 0 14 9 21 7 19 5
Coste: 6568

GENERACION: 725
Mejor Solucion:  3 15 11 12 16 4 6 17 8 1 20 13 18 10 2 0 14 9 21 7 19 5
Coste: 6568

GENERACION: 730
Mejor Solucion:  3 15 11 12 16 4 6 17 8 1 20 13 18 10 2 0 14 9 21 7 19 5
Coste: 6568

GENERACION: 735
Mejor Solucion:  3 15 11 12 16 4 6 17 8 1 20 13 18 10 2 0 14 9 21 7 19 5
Coste: 6568

GENERACION: 740
Mejor Solucion:  3 15 11 12 16 4 6 17 8 1 20 13 18 10 2 0 14 9 21 7 19 5
Coste: 6568

GENERACION: 745
Mejor Solucion:  3 15 11 12 16 4 6 17 8 1 20 13 18 10 2 0 14 9 21 7 19 5
Coste: 6568

GENERACION: 750
Mejor Solucion:  3 15 11 12 16 4 6 17 8 1 20 13 18 10 2 0 14 9 21 7 19 5
Coste: 6568

GENERACION: 755
Mejor Solucion:  3 15 11 12 16 4 6 17 8 1 20 13 18 10 2 0 14 9 21 7 19 5
Coste: 6568

GENERACION: 760
Mejor Solucion:  3 15 11 12 16 4 6 17 8 1 20 13 18 10 2 0 14 9 21 7 19 5
Coste: 6568

GENERACION: 765
Mejor Solucion:  3 15 11 12 16 4 6 17 8 1 20 13 18 10 2 0 14 9 21 7 19 5
Coste: 6568

GENERACION: 770
Mejor Solucion:  3 15 11 12 16 4 6 17 8 1 20 13 18 10 2 0 14 9 21 7 19 5
Coste: 6568

GENERACION: 775
Mejor Solucion:  3 15 11 12 16 4 6 17 8 1 20 13 18 10 2 0 14 9 21 7 19 5
Coste: 6568

GENERACION: 780
Mejor Solucion:  3 15 11 12 16 4 6 17 8 1 20 13 18 10 2 0 14 9 21 7 19 5
Coste: 6568

GENERACION: 785
Mejor Solucion:  3 15 11 12 16 4 6 17 8 1 20 13 18 10 2 0 14 9 21 7 19 5
Coste: 6568

GENERACION: 790
Mejor Solucion:  3 15 11 12 16 4 6 17 8 1 20 13 18 10 2 0 14 9 21 7 19 5
Coste: 6568

GENERACION: 795
Mejor Solucion:  3 15 11 12 16 4 6 17 8 1 20 13 18 10 2 0 14 9 21 7 19 5
Coste: 6568

GENERACION: 800
Mejor Solucion:  3 15 11 12 16 4 6 17 8 1 20 13 18 10 2 0 14 9 21 7 19 5
Coste: 6568

GENERACION: 805
Mejor Solucion:  3 15 11 12 16 4 6 17 8 1 20 13 18 10 2 0 14 9 21 7 19 5
Coste: 6568

GENERACION: 810
Mejor Solucion:  3 15 11 12 16 4 6 17 8 1 20 13 18 10 2 0 14 9 21 7 19 5
Coste: 6568

GENERACION: 815
Mejor Solucion:  3 15 11 12 16 4 6 17 8 1 20 13 18 10 2 0 14 9 21 7 19 5
Coste: 6568

GENERACION: 820
Mejor Solucion:  3 15 11 12 16 4 6 17 8 1 20 13 18 10 2 0 14 9 21 7 19 5
Coste: 6568

GENERACION: 825
Mejor Solucion:  3 15 11 12 16 4 6 17 8 1 20 13 18 10 2 0 14 9 21 7 19 5
Coste: 6568

GENERACION: 830
Mejor Solucion:  3 15 11 12 16 4 6 17 8 1 20 13 18 10 2 0 14 9 21 7 19 5
Coste: 6568

GENERACION: 835
Mejor Solucion:  3 15 11 12 16 4 6 17 8 1 20 13 18 10 2 0 14 9 21 7 19 5
Coste: 6568

GENERACION: 840
Mejor Solucion:  3 15 11 12 16 4 6 17 8 1 20 13 18 10 2 0 14 9 21 7 19 5
Coste: 6568

GENERACION: 845
Mejor Solucion:  3 15 11 12 16 4 6 17 8 1 20 13 18 10 2 0 14 9 21 7 19 5
Coste: 6568

GENERACION: 850
Mejor Solucion:  3 15 11 12 16 4 6 17 8 1 20 13 18 10 2 0 14 9 21 7 19 5
Coste: 6568

GENERACION: 855
Mejor Solucion:  3 15 11 12 16 4 6 17 8 1 20 13 18 10 2 0 14 9 21 7 19 5
Coste: 6568

GENERACION: 860
Mejor Solucion:  3 15 11 12 16 4 6 17 8 1 20 13 18 10 2 0 14 9 21 7 19 5
Coste: 6568

GENERACION: 865
Mejor Solucion:  3 15 11 12 16 4 6 17 8 1 20 13 18 10 2 0 14 9 21 7 19 5
Coste: 6568

GENERACION: 870
Mejor Solucion:  3 15 11 12 16 4 6 17 8 1 20 13 18 10 2 0 14 9 21 7 19 5
Coste: 6568

GENERACION: 875
Mejor Solucion:  3 15 11 12 16 4 6 17 8 1 20 13 18 10 2 0 14 9 21 7 19 5
Coste: 6568

GENERACION: 880
Mejor Solucion:  3 15 11 12 16 4 6 17 8 1 20 13 18 10 2 0 14 9 21 7 19 5
Coste: 6568

GENERACION: 885
Mejor Solucion:  3 15 11 12 16 4 6 17 8 1 20 13 18 10 2 0 14 9 21 7 19 5
Coste: 6568

GENERACION: 890
Mejor Solucion:  3 15 11 12 16 4 6 17 8 1 20 13 18 10 2 0 14 9 21 7 19 5
Coste: 6568

GENERACION: 895
Mejor Solucion:  3 15 11 12 16 4 6 17 8 1 20 13 18 10 2 0 14 9 21 7 19 5
Coste: 6568

GENERACION: 900
Mejor Solucion:  3 15 11 12 16 4 6 17 8 1 20 13 18 10 2 0 14 9 21 7 19 5
Coste: 6568

GENERACION: 905
Mejor Solucion:  3 15 11 12 16 4 6 17 8 1 20 13 18 10 2 0 14 9 21 7 19 5
Coste: 6568

GENERACION: 910
Mejor Solucion:  3 15 11 12 16 4 6 17 8 1 20 13 18 10 2 0 14 9 21 7 19 5
Coste: 6568

GENERACION: 915
Mejor Solucion:  3 15 11 12 16 4 6 17 8 1 20 13 18 10 2 0 14 9 21 7 19 5
Coste: 6568

GENERACION: 920
Mejor Solucion:  3 15 11 12 16 4 6 17 8 1 20 13 18 10 2 0 14 9 21 7 19 5
Coste: 6568

GENERACION: 925
Mejor Solucion:  3 15 11 12 16 4 6 17 8 1 20 13 18 10 2 0 14 9 21 7 19 5
Coste: 6568

GENERACION: 930
Mejor Solucion:  3 15 11 12 16 4 6 17 8 1 20 13 18 10 2 0 14 9 21 7 19 5
Coste: 6568

GENERACION: 935
Mejor Solucion:  3 15 11 12 16 4 6 17 8 1 20 13 18 10 2 0 14 9 21 7 19 5
Coste: 6568

GENERACION: 940
Mejor Solucion:  3 15 11 12 16 4 6 17 8 1 20 13 18 10 2 0 14 9 21 7 19 5
Coste: 6568

GENERACION: 945
Mejor Solucion:  3 15 11 12 16 4 6 17 8 1 20 13 18 10 2 0 14 9 21 7 19 5
Coste: 6568

GENERACION: 950
Mejor Solucion:  3 15 11 12 16 4 6 17 8 1 20 13 18 10 2 0 14 9 21 7 19 5
Coste: 6568

GENERACION: 955
Mejor Solucion:  5 0 12 9 7 1 16 11 3 10 14 2 6 20 8 4 21 15 13 19 17 18
Coste: 6526

GENERACION: 960
Mejor Solucion:  5 0 12 9 7 1 16 11 3 10 14 2 6 20 8 4 21 15 13 19 17 18
Coste: 6526

GENERACION: 965
Mejor Solucion:  5 0 12 9 7 1 16 11 3 10 14 2 6 20 8 4 21 15 13 19 17 18
Coste: 6526

GENERACION: 970
Mejor Solucion:  5 0 12 9 7 1 16 11 3 10 14 2 6 20 8 4 21 15 13 19 17 18
Coste: 6526

GENERACION: 975
Mejor Solucion:  5 0 12 9 7 1 16 11 3 10 14 2 6 20 8 4 21 15 13 19 17 18
Coste: 6526

GENERACION: 980
Mejor Solucion:  5 0 12 9 7 1 16 11 3 10 14 2 6 20 8 4 21 15 13 19 17 18
Coste: 6526

GENERACION: 985
Mejor Solucion:  5 0 12 9 7 1 16 11 3 10 14 2 6 20 8 4 21 15 13 19 17 18
Coste: 6526

GENERACION: 990
Mejor Solucion:  5 0 12 9 7 1 16 11 3 10 14 2 6 20 8 4 21 15 13 19 17 18
Coste: 6526

GENERACION: 995
Mejor Solucion:  5 0 12 9 7 1 16 11 3 10 14 2 6 20 8 4 21 15 13 19 17 18
Coste: 6526

GENERACION: 1000
Mejor Solucion:  5 0 12 9 7 1 16 11 3 10 14 2 6 20 8 4 21 15 13 19 17 18
Coste: 6526

