GENERACION: 5
Mejor Solucion:  11 20 12 13 8 21 16 19 1 15 6 9 14 2 4 5 10 0 17 18 3 7
Coste: 11702

GENERACION: 10
Mejor Solucion:  9 2 4 18 21 6 12 13 15 1 8 16 10 3 14 0 20 17 11 19 7 5
Coste: 9126

GENERACION: 15
Mejor Solucion:  9 2 4 18 21 6 12 13 15 1 8 16 10 3 14 0 20 17 11 19 7 5
Coste: 9126

GENERACION: 20
Mejor Solucion:  20 1 12 16 7 0 2 19 3 21 8 10 5 9 17 13 14 6 18 15 11 4
Coste: 7594

GENERACION: 25
Mejor Solucion:  20 1 12 16 7 0 2 19 3 21 8 10 5 9 17 13 14 6 18 15 11 4
Coste: 7594

GENERACION: 30
Mejor Solucion:  20 1 12 16 7 0 2 19 3 21 8 10 5 9 17 13 14 6 18 15 11 4
Coste: 7594

GENERACION: 35
Mejor Solucion:  0 16 5 1 10 20 2 15 18 21 8 7 9 3 17 13 14 6 12 19 11 4
Coste: 7566

GENERACION: 40
Mejor Solucion:  0 16 5 1 10 20 2 15 18 21 8 7 9 3 17 13 14 6 12 19 11 4
Coste: 7566

GENERACION: 45
Mejor Solucion:  0 16 5 1 10 20 2 15 18 21 8 7 9 3 17 13 14 6 12 19 11 4
Coste: 7566

GENERACION: 50
Mejor Solucion:  0 1 5 10 9 20 2 15 18 21 17 7 16 3 8 13 14 11 12 19 6 4
Coste: 7427

GENERACION: 55
Mejor Solucion:  0 1 5 10 9 20 2 15 18 21 17 7 16 3 8 13 14 11 12 19 6 4
Coste: 7427

GENERACION: 60
Mejor Solucion:  0 1 5 10 9 20 2 15 18 21 17 7 16 3 8 13 14 11 12 19 6 4
Coste: 7364

GENERACION: 65
Mejor Solucion:  0 1 5 10 9 20 2 15 18 21 17 7 16 3 8 13 14 11 12 19 6 4
Coste: 7288

GENERACION: 70
Mejor Solucion:  18 1 20 9 8 0 2 7 13 21 17 16 5 3 10 15 14 11 12 19 6 4
Coste: 7081

GENERACION: 75
Mejor Solucion:  18 1 20 9 8 0 2 7 13 21 17 16 5 3 10 15 14 11 12 19 6 4
Coste: 7081

GENERACION: 80
Mejor Solucion:  18 1 20 9 8 0 2 7 13 21 17 16 5 3 10 15 14 11 12 19 6 4
Coste: 7081

GENERACION: 85
Mejor Solucion:  18 1 20 9 8 0 2 7 13 21 17 16 5 3 10 15 14 11 12 19 6 4
Coste: 7081

GENERACION: 90
Mejor Solucion:  18 1 20 9 8 0 2 7 13 21 17 16 5 3 10 15 14 11 12 19 6 4
Coste: 7081

GENERACION: 95
Mejor Solucion:  18 1 20 9 8 0 2 7 13 21 17 16 5 3 10 15 14 11 12 19 6 4
Coste: 7081

GENERACION: 100
Mejor Solucion:  18 1 20 9 8 0 2 7 13 21 17 16 5 3 10 15 14 11 12 19 6 4
Coste: 7081

GENERACION: 105
Mejor Solucion:  18 1 20 9 8 0 2 7 13 21 17 16 5 3 10 15 14 11 12 19 6 4
Coste: 7081

GENERACION: 110
Mejor Solucion:  18 1 20 9 8 0 2 7 13 21 17 16 5 3 10 15 14 11 12 19 6 4
Coste: 7081

GENERACION: 115
Mejor Solucion:  18 1 20 9 8 0 2 7 13 21 17 16 5 3 10 15 14 11 12 19 6 4
Coste: 7081

GENERACION: 120
Mejor Solucion:  18 1 20 9 8 0 2 7 13 21 17 16 5 3 10 15 14 11 12 19 6 4
Coste: 7081

GENERACION: 125
Mejor Solucion:  18 1 20 9 8 0 2 7 13 21 17 16 5 3 10 15 14 11 12 19 6 4
Coste: 7081

GENERACION: 130
Mejor Solucion:  1 0 6 2 14 5 11 18 15 21 20 16 7 3 10 13 9 17 12 19 8 4
Coste: 6928

GENERACION: 135
Mejor Solucion:  1 0 6 2 14 5 11 18 15 21 20 16 7 3 10 13 9 17 12 19 8 4
Coste: 6928

GENERACION: 140
Mejor Solucion:  1 0 2 6 14 5 11 19 16 21 20 18 7 3 10 13 9 17 12 15 8 4
Coste: 6923

GENERACION: 145
Mejor Solucion:  1 0 2 6 14 5 11 19 16 21 20 18 7 3 10 13 9 17 12 15 8 4
Coste: 6918

GENERACION: 150
Mejor Solucion:  1 0 2 6 14 5 11 19 16 21 20 18 7 3 10 13 9 17 12 15 8 4
Coste: 6918

GENERACION: 155
Mejor Solucion:  1 0 2 6 14 5 11 19 16 21 20 18 7 3 10 13 9 17 12 15 8 4
Coste: 6918

GENERACION: 160
Mejor Solucion:  1 0 2 6 14 5 11 19 16 21 20 18 7 3 10 13 9 17 12 15 8 4
Coste: 6918

GENERACION: 165
Mejor Solucion:  1 0 2 6 14 5 11 19 16 21 20 18 7 3 10 13 9 17 12 15 8 4
Coste: 6918

GENERACION: 170
Mejor Solucion:  1 0 2 6 14 5 11 19 16 21 20 18 7 3 10 13 9 17 12 15 8 4
Coste: 6918

GENERACION: 175
Mejor Solucion:  1 0 2 6 14 5 11 19 16 21 20 18 7 3 10 13 9 17 12 15 8 4
Coste: 6918

GENERACION: 180
Mejor Solucion:  1 0 2 6 14 5 11 19 16 21 20 18 7 3 10 13 9 17 12 15 8 4
Coste: 6918

GENERACION: 185
Mejor Solucion:  1 0 2 6 14 5 11 19 16 21 20 18 7 3 10 13 9 17 12 15 8 4
Coste: 6918

GENERACION: 190
Mejor Solucion:  1 0 2 6 14 5 11 19 16 21 20 18 7 3 10 13 9 17 12 15 8 4
Coste: 6918

GENERACION: 195
Mejor Solucion:  1 0 2 6 14 5 11 19 16 21 20 18 7 3 10 13 9 17 12 15 8 4
Coste: 6918

GENERACION: 200
Mejor Solucion:  1 0 2 6 14 5 11 19 16 21 20 18 7 3 10 13 9 17 12 15 8 4
Coste: 6918

GENERACION: 205
Mejor Solucion:  1 0 2 6 14 5 11 19 16 21 20 18 7 3 10 13 9 17 12 15 8 4
Coste: 6918

GENERACION: 210
Mejor Solucion:  1 0 2 6 14 5 11 19 16 21 20 18 7 3 10 13 9 17 12 15 8 4
Coste: 6918

GENERACION: 215
Mejor Solucion:  1 0 2 6 14 5 11 19 16 21 20 18 7 3 10 13 9 17 12 15 8 4
Coste: 6918

GENERACION: 220
Mejor Solucion:  1 0 2 6 14 5 11 19 16 21 20 18 7 3 10 13 9 17 12 15 8 4
Coste: 6918

GENERACION: 225
Mejor Solucion:  1 0 2 6 14 5 11 19 16 21 20 18 7 3 10 13 9 17 12 15 8 4
Coste: 6918

GENERACION: 230
Mejor Solucion:  1 0 2 6 14 5 11 19 16 21 20 18 7 3 10 13 9 17 12 15 8 4
Coste: 6918

GENERACION: 235
Mejor Solucion:  1 0 2 6 14 5 11 19 16 21 20 18 7 3 10 13 9 17 12 15 8 4
Coste: 6918

GENERACION: 240
Mejor Solucion:  1 0 2 6 14 5 11 19 16 21 20 18 7 3 10 13 9 17 12 15 8 4
Coste: 6918

GENERACION: 245
Mejor Solucion:  1 0 2 6 14 5 11 19 16 21 20 18 7 3 10 13 9 17 12 15 8 4
Coste: 6918

GENERACION: 250
Mejor Solucion:  1 0 2 6 14 5 11 19 16 21 20 18 7 3 10 13 9 17 12 15 8 4
Coste: 6918

GENERACION: 255
Mejor Solucion:  1 0 2 6 14 5 11 19 16 21 20 18 7 3 10 13 9 17 12 15 8 4
Coste: 6918

GENERACION: 260
Mejor Solucion:  1 0 2 6 14 5 11 19 16 21 20 18 7 3 10 13 9 17 12 15 8 4
Coste: 6918

GENERACION: 265
Mejor Solucion:  1 0 2 6 14 5 11 19 16 21 20 18 7 3 10 13 9 17 12 15 8 4
Coste: 6918

GENERACION: 270
Mejor Solucion:  1 0 2 6 14 5 11 19 16 21 20 18 7 3 10 13 9 17 12 15 8 4
Coste: 6918

GENERACION: 275
Mejor Solucion:  1 0 2 6 14 5 11 19 16 21 20 18 7 3 10 13 9 17 12 15 8 4
Coste: 6918

GENERACION: 280
Mejor Solucion:  1 0 2 6 14 5 11 19 16 21 20 18 7 3 10 13 9 17 12 15 8 4
Coste: 6918

GENERACION: 285
Mejor Solucion:  1 0 2 6 14 5 11 19 16 21 20 18 7 3 10 13 9 17 12 15 8 4
Coste: 6918

GENERACION: 290
Mejor Solucion:  1 0 2 6 14 5 11 19 16 21 20 18 7 3 10 13 9 17 12 15 8 4
Coste: 6918

GENERACION: 295
Mejor Solucion:  1 0 2 6 14 5 11 19 16 21 20 18 7 3 10 13 9 17 12 15 8 4
Coste: 6918

GENERACION: 300
Mejor Solucion:  1 12 2 0 14 3 15 5 9 20 7 19 11 4 6 17 16 21 13 18 10 8
Coste: 6857

GENERACION: 305
Mejor Solucion:  1 12 0 2 14 3 15 5 9 20 7 19 11 4 6 17 16 21 13 18 10 8
Coste: 6784

GENERACION: 310
Mejor Solucion:  1 12 2 0 14 3 15 5 9 20 7 19 11 4 6 17 16 21 13 18 10 8
Coste: 6770

GENERACION: 315
Mejor Solucion:  1 12 2 0 14 3 15 5 9 20 7 19 11 4 6 17 16 21 13 18 10 8
Coste: 6770

GENERACION: 320
Mejor Solucion:  1 12 2 0 14 3 15 5 9 20 7 19 11 4 6 17 16 21 13 18 10 8
Coste: 6770

GENERACION: 325
Mejor Solucion:  5 12 10 7 16 3 15 21 6 0 20 19 11 4 1 17 9 14 13 18 2 8
Coste: 6756

GENERACION: 330
Mejor Solucion:  5 12 10 7 16 3 15 21 6 0 20 19 11 4 1 17 9 14 13 18 2 8
Coste: 6756

GENERACION: 335
Mejor Solucion:  5 12 10 7 16 3 15 21 6 0 20 19 11 4 1 17 9 14 13 18 2 8
Coste: 6756

GENERACION: 340
Mejor Solucion:  5 12 10 7 16 3 15 21 6 0 20 19 11 4 1 17 9 14 13 18 2 8
Coste: 6756

GENERACION: 345
Mejor Solucion:  5 12 10 7 16 3 15 21 6 0 20 19 11 4 1 17 9 14 13 18 2 8
Coste: 6756

GENERACION: 350
Mejor Solucion:  5 12 10 7 16 3 15 21 6 0 20 19 11 4 1 17 9 14 13 18 2 8
Coste: 6756

GENERACION: 355
Mejor Solucion:  5 12 10 7 16 3 15 21 6 0 20 19 11 4 1 17 9 14 13 18 2 8
Coste: 6756

GENERACION: 360
Mejor Solucion:  5 12 10 7 16 3 15 21 6 0 20 19 11 4 1 17 9 14 13 18 2 8
Coste: 6756

GENERACION: 365
Mejor Solucion:  5 12 10 7 16 3 15 21 6 0 20 19 11 4 1 17 9 14 13 18 2 8
Coste: 6756

GENERACION: 370
Mejor Solucion:  5 12 10 7 16 3 15 21 6 0 20 19 11 4 1 17 9 14 13 18 2 8
Coste: 6756

GENERACION: 375
Mejor Solucion:  5 12 10 7 16 3 15 21 6 0 20 19 11 4 1 17 9 14 13 18 2 8
Coste: 6756

GENERACION: 380
Mejor Solucion:  5 12 10 7 16 3 15 21 6 0 20 19 11 4 1 17 9 14 13 18 2 8
Coste: 6756

GENERACION: 385
Mejor Solucion:  5 12 10 7 16 3 15 21 6 0 20 19 11 4 1 17 9 14 13 18 2 8
Coste: 6756

GENERACION: 390
Mejor Solucion:  5 12 10 7 16 3 15 21 6 0 20 19 11 4 1 17 9 14 13 18 2 8
Coste: 6756

GENERACION: 395
Mejor Solucion:  5 12 10 7 16 3 15 21 6 0 20 19 11 4 1 17 9 14 13 18 2 8
Coste: 6756

GENERACION: 400
Mejor Solucion:  5 12 7 16 18 3 15 20 14 0 10 19 11 4 1 21 17 6 13 9 2 8
Coste: 6731

GENERACION: 405
Mejor Solucion:  5 12 7 16 18 3 15 20 14 0 10 19 11 4 1 21 17 6 13 9 2 8
Coste: 6706

GENERACION: 410
Mejor Solucion:  5 12 7 16 18 3 15 20 14 0 10 19 11 4 1 21 17 6 13 9 2 8
Coste: 6706

GENERACION: 415
Mejor Solucion:  5 12 7 16 18 3 15 20 14 0 10 19 11 4 1 21 17 6 13 9 2 8
Coste: 6706

GENERACION: 420
Mejor Solucion:  5 12 7 16 18 3 15 20 14 0 10 19 11 4 1 21 17 6 13 9 2 8
Coste: 6706

GENERACION: 425
Mejor Solucion:  5 12 7 16 18 3 15 20 14 0 10 19 11 4 1 21 17 6 13 9 2 8
Coste: 6706

GENERACION: 430
Mejor Solucion:  5 12 7 16 18 3 15 20 14 0 10 19 11 4 1 21 17 6 13 9 2 8
Coste: 6706

GENERACION: 435
Mejor Solucion:  5 12 7 16 18 3 15 20 14 0 10 19 11 4 1 21 17 6 13 9 2 8
Coste: 6706

GENERACION: 440
Mejor Solucion:  20 12 14 16 17 3 15 9 7 0 8 19 11 4 1 10 5 21 13 18 2 6
Coste: 6641

GENERACION: 445
Mejor Solucion:  20 12 14 16 17 3 15 9 7 0 8 19 11 4 1 10 5 21 13 18 2 6
Coste: 6641

GENERACION: 450
Mejor Solucion:  20 12 14 16 17 3 15 9 7 0 8 19 11 4 1 10 5 21 13 18 2 6
Coste: 6641

GENERACION: 455
Mejor Solucion:  20 12 14 16 17 3 15 9 7 0 8 19 11 4 1 10 5 21 13 18 2 6
Coste: 6641

GENERACION: 460
Mejor Solucion:  20 12 14 16 17 3 15 9 7 0 8 19 11 4 1 10 5 21 13 18 2 6
Coste: 6641

GENERACION: 465
Mejor Solucion:  20 12 14 16 17 3 15 9 7 0 8 19 11 4 1 10 5 21 13 18 2 6
Coste: 6641

GENERACION: 470
Mejor Solucion:  20 12 14 16 17 3 15 9 7 0 8 19 11 4 1 10 5 21 13 18 2 6
Coste: 6641

GENERACION: 475
Mejor Solucion:  20 12 14 16 17 3 15 9 7 0 8 19 11 4 1 10 5 21 13 18 2 6
Coste: 6641

GENERACION: 480
Mejor Solucion:  20 12 14 16 17 3 15 9 7 0 8 19 11 4 1 10 5 21 13 18 2 6
Coste: 6641

GENERACION: 485
Mejor Solucion:  9 3 14 2 5 12 15 21 7 0 16 19 11 4 1 10 17 20 13 18 6 8
Coste: 6608

GENERACION: 490
Mejor Solucion:  9 3 14 2 5 12 15 21 7 0 16 19 11 4 1 10 17 20 13 18 6 8
Coste: 6608

GENERACION: 495
Mejor Solucion:  9 3 14 2 5 12 15 21 7 0 16 19 11 4 1 10 17 20 13 18 6 8
Coste: 6608

GENERACION: 500
Mejor Solucion:  9 3 14 2 5 12 15 21 7 0 16 19 11 4 1 10 17 20 13 18 6 8
Coste: 6608

GENERACION: 505
Mejor Solucion:  9 3 14 2 5 12 15 21 7 0 16 19 11 4 1 10 17 20 13 18 6 8
Coste: 6608

GENERACION: 510
Mejor Solucion:  9 3 14 2 5 12 15 21 7 0 16 19 11 4 1 10 17 20 13 18 6 8
Coste: 6608

GENERACION: 515
Mejor Solucion:  9 3 14 2 5 12 15 21 7 0 16 19 11 4 1 10 17 20 13 18 6 8
Coste: 6608

GENERACION: 520
Mejor Solucion:  9 3 14 2 5 12 15 21 7 0 16 19 11 4 1 10 17 20 13 18 6 8
Coste: 6608

GENERACION: 525
Mejor Solucion:  9 3 14 2 5 12 15 21 7 0 16 19 11 4 1 10 17 20 13 18 6 8
Coste: 6608

GENERACION: 530
Mejor Solucion:  9 3 14 2 5 12 15 21 7 0 16 19 11 4 1 10 17 20 13 18 6 8
Coste: 6608

GENERACION: 535
Mejor Solucion:  9 3 14 2 5 12 15 21 7 0 16 19 11 4 1 10 17 20 13 18 6 8
Coste: 6608

GENERACION: 540
Mejor Solucion:  9 3 14 2 5 12 15 21 7 0 16 19 11 4 1 10 17 20 13 18 6 8
Coste: 6608

GENERACION: 545
Mejor Solucion:  9 3 14 2 5 12 15 21 7 0 16 19 11 4 1 10 17 20 13 18 6 8
Coste: 6608

GENERACION: 550
Mejor Solucion:  9 3 14 2 5 12 15 21 7 0 16 19 11 4 1 10 17 20 13 18 6 8
Coste: 6608

GENERACION: 555
Mejor Solucion:  9 3 14 2 5 12 15 21 7 0 16 19 11 4 1 10 17 20 13 18 6 8
Coste: 6608

GENERACION: 560
Mejor Solucion:  5 12 7 16 2 3 15 20 14 0 9 19 11 4 1 10 21 17 13 18 6 8
Coste: 6598

GENERACION: 565
Mejor Solucion:  5 12 7 16 2 3 15 20 14 0 9 19 11 4 1 10 21 17 13 18 6 8
Coste: 6588

GENERACION: 570
Mejor Solucion:  5 12 7 16 2 3 15 20 14 0 9 19 11 4 1 10 21 17 13 18 6 8
Coste: 6588

GENERACION: 575
Mejor Solucion:  5 12 7 16 2 3 15 20 14 0 9 19 11 4 1 10 21 17 13 18 6 8
Coste: 6588

GENERACION: 580
Mejor Solucion:  5 12 7 16 2 3 15 20 14 0 9 19 11 4 1 10 21 17 13 18 6 8
Coste: 6588

GENERACION: 585
Mejor Solucion:  5 12 7 16 2 3 15 20 14 0 9 19 11 4 1 10 21 17 13 18 6 8
Coste: 6588

GENERACION: 590
Mejor Solucion:  5 12 7 16 2 3 15 20 14 0 9 19 11 4 1 10 21 17 13 18 6 8
Coste: 6588

GENERACION: 595
Mejor Solucion:  5 12 7 16 2 3 15 20 14 0 9 19 11 4 1 10 21 17 13 18 6 8
Coste: 6588

GENERACION: 600
Mejor Solucion:  5 12 7 16 2 3 15 20 14 0 9 19 11 4 1 10 21 17 13 18 6 8
Coste: 6588

GENERACION: 605
Mejor Solucion:  5 12 7 16 2 3 15 20 14 0 9 19 11 4 1 10 21 17 13 18 6 8
Coste: 6588

GENERACION: 610
Mejor Solucion:  5 12 7 16 2 3 15 20 14 0 9 19 11 4 1 10 21 17 13 18 6 8
Coste: 6588

GENERACION: 615
Mejor Solucion:  5 12 7 16 2 3 15 20 14 0 9 19 11 4 1 10 21 17 13 18 6 8
Coste: 6588

GENERACION: 620
Mejor Solucion:  5 12 7 16 2 3 15 20 14 0 9 19 11 4 1 10 21 17 13 18 6 8
Coste: 6588

GENERACION: 625
Mejor Solucion:  5 12 7 16 2 3 15 20 14 0 9 19 11 4 1 10 21 17 13 18 6 8
Coste: 6588

GENERACION: 630
Mejor Solucion:  5 12 7 16 2 3 15 20 14 0 9 19 11 4 1 10 21 17 13 18 6 8
Coste: 6588

GENERACION: 635
Mejor Solucion:  5 12 7 16 2 3 15 20 14 0 9 19 11 4 1 10 21 17 13 18 6 8
Coste: 6588

GENERACION: 640
Mejor Solucion:  5 12 7 16 2 3 15 20 14 0 9 19 11 4 1 10 21 17 13 18 6 8
Coste: 6588

GENERACION: 645
Mejor Solucion:  5 12 7 16 2 3 15 20 14 0 9 19 11 4 1 10 21 17 13 18 6 8
Coste: 6588

GENERACION: 650
Mejor Solucion:  5 12 7 16 2 3 15 20 14 0 9 19 11 4 1 10 21 17 13 18 6 8
Coste: 6588

GENERACION: 655
Mejor Solucion:  5 12 7 16 2 3 15 20 14 0 9 19 11 4 1 10 21 17 13 18 6 8
Coste: 6588

GENERACION: 660
Mejor Solucion:  5 12 7 16 2 3 15 20 14 0 9 19 11 4 1 10 21 17 13 18 6 8
Coste: 6588

GENERACION: 665
Mejor Solucion:  5 12 7 16 2 3 15 20 14 0 9 19 11 4 1 10 21 17 13 18 6 8
Coste: 6588

GENERACION: 670
Mejor Solucion:  5 12 7 16 2 3 15 20 14 0 9 19 11 4 1 10 21 17 13 18 6 8
Coste: 6588

GENERACION: 675
Mejor Solucion:  5 12 9 16 0 3 15 17 2 21 1 19 11 4 14 10 8 20 18 13 7 6
Coste: 6422

GENERACION: 680
Mejor Solucion:  5 12 9 16 0 3 15 17 2 21 1 19 11 4 14 10 8 20 18 13 7 6
Coste: 6422

GENERACION: 685
Mejor Solucion:  5 12 9 16 0 3 15 17 2 21 1 19 11 4 14 10 8 20 18 13 7 6
Coste: 6422

GENERACION: 690
Mejor Solucion:  5 12 9 16 0 3 15 17 2 21 1 19 11 4 14 10 8 20 18 13 7 6
Coste: 6422

GENERACION: 695
Mejor Solucion:  5 12 9 16 0 3 15 17 2 21 1 19 11 4 14 10 8 20 18 13 7 6
Coste: 6422

GENERACION: 700
Mejor Solucion:  5 12 9 16 0 3 15 17 2 21 1 19 11 4 14 10 8 20 18 13 7 6
Coste: 6422

GENERACION: 705
Mejor Solucion:  5 12 9 16 0 3 15 17 2 21 1 19 11 4 14 10 8 20 18 13 7 6
Coste: 6422

GENERACION: 710
Mejor Solucion:  5 12 9 16 0 3 15 17 2 21 1 19 11 4 14 10 8 20 18 13 7 6
Coste: 6422

GENERACION: 715
Mejor Solucion:  5 12 9 16 0 3 15 17 2 21 1 19 11 4 14 10 8 20 18 13 7 6
Coste: 6422

GENERACION: 720
Mejor Solucion:  5 12 9 16 0 3 15 17 2 21 1 19 11 4 14 10 8 20 18 13 7 6
Coste: 6422

GENERACION: 725
Mejor Solucion:  5 12 9 16 0 3 15 17 2 21 1 19 11 4 14 10 8 20 18 13 7 6
Coste: 6422

GENERACION: 730
Mejor Solucion:  5 12 9 16 0 3 15 17 2 21 1 19 11 4 14 10 8 20 18 13 7 6
Coste: 6422

GENERACION: 735
Mejor Solucion:  5 12 9 16 0 3 15 17 2 21 1 19 11 4 14 10 8 20 18 13 7 6
Coste: 6422

GENERACION: 740
Mejor Solucion:  5 12 9 16 0 3 15 17 2 21 1 19 11 4 14 10 8 20 18 13 7 6
Coste: 6422

GENERACION: 745
Mejor Solucion:  5 12 9 16 0 3 15 17 2 21 1 19 11 4 14 10 8 20 18 13 7 6
Coste: 6422

GENERACION: 750
Mejor Solucion:  5 12 9 16 0 3 15 17 2 21 1 19 11 4 14 10 8 20 18 13 7 6
Coste: 6422

GENERACION: 755
Mejor Solucion:  5 12 9 16 0 3 15 17 2 21 1 19 11 4 14 10 8 20 18 13 7 6
Coste: 6422

GENERACION: 760
Mejor Solucion:  5 12 9 16 0 3 15 17 2 21 1 19 11 4 14 10 8 20 18 13 7 6
Coste: 6422

GENERACION: 765
Mejor Solucion:  5 12 9 16 0 3 15 17 2 21 1 19 11 4 14 10 8 20 18 13 7 6
Coste: 6422

GENERACION: 770
Mejor Solucion:  5 12 9 16 0 3 15 17 2 21 1 19 11 4 14 10 8 20 18 13 7 6
Coste: 6422

GENERACION: 775
Mejor Solucion:  5 12 9 16 0 3 15 17 2 21 1 19 11 4 14 10 8 20 18 13 7 6
Coste: 6422

GENERACION: 780
Mejor Solucion:  5 12 9 16 0 3 15 17 2 21 1 19 11 4 14 10 8 20 18 13 7 6
Coste: 6422

GENERACION: 785
Mejor Solucion:  5 12 9 16 0 3 15 17 2 21 1 19 11 4 14 10 8 20 18 13 7 6
Coste: 6422

GENERACION: 790
Mejor Solucion:  5 12 9 16 0 3 15 17 2 21 1 19 11 4 14 10 8 20 18 13 7 6
Coste: 6422

GENERACION: 795
Mejor Solucion:  5 12 9 16 0 3 15 17 2 21 1 19 11 4 14 10 8 20 18 13 7 6
Coste: 6422

GENERACION: 800
Mejor Solucion:  5 12 9 16 0 3 15 17 2 21 1 19 11 4 14 10 8 20 18 13 7 6
Coste: 6422

GENERACION: 805
Mejor Solucion:  5 12 9 16 0 3 15 17 2 21 1 19 11 4 14 10 8 20 18 13 7 6
Coste: 6422

GENERACION: 810
Mejor Solucion:  5 12 9 16 0 3 15 17 2 21 1 19 11 4 14 10 8 20 18 13 7 6
Coste: 6422

GENERACION: 815
Mejor Solucion:  5 12 9 16 0 3 15 17 2 21 1 19 11 4 14 10 8 20 18 13 7 6
Coste: 6422

GENERACION: 820
Mejor Solucion:  5 12 9 16 0 3 15 17 2 21 1 19 11 4 14 10 8 20 18 13 7 6
Coste: 6422

GENERACION: 825
Mejor Solucion:  5 12 9 16 0 3 15 17 2 21 1 19 11 4 14 10 8 20 18 13 7 6
Coste: 6422

GENERACION: 830
Mejor Solucion:  5 12 9 16 0 3 15 17 2 21 1 19 11 4 14 10 8 20 18 13 7 6
Coste: 6422

GENERACION: 835
Mejor Solucion:  5 12 9 16 0 3 15 17 2 21 1 19 11 4 14 10 8 20 18 13 7 6
Coste: 6422

GENERACION: 840
Mejor Solucion:  5 12 9 16 0 3 15 17 2 21 1 19 11 4 14 10 8 20 18 13 7 6
Coste: 6422

GENERACION: 845
Mejor Solucion:  5 12 9 16 0 3 15 17 2 21 1 19 11 4 14 10 8 20 18 13 7 6
Coste: 6422

GENERACION: 850
Mejor Solucion:  5 12 9 16 0 3 15 17 2 21 1 19 11 4 14 10 8 20 18 13 7 6
Coste: 6422

GENERACION: 855
Mejor Solucion:  5 12 9 16 0 3 15 17 2 21 1 19 11 4 14 10 8 20 18 13 7 6
Coste: 6422

GENERACION: 860
Mejor Solucion:  5 12 9 16 0 3 15 17 2 21 1 19 11 4 14 10 8 20 18 13 7 6
Coste: 6422

GENERACION: 865
Mejor Solucion:  5 12 9 16 0 3 15 17 2 21 1 19 11 4 14 10 8 20 18 13 7 6
Coste: 6422

GENERACION: 870
Mejor Solucion:  5 12 9 16 0 3 15 17 2 21 1 19 11 4 14 10 8 20 18 13 7 6
Coste: 6422

GENERACION: 875
Mejor Solucion:  5 12 9 16 0 3 15 17 2 21 1 19 11 4 14 10 8 20 18 13 7 6
Coste: 6422

GENERACION: 880
Mejor Solucion:  5 12 9 16 0 3 15 17 2 21 1 19 11 4 14 10 8 20 18 13 7 6
Coste: 6422

GENERACION: 885
Mejor Solucion:  5 12 9 16 0 3 15 17 2 21 1 19 11 4 14 10 8 20 18 13 7 6
Coste: 6422

GENERACION: 890
Mejor Solucion:  5 12 9 16 0 3 15 17 2 21 1 19 11 4 14 10 8 20 18 13 7 6
Coste: 6422

GENERACION: 895
Mejor Solucion:  5 12 9 16 0 3 15 17 2 21 1 19 11 4 14 10 8 20 18 13 7 6
Coste: 6422

GENERACION: 900
Mejor Solucion:  5 12 9 16 0 3 15 17 2 21 1 19 11 4 14 10 8 20 18 13 7 6
Coste: 6422

GENERACION: 905
Mejor Solucion:  5 12 9 16 0 3 15 17 2 21 1 19 11 4 14 10 8 20 18 13 7 6
Coste: 6422

GENERACION: 910
Mejor Solucion:  5 12 9 16 0 3 15 17 2 21 1 19 11 4 14 10 8 20 18 13 7 6
Coste: 6422

GENERACION: 915
Mejor Solucion:  5 12 9 16 0 3 15 17 2 21 1 19 11 4 14 10 8 20 18 13 7 6
Coste: 6422

GENERACION: 920
Mejor Solucion:  5 12 9 16 0 3 15 17 2 21 1 19 11 4 14 10 8 20 18 13 7 6
Coste: 6422

GENERACION: 925
Mejor Solucion:  5 12 9 16 0 3 15 17 2 21 1 19 11 4 14 10 8 20 18 13 7 6
Coste: 6422

GENERACION: 930
Mejor Solucion:  5 12 9 16 0 3 15 17 2 21 1 19 11 4 14 10 8 20 18 13 7 6
Coste: 6422

GENERACION: 935
Mejor Solucion:  5 12 9 16 0 3 15 17 2 21 1 19 11 4 14 10 8 20 18 13 7 6
Coste: 6422

GENERACION: 940
Mejor Solucion:  5 12 9 16 0 3 15 17 2 21 1 19 11 4 14 10 8 20 18 13 7 6
Coste: 6422

GENERACION: 945
Mejor Solucion:  5 12 9 16 0 3 15 17 2 21 1 19 11 4 14 10 8 20 18 13 7 6
Coste: 6422

GENERACION: 950
Mejor Solucion:  5 12 9 16 0 3 15 17 2 21 1 19 11 4 14 10 8 20 18 13 7 6
Coste: 6422

GENERACION: 955
Mejor Solucion:  5 12 9 16 0 3 15 17 2 21 1 19 11 4 14 10 8 20 18 13 7 6
Coste: 6422

GENERACION: 960
Mejor Solucion:  5 12 9 16 0 3 15 17 2 21 1 19 11 4 14 10 8 20 18 13 7 6
Coste: 6422

GENERACION: 965
Mejor Solucion:  5 12 9 16 0 3 15 17 2 21 1 19 11 4 14 10 8 20 18 13 7 6
Coste: 6422

GENERACION: 970
Mejor Solucion:  5 12 9 16 0 3 15 17 2 21 1 19 11 4 14 10 8 20 18 13 7 6
Coste: 6422

GENERACION: 975
Mejor Solucion:  5 12 9 16 0 3 15 17 2 21 1 19 11 4 14 10 8 20 18 13 7 6
Coste: 6422

GENERACION: 980
Mejor Solucion:  5 12 9 16 0 3 15 17 2 21 1 19 11 4 14 10 8 20 18 13 7 6
Coste: 6422

GENERACION: 985
Mejor Solucion:  5 12 9 16 0 3 15 17 2 21 1 19 11 4 14 10 8 20 18 13 7 6
Coste: 6422

GENERACION: 990
Mejor Solucion:  5 12 9 16 0 3 15 17 2 21 1 19 11 4 14 10 8 20 18 13 7 6
Coste: 6422

GENERACION: 995
Mejor Solucion:  5 12 9 16 0 3 15 17 2 21 1 19 11 4 14 10 8 20 18 13 7 6
Coste: 6422

GENERACION: 1000
Mejor Solucion:  5 12 9 16 0 3 15 17 2 21 1 19 11 4 14 10 8 20 18 13 7 6
Coste: 6422

