GENERACION: 5
Mejor Solucion:  12 19 13 16 11 5 0 15 7 14 20 4 18 6 2 1 3 21 17 10 9 8
Coste: 11758

GENERACION: 10
Mejor Solucion:  10 0 8 21 13 5 1 7 11 3 4 12 16 6 2 15 19 18 20 17 9 14
Coste: 9278

GENERACION: 15
Mejor Solucion:  10 0 8 21 13 5 1 7 11 3 4 12 16 6 2 15 19 18 20 17 9 14
Coste: 6696

GENERACION: 20
Mejor Solucion:  10 0 8 21 13 5 1 7 11 3 4 12 16 6 2 15 19 18 20 17 9 14
Coste: 6696

GENERACION: 25
Mejor Solucion:  10 0 8 21 13 5 1 7 11 3 4 12 16 6 2 15 19 18 20 17 9 14
Coste: 6696

GENERACION: 30
Mejor Solucion:  10 0 8 21 13 5 1 7 11 3 4 12 16 6 2 15 19 18 20 17 9 14
Coste: 6696

GENERACION: 35
Mejor Solucion:  10 0 8 21 13 5 1 7 11 3 4 12 16 6 2 15 19 18 20 17 9 14
Coste: 6696

GENERACION: 40
Mejor Solucion:  10 0 8 21 13 5 1 7 11 3 4 12 16 6 2 15 19 18 20 17 9 14
Coste: 6696

GENERACION: 45
Mejor Solucion:  10 0 8 21 13 5 1 7 11 3 4 12 16 6 2 15 19 18 20 17 9 14
Coste: 6696

GENERACION: 50
Mejor Solucion:  10 0 8 21 13 5 1 7 11 3 4 12 16 6 2 15 19 18 20 17 9 14
Coste: 6696

GENERACION: 55
Mejor Solucion:  10 0 8 21 13 5 1 7 11 3 4 12 16 6 2 15 19 18 20 17 9 14
Coste: 6696

GENERACION: 60
Mejor Solucion:  10 0 8 21 13 5 1 7 11 3 4 12 16 6 2 15 19 18 20 17 9 14
Coste: 6696

GENERACION: 65
Mejor Solucion:  10 0 8 21 13 5 1 7 11 3 4 12 16 6 2 15 19 18 20 17 9 14
Coste: 6696

GENERACION: 70
Mejor Solucion:  10 0 6 8 13 1 5 17 16 12 4 21 20 7 2 3 15 18 14 19 9 11
Coste: 6676

GENERACION: 75
Mejor Solucion:  10 0 6 8 13 1 5 17 16 12 4 21 20 7 2 3 15 18 14 19 9 11
Coste: 6676

GENERACION: 80
Mejor Solucion:  10 0 6 8 13 1 5 17 16 12 4 21 20 7 2 3 15 18 14 19 9 11
Coste: 6676

GENERACION: 85
Mejor Solucion:  10 0 6 8 13 1 5 17 16 12 4 21 20 7 2 3 15 18 14 19 9 11
Coste: 6676

GENERACION: 90
Mejor Solucion:  10 0 6 8 13 1 5 17 16 12 4 21 20 7 2 3 15 18 14 19 9 11
Coste: 6676

GENERACION: 95
Mejor Solucion:  10 0 6 8 13 1 5 17 16 12 4 21 20 7 2 3 15 18 14 19 9 11
Coste: 6676

GENERACION: 100
Mejor Solucion:  10 0 6 8 13 1 5 17 16 12 4 21 20 7 2 3 15 18 14 19 9 11
Coste: 6676

GENERACION: 105
Mejor Solucion:  10 0 6 8 13 1 5 17 16 12 4 21 20 7 2 3 15 18 14 19 9 11
Coste: 6676

GENERACION: 110
Mejor Solucion:  10 0 6 8 13 1 5 17 16 12 4 21 20 7 2 3 15 18 14 19 9 11
Coste: 6676

GENERACION: 115
Mejor Solucion:  10 0 6 8 13 1 5 17 16 12 4 21 20 7 2 3 15 18 14 19 9 11
Coste: 6676

GENERACION: 120
Mejor Solucion:  10 0 6 8 13 1 5 17 16 12 4 21 20 7 2 3 15 18 14 19 9 11
Coste: 6676

GENERACION: 125
Mejor Solucion:  10 0 6 8 13 1 5 17 16 12 4 21 20 7 2 3 15 18 14 19 9 11
Coste: 6676

GENERACION: 130
Mejor Solucion:  10 0 6 8 13 1 5 17 16 12 4 21 20 7 2 3 15 18 14 19 9 11
Coste: 6676

GENERACION: 135
Mejor Solucion:  10 0 6 8 13 1 5 17 16 12 4 21 20 7 2 3 15 18 14 19 9 11
Coste: 6676

GENERACION: 140
Mejor Solucion:  10 0 6 8 13 1 5 17 16 12 4 21 20 7 2 3 15 18 14 19 9 11
Coste: 6676

GENERACION: 145
Mejor Solucion:  10 0 6 8 13 1 5 17 16 12 4 21 20 7 2 3 15 18 14 19 9 11
Coste: 6676

GENERACION: 150
Mejor Solucion:  10 0 6 8 13 1 5 17 16 12 4 21 20 7 2 3 15 18 14 19 9 11
Coste: 6676

GENERACION: 155
Mejor Solucion:  10 0 6 8 13 1 5 17 16 12 4 21 20 7 2 3 15 18 14 19 9 11
Coste: 6676

GENERACION: 160
Mejor Solucion:  10 0 6 8 13 1 5 17 16 12 4 21 20 7 2 3 15 18 14 19 9 11
Coste: 6676

GENERACION: 165
Mejor Solucion:  10 0 6 8 13 1 5 17 16 12 4 21 20 7 2 3 15 18 14 19 9 11
Coste: 6676

GENERACION: 170
Mejor Solucion:  10 0 6 8 13 1 5 17 16 12 4 21 20 7 2 3 15 18 14 19 9 11
Coste: 6676

GENERACION: 175
Mejor Solucion:  10 0 6 8 13 1 5 17 16 12 4 21 20 7 2 3 15 18 14 19 9 11
Coste: 6676

GENERACION: 180
Mejor Solucion:  10 0 6 8 13 1 5 17 16 12 4 21 20 7 2 3 15 18 14 19 9 11
Coste: 6676

GENERACION: 185
Mejor Solucion:  10 0 6 8 13 1 5 17 16 12 4 21 20 7 2 3 15 18 14 19 9 11
Coste: 6676

GENERACION: 190
Mejor Solucion:  10 0 6 8 13 1 5 17 16 12 4 21 20 7 2 3 15 18 14 19 9 11
Coste: 6676

GENERACION: 195
Mejor Solucion:  10 0 6 8 13 1 5 17 16 12 4 21 20 7 2 3 15 18 14 19 9 11
Coste: 6676

GENERACION: 200
Mejor Solucion:  10 0 6 8 13 1 5 17 16 12 4 21 20 7 2 3 15 18 14 19 9 11
Coste: 6676

GENERACION: 205
Mejor Solucion:  10 0 6 8 13 1 5 17 16 12 4 21 20 7 2 3 15 18 14 19 9 11
Coste: 6676

GENERACION: 210
Mejor Solucion:  10 0 6 8 13 1 5 17 16 12 4 21 20 7 2 3 15 18 14 19 9 11
Coste: 6676

GENERACION: 215
Mejor Solucion:  10 0 6 8 13 1 5 17 16 12 4 21 20 7 2 3 15 18 14 19 9 11
Coste: 6676

GENERACION: 220
Mejor Solucion:  10 0 6 8 13 1 5 17 16 12 4 21 20 7 2 3 15 18 14 19 9 11
Coste: 6676

GENERACION: 225
Mejor Solucion:  10 0 6 8 13 1 5 17 16 12 4 21 20 7 2 3 15 18 14 19 9 11
Coste: 6676

GENERACION: 230
Mejor Solucion:  10 0 6 8 13 1 5 17 16 12 4 21 20 7 2 3 15 18 14 19 9 11
Coste: 6676

GENERACION: 235
Mejor Solucion:  10 0 6 8 13 1 5 17 16 12 4 21 20 7 2 3 15 18 14 19 9 11
Coste: 6676

GENERACION: 240
Mejor Solucion:  17 0 8 11 20 5 1 18 21 15 13 16 7 2 3 6 14 4 9 19 12 10
Coste: 6657

GENERACION: 245
Mejor Solucion:  17 0 8 11 20 5 1 18 21 15 13 16 7 2 3 6 14 4 9 19 12 10
Coste: 6608

GENERACION: 250
Mejor Solucion:  17 0 8 11 20 5 1 18 21 15 13 16 7 2 3 6 14 4 9 19 12 10
Coste: 6608

GENERACION: 255
Mejor Solucion:  17 0 8 11 20 5 1 18 21 15 13 16 7 2 3 6 14 4 9 19 12 10
Coste: 6608

GENERACION: 260
Mejor Solucion:  17 0 8 11 20 5 1 18 21 15 13 16 7 2 3 6 14 4 9 19 12 10
Coste: 6608

GENERACION: 265
Mejor Solucion:  17 0 8 11 20 5 1 18 21 15 13 16 7 2 3 6 14 4 9 19 12 10
Coste: 6608

GENERACION: 270
Mejor Solucion:  10 0 8 21 4 5 1 11 18 15 13 9 16 6 3 14 19 20 2 17 12 7
Coste: 6542

GENERACION: 275
Mejor Solucion:  10 0 8 21 4 5 1 11 18 15 13 9 16 6 3 14 19 20 2 17 12 7
Coste: 6542

GENERACION: 280
Mejor Solucion:  10 0 8 21 4 5 1 11 18 15 13 9 16 6 3 14 19 20 2 17 12 7
Coste: 6542

GENERACION: 285
Mejor Solucion:  10 0 8 21 4 5 1 11 18 15 13 9 16 6 3 14 19 20 2 17 12 7
Coste: 6542

GENERACION: 290
Mejor Solucion:  10 0 8 21 4 5 1 11 18 15 13 9 16 6 3 14 19 20 2 17 12 7
Coste: 6542

GENERACION: 295
Mejor Solucion:  10 0 8 21 4 5 1 11 18 15 13 9 16 6 3 14 19 20 2 17 12 7
Coste: 6542

GENERACION: 300
Mejor Solucion:  10 0 8 21 4 5 1 11 18 15 13 9 16 6 3 14 19 20 2 17 12 7
Coste: 6542

GENERACION: 305
Mejor Solucion:  10 0 8 21 4 5 1 11 18 15 13 9 16 6 3 14 19 20 2 17 12 7
Coste: 6542

GENERACION: 310
Mejor Solucion:  10 0 8 21 4 5 1 11 18 15 13 9 16 6 3 14 19 20 2 17 12 7
Coste: 6542

GENERACION: 315
Mejor Solucion:  10 0 8 21 4 5 1 11 18 15 13 9 16 6 3 14 19 20 2 17 12 7
Coste: 6542

GENERACION: 320
Mejor Solucion:  10 0 8 21 4 5 1 11 18 15 13 9 16 6 3 14 19 20 2 17 12 7
Coste: 6542

GENERACION: 325
Mejor Solucion:  10 0 8 21 4 5 1 11 18 15 13 9 16 6 3 14 19 20 2 17 12 7
Coste: 6542

GENERACION: 330
Mejor Solucion:  10 0 8 21 4 5 1 11 18 15 13 9 16 6 3 14 19 20 2 17 12 7
Coste: 6542

GENERACION: 335
Mejor Solucion:  10 0 8 21 4 5 1 11 18 15 13 9 16 6 3 14 19 20 2 17 12 7
Coste: 6542

GENERACION: 340
Mejor Solucion:  10 0 8 21 4 5 1 11 18 15 13 9 16 6 3 14 19 20 2 17 12 7
Coste: 6542

GENERACION: 345
Mejor Solucion:  10 0 8 21 4 5 1 11 18 15 13 9 16 6 3 14 19 20 2 17 12 7
Coste: 6542

GENERACION: 350
Mejor Solucion:  10 0 8 21 4 5 1 11 18 15 13 9 16 6 3 14 19 20 2 17 12 7
Coste: 6542

GENERACION: 355
Mejor Solucion:  3 0 12 11 15 1 10 19 2 14 4 21 6 8 20 7 9 13 17 18 16 5
Coste: 6516

GENERACION: 360
Mejor Solucion:  3 0 12 11 15 1 10 19 2 14 4 21 6 8 20 7 9 13 17 18 16 5
Coste: 6516

GENERACION: 365
Mejor Solucion:  3 0 12 11 15 1 10 19 2 14 4 21 6 8 20 7 9 13 17 18 16 5
Coste: 6516

GENERACION: 370
Mejor Solucion:  3 0 12 11 15 1 10 19 2 14 4 21 6 8 20 7 9 13 17 18 16 5
Coste: 6516

GENERACION: 375
Mejor Solucion:  3 0 12 11 15 1 10 19 2 14 4 21 6 8 20 7 9 13 17 18 16 5
Coste: 6516

GENERACION: 380
Mejor Solucion:  3 0 12 11 15 1 10 19 2 14 4 21 6 8 20 7 9 13 17 18 16 5
Coste: 6516

GENERACION: 385
Mejor Solucion:  3 0 12 11 15 1 10 19 2 14 4 21 6 8 20 7 9 13 17 18 16 5
Coste: 6516

GENERACION: 390
Mejor Solucion:  3 0 12 11 15 1 10 19 2 14 4 21 6 8 20 7 9 13 17 18 16 5
Coste: 6516

GENERACION: 395
Mejor Solucion:  3 0 12 11 15 1 10 19 2 14 4 21 6 8 20 7 9 13 17 18 16 5
Coste: 6516

GENERACION: 400
Mejor Solucion:  3 0 12 11 15 1 10 19 2 14 4 21 6 8 20 7 9 13 17 18 16 5
Coste: 6516

GENERACION: 405
Mejor Solucion:  3 0 12 11 15 1 10 19 2 14 4 21 6 8 20 7 9 13 17 18 16 5
Coste: 6516

GENERACION: 410
Mejor Solucion:  3 0 12 11 15 1 10 19 2 14 4 21 6 8 20 7 9 13 17 18 16 5
Coste: 6516

GENERACION: 415
Mejor Solucion:  3 0 12 11 15 1 10 19 2 14 4 21 6 8 20 7 9 13 17 18 16 5
Coste: 6516

GENERACION: 420
Mejor Solucion:  3 0 12 11 15 1 10 19 2 14 4 21 6 8 20 7 9 13 17 18 16 5
Coste: 6516

GENERACION: 425
Mejor Solucion:  3 0 12 11 15 1 10 19 2 14 4 21 6 8 20 7 9 13 17 18 16 5
Coste: 6516

GENERACION: 430
Mejor Solucion:  3 0 12 11 15 1 10 19 2 14 4 21 6 8 20 7 9 13 17 18 16 5
Coste: 6516

GENERACION: 435
Mejor Solucion:  3 0 12 11 15 1 10 19 2 14 4 21 6 8 20 7 9 13 17 18 16 5
Coste: 6516

GENERACION: 440
Mejor Solucion:  3 0 12 11 15 1 10 19 2 14 4 21 6 8 20 7 9 13 17 18 16 5
Coste: 6516

GENERACION: 445
Mejor Solucion:  3 0 12 11 15 1 10 19 2 14 4 21 6 8 20 7 9 13 17 18 16 5
Coste: 6516

GENERACION: 450
Mejor Solucion:  3 0 12 11 15 1 10 19 2 14 4 21 6 8 20 7 9 13 17 18 16 5
Coste: 6516

GENERACION: 455
Mejor Solucion:  3 0 12 11 15 1 10 19 2 14 4 21 6 8 20 7 9 13 17 18 16 5
Coste: 6516

GENERACION: 460
Mejor Solucion:  3 0 12 11 15 1 10 19 2 5 4 21 6 8 16 7 9 13 17 18 20 14
Coste: 6453

GENERACION: 465
Mejor Solucion:  3 0 12 11 15 1 10 19 2 5 4 21 6 8 16 7 9 13 17 18 20 14
Coste: 6390

GENERACION: 470
Mejor Solucion:  3 0 12 11 15 1 10 19 2 5 4 21 6 8 16 7 9 13 17 18 20 14
Coste: 6390

GENERACION: 475
Mejor Solucion:  3 0 12 11 15 1 10 19 2 5 4 21 6 8 16 7 9 13 17 18 20 14
Coste: 6390

GENERACION: 480
Mejor Solucion:  3 0 12 11 15 1 10 19 2 5 4 21 6 8 16 7 9 13 17 18 20 14
Coste: 6390

GENERACION: 485
Mejor Solucion:  3 0 12 11 15 1 10 19 2 5 4 21 6 8 16 7 9 13 17 18 20 14
Coste: 6390

GENERACION: 490
Mejor Solucion:  3 0 12 11 15 1 10 19 2 5 4 21 6 8 16 7 9 13 17 18 20 14
Coste: 6390

GENERACION: 495
Mejor Solucion:  3 0 12 11 15 1 10 19 2 5 4 21 6 8 16 7 9 13 17 18 20 14
Coste: 6390

GENERACION: 500
Mejor Solucion:  3 0 12 11 15 1 10 19 2 5 4 21 6 8 16 7 9 13 17 18 20 14
Coste: 6390

GENERACION: 505
Mejor Solucion:  3 0 12 11 15 1 10 19 2 5 4 21 6 8 16 7 9 13 17 18 20 14
Coste: 6390

GENERACION: 510
Mejor Solucion:  3 0 12 11 15 1 10 19 2 5 4 21 6 8 16 7 9 13 17 18 20 14
Coste: 6390

GENERACION: 515
Mejor Solucion:  3 0 12 11 15 1 10 19 2 5 4 21 6 8 16 7 9 13 17 18 20 14
Coste: 6390

GENERACION: 520
Mejor Solucion:  3 0 12 11 15 1 10 19 2 5 4 21 6 8 16 7 9 13 17 18 20 14
Coste: 6390

GENERACION: 525
Mejor Solucion:  3 0 12 11 15 1 10 19 2 5 4 21 6 8 16 7 9 13 17 18 20 14
Coste: 6390

GENERACION: 530
Mejor Solucion:  3 0 12 11 15 1 10 19 2 5 4 21 6 8 16 7 9 13 17 18 20 14
Coste: 6390

GENERACION: 535
Mejor Solucion:  3 0 12 11 15 1 10 19 2 5 4 21 6 8 16 7 9 13 17 18 20 14
Coste: 6390

GENERACION: 540
Mejor Solucion:  3 0 12 11 15 1 10 19 2 5 4 21 6 8 16 7 9 13 17 18 20 14
Coste: 6390

GENERACION: 545
Mejor Solucion:  3 0 12 11 15 1 10 19 2 5 4 21 6 8 16 7 9 13 17 18 20 14
Coste: 6390

GENERACION: 550
Mejor Solucion:  3 0 12 11 15 1 10 19 2 5 4 21 6 8 16 7 9 13 17 18 20 14
Coste: 6390

GENERACION: 555
Mejor Solucion:  3 0 12 11 15 1 10 19 2 5 4 21 6 8 16 7 9 13 17 18 20 14
Coste: 6390

GENERACION: 560
Mejor Solucion:  3 0 12 11 15 1 10 19 2 5 4 21 6 8 16 7 9 13 17 18 20 14
Coste: 6390

GENERACION: 565
Mejor Solucion:  3 0 12 11 15 1 10 19 2 5 4 21 6 8 16 7 9 13 17 18 20 14
Coste: 6390

GENERACION: 570
Mejor Solucion:  3 0 12 11 15 1 10 19 2 5 4 21 6 8 16 7 9 13 17 18 20 14
Coste: 6390

GENERACION: 575
Mejor Solucion:  3 0 12 11 15 1 10 19 2 5 4 21 6 8 16 7 9 13 17 18 20 14
Coste: 6390

GENERACION: 580
Mejor Solucion:  3 0 12 11 15 1 10 19 2 5 4 21 6 8 16 7 9 13 17 18 20 14
Coste: 6390

GENERACION: 585
Mejor Solucion:  3 0 12 11 15 1 10 19 2 5 4 21 6 8 16 7 9 13 17 18 20 14
Coste: 6390

GENERACION: 590
Mejor Solucion:  3 0 12 11 15 1 10 19 2 5 4 21 6 8 16 7 9 13 17 18 20 14
Coste: 6390

GENERACION: 595
Mejor Solucion:  3 0 12 11 15 1 10 19 2 5 4 21 6 8 16 7 9 13 17 18 20 14
Coste: 6390

GENERACION: 600
Mejor Solucion:  3 0 12 11 15 1 10 19 2 5 4 21 6 8 16 7 9 13 17 18 20 14
Coste: 6390

GENERACION: 605
Mejor Solucion:  3 0 12 11 15 1 10 19 2 5 4 21 6 8 16 7 9 13 17 18 20 14
Coste: 6390

GENERACION: 610
Mejor Solucion:  3 0 12 11 15 1 10 19 2 5 4 21 6 8 16 7 9 13 17 18 20 14
Coste: 6390

GENERACION: 615
Mejor Solucion:  3 0 12 11 15 1 10 19 2 5 4 21 6 8 16 7 9 13 17 18 20 14
Coste: 6390

GENERACION: 620
Mejor Solucion:  3 0 12 11 15 1 10 19 2 5 4 21 6 8 16 7 9 13 17 18 20 14
Coste: 6390

GENERACION: 625
Mejor Solucion:  3 0 12 11 15 1 10 19 2 5 4 21 6 8 16 7 9 13 17 18 20 14
Coste: 6390

GENERACION: 630
Mejor Solucion:  3 0 12 11 15 1 10 19 2 5 4 21 6 8 16 7 9 13 17 18 20 14
Coste: 6390

GENERACION: 635
Mejor Solucion:  3 0 12 11 15 1 10 19 2 5 4 21 6 8 16 7 9 13 17 18 20 14
Coste: 6390

GENERACION: 640
Mejor Solucion:  3 0 12 11 15 1 10 19 2 5 4 21 6 8 16 7 9 13 17 18 20 14
Coste: 6390

GENERACION: 645
Mejor Solucion:  3 0 12 11 15 1 10 19 2 5 4 21 6 8 16 7 9 13 17 18 20 14
Coste: 6390

GENERACION: 650
Mejor Solucion:  3 0 12 11 15 1 10 19 2 5 4 21 6 8 16 7 9 13 17 18 20 14
Coste: 6390

GENERACION: 655
Mejor Solucion:  3 0 12 11 15 1 10 19 2 5 4 21 6 8 16 7 9 13 17 18 20 14
Coste: 6390

GENERACION: 660
Mejor Solucion:  3 0 12 11 15 1 10 19 2 5 4 21 6 8 16 7 9 13 17 18 20 14
Coste: 6390

GENERACION: 665
Mejor Solucion:  3 0 12 11 15 1 10 19 2 5 4 21 6 8 16 7 9 13 17 18 20 14
Coste: 6390

GENERACION: 670
Mejor Solucion:  3 0 12 11 15 1 10 19 2 5 4 21 6 8 16 7 9 13 17 18 20 14
Coste: 6390

GENERACION: 675
Mejor Solucion:  3 0 12 11 15 1 10 19 2 5 4 21 6 8 16 7 9 13 17 18 20 14
Coste: 6390

GENERACION: 680
Mejor Solucion:  3 0 12 11 15 1 10 19 2 5 4 21 6 8 16 7 9 13 17 18 20 14
Coste: 6390

GENERACION: 685
Mejor Solucion:  3 0 12 11 15 1 10 19 2 5 4 21 6 8 16 7 9 13 17 18 20 14
Coste: 6390

GENERACION: 690
Mejor Solucion:  3 0 12 11 15 1 10 19 2 5 4 21 6 8 16 7 9 13 17 18 20 14
Coste: 6390

GENERACION: 695
Mejor Solucion:  3 0 12 11 15 1 10 19 2 5 4 21 6 8 16 7 9 13 17 18 20 14
Coste: 6390

GENERACION: 700
Mejor Solucion:  3 0 12 11 15 1 10 19 2 5 4 21 6 8 16 7 9 13 17 18 20 14
Coste: 6390

GENERACION: 705
Mejor Solucion:  3 0 12 11 15 1 10 19 2 5 4 21 6 8 16 7 9 13 17 18 20 14
Coste: 6390

GENERACION: 710
Mejor Solucion:  3 0 12 11 15 1 10 19 2 5 4 21 6 8 16 7 9 13 17 18 20 14
Coste: 6390

GENERACION: 715
Mejor Solucion:  3 0 12 11 15 1 10 19 2 5 4 21 6 8 16 7 9 13 17 18 20 14
Coste: 6390

GENERACION: 720
Mejor Solucion:  3 0 12 11 15 1 10 19 2 5 4 21 6 8 16 7 9 13 17 18 20 14
Coste: 6390

GENERACION: 725
Mejor Solucion:  3 0 12 11 15 1 10 19 2 5 4 21 6 8 16 7 9 13 17 18 20 14
Coste: 6390

GENERACION: 730
Mejor Solucion:  3 0 12 11 15 1 10 19 2 5 4 21 6 8 16 7 9 13 17 18 20 14
Coste: 6390

GENERACION: 735
Mejor Solucion:  3 0 12 11 15 1 10 19 2 5 4 21 6 8 16 7 9 13 17 18 20 14
Coste: 6390

GENERACION: 740
Mejor Solucion:  3 0 12 11 15 1 10 19 2 5 4 21 6 8 16 7 9 13 17 18 20 14
Coste: 6390

GENERACION: 745
Mejor Solucion:  3 0 12 11 15 1 10 19 2 5 4 21 6 8 16 7 9 13 17 18 20 14
Coste: 6390

GENERACION: 750
Mejor Solucion:  3 0 12 11 15 1 10 19 2 5 4 21 6 8 16 7 9 13 17 18 20 14
Coste: 6390

GENERACION: 755
Mejor Solucion:  3 0 12 11 15 1 10 19 2 5 4 21 6 8 16 7 9 13 17 18 20 14
Coste: 6390

GENERACION: 760
Mejor Solucion:  3 0 12 11 15 1 10 19 2 5 4 21 6 8 16 7 9 13 17 18 20 14
Coste: 6390

GENERACION: 765
Mejor Solucion:  3 0 12 11 15 1 10 19 2 5 4 21 6 8 16 7 9 13 17 18 20 14
Coste: 6390

GENERACION: 770
Mejor Solucion:  3 0 12 11 15 1 10 19 2 5 4 21 6 8 16 7 9 13 17 18 20 14
Coste: 6390

GENERACION: 775
Mejor Solucion:  3 0 12 11 15 1 10 19 2 5 4 21 6 8 16 7 9 13 17 18 20 14
Coste: 6390

GENERACION: 780
Mejor Solucion:  3 0 12 11 15 1 10 19 2 5 4 21 6 8 16 7 9 13 17 18 20 14
Coste: 6390

GENERACION: 785
Mejor Solucion:  3 0 12 11 15 1 10 19 2 5 4 21 6 8 16 7 9 13 17 18 20 14
Coste: 6390

GENERACION: 790
Mejor Solucion:  3 0 12 11 15 1 10 19 2 5 4 21 6 8 16 7 9 13 17 18 20 14
Coste: 6390

GENERACION: 795
Mejor Solucion:  3 0 12 11 15 1 10 19 2 5 4 21 6 8 16 7 9 13 17 18 20 14
Coste: 6390

GENERACION: 800
Mejor Solucion:  3 0 12 11 15 1 10 19 2 5 4 21 6 8 16 7 9 13 17 18 20 14
Coste: 6390

GENERACION: 805
Mejor Solucion:  3 0 12 11 15 1 10 19 2 5 4 21 6 8 16 7 9 13 17 18 20 14
Coste: 6390

GENERACION: 810
Mejor Solucion:  3 0 12 11 15 1 10 19 2 5 4 21 6 8 16 7 9 13 17 18 20 14
Coste: 6390

GENERACION: 815
Mejor Solucion:  3 0 12 11 15 1 10 19 2 5 4 21 6 8 16 7 9 13 17 18 20 14
Coste: 6390

GENERACION: 820
Mejor Solucion:  3 0 12 11 15 1 10 19 2 5 4 21 6 8 16 7 9 13 17 18 20 14
Coste: 6390

GENERACION: 825
Mejor Solucion:  3 0 12 11 15 1 10 19 2 5 4 21 6 8 16 7 9 13 17 18 20 14
Coste: 6390

GENERACION: 830
Mejor Solucion:  3 0 12 11 15 1 10 19 2 5 4 21 6 8 16 7 9 13 17 18 20 14
Coste: 6390

GENERACION: 835
Mejor Solucion:  3 0 12 11 15 1 10 19 2 5 4 21 6 8 16 7 9 13 17 18 20 14
Coste: 6390

GENERACION: 840
Mejor Solucion:  3 0 12 11 15 1 10 19 2 5 4 21 6 8 16 7 9 13 17 18 20 14
Coste: 6390

GENERACION: 845
Mejor Solucion:  3 0 12 11 15 1 10 19 2 5 4 21 6 8 16 7 9 13 17 18 20 14
Coste: 6390

GENERACION: 850
Mejor Solucion:  3 0 12 11 15 1 10 19 2 5 4 21 6 8 16 7 9 13 17 18 20 14
Coste: 6390

GENERACION: 855
Mejor Solucion:  3 0 12 11 15 1 10 19 2 5 4 21 6 8 16 7 9 13 17 18 20 14
Coste: 6390

GENERACION: 860
Mejor Solucion:  3 0 12 11 15 1 10 19 2 5 4 21 6 8 16 7 9 13 17 18 20 14
Coste: 6390

GENERACION: 865
Mejor Solucion:  3 0 12 11 15 1 10 19 2 5 4 21 6 8 16 7 9 13 17 18 20 14
Coste: 6390

GENERACION: 870
Mejor Solucion:  3 0 12 11 15 1 10 19 2 5 4 21 6 8 16 7 9 13 17 18 20 14
Coste: 6390

GENERACION: 875
Mejor Solucion:  3 0 12 11 15 1 10 19 2 5 4 21 6 8 16 7 9 13 17 18 20 14
Coste: 6390

GENERACION: 880
Mejor Solucion:  3 0 12 11 15 1 10 19 2 5 4 21 6 8 16 7 9 13 17 18 20 14
Coste: 6390

GENERACION: 885
Mejor Solucion:  3 0 12 11 15 1 10 19 2 5 4 21 6 8 16 7 9 13 17 18 20 14
Coste: 6390

GENERACION: 890
Mejor Solucion:  3 0 12 11 15 1 10 19 2 5 4 21 6 8 16 7 9 13 17 18 20 14
Coste: 6390

GENERACION: 895
Mejor Solucion:  3 0 12 11 15 1 10 19 2 5 4 21 6 8 16 7 9 13 17 18 20 14
Coste: 6390

GENERACION: 900
Mejor Solucion:  3 0 12 11 15 1 10 19 2 5 4 21 6 8 16 7 9 13 17 18 20 14
Coste: 6390

GENERACION: 905
Mejor Solucion:  3 0 12 11 15 1 10 19 2 5 4 21 6 8 16 7 9 13 17 18 20 14
Coste: 6390

GENERACION: 910
Mejor Solucion:  3 0 12 11 15 1 10 19 2 5 4 21 6 8 16 7 9 13 17 18 20 14
Coste: 6390

GENERACION: 915
Mejor Solucion:  3 0 12 11 15 1 10 19 2 5 4 21 6 8 16 7 9 13 17 18 20 14
Coste: 6390

GENERACION: 920
Mejor Solucion:  3 0 12 11 15 1 10 19 2 5 4 21 6 8 16 7 9 13 17 18 20 14
Coste: 6390

GENERACION: 925
Mejor Solucion:  3 0 12 11 15 1 10 19 2 5 4 21 6 8 16 7 9 13 17 18 20 14
Coste: 6390

GENERACION: 930
Mejor Solucion:  3 0 12 11 15 1 10 19 2 5 4 21 6 8 16 7 9 13 17 18 20 14
Coste: 6390

GENERACION: 935
Mejor Solucion:  3 0 12 11 15 1 10 19 2 5 4 21 6 8 16 7 9 13 17 18 20 14
Coste: 6390

GENERACION: 940
Mejor Solucion:  3 0 12 11 15 1 10 19 2 5 4 21 6 8 16 7 9 13 17 18 20 14
Coste: 6390

GENERACION: 945
Mejor Solucion:  3 0 12 11 15 1 10 19 2 5 4 21 6 8 16 7 9 13 17 18 20 14
Coste: 6390

GENERACION: 950
Mejor Solucion:  3 0 12 11 15 1 10 19 2 5 4 21 6 8 16 7 9 13 17 18 20 14
Coste: 6390

GENERACION: 955
Mejor Solucion:  3 0 12 11 15 1 10 19 2 5 4 21 6 8 16 7 9 13 17 18 20 14
Coste: 6390

GENERACION: 960
Mejor Solucion:  3 0 12 11 15 1 10 19 2 5 4 21 6 8 16 7 9 13 17 18 20 14
Coste: 6390

GENERACION: 965
Mejor Solucion:  3 0 12 11 15 1 10 19 2 5 4 21 6 8 16 7 9 13 17 18 20 14
Coste: 6390

GENERACION: 970
Mejor Solucion:  3 0 12 11 15 1 10 19 2 5 4 21 6 8 16 7 9 13 17 18 20 14
Coste: 6390

GENERACION: 975
Mejor Solucion:  3 0 12 11 15 1 10 19 2 5 4 21 6 8 16 7 9 13 17 18 20 14
Coste: 6390

GENERACION: 980
Mejor Solucion:  3 0 12 11 15 1 10 19 2 5 4 21 6 8 16 7 9 13 17 18 20 14
Coste: 6390

GENERACION: 985
Mejor Solucion:  3 0 12 11 15 1 10 19 2 5 4 21 6 8 16 7 9 13 17 18 20 14
Coste: 6390

GENERACION: 990
Mejor Solucion:  3 0 12 11 15 1 10 19 2 5 4 21 6 8 16 7 9 13 17 18 20 14
Coste: 6390

GENERACION: 995
Mejor Solucion:  3 0 12 11 15 1 10 19 2 5 4 21 6 8 16 7 9 13 17 18 20 14
Coste: 6390

GENERACION: 1000
Mejor Solucion:  3 0 12 11 15 1 10 19 2 5 4 21 6 8 16 7 9 13 17 18 20 14
Coste: 6390

GENERACION: 5
Mejor Solucion:  12 19 13 16 11 5 0 15 7 14 20 4 18 6 2 1 3 21 17 10 9 8
Coste: 11758

GENERACION: 10
Mejor Solucion:  10 0 8 21 13 5 1 7 11 3 4 12 16 6 2 15 19 18 20 17 9 14
Coste: 9278

GENERACION: 15
Mejor Solucion:  10 0 8 21 13 5 1 7 11 3 4 12 16 6 2 15 19 18 20 17 9 14
Coste: 6696

GENERACION: 20
Mejor Solucion:  10 0 8 21 13 5 1 7 11 3 4 12 16 6 2 15 19 18 20 17 9 14
Coste: 6696

GENERACION: 25
Mejor Solucion:  10 0 8 21 13 5 1 7 11 3 4 12 16 6 2 15 19 18 20 17 9 14
Coste: 6696

GENERACION: 30
Mejor Solucion:  10 0 8 21 13 5 1 7 11 3 4 12 16 6 2 15 19 18 20 17 9 14
Coste: 6696

GENERACION: 35
Mejor Solucion:  10 0 8 21 13 5 1 7 11 3 4 12 16 6 2 15 19 18 20 17 9 14
Coste: 6696

GENERACION: 40
Mejor Solucion:  10 0 8 21 13 5 1 7 11 3 4 12 16 6 2 15 19 18 20 17 9 14
Coste: 6696

GENERACION: 45
Mejor Solucion:  10 0 8 21 13 5 1 7 11 3 4 12 16 6 2 15 19 18 20 17 9 14
Coste: 6696

GENERACION: 50
Mejor Solucion:  10 0 8 21 13 5 1 7 11 3 4 12 16 6 2 15 19 18 20 17 9 14
Coste: 6696

GENERACION: 55
Mejor Solucion:  10 0 8 21 13 5 1 7 11 3 4 12 16 6 2 15 19 18 20 17 9 14
Coste: 6696

GENERACION: 60
Mejor Solucion:  10 0 8 21 13 5 1 7 11 3 4 12 16 6 2 15 19 18 20 17 9 14
Coste: 6696

GENERACION: 65
Mejor Solucion:  10 0 8 21 13 5 1 7 11 3 4 12 16 6 2 15 19 18 20 17 9 14
Coste: 6696

GENERACION: 70
Mejor Solucion:  10 0 6 8 13 1 5 17 16 12 4 21 20 7 2 3 15 18 14 19 9 11
Coste: 6676

GENERACION: 75
Mejor Solucion:  10 0 6 8 13 1 5 17 16 12 4 21 20 7 2 3 15 18 14 19 9 11
Coste: 6676

GENERACION: 80
Mejor Solucion:  10 0 6 8 13 1 5 17 16 12 4 21 20 7 2 3 15 18 14 19 9 11
Coste: 6676

GENERACION: 85
Mejor Solucion:  10 0 6 8 13 1 5 17 16 12 4 21 20 7 2 3 15 18 14 19 9 11
Coste: 6676

GENERACION: 90
Mejor Solucion:  10 0 6 8 13 1 5 17 16 12 4 21 20 7 2 3 15 18 14 19 9 11
Coste: 6676

GENERACION: 95
Mejor Solucion:  10 0 6 8 13 1 5 17 16 12 4 21 20 7 2 3 15 18 14 19 9 11
Coste: 6676

GENERACION: 100
Mejor Solucion:  10 0 6 8 13 1 5 17 16 12 4 21 20 7 2 3 15 18 14 19 9 11
Coste: 6676

GENERACION: 105
Mejor Solucion:  10 0 6 8 13 1 5 17 16 12 4 21 20 7 2 3 15 18 14 19 9 11
Coste: 6676

GENERACION: 110
Mejor Solucion:  10 0 6 8 13 1 5 17 16 12 4 21 20 7 2 3 15 18 14 19 9 11
Coste: 6676

GENERACION: 115
Mejor Solucion:  10 0 6 8 13 1 5 17 16 12 4 21 20 7 2 3 15 18 14 19 9 11
Coste: 6676

GENERACION: 120
Mejor Solucion:  10 0 6 8 13 1 5 17 16 12 4 21 20 7 2 3 15 18 14 19 9 11
Coste: 6676

GENERACION: 125
Mejor Solucion:  10 0 6 8 13 1 5 17 16 12 4 21 20 7 2 3 15 18 14 19 9 11
Coste: 6676

GENERACION: 130
Mejor Solucion:  10 0 6 8 13 1 5 17 16 12 4 21 20 7 2 3 15 18 14 19 9 11
Coste: 6676

GENERACION: 135
Mejor Solucion:  10 0 6 8 13 1 5 17 16 12 4 21 20 7 2 3 15 18 14 19 9 11
Coste: 6676

GENERACION: 140
Mejor Solucion:  10 0 6 8 13 1 5 17 16 12 4 21 20 7 2 3 15 18 14 19 9 11
Coste: 6676

GENERACION: 145
Mejor Solucion:  10 0 6 8 13 1 5 17 16 12 4 21 20 7 2 3 15 18 14 19 9 11
Coste: 6676

GENERACION: 150
Mejor Solucion:  10 0 6 8 13 1 5 17 16 12 4 21 20 7 2 3 15 18 14 19 9 11
Coste: 6676

GENERACION: 155
Mejor Solucion:  10 0 6 8 13 1 5 17 16 12 4 21 20 7 2 3 15 18 14 19 9 11
Coste: 6676

GENERACION: 160
Mejor Solucion:  10 0 6 8 13 1 5 17 16 12 4 21 20 7 2 3 15 18 14 19 9 11
Coste: 6676

GENERACION: 165
Mejor Solucion:  10 0 6 8 13 1 5 17 16 12 4 21 20 7 2 3 15 18 14 19 9 11
Coste: 6676

GENERACION: 170
Mejor Solucion:  10 0 6 8 13 1 5 17 16 12 4 21 20 7 2 3 15 18 14 19 9 11
Coste: 6676

GENERACION: 175
Mejor Solucion:  10 0 6 8 13 1 5 17 16 12 4 21 20 7 2 3 15 18 14 19 9 11
Coste: 6676

GENERACION: 180
Mejor Solucion:  10 0 6 8 13 1 5 17 16 12 4 21 20 7 2 3 15 18 14 19 9 11
Coste: 6676

GENERACION: 185
Mejor Solucion:  10 0 6 8 13 1 5 17 16 12 4 21 20 7 2 3 15 18 14 19 9 11
Coste: 6676

GENERACION: 190
Mejor Solucion:  10 0 6 8 13 1 5 17 16 12 4 21 20 7 2 3 15 18 14 19 9 11
Coste: 6676

GENERACION: 195
Mejor Solucion:  10 0 6 8 13 1 5 17 16 12 4 21 20 7 2 3 15 18 14 19 9 11
Coste: 6676

GENERACION: 200
Mejor Solucion:  10 0 6 8 13 1 5 17 16 12 4 21 20 7 2 3 15 18 14 19 9 11
Coste: 6676

GENERACION: 205
Mejor Solucion:  10 0 6 8 13 1 5 17 16 12 4 21 20 7 2 3 15 18 14 19 9 11
Coste: 6676

GENERACION: 210
Mejor Solucion:  10 0 6 8 13 1 5 17 16 12 4 21 20 7 2 3 15 18 14 19 9 11
Coste: 6676

GENERACION: 215
Mejor Solucion:  10 0 6 8 13 1 5 17 16 12 4 21 20 7 2 3 15 18 14 19 9 11
Coste: 6676

GENERACION: 220
Mejor Solucion:  10 0 6 8 13 1 5 17 16 12 4 21 20 7 2 3 15 18 14 19 9 11
Coste: 6676

GENERACION: 225
Mejor Solucion:  10 0 6 8 13 1 5 17 16 12 4 21 20 7 2 3 15 18 14 19 9 11
Coste: 6676

GENERACION: 230
Mejor Solucion:  10 0 6 8 13 1 5 17 16 12 4 21 20 7 2 3 15 18 14 19 9 11
Coste: 6676

GENERACION: 235
Mejor Solucion:  10 0 6 8 13 1 5 17 16 12 4 21 20 7 2 3 15 18 14 19 9 11
Coste: 6676

GENERACION: 240
Mejor Solucion:  17 0 8 11 20 5 1 18 21 15 13 16 7 2 3 6 14 4 9 19 12 10
Coste: 6657

GENERACION: 245
Mejor Solucion:  17 0 8 11 20 5 1 18 21 15 13 16 7 2 3 6 14 4 9 19 12 10
Coste: 6608

GENERACION: 250
Mejor Solucion:  17 0 8 11 20 5 1 18 21 15 13 16 7 2 3 6 14 4 9 19 12 10
Coste: 6608

GENERACION: 255
Mejor Solucion:  17 0 8 11 20 5 1 18 21 15 13 16 7 2 3 6 14 4 9 19 12 10
Coste: 6608

GENERACION: 260
Mejor Solucion:  17 0 8 11 20 5 1 18 21 15 13 16 7 2 3 6 14 4 9 19 12 10
Coste: 6608

GENERACION: 265
Mejor Solucion:  17 0 8 11 20 5 1 18 21 15 13 16 7 2 3 6 14 4 9 19 12 10
Coste: 6608

GENERACION: 270
Mejor Solucion:  10 0 8 21 4 5 1 11 18 15 13 9 16 6 3 14 19 20 2 17 12 7
Coste: 6542

GENERACION: 275
Mejor Solucion:  10 0 8 21 4 5 1 11 18 15 13 9 16 6 3 14 19 20 2 17 12 7
Coste: 6542

GENERACION: 280
Mejor Solucion:  10 0 8 21 4 5 1 11 18 15 13 9 16 6 3 14 19 20 2 17 12 7
Coste: 6542

GENERACION: 285
Mejor Solucion:  10 0 8 21 4 5 1 11 18 15 13 9 16 6 3 14 19 20 2 17 12 7
Coste: 6542

GENERACION: 290
Mejor Solucion:  10 0 8 21 4 5 1 11 18 15 13 9 16 6 3 14 19 20 2 17 12 7
Coste: 6542

GENERACION: 295
Mejor Solucion:  10 0 8 21 4 5 1 11 18 15 13 9 16 6 3 14 19 20 2 17 12 7
Coste: 6542

GENERACION: 300
Mejor Solucion:  10 0 8 21 4 5 1 11 18 15 13 9 16 6 3 14 19 20 2 17 12 7
Coste: 6542

GENERACION: 305
Mejor Solucion:  10 0 8 21 4 5 1 11 18 15 13 9 16 6 3 14 19 20 2 17 12 7
Coste: 6542

GENERACION: 310
Mejor Solucion:  10 0 8 21 4 5 1 11 18 15 13 9 16 6 3 14 19 20 2 17 12 7
Coste: 6542

GENERACION: 315
Mejor Solucion:  10 0 8 21 4 5 1 11 18 15 13 9 16 6 3 14 19 20 2 17 12 7
Coste: 6542

GENERACION: 320
Mejor Solucion:  10 0 8 21 4 5 1 11 18 15 13 9 16 6 3 14 19 20 2 17 12 7
Coste: 6542

GENERACION: 325
Mejor Solucion:  10 0 8 21 4 5 1 11 18 15 13 9 16 6 3 14 19 20 2 17 12 7
Coste: 6542

GENERACION: 330
Mejor Solucion:  10 0 8 21 4 5 1 11 18 15 13 9 16 6 3 14 19 20 2 17 12 7
Coste: 6542

GENERACION: 335
Mejor Solucion:  10 0 8 21 4 5 1 11 18 15 13 9 16 6 3 14 19 20 2 17 12 7
Coste: 6542

GENERACION: 340
Mejor Solucion:  10 0 8 21 4 5 1 11 18 15 13 9 16 6 3 14 19 20 2 17 12 7
Coste: 6542

GENERACION: 345
Mejor Solucion:  10 0 8 21 4 5 1 11 18 15 13 9 16 6 3 14 19 20 2 17 12 7
Coste: 6542

GENERACION: 350
Mejor Solucion:  10 0 8 21 4 5 1 11 18 15 13 9 16 6 3 14 19 20 2 17 12 7
Coste: 6542

GENERACION: 355
Mejor Solucion:  3 0 12 11 15 1 10 19 2 14 4 21 6 8 20 7 9 13 17 18 16 5
Coste: 6516

GENERACION: 360
Mejor Solucion:  3 0 12 11 15 1 10 19 2 14 4 21 6 8 20 7 9 13 17 18 16 5
Coste: 6516

GENERACION: 365
Mejor Solucion:  3 0 12 11 15 1 10 19 2 14 4 21 6 8 20 7 9 13 17 18 16 5
Coste: 6516

GENERACION: 370
Mejor Solucion:  3 0 12 11 15 1 10 19 2 14 4 21 6 8 20 7 9 13 17 18 16 5
Coste: 6516

GENERACION: 375
Mejor Solucion:  3 0 12 11 15 1 10 19 2 14 4 21 6 8 20 7 9 13 17 18 16 5
Coste: 6516

GENERACION: 380
Mejor Solucion:  3 0 12 11 15 1 10 19 2 14 4 21 6 8 20 7 9 13 17 18 16 5
Coste: 6516

GENERACION: 385
Mejor Solucion:  3 0 12 11 15 1 10 19 2 14 4 21 6 8 20 7 9 13 17 18 16 5
Coste: 6516

GENERACION: 390
Mejor Solucion:  3 0 12 11 15 1 10 19 2 14 4 21 6 8 20 7 9 13 17 18 16 5
Coste: 6516

GENERACION: 395
Mejor Solucion:  3 0 12 11 15 1 10 19 2 14 4 21 6 8 20 7 9 13 17 18 16 5
Coste: 6516

GENERACION: 400
Mejor Solucion:  3 0 12 11 15 1 10 19 2 14 4 21 6 8 20 7 9 13 17 18 16 5
Coste: 6516

GENERACION: 405
Mejor Solucion:  3 0 12 11 15 1 10 19 2 14 4 21 6 8 20 7 9 13 17 18 16 5
Coste: 6516

GENERACION: 410
Mejor Solucion:  3 0 12 11 15 1 10 19 2 14 4 21 6 8 20 7 9 13 17 18 16 5
Coste: 6516

GENERACION: 415
Mejor Solucion:  3 0 12 11 15 1 10 19 2 14 4 21 6 8 20 7 9 13 17 18 16 5
Coste: 6516

GENERACION: 420
Mejor Solucion:  3 0 12 11 15 1 10 19 2 14 4 21 6 8 20 7 9 13 17 18 16 5
Coste: 6516

GENERACION: 425
Mejor Solucion:  3 0 12 11 15 1 10 19 2 14 4 21 6 8 20 7 9 13 17 18 16 5
Coste: 6516

GENERACION: 430
Mejor Solucion:  3 0 12 11 15 1 10 19 2 14 4 21 6 8 20 7 9 13 17 18 16 5
Coste: 6516

GENERACION: 435
Mejor Solucion:  3 0 12 11 15 1 10 19 2 14 4 21 6 8 20 7 9 13 17 18 16 5
Coste: 6516

GENERACION: 440
Mejor Solucion:  3 0 12 11 15 1 10 19 2 14 4 21 6 8 20 7 9 13 17 18 16 5
Coste: 6516

GENERACION: 445
Mejor Solucion:  3 0 12 11 15 1 10 19 2 14 4 21 6 8 20 7 9 13 17 18 16 5
Coste: 6516

GENERACION: 450
Mejor Solucion:  3 0 12 11 15 1 10 19 2 14 4 21 6 8 20 7 9 13 17 18 16 5
Coste: 6516

GENERACION: 455
Mejor Solucion:  3 0 12 11 15 1 10 19 2 14 4 21 6 8 20 7 9 13 17 18 16 5
Coste: 6516

GENERACION: 460
Mejor Solucion:  3 0 12 11 15 1 10 19 2 5 4 21 6 8 16 7 9 13 17 18 20 14
Coste: 6453

GENERACION: 465
Mejor Solucion:  3 0 12 11 15 1 10 19 2 5 4 21 6 8 16 7 9 13 17 18 20 14
Coste: 6390

GENERACION: 470
Mejor Solucion:  3 0 12 11 15 1 10 19 2 5 4 21 6 8 16 7 9 13 17 18 20 14
Coste: 6390

GENERACION: 475
Mejor Solucion:  3 0 12 11 15 1 10 19 2 5 4 21 6 8 16 7 9 13 17 18 20 14
Coste: 6390

GENERACION: 480
Mejor Solucion:  3 0 12 11 15 1 10 19 2 5 4 21 6 8 16 7 9 13 17 18 20 14
Coste: 6390

GENERACION: 485
Mejor Solucion:  3 0 12 11 15 1 10 19 2 5 4 21 6 8 16 7 9 13 17 18 20 14
Coste: 6390

GENERACION: 490
Mejor Solucion:  3 0 12 11 15 1 10 19 2 5 4 21 6 8 16 7 9 13 17 18 20 14
Coste: 6390

GENERACION: 495
Mejor Solucion:  3 0 12 11 15 1 10 19 2 5 4 21 6 8 16 7 9 13 17 18 20 14
Coste: 6390

GENERACION: 500
Mejor Solucion:  3 0 12 11 15 1 10 19 2 5 4 21 6 8 16 7 9 13 17 18 20 14
Coste: 6390

GENERACION: 505
Mejor Solucion:  3 0 12 11 15 1 10 19 2 5 4 21 6 8 16 7 9 13 17 18 20 14
Coste: 6390

GENERACION: 510
Mejor Solucion:  3 0 12 11 15 1 10 19 2 5 4 21 6 8 16 7 9 13 17 18 20 14
Coste: 6390

GENERACION: 515
Mejor Solucion:  3 0 12 11 15 1 10 19 2 5 4 21 6 8 16 7 9 13 17 18 20 14
Coste: 6390

GENERACION: 520
Mejor Solucion:  3 0 12 11 15 1 10 19 2 5 4 21 6 8 16 7 9 13 17 18 20 14
Coste: 6390

GENERACION: 525
Mejor Solucion:  3 0 12 11 15 1 10 19 2 5 4 21 6 8 16 7 9 13 17 18 20 14
Coste: 6390

GENERACION: 530
Mejor Solucion:  3 0 12 11 15 1 10 19 2 5 4 21 6 8 16 7 9 13 17 18 20 14
Coste: 6390

GENERACION: 535
Mejor Solucion:  3 0 12 11 15 1 10 19 2 5 4 21 6 8 16 7 9 13 17 18 20 14
Coste: 6390

GENERACION: 540
Mejor Solucion:  3 0 12 11 15 1 10 19 2 5 4 21 6 8 16 7 9 13 17 18 20 14
Coste: 6390

GENERACION: 545
Mejor Solucion:  3 0 12 11 15 1 10 19 2 5 4 21 6 8 16 7 9 13 17 18 20 14
Coste: 6390

GENERACION: 550
Mejor Solucion:  3 0 12 11 15 1 10 19 2 5 4 21 6 8 16 7 9 13 17 18 20 14
Coste: 6390

GENERACION: 555
Mejor Solucion:  3 0 12 11 15 1 10 19 2 5 4 21 6 8 16 7 9 13 17 18 20 14
Coste: 6390

GENERACION: 560
Mejor Solucion:  3 0 12 11 15 1 10 19 2 5 4 21 6 8 16 7 9 13 17 18 20 14
Coste: 6390

GENERACION: 565
Mejor Solucion:  3 0 12 11 15 1 10 19 2 5 4 21 6 8 16 7 9 13 17 18 20 14
Coste: 6390

GENERACION: 570
Mejor Solucion:  3 0 12 11 15 1 10 19 2 5 4 21 6 8 16 7 9 13 17 18 20 14
Coste: 6390

GENERACION: 575
Mejor Solucion:  3 0 12 11 15 1 10 19 2 5 4 21 6 8 16 7 9 13 17 18 20 14
Coste: 6390

GENERACION: 580
Mejor Solucion:  3 0 12 11 15 1 10 19 2 5 4 21 6 8 16 7 9 13 17 18 20 14
Coste: 6390

GENERACION: 585
Mejor Solucion:  3 0 12 11 15 1 10 19 2 5 4 21 6 8 16 7 9 13 17 18 20 14
Coste: 6390

GENERACION: 590
Mejor Solucion:  3 0 12 11 15 1 10 19 2 5 4 21 6 8 16 7 9 13 17 18 20 14
Coste: 6390

GENERACION: 595
Mejor Solucion:  3 0 12 11 15 1 10 19 2 5 4 21 6 8 16 7 9 13 17 18 20 14
Coste: 6390

GENERACION: 600
Mejor Solucion:  3 0 12 11 15 1 10 19 2 5 4 21 6 8 16 7 9 13 17 18 20 14
Coste: 6390

GENERACION: 605
Mejor Solucion:  3 0 12 11 15 1 10 19 2 5 4 21 6 8 16 7 9 13 17 18 20 14
Coste: 6390

GENERACION: 610
Mejor Solucion:  3 0 12 11 15 1 10 19 2 5 4 21 6 8 16 7 9 13 17 18 20 14
Coste: 6390

GENERACION: 615
Mejor Solucion:  3 0 12 11 15 1 10 19 2 5 4 21 6 8 16 7 9 13 17 18 20 14
Coste: 6390

GENERACION: 620
Mejor Solucion:  3 0 12 11 15 1 10 19 2 5 4 21 6 8 16 7 9 13 17 18 20 14
Coste: 6390

GENERACION: 625
Mejor Solucion:  3 0 12 11 15 1 10 19 2 5 4 21 6 8 16 7 9 13 17 18 20 14
Coste: 6390

GENERACION: 630
Mejor Solucion:  3 0 12 11 15 1 10 19 2 5 4 21 6 8 16 7 9 13 17 18 20 14
Coste: 6390

GENERACION: 635
Mejor Solucion:  3 0 12 11 15 1 10 19 2 5 4 21 6 8 16 7 9 13 17 18 20 14
Coste: 6390

GENERACION: 640
Mejor Solucion:  3 0 12 11 15 1 10 19 2 5 4 21 6 8 16 7 9 13 17 18 20 14
Coste: 6390

GENERACION: 645
Mejor Solucion:  3 0 12 11 15 1 10 19 2 5 4 21 6 8 16 7 9 13 17 18 20 14
Coste: 6390

GENERACION: 650
Mejor Solucion:  3 0 12 11 15 1 10 19 2 5 4 21 6 8 16 7 9 13 17 18 20 14
Coste: 6390

GENERACION: 655
Mejor Solucion:  3 0 12 11 15 1 10 19 2 5 4 21 6 8 16 7 9 13 17 18 20 14
Coste: 6390

GENERACION: 660
Mejor Solucion:  3 0 12 11 15 1 10 19 2 5 4 21 6 8 16 7 9 13 17 18 20 14
Coste: 6390

GENERACION: 665
Mejor Solucion:  3 0 12 11 15 1 10 19 2 5 4 21 6 8 16 7 9 13 17 18 20 14
Coste: 6390

GENERACION: 670
Mejor Solucion:  3 0 12 11 15 1 10 19 2 5 4 21 6 8 16 7 9 13 17 18 20 14
Coste: 6390

GENERACION: 675
Mejor Solucion:  3 0 12 11 15 1 10 19 2 5 4 21 6 8 16 7 9 13 17 18 20 14
Coste: 6390

GENERACION: 680
Mejor Solucion:  3 0 12 11 15 1 10 19 2 5 4 21 6 8 16 7 9 13 17 18 20 14
Coste: 6390

GENERACION: 685
Mejor Solucion:  3 0 12 11 15 1 10 19 2 5 4 21 6 8 16 7 9 13 17 18 20 14
Coste: 6390

GENERACION: 690
Mejor Solucion:  3 0 12 11 15 1 10 19 2 5 4 21 6 8 16 7 9 13 17 18 20 14
Coste: 6390

GENERACION: 695
Mejor Solucion:  3 0 12 11 15 1 10 19 2 5 4 21 6 8 16 7 9 13 17 18 20 14
Coste: 6390

GENERACION: 700
Mejor Solucion:  3 0 12 11 15 1 10 19 2 5 4 21 6 8 16 7 9 13 17 18 20 14
Coste: 6390

GENERACION: 705
Mejor Solucion:  3 0 12 11 15 1 10 19 2 5 4 21 6 8 16 7 9 13 17 18 20 14
Coste: 6390

GENERACION: 710
Mejor Solucion:  3 0 12 11 15 1 10 19 2 5 4 21 6 8 16 7 9 13 17 18 20 14
Coste: 6390

GENERACION: 715
Mejor Solucion:  3 0 12 11 15 1 10 19 2 5 4 21 6 8 16 7 9 13 17 18 20 14
Coste: 6390

GENERACION: 720
Mejor Solucion:  3 0 12 11 15 1 10 19 2 5 4 21 6 8 16 7 9 13 17 18 20 14
Coste: 6390

GENERACION: 725
Mejor Solucion:  3 0 12 11 15 1 10 19 2 5 4 21 6 8 16 7 9 13 17 18 20 14
Coste: 6390

GENERACION: 730
Mejor Solucion:  3 0 12 11 15 1 10 19 2 5 4 21 6 8 16 7 9 13 17 18 20 14
Coste: 6390

GENERACION: 735
Mejor Solucion:  3 0 12 11 15 1 10 19 2 5 4 21 6 8 16 7 9 13 17 18 20 14
Coste: 6390

GENERACION: 740
Mejor Solucion:  3 0 12 11 15 1 10 19 2 5 4 21 6 8 16 7 9 13 17 18 20 14
Coste: 6390

GENERACION: 745
Mejor Solucion:  3 0 12 11 15 1 10 19 2 5 4 21 6 8 16 7 9 13 17 18 20 14
Coste: 6390

GENERACION: 750
Mejor Solucion:  3 0 12 11 15 1 10 19 2 5 4 21 6 8 16 7 9 13 17 18 20 14
Coste: 6390

GENERACION: 755
Mejor Solucion:  3 0 12 11 15 1 10 19 2 5 4 21 6 8 16 7 9 13 17 18 20 14
Coste: 6390

GENERACION: 760
Mejor Solucion:  3 0 12 11 15 1 10 19 2 5 4 21 6 8 16 7 9 13 17 18 20 14
Coste: 6390

GENERACION: 765
Mejor Solucion:  3 0 12 11 15 1 10 19 2 5 4 21 6 8 16 7 9 13 17 18 20 14
Coste: 6390

GENERACION: 770
Mejor Solucion:  3 0 12 11 15 1 10 19 2 5 4 21 6 8 16 7 9 13 17 18 20 14
Coste: 6390

GENERACION: 775
Mejor Solucion:  3 0 12 11 15 1 10 19 2 5 4 21 6 8 16 7 9 13 17 18 20 14
Coste: 6390

GENERACION: 780
Mejor Solucion:  3 0 12 11 15 1 10 19 2 5 4 21 6 8 16 7 9 13 17 18 20 14
Coste: 6390

GENERACION: 785
Mejor Solucion:  3 0 12 11 15 1 10 19 2 5 4 21 6 8 16 7 9 13 17 18 20 14
Coste: 6390

GENERACION: 790
Mejor Solucion:  3 0 12 11 15 1 10 19 2 5 4 21 6 8 16 7 9 13 17 18 20 14
Coste: 6390

GENERACION: 795
Mejor Solucion:  3 0 12 11 15 1 10 19 2 5 4 21 6 8 16 7 9 13 17 18 20 14
Coste: 6390

GENERACION: 800
Mejor Solucion:  3 0 12 11 15 1 10 19 2 5 4 21 6 8 16 7 9 13 17 18 20 14
Coste: 6390

GENERACION: 805
Mejor Solucion:  3 0 12 11 15 1 10 19 2 5 4 21 6 8 16 7 9 13 17 18 20 14
Coste: 6390

GENERACION: 810
Mejor Solucion:  3 0 12 11 15 1 10 19 2 5 4 21 6 8 16 7 9 13 17 18 20 14
Coste: 6390

GENERACION: 815
Mejor Solucion:  3 0 12 11 15 1 10 19 2 5 4 21 6 8 16 7 9 13 17 18 20 14
Coste: 6390

GENERACION: 820
Mejor Solucion:  3 0 12 11 15 1 10 19 2 5 4 21 6 8 16 7 9 13 17 18 20 14
Coste: 6390

GENERACION: 825
Mejor Solucion:  3 0 12 11 15 1 10 19 2 5 4 21 6 8 16 7 9 13 17 18 20 14
Coste: 6390

GENERACION: 830
Mejor Solucion:  3 0 12 11 15 1 10 19 2 5 4 21 6 8 16 7 9 13 17 18 20 14
Coste: 6390

GENERACION: 835
Mejor Solucion:  3 0 12 11 15 1 10 19 2 5 4 21 6 8 16 7 9 13 17 18 20 14
Coste: 6390

GENERACION: 840
Mejor Solucion:  3 0 12 11 15 1 10 19 2 5 4 21 6 8 16 7 9 13 17 18 20 14
Coste: 6390

GENERACION: 845
Mejor Solucion:  3 0 12 11 15 1 10 19 2 5 4 21 6 8 16 7 9 13 17 18 20 14
Coste: 6390

GENERACION: 850
Mejor Solucion:  3 0 12 11 15 1 10 19 2 5 4 21 6 8 16 7 9 13 17 18 20 14
Coste: 6390

GENERACION: 855
Mejor Solucion:  3 0 12 11 15 1 10 19 2 5 4 21 6 8 16 7 9 13 17 18 20 14
Coste: 6390

GENERACION: 860
Mejor Solucion:  3 0 12 11 15 1 10 19 2 5 4 21 6 8 16 7 9 13 17 18 20 14
Coste: 6390

GENERACION: 865
Mejor Solucion:  3 0 12 11 15 1 10 19 2 5 4 21 6 8 16 7 9 13 17 18 20 14
Coste: 6390

GENERACION: 870
Mejor Solucion:  3 0 12 11 15 1 10 19 2 5 4 21 6 8 16 7 9 13 17 18 20 14
Coste: 6390

GENERACION: 875
Mejor Solucion:  3 0 12 11 15 1 10 19 2 5 4 21 6 8 16 7 9 13 17 18 20 14
Coste: 6390

GENERACION: 880
Mejor Solucion:  3 0 12 11 15 1 10 19 2 5 4 21 6 8 16 7 9 13 17 18 20 14
Coste: 6390

GENERACION: 885
Mejor Solucion:  3 0 12 11 15 1 10 19 2 5 4 21 6 8 16 7 9 13 17 18 20 14
Coste: 6390

GENERACION: 890
Mejor Solucion:  3 0 12 11 15 1 10 19 2 5 4 21 6 8 16 7 9 13 17 18 20 14
Coste: 6390

GENERACION: 895
Mejor Solucion:  3 0 12 11 15 1 10 19 2 5 4 21 6 8 16 7 9 13 17 18 20 14
Coste: 6390

GENERACION: 900
Mejor Solucion:  3 0 12 11 15 1 10 19 2 5 4 21 6 8 16 7 9 13 17 18 20 14
Coste: 6390

GENERACION: 905
Mejor Solucion:  3 0 12 11 15 1 10 19 2 5 4 21 6 8 16 7 9 13 17 18 20 14
Coste: 6390

GENERACION: 910
Mejor Solucion:  3 0 12 11 15 1 10 19 2 5 4 21 6 8 16 7 9 13 17 18 20 14
Coste: 6390

GENERACION: 915
Mejor Solucion:  3 0 12 11 15 1 10 19 2 5 4 21 6 8 16 7 9 13 17 18 20 14
Coste: 6390

GENERACION: 920
Mejor Solucion:  3 0 12 11 15 1 10 19 2 5 4 21 6 8 16 7 9 13 17 18 20 14
Coste: 6390

GENERACION: 925
Mejor Solucion:  3 0 12 11 15 1 10 19 2 5 4 21 6 8 16 7 9 13 17 18 20 14
Coste: 6390

GENERACION: 930
Mejor Solucion:  3 0 12 11 15 1 10 19 2 5 4 21 6 8 16 7 9 13 17 18 20 14
Coste: 6390

GENERACION: 935
Mejor Solucion:  3 0 12 11 15 1 10 19 2 5 4 21 6 8 16 7 9 13 17 18 20 14
Coste: 6390

GENERACION: 940
Mejor Solucion:  3 0 12 11 15 1 10 19 2 5 4 21 6 8 16 7 9 13 17 18 20 14
Coste: 6390

GENERACION: 945
Mejor Solucion:  3 0 12 11 15 1 10 19 2 5 4 21 6 8 16 7 9 13 17 18 20 14
Coste: 6390

GENERACION: 950
Mejor Solucion:  3 0 12 11 15 1 10 19 2 5 4 21 6 8 16 7 9 13 17 18 20 14
Coste: 6390

GENERACION: 955
Mejor Solucion:  3 0 12 11 15 1 10 19 2 5 4 21 6 8 16 7 9 13 17 18 20 14
Coste: 6390

GENERACION: 960
Mejor Solucion:  3 0 12 11 15 1 10 19 2 5 4 21 6 8 16 7 9 13 17 18 20 14
Coste: 6390

GENERACION: 965
Mejor Solucion:  3 0 12 11 15 1 10 19 2 5 4 21 6 8 16 7 9 13 17 18 20 14
Coste: 6390

GENERACION: 970
Mejor Solucion:  3 0 12 11 15 1 10 19 2 5 4 21 6 8 16 7 9 13 17 18 20 14
Coste: 6390

GENERACION: 975
Mejor Solucion:  3 0 12 11 15 1 10 19 2 5 4 21 6 8 16 7 9 13 17 18 20 14
Coste: 6390

GENERACION: 980
Mejor Solucion:  3 0 12 11 15 1 10 19 2 5 4 21 6 8 16 7 9 13 17 18 20 14
Coste: 6390

GENERACION: 985
Mejor Solucion:  3 0 12 11 15 1 10 19 2 5 4 21 6 8 16 7 9 13 17 18 20 14
Coste: 6390

GENERACION: 990
Mejor Solucion:  3 0 12 11 15 1 10 19 2 5 4 21 6 8 16 7 9 13 17 18 20 14
Coste: 6390

GENERACION: 995
Mejor Solucion:  3 0 12 11 15 1 10 19 2 5 4 21 6 8 16 7 9 13 17 18 20 14
Coste: 6390

GENERACION: 1000
Mejor Solucion:  3 0 12 11 15 1 10 19 2 5 4 21 6 8 16 7 9 13 17 18 20 14
Coste: 6390

GENERACION: 5
Mejor Solucion:  12 19 13 16 11 5 0 15 7 14 20 4 18 6 2 1 3 21 17 10 9 8
Coste: 11758

GENERACION: 10
Mejor Solucion:  10 0 8 21 13 5 1 7 11 3 4 12 16 6 2 15 19 18 20 17 9 14
Coste: 9278

GENERACION: 15
Mejor Solucion:  10 0 8 21 13 5 1 7 11 3 4 12 16 6 2 15 19 18 20 17 9 14
Coste: 6696

GENERACION: 20
Mejor Solucion:  10 0 8 21 13 5 1 7 11 3 4 12 16 6 2 15 19 18 20 17 9 14
Coste: 6696

GENERACION: 25
Mejor Solucion:  10 0 8 21 13 5 1 7 11 3 4 12 16 6 2 15 19 18 20 17 9 14
Coste: 6696

GENERACION: 30
Mejor Solucion:  10 0 8 21 13 5 1 7 11 3 4 12 16 6 2 15 19 18 20 17 9 14
Coste: 6696

GENERACION: 35
Mejor Solucion:  10 0 8 21 13 5 1 7 11 3 4 12 16 6 2 15 19 18 20 17 9 14
Coste: 6696

GENERACION: 40
Mejor Solucion:  10 0 8 21 13 5 1 7 11 3 4 12 16 6 2 15 19 18 20 17 9 14
Coste: 6696

GENERACION: 45
Mejor Solucion:  10 0 8 21 13 5 1 7 11 3 4 12 16 6 2 15 19 18 20 17 9 14
Coste: 6696

GENERACION: 50
Mejor Solucion:  10 0 8 21 13 5 1 7 11 3 4 12 16 6 2 15 19 18 20 17 9 14
Coste: 6696

GENERACION: 55
Mejor Solucion:  10 0 8 21 13 5 1 7 11 3 4 12 16 6 2 15 19 18 20 17 9 14
Coste: 6696

GENERACION: 60
Mejor Solucion:  10 0 8 21 13 5 1 7 11 3 4 12 16 6 2 15 19 18 20 17 9 14
Coste: 6696

GENERACION: 65
Mejor Solucion:  10 0 8 21 13 5 1 7 11 3 4 12 16 6 2 15 19 18 20 17 9 14
Coste: 6696

GENERACION: 70
Mejor Solucion:  10 0 6 8 13 1 5 17 16 12 4 21 20 7 2 3 15 18 14 19 9 11
Coste: 6676

GENERACION: 75
Mejor Solucion:  10 0 6 8 13 1 5 17 16 12 4 21 20 7 2 3 15 18 14 19 9 11
Coste: 6676

GENERACION: 80
Mejor Solucion:  10 0 6 8 13 1 5 17 16 12 4 21 20 7 2 3 15 18 14 19 9 11
Coste: 6676

GENERACION: 85
Mejor Solucion:  10 0 6 8 13 1 5 17 16 12 4 21 20 7 2 3 15 18 14 19 9 11
Coste: 6676

GENERACION: 90
Mejor Solucion:  10 0 6 8 13 1 5 17 16 12 4 21 20 7 2 3 15 18 14 19 9 11
Coste: 6676

GENERACION: 95
Mejor Solucion:  10 0 6 8 13 1 5 17 16 12 4 21 20 7 2 3 15 18 14 19 9 11
Coste: 6676

GENERACION: 100
Mejor Solucion:  10 0 6 8 13 1 5 17 16 12 4 21 20 7 2 3 15 18 14 19 9 11
Coste: 6676

GENERACION: 105
Mejor Solucion:  10 0 6 8 13 1 5 17 16 12 4 21 20 7 2 3 15 18 14 19 9 11
Coste: 6676

GENERACION: 110
Mejor Solucion:  10 0 6 8 13 1 5 17 16 12 4 21 20 7 2 3 15 18 14 19 9 11
Coste: 6676

GENERACION: 115
Mejor Solucion:  10 0 6 8 13 1 5 17 16 12 4 21 20 7 2 3 15 18 14 19 9 11
Coste: 6676

GENERACION: 120
Mejor Solucion:  10 0 6 8 13 1 5 17 16 12 4 21 20 7 2 3 15 18 14 19 9 11
Coste: 6676

GENERACION: 125
Mejor Solucion:  10 0 6 8 13 1 5 17 16 12 4 21 20 7 2 3 15 18 14 19 9 11
Coste: 6676

GENERACION: 130
Mejor Solucion:  10 0 6 8 13 1 5 17 16 12 4 21 20 7 2 3 15 18 14 19 9 11
Coste: 6676

GENERACION: 135
Mejor Solucion:  10 0 6 8 13 1 5 17 16 12 4 21 20 7 2 3 15 18 14 19 9 11
Coste: 6676

GENERACION: 140
Mejor Solucion:  10 0 6 8 13 1 5 17 16 12 4 21 20 7 2 3 15 18 14 19 9 11
Coste: 6676

GENERACION: 145
Mejor Solucion:  10 0 6 8 13 1 5 17 16 12 4 21 20 7 2 3 15 18 14 19 9 11
Coste: 6676

GENERACION: 150
Mejor Solucion:  10 0 6 8 13 1 5 17 16 12 4 21 20 7 2 3 15 18 14 19 9 11
Coste: 6676

GENERACION: 155
Mejor Solucion:  10 0 6 8 13 1 5 17 16 12 4 21 20 7 2 3 15 18 14 19 9 11
Coste: 6676

GENERACION: 160
Mejor Solucion:  10 0 6 8 13 1 5 17 16 12 4 21 20 7 2 3 15 18 14 19 9 11
Coste: 6676

GENERACION: 165
Mejor Solucion:  10 0 6 8 13 1 5 17 16 12 4 21 20 7 2 3 15 18 14 19 9 11
Coste: 6676

GENERACION: 170
Mejor Solucion:  10 0 6 8 13 1 5 17 16 12 4 21 20 7 2 3 15 18 14 19 9 11
Coste: 6676

GENERACION: 175
Mejor Solucion:  10 0 6 8 13 1 5 17 16 12 4 21 20 7 2 3 15 18 14 19 9 11
Coste: 6676

GENERACION: 180
Mejor Solucion:  10 0 6 8 13 1 5 17 16 12 4 21 20 7 2 3 15 18 14 19 9 11
Coste: 6676

GENERACION: 185
Mejor Solucion:  10 0 6 8 13 1 5 17 16 12 4 21 20 7 2 3 15 18 14 19 9 11
Coste: 6676

GENERACION: 190
Mejor Solucion:  10 0 6 8 13 1 5 17 16 12 4 21 20 7 2 3 15 18 14 19 9 11
Coste: 6676

GENERACION: 195
Mejor Solucion:  10 0 6 8 13 1 5 17 16 12 4 21 20 7 2 3 15 18 14 19 9 11
Coste: 6676

GENERACION: 200
Mejor Solucion:  10 0 6 8 13 1 5 17 16 12 4 21 20 7 2 3 15 18 14 19 9 11
Coste: 6676

GENERACION: 205
Mejor Solucion:  10 0 6 8 13 1 5 17 16 12 4 21 20 7 2 3 15 18 14 19 9 11
Coste: 6676

GENERACION: 210
Mejor Solucion:  10 0 6 8 13 1 5 17 16 12 4 21 20 7 2 3 15 18 14 19 9 11
Coste: 6676

GENERACION: 215
Mejor Solucion:  10 0 6 8 13 1 5 17 16 12 4 21 20 7 2 3 15 18 14 19 9 11
Coste: 6676

GENERACION: 220
Mejor Solucion:  10 0 6 8 13 1 5 17 16 12 4 21 20 7 2 3 15 18 14 19 9 11
Coste: 6676

GENERACION: 225
Mejor Solucion:  10 0 6 8 13 1 5 17 16 12 4 21 20 7 2 3 15 18 14 19 9 11
Coste: 6676

GENERACION: 230
Mejor Solucion:  10 0 6 8 13 1 5 17 16 12 4 21 20 7 2 3 15 18 14 19 9 11
Coste: 6676

GENERACION: 235
Mejor Solucion:  10 0 6 8 13 1 5 17 16 12 4 21 20 7 2 3 15 18 14 19 9 11
Coste: 6676

GENERACION: 240
Mejor Solucion:  17 0 8 11 20 5 1 18 21 15 13 16 7 2 3 6 14 4 9 19 12 10
Coste: 6657

GENERACION: 245
Mejor Solucion:  17 0 8 11 20 5 1 18 21 15 13 16 7 2 3 6 14 4 9 19 12 10
Coste: 6608

GENERACION: 250
Mejor Solucion:  17 0 8 11 20 5 1 18 21 15 13 16 7 2 3 6 14 4 9 19 12 10
Coste: 6608

GENERACION: 255
Mejor Solucion:  17 0 8 11 20 5 1 18 21 15 13 16 7 2 3 6 14 4 9 19 12 10
Coste: 6608

GENERACION: 260
Mejor Solucion:  17 0 8 11 20 5 1 18 21 15 13 16 7 2 3 6 14 4 9 19 12 10
Coste: 6608

GENERACION: 265
Mejor Solucion:  17 0 8 11 20 5 1 18 21 15 13 16 7 2 3 6 14 4 9 19 12 10
Coste: 6608

GENERACION: 270
Mejor Solucion:  10 0 8 21 4 5 1 11 18 15 13 9 16 6 3 14 19 20 2 17 12 7
Coste: 6542

GENERACION: 275
Mejor Solucion:  10 0 8 21 4 5 1 11 18 15 13 9 16 6 3 14 19 20 2 17 12 7
Coste: 6542

GENERACION: 280
Mejor Solucion:  10 0 8 21 4 5 1 11 18 15 13 9 16 6 3 14 19 20 2 17 12 7
Coste: 6542

GENERACION: 285
Mejor Solucion:  10 0 8 21 4 5 1 11 18 15 13 9 16 6 3 14 19 20 2 17 12 7
Coste: 6542

GENERACION: 290
Mejor Solucion:  10 0 8 21 4 5 1 11 18 15 13 9 16 6 3 14 19 20 2 17 12 7
Coste: 6542

GENERACION: 295
Mejor Solucion:  10 0 8 21 4 5 1 11 18 15 13 9 16 6 3 14 19 20 2 17 12 7
Coste: 6542

GENERACION: 300
Mejor Solucion:  10 0 8 21 4 5 1 11 18 15 13 9 16 6 3 14 19 20 2 17 12 7
Coste: 6542

GENERACION: 305
Mejor Solucion:  10 0 8 21 4 5 1 11 18 15 13 9 16 6 3 14 19 20 2 17 12 7
Coste: 6542

GENERACION: 310
Mejor Solucion:  10 0 8 21 4 5 1 11 18 15 13 9 16 6 3 14 19 20 2 17 12 7
Coste: 6542

GENERACION: 315
Mejor Solucion:  10 0 8 21 4 5 1 11 18 15 13 9 16 6 3 14 19 20 2 17 12 7
Coste: 6542

GENERACION: 320
Mejor Solucion:  10 0 8 21 4 5 1 11 18 15 13 9 16 6 3 14 19 20 2 17 12 7
Coste: 6542

GENERACION: 325
Mejor Solucion:  10 0 8 21 4 5 1 11 18 15 13 9 16 6 3 14 19 20 2 17 12 7
Coste: 6542

GENERACION: 330
Mejor Solucion:  10 0 8 21 4 5 1 11 18 15 13 9 16 6 3 14 19 20 2 17 12 7
Coste: 6542

GENERACION: 335
Mejor Solucion:  10 0 8 21 4 5 1 11 18 15 13 9 16 6 3 14 19 20 2 17 12 7
Coste: 6542

GENERACION: 340
Mejor Solucion:  10 0 8 21 4 5 1 11 18 15 13 9 16 6 3 14 19 20 2 17 12 7
Coste: 6542

GENERACION: 345
Mejor Solucion:  10 0 8 21 4 5 1 11 18 15 13 9 16 6 3 14 19 20 2 17 12 7
Coste: 6542

GENERACION: 350
Mejor Solucion:  10 0 8 21 4 5 1 11 18 15 13 9 16 6 3 14 19 20 2 17 12 7
Coste: 6542

GENERACION: 355
Mejor Solucion:  3 0 12 11 15 1 10 19 2 14 4 21 6 8 20 7 9 13 17 18 16 5
Coste: 6516

GENERACION: 360
Mejor Solucion:  3 0 12 11 15 1 10 19 2 14 4 21 6 8 20 7 9 13 17 18 16 5
Coste: 6516

GENERACION: 365
Mejor Solucion:  3 0 12 11 15 1 10 19 2 14 4 21 6 8 20 7 9 13 17 18 16 5
Coste: 6516

GENERACION: 370
Mejor Solucion:  3 0 12 11 15 1 10 19 2 14 4 21 6 8 20 7 9 13 17 18 16 5
Coste: 6516

GENERACION: 375
Mejor Solucion:  3 0 12 11 15 1 10 19 2 14 4 21 6 8 20 7 9 13 17 18 16 5
Coste: 6516

GENERACION: 380
Mejor Solucion:  3 0 12 11 15 1 10 19 2 14 4 21 6 8 20 7 9 13 17 18 16 5
Coste: 6516

GENERACION: 385
Mejor Solucion:  3 0 12 11 15 1 10 19 2 14 4 21 6 8 20 7 9 13 17 18 16 5
Coste: 6516

GENERACION: 390
Mejor Solucion:  3 0 12 11 15 1 10 19 2 14 4 21 6 8 20 7 9 13 17 18 16 5
Coste: 6516

GENERACION: 395
Mejor Solucion:  3 0 12 11 15 1 10 19 2 14 4 21 6 8 20 7 9 13 17 18 16 5
Coste: 6516

GENERACION: 400
Mejor Solucion:  3 0 12 11 15 1 10 19 2 14 4 21 6 8 20 7 9 13 17 18 16 5
Coste: 6516

GENERACION: 405
Mejor Solucion:  3 0 12 11 15 1 10 19 2 14 4 21 6 8 20 7 9 13 17 18 16 5
Coste: 6516

GENERACION: 410
Mejor Solucion:  3 0 12 11 15 1 10 19 2 14 4 21 6 8 20 7 9 13 17 18 16 5
Coste: 6516

GENERACION: 415
Mejor Solucion:  3 0 12 11 15 1 10 19 2 14 4 21 6 8 20 7 9 13 17 18 16 5
Coste: 6516

GENERACION: 420
Mejor Solucion:  3 0 12 11 15 1 10 19 2 14 4 21 6 8 20 7 9 13 17 18 16 5
Coste: 6516

GENERACION: 425
Mejor Solucion:  3 0 12 11 15 1 10 19 2 14 4 21 6 8 20 7 9 13 17 18 16 5
Coste: 6516

GENERACION: 430
Mejor Solucion:  3 0 12 11 15 1 10 19 2 14 4 21 6 8 20 7 9 13 17 18 16 5
Coste: 6516

GENERACION: 435
Mejor Solucion:  3 0 12 11 15 1 10 19 2 14 4 21 6 8 20 7 9 13 17 18 16 5
Coste: 6516

GENERACION: 440
Mejor Solucion:  3 0 12 11 15 1 10 19 2 14 4 21 6 8 20 7 9 13 17 18 16 5
Coste: 6516

GENERACION: 445
Mejor Solucion:  3 0 12 11 15 1 10 19 2 14 4 21 6 8 20 7 9 13 17 18 16 5
Coste: 6516

GENERACION: 450
Mejor Solucion:  3 0 12 11 15 1 10 19 2 14 4 21 6 8 20 7 9 13 17 18 16 5
Coste: 6516

GENERACION: 455
Mejor Solucion:  3 0 12 11 15 1 10 19 2 14 4 21 6 8 20 7 9 13 17 18 16 5
Coste: 6516

GENERACION: 460
Mejor Solucion:  3 0 12 11 15 1 10 19 2 5 4 21 6 8 16 7 9 13 17 18 20 14
Coste: 6453

GENERACION: 465
Mejor Solucion:  3 0 12 11 15 1 10 19 2 5 4 21 6 8 16 7 9 13 17 18 20 14
Coste: 6390

GENERACION: 470
Mejor Solucion:  3 0 12 11 15 1 10 19 2 5 4 21 6 8 16 7 9 13 17 18 20 14
Coste: 6390

GENERACION: 475
Mejor Solucion:  3 0 12 11 15 1 10 19 2 5 4 21 6 8 16 7 9 13 17 18 20 14
Coste: 6390

GENERACION: 480
Mejor Solucion:  3 0 12 11 15 1 10 19 2 5 4 21 6 8 16 7 9 13 17 18 20 14
Coste: 6390

GENERACION: 485
Mejor Solucion:  3 0 12 11 15 1 10 19 2 5 4 21 6 8 16 7 9 13 17 18 20 14
Coste: 6390

GENERACION: 490
Mejor Solucion:  3 0 12 11 15 1 10 19 2 5 4 21 6 8 16 7 9 13 17 18 20 14
Coste: 6390

GENERACION: 495
Mejor Solucion:  3 0 12 11 15 1 10 19 2 5 4 21 6 8 16 7 9 13 17 18 20 14
Coste: 6390

GENERACION: 500
Mejor Solucion:  3 0 12 11 15 1 10 19 2 5 4 21 6 8 16 7 9 13 17 18 20 14
Coste: 6390

GENERACION: 505
Mejor Solucion:  3 0 12 11 15 1 10 19 2 5 4 21 6 8 16 7 9 13 17 18 20 14
Coste: 6390

GENERACION: 510
Mejor Solucion:  3 0 12 11 15 1 10 19 2 5 4 21 6 8 16 7 9 13 17 18 20 14
Coste: 6390

GENERACION: 515
Mejor Solucion:  3 0 12 11 15 1 10 19 2 5 4 21 6 8 16 7 9 13 17 18 20 14
Coste: 6390

GENERACION: 520
Mejor Solucion:  3 0 12 11 15 1 10 19 2 5 4 21 6 8 16 7 9 13 17 18 20 14
Coste: 6390

GENERACION: 525
Mejor Solucion:  3 0 12 11 15 1 10 19 2 5 4 21 6 8 16 7 9 13 17 18 20 14
Coste: 6390

GENERACION: 530
Mejor Solucion:  3 0 12 11 15 1 10 19 2 5 4 21 6 8 16 7 9 13 17 18 20 14
Coste: 6390

GENERACION: 535
Mejor Solucion:  3 0 12 11 15 1 10 19 2 5 4 21 6 8 16 7 9 13 17 18 20 14
Coste: 6390

GENERACION: 540
Mejor Solucion:  3 0 12 11 15 1 10 19 2 5 4 21 6 8 16 7 9 13 17 18 20 14
Coste: 6390

GENERACION: 545
Mejor Solucion:  3 0 12 11 15 1 10 19 2 5 4 21 6 8 16 7 9 13 17 18 20 14
Coste: 6390

GENERACION: 550
Mejor Solucion:  3 0 12 11 15 1 10 19 2 5 4 21 6 8 16 7 9 13 17 18 20 14
Coste: 6390

GENERACION: 555
Mejor Solucion:  3 0 12 11 15 1 10 19 2 5 4 21 6 8 16 7 9 13 17 18 20 14
Coste: 6390

GENERACION: 560
Mejor Solucion:  3 0 12 11 15 1 10 19 2 5 4 21 6 8 16 7 9 13 17 18 20 14
Coste: 6390

GENERACION: 565
Mejor Solucion:  3 0 12 11 15 1 10 19 2 5 4 21 6 8 16 7 9 13 17 18 20 14
Coste: 6390

GENERACION: 570
Mejor Solucion:  3 0 12 11 15 1 10 19 2 5 4 21 6 8 16 7 9 13 17 18 20 14
Coste: 6390

GENERACION: 575
Mejor Solucion:  3 0 12 11 15 1 10 19 2 5 4 21 6 8 16 7 9 13 17 18 20 14
Coste: 6390

GENERACION: 580
Mejor Solucion:  3 0 12 11 15 1 10 19 2 5 4 21 6 8 16 7 9 13 17 18 20 14
Coste: 6390

GENERACION: 585
Mejor Solucion:  3 0 12 11 15 1 10 19 2 5 4 21 6 8 16 7 9 13 17 18 20 14
Coste: 6390

GENERACION: 590
Mejor Solucion:  3 0 12 11 15 1 10 19 2 5 4 21 6 8 16 7 9 13 17 18 20 14
Coste: 6390

GENERACION: 595
Mejor Solucion:  3 0 12 11 15 1 10 19 2 5 4 21 6 8 16 7 9 13 17 18 20 14
Coste: 6390

GENERACION: 600
Mejor Solucion:  3 0 12 11 15 1 10 19 2 5 4 21 6 8 16 7 9 13 17 18 20 14
Coste: 6390

GENERACION: 605
Mejor Solucion:  3 0 12 11 15 1 10 19 2 5 4 21 6 8 16 7 9 13 17 18 20 14
Coste: 6390

GENERACION: 610
Mejor Solucion:  3 0 12 11 15 1 10 19 2 5 4 21 6 8 16 7 9 13 17 18 20 14
Coste: 6390

GENERACION: 615
Mejor Solucion:  3 0 12 11 15 1 10 19 2 5 4 21 6 8 16 7 9 13 17 18 20 14
Coste: 6390

GENERACION: 620
Mejor Solucion:  3 0 12 11 15 1 10 19 2 5 4 21 6 8 16 7 9 13 17 18 20 14
Coste: 6390

GENERACION: 625
Mejor Solucion:  3 0 12 11 15 1 10 19 2 5 4 21 6 8 16 7 9 13 17 18 20 14
Coste: 6390

GENERACION: 630
Mejor Solucion:  3 0 12 11 15 1 10 19 2 5 4 21 6 8 16 7 9 13 17 18 20 14
Coste: 6390

GENERACION: 635
Mejor Solucion:  3 0 12 11 15 1 10 19 2 5 4 21 6 8 16 7 9 13 17 18 20 14
Coste: 6390

GENERACION: 640
Mejor Solucion:  3 0 12 11 15 1 10 19 2 5 4 21 6 8 16 7 9 13 17 18 20 14
Coste: 6390

GENERACION: 645
Mejor Solucion:  3 0 12 11 15 1 10 19 2 5 4 21 6 8 16 7 9 13 17 18 20 14
Coste: 6390

GENERACION: 650
Mejor Solucion:  3 0 12 11 15 1 10 19 2 5 4 21 6 8 16 7 9 13 17 18 20 14
Coste: 6390

GENERACION: 655
Mejor Solucion:  3 0 12 11 15 1 10 19 2 5 4 21 6 8 16 7 9 13 17 18 20 14
Coste: 6390

GENERACION: 660
Mejor Solucion:  3 0 12 11 15 1 10 19 2 5 4 21 6 8 16 7 9 13 17 18 20 14
Coste: 6390

GENERACION: 665
Mejor Solucion:  3 0 12 11 15 1 10 19 2 5 4 21 6 8 16 7 9 13 17 18 20 14
Coste: 6390

GENERACION: 670
Mejor Solucion:  3 0 12 11 15 1 10 19 2 5 4 21 6 8 16 7 9 13 17 18 20 14
Coste: 6390

GENERACION: 675
Mejor Solucion:  3 0 12 11 15 1 10 19 2 5 4 21 6 8 16 7 9 13 17 18 20 14
Coste: 6390

GENERACION: 680
Mejor Solucion:  3 0 12 11 15 1 10 19 2 5 4 21 6 8 16 7 9 13 17 18 20 14
Coste: 6390

GENERACION: 685
Mejor Solucion:  3 0 12 11 15 1 10 19 2 5 4 21 6 8 16 7 9 13 17 18 20 14
Coste: 6390

GENERACION: 690
Mejor Solucion:  3 0 12 11 15 1 10 19 2 5 4 21 6 8 16 7 9 13 17 18 20 14
Coste: 6390

GENERACION: 695
Mejor Solucion:  3 0 12 11 15 1 10 19 2 5 4 21 6 8 16 7 9 13 17 18 20 14
Coste: 6390

GENERACION: 700
Mejor Solucion:  3 0 12 11 15 1 10 19 2 5 4 21 6 8 16 7 9 13 17 18 20 14
Coste: 6390

GENERACION: 705
Mejor Solucion:  3 0 12 11 15 1 10 19 2 5 4 21 6 8 16 7 9 13 17 18 20 14
Coste: 6390

GENERACION: 710
Mejor Solucion:  3 0 12 11 15 1 10 19 2 5 4 21 6 8 16 7 9 13 17 18 20 14
Coste: 6390

GENERACION: 715
Mejor Solucion:  3 0 12 11 15 1 10 19 2 5 4 21 6 8 16 7 9 13 17 18 20 14
Coste: 6390

GENERACION: 720
Mejor Solucion:  3 0 12 11 15 1 10 19 2 5 4 21 6 8 16 7 9 13 17 18 20 14
Coste: 6390

GENERACION: 725
Mejor Solucion:  3 0 12 11 15 1 10 19 2 5 4 21 6 8 16 7 9 13 17 18 20 14
Coste: 6390

GENERACION: 730
Mejor Solucion:  3 0 12 11 15 1 10 19 2 5 4 21 6 8 16 7 9 13 17 18 20 14
Coste: 6390

GENERACION: 735
Mejor Solucion:  3 0 12 11 15 1 10 19 2 5 4 21 6 8 16 7 9 13 17 18 20 14
Coste: 6390

GENERACION: 740
Mejor Solucion:  3 0 12 11 15 1 10 19 2 5 4 21 6 8 16 7 9 13 17 18 20 14
Coste: 6390

GENERACION: 745
Mejor Solucion:  3 0 12 11 15 1 10 19 2 5 4 21 6 8 16 7 9 13 17 18 20 14
Coste: 6390

GENERACION: 750
Mejor Solucion:  3 0 12 11 15 1 10 19 2 5 4 21 6 8 16 7 9 13 17 18 20 14
Coste: 6390

GENERACION: 755
Mejor Solucion:  3 0 12 11 15 1 10 19 2 5 4 21 6 8 16 7 9 13 17 18 20 14
Coste: 6390

GENERACION: 760
Mejor Solucion:  3 0 12 11 15 1 10 19 2 5 4 21 6 8 16 7 9 13 17 18 20 14
Coste: 6390

GENERACION: 765
Mejor Solucion:  3 0 12 11 15 1 10 19 2 5 4 21 6 8 16 7 9 13 17 18 20 14
Coste: 6390

GENERACION: 770
Mejor Solucion:  3 0 12 11 15 1 10 19 2 5 4 21 6 8 16 7 9 13 17 18 20 14
Coste: 6390

GENERACION: 775
Mejor Solucion:  3 0 12 11 15 1 10 19 2 5 4 21 6 8 16 7 9 13 17 18 20 14
Coste: 6390

GENERACION: 780
Mejor Solucion:  3 0 12 11 15 1 10 19 2 5 4 21 6 8 16 7 9 13 17 18 20 14
Coste: 6390

GENERACION: 785
Mejor Solucion:  3 0 12 11 15 1 10 19 2 5 4 21 6 8 16 7 9 13 17 18 20 14
Coste: 6390

GENERACION: 790
Mejor Solucion:  3 0 12 11 15 1 10 19 2 5 4 21 6 8 16 7 9 13 17 18 20 14
Coste: 6390

GENERACION: 795
Mejor Solucion:  3 0 12 11 15 1 10 19 2 5 4 21 6 8 16 7 9 13 17 18 20 14
Coste: 6390

GENERACION: 800
Mejor Solucion:  3 0 12 11 15 1 10 19 2 5 4 21 6 8 16 7 9 13 17 18 20 14
Coste: 6390

GENERACION: 805
Mejor Solucion:  3 0 12 11 15 1 10 19 2 5 4 21 6 8 16 7 9 13 17 18 20 14
Coste: 6390

GENERACION: 810
Mejor Solucion:  3 0 12 11 15 1 10 19 2 5 4 21 6 8 16 7 9 13 17 18 20 14
Coste: 6390

GENERACION: 815
Mejor Solucion:  3 0 12 11 15 1 10 19 2 5 4 21 6 8 16 7 9 13 17 18 20 14
Coste: 6390

GENERACION: 820
Mejor Solucion:  3 0 12 11 15 1 10 19 2 5 4 21 6 8 16 7 9 13 17 18 20 14
Coste: 6390

GENERACION: 825
Mejor Solucion:  3 0 12 11 15 1 10 19 2 5 4 21 6 8 16 7 9 13 17 18 20 14
Coste: 6390

GENERACION: 830
Mejor Solucion:  3 0 12 11 15 1 10 19 2 5 4 21 6 8 16 7 9 13 17 18 20 14
Coste: 6390

GENERACION: 835
Mejor Solucion:  3 0 12 11 15 1 10 19 2 5 4 21 6 8 16 7 9 13 17 18 20 14
Coste: 6390

GENERACION: 840
Mejor Solucion:  3 0 12 11 15 1 10 19 2 5 4 21 6 8 16 7 9 13 17 18 20 14
Coste: 6390

GENERACION: 845
Mejor Solucion:  3 0 12 11 15 1 10 19 2 5 4 21 6 8 16 7 9 13 17 18 20 14
Coste: 6390

GENERACION: 850
Mejor Solucion:  3 0 12 11 15 1 10 19 2 5 4 21 6 8 16 7 9 13 17 18 20 14
Coste: 6390

GENERACION: 855
Mejor Solucion:  3 0 12 11 15 1 10 19 2 5 4 21 6 8 16 7 9 13 17 18 20 14
Coste: 6390

GENERACION: 860
Mejor Solucion:  3 0 12 11 15 1 10 19 2 5 4 21 6 8 16 7 9 13 17 18 20 14
Coste: 6390

GENERACION: 865
Mejor Solucion:  3 0 12 11 15 1 10 19 2 5 4 21 6 8 16 7 9 13 17 18 20 14
Coste: 6390

GENERACION: 870
Mejor Solucion:  3 0 12 11 15 1 10 19 2 5 4 21 6 8 16 7 9 13 17 18 20 14
Coste: 6390

GENERACION: 875
Mejor Solucion:  3 0 12 11 15 1 10 19 2 5 4 21 6 8 16 7 9 13 17 18 20 14
Coste: 6390

GENERACION: 880
Mejor Solucion:  3 0 12 11 15 1 10 19 2 5 4 21 6 8 16 7 9 13 17 18 20 14
Coste: 6390

GENERACION: 885
Mejor Solucion:  3 0 12 11 15 1 10 19 2 5 4 21 6 8 16 7 9 13 17 18 20 14
Coste: 6390

GENERACION: 890
Mejor Solucion:  3 0 12 11 15 1 10 19 2 5 4 21 6 8 16 7 9 13 17 18 20 14
Coste: 6390

GENERACION: 895
Mejor Solucion:  3 0 12 11 15 1 10 19 2 5 4 21 6 8 16 7 9 13 17 18 20 14
Coste: 6390

GENERACION: 900
Mejor Solucion:  3 0 12 11 15 1 10 19 2 5 4 21 6 8 16 7 9 13 17 18 20 14
Coste: 6390

GENERACION: 905
Mejor Solucion:  3 0 12 11 15 1 10 19 2 5 4 21 6 8 16 7 9 13 17 18 20 14
Coste: 6390

GENERACION: 910
Mejor Solucion:  3 0 12 11 15 1 10 19 2 5 4 21 6 8 16 7 9 13 17 18 20 14
Coste: 6390

GENERACION: 915
Mejor Solucion:  3 0 12 11 15 1 10 19 2 5 4 21 6 8 16 7 9 13 17 18 20 14
Coste: 6390

GENERACION: 920
Mejor Solucion:  3 0 12 11 15 1 10 19 2 5 4 21 6 8 16 7 9 13 17 18 20 14
Coste: 6390

GENERACION: 925
Mejor Solucion:  3 0 12 11 15 1 10 19 2 5 4 21 6 8 16 7 9 13 17 18 20 14
Coste: 6390

GENERACION: 930
Mejor Solucion:  3 0 12 11 15 1 10 19 2 5 4 21 6 8 16 7 9 13 17 18 20 14
Coste: 6390

GENERACION: 935
Mejor Solucion:  3 0 12 11 15 1 10 19 2 5 4 21 6 8 16 7 9 13 17 18 20 14
Coste: 6390

GENERACION: 940
Mejor Solucion:  3 0 12 11 15 1 10 19 2 5 4 21 6 8 16 7 9 13 17 18 20 14
Coste: 6390

GENERACION: 945
Mejor Solucion:  3 0 12 11 15 1 10 19 2 5 4 21 6 8 16 7 9 13 17 18 20 14
Coste: 6390

GENERACION: 950
Mejor Solucion:  3 0 12 11 15 1 10 19 2 5 4 21 6 8 16 7 9 13 17 18 20 14
Coste: 6390

GENERACION: 955
Mejor Solucion:  3 0 12 11 15 1 10 19 2 5 4 21 6 8 16 7 9 13 17 18 20 14
Coste: 6390

GENERACION: 960
Mejor Solucion:  3 0 12 11 15 1 10 19 2 5 4 21 6 8 16 7 9 13 17 18 20 14
Coste: 6390

GENERACION: 965
Mejor Solucion:  3 0 12 11 15 1 10 19 2 5 4 21 6 8 16 7 9 13 17 18 20 14
Coste: 6390

GENERACION: 970
Mejor Solucion:  3 0 12 11 15 1 10 19 2 5 4 21 6 8 16 7 9 13 17 18 20 14
Coste: 6390

GENERACION: 975
Mejor Solucion:  3 0 12 11 15 1 10 19 2 5 4 21 6 8 16 7 9 13 17 18 20 14
Coste: 6390

GENERACION: 980
Mejor Solucion:  3 0 12 11 15 1 10 19 2 5 4 21 6 8 16 7 9 13 17 18 20 14
Coste: 6390

GENERACION: 985
Mejor Solucion:  3 0 12 11 15 1 10 19 2 5 4 21 6 8 16 7 9 13 17 18 20 14
Coste: 6390

GENERACION: 990
Mejor Solucion:  3 0 12 11 15 1 10 19 2 5 4 21 6 8 16 7 9 13 17 18 20 14
Coste: 6390

GENERACION: 995
Mejor Solucion:  3 0 12 11 15 1 10 19 2 5 4 21 6 8 16 7 9 13 17 18 20 14
Coste: 6390

GENERACION: 1000
Mejor Solucion:  3 0 12 11 15 1 10 19 2 5 4 21 6 8 16 7 9 13 17 18 20 14
Coste: 6390

