GENERACION: 5
Mejor Solucion:  20 5 14 7 13 12 17 9 0 6 10 19 21 11 1 16 3 2 4 18 8 15
Coste: 11540

GENERACION: 10
Mejor Solucion:  19 7 4 3 12 5 14 18 15 10 2 16 0 20 6 8 13 9 17 11 1 21
Coste: 10346

GENERACION: 15
Mejor Solucion:  19 7 4 3 12 5 14 18 15 10 2 16 0 20 6 8 13 9 17 11 1 21
Coste: 10346

GENERACION: 20
Mejor Solucion:  2 0 1 19 15 5 16 18 6 21 14 3 12 20 13 8 9 7 17 11 4 10
Coste: 10008

GENERACION: 25
Mejor Solucion:  2 0 1 19 15 5 16 18 6 21 14 3 12 20 13 8 9 7 17 11 4 10
Coste: 10008

GENERACION: 30
Mejor Solucion:  3 0 1 19 15 5 2 7 14 6 4 12 16 9 10 8 20 13 17 18 21 11
Coste: 8333

GENERACION: 35
Mejor Solucion:  3 0 1 19 15 5 2 7 4 6 14 12 16 9 10 8 20 13 17 18 21 11
Coste: 7386

GENERACION: 40
Mejor Solucion:  3 1 19 12 15 0 2 13 4 6 14 16 5 9 10 8 20 7 17 18 21 11
Coste: 6919

GENERACION: 45
Mejor Solucion:  3 1 19 12 15 0 2 13 4 6 14 16 5 9 10 8 20 7 17 18 21 11
Coste: 6708

GENERACION: 50
Mejor Solucion:  3 1 19 12 15 0 2 13 4 6 14 16 5 9 10 8 20 7 17 18 21 11
Coste: 6708

GENERACION: 55
Mejor Solucion:  3 1 19 12 15 0 2 13 4 6 14 16 5 9 10 8 20 7 17 18 21 11
Coste: 6708

GENERACION: 60
Mejor Solucion:  3 1 19 12 15 0 2 13 4 6 14 16 5 9 10 8 20 7 17 18 21 11
Coste: 6708

GENERACION: 65
Mejor Solucion:  3 1 19 12 15 0 2 13 4 6 14 16 5 9 10 8 20 7 17 18 21 11
Coste: 6708

GENERACION: 70
Mejor Solucion:  3 1 11 19 15 0 2 17 12 6 14 16 5 9 10 20 8 7 4 18 21 13
Coste: 6677

GENERACION: 75
Mejor Solucion:  3 1 11 19 15 0 2 17 12 6 14 16 5 9 10 20 8 7 4 18 21 13
Coste: 6677

GENERACION: 80
Mejor Solucion:  3 1 11 19 15 0 2 17 12 6 14 16 5 9 10 20 8 7 4 18 21 13
Coste: 6608

GENERACION: 85
Mejor Solucion:  3 1 11 19 15 0 2 17 12 6 14 16 5 9 10 20 8 7 4 18 21 13
Coste: 6608

GENERACION: 90
Mejor Solucion:  3 1 11 19 15 0 2 17 12 6 14 16 5 9 10 20 8 7 4 18 21 13
Coste: 6608

GENERACION: 95
Mejor Solucion:  3 1 11 19 15 0 2 17 12 6 14 16 5 9 10 20 8 7 4 18 21 13
Coste: 6608

GENERACION: 100
Mejor Solucion:  3 1 11 19 15 0 2 17 12 6 14 16 5 9 10 20 8 7 4 18 21 13
Coste: 6608

GENERACION: 105
Mejor Solucion:  3 1 11 19 15 0 2 17 12 6 14 16 5 9 10 20 8 7 4 18 21 13
Coste: 6608

GENERACION: 110
Mejor Solucion:  3 1 11 19 15 0 2 17 12 6 14 16 5 9 10 20 8 7 4 18 21 13
Coste: 6608

GENERACION: 115
Mejor Solucion:  3 1 11 19 15 0 2 17 12 6 14 16 5 9 10 20 8 7 4 18 21 13
Coste: 6608

GENERACION: 120
Mejor Solucion:  3 1 11 19 15 0 2 17 12 6 14 16 5 9 10 20 8 7 4 18 21 13
Coste: 6608

GENERACION: 125
Mejor Solucion:  3 1 11 19 15 0 2 17 12 6 14 16 5 9 10 20 8 7 4 18 21 13
Coste: 6608

GENERACION: 130
Mejor Solucion:  3 1 11 19 15 0 2 17 12 6 14 16 5 9 10 20 8 7 4 18 21 13
Coste: 6608

GENERACION: 135
Mejor Solucion:  3 1 11 19 15 0 2 17 12 6 14 16 5 9 10 20 8 7 4 18 21 13
Coste: 6608

GENERACION: 140
Mejor Solucion:  3 1 11 19 15 0 2 17 12 6 14 16 5 9 10 20 8 7 4 18 21 13
Coste: 6608

GENERACION: 145
Mejor Solucion:  3 1 11 19 15 0 2 17 12 6 14 16 5 9 10 20 8 7 4 18 21 13
Coste: 6608

GENERACION: 150
Mejor Solucion:  3 1 11 19 15 0 2 17 12 6 14 16 5 9 10 20 8 7 4 18 21 13
Coste: 6608

GENERACION: 155
Mejor Solucion:  3 1 11 19 15 0 2 17 12 6 14 16 5 9 10 20 8 7 4 18 21 13
Coste: 6608

GENERACION: 160
Mejor Solucion:  3 1 11 19 15 0 2 17 12 6 14 16 5 9 10 20 8 7 4 18 21 13
Coste: 6608

GENERACION: 165
Mejor Solucion:  3 1 11 19 15 0 2 17 12 6 14 16 5 9 10 20 8 7 4 18 21 13
Coste: 6608

GENERACION: 170
Mejor Solucion:  3 1 11 19 15 0 2 17 12 6 14 16 5 9 10 20 8 7 4 18 21 13
Coste: 6608

GENERACION: 175
Mejor Solucion:  3 1 11 19 15 0 2 17 12 6 14 16 5 9 10 20 8 7 4 18 21 13
Coste: 6608

GENERACION: 180
Mejor Solucion:  3 1 11 19 15 0 2 17 12 6 14 16 5 9 10 20 8 7 4 18 21 13
Coste: 6608

GENERACION: 185
Mejor Solucion:  3 1 11 19 15 0 2 17 12 6 14 16 5 9 10 20 8 7 4 18 21 13
Coste: 6608

GENERACION: 190
Mejor Solucion:  3 1 11 19 15 0 2 17 12 6 14 16 5 9 10 20 8 7 4 18 21 13
Coste: 6608

GENERACION: 195
Mejor Solucion:  3 1 11 19 15 0 2 17 12 6 14 16 5 9 10 20 8 7 4 18 21 13
Coste: 6608

GENERACION: 200
Mejor Solucion:  3 1 11 19 15 0 2 17 12 6 14 16 5 9 10 20 8 7 4 18 21 13
Coste: 6608

GENERACION: 205
Mejor Solucion:  3 1 11 19 15 0 2 17 12 6 14 16 5 9 10 20 8 7 4 18 21 13
Coste: 6608

GENERACION: 210
Mejor Solucion:  3 1 11 19 15 0 2 17 12 6 14 16 5 9 10 20 8 7 4 18 21 13
Coste: 6608

GENERACION: 215
Mejor Solucion:  3 1 11 19 15 0 2 17 12 6 14 16 5 9 10 20 8 7 4 18 21 13
Coste: 6608

GENERACION: 220
Mejor Solucion:  3 1 11 19 15 0 2 17 12 6 14 16 5 9 10 20 8 7 4 18 21 13
Coste: 6608

GENERACION: 225
Mejor Solucion:  3 1 11 19 15 0 2 17 12 6 14 16 5 9 10 20 8 7 4 18 21 13
Coste: 6608

GENERACION: 230
Mejor Solucion:  3 1 11 19 15 0 2 17 12 6 14 16 5 9 10 20 8 7 4 18 21 13
Coste: 6608

GENERACION: 235
Mejor Solucion:  3 1 11 19 15 0 2 17 12 6 14 16 5 9 10 20 8 7 4 18 21 13
Coste: 6608

GENERACION: 240
Mejor Solucion:  3 1 11 19 15 0 2 17 12 6 14 16 5 9 10 20 8 7 4 18 21 13
Coste: 6608

GENERACION: 245
Mejor Solucion:  7 1 5 14 8 0 2 9 18 6 17 21 16 3 10 15 20 11 12 19 13 4
Coste: 6490

GENERACION: 250
Mejor Solucion:  7 1 5 14 8 0 2 9 18 6 17 21 16 3 10 15 20 11 12 19 13 4
Coste: 6490

GENERACION: 255
Mejor Solucion:  7 1 5 14 8 0 2 9 18 6 17 21 16 3 10 15 20 11 12 19 13 4
Coste: 6490

GENERACION: 260
Mejor Solucion:  7 1 5 14 8 0 2 9 18 6 17 21 16 3 10 15 20 11 12 19 13 4
Coste: 6490

GENERACION: 265
Mejor Solucion:  7 1 5 14 8 0 2 9 18 6 17 21 16 3 10 15 20 11 12 19 13 4
Coste: 6490

GENERACION: 270
Mejor Solucion:  7 1 5 14 8 0 2 9 18 6 17 21 16 3 10 15 20 11 12 19 13 4
Coste: 6490

GENERACION: 275
Mejor Solucion:  7 1 5 14 8 0 2 9 18 6 17 21 16 3 10 15 20 11 12 19 13 4
Coste: 6490

GENERACION: 280
Mejor Solucion:  7 1 5 14 8 0 2 9 18 6 17 21 16 3 10 15 20 11 12 19 13 4
Coste: 6490

GENERACION: 285
Mejor Solucion:  7 1 5 14 8 0 2 9 18 6 17 21 16 3 10 15 20 11 12 19 13 4
Coste: 6490

GENERACION: 290
Mejor Solucion:  7 1 5 14 8 0 2 9 18 6 17 21 16 3 10 15 20 11 12 19 13 4
Coste: 6490

GENERACION: 295
Mejor Solucion:  7 1 5 14 8 0 2 9 18 6 17 21 16 3 10 15 20 11 12 19 13 4
Coste: 6490

GENERACION: 300
Mejor Solucion:  7 1 5 14 8 0 2 9 18 6 17 21 16 3 10 15 20 11 12 19 13 4
Coste: 6490

GENERACION: 305
Mejor Solucion:  7 1 5 14 8 0 2 9 18 6 17 21 16 3 10 15 20 11 12 19 13 4
Coste: 6490

GENERACION: 310
Mejor Solucion:  7 1 5 14 8 0 2 9 18 6 17 21 16 3 10 15 20 11 12 19 13 4
Coste: 6490

GENERACION: 315
Mejor Solucion:  7 1 5 14 8 0 2 9 18 6 17 21 16 3 10 15 20 11 12 19 13 4
Coste: 6490

GENERACION: 320
Mejor Solucion:  7 1 5 14 8 0 2 9 18 6 17 21 16 3 10 15 20 11 12 19 13 4
Coste: 6490

GENERACION: 325
Mejor Solucion:  7 1 5 14 8 0 2 9 18 6 17 21 16 3 10 15 20 11 12 19 13 4
Coste: 6490

GENERACION: 330
Mejor Solucion:  7 1 5 14 8 0 2 9 18 6 17 21 16 3 10 15 20 11 12 19 13 4
Coste: 6490

GENERACION: 335
Mejor Solucion:  7 1 5 14 8 0 2 9 18 6 17 21 16 3 10 15 20 11 12 19 13 4
Coste: 6490

GENERACION: 340
Mejor Solucion:  7 1 5 14 8 0 2 9 18 6 17 21 16 3 10 15 20 11 12 19 13 4
Coste: 6490

GENERACION: 345
Mejor Solucion:  7 1 5 14 8 0 2 9 18 6 17 21 16 3 10 15 20 11 12 19 13 4
Coste: 6490

GENERACION: 350
Mejor Solucion:  7 1 5 14 8 0 2 9 18 6 17 21 16 3 10 15 20 11 12 19 13 4
Coste: 6490

GENERACION: 355
Mejor Solucion:  7 1 5 14 8 0 2 9 18 6 17 21 16 3 10 15 20 11 12 19 13 4
Coste: 6490

GENERACION: 360
Mejor Solucion:  7 1 5 14 8 0 2 9 18 6 17 21 16 3 10 15 20 11 12 19 13 4
Coste: 6490

GENERACION: 365
Mejor Solucion:  7 1 5 14 8 0 2 9 18 6 17 21 16 3 10 15 20 11 12 19 13 4
Coste: 6490

GENERACION: 370
Mejor Solucion:  7 1 5 14 8 0 2 9 18 6 17 21 16 3 10 15 20 11 12 19 13 4
Coste: 6490

GENERACION: 375
Mejor Solucion:  7 1 5 14 8 0 2 9 18 6 17 21 16 3 10 15 20 11 12 19 13 4
Coste: 6490

GENERACION: 380
Mejor Solucion:  7 1 20 14 8 0 2 18 9 6 17 21 5 3 10 15 16 11 12 19 13 4
Coste: 6485

GENERACION: 385
Mejor Solucion:  7 1 20 14 8 0 2 18 9 6 17 21 5 3 10 15 16 11 12 19 13 4
Coste: 6485

GENERACION: 390
Mejor Solucion:  7 1 20 14 8 0 2 18 9 6 17 21 5 3 10 15 16 11 12 19 13 4
Coste: 6485

GENERACION: 395
Mejor Solucion:  7 1 20 14 8 0 2 18 9 6 17 21 5 3 10 15 16 11 12 19 13 4
Coste: 6485

GENERACION: 400
Mejor Solucion:  7 1 20 14 8 0 2 18 9 6 17 21 5 3 10 15 16 11 12 19 13 4
Coste: 6485

GENERACION: 405
Mejor Solucion:  7 1 20 14 8 0 2 18 9 6 17 21 5 3 10 15 16 11 12 19 13 4
Coste: 6485

GENERACION: 410
Mejor Solucion:  7 1 20 14 8 0 2 18 9 6 17 21 5 3 10 15 16 11 12 19 13 4
Coste: 6485

GENERACION: 415
Mejor Solucion:  7 1 20 14 8 0 2 18 9 6 17 21 5 3 10 15 16 11 12 19 13 4
Coste: 6485

GENERACION: 420
Mejor Solucion:  7 1 20 14 8 0 2 18 9 6 17 21 5 3 10 15 16 11 12 19 13 4
Coste: 6485

GENERACION: 425
Mejor Solucion:  7 1 20 14 8 0 2 18 9 6 17 21 5 3 10 15 16 11 12 19 13 4
Coste: 6485

GENERACION: 430
Mejor Solucion:  7 1 20 14 8 0 2 18 9 6 17 21 5 3 10 15 16 11 12 19 13 4
Coste: 6485

GENERACION: 435
Mejor Solucion:  7 1 20 14 8 0 2 18 9 6 17 21 5 3 10 15 16 11 12 19 13 4
Coste: 6485

GENERACION: 440
Mejor Solucion:  7 1 20 14 8 0 2 18 9 6 17 21 5 3 10 15 16 11 12 19 13 4
Coste: 6485

GENERACION: 445
Mejor Solucion:  7 1 20 14 8 0 2 18 9 6 17 21 5 3 10 15 16 11 12 19 13 4
Coste: 6485

GENERACION: 450
Mejor Solucion:  7 1 20 14 8 0 2 18 9 6 17 21 5 3 10 15 16 11 12 19 13 4
Coste: 6485

GENERACION: 455
Mejor Solucion:  7 1 20 14 8 0 2 18 9 6 17 21 5 3 10 15 16 11 12 19 13 4
Coste: 6485

GENERACION: 460
Mejor Solucion:  7 1 20 14 8 0 2 18 9 6 17 21 5 3 10 15 16 11 12 19 13 4
Coste: 6485

GENERACION: 465
Mejor Solucion:  7 1 20 14 8 0 2 18 9 6 17 21 5 3 10 15 16 11 12 19 13 4
Coste: 6485

GENERACION: 470
Mejor Solucion:  7 1 20 14 8 0 2 18 9 6 17 21 5 3 10 15 16 11 12 19 13 4
Coste: 6485

GENERACION: 475
Mejor Solucion:  7 1 20 14 8 0 2 18 9 6 17 21 5 3 10 15 16 11 12 19 13 4
Coste: 6485

GENERACION: 480
Mejor Solucion:  7 5 14 20 8 0 12 9 21 6 17 18 1 3 10 15 16 11 19 2 13 4
Coste: 6474

GENERACION: 485
Mejor Solucion:  7 5 14 20 8 0 12 9 21 6 17 18 1 3 10 15 16 11 19 2 13 4
Coste: 6474

GENERACION: 490
Mejor Solucion:  7 5 14 20 8 0 12 9 21 6 17 18 1 3 10 15 16 11 19 2 13 4
Coste: 6474

GENERACION: 495
Mejor Solucion:  7 5 14 20 8 0 12 9 21 6 17 18 1 3 10 15 16 11 19 2 13 4
Coste: 6474

GENERACION: 500
Mejor Solucion:  7 5 14 20 8 0 12 9 21 6 17 18 1 3 10 15 16 11 19 2 13 4
Coste: 6474

GENERACION: 505
Mejor Solucion:  7 5 14 20 8 0 12 9 21 6 17 18 1 3 10 15 16 11 19 2 13 4
Coste: 6474

GENERACION: 510
Mejor Solucion:  7 5 14 20 8 0 12 9 21 6 17 18 1 3 10 15 16 11 19 2 13 4
Coste: 6474

GENERACION: 515
Mejor Solucion:  7 5 14 20 8 0 12 9 21 6 17 18 1 3 10 15 16 11 19 2 13 4
Coste: 6474

GENERACION: 520
Mejor Solucion:  7 5 14 20 8 0 12 9 21 6 17 18 1 3 10 15 16 11 19 2 13 4
Coste: 6474

GENERACION: 525
Mejor Solucion:  7 5 14 20 8 0 12 9 21 6 17 18 1 3 10 15 16 11 19 2 13 4
Coste: 6474

GENERACION: 530
Mejor Solucion:  7 5 14 20 8 0 12 9 21 6 17 18 1 3 10 15 16 11 19 2 13 4
Coste: 6474

GENERACION: 535
Mejor Solucion:  7 5 14 20 8 0 12 9 21 6 17 18 1 3 10 15 16 11 19 2 13 4
Coste: 6474

GENERACION: 540
Mejor Solucion:  7 5 14 20 8 0 12 9 21 6 17 18 1 3 10 15 16 11 19 2 13 4
Coste: 6474

GENERACION: 545
Mejor Solucion:  7 5 14 20 8 0 12 9 21 6 17 18 1 3 10 15 16 11 19 2 13 4
Coste: 6474

GENERACION: 550
Mejor Solucion:  7 5 14 20 8 0 12 9 21 6 17 18 1 3 10 15 16 11 19 2 13 4
Coste: 6474

GENERACION: 555
Mejor Solucion:  7 5 14 20 8 0 12 9 21 6 17 18 1 3 10 15 16 11 19 2 13 4
Coste: 6474

GENERACION: 560
Mejor Solucion:  7 5 14 20 8 0 12 9 21 6 17 18 1 3 10 15 16 11 19 2 13 4
Coste: 6474

GENERACION: 565
Mejor Solucion:  7 5 14 20 8 0 12 9 21 6 17 18 1 3 10 15 16 11 19 2 13 4
Coste: 6474

GENERACION: 570
Mejor Solucion:  7 5 14 20 8 0 12 9 21 6 17 18 1 3 10 15 16 11 19 2 13 4
Coste: 6474

GENERACION: 575
Mejor Solucion:  7 5 14 20 8 0 12 9 21 6 17 18 1 3 10 15 16 11 19 2 13 4
Coste: 6474

GENERACION: 580
Mejor Solucion:  7 5 21 14 20 0 12 13 9 6 17 18 1 3 10 15 16 11 19 2 8 4
Coste: 6469

GENERACION: 585
Mejor Solucion:  7 5 21 14 20 0 12 13 9 6 17 18 1 3 10 15 16 11 19 2 8 4
Coste: 6464

GENERACION: 590
Mejor Solucion:  7 5 21 14 20 0 12 13 9 6 17 18 1 3 10 15 16 11 19 2 8 4
Coste: 6464

GENERACION: 595
Mejor Solucion:  7 5 21 14 20 0 12 13 9 6 17 18 1 3 10 15 16 11 19 2 8 4
Coste: 6464

GENERACION: 600
Mejor Solucion:  7 5 21 14 20 0 12 13 9 6 17 18 1 3 10 15 16 11 19 2 8 4
Coste: 6464

GENERACION: 605
Mejor Solucion:  7 5 21 14 20 0 12 13 9 6 17 18 1 3 10 15 16 11 19 2 8 4
Coste: 6464

GENERACION: 610
Mejor Solucion:  7 5 21 14 20 0 12 13 9 6 17 18 1 3 10 15 16 11 19 2 8 4
Coste: 6464

GENERACION: 615
Mejor Solucion:  7 5 21 14 20 0 12 13 9 6 17 18 1 3 10 15 16 11 19 2 8 4
Coste: 6464

GENERACION: 620
Mejor Solucion:  7 5 21 14 20 0 12 13 9 6 17 18 1 3 10 15 16 11 19 2 8 4
Coste: 6464

GENERACION: 625
Mejor Solucion:  7 5 21 14 20 0 12 13 9 6 17 18 1 3 10 15 16 11 19 2 8 4
Coste: 6464

GENERACION: 630
Mejor Solucion:  7 5 21 14 20 0 12 13 9 6 17 18 1 3 10 15 16 11 19 2 8 4
Coste: 6464

GENERACION: 635
Mejor Solucion:  7 5 21 14 20 0 12 13 9 6 17 18 1 3 10 15 16 11 19 2 8 4
Coste: 6464

GENERACION: 640
Mejor Solucion:  7 5 21 14 20 0 12 13 9 6 17 18 1 3 10 15 16 11 19 2 8 4
Coste: 6464

GENERACION: 645
Mejor Solucion:  7 5 21 14 20 0 12 13 9 6 17 18 1 3 10 15 16 11 19 2 8 4
Coste: 6464

GENERACION: 650
Mejor Solucion:  7 5 21 14 20 0 12 13 9 6 17 18 1 3 10 15 16 11 19 2 8 4
Coste: 6464

GENERACION: 655
Mejor Solucion:  7 5 21 14 20 0 12 13 9 6 17 18 1 3 10 15 16 11 19 2 8 4
Coste: 6464

GENERACION: 660
Mejor Solucion:  7 5 21 14 20 0 12 13 9 6 17 18 1 3 10 15 16 11 19 2 8 4
Coste: 6464

GENERACION: 665
Mejor Solucion:  7 5 21 14 20 0 12 13 9 6 17 18 1 3 10 15 16 11 19 2 8 4
Coste: 6464

GENERACION: 670
Mejor Solucion:  7 5 21 14 20 0 12 13 9 6 17 18 1 3 10 15 16 11 19 2 8 4
Coste: 6464

GENERACION: 675
Mejor Solucion:  7 5 21 14 20 0 12 13 9 6 17 18 1 3 10 15 16 11 19 2 8 4
Coste: 6464

GENERACION: 680
Mejor Solucion:  7 5 21 14 20 0 12 13 9 6 17 18 1 3 10 15 16 11 19 2 8 4
Coste: 6464

GENERACION: 685
Mejor Solucion:  7 5 21 14 20 0 12 13 9 6 17 18 1 3 10 15 16 11 19 2 8 4
Coste: 6464

GENERACION: 690
Mejor Solucion:  7 5 21 14 20 0 12 13 9 6 17 18 1 3 10 15 16 11 19 2 8 4
Coste: 6464

GENERACION: 695
Mejor Solucion:  7 5 21 14 20 0 12 13 9 6 17 18 1 3 10 15 16 11 19 2 8 4
Coste: 6464

GENERACION: 700
Mejor Solucion:  7 5 21 14 20 0 12 13 9 6 17 18 1 3 10 15 16 11 19 2 8 4
Coste: 6464

GENERACION: 705
Mejor Solucion:  7 5 21 14 20 0 12 13 9 6 17 18 1 3 10 15 16 11 19 2 8 4
Coste: 6464

GENERACION: 710
Mejor Solucion:  7 5 21 14 20 0 12 13 9 6 17 18 1 3 10 15 16 11 19 2 8 4
Coste: 6464

GENERACION: 715
Mejor Solucion:  7 5 21 14 20 0 12 13 9 6 17 18 1 3 10 15 16 11 19 2 8 4
Coste: 6464

GENERACION: 720
Mejor Solucion:  7 5 21 14 20 0 12 13 9 6 17 18 1 3 10 15 16 11 19 2 8 4
Coste: 6464

GENERACION: 725
Mejor Solucion:  7 5 21 14 20 0 12 13 9 6 17 18 1 3 10 15 16 11 19 2 8 4
Coste: 6464

GENERACION: 730
Mejor Solucion:  7 5 21 14 20 0 12 13 9 6 17 18 1 3 10 15 16 11 19 2 8 4
Coste: 6464

GENERACION: 735
Mejor Solucion:  7 5 21 14 20 0 12 13 9 6 17 18 1 3 10 15 16 11 19 2 8 4
Coste: 6464

GENERACION: 740
Mejor Solucion:  7 5 21 14 20 0 12 13 9 6 17 18 1 3 10 15 16 11 19 2 8 4
Coste: 6464

GENERACION: 745
Mejor Solucion:  7 5 21 14 20 0 12 13 9 6 17 18 1 3 10 15 16 11 19 2 8 4
Coste: 6464

GENERACION: 750
Mejor Solucion:  7 5 21 14 20 0 12 13 9 6 17 18 1 3 10 15 16 11 19 2 8 4
Coste: 6464

GENERACION: 755
Mejor Solucion:  7 5 21 14 20 0 12 13 9 6 17 18 1 3 10 15 16 11 19 2 8 4
Coste: 6464

GENERACION: 760
Mejor Solucion:  7 5 21 14 20 0 12 13 9 6 17 18 1 3 10 15 16 11 19 2 8 4
Coste: 6464

GENERACION: 765
Mejor Solucion:  7 5 21 14 20 0 12 13 9 6 17 18 1 3 10 15 16 11 19 2 8 4
Coste: 6464

GENERACION: 770
Mejor Solucion:  7 5 21 14 20 0 12 13 9 6 17 18 1 3 10 15 16 11 19 2 8 4
Coste: 6464

GENERACION: 775
Mejor Solucion:  7 5 21 14 20 0 12 13 9 6 17 18 1 3 10 15 16 11 19 2 8 4
Coste: 6464

GENERACION: 780
Mejor Solucion:  7 5 21 14 20 0 12 13 9 6 17 18 1 3 10 15 16 11 19 2 8 4
Coste: 6464

GENERACION: 785
Mejor Solucion:  7 5 21 14 20 0 12 13 9 6 17 18 1 3 10 15 16 11 19 2 8 4
Coste: 6464

GENERACION: 790
Mejor Solucion:  7 5 20 14 8 0 12 18 9 6 17 21 1 3 10 15 16 11 19 2 13 4
Coste: 6457

GENERACION: 795
Mejor Solucion:  7 5 20 14 8 0 12 18 9 6 17 21 1 3 10 15 16 11 19 2 13 4
Coste: 6450

GENERACION: 800
Mejor Solucion:  7 5 20 14 8 0 12 18 9 6 17 21 1 3 10 15 16 11 19 2 13 4
Coste: 6450

GENERACION: 805
Mejor Solucion:  7 5 20 14 8 0 12 18 9 6 17 21 1 3 10 15 16 11 19 2 13 4
Coste: 6450

GENERACION: 810
Mejor Solucion:  7 5 20 14 8 0 12 18 9 6 17 21 1 3 10 15 16 11 19 2 13 4
Coste: 6450

GENERACION: 815
Mejor Solucion:  7 5 20 14 8 0 12 18 9 6 17 21 1 3 10 15 16 11 19 2 13 4
Coste: 6450

GENERACION: 820
Mejor Solucion:  7 5 20 14 8 0 12 18 9 6 17 21 1 3 10 15 16 11 19 2 13 4
Coste: 6450

GENERACION: 825
Mejor Solucion:  7 5 20 14 8 0 12 18 9 6 17 21 1 3 10 15 16 11 19 2 13 4
Coste: 6450

GENERACION: 830
Mejor Solucion:  7 5 20 14 8 0 12 18 9 6 17 21 1 3 10 15 16 11 19 2 13 4
Coste: 6450

GENERACION: 835
Mejor Solucion:  7 5 20 14 8 0 12 18 9 6 17 21 1 3 10 15 16 11 19 2 13 4
Coste: 6450

GENERACION: 840
Mejor Solucion:  7 5 20 14 8 0 12 18 9 6 17 21 1 3 10 15 16 11 19 2 13 4
Coste: 6450

GENERACION: 845
Mejor Solucion:  7 5 20 14 8 0 12 18 9 6 17 21 1 3 10 15 16 11 19 2 13 4
Coste: 6450

GENERACION: 850
Mejor Solucion:  7 5 20 14 8 0 12 18 9 6 17 21 1 3 10 15 16 11 19 2 13 4
Coste: 6450

GENERACION: 855
Mejor Solucion:  7 5 20 14 8 0 12 18 9 6 17 21 1 3 10 15 16 11 19 2 13 4
Coste: 6450

GENERACION: 860
Mejor Solucion:  7 5 20 14 8 0 12 18 9 6 17 21 1 3 10 15 16 11 19 2 13 4
Coste: 6450

GENERACION: 865
Mejor Solucion:  7 5 20 14 8 0 12 18 9 6 17 21 1 3 10 15 16 11 19 2 13 4
Coste: 6450

GENERACION: 870
Mejor Solucion:  7 5 20 14 8 0 12 18 9 6 17 21 1 3 10 15 16 11 19 2 13 4
Coste: 6450

GENERACION: 875
Mejor Solucion:  7 5 20 14 8 0 12 18 9 6 17 21 1 3 10 15 16 11 19 2 13 4
Coste: 6450

GENERACION: 880
Mejor Solucion:  7 5 20 14 8 0 12 18 9 6 17 21 1 3 10 15 16 11 19 2 13 4
Coste: 6450

GENERACION: 885
Mejor Solucion:  7 5 20 14 8 0 12 18 9 6 17 21 1 3 10 15 16 11 19 2 13 4
Coste: 6450

GENERACION: 890
Mejor Solucion:  7 5 20 14 8 0 12 18 9 6 17 21 1 3 10 15 16 11 19 2 13 4
Coste: 6450

GENERACION: 895
Mejor Solucion:  7 5 20 14 8 0 12 18 9 6 17 21 1 3 10 15 16 11 19 2 13 4
Coste: 6450

GENERACION: 900
Mejor Solucion:  7 5 20 14 8 0 12 18 9 6 17 21 1 3 10 15 16 11 19 2 13 4
Coste: 6450

GENERACION: 905
Mejor Solucion:  7 5 20 14 8 0 12 18 9 6 17 21 1 3 10 15 16 11 19 2 13 4
Coste: 6450

GENERACION: 910
Mejor Solucion:  7 5 20 14 8 0 12 18 9 6 17 21 1 3 10 15 16 11 19 2 13 4
Coste: 6450

GENERACION: 915
Mejor Solucion:  7 5 20 14 8 0 12 18 9 6 17 21 1 3 10 15 16 11 19 2 13 4
Coste: 6450

GENERACION: 920
Mejor Solucion:  7 5 20 14 8 0 12 18 9 6 17 21 1 3 10 15 16 11 19 2 13 4
Coste: 6450

GENERACION: 925
Mejor Solucion:  7 5 20 14 8 0 12 18 9 6 17 21 1 3 10 15 16 11 19 2 13 4
Coste: 6450

GENERACION: 930
Mejor Solucion:  7 5 20 14 8 0 12 18 9 6 17 21 1 3 10 15 16 11 19 2 13 4
Coste: 6450

GENERACION: 935
Mejor Solucion:  7 5 20 14 8 0 12 18 9 6 17 21 1 3 10 15 16 11 19 2 13 4
Coste: 6450

GENERACION: 940
Mejor Solucion:  7 5 20 14 8 0 12 18 9 6 17 21 1 3 10 15 16 11 19 2 13 4
Coste: 6450

GENERACION: 945
Mejor Solucion:  20 1 13 17 16 0 6 19 4 15 2 18 5 10 14 3 12 9 8 21 7 11
Coste: 6312

GENERACION: 950
Mejor Solucion:  20 1 13 17 16 0 6 19 4 15 2 18 5 10 14 3 12 9 8 21 7 11
Coste: 6312

GENERACION: 955
Mejor Solucion:  20 1 13 17 16 0 6 19 4 15 2 18 5 10 14 3 12 9 8 21 7 11
Coste: 6312

GENERACION: 960
Mejor Solucion:  20 1 13 17 16 0 6 19 4 15 2 18 5 10 14 3 12 9 8 21 7 11
Coste: 6312

GENERACION: 965
Mejor Solucion:  20 1 13 17 16 0 6 19 4 15 2 18 5 10 14 3 12 9 8 21 7 11
Coste: 6312

GENERACION: 970
Mejor Solucion:  20 1 13 17 9 0 6 21 4 15 2 16 5 10 14 3 12 19 8 18 7 11
Coste: 6311

GENERACION: 975
Mejor Solucion:  20 1 13 17 9 0 6 21 4 15 2 16 5 10 14 3 12 19 8 18 7 11
Coste: 6311

GENERACION: 980
Mejor Solucion:  20 1 13 17 9 0 6 21 4 15 2 16 5 10 14 3 12 19 8 18 7 11
Coste: 6311

GENERACION: 985
Mejor Solucion:  20 1 13 17 9 0 6 21 4 15 2 16 5 10 14 3 12 19 8 18 7 11
Coste: 6311

GENERACION: 990
Mejor Solucion:  20 1 13 17 9 0 6 21 4 15 2 16 5 10 14 3 12 19 8 18 7 11
Coste: 6311

GENERACION: 995
Mejor Solucion:  20 1 13 17 9 0 6 21 4 15 2 16 5 10 14 3 12 19 8 18 7 11
Coste: 6311

GENERACION: 1000
Mejor Solucion:  20 1 13 17 9 0 6 21 4 15 2 16 5 10 14 3 12 19 8 18 7 11
Coste: 6311

GENERACION: 5
Mejor Solucion:  20 5 14 7 13 12 17 9 0 6 10 19 21 11 1 16 3 2 4 18 8 15
Coste: 11540

GENERACION: 10
Mejor Solucion:  19 7 4 3 12 5 14 18 15 10 2 16 0 20 6 8 13 9 17 11 1 21
Coste: 10346

GENERACION: 15
Mejor Solucion:  19 7 4 3 12 5 14 18 15 10 2 16 0 20 6 8 13 9 17 11 1 21
Coste: 10346

GENERACION: 20
Mejor Solucion:  2 0 1 19 15 5 16 18 6 21 14 3 12 20 13 8 9 7 17 11 4 10
Coste: 10008

GENERACION: 25
Mejor Solucion:  2 0 1 19 15 5 16 18 6 21 14 3 12 20 13 8 9 7 17 11 4 10
Coste: 10008

GENERACION: 30
Mejor Solucion:  3 0 1 19 15 5 2 7 14 6 4 12 16 9 10 8 20 13 17 18 21 11
Coste: 8333

GENERACION: 35
Mejor Solucion:  3 0 1 19 15 5 2 7 4 6 14 12 16 9 10 8 20 13 17 18 21 11
Coste: 7386

GENERACION: 40
Mejor Solucion:  3 1 19 12 15 0 2 13 4 6 14 16 5 9 10 8 20 7 17 18 21 11
Coste: 6919

GENERACION: 45
Mejor Solucion:  3 1 19 12 15 0 2 13 4 6 14 16 5 9 10 8 20 7 17 18 21 11
Coste: 6708

GENERACION: 50
Mejor Solucion:  3 1 19 12 15 0 2 13 4 6 14 16 5 9 10 8 20 7 17 18 21 11
Coste: 6708

GENERACION: 55
Mejor Solucion:  3 1 19 12 15 0 2 13 4 6 14 16 5 9 10 8 20 7 17 18 21 11
Coste: 6708

GENERACION: 60
Mejor Solucion:  3 1 19 12 15 0 2 13 4 6 14 16 5 9 10 8 20 7 17 18 21 11
Coste: 6708

GENERACION: 65
Mejor Solucion:  3 1 19 12 15 0 2 13 4 6 14 16 5 9 10 8 20 7 17 18 21 11
Coste: 6708

GENERACION: 70
Mejor Solucion:  3 1 11 19 15 0 2 17 12 6 14 16 5 9 10 20 8 7 4 18 21 13
Coste: 6677

GENERACION: 75
Mejor Solucion:  3 1 11 19 15 0 2 17 12 6 14 16 5 9 10 20 8 7 4 18 21 13
Coste: 6677

GENERACION: 80
Mejor Solucion:  3 1 11 19 15 0 2 17 12 6 14 16 5 9 10 20 8 7 4 18 21 13
Coste: 6608

GENERACION: 85
Mejor Solucion:  3 1 11 19 15 0 2 17 12 6 14 16 5 9 10 20 8 7 4 18 21 13
Coste: 6608

GENERACION: 90
Mejor Solucion:  3 1 11 19 15 0 2 17 12 6 14 16 5 9 10 20 8 7 4 18 21 13
Coste: 6608

GENERACION: 95
Mejor Solucion:  3 1 11 19 15 0 2 17 12 6 14 16 5 9 10 20 8 7 4 18 21 13
Coste: 6608

GENERACION: 100
Mejor Solucion:  3 1 11 19 15 0 2 17 12 6 14 16 5 9 10 20 8 7 4 18 21 13
Coste: 6608

GENERACION: 105
Mejor Solucion:  3 1 11 19 15 0 2 17 12 6 14 16 5 9 10 20 8 7 4 18 21 13
Coste: 6608

GENERACION: 110
Mejor Solucion:  3 1 11 19 15 0 2 17 12 6 14 16 5 9 10 20 8 7 4 18 21 13
Coste: 6608

GENERACION: 115
Mejor Solucion:  3 1 11 19 15 0 2 17 12 6 14 16 5 9 10 20 8 7 4 18 21 13
Coste: 6608

GENERACION: 120
Mejor Solucion:  3 1 11 19 15 0 2 17 12 6 14 16 5 9 10 20 8 7 4 18 21 13
Coste: 6608

GENERACION: 125
Mejor Solucion:  3 1 11 19 15 0 2 17 12 6 14 16 5 9 10 20 8 7 4 18 21 13
Coste: 6608

GENERACION: 130
Mejor Solucion:  3 1 11 19 15 0 2 17 12 6 14 16 5 9 10 20 8 7 4 18 21 13
Coste: 6608

GENERACION: 135
Mejor Solucion:  3 1 11 19 15 0 2 17 12 6 14 16 5 9 10 20 8 7 4 18 21 13
Coste: 6608

GENERACION: 140
Mejor Solucion:  3 1 11 19 15 0 2 17 12 6 14 16 5 9 10 20 8 7 4 18 21 13
Coste: 6608

GENERACION: 145
Mejor Solucion:  3 1 11 19 15 0 2 17 12 6 14 16 5 9 10 20 8 7 4 18 21 13
Coste: 6608

GENERACION: 150
Mejor Solucion:  3 1 11 19 15 0 2 17 12 6 14 16 5 9 10 20 8 7 4 18 21 13
Coste: 6608

GENERACION: 155
Mejor Solucion:  3 1 11 19 15 0 2 17 12 6 14 16 5 9 10 20 8 7 4 18 21 13
Coste: 6608

GENERACION: 160
Mejor Solucion:  3 1 11 19 15 0 2 17 12 6 14 16 5 9 10 20 8 7 4 18 21 13
Coste: 6608

GENERACION: 165
Mejor Solucion:  3 1 11 19 15 0 2 17 12 6 14 16 5 9 10 20 8 7 4 18 21 13
Coste: 6608

GENERACION: 170
Mejor Solucion:  3 1 11 19 15 0 2 17 12 6 14 16 5 9 10 20 8 7 4 18 21 13
Coste: 6608

GENERACION: 175
Mejor Solucion:  3 1 11 19 15 0 2 17 12 6 14 16 5 9 10 20 8 7 4 18 21 13
Coste: 6608

GENERACION: 180
Mejor Solucion:  3 1 11 19 15 0 2 17 12 6 14 16 5 9 10 20 8 7 4 18 21 13
Coste: 6608

GENERACION: 185
Mejor Solucion:  3 1 11 19 15 0 2 17 12 6 14 16 5 9 10 20 8 7 4 18 21 13
Coste: 6608

GENERACION: 190
Mejor Solucion:  3 1 11 19 15 0 2 17 12 6 14 16 5 9 10 20 8 7 4 18 21 13
Coste: 6608

GENERACION: 195
Mejor Solucion:  3 1 11 19 15 0 2 17 12 6 14 16 5 9 10 20 8 7 4 18 21 13
Coste: 6608

GENERACION: 200
Mejor Solucion:  3 1 11 19 15 0 2 17 12 6 14 16 5 9 10 20 8 7 4 18 21 13
Coste: 6608

GENERACION: 205
Mejor Solucion:  3 1 11 19 15 0 2 17 12 6 14 16 5 9 10 20 8 7 4 18 21 13
Coste: 6608

GENERACION: 210
Mejor Solucion:  3 1 11 19 15 0 2 17 12 6 14 16 5 9 10 20 8 7 4 18 21 13
Coste: 6608

GENERACION: 215
Mejor Solucion:  3 1 11 19 15 0 2 17 12 6 14 16 5 9 10 20 8 7 4 18 21 13
Coste: 6608

GENERACION: 220
Mejor Solucion:  3 1 11 19 15 0 2 17 12 6 14 16 5 9 10 20 8 7 4 18 21 13
Coste: 6608

GENERACION: 225
Mejor Solucion:  3 1 11 19 15 0 2 17 12 6 14 16 5 9 10 20 8 7 4 18 21 13
Coste: 6608

GENERACION: 230
Mejor Solucion:  3 1 11 19 15 0 2 17 12 6 14 16 5 9 10 20 8 7 4 18 21 13
Coste: 6608

GENERACION: 235
Mejor Solucion:  3 1 11 19 15 0 2 17 12 6 14 16 5 9 10 20 8 7 4 18 21 13
Coste: 6608

GENERACION: 240
Mejor Solucion:  3 1 11 19 15 0 2 17 12 6 14 16 5 9 10 20 8 7 4 18 21 13
Coste: 6608

GENERACION: 245
Mejor Solucion:  7 1 5 14 8 0 2 9 18 6 17 21 16 3 10 15 20 11 12 19 13 4
Coste: 6490

GENERACION: 250
Mejor Solucion:  7 1 5 14 8 0 2 9 18 6 17 21 16 3 10 15 20 11 12 19 13 4
Coste: 6490

GENERACION: 255
Mejor Solucion:  7 1 5 14 8 0 2 9 18 6 17 21 16 3 10 15 20 11 12 19 13 4
Coste: 6490

GENERACION: 260
Mejor Solucion:  7 1 5 14 8 0 2 9 18 6 17 21 16 3 10 15 20 11 12 19 13 4
Coste: 6490

GENERACION: 265
Mejor Solucion:  7 1 5 14 8 0 2 9 18 6 17 21 16 3 10 15 20 11 12 19 13 4
Coste: 6490

GENERACION: 270
Mejor Solucion:  7 1 5 14 8 0 2 9 18 6 17 21 16 3 10 15 20 11 12 19 13 4
Coste: 6490

GENERACION: 275
Mejor Solucion:  7 1 5 14 8 0 2 9 18 6 17 21 16 3 10 15 20 11 12 19 13 4
Coste: 6490

GENERACION: 280
Mejor Solucion:  7 1 5 14 8 0 2 9 18 6 17 21 16 3 10 15 20 11 12 19 13 4
Coste: 6490

GENERACION: 285
Mejor Solucion:  7 1 5 14 8 0 2 9 18 6 17 21 16 3 10 15 20 11 12 19 13 4
Coste: 6490

GENERACION: 290
Mejor Solucion:  7 1 5 14 8 0 2 9 18 6 17 21 16 3 10 15 20 11 12 19 13 4
Coste: 6490

GENERACION: 295
Mejor Solucion:  7 1 5 14 8 0 2 9 18 6 17 21 16 3 10 15 20 11 12 19 13 4
Coste: 6490

GENERACION: 300
Mejor Solucion:  7 1 5 14 8 0 2 9 18 6 17 21 16 3 10 15 20 11 12 19 13 4
Coste: 6490

GENERACION: 305
Mejor Solucion:  7 1 5 14 8 0 2 9 18 6 17 21 16 3 10 15 20 11 12 19 13 4
Coste: 6490

GENERACION: 310
Mejor Solucion:  7 1 5 14 8 0 2 9 18 6 17 21 16 3 10 15 20 11 12 19 13 4
Coste: 6490

GENERACION: 315
Mejor Solucion:  7 1 5 14 8 0 2 9 18 6 17 21 16 3 10 15 20 11 12 19 13 4
Coste: 6490

GENERACION: 320
Mejor Solucion:  7 1 5 14 8 0 2 9 18 6 17 21 16 3 10 15 20 11 12 19 13 4
Coste: 6490

GENERACION: 325
Mejor Solucion:  7 1 5 14 8 0 2 9 18 6 17 21 16 3 10 15 20 11 12 19 13 4
Coste: 6490

GENERACION: 330
Mejor Solucion:  7 1 5 14 8 0 2 9 18 6 17 21 16 3 10 15 20 11 12 19 13 4
Coste: 6490

GENERACION: 335
Mejor Solucion:  7 1 5 14 8 0 2 9 18 6 17 21 16 3 10 15 20 11 12 19 13 4
Coste: 6490

GENERACION: 340
Mejor Solucion:  7 1 5 14 8 0 2 9 18 6 17 21 16 3 10 15 20 11 12 19 13 4
Coste: 6490

GENERACION: 345
Mejor Solucion:  7 1 5 14 8 0 2 9 18 6 17 21 16 3 10 15 20 11 12 19 13 4
Coste: 6490

GENERACION: 350
Mejor Solucion:  7 1 5 14 8 0 2 9 18 6 17 21 16 3 10 15 20 11 12 19 13 4
Coste: 6490

GENERACION: 355
Mejor Solucion:  7 1 5 14 8 0 2 9 18 6 17 21 16 3 10 15 20 11 12 19 13 4
Coste: 6490

GENERACION: 360
Mejor Solucion:  7 1 5 14 8 0 2 9 18 6 17 21 16 3 10 15 20 11 12 19 13 4
Coste: 6490

GENERACION: 365
Mejor Solucion:  7 1 5 14 8 0 2 9 18 6 17 21 16 3 10 15 20 11 12 19 13 4
Coste: 6490

GENERACION: 370
Mejor Solucion:  7 1 5 14 8 0 2 9 18 6 17 21 16 3 10 15 20 11 12 19 13 4
Coste: 6490

GENERACION: 375
Mejor Solucion:  7 1 5 14 8 0 2 9 18 6 17 21 16 3 10 15 20 11 12 19 13 4
Coste: 6490

GENERACION: 380
Mejor Solucion:  7 1 20 14 8 0 2 18 9 6 17 21 5 3 10 15 16 11 12 19 13 4
Coste: 6485

GENERACION: 385
Mejor Solucion:  7 1 20 14 8 0 2 18 9 6 17 21 5 3 10 15 16 11 12 19 13 4
Coste: 6485

GENERACION: 390
Mejor Solucion:  7 1 20 14 8 0 2 18 9 6 17 21 5 3 10 15 16 11 12 19 13 4
Coste: 6485

GENERACION: 395
Mejor Solucion:  7 1 20 14 8 0 2 18 9 6 17 21 5 3 10 15 16 11 12 19 13 4
Coste: 6485

GENERACION: 400
Mejor Solucion:  7 1 20 14 8 0 2 18 9 6 17 21 5 3 10 15 16 11 12 19 13 4
Coste: 6485

GENERACION: 405
Mejor Solucion:  7 1 20 14 8 0 2 18 9 6 17 21 5 3 10 15 16 11 12 19 13 4
Coste: 6485

GENERACION: 410
Mejor Solucion:  7 1 20 14 8 0 2 18 9 6 17 21 5 3 10 15 16 11 12 19 13 4
Coste: 6485

GENERACION: 415
Mejor Solucion:  7 1 20 14 8 0 2 18 9 6 17 21 5 3 10 15 16 11 12 19 13 4
Coste: 6485

GENERACION: 420
Mejor Solucion:  7 1 20 14 8 0 2 18 9 6 17 21 5 3 10 15 16 11 12 19 13 4
Coste: 6485

GENERACION: 425
Mejor Solucion:  7 1 20 14 8 0 2 18 9 6 17 21 5 3 10 15 16 11 12 19 13 4
Coste: 6485

GENERACION: 430
Mejor Solucion:  7 1 20 14 8 0 2 18 9 6 17 21 5 3 10 15 16 11 12 19 13 4
Coste: 6485

GENERACION: 435
Mejor Solucion:  7 1 20 14 8 0 2 18 9 6 17 21 5 3 10 15 16 11 12 19 13 4
Coste: 6485

GENERACION: 440
Mejor Solucion:  7 1 20 14 8 0 2 18 9 6 17 21 5 3 10 15 16 11 12 19 13 4
Coste: 6485

GENERACION: 445
Mejor Solucion:  7 1 20 14 8 0 2 18 9 6 17 21 5 3 10 15 16 11 12 19 13 4
Coste: 6485

GENERACION: 450
Mejor Solucion:  7 1 20 14 8 0 2 18 9 6 17 21 5 3 10 15 16 11 12 19 13 4
Coste: 6485

GENERACION: 455
Mejor Solucion:  7 1 20 14 8 0 2 18 9 6 17 21 5 3 10 15 16 11 12 19 13 4
Coste: 6485

GENERACION: 460
Mejor Solucion:  7 1 20 14 8 0 2 18 9 6 17 21 5 3 10 15 16 11 12 19 13 4
Coste: 6485

GENERACION: 465
Mejor Solucion:  7 1 20 14 8 0 2 18 9 6 17 21 5 3 10 15 16 11 12 19 13 4
Coste: 6485

GENERACION: 470
Mejor Solucion:  7 1 20 14 8 0 2 18 9 6 17 21 5 3 10 15 16 11 12 19 13 4
Coste: 6485

GENERACION: 475
Mejor Solucion:  7 1 20 14 8 0 2 18 9 6 17 21 5 3 10 15 16 11 12 19 13 4
Coste: 6485

GENERACION: 480
Mejor Solucion:  7 5 14 20 8 0 12 9 21 6 17 18 1 3 10 15 16 11 19 2 13 4
Coste: 6474

GENERACION: 485
Mejor Solucion:  7 5 14 20 8 0 12 9 21 6 17 18 1 3 10 15 16 11 19 2 13 4
Coste: 6474

GENERACION: 490
Mejor Solucion:  7 5 14 20 8 0 12 9 21 6 17 18 1 3 10 15 16 11 19 2 13 4
Coste: 6474

GENERACION: 495
Mejor Solucion:  7 5 14 20 8 0 12 9 21 6 17 18 1 3 10 15 16 11 19 2 13 4
Coste: 6474

GENERACION: 500
Mejor Solucion:  7 5 14 20 8 0 12 9 21 6 17 18 1 3 10 15 16 11 19 2 13 4
Coste: 6474

GENERACION: 505
Mejor Solucion:  7 5 14 20 8 0 12 9 21 6 17 18 1 3 10 15 16 11 19 2 13 4
Coste: 6474

GENERACION: 510
Mejor Solucion:  7 5 14 20 8 0 12 9 21 6 17 18 1 3 10 15 16 11 19 2 13 4
Coste: 6474

GENERACION: 515
Mejor Solucion:  7 5 14 20 8 0 12 9 21 6 17 18 1 3 10 15 16 11 19 2 13 4
Coste: 6474

GENERACION: 520
Mejor Solucion:  7 5 14 20 8 0 12 9 21 6 17 18 1 3 10 15 16 11 19 2 13 4
Coste: 6474

GENERACION: 525
Mejor Solucion:  7 5 14 20 8 0 12 9 21 6 17 18 1 3 10 15 16 11 19 2 13 4
Coste: 6474

GENERACION: 530
Mejor Solucion:  7 5 14 20 8 0 12 9 21 6 17 18 1 3 10 15 16 11 19 2 13 4
Coste: 6474

GENERACION: 535
Mejor Solucion:  7 5 14 20 8 0 12 9 21 6 17 18 1 3 10 15 16 11 19 2 13 4
Coste: 6474

GENERACION: 540
Mejor Solucion:  7 5 14 20 8 0 12 9 21 6 17 18 1 3 10 15 16 11 19 2 13 4
Coste: 6474

GENERACION: 545
Mejor Solucion:  7 5 14 20 8 0 12 9 21 6 17 18 1 3 10 15 16 11 19 2 13 4
Coste: 6474

GENERACION: 550
Mejor Solucion:  7 5 14 20 8 0 12 9 21 6 17 18 1 3 10 15 16 11 19 2 13 4
Coste: 6474

GENERACION: 555
Mejor Solucion:  7 5 14 20 8 0 12 9 21 6 17 18 1 3 10 15 16 11 19 2 13 4
Coste: 6474

GENERACION: 560
Mejor Solucion:  7 5 14 20 8 0 12 9 21 6 17 18 1 3 10 15 16 11 19 2 13 4
Coste: 6474

GENERACION: 565
Mejor Solucion:  7 5 14 20 8 0 12 9 21 6 17 18 1 3 10 15 16 11 19 2 13 4
Coste: 6474

GENERACION: 570
Mejor Solucion:  7 5 14 20 8 0 12 9 21 6 17 18 1 3 10 15 16 11 19 2 13 4
Coste: 6474

GENERACION: 575
Mejor Solucion:  7 5 14 20 8 0 12 9 21 6 17 18 1 3 10 15 16 11 19 2 13 4
Coste: 6474

GENERACION: 580
Mejor Solucion:  7 5 21 14 20 0 12 13 9 6 17 18 1 3 10 15 16 11 19 2 8 4
Coste: 6469

GENERACION: 585
Mejor Solucion:  7 5 21 14 20 0 12 13 9 6 17 18 1 3 10 15 16 11 19 2 8 4
Coste: 6464

GENERACION: 590
Mejor Solucion:  7 5 21 14 20 0 12 13 9 6 17 18 1 3 10 15 16 11 19 2 8 4
Coste: 6464

GENERACION: 595
Mejor Solucion:  7 5 21 14 20 0 12 13 9 6 17 18 1 3 10 15 16 11 19 2 8 4
Coste: 6464

GENERACION: 600
Mejor Solucion:  7 5 21 14 20 0 12 13 9 6 17 18 1 3 10 15 16 11 19 2 8 4
Coste: 6464

GENERACION: 605
Mejor Solucion:  7 5 21 14 20 0 12 13 9 6 17 18 1 3 10 15 16 11 19 2 8 4
Coste: 6464

GENERACION: 610
Mejor Solucion:  7 5 21 14 20 0 12 13 9 6 17 18 1 3 10 15 16 11 19 2 8 4
Coste: 6464

GENERACION: 615
Mejor Solucion:  7 5 21 14 20 0 12 13 9 6 17 18 1 3 10 15 16 11 19 2 8 4
Coste: 6464

GENERACION: 620
Mejor Solucion:  7 5 21 14 20 0 12 13 9 6 17 18 1 3 10 15 16 11 19 2 8 4
Coste: 6464

GENERACION: 625
Mejor Solucion:  7 5 21 14 20 0 12 13 9 6 17 18 1 3 10 15 16 11 19 2 8 4
Coste: 6464

GENERACION: 630
Mejor Solucion:  7 5 21 14 20 0 12 13 9 6 17 18 1 3 10 15 16 11 19 2 8 4
Coste: 6464

GENERACION: 635
Mejor Solucion:  7 5 21 14 20 0 12 13 9 6 17 18 1 3 10 15 16 11 19 2 8 4
Coste: 6464

GENERACION: 640
Mejor Solucion:  7 5 21 14 20 0 12 13 9 6 17 18 1 3 10 15 16 11 19 2 8 4
Coste: 6464

GENERACION: 645
Mejor Solucion:  7 5 21 14 20 0 12 13 9 6 17 18 1 3 10 15 16 11 19 2 8 4
Coste: 6464

GENERACION: 650
Mejor Solucion:  7 5 21 14 20 0 12 13 9 6 17 18 1 3 10 15 16 11 19 2 8 4
Coste: 6464

GENERACION: 655
Mejor Solucion:  7 5 21 14 20 0 12 13 9 6 17 18 1 3 10 15 16 11 19 2 8 4
Coste: 6464

GENERACION: 660
Mejor Solucion:  7 5 21 14 20 0 12 13 9 6 17 18 1 3 10 15 16 11 19 2 8 4
Coste: 6464

GENERACION: 665
Mejor Solucion:  7 5 21 14 20 0 12 13 9 6 17 18 1 3 10 15 16 11 19 2 8 4
Coste: 6464

GENERACION: 670
Mejor Solucion:  7 5 21 14 20 0 12 13 9 6 17 18 1 3 10 15 16 11 19 2 8 4
Coste: 6464

GENERACION: 675
Mejor Solucion:  7 5 21 14 20 0 12 13 9 6 17 18 1 3 10 15 16 11 19 2 8 4
Coste: 6464

GENERACION: 680
Mejor Solucion:  7 5 21 14 20 0 12 13 9 6 17 18 1 3 10 15 16 11 19 2 8 4
Coste: 6464

GENERACION: 685
Mejor Solucion:  7 5 21 14 20 0 12 13 9 6 17 18 1 3 10 15 16 11 19 2 8 4
Coste: 6464

GENERACION: 690
Mejor Solucion:  7 5 21 14 20 0 12 13 9 6 17 18 1 3 10 15 16 11 19 2 8 4
Coste: 6464

GENERACION: 695
Mejor Solucion:  7 5 21 14 20 0 12 13 9 6 17 18 1 3 10 15 16 11 19 2 8 4
Coste: 6464

GENERACION: 700
Mejor Solucion:  7 5 21 14 20 0 12 13 9 6 17 18 1 3 10 15 16 11 19 2 8 4
Coste: 6464

GENERACION: 705
Mejor Solucion:  7 5 21 14 20 0 12 13 9 6 17 18 1 3 10 15 16 11 19 2 8 4
Coste: 6464

GENERACION: 710
Mejor Solucion:  7 5 21 14 20 0 12 13 9 6 17 18 1 3 10 15 16 11 19 2 8 4
Coste: 6464

GENERACION: 715
Mejor Solucion:  7 5 21 14 20 0 12 13 9 6 17 18 1 3 10 15 16 11 19 2 8 4
Coste: 6464

GENERACION: 720
Mejor Solucion:  7 5 21 14 20 0 12 13 9 6 17 18 1 3 10 15 16 11 19 2 8 4
Coste: 6464

GENERACION: 725
Mejor Solucion:  7 5 21 14 20 0 12 13 9 6 17 18 1 3 10 15 16 11 19 2 8 4
Coste: 6464

GENERACION: 730
Mejor Solucion:  7 5 21 14 20 0 12 13 9 6 17 18 1 3 10 15 16 11 19 2 8 4
Coste: 6464

GENERACION: 735
Mejor Solucion:  7 5 21 14 20 0 12 13 9 6 17 18 1 3 10 15 16 11 19 2 8 4
Coste: 6464

GENERACION: 740
Mejor Solucion:  7 5 21 14 20 0 12 13 9 6 17 18 1 3 10 15 16 11 19 2 8 4
Coste: 6464

GENERACION: 745
Mejor Solucion:  7 5 21 14 20 0 12 13 9 6 17 18 1 3 10 15 16 11 19 2 8 4
Coste: 6464

GENERACION: 750
Mejor Solucion:  7 5 21 14 20 0 12 13 9 6 17 18 1 3 10 15 16 11 19 2 8 4
Coste: 6464

GENERACION: 755
Mejor Solucion:  7 5 21 14 20 0 12 13 9 6 17 18 1 3 10 15 16 11 19 2 8 4
Coste: 6464

GENERACION: 760
Mejor Solucion:  7 5 21 14 20 0 12 13 9 6 17 18 1 3 10 15 16 11 19 2 8 4
Coste: 6464

GENERACION: 765
Mejor Solucion:  7 5 21 14 20 0 12 13 9 6 17 18 1 3 10 15 16 11 19 2 8 4
Coste: 6464

GENERACION: 770
Mejor Solucion:  7 5 21 14 20 0 12 13 9 6 17 18 1 3 10 15 16 11 19 2 8 4
Coste: 6464

GENERACION: 775
Mejor Solucion:  7 5 21 14 20 0 12 13 9 6 17 18 1 3 10 15 16 11 19 2 8 4
Coste: 6464

GENERACION: 780
Mejor Solucion:  7 5 21 14 20 0 12 13 9 6 17 18 1 3 10 15 16 11 19 2 8 4
Coste: 6464

GENERACION: 785
Mejor Solucion:  7 5 21 14 20 0 12 13 9 6 17 18 1 3 10 15 16 11 19 2 8 4
Coste: 6464

GENERACION: 790
Mejor Solucion:  7 5 20 14 8 0 12 18 9 6 17 21 1 3 10 15 16 11 19 2 13 4
Coste: 6457

GENERACION: 795
Mejor Solucion:  7 5 20 14 8 0 12 18 9 6 17 21 1 3 10 15 16 11 19 2 13 4
Coste: 6450

GENERACION: 800
Mejor Solucion:  7 5 20 14 8 0 12 18 9 6 17 21 1 3 10 15 16 11 19 2 13 4
Coste: 6450

GENERACION: 805
Mejor Solucion:  7 5 20 14 8 0 12 18 9 6 17 21 1 3 10 15 16 11 19 2 13 4
Coste: 6450

GENERACION: 810
Mejor Solucion:  7 5 20 14 8 0 12 18 9 6 17 21 1 3 10 15 16 11 19 2 13 4
Coste: 6450

GENERACION: 815
Mejor Solucion:  7 5 20 14 8 0 12 18 9 6 17 21 1 3 10 15 16 11 19 2 13 4
Coste: 6450

GENERACION: 820
Mejor Solucion:  7 5 20 14 8 0 12 18 9 6 17 21 1 3 10 15 16 11 19 2 13 4
Coste: 6450

GENERACION: 825
Mejor Solucion:  7 5 20 14 8 0 12 18 9 6 17 21 1 3 10 15 16 11 19 2 13 4
Coste: 6450

GENERACION: 830
Mejor Solucion:  7 5 20 14 8 0 12 18 9 6 17 21 1 3 10 15 16 11 19 2 13 4
Coste: 6450

GENERACION: 835
Mejor Solucion:  7 5 20 14 8 0 12 18 9 6 17 21 1 3 10 15 16 11 19 2 13 4
Coste: 6450

GENERACION: 840
Mejor Solucion:  7 5 20 14 8 0 12 18 9 6 17 21 1 3 10 15 16 11 19 2 13 4
Coste: 6450

GENERACION: 845
Mejor Solucion:  7 5 20 14 8 0 12 18 9 6 17 21 1 3 10 15 16 11 19 2 13 4
Coste: 6450

GENERACION: 850
Mejor Solucion:  7 5 20 14 8 0 12 18 9 6 17 21 1 3 10 15 16 11 19 2 13 4
Coste: 6450

GENERACION: 855
Mejor Solucion:  7 5 20 14 8 0 12 18 9 6 17 21 1 3 10 15 16 11 19 2 13 4
Coste: 6450

GENERACION: 860
Mejor Solucion:  7 5 20 14 8 0 12 18 9 6 17 21 1 3 10 15 16 11 19 2 13 4
Coste: 6450

GENERACION: 865
Mejor Solucion:  7 5 20 14 8 0 12 18 9 6 17 21 1 3 10 15 16 11 19 2 13 4
Coste: 6450

GENERACION: 870
Mejor Solucion:  7 5 20 14 8 0 12 18 9 6 17 21 1 3 10 15 16 11 19 2 13 4
Coste: 6450

GENERACION: 875
Mejor Solucion:  7 5 20 14 8 0 12 18 9 6 17 21 1 3 10 15 16 11 19 2 13 4
Coste: 6450

GENERACION: 880
Mejor Solucion:  7 5 20 14 8 0 12 18 9 6 17 21 1 3 10 15 16 11 19 2 13 4
Coste: 6450

GENERACION: 885
Mejor Solucion:  7 5 20 14 8 0 12 18 9 6 17 21 1 3 10 15 16 11 19 2 13 4
Coste: 6450

GENERACION: 890
Mejor Solucion:  7 5 20 14 8 0 12 18 9 6 17 21 1 3 10 15 16 11 19 2 13 4
Coste: 6450

GENERACION: 895
Mejor Solucion:  7 5 20 14 8 0 12 18 9 6 17 21 1 3 10 15 16 11 19 2 13 4
Coste: 6450

GENERACION: 900
Mejor Solucion:  7 5 20 14 8 0 12 18 9 6 17 21 1 3 10 15 16 11 19 2 13 4
Coste: 6450

GENERACION: 905
Mejor Solucion:  7 5 20 14 8 0 12 18 9 6 17 21 1 3 10 15 16 11 19 2 13 4
Coste: 6450

GENERACION: 910
Mejor Solucion:  7 5 20 14 8 0 12 18 9 6 17 21 1 3 10 15 16 11 19 2 13 4
Coste: 6450

GENERACION: 915
Mejor Solucion:  7 5 20 14 8 0 12 18 9 6 17 21 1 3 10 15 16 11 19 2 13 4
Coste: 6450

GENERACION: 920
Mejor Solucion:  7 5 20 14 8 0 12 18 9 6 17 21 1 3 10 15 16 11 19 2 13 4
Coste: 6450

GENERACION: 925
Mejor Solucion:  7 5 20 14 8 0 12 18 9 6 17 21 1 3 10 15 16 11 19 2 13 4
Coste: 6450

GENERACION: 930
Mejor Solucion:  7 5 20 14 8 0 12 18 9 6 17 21 1 3 10 15 16 11 19 2 13 4
Coste: 6450

GENERACION: 935
Mejor Solucion:  7 5 20 14 8 0 12 18 9 6 17 21 1 3 10 15 16 11 19 2 13 4
Coste: 6450

GENERACION: 940
Mejor Solucion:  7 5 20 14 8 0 12 18 9 6 17 21 1 3 10 15 16 11 19 2 13 4
Coste: 6450

GENERACION: 945
Mejor Solucion:  20 1 13 17 16 0 6 19 4 15 2 18 5 10 14 3 12 9 8 21 7 11
Coste: 6312

GENERACION: 950
Mejor Solucion:  20 1 13 17 16 0 6 19 4 15 2 18 5 10 14 3 12 9 8 21 7 11
Coste: 6312

GENERACION: 955
Mejor Solucion:  20 1 13 17 16 0 6 19 4 15 2 18 5 10 14 3 12 9 8 21 7 11
Coste: 6312

GENERACION: 960
Mejor Solucion:  20 1 13 17 16 0 6 19 4 15 2 18 5 10 14 3 12 9 8 21 7 11
Coste: 6312

GENERACION: 965
Mejor Solucion:  20 1 13 17 16 0 6 19 4 15 2 18 5 10 14 3 12 9 8 21 7 11
Coste: 6312

GENERACION: 970
Mejor Solucion:  20 1 13 17 9 0 6 21 4 15 2 16 5 10 14 3 12 19 8 18 7 11
Coste: 6311

GENERACION: 975
Mejor Solucion:  20 1 13 17 9 0 6 21 4 15 2 16 5 10 14 3 12 19 8 18 7 11
Coste: 6311

GENERACION: 980
Mejor Solucion:  20 1 13 17 9 0 6 21 4 15 2 16 5 10 14 3 12 19 8 18 7 11
Coste: 6311

GENERACION: 985
Mejor Solucion:  20 1 13 17 9 0 6 21 4 15 2 16 5 10 14 3 12 19 8 18 7 11
Coste: 6311

GENERACION: 990
Mejor Solucion:  20 1 13 17 9 0 6 21 4 15 2 16 5 10 14 3 12 19 8 18 7 11
Coste: 6311

GENERACION: 995
Mejor Solucion:  20 1 13 17 9 0 6 21 4 15 2 16 5 10 14 3 12 19 8 18 7 11
Coste: 6311

GENERACION: 1000
Mejor Solucion:  20 1 13 17 9 0 6 21 4 15 2 16 5 10 14 3 12 19 8 18 7 11
Coste: 6311

