GENERACION: 5
Mejor Solucion:  13 7 12 6 15 3 9 18 14 11 5 10 16 2 4 8 1 0 17 19
Coste: 7616

GENERACION: 10
Mejor Solucion:  7 14 15 5 13 6 18 9 0 11 10 4 2 19 1 16 3 8 17 12
Coste: 7265

GENERACION: 15
Mejor Solucion:  7 14 15 5 13 6 18 9 0 11 10 4 2 19 1 16 3 8 17 12
Coste: 6930

GENERACION: 20
Mejor Solucion:  7 14 15 5 13 6 18 9 0 11 10 4 2 19 1 16 3 8 17 12
Coste: 6930

GENERACION: 25
Mejor Solucion:  7 14 15 5 13 6 18 9 0 11 10 4 2 19 1 16 3 8 17 12
Coste: 6930

GENERACION: 30
Mejor Solucion:  7 14 15 5 13 6 18 9 0 11 10 4 2 19 1 16 3 8 17 12
Coste: 6930

GENERACION: 35
Mejor Solucion:  7 14 15 5 13 6 18 9 0 11 10 4 2 19 1 16 3 8 17 12
Coste: 6930

GENERACION: 40
Mejor Solucion:  7 14 13 15 18 17 6 10 0 11 9 4 2 19 1 16 3 8 5 12
Coste: 6928

GENERACION: 45
Mejor Solucion:  7 14 13 15 18 17 6 10 0 11 9 4 2 19 1 16 3 8 5 12
Coste: 6928

GENERACION: 50
Mejor Solucion:  7 14 13 15 18 17 6 10 0 11 9 4 2 19 1 16 3 8 5 12
Coste: 6926

GENERACION: 55
Mejor Solucion:  7 14 13 15 18 17 6 10 0 11 9 4 2 19 1 16 3 8 5 12
Coste: 6926

GENERACION: 60
Mejor Solucion:  7 14 13 15 18 17 6 10 0 11 9 4 2 19 1 16 3 8 5 12
Coste: 6926

GENERACION: 65
Mejor Solucion:  7 14 0 5 13 18 6 10 15 11 9 4 2 19 1 16 3 8 17 12
Coste: 6922

GENERACION: 70
Mejor Solucion:  7 14 0 5 13 18 6 10 15 11 9 4 2 19 1 16 3 8 17 12
Coste: 6922

GENERACION: 75
Mejor Solucion:  7 14 0 5 13 18 6 10 15 11 9 4 2 19 1 16 3 8 17 12
Coste: 6922

GENERACION: 80
Mejor Solucion:  7 14 0 5 13 18 6 10 15 11 9 4 2 19 1 16 3 8 17 12
Coste: 6922

GENERACION: 85
Mejor Solucion:  7 14 0 5 13 18 6 10 15 11 9 4 2 19 1 16 3 8 17 12
Coste: 6922

GENERACION: 90
Mejor Solucion:  7 14 0 5 13 18 6 10 15 11 9 4 2 19 1 16 3 8 17 12
Coste: 6922

GENERACION: 95
Mejor Solucion:  7 14 0 5 13 18 6 10 15 11 9 4 2 19 1 16 3 8 17 12
Coste: 6922

GENERACION: 100
Mejor Solucion:  7 14 0 5 13 18 6 10 15 11 9 4 2 19 1 16 3 8 17 12
Coste: 6922

GENERACION: 105
Mejor Solucion:  7 14 0 5 13 18 6 10 15 11 9 4 2 19 1 16 3 8 17 12
Coste: 6922

GENERACION: 110
Mejor Solucion:  7 14 0 5 13 18 6 10 15 11 9 4 2 19 1 16 3 8 17 12
Coste: 6922

GENERACION: 115
Mejor Solucion:  7 14 0 5 13 18 6 10 15 11 9 4 2 19 1 16 3 8 17 12
Coste: 6922

GENERACION: 120
Mejor Solucion:  7 14 0 5 13 18 6 10 15 11 9 4 2 19 1 16 3 8 17 12
Coste: 6922

GENERACION: 125
Mejor Solucion:  7 14 0 5 13 18 6 10 15 11 9 4 2 19 1 16 3 8 17 12
Coste: 6922

GENERACION: 130
Mejor Solucion:  7 14 0 5 13 18 6 10 15 11 9 4 2 19 1 16 3 8 17 12
Coste: 6922

GENERACION: 135
Mejor Solucion:  7 14 0 5 13 18 6 10 15 11 9 4 2 19 1 16 3 8 17 12
Coste: 6922

GENERACION: 140
Mejor Solucion:  7 14 0 5 13 18 6 10 15 11 9 4 2 19 1 16 3 8 17 12
Coste: 6922

GENERACION: 145
Mejor Solucion:  7 14 0 5 13 18 6 10 15 11 9 4 2 19 1 16 3 8 17 12
Coste: 6922

GENERACION: 150
Mejor Solucion:  7 14 0 5 13 18 6 10 15 11 9 4 2 19 1 16 3 8 17 12
Coste: 6922

GENERACION: 155
Mejor Solucion:  7 14 0 5 13 18 6 10 15 11 9 4 2 19 1 16 3 8 17 12
Coste: 6922

GENERACION: 160
Mejor Solucion:  7 14 0 5 13 18 6 10 15 11 9 4 2 19 1 16 3 8 17 12
Coste: 6922

GENERACION: 165
Mejor Solucion:  7 14 0 5 13 18 6 10 15 11 9 4 2 19 1 16 3 8 17 12
Coste: 6922

GENERACION: 170
Mejor Solucion:  7 14 0 5 13 18 6 10 15 11 9 4 2 19 1 16 3 8 17 12
Coste: 6922

GENERACION: 175
Mejor Solucion:  7 14 0 5 13 18 6 10 15 11 9 4 2 19 1 16 3 8 17 12
Coste: 6922

GENERACION: 180
Mejor Solucion:  7 14 0 5 13 18 6 10 15 11 9 4 2 19 1 16 3 8 17 12
Coste: 6922

GENERACION: 185
Mejor Solucion:  7 14 0 5 13 18 6 10 15 11 9 4 2 19 1 16 3 8 17 12
Coste: 6922

GENERACION: 190
Mejor Solucion:  7 14 0 5 13 18 6 10 15 11 9 4 2 19 1 16 3 8 17 12
Coste: 6922

GENERACION: 195
Mejor Solucion:  7 14 0 5 13 18 6 10 15 11 9 4 2 19 1 16 3 8 17 12
Coste: 6922

GENERACION: 200
Mejor Solucion:  7 14 0 5 13 18 6 10 15 11 9 4 2 19 1 16 3 8 17 12
Coste: 6922

GENERACION: 205
Mejor Solucion:  7 14 0 5 13 18 6 10 15 11 9 4 2 19 1 16 3 8 17 12
Coste: 6922

GENERACION: 210
Mejor Solucion:  7 14 0 5 13 18 6 10 15 11 9 4 2 19 1 16 3 8 17 12
Coste: 6922

GENERACION: 215
Mejor Solucion:  7 14 0 5 13 18 6 10 15 11 9 4 2 19 1 16 3 8 17 12
Coste: 6922

GENERACION: 220
Mejor Solucion:  7 14 0 5 13 18 6 10 15 11 9 4 2 19 1 16 3 8 17 12
Coste: 6922

GENERACION: 225
Mejor Solucion:  7 14 0 5 13 18 6 10 15 11 9 4 2 19 1 16 3 8 17 12
Coste: 6922

GENERACION: 230
Mejor Solucion:  7 14 0 5 13 18 6 10 15 11 9 4 2 19 1 16 3 8 17 12
Coste: 6922

GENERACION: 235
Mejor Solucion:  7 14 0 5 13 18 6 10 15 11 9 4 2 19 1 16 3 8 17 12
Coste: 6922

GENERACION: 240
Mejor Solucion:  7 14 0 5 13 18 6 10 15 11 9 4 2 19 1 16 3 8 17 12
Coste: 6922

GENERACION: 245
Mejor Solucion:  7 14 0 5 13 18 6 10 15 11 9 4 2 19 1 16 3 8 17 12
Coste: 6922

GENERACION: 250
Mejor Solucion:  7 14 0 5 13 18 6 10 15 11 9 4 2 19 1 16 3 8 17 12
Coste: 6922

GENERACION: 255
Mejor Solucion:  7 14 0 5 13 18 6 10 15 11 9 4 2 19 1 16 3 8 17 12
Coste: 6922

GENERACION: 260
Mejor Solucion:  7 14 0 5 13 18 6 10 15 11 9 4 2 19 1 16 3 8 17 12
Coste: 6922

GENERACION: 265
Mejor Solucion:  7 14 0 5 13 18 6 10 15 11 9 4 2 19 1 16 3 8 17 12
Coste: 6922

GENERACION: 270
Mejor Solucion:  7 14 0 5 13 18 6 10 15 11 9 4 2 19 1 16 3 8 17 12
Coste: 6922

GENERACION: 275
Mejor Solucion:  7 14 0 5 13 18 6 10 15 11 9 4 2 19 1 16 3 8 17 12
Coste: 6922

GENERACION: 280
Mejor Solucion:  7 14 0 5 13 18 6 10 15 11 9 4 2 19 1 16 3 8 17 12
Coste: 6922

GENERACION: 285
Mejor Solucion:  7 14 0 5 13 18 6 10 15 11 9 4 2 19 1 16 3 8 17 12
Coste: 6922

GENERACION: 290
Mejor Solucion:  7 14 0 5 13 18 6 10 15 11 9 4 2 19 1 16 3 8 17 12
Coste: 6922

GENERACION: 295
Mejor Solucion:  7 14 0 5 13 18 6 10 15 11 9 4 2 19 1 16 3 8 17 12
Coste: 6922

GENERACION: 300
Mejor Solucion:  7 14 0 5 13 18 6 10 15 11 9 4 2 19 1 16 3 8 17 12
Coste: 6922

GENERACION: 305
Mejor Solucion:  7 14 0 5 13 18 6 10 15 11 9 4 2 19 1 16 3 8 17 12
Coste: 6922

GENERACION: 310
Mejor Solucion:  7 14 0 5 13 18 6 10 15 11 9 4 2 19 1 16 3 8 17 12
Coste: 6922

GENERACION: 315
Mejor Solucion:  7 14 0 5 13 18 6 10 15 11 9 4 2 19 1 16 3 8 17 12
Coste: 6922

GENERACION: 320
Mejor Solucion:  7 14 0 5 13 18 6 10 15 11 9 4 2 19 1 16 3 8 17 12
Coste: 6922

GENERACION: 325
Mejor Solucion:  7 14 0 5 13 18 6 10 15 11 9 4 2 19 1 16 3 8 17 12
Coste: 6922

GENERACION: 330
Mejor Solucion:  7 14 0 5 13 18 6 10 15 11 9 4 2 19 1 16 3 8 17 12
Coste: 6922

GENERACION: 335
Mejor Solucion:  7 14 0 5 13 18 6 10 15 11 9 4 2 19 1 16 3 8 17 12
Coste: 6922

GENERACION: 340
Mejor Solucion:  7 14 0 5 13 18 6 10 15 11 9 4 2 19 1 16 3 8 17 12
Coste: 6922

GENERACION: 345
Mejor Solucion:  7 14 0 5 13 18 6 10 15 11 9 4 2 19 1 16 3 8 17 12
Coste: 6922

GENERACION: 350
Mejor Solucion:  7 14 0 5 13 18 6 10 15 11 9 4 2 19 1 16 3 8 17 12
Coste: 6922

GENERACION: 355
Mejor Solucion:  7 14 0 5 13 18 6 10 15 11 9 4 2 19 1 16 3 8 17 12
Coste: 6922

GENERACION: 360
Mejor Solucion:  7 14 0 5 13 18 6 10 15 11 9 4 2 19 1 16 3 8 17 12
Coste: 6922

GENERACION: 365
Mejor Solucion:  7 14 0 5 13 18 6 10 15 11 9 4 2 19 1 16 3 8 17 12
Coste: 6922

GENERACION: 370
Mejor Solucion:  7 14 0 5 13 18 6 10 15 11 9 4 2 19 1 16 3 8 17 12
Coste: 6922

GENERACION: 375
Mejor Solucion:  7 14 0 5 13 18 6 10 15 11 9 4 2 19 1 16 3 8 17 12
Coste: 6922

GENERACION: 380
Mejor Solucion:  7 14 0 5 13 18 6 10 15 11 9 4 2 19 1 16 3 8 17 12
Coste: 6922

GENERACION: 385
Mejor Solucion:  7 14 0 5 13 18 6 10 15 11 9 4 2 19 1 16 3 8 17 12
Coste: 6922

GENERACION: 390
Mejor Solucion:  7 14 0 5 13 18 6 10 15 11 9 4 2 19 1 16 3 8 17 12
Coste: 6922

GENERACION: 395
Mejor Solucion:  7 14 0 5 13 18 6 10 15 11 9 4 2 19 1 16 3 8 17 12
Coste: 6922

GENERACION: 400
Mejor Solucion:  7 14 0 5 13 18 6 10 15 11 9 4 2 19 1 16 3 8 17 12
Coste: 6922

GENERACION: 405
Mejor Solucion:  7 14 0 5 13 18 6 10 15 11 9 4 2 19 1 16 3 8 17 12
Coste: 6922

GENERACION: 410
Mejor Solucion:  7 14 0 5 13 18 6 10 15 11 9 4 2 19 1 16 3 8 17 12
Coste: 6922

GENERACION: 415
Mejor Solucion:  7 14 0 5 13 18 6 10 15 11 9 4 2 19 1 16 3 8 17 12
Coste: 6922

GENERACION: 420
Mejor Solucion:  7 14 0 5 13 18 6 10 15 11 9 4 2 19 1 16 3 8 17 12
Coste: 6922

GENERACION: 425
Mejor Solucion:  7 14 0 5 13 18 6 10 15 11 9 4 2 19 1 16 3 8 17 12
Coste: 6922

GENERACION: 430
Mejor Solucion:  7 14 0 5 13 18 6 10 15 11 9 4 2 19 1 16 3 8 17 12
Coste: 6922

GENERACION: 435
Mejor Solucion:  7 14 0 5 13 18 6 10 15 11 9 4 2 19 1 16 3 8 17 12
Coste: 6922

GENERACION: 440
Mejor Solucion:  7 14 0 5 13 18 6 10 15 11 9 4 2 19 1 16 3 8 17 12
Coste: 6922

GENERACION: 445
Mejor Solucion:  7 14 0 5 13 18 6 10 15 11 9 4 2 19 1 16 3 8 17 12
Coste: 6922

GENERACION: 450
Mejor Solucion:  7 14 0 5 13 18 6 10 15 11 9 4 2 19 1 16 3 8 17 12
Coste: 6922

GENERACION: 455
Mejor Solucion:  7 14 0 5 13 18 6 10 15 11 9 4 2 19 1 16 3 8 17 12
Coste: 6922

GENERACION: 460
Mejor Solucion:  7 14 0 5 13 18 6 10 15 11 9 4 2 19 1 16 3 8 17 12
Coste: 6922

GENERACION: 465
Mejor Solucion:  7 14 0 5 13 18 6 10 15 11 9 4 2 19 1 16 3 8 17 12
Coste: 6922

GENERACION: 470
Mejor Solucion:  7 14 0 5 13 18 6 10 15 11 9 4 2 19 1 16 3 8 17 12
Coste: 6922

GENERACION: 475
Mejor Solucion:  7 14 0 5 13 18 6 10 15 11 9 4 2 19 1 16 3 8 17 12
Coste: 6922

GENERACION: 480
Mejor Solucion:  7 14 0 5 13 18 6 10 15 11 9 4 2 19 1 16 3 8 17 12
Coste: 6922

GENERACION: 485
Mejor Solucion:  7 14 0 5 13 18 6 10 15 11 9 4 2 19 1 16 3 8 17 12
Coste: 6922

GENERACION: 490
Mejor Solucion:  7 14 0 5 13 18 6 10 15 11 9 4 2 19 1 16 3 8 17 12
Coste: 6922

GENERACION: 495
Mejor Solucion:  7 14 0 5 13 18 6 10 15 11 9 4 2 19 1 16 3 8 17 12
Coste: 6922

GENERACION: 500
Mejor Solucion:  7 14 0 5 13 18 6 10 15 11 9 4 2 19 1 16 3 8 17 12
Coste: 6922

GENERACION: 505
Mejor Solucion:  7 14 0 5 13 18 6 10 15 11 9 4 2 19 1 16 3 8 17 12
Coste: 6922

GENERACION: 510
Mejor Solucion:  7 14 0 5 13 18 6 10 15 11 9 4 2 19 1 16 3 8 17 12
Coste: 6922

GENERACION: 515
Mejor Solucion:  7 14 0 5 13 18 6 10 15 11 9 4 2 19 1 16 3 8 17 12
Coste: 6922

GENERACION: 520
Mejor Solucion:  7 14 0 5 13 18 6 10 15 11 9 4 2 19 1 16 3 8 17 12
Coste: 6922

GENERACION: 525
Mejor Solucion:  7 14 0 5 13 18 6 10 15 11 9 4 2 19 1 16 3 8 17 12
Coste: 6922

GENERACION: 530
Mejor Solucion:  7 14 0 5 13 18 6 10 15 11 9 4 2 19 1 16 3 8 17 12
Coste: 6922

GENERACION: 535
Mejor Solucion:  7 14 0 5 13 18 6 10 15 11 9 4 2 19 1 16 3 8 17 12
Coste: 6922

GENERACION: 540
Mejor Solucion:  7 14 0 5 13 18 6 10 15 11 9 4 2 19 1 16 3 8 17 12
Coste: 6922

GENERACION: 545
Mejor Solucion:  7 14 0 5 13 18 6 10 15 11 9 4 2 19 1 16 3 8 17 12
Coste: 6922

GENERACION: 550
Mejor Solucion:  7 14 0 5 13 18 6 10 15 11 9 4 2 19 1 16 3 8 17 12
Coste: 6922

GENERACION: 555
Mejor Solucion:  7 14 0 5 13 18 6 10 15 11 9 4 2 19 1 16 3 8 17 12
Coste: 6922

GENERACION: 560
Mejor Solucion:  7 14 0 5 13 18 6 10 15 11 9 4 2 19 1 16 3 8 17 12
Coste: 6922

GENERACION: 565
Mejor Solucion:  7 14 0 5 13 18 6 10 15 11 9 4 2 19 1 16 3 8 17 12
Coste: 6922

GENERACION: 570
Mejor Solucion:  7 14 0 5 13 18 6 10 15 11 9 4 2 19 1 16 3 8 17 12
Coste: 6922

GENERACION: 575
Mejor Solucion:  7 14 0 5 13 18 6 10 15 11 9 4 2 19 1 16 3 8 17 12
Coste: 6922

GENERACION: 580
Mejor Solucion:  7 14 0 5 13 18 6 10 15 11 9 4 2 19 1 16 3 8 17 12
Coste: 6922

GENERACION: 585
Mejor Solucion:  7 14 0 5 13 18 6 10 15 11 9 4 2 19 1 16 3 8 17 12
Coste: 6922

GENERACION: 590
Mejor Solucion:  7 14 0 5 13 18 6 10 15 11 9 4 2 19 1 16 3 8 17 12
Coste: 6922

GENERACION: 595
Mejor Solucion:  7 14 0 5 13 18 6 10 15 11 9 4 2 19 1 16 3 8 17 12
Coste: 6922

GENERACION: 600
Mejor Solucion:  7 14 0 5 13 18 6 10 15 11 9 4 2 19 1 16 3 8 17 12
Coste: 6922

GENERACION: 605
Mejor Solucion:  7 14 0 5 13 18 6 10 15 11 9 4 2 19 1 16 3 8 17 12
Coste: 6922

GENERACION: 610
Mejor Solucion:  7 14 0 5 13 18 6 10 15 11 9 4 2 19 1 16 3 8 17 12
Coste: 6922

GENERACION: 615
Mejor Solucion:  7 14 0 5 13 18 6 10 15 11 9 4 2 19 1 16 3 8 17 12
Coste: 6922

GENERACION: 620
Mejor Solucion:  7 14 0 5 13 18 6 10 15 11 9 4 2 19 1 16 3 8 17 12
Coste: 6922

GENERACION: 625
Mejor Solucion:  7 14 0 5 13 18 6 10 15 11 9 4 2 19 1 16 3 8 17 12
Coste: 6922

GENERACION: 630
Mejor Solucion:  7 14 0 5 13 18 6 10 15 11 9 4 2 19 1 16 3 8 17 12
Coste: 6922

GENERACION: 635
Mejor Solucion:  7 14 0 5 13 18 6 10 15 11 9 4 2 19 1 16 3 8 17 12
Coste: 6922

GENERACION: 640
Mejor Solucion:  7 14 0 5 13 18 6 10 15 11 9 4 2 19 1 16 3 8 17 12
Coste: 6922

GENERACION: 645
Mejor Solucion:  7 14 0 5 13 18 6 10 15 11 9 4 2 19 1 16 3 8 17 12
Coste: 6922

GENERACION: 650
Mejor Solucion:  7 14 0 5 13 18 6 10 15 11 9 4 2 19 1 16 3 8 17 12
Coste: 6922

GENERACION: 655
Mejor Solucion:  7 14 0 5 13 18 6 10 15 11 9 4 2 19 1 16 3 8 17 12
Coste: 6922

GENERACION: 660
Mejor Solucion:  7 14 0 5 13 18 6 10 15 11 9 4 2 19 1 16 3 8 17 12
Coste: 6922

GENERACION: 665
Mejor Solucion:  7 14 0 5 13 18 6 10 15 11 9 4 2 19 1 16 3 8 17 12
Coste: 6922

GENERACION: 670
Mejor Solucion:  7 14 0 5 13 18 6 10 15 11 9 4 2 19 1 16 3 8 17 12
Coste: 6922

GENERACION: 675
Mejor Solucion:  7 14 0 5 13 18 6 10 15 11 9 4 2 19 1 16 3 8 17 12
Coste: 6922

GENERACION: 680
Mejor Solucion:  7 14 0 5 13 18 6 10 15 11 9 4 2 19 1 16 3 8 17 12
Coste: 6922

GENERACION: 685
Mejor Solucion:  7 14 0 5 13 18 6 10 15 11 9 4 2 19 1 16 3 8 17 12
Coste: 6922

GENERACION: 690
Mejor Solucion:  7 14 0 5 13 18 6 10 15 11 9 4 2 19 1 16 3 8 17 12
Coste: 6922

GENERACION: 695
Mejor Solucion:  7 14 0 5 13 18 6 10 15 11 9 4 2 19 1 16 3 8 17 12
Coste: 6922

GENERACION: 700
Mejor Solucion:  7 14 0 5 13 18 6 10 15 11 9 4 2 19 1 16 3 8 17 12
Coste: 6922

GENERACION: 705
Mejor Solucion:  7 14 0 5 13 18 6 10 15 11 9 4 2 19 1 16 3 8 17 12
Coste: 6922

GENERACION: 710
Mejor Solucion:  7 14 0 5 13 18 6 10 15 11 9 4 2 19 1 16 3 8 17 12
Coste: 6922

GENERACION: 715
Mejor Solucion:  7 14 0 5 13 18 6 10 15 11 9 4 2 19 1 16 3 8 17 12
Coste: 6922

GENERACION: 720
Mejor Solucion:  7 14 0 5 13 18 6 10 15 11 9 4 2 19 1 16 3 8 17 12
Coste: 6922

GENERACION: 725
Mejor Solucion:  7 14 0 5 13 18 6 10 15 11 9 4 2 19 1 16 3 8 17 12
Coste: 6922

GENERACION: 730
Mejor Solucion:  7 14 0 5 13 18 6 10 15 11 9 4 2 19 1 16 3 8 17 12
Coste: 6922

GENERACION: 735
Mejor Solucion:  7 14 0 5 13 18 6 10 15 11 9 4 2 19 1 16 3 8 17 12
Coste: 6922

GENERACION: 740
Mejor Solucion:  7 14 0 5 13 18 6 10 15 11 9 4 2 19 1 16 3 8 17 12
Coste: 6922

GENERACION: 745
Mejor Solucion:  7 14 0 5 13 18 6 10 15 11 9 4 2 19 1 16 3 8 17 12
Coste: 6922

GENERACION: 750
Mejor Solucion:  7 14 0 5 13 18 6 10 15 11 9 4 2 19 1 16 3 8 17 12
Coste: 6922

GENERACION: 755
Mejor Solucion:  7 14 0 5 13 18 6 10 15 11 9 4 2 19 1 16 3 8 17 12
Coste: 6922

GENERACION: 760
Mejor Solucion:  7 14 0 5 13 18 6 10 15 11 9 4 2 19 1 16 3 8 17 12
Coste: 6922

GENERACION: 765
Mejor Solucion:  7 14 0 5 13 18 6 10 15 11 9 4 2 19 1 16 3 8 17 12
Coste: 6922

GENERACION: 770
Mejor Solucion:  7 14 0 5 13 18 6 10 15 11 9 4 2 19 1 16 3 8 17 12
Coste: 6922

GENERACION: 775
Mejor Solucion:  7 14 0 5 13 18 6 10 15 11 9 4 2 19 1 16 3 8 17 12
Coste: 6922

GENERACION: 780
Mejor Solucion:  7 14 0 5 13 18 6 10 15 11 9 4 2 19 1 16 3 8 17 12
Coste: 6922

GENERACION: 785
Mejor Solucion:  7 14 0 5 13 18 6 10 15 11 9 4 2 19 1 16 3 8 17 12
Coste: 6922

GENERACION: 790
Mejor Solucion:  7 14 0 5 13 18 6 10 15 11 9 4 2 19 1 16 3 8 17 12
Coste: 6922

GENERACION: 795
Mejor Solucion:  7 14 0 5 13 18 6 10 15 11 9 4 2 19 1 16 3 8 17 12
Coste: 6922

GENERACION: 800
Mejor Solucion:  7 14 0 5 13 18 6 10 15 11 9 4 2 19 1 16 3 8 17 12
Coste: 6922

GENERACION: 805
Mejor Solucion:  7 14 0 5 13 18 6 10 15 11 9 4 2 19 1 16 3 8 17 12
Coste: 6922

GENERACION: 810
Mejor Solucion:  7 14 0 5 13 18 6 10 15 11 9 4 2 19 1 16 3 8 17 12
Coste: 6922

GENERACION: 815
Mejor Solucion:  7 14 0 5 13 18 6 10 15 11 9 4 2 19 1 16 3 8 17 12
Coste: 6922

GENERACION: 820
Mejor Solucion:  7 14 0 5 13 18 6 10 15 11 9 4 2 19 1 16 3 8 17 12
Coste: 6922

GENERACION: 825
Mejor Solucion:  7 14 0 5 13 18 6 10 15 11 9 4 2 19 1 16 3 8 17 12
Coste: 6922

GENERACION: 830
Mejor Solucion:  7 14 0 5 13 18 6 10 15 11 9 4 2 19 1 16 3 8 17 12
Coste: 6922

GENERACION: 835
Mejor Solucion:  7 14 0 5 13 18 6 10 15 11 9 4 2 19 1 16 3 8 17 12
Coste: 6922

GENERACION: 840
Mejor Solucion:  7 14 0 5 13 18 6 10 15 11 9 4 2 19 1 16 3 8 17 12
Coste: 6922

GENERACION: 845
Mejor Solucion:  7 14 0 5 13 18 6 10 15 11 9 4 2 19 1 16 3 8 17 12
Coste: 6922

GENERACION: 850
Mejor Solucion:  7 14 0 5 13 18 6 10 15 11 9 4 2 19 1 16 3 8 17 12
Coste: 6922

GENERACION: 855
Mejor Solucion:  7 14 0 5 13 18 6 10 15 11 9 4 2 19 1 16 3 8 17 12
Coste: 6922

GENERACION: 860
Mejor Solucion:  7 14 0 5 13 18 6 10 15 11 9 4 2 19 1 16 3 8 17 12
Coste: 6922

GENERACION: 865
Mejor Solucion:  7 14 0 5 13 18 6 10 15 11 9 4 2 19 1 16 3 8 17 12
Coste: 6922

GENERACION: 870
Mejor Solucion:  7 14 0 5 13 18 6 10 15 11 9 4 2 19 1 16 3 8 17 12
Coste: 6922

GENERACION: 875
Mejor Solucion:  7 14 0 5 13 18 6 10 15 11 9 4 2 19 1 16 3 8 17 12
Coste: 6922

GENERACION: 880
Mejor Solucion:  7 14 0 5 13 18 6 10 15 11 9 4 2 19 1 16 3 8 17 12
Coste: 6922

GENERACION: 885
Mejor Solucion:  7 14 0 5 13 18 6 10 15 11 9 4 2 19 1 16 3 8 17 12
Coste: 6922

GENERACION: 890
Mejor Solucion:  7 14 0 5 13 18 6 10 15 11 9 4 2 19 1 16 3 8 17 12
Coste: 6922

GENERACION: 895
Mejor Solucion:  7 14 0 5 13 18 6 10 15 11 9 4 2 19 1 16 3 8 17 12
Coste: 6922

GENERACION: 900
Mejor Solucion:  7 14 0 5 13 18 6 10 15 11 9 4 2 19 1 16 3 8 17 12
Coste: 6922

GENERACION: 905
Mejor Solucion:  7 14 0 5 13 18 6 10 15 11 9 4 2 19 1 16 3 8 17 12
Coste: 6922

GENERACION: 910
Mejor Solucion:  7 14 0 5 13 18 6 10 15 11 9 4 2 19 1 16 3 8 17 12
Coste: 6922

GENERACION: 915
Mejor Solucion:  7 14 0 5 13 18 6 10 15 11 9 4 2 19 1 16 3 8 17 12
Coste: 6922

GENERACION: 920
Mejor Solucion:  7 14 0 5 13 18 6 10 15 11 9 4 2 19 1 16 3 8 17 12
Coste: 6922

GENERACION: 925
Mejor Solucion:  7 14 0 5 13 18 6 10 15 11 9 4 2 19 1 16 3 8 17 12
Coste: 6922

GENERACION: 930
Mejor Solucion:  7 14 0 5 13 18 6 10 15 11 9 4 2 19 1 16 3 8 17 12
Coste: 6922

GENERACION: 935
Mejor Solucion:  7 14 0 5 13 18 6 10 15 11 9 4 2 19 1 16 3 8 17 12
Coste: 6922

GENERACION: 940
Mejor Solucion:  7 14 0 5 13 18 6 10 15 11 9 4 2 19 1 16 3 8 17 12
Coste: 6922

GENERACION: 945
Mejor Solucion:  7 14 0 5 13 18 6 10 15 11 9 4 2 19 1 16 3 8 17 12
Coste: 6922

GENERACION: 950
Mejor Solucion:  7 14 0 5 13 18 6 10 15 11 9 4 2 19 1 16 3 8 17 12
Coste: 6922

GENERACION: 955
Mejor Solucion:  7 14 0 5 13 18 6 10 15 11 9 4 2 19 1 16 3 8 17 12
Coste: 6922

GENERACION: 960
Mejor Solucion:  7 14 0 5 13 18 6 10 15 11 9 4 2 19 1 16 3 8 17 12
Coste: 6922

GENERACION: 965
Mejor Solucion:  7 14 0 5 13 18 6 10 15 11 9 4 2 19 1 16 3 8 17 12
Coste: 6922

GENERACION: 970
Mejor Solucion:  7 14 0 5 13 18 6 10 15 11 9 4 2 19 1 16 3 8 17 12
Coste: 6922

GENERACION: 975
Mejor Solucion:  7 14 0 5 13 18 6 10 15 11 9 4 2 19 1 16 3 8 17 12
Coste: 6922

GENERACION: 980
Mejor Solucion:  7 14 0 5 13 18 6 10 15 11 9 4 2 19 1 16 3 8 17 12
Coste: 6922

GENERACION: 985
Mejor Solucion:  7 14 0 5 13 18 6 10 15 11 9 4 2 19 1 16 3 8 17 12
Coste: 6922

GENERACION: 990
Mejor Solucion:  7 14 0 5 13 18 6 10 15 11 9 4 2 19 1 16 3 8 17 12
Coste: 6922

GENERACION: 995
Mejor Solucion:  7 14 0 5 13 18 6 10 15 11 9 4 2 19 1 16 3 8 17 12
Coste: 6922

GENERACION: 1000
Mejor Solucion:  7 14 0 5 13 18 6 10 15 11 9 4 2 19 1 16 3 8 17 12
Coste: 6922

