GENERACION: 5
Mejor Solucion:  13 108 21 37 111 11 71 5 64 47 87 46 31 94 116 12 59 105 89 26 112 57 82 88 60 115 4 20 67 76 23 72 120 92 84 95 79 17 49 41 114 118 3 86 0 119 103 70 110 58 40 16 125 2 74 56 55 50 53 98 28 10 30 85 69 126 15 27 7 78 18 90 38 124 6 33 83 35 22 80 97 9 34 100 36 8 99 51 96 19 77 121 44 61 117 91 63 29 104 123 101 93 107 81 52 48 113 122 66 43 73 54 32 45 127 62 14 42 65 75 102 1 25 39 68 24 109 106
Coste: 294

GENERACION: 10
Mejor Solucion:  12 61 102 47 22 38 1 72 95 117 118 59 68 37 81 45 32 103 64 9 65 93 94 13 57 97 76 54 16 17 56 60 112 66 48 120 25 62 0 122 40 126 124 116 71 88 83 115 4 3 51 125 19 33 74 113 55 50 53 98 28 14 7 10 69 109 15 27 105 78 111 90 106 123 108 2 107 119 110 104 85 43 34 100 36 29 23 18 96 86 77 121 44 87 67 42 63 114 80 8 91 24 58 6 84 52 127 5 11 75 26 49 30 21 31 73 70 20 99 82 79 46 89 92 35 39 101 41
Coste: 178

GENERACION: 15
Mejor Solucion:  31 61 102 47 22 38 1 72 114 117 118 59 6 37 90 45 32 103 64 98 5 93 94 13 57 9 30 54 119 17 56 60 112 66 48 120 25 62 0 122 40 88 124 116 71 126 83 115 4 3 51 125 19 33 74 113 55 21 53 97 28 14 36 10 69 109 15 27 105 78 111 81 106 123 108 2 63 16 110 104 85 43 34 52 7 29 23 46 96 86 77 121 44 87 67 42 107 95 80 8 91 24 58 68 84 100 127 65 11 75 26 49 76 50 12 73 70 20 99 82 41 18 89 92 101 39 35 79
Coste: 100

GENERACION: 20
Mejor Solucion:  76 26 46 47 55 38 1 72 114 117 118 59 6 37 90 45 32 103 64 98 5 93 94 13 57 9 30 54 119 17 56 60 112 66 48 120 25 62 0 92 40 88 124 116 71 126 83 115 4 3 51 125 19 33 74 113 22 21 53 97 28 14 36 10 69 109 15 27 107 78 111 81 106 123 108 2 105 16 110 104 85 43 34 52 7 29 23 31 96 86 77 121 44 87 67 42 102 95 80 8 91 24 58 68 84 100 127 65 11 75 61 49 63 50 12 73 70 20 99 82 41 18 89 122 101 39 35 79
Coste: 64

GENERACION: 25
Mejor Solucion:  76 26 46 47 55 38 1 72 114 117 118 59 6 37 90 45 32 103 64 98 5 93 94 13 57 9 30 54 119 17 56 60 112 66 48 120 25 62 0 92 40 88 124 116 71 126 83 115 4 3 51 125 19 33 74 113 22 21 53 97 28 14 36 10 69 109 15 27 107 78 111 81 106 123 108 2 105 16 110 104 85 43 34 52 7 29 23 31 96 86 77 121 44 87 67 42 102 95 80 8 91 24 58 68 84 100 127 65 11 75 61 49 63 50 12 73 70 20 99 82 41 18 89 122 101 39 35 79
Coste: 64

GENERACION: 30
Mejor Solucion:  76 26 46 47 55 38 1 72 114 117 118 59 6 37 90 45 32 103 64 98 5 93 94 13 57 9 30 54 119 17 56 60 112 66 48 120 25 62 0 92 40 88 124 116 71 126 83 115 4 3 51 125 19 33 74 113 22 21 53 97 28 14 36 10 69 109 15 27 107 78 111 81 106 123 108 2 105 16 110 104 85 43 34 52 7 29 23 31 96 86 77 121 44 87 67 42 102 95 80 8 91 24 58 68 84 100 127 65 11 75 61 49 63 50 12 73 70 20 99 82 41 18 89 122 101 39 35 79
Coste: 64

GENERACION: 35
Mejor Solucion:  76 26 46 47 55 38 1 72 114 117 118 59 6 37 90 45 32 103 64 98 5 93 94 13 57 9 30 54 119 17 56 60 112 66 48 120 25 62 0 92 40 88 124 116 71 126 83 115 4 3 51 125 19 33 74 113 22 21 53 97 28 14 36 10 69 109 15 27 107 78 111 81 106 123 108 2 105 16 110 104 85 43 34 52 7 29 23 31 96 86 77 121 44 87 67 42 102 95 80 8 91 24 58 68 84 100 127 65 11 75 61 49 63 50 12 73 70 20 99 82 41 18 89 122 101 39 35 79
Coste: 64

GENERACION: 40
Mejor Solucion:  76 26 46 47 55 38 1 72 114 117 118 59 6 37 90 45 32 103 64 98 5 93 94 13 57 9 30 54 119 17 56 60 112 66 48 120 25 62 0 92 40 88 124 116 71 126 83 115 4 3 51 125 19 33 74 113 22 21 53 97 28 14 36 10 69 109 15 27 107 78 111 81 106 123 108 2 105 16 110 104 85 43 34 52 7 29 23 31 96 86 77 121 44 87 67 42 102 95 80 8 91 24 58 68 84 100 127 65 11 75 61 49 63 50 12 73 70 20 99 82 41 18 89 122 101 39 35 79
Coste: 64

GENERACION: 45
Mejor Solucion:  76 26 46 47 55 38 1 72 114 117 118 59 6 37 90 45 32 103 64 98 5 93 94 13 57 9 30 54 119 17 56 60 112 66 48 120 25 62 0 92 40 88 124 116 71 126 83 115 4 3 51 125 19 33 74 113 22 21 53 97 28 14 36 10 69 109 15 27 107 78 111 81 106 123 108 2 105 16 110 104 85 43 34 52 7 29 23 31 96 86 77 121 44 87 67 42 102 95 80 8 91 24 58 68 84 100 127 65 11 75 61 49 63 50 12 73 70 20 99 82 41 18 89 122 101 39 35 79
Coste: 64

GENERACION: 50
Mejor Solucion:  76 26 46 47 55 38 1 72 114 117 118 59 6 37 90 45 32 103 64 98 5 93 94 13 57 9 30 54 119 17 56 60 112 66 48 120 25 62 0 92 40 88 124 116 71 126 83 115 4 3 51 125 19 33 74 113 22 21 53 97 28 14 36 10 69 109 15 27 107 78 111 81 106 123 108 2 105 16 110 104 85 43 34 52 7 29 23 31 96 86 77 121 44 87 67 42 102 95 80 8 91 24 58 68 84 100 127 65 11 75 61 49 63 50 12 73 70 20 99 82 41 18 89 122 101 39 35 79
Coste: 64

GENERACION: 55
Mejor Solucion:  76 26 46 47 55 38 1 72 114 117 118 59 6 37 90 45 32 103 64 98 5 93 94 13 57 9 30 54 119 17 56 60 112 66 48 120 25 62 0 92 40 88 124 116 71 126 83 115 4 3 51 125 19 33 74 113 22 21 53 97 28 14 36 10 69 109 15 27 107 78 111 81 106 123 108 2 105 16 110 104 85 43 34 52 7 29 23 31 96 86 77 121 44 87 67 42 102 95 80 8 91 24 58 68 84 100 127 65 11 75 61 49 63 50 12 73 70 20 99 82 41 18 89 122 101 39 35 79
Coste: 64

GENERACION: 60
Mejor Solucion:  76 26 46 47 55 38 1 72 114 117 118 59 6 37 90 45 32 103 64 98 5 93 94 13 57 9 30 54 119 17 56 60 112 66 48 120 25 62 0 92 40 88 124 116 71 126 83 115 4 3 51 125 19 33 74 113 22 21 53 97 28 14 36 10 69 109 15 27 107 78 111 81 106 123 108 2 105 16 110 104 85 43 34 52 7 29 23 31 96 86 77 121 44 87 67 42 102 95 80 8 91 24 58 68 84 100 127 65 11 75 61 49 63 50 12 73 70 20 99 82 41 18 89 122 101 39 35 79
Coste: 64

GENERACION: 65
Mejor Solucion:  76 26 46 47 55 38 1 72 114 117 118 59 6 37 90 45 32 103 64 98 5 93 94 13 57 9 30 54 119 17 56 60 112 66 48 120 25 62 0 92 40 88 124 116 71 126 83 115 4 3 51 125 19 33 74 113 22 21 53 97 28 14 36 10 69 109 15 27 107 78 111 81 106 123 108 2 105 16 110 104 85 43 34 52 7 29 23 31 96 86 77 121 44 87 67 42 102 95 80 8 91 24 58 68 84 100 127 65 11 75 61 49 63 50 12 73 70 20 99 82 41 18 89 122 101 39 35 79
Coste: 64

GENERACION: 70
Mejor Solucion:  76 26 46 47 55 38 1 72 114 117 118 59 6 37 90 45 32 103 64 98 5 93 94 13 57 9 30 54 119 17 56 60 112 66 48 120 25 62 0 92 40 88 124 116 71 126 83 115 4 3 51 125 19 33 74 113 22 21 53 97 28 14 36 10 69 109 15 27 107 78 111 81 106 123 108 2 105 16 110 104 85 43 34 52 7 29 23 31 96 86 77 121 44 87 67 42 102 95 80 8 91 24 58 68 84 100 127 65 11 75 61 49 63 50 12 73 70 20 99 82 41 18 89 122 101 39 35 79
Coste: 64

GENERACION: 75
Mejor Solucion:  76 26 46 47 55 38 1 72 114 117 118 59 6 37 90 45 32 103 64 98 5 93 94 13 57 9 30 54 119 17 56 60 112 66 48 120 25 62 0 92 40 88 124 116 71 126 83 115 4 3 51 125 19 33 74 113 22 21 53 97 28 14 36 10 69 109 15 27 107 78 111 81 106 123 108 2 105 16 110 104 85 43 34 52 7 29 23 31 96 86 77 121 44 87 67 42 102 95 80 8 91 24 58 68 84 100 127 65 11 75 61 49 63 50 12 73 70 20 99 82 41 18 89 122 101 39 35 79
Coste: 64

GENERACION: 80
Mejor Solucion:  76 26 46 47 55 38 1 72 114 117 118 59 6 37 90 45 32 103 64 98 5 93 94 13 57 9 30 54 119 17 56 60 112 66 48 120 25 62 0 92 40 88 124 116 71 126 83 115 4 3 51 125 19 33 74 113 22 21 53 97 28 14 36 10 69 109 15 27 107 78 111 81 106 123 108 2 105 16 110 104 85 43 34 52 7 29 23 31 96 86 77 121 44 87 67 42 102 95 80 8 91 24 58 68 84 100 127 65 11 75 61 49 63 50 12 73 70 20 99 82 41 18 89 122 101 39 35 79
Coste: 64

GENERACION: 85
Mejor Solucion:  76 26 46 47 55 38 1 72 114 117 118 59 6 37 90 45 32 103 64 98 5 93 94 13 57 9 30 54 119 17 56 60 112 66 48 120 25 62 0 92 40 88 124 116 71 126 83 115 4 3 51 125 19 33 74 113 22 21 53 97 28 14 36 10 69 109 15 27 107 78 111 81 106 123 108 2 105 16 110 104 85 43 34 52 7 29 23 31 96 86 77 121 44 87 67 42 102 95 80 8 91 24 58 68 84 100 127 65 11 75 61 49 63 50 12 73 70 20 99 82 41 18 89 122 101 39 35 79
Coste: 64

GENERACION: 90
Mejor Solucion:  76 26 46 47 55 38 1 72 114 117 118 59 6 37 90 45 32 103 64 98 5 93 94 13 57 9 30 54 119 17 56 60 112 66 48 120 25 62 0 92 40 88 124 116 71 126 83 115 4 3 51 125 19 33 74 113 22 21 53 97 28 14 36 10 69 109 15 27 107 78 111 81 106 123 108 2 105 16 110 104 85 43 34 52 7 29 23 31 96 86 77 121 44 87 67 42 102 95 80 8 91 24 58 68 84 100 127 65 11 75 61 49 63 50 12 73 70 20 99 82 41 18 89 122 101 39 35 79
Coste: 64

GENERACION: 95
Mejor Solucion:  76 26 46 47 55 38 1 72 114 117 118 59 6 37 90 45 32 103 64 98 5 93 94 13 57 9 30 54 119 17 56 60 112 66 48 120 25 62 0 92 40 88 124 116 71 126 83 115 4 3 51 125 19 33 74 113 22 21 53 97 28 14 36 10 69 109 15 27 107 78 111 81 106 123 108 2 105 16 110 104 85 43 34 52 7 29 23 31 96 86 77 121 44 87 67 42 102 95 80 8 91 24 58 68 84 100 127 65 11 75 61 49 63 50 12 73 70 20 99 82 41 18 89 122 101 39 35 79
Coste: 64

GENERACION: 100
Mejor Solucion:  76 26 46 47 55 38 1 72 114 117 118 59 6 37 90 45 32 103 64 98 5 93 94 13 57 9 30 54 119 17 56 60 112 66 48 120 25 62 0 92 40 88 124 116 71 126 83 115 4 3 51 125 19 33 74 113 22 21 53 97 28 14 36 10 69 109 15 27 107 78 111 81 106 123 108 2 105 16 110 104 85 43 34 52 7 29 23 31 96 86 77 121 44 87 67 42 102 95 80 8 91 24 58 68 84 100 127 65 11 75 61 49 63 50 12 73 70 20 99 82 41 18 89 122 101 39 35 79
Coste: 64

GENERACION: 105
Mejor Solucion:  76 26 46 47 55 38 1 72 114 117 118 59 6 37 90 45 32 103 64 98 5 93 94 13 57 9 30 54 119 17 56 60 112 66 48 120 25 62 0 92 40 88 124 116 71 126 83 115 4 3 51 125 19 33 74 113 22 21 53 97 28 14 36 10 69 109 15 27 107 78 111 81 106 123 108 2 105 16 110 104 85 43 34 52 7 29 23 31 96 86 77 121 44 87 67 42 102 95 80 8 91 24 58 68 84 100 127 65 11 75 61 49 63 50 12 73 70 20 99 82 41 18 89 122 101 39 35 79
Coste: 64

GENERACION: 110
Mejor Solucion:  76 26 46 47 55 38 1 72 114 117 118 59 6 37 90 45 32 103 64 98 5 93 94 13 57 9 30 54 119 17 56 60 112 66 48 120 25 62 0 92 40 88 124 116 71 126 83 115 4 3 51 125 19 33 74 113 22 21 53 97 28 14 36 10 69 109 15 27 107 78 111 81 106 123 108 2 105 16 110 104 85 43 34 52 7 29 23 31 96 86 77 121 44 87 67 42 102 95 80 8 91 24 58 68 84 100 127 65 11 75 61 49 63 50 12 73 70 20 99 82 41 18 89 122 101 39 35 79
Coste: 64

GENERACION: 115
Mejor Solucion:  76 26 46 47 55 38 1 72 114 117 118 59 6 37 90 45 32 103 64 98 5 93 94 13 57 9 30 54 119 17 56 60 112 66 48 120 25 62 0 92 40 88 124 116 71 126 83 115 4 3 51 125 19 33 74 113 22 21 53 97 28 14 36 10 69 109 15 27 107 78 111 81 106 123 108 2 105 16 110 104 85 43 34 52 7 29 23 31 96 86 77 121 44 87 67 42 102 95 80 8 91 24 58 68 84 100 127 65 11 75 61 49 63 50 12 73 70 20 99 82 41 18 89 122 101 39 35 79
Coste: 64

GENERACION: 120
Mejor Solucion:  76 26 46 47 55 38 1 72 114 117 118 59 6 37 90 45 32 103 64 98 5 93 94 13 57 9 30 54 119 17 56 60 112 66 48 120 25 62 0 92 40 88 124 116 71 126 83 115 4 3 51 125 19 33 74 113 22 21 53 97 28 14 36 10 69 109 15 27 107 78 111 81 106 123 108 2 105 16 110 104 85 43 34 52 7 29 23 31 96 86 77 121 44 87 67 42 102 95 80 8 91 24 58 68 84 100 127 65 11 75 61 49 63 50 12 73 70 20 99 82 41 18 89 122 101 39 35 79
Coste: 64

GENERACION: 125
Mejor Solucion:  76 26 46 47 55 38 1 72 114 117 118 59 6 37 90 45 32 103 64 98 5 93 94 13 57 9 30 54 119 17 56 60 112 66 48 120 25 62 0 92 40 88 124 116 71 126 83 115 4 3 51 125 19 33 74 113 22 21 53 97 28 14 36 10 69 109 15 27 107 78 111 81 106 123 108 2 105 16 110 104 85 43 34 52 7 29 23 31 96 86 77 121 44 87 67 42 102 95 80 8 91 24 58 68 84 100 127 65 11 75 61 49 63 50 12 73 70 20 99 82 41 18 89 122 101 39 35 79
Coste: 64

GENERACION: 130
Mejor Solucion:  76 26 46 47 55 38 1 72 114 117 118 59 6 37 90 45 32 103 64 98 5 93 94 13 57 9 30 54 119 17 56 60 112 66 48 120 25 62 0 92 40 88 124 116 71 126 83 115 4 3 51 125 19 33 74 113 22 21 53 97 28 14 36 10 69 109 15 27 107 78 111 81 106 123 108 2 105 16 110 104 85 43 34 52 7 29 23 31 96 86 77 121 44 87 67 42 102 95 80 8 91 24 58 68 84 100 127 65 11 75 61 49 63 50 12 73 70 20 99 82 41 18 89 122 101 39 35 79
Coste: 64

GENERACION: 135
Mejor Solucion:  76 26 46 47 55 38 1 72 114 117 118 59 6 37 90 45 32 103 64 98 5 93 94 13 57 9 30 54 119 17 56 60 112 66 48 120 25 62 0 92 40 88 124 116 71 126 83 115 4 3 51 125 19 33 74 113 22 21 53 97 28 14 36 10 69 109 15 27 107 78 111 81 106 123 108 2 105 16 110 104 85 43 34 52 7 29 23 31 96 86 77 121 44 87 67 42 102 95 80 8 91 24 58 68 84 100 127 65 11 75 61 49 63 50 12 73 70 20 99 82 41 18 89 122 101 39 35 79
Coste: 64

GENERACION: 140
Mejor Solucion:  76 26 46 47 55 38 1 72 114 117 118 59 6 37 90 45 32 103 64 98 5 93 94 13 57 9 30 54 119 17 56 60 112 66 48 120 25 62 0 92 40 88 124 116 71 126 83 115 4 3 51 125 19 33 74 113 22 21 53 97 28 14 36 10 69 109 15 27 107 78 111 81 106 123 108 2 105 16 110 104 85 43 34 52 7 29 23 31 96 86 77 121 44 87 67 42 102 95 80 8 91 24 58 68 84 100 127 65 11 75 61 49 63 50 12 73 70 20 99 82 41 18 89 122 101 39 35 79
Coste: 64

GENERACION: 145
Mejor Solucion:  76 26 46 47 55 38 1 72 114 117 118 59 6 37 90 45 32 103 64 98 5 93 94 13 57 9 30 54 119 17 56 60 112 66 48 120 25 62 0 92 40 88 124 116 71 126 83 115 4 3 51 125 19 33 74 113 22 21 53 97 28 14 36 10 69 109 15 27 107 78 111 81 106 123 108 2 105 16 110 104 85 43 34 52 7 29 23 31 96 86 77 121 44 87 67 42 102 95 80 8 91 24 58 68 84 100 127 65 11 75 61 49 63 50 12 73 70 20 99 82 41 18 89 122 101 39 35 79
Coste: 64

GENERACION: 150
Mejor Solucion:  76 26 46 47 55 38 1 72 114 117 118 59 6 37 90 45 32 103 64 98 5 93 94 13 57 9 30 54 119 17 56 60 112 66 48 120 25 62 0 92 40 88 124 116 71 126 83 115 4 3 51 125 19 33 74 113 22 21 53 97 28 14 36 10 69 109 15 27 107 78 111 81 106 123 108 2 105 16 110 104 85 43 34 52 7 29 23 31 96 86 77 121 44 87 67 42 102 95 80 8 91 24 58 68 84 100 127 65 11 75 61 49 63 50 12 73 70 20 99 82 41 18 89 122 101 39 35 79
Coste: 64

GENERACION: 155
Mejor Solucion:  76 26 46 47 55 38 1 72 114 117 118 59 6 37 90 45 32 103 64 98 5 93 94 13 57 9 30 54 119 17 56 60 112 66 48 120 25 62 0 92 40 88 124 116 71 126 83 115 4 3 51 125 19 33 74 113 22 21 53 97 28 14 36 10 69 109 15 27 107 78 111 81 106 123 108 2 105 16 110 104 85 43 34 52 7 29 23 31 96 86 77 121 44 87 67 42 102 95 80 8 91 24 58 68 84 100 127 65 11 75 61 49 63 50 12 73 70 20 99 82 41 18 89 122 101 39 35 79
Coste: 64

GENERACION: 160
Mejor Solucion:  76 26 46 47 55 38 1 72 114 117 118 59 6 37 90 45 32 103 64 98 5 93 94 13 57 9 30 54 119 17 56 60 112 66 48 120 25 62 0 92 40 88 124 116 71 126 83 115 4 3 51 125 19 33 74 113 22 21 53 97 28 14 36 10 69 109 15 27 107 78 111 81 106 123 108 2 105 16 110 104 85 43 34 52 7 29 23 31 96 86 77 121 44 87 67 42 102 95 80 8 91 24 58 68 84 100 127 65 11 75 61 49 63 50 12 73 70 20 99 82 41 18 89 122 101 39 35 79
Coste: 64

GENERACION: 165
Mejor Solucion:  76 26 46 47 55 38 1 72 114 117 118 59 6 37 90 45 32 103 64 98 5 93 94 13 57 9 30 54 119 17 56 60 112 66 48 120 25 62 0 92 40 88 124 116 71 126 83 115 4 3 51 125 19 33 74 113 22 21 53 97 28 14 36 10 69 109 15 27 107 78 111 81 106 123 108 2 105 16 110 104 85 43 34 52 7 29 23 31 96 86 77 121 44 87 67 42 102 95 80 8 91 24 58 68 84 100 127 65 11 75 61 49 63 50 12 73 70 20 99 82 41 18 89 122 101 39 35 79
Coste: 64

GENERACION: 170
Mejor Solucion:  76 26 46 47 55 38 1 72 114 117 118 59 6 37 90 45 32 103 64 98 5 93 94 13 57 9 30 54 119 17 56 60 112 66 48 120 25 62 0 92 40 88 124 116 71 126 83 115 4 3 51 125 19 33 74 113 22 21 53 97 28 14 36 10 69 109 15 27 107 78 111 81 106 123 108 2 105 16 110 104 85 43 34 52 7 29 23 31 96 86 77 121 44 87 67 42 102 95 80 8 91 24 58 68 84 100 127 65 11 75 61 49 63 50 12 73 70 20 99 82 41 18 89 122 101 39 35 79
Coste: 64

GENERACION: 175
Mejor Solucion:  76 26 46 47 55 38 1 72 114 117 118 59 6 37 90 45 32 103 64 98 5 93 94 13 57 9 30 54 119 17 56 60 112 66 48 120 25 62 0 92 40 88 124 116 71 126 83 115 4 3 51 125 19 33 74 113 22 21 53 97 28 14 36 10 69 109 15 27 107 78 111 81 106 123 108 2 105 16 110 104 85 43 34 52 7 29 23 31 96 86 77 121 44 87 67 42 102 95 80 8 91 24 58 68 84 100 127 65 11 75 61 49 63 50 12 73 70 20 99 82 41 18 89 122 101 39 35 79
Coste: 64

GENERACION: 180
Mejor Solucion:  76 26 46 47 55 38 1 72 114 117 118 59 6 37 90 45 32 103 64 98 5 93 94 13 57 9 30 54 119 17 56 60 112 66 48 120 25 62 0 92 40 88 124 116 71 126 83 115 4 3 51 125 19 33 74 113 22 21 53 97 28 14 36 10 69 109 15 27 107 78 111 81 106 123 108 2 105 16 110 104 85 43 34 52 7 29 23 31 96 86 77 121 44 87 67 42 102 95 80 8 91 24 58 68 84 100 127 65 11 75 61 49 63 50 12 73 70 20 99 82 41 18 89 122 101 39 35 79
Coste: 64

GENERACION: 185
Mejor Solucion:  76 26 46 47 55 38 1 72 114 117 118 59 6 37 90 45 32 103 64 98 5 93 94 13 57 9 30 54 119 17 56 60 112 66 48 120 25 62 0 92 40 88 124 116 71 126 83 115 4 3 51 125 19 33 74 113 22 21 53 97 28 14 36 10 69 109 15 27 107 78 111 81 106 123 108 2 105 16 110 104 85 43 34 52 7 29 23 31 96 86 77 121 44 87 67 42 102 95 80 8 91 24 58 68 84 100 127 65 11 75 61 49 63 50 12 73 70 20 99 82 41 18 89 122 101 39 35 79
Coste: 64

GENERACION: 190
Mejor Solucion:  76 26 46 47 55 38 1 72 114 117 118 59 6 37 90 45 32 103 64 98 5 93 94 13 57 9 30 54 119 17 56 60 112 66 48 120 25 62 0 92 40 88 124 116 71 126 83 115 4 3 51 125 19 33 74 113 22 21 53 97 28 14 36 10 69 109 15 27 107 78 111 81 106 123 108 2 105 16 110 104 85 43 34 52 7 29 23 31 96 86 77 121 44 87 67 42 102 95 80 8 91 24 58 68 84 100 127 65 11 75 61 49 63 50 12 73 70 20 99 82 41 18 89 122 101 39 35 79
Coste: 64

GENERACION: 195
Mejor Solucion:  76 26 46 47 55 38 1 72 114 117 118 59 6 37 90 45 32 103 64 98 5 93 94 13 57 9 30 54 119 17 56 60 112 66 48 120 25 62 0 92 40 88 124 116 71 126 83 115 4 3 51 125 19 33 74 113 22 21 53 97 28 14 36 10 69 109 15 27 107 78 111 81 106 123 108 2 105 16 110 104 85 43 34 52 7 29 23 31 96 86 77 121 44 87 67 42 102 95 80 8 91 24 58 68 84 100 127 65 11 75 61 49 63 50 12 73 70 20 99 82 41 18 89 122 101 39 35 79
Coste: 64

GENERACION: 200
Mejor Solucion:  76 26 46 47 55 38 1 72 114 117 118 59 6 37 90 45 32 103 64 98 5 93 94 13 57 9 30 54 119 17 56 60 112 66 48 120 25 62 0 92 40 88 124 116 71 126 83 115 4 3 51 125 19 33 74 113 22 21 53 97 28 14 36 10 69 109 15 27 107 78 111 81 106 123 108 2 105 16 110 104 85 43 34 52 7 29 23 31 96 86 77 121 44 87 67 42 102 95 80 8 91 24 58 68 84 100 127 65 11 75 61 49 63 50 12 73 70 20 99 82 41 18 89 122 101 39 35 79
Coste: 64

GENERACION: 205
Mejor Solucion:  76 26 46 47 55 38 1 72 114 117 118 59 6 37 90 45 32 103 64 98 5 93 94 13 57 9 30 54 119 17 56 60 112 66 48 120 25 62 0 92 40 88 124 116 71 126 83 115 4 3 51 125 19 33 74 113 22 21 53 97 28 14 36 10 69 109 15 27 107 78 111 81 106 123 108 2 105 16 110 104 85 43 34 52 7 29 23 31 96 86 77 121 44 87 67 42 102 95 80 8 91 24 58 68 84 100 127 65 11 75 61 49 63 50 12 73 70 20 99 82 41 18 89 122 101 39 35 79
Coste: 64

GENERACION: 210
Mejor Solucion:  76 26 46 47 55 38 1 72 114 117 118 59 6 37 90 45 32 103 64 98 5 93 94 13 57 9 30 54 119 17 56 60 112 66 48 120 25 62 0 92 40 88 124 116 71 126 83 115 4 3 51 125 19 33 74 113 22 21 53 97 28 14 36 10 69 109 15 27 107 78 111 81 106 123 108 2 105 16 110 104 85 43 34 52 7 29 23 31 96 86 77 121 44 87 67 42 102 95 80 8 91 24 58 68 84 100 127 65 11 75 61 49 63 50 12 73 70 20 99 82 41 18 89 122 101 39 35 79
Coste: 64

GENERACION: 215
Mejor Solucion:  76 26 46 47 55 38 1 72 114 117 118 59 6 37 90 45 32 103 64 98 5 93 94 13 57 9 30 54 119 17 56 60 112 66 48 120 25 62 0 92 40 88 124 116 71 126 83 115 4 3 51 125 19 33 74 113 22 21 53 97 28 14 36 10 69 109 15 27 107 78 111 81 106 123 108 2 105 16 110 104 85 43 34 52 7 29 23 31 96 86 77 121 44 87 67 42 102 95 80 8 91 24 58 68 84 100 127 65 11 75 61 49 63 50 12 73 70 20 99 82 41 18 89 122 101 39 35 79
Coste: 64

GENERACION: 220
Mejor Solucion:  76 26 46 47 55 38 1 72 114 117 118 59 6 37 90 45 32 103 64 98 5 93 94 13 57 9 30 54 119 17 56 60 112 66 48 120 25 62 0 92 40 88 124 116 71 126 83 115 4 3 51 125 19 33 74 113 22 21 53 97 28 14 36 10 69 109 15 27 107 78 111 81 106 123 108 2 105 16 110 104 85 43 34 52 7 29 23 31 96 86 77 121 44 87 67 42 102 95 80 8 91 24 58 68 84 100 127 65 11 75 61 49 63 50 12 73 70 20 99 82 41 18 89 122 101 39 35 79
Coste: 64

GENERACION: 225
Mejor Solucion:  76 26 46 47 55 38 1 72 114 117 118 59 6 37 90 45 32 103 64 98 5 93 94 13 57 9 30 54 119 17 56 60 112 66 48 120 25 62 0 92 40 88 124 116 71 126 83 115 4 3 51 125 19 33 74 113 22 21 53 97 28 14 36 10 69 109 15 27 107 78 111 81 106 123 108 2 105 16 110 104 85 43 34 52 7 29 23 31 96 86 77 121 44 87 67 42 102 95 80 8 91 24 58 68 84 100 127 65 11 75 61 49 63 50 12 73 70 20 99 82 41 18 89 122 101 39 35 79
Coste: 64

GENERACION: 230
Mejor Solucion:  76 26 46 47 55 38 1 72 114 117 118 59 6 37 90 45 32 103 64 98 5 93 94 13 57 9 30 54 119 17 56 60 112 66 48 120 25 62 0 92 40 88 124 116 71 126 83 115 4 3 51 125 19 33 74 113 22 21 53 97 28 14 36 10 69 109 15 27 107 78 111 81 106 123 108 2 105 16 110 104 85 43 34 52 7 29 23 31 96 86 77 121 44 87 67 42 102 95 80 8 91 24 58 68 84 100 127 65 11 75 61 49 63 50 12 73 70 20 99 82 41 18 89 122 101 39 35 79
Coste: 64

GENERACION: 235
Mejor Solucion:  76 26 46 47 55 38 1 72 114 117 118 59 6 37 90 45 32 103 64 98 5 93 94 13 57 9 30 54 119 17 56 60 112 66 48 120 25 62 0 92 40 88 124 116 71 126 83 115 4 3 51 125 19 33 74 113 22 21 53 97 28 14 36 10 69 109 15 27 107 78 111 81 106 123 108 2 105 16 110 104 85 43 34 52 7 29 23 31 96 86 77 121 44 87 67 42 102 95 80 8 91 24 58 68 84 100 127 65 11 75 61 49 63 50 12 73 70 20 99 82 41 18 89 122 101 39 35 79
Coste: 64

GENERACION: 240
Mejor Solucion:  76 26 46 47 55 38 1 72 114 117 118 59 6 37 90 45 32 103 64 98 5 93 94 13 57 9 30 54 119 17 56 60 112 66 48 120 25 62 0 92 40 88 124 116 71 126 83 115 4 3 51 125 19 33 74 113 22 21 53 97 28 14 36 10 69 109 15 27 107 78 111 81 106 123 108 2 105 16 110 104 85 43 34 52 7 29 23 31 96 86 77 121 44 87 67 42 102 95 80 8 91 24 58 68 84 100 127 65 11 75 61 49 63 50 12 73 70 20 99 82 41 18 89 122 101 39 35 79
Coste: 64

GENERACION: 245
Mejor Solucion:  76 26 46 47 55 38 1 72 114 117 118 59 6 37 90 45 32 103 64 98 5 93 94 13 57 9 30 54 119 17 56 60 112 66 48 120 25 62 0 92 40 88 124 116 71 126 83 115 4 3 51 125 19 33 74 113 22 21 53 97 28 14 36 10 69 109 15 27 107 78 111 81 106 123 108 2 105 16 110 104 85 43 34 52 7 29 23 31 96 86 77 121 44 87 67 42 102 95 80 8 91 24 58 68 84 100 127 65 11 75 61 49 63 50 12 73 70 20 99 82 41 18 89 122 101 39 35 79
Coste: 64

GENERACION: 250
Mejor Solucion:  76 26 46 47 55 38 1 72 114 117 118 59 6 37 90 45 32 103 64 98 5 93 94 13 57 9 30 54 119 17 56 60 112 66 48 120 25 62 0 92 40 88 124 116 71 126 83 115 4 3 51 125 19 33 74 113 22 21 53 97 28 14 36 10 69 109 15 27 107 78 111 81 106 123 108 2 105 16 110 104 85 43 34 52 7 29 23 31 96 86 77 121 44 87 67 42 102 95 80 8 91 24 58 68 84 100 127 65 11 75 61 49 63 50 12 73 70 20 99 82 41 18 89 122 101 39 35 79
Coste: 64

GENERACION: 255
Mejor Solucion:  76 26 46 47 55 38 1 72 114 117 118 59 6 37 90 45 32 103 64 98 5 93 94 13 57 9 30 54 119 17 56 60 112 66 48 120 25 62 0 92 40 88 124 116 71 126 83 115 4 3 51 125 19 33 74 113 22 21 53 97 28 14 36 10 69 109 15 27 107 78 111 81 106 123 108 2 105 16 110 104 85 43 34 52 7 29 23 31 96 86 77 121 44 87 67 42 102 95 80 8 91 24 58 68 84 100 127 65 11 75 61 49 63 50 12 73 70 20 99 82 41 18 89 122 101 39 35 79
Coste: 64

GENERACION: 260
Mejor Solucion:  76 26 46 47 55 38 1 72 114 117 118 59 6 37 90 45 32 103 64 98 5 93 94 13 57 9 30 54 119 17 56 60 112 66 48 120 25 62 0 92 40 88 124 116 71 126 83 115 4 3 51 125 19 33 74 113 22 21 53 97 28 14 36 10 69 109 15 27 107 78 111 81 106 123 108 2 105 16 110 104 85 43 34 52 7 29 23 31 96 86 77 121 44 87 67 42 102 95 80 8 91 24 58 68 84 100 127 65 11 75 61 49 63 50 12 73 70 20 99 82 41 18 89 122 101 39 35 79
Coste: 64

GENERACION: 265
Mejor Solucion:  76 26 46 47 55 38 1 72 114 117 118 59 6 37 90 45 32 103 64 98 5 93 94 13 57 9 30 54 119 17 56 60 112 66 48 120 25 62 0 92 40 88 124 116 71 126 83 115 4 3 51 125 19 33 74 113 22 21 53 97 28 14 36 10 69 109 15 27 107 78 111 81 106 123 108 2 105 16 110 104 85 43 34 52 7 29 23 31 96 86 77 121 44 87 67 42 102 95 80 8 91 24 58 68 84 100 127 65 11 75 61 49 63 50 12 73 70 20 99 82 41 18 89 122 101 39 35 79
Coste: 64

GENERACION: 270
Mejor Solucion:  76 26 46 47 55 38 1 72 114 117 118 59 6 37 90 45 32 103 64 98 5 93 94 13 57 9 30 54 119 17 56 60 112 66 48 120 25 62 0 92 40 88 124 116 71 126 83 115 4 3 51 125 19 33 74 113 22 21 53 97 28 14 36 10 69 109 15 27 107 78 111 81 106 123 108 2 105 16 110 104 85 43 34 52 7 29 23 31 96 86 77 121 44 87 67 42 102 95 80 8 91 24 58 68 84 100 127 65 11 75 61 49 63 50 12 73 70 20 99 82 41 18 89 122 101 39 35 79
Coste: 64

GENERACION: 275
Mejor Solucion:  76 26 46 47 55 38 1 72 114 117 118 59 6 37 90 45 32 103 64 98 5 93 94 13 57 9 30 54 119 17 56 60 112 66 48 120 25 62 0 92 40 88 124 116 71 126 83 115 4 3 51 125 19 33 74 113 22 21 53 97 28 14 36 10 69 109 15 27 107 78 111 81 106 123 108 2 105 16 110 104 85 43 34 52 7 29 23 31 96 86 77 121 44 87 67 42 102 95 80 8 91 24 58 68 84 100 127 65 11 75 61 49 63 50 12 73 70 20 99 82 41 18 89 122 101 39 35 79
Coste: 64

GENERACION: 280
Mejor Solucion:  76 26 46 47 55 38 1 72 114 117 118 59 6 37 90 45 32 103 64 98 5 93 94 13 57 9 30 54 119 17 56 60 112 66 48 120 25 62 0 92 40 88 124 116 71 126 83 115 4 3 51 125 19 33 74 113 22 21 53 97 28 14 36 10 69 109 15 27 107 78 111 81 106 123 108 2 105 16 110 104 85 43 34 52 7 29 23 31 96 86 77 121 44 87 67 42 102 95 80 8 91 24 58 68 84 100 127 65 11 75 61 49 63 50 12 73 70 20 99 82 41 18 89 122 101 39 35 79
Coste: 64

GENERACION: 285
Mejor Solucion:  76 26 46 47 55 38 1 72 114 117 118 59 6 37 90 45 32 103 64 98 5 93 94 13 57 9 30 54 119 17 56 60 112 66 48 120 25 62 0 92 40 88 124 116 71 126 83 115 4 3 51 125 19 33 74 113 22 21 53 97 28 14 36 10 69 109 15 27 107 78 111 81 106 123 108 2 105 16 110 104 85 43 34 52 7 29 23 31 96 86 77 121 44 87 67 42 102 95 80 8 91 24 58 68 84 100 127 65 11 75 61 49 63 50 12 73 70 20 99 82 41 18 89 122 101 39 35 79
Coste: 64

GENERACION: 290
Mejor Solucion:  76 26 46 47 55 38 1 72 114 117 118 59 6 37 90 45 32 103 64 98 5 93 94 13 57 9 30 54 119 17 56 60 112 66 48 120 25 62 0 92 40 88 124 116 71 126 83 115 4 3 51 125 19 33 74 113 22 21 53 97 28 14 36 10 69 109 15 27 107 78 111 81 106 123 108 2 105 16 110 104 85 43 34 52 7 29 23 31 96 86 77 121 44 87 67 42 102 95 80 8 91 24 58 68 84 100 127 65 11 75 61 49 63 50 12 73 70 20 99 82 41 18 89 122 101 39 35 79
Coste: 64

GENERACION: 295
Mejor Solucion:  76 26 46 47 55 38 1 72 114 117 118 59 6 37 90 45 32 103 64 98 5 93 94 13 57 9 30 54 119 17 56 60 112 66 48 120 25 62 0 92 40 88 124 116 71 126 83 115 4 3 51 125 19 33 74 113 22 21 53 97 28 14 36 10 69 109 15 27 107 78 111 81 106 123 108 2 105 16 110 104 85 43 34 52 7 29 23 31 96 86 77 121 44 87 67 42 102 95 80 8 91 24 58 68 84 100 127 65 11 75 61 49 63 50 12 73 70 20 99 82 41 18 89 122 101 39 35 79
Coste: 64

GENERACION: 300
Mejor Solucion:  76 26 46 47 55 38 1 72 114 117 118 59 6 37 90 45 32 103 64 98 5 93 94 13 57 9 30 54 119 17 56 60 112 66 48 120 25 62 0 92 40 88 124 116 71 126 83 115 4 3 51 125 19 33 74 113 22 21 53 97 28 14 36 10 69 109 15 27 107 78 111 81 106 123 108 2 105 16 110 104 85 43 34 52 7 29 23 31 96 86 77 121 44 87 67 42 102 95 80 8 91 24 58 68 84 100 127 65 11 75 61 49 63 50 12 73 70 20 99 82 41 18 89 122 101 39 35 79
Coste: 64

GENERACION: 305
Mejor Solucion:  76 26 46 47 55 38 1 72 114 117 118 59 6 37 90 45 32 103 64 98 5 93 94 13 57 9 30 54 119 17 56 60 112 66 48 120 25 62 0 92 40 88 124 116 71 126 83 115 4 3 51 125 19 33 74 113 22 21 53 97 28 14 36 10 69 109 15 27 107 78 111 81 106 123 108 2 105 16 110 104 85 43 34 52 7 29 23 31 96 86 77 121 44 87 67 42 102 95 80 8 91 24 58 68 84 100 127 65 11 75 61 49 63 50 12 73 70 20 99 82 41 18 89 122 101 39 35 79
Coste: 64

GENERACION: 310
Mejor Solucion:  76 26 46 47 55 38 1 72 114 117 118 59 6 37 90 45 32 103 64 98 5 93 94 13 57 9 30 54 119 17 56 60 112 66 48 120 25 62 0 92 40 88 124 116 71 126 83 115 4 3 51 125 19 33 74 113 22 21 53 97 28 14 36 10 69 109 15 27 107 78 111 81 106 123 108 2 105 16 110 104 85 43 34 52 7 29 23 31 96 86 77 121 44 87 67 42 102 95 80 8 91 24 58 68 84 100 127 65 11 75 61 49 63 50 12 73 70 20 99 82 41 18 89 122 101 39 35 79
Coste: 64

GENERACION: 315
Mejor Solucion:  76 26 46 47 55 38 1 72 114 117 118 59 6 37 90 45 32 103 64 98 5 93 94 13 57 9 30 54 119 17 56 60 112 66 48 120 25 62 0 92 40 88 124 116 71 126 83 115 4 3 51 125 19 33 74 113 22 21 53 97 28 14 36 10 69 109 15 27 107 78 111 81 106 123 108 2 105 16 110 104 85 43 34 52 7 29 23 31 96 86 77 121 44 87 67 42 102 95 80 8 91 24 58 68 84 100 127 65 11 75 61 49 63 50 12 73 70 20 99 82 41 18 89 122 101 39 35 79
Coste: 64

GENERACION: 320
Mejor Solucion:  76 26 46 47 55 38 1 72 114 117 118 59 6 37 90 45 32 103 64 98 5 93 94 13 57 9 30 54 119 17 56 60 112 66 48 120 25 62 0 92 40 88 124 116 71 126 83 115 4 3 51 125 19 33 74 113 22 21 53 97 28 14 36 10 69 109 15 27 107 78 111 81 106 123 108 2 105 16 110 104 85 43 34 52 7 29 23 31 96 86 77 121 44 87 67 42 102 95 80 8 91 24 58 68 84 100 127 65 11 75 61 49 63 50 12 73 70 20 99 82 41 18 89 122 101 39 35 79
Coste: 64

GENERACION: 325
Mejor Solucion:  76 26 46 47 55 38 1 72 114 117 118 59 6 37 90 45 32 103 64 98 5 93 94 13 57 9 30 54 119 17 56 60 112 66 48 120 25 62 0 92 40 88 124 116 71 126 83 115 4 3 51 125 19 33 74 113 22 21 53 97 28 14 36 10 69 109 15 27 107 78 111 81 106 123 108 2 105 16 110 104 85 43 34 52 7 29 23 31 96 86 77 121 44 87 67 42 102 95 80 8 91 24 58 68 84 100 127 65 11 75 61 49 63 50 12 73 70 20 99 82 41 18 89 122 101 39 35 79
Coste: 64

GENERACION: 330
Mejor Solucion:  76 26 46 47 55 38 1 72 114 117 118 59 6 37 90 45 32 103 64 98 5 93 94 13 57 9 30 54 119 17 56 60 112 66 48 120 25 62 0 92 40 88 124 116 71 126 83 115 4 3 51 125 19 33 74 113 22 21 53 97 28 14 36 10 69 109 15 27 107 78 111 81 106 123 108 2 105 16 110 104 85 43 34 52 7 29 23 31 96 86 77 121 44 87 67 42 102 95 80 8 91 24 58 68 84 100 127 65 11 75 61 49 63 50 12 73 70 20 99 82 41 18 89 122 101 39 35 79
Coste: 64

GENERACION: 335
Mejor Solucion:  76 26 46 47 55 38 1 72 114 117 118 59 6 37 90 45 32 103 64 98 5 93 94 13 57 9 30 54 119 17 56 60 112 66 48 120 25 62 0 92 40 88 124 116 71 126 83 115 4 3 51 125 19 33 74 113 22 21 53 97 28 14 36 10 69 109 15 27 107 78 111 81 106 123 108 2 105 16 110 104 85 43 34 52 7 29 23 31 96 86 77 121 44 87 67 42 102 95 80 8 91 24 58 68 84 100 127 65 11 75 61 49 63 50 12 73 70 20 99 82 41 18 89 122 101 39 35 79
Coste: 64

GENERACION: 340
Mejor Solucion:  76 26 46 47 55 38 1 72 114 117 118 59 6 37 90 45 32 103 64 98 5 93 94 13 57 9 30 54 119 17 56 60 112 66 48 120 25 62 0 92 40 88 124 116 71 126 83 115 4 3 51 125 19 33 74 113 22 21 53 97 28 14 36 10 69 109 15 27 107 78 111 81 106 123 108 2 105 16 110 104 85 43 34 52 7 29 23 31 96 86 77 121 44 87 67 42 102 95 80 8 91 24 58 68 84 100 127 65 11 75 61 49 63 50 12 73 70 20 99 82 41 18 89 122 101 39 35 79
Coste: 64

GENERACION: 345
Mejor Solucion:  76 26 46 47 55 38 1 72 114 117 118 59 6 37 90 45 32 103 64 98 5 93 94 13 57 9 30 54 119 17 56 60 112 66 48 120 25 62 0 92 40 88 124 116 71 126 83 115 4 3 51 125 19 33 74 113 22 21 53 97 28 14 36 10 69 109 15 27 107 78 111 81 106 123 108 2 105 16 110 104 85 43 34 52 7 29 23 31 96 86 77 121 44 87 67 42 102 95 80 8 91 24 58 68 84 100 127 65 11 75 61 49 63 50 12 73 70 20 99 82 41 18 89 122 101 39 35 79
Coste: 64

GENERACION: 350
Mejor Solucion:  76 26 46 47 55 38 1 72 114 117 118 59 6 37 90 45 32 103 64 98 5 93 94 13 57 9 30 54 119 17 56 60 112 66 48 120 25 62 0 92 40 88 124 116 71 126 83 115 4 3 51 125 19 33 74 113 22 21 53 97 28 14 36 10 69 109 15 27 107 78 111 81 106 123 108 2 105 16 110 104 85 43 34 52 7 29 23 31 96 86 77 121 44 87 67 42 102 95 80 8 91 24 58 68 84 100 127 65 11 75 61 49 63 50 12 73 70 20 99 82 41 18 89 122 101 39 35 79
Coste: 64

GENERACION: 355
Mejor Solucion:  76 26 46 47 55 38 1 72 114 117 118 59 6 37 90 45 32 103 64 98 5 93 94 13 57 9 30 54 119 17 56 60 112 66 48 120 25 62 0 92 40 88 124 116 71 126 83 115 4 3 51 125 19 33 74 113 22 21 53 97 28 14 36 10 69 109 15 27 107 78 111 81 106 123 108 2 105 16 110 104 85 43 34 52 7 29 23 31 96 86 77 121 44 87 67 42 102 95 80 8 91 24 58 68 84 100 127 65 11 75 61 49 63 50 12 73 70 20 99 82 41 18 89 122 101 39 35 79
Coste: 64

GENERACION: 360
Mejor Solucion:  76 26 46 47 55 38 1 72 114 117 118 59 6 37 90 45 32 103 64 98 5 93 94 13 57 9 30 54 119 17 56 60 112 66 48 120 25 62 0 92 40 88 124 116 71 126 83 115 4 3 51 125 19 33 74 113 22 21 53 97 28 14 36 10 69 109 15 27 107 78 111 81 106 123 108 2 105 16 110 104 85 43 34 52 7 29 23 31 96 86 77 121 44 87 67 42 102 95 80 8 91 24 58 68 84 100 127 65 11 75 61 49 63 50 12 73 70 20 99 82 41 18 89 122 101 39 35 79
Coste: 64

GENERACION: 365
Mejor Solucion:  76 26 46 47 55 38 1 72 114 117 118 59 6 37 90 45 32 103 64 98 5 93 94 13 57 9 30 54 119 17 56 60 112 66 48 120 25 62 0 92 40 88 124 116 71 126 83 115 4 3 51 125 19 33 74 113 22 21 53 97 28 14 36 10 69 109 15 27 107 78 111 81 106 123 108 2 105 16 110 104 85 43 34 52 7 29 23 31 96 86 77 121 44 87 67 42 102 95 80 8 91 24 58 68 84 100 127 65 11 75 61 49 63 50 12 73 70 20 99 82 41 18 89 122 101 39 35 79
Coste: 64

GENERACION: 370
Mejor Solucion:  76 26 46 47 55 38 1 72 114 117 118 59 6 37 90 45 32 103 64 98 5 93 94 13 57 9 30 54 119 17 56 60 112 66 48 120 25 62 0 92 40 88 124 116 71 126 83 115 4 3 51 125 19 33 74 113 22 21 53 97 28 14 36 10 69 109 15 27 107 78 111 81 106 123 108 2 105 16 110 104 85 43 34 52 7 29 23 31 96 86 77 121 44 87 67 42 102 95 80 8 91 24 58 68 84 100 127 65 11 75 61 49 63 50 12 73 70 20 99 82 41 18 89 122 101 39 35 79
Coste: 64

GENERACION: 375
Mejor Solucion:  76 26 46 47 55 38 1 72 114 117 118 59 6 37 90 45 32 103 64 98 5 93 94 13 57 9 30 54 119 17 56 60 112 66 48 120 25 62 0 92 40 88 124 116 71 126 83 115 4 3 51 125 19 33 74 113 22 21 53 97 28 14 36 10 69 109 15 27 107 78 111 81 106 123 108 2 105 16 110 104 85 43 34 52 7 29 23 31 96 86 77 121 44 87 67 42 102 95 80 8 91 24 58 68 84 100 127 65 11 75 61 49 63 50 12 73 70 20 99 82 41 18 89 122 101 39 35 79
Coste: 64

GENERACION: 380
Mejor Solucion:  76 26 46 47 55 38 1 72 114 117 118 59 6 37 90 45 32 103 64 98 5 93 94 13 57 9 30 54 119 17 56 60 112 66 48 120 25 62 0 92 40 88 124 116 71 126 83 115 4 3 51 125 19 33 74 113 22 21 53 97 28 14 36 10 69 109 15 27 107 78 111 81 106 123 108 2 105 16 110 104 85 43 34 52 7 29 23 31 96 86 77 121 44 87 67 42 102 95 80 8 91 24 58 68 84 100 127 65 11 75 61 49 63 50 12 73 70 20 99 82 41 18 89 122 101 39 35 79
Coste: 64

GENERACION: 385
Mejor Solucion:  76 26 46 47 55 38 1 72 114 117 118 59 6 37 90 45 32 103 64 98 5 93 94 13 57 9 30 54 119 17 56 60 112 66 48 120 25 62 0 92 40 88 124 116 71 126 83 115 4 3 51 125 19 33 74 113 22 21 53 97 28 14 36 10 69 109 15 27 107 78 111 81 106 123 108 2 105 16 110 104 85 43 34 52 7 29 23 31 96 86 77 121 44 87 67 42 102 95 80 8 91 24 58 68 84 100 127 65 11 75 61 49 63 50 12 73 70 20 99 82 41 18 89 122 101 39 35 79
Coste: 64

GENERACION: 390
Mejor Solucion:  76 26 46 47 55 38 1 72 114 117 118 59 6 37 90 45 32 103 64 98 5 93 94 13 57 9 30 54 119 17 56 60 112 66 48 120 25 62 0 92 40 88 124 116 71 126 83 115 4 3 51 125 19 33 74 113 22 21 53 97 28 14 36 10 69 109 15 27 107 78 111 81 106 123 108 2 105 16 110 104 85 43 34 52 7 29 23 31 96 86 77 121 44 87 67 42 102 95 80 8 91 24 58 68 84 100 127 65 11 75 61 49 63 50 12 73 70 20 99 82 41 18 89 122 101 39 35 79
Coste: 64

GENERACION: 395
Mejor Solucion:  76 26 46 47 55 38 1 72 114 117 118 59 6 37 90 45 32 103 64 98 5 93 94 13 57 9 30 54 119 17 56 60 112 66 48 120 25 62 0 92 40 88 124 116 71 126 83 115 4 3 51 125 19 33 74 113 22 21 53 97 28 14 36 10 69 109 15 27 107 78 111 81 106 123 108 2 105 16 110 104 85 43 34 52 7 29 23 31 96 86 77 121 44 87 67 42 102 95 80 8 91 24 58 68 84 100 127 65 11 75 61 49 63 50 12 73 70 20 99 82 41 18 89 122 101 39 35 79
Coste: 64

GENERACION: 400
Mejor Solucion:  76 26 46 47 55 38 1 72 114 117 118 59 6 37 90 45 32 103 64 98 5 93 94 13 57 9 30 54 119 17 56 60 112 66 48 120 25 62 0 92 40 88 124 116 71 126 83 115 4 3 51 125 19 33 74 113 22 21 53 97 28 14 36 10 69 109 15 27 107 78 111 81 106 123 108 2 105 16 110 104 85 43 34 52 7 29 23 31 96 86 77 121 44 87 67 42 102 95 80 8 91 24 58 68 84 100 127 65 11 75 61 49 63 50 12 73 70 20 99 82 41 18 89 122 101 39 35 79
Coste: 64

GENERACION: 405
Mejor Solucion:  76 26 46 47 55 38 1 72 114 117 118 59 6 37 90 45 32 103 64 98 5 93 94 13 57 9 30 54 119 17 56 60 112 66 48 120 25 62 0 92 40 88 124 116 71 126 83 115 4 3 51 125 19 33 74 113 22 21 53 97 28 14 36 10 69 109 15 27 107 78 111 81 106 123 108 2 105 16 110 104 85 43 34 52 7 29 23 31 96 86 77 121 44 87 67 42 102 95 80 8 91 24 58 68 84 100 127 65 11 75 61 49 63 50 12 73 70 20 99 82 41 18 89 122 101 39 35 79
Coste: 64

GENERACION: 410
Mejor Solucion:  76 26 46 47 55 38 1 72 114 117 118 59 6 37 90 45 32 103 64 98 5 93 94 13 57 9 30 54 119 17 56 60 112 66 48 120 25 62 0 92 40 88 124 116 71 126 83 115 4 3 51 125 19 33 74 113 22 21 53 97 28 14 36 10 69 109 15 27 107 78 111 81 106 123 108 2 105 16 110 104 85 43 34 52 7 29 23 31 96 86 77 121 44 87 67 42 102 95 80 8 91 24 58 68 84 100 127 65 11 75 61 49 63 50 12 73 70 20 99 82 41 18 89 122 101 39 35 79
Coste: 64

GENERACION: 415
Mejor Solucion:  76 26 46 47 55 38 1 72 114 117 118 59 6 37 90 45 32 103 64 98 5 93 94 13 57 9 30 54 119 17 56 60 112 66 48 120 25 62 0 92 40 88 124 116 71 126 83 115 4 3 51 125 19 33 74 113 22 21 53 97 28 14 36 10 69 109 15 27 107 78 111 81 106 123 108 2 105 16 110 104 85 43 34 52 7 29 23 31 96 86 77 121 44 87 67 42 102 95 80 8 91 24 58 68 84 100 127 65 11 75 61 49 63 50 12 73 70 20 99 82 41 18 89 122 101 39 35 79
Coste: 64

GENERACION: 420
Mejor Solucion:  76 26 46 47 55 38 1 72 114 117 118 59 6 37 90 45 32 103 64 98 5 93 94 13 57 9 30 54 119 17 56 60 112 66 48 120 25 62 0 92 40 88 124 116 71 126 83 115 4 3 51 125 19 33 74 113 22 21 53 97 28 14 36 10 69 109 15 27 107 78 111 81 106 123 108 2 105 16 110 104 85 43 34 52 7 29 23 31 96 86 77 121 44 87 67 42 102 95 80 8 91 24 58 68 84 100 127 65 11 75 61 49 63 50 12 73 70 20 99 82 41 18 89 122 101 39 35 79
Coste: 64

GENERACION: 425
Mejor Solucion:  76 26 46 47 55 38 1 72 114 117 118 59 6 37 90 45 32 103 64 98 5 93 94 13 57 9 30 54 119 17 56 60 112 66 48 120 25 62 0 92 40 88 124 116 71 126 83 115 4 3 51 125 19 33 74 113 22 21 53 97 28 14 36 10 69 109 15 27 107 78 111 81 106 123 108 2 105 16 110 104 85 43 34 52 7 29 23 31 96 86 77 121 44 87 67 42 102 95 80 8 91 24 58 68 84 100 127 65 11 75 61 49 63 50 12 73 70 20 99 82 41 18 89 122 101 39 35 79
Coste: 64

GENERACION: 430
Mejor Solucion:  76 26 46 47 55 38 1 72 114 117 118 59 6 37 90 45 32 103 64 98 5 93 94 13 57 9 30 54 119 17 56 60 112 66 48 120 25 62 0 92 40 88 124 116 71 126 83 115 4 3 51 125 19 33 74 113 22 21 53 97 28 14 36 10 69 109 15 27 107 78 111 81 106 123 108 2 105 16 110 104 85 43 34 52 7 29 23 31 96 86 77 121 44 87 67 42 102 95 80 8 91 24 58 68 84 100 127 65 11 75 61 49 63 50 12 73 70 20 99 82 41 18 89 122 101 39 35 79
Coste: 64

GENERACION: 435
Mejor Solucion:  76 26 46 47 55 38 1 72 114 117 118 59 6 37 90 45 32 103 64 98 5 93 94 13 57 9 30 54 119 17 56 60 112 66 48 120 25 62 0 92 40 88 124 116 71 126 83 115 4 3 51 125 19 33 74 113 22 21 53 97 28 14 36 10 69 109 15 27 107 78 111 81 106 123 108 2 105 16 110 104 85 43 34 52 7 29 23 31 96 86 77 121 44 87 67 42 102 95 80 8 91 24 58 68 84 100 127 65 11 75 61 49 63 50 12 73 70 20 99 82 41 18 89 122 101 39 35 79
Coste: 64

GENERACION: 440
Mejor Solucion:  76 26 46 47 55 38 1 72 114 117 118 59 6 37 90 45 32 103 64 98 5 93 94 13 57 9 30 54 119 17 56 60 112 66 48 120 25 62 0 92 40 88 124 116 71 126 83 115 4 3 51 125 19 33 74 113 22 21 53 97 28 14 36 10 69 109 15 27 107 78 111 81 106 123 108 2 105 16 110 104 85 43 34 52 7 29 23 31 96 86 77 121 44 87 67 42 102 95 80 8 91 24 58 68 84 100 127 65 11 75 61 49 63 50 12 73 70 20 99 82 41 18 89 122 101 39 35 79
Coste: 64

GENERACION: 445
Mejor Solucion:  76 26 46 47 55 38 1 72 114 117 118 59 6 37 90 45 32 103 64 98 5 93 94 13 57 9 30 54 119 17 56 60 112 66 48 120 25 62 0 92 40 88 124 116 71 126 83 115 4 3 51 125 19 33 74 113 22 21 53 97 28 14 36 10 69 109 15 27 107 78 111 81 106 123 108 2 105 16 110 104 85 43 34 52 7 29 23 31 96 86 77 121 44 87 67 42 102 95 80 8 91 24 58 68 84 100 127 65 11 75 61 49 63 50 12 73 70 20 99 82 41 18 89 122 101 39 35 79
Coste: 64

GENERACION: 450
Mejor Solucion:  76 26 46 47 55 38 1 72 114 117 118 59 6 37 90 45 32 103 64 98 5 93 94 13 57 9 30 54 119 17 56 60 112 66 48 120 25 62 0 92 40 88 124 116 71 126 83 115 4 3 51 125 19 33 74 113 22 21 53 97 28 14 36 10 69 109 15 27 107 78 111 81 106 123 108 2 105 16 110 104 85 43 34 52 7 29 23 31 96 86 77 121 44 87 67 42 102 95 80 8 91 24 58 68 84 100 127 65 11 75 61 49 63 50 12 73 70 20 99 82 41 18 89 122 101 39 35 79
Coste: 64

GENERACION: 455
Mejor Solucion:  76 26 46 47 55 38 1 72 114 117 118 59 6 37 90 45 32 103 64 98 5 93 94 13 57 9 30 54 119 17 56 60 112 66 48 120 25 62 0 92 40 88 124 116 71 126 83 115 4 3 51 125 19 33 74 113 22 21 53 97 28 14 36 10 69 109 15 27 107 78 111 81 106 123 108 2 105 16 110 104 85 43 34 52 7 29 23 31 96 86 77 121 44 87 67 42 102 95 80 8 91 24 58 68 84 100 127 65 11 75 61 49 63 50 12 73 70 20 99 82 41 18 89 122 101 39 35 79
Coste: 64

GENERACION: 460
Mejor Solucion:  76 26 46 47 55 38 1 72 114 117 118 59 6 37 90 45 32 103 64 98 5 93 94 13 57 9 30 54 119 17 56 60 112 66 48 120 25 62 0 92 40 88 124 116 71 126 83 115 4 3 51 125 19 33 74 113 22 21 53 97 28 14 36 10 69 109 15 27 107 78 111 81 106 123 108 2 105 16 110 104 85 43 34 52 7 29 23 31 96 86 77 121 44 87 67 42 102 95 80 8 91 24 58 68 84 100 127 65 11 75 61 49 63 50 12 73 70 20 99 82 41 18 89 122 101 39 35 79
Coste: 64

GENERACION: 465
Mejor Solucion:  76 26 46 47 55 38 1 72 114 117 118 59 6 37 90 45 32 103 64 98 5 93 94 13 57 9 30 54 119 17 56 60 112 66 48 120 25 62 0 92 40 88 124 116 71 126 83 115 4 3 51 125 19 33 74 113 22 21 53 97 28 14 36 10 69 109 15 27 107 78 111 81 106 123 108 2 105 16 110 104 85 43 34 52 7 29 23 31 96 86 77 121 44 87 67 42 102 95 80 8 91 24 58 68 84 100 127 65 11 75 61 49 63 50 12 73 70 20 99 82 41 18 89 122 101 39 35 79
Coste: 64

GENERACION: 470
Mejor Solucion:  76 26 46 47 55 38 1 72 114 117 118 59 6 37 90 45 32 103 64 98 5 93 94 13 57 9 30 54 119 17 56 60 112 66 48 120 25 62 0 92 40 88 124 116 71 126 83 115 4 3 51 125 19 33 74 113 22 21 53 97 28 14 36 10 69 109 15 27 107 78 111 81 106 123 108 2 105 16 110 104 85 43 34 52 7 29 23 31 96 86 77 121 44 87 67 42 102 95 80 8 91 24 58 68 84 100 127 65 11 75 61 49 63 50 12 73 70 20 99 82 41 18 89 122 101 39 35 79
Coste: 64

GENERACION: 475
Mejor Solucion:  76 26 46 47 55 38 1 72 114 117 118 59 6 37 90 45 32 103 64 98 5 93 94 13 57 9 30 54 119 17 56 60 112 66 48 120 25 62 0 92 40 88 124 116 71 126 83 115 4 3 51 125 19 33 74 113 22 21 53 97 28 14 36 10 69 109 15 27 107 78 111 81 106 123 108 2 105 16 110 104 85 43 34 52 7 29 23 31 96 86 77 121 44 87 67 42 102 95 80 8 91 24 58 68 84 100 127 65 11 75 61 49 63 50 12 73 70 20 99 82 41 18 89 122 101 39 35 79
Coste: 64

GENERACION: 480
Mejor Solucion:  76 26 46 47 55 38 1 72 114 117 118 59 6 37 90 45 32 103 64 98 5 93 94 13 57 9 30 54 119 17 56 60 112 66 48 120 25 62 0 92 40 88 124 116 71 126 83 115 4 3 51 125 19 33 74 113 22 21 53 97 28 14 36 10 69 109 15 27 107 78 111 81 106 123 108 2 105 16 110 104 85 43 34 52 7 29 23 31 96 86 77 121 44 87 67 42 102 95 80 8 91 24 58 68 84 100 127 65 11 75 61 49 63 50 12 73 70 20 99 82 41 18 89 122 101 39 35 79
Coste: 64

GENERACION: 485
Mejor Solucion:  76 26 46 47 55 38 1 72 114 117 118 59 6 37 90 45 32 103 64 98 5 93 94 13 57 9 30 54 119 17 56 60 112 66 48 120 25 62 0 92 40 88 124 116 71 126 83 115 4 3 51 125 19 33 74 113 22 21 53 97 28 14 36 10 69 109 15 27 107 78 111 81 106 123 108 2 105 16 110 104 85 43 34 52 7 29 23 31 96 86 77 121 44 87 67 42 102 95 80 8 91 24 58 68 84 100 127 65 11 75 61 49 63 50 12 73 70 20 99 82 41 18 89 122 101 39 35 79
Coste: 64

GENERACION: 490
Mejor Solucion:  76 26 46 47 55 38 1 72 114 117 118 59 6 37 90 45 32 103 64 98 5 93 94 13 57 9 30 54 119 17 56 60 112 66 48 120 25 62 0 92 40 88 124 116 71 126 83 115 4 3 51 125 19 33 74 113 22 21 53 97 28 14 36 10 69 109 15 27 107 78 111 81 106 123 108 2 105 16 110 104 85 43 34 52 7 29 23 31 96 86 77 121 44 87 67 42 102 95 80 8 91 24 58 68 84 100 127 65 11 75 61 49 63 50 12 73 70 20 99 82 41 18 89 122 101 39 35 79
Coste: 64

GENERACION: 495
Mejor Solucion:  76 26 46 47 55 38 1 72 114 117 118 59 6 37 90 45 32 103 64 98 5 93 94 13 57 9 30 54 119 17 56 60 112 66 48 120 25 62 0 92 40 88 124 116 71 126 83 115 4 3 51 125 19 33 74 113 22 21 53 97 28 14 36 10 69 109 15 27 107 78 111 81 106 123 108 2 105 16 110 104 85 43 34 52 7 29 23 31 96 86 77 121 44 87 67 42 102 95 80 8 91 24 58 68 84 100 127 65 11 75 61 49 63 50 12 73 70 20 99 82 41 18 89 122 101 39 35 79
Coste: 64

GENERACION: 500
Mejor Solucion:  76 26 46 47 55 38 1 72 114 117 118 59 6 37 90 45 32 103 64 98 5 93 94 13 57 9 30 54 119 17 56 60 112 66 48 120 25 62 0 92 40 88 124 116 71 126 83 115 4 3 51 125 19 33 74 113 22 21 53 97 28 14 36 10 69 109 15 27 107 78 111 81 106 123 108 2 105 16 110 104 85 43 34 52 7 29 23 31 96 86 77 121 44 87 67 42 102 95 80 8 91 24 58 68 84 100 127 65 11 75 61 49 63 50 12 73 70 20 99 82 41 18 89 122 101 39 35 79
Coste: 64

GENERACION: 505
Mejor Solucion:  76 26 46 47 55 38 1 72 114 117 118 59 6 37 90 45 32 103 64 98 5 93 94 13 57 9 30 54 119 17 56 60 112 66 48 120 25 62 0 92 40 88 124 116 71 126 83 115 4 3 51 125 19 33 74 113 22 21 53 97 28 14 36 10 69 109 15 27 107 78 111 81 106 123 108 2 105 16 110 104 85 43 34 52 7 29 23 31 96 86 77 121 44 87 67 42 102 95 80 8 91 24 58 68 84 100 127 65 11 75 61 49 63 50 12 73 70 20 99 82 41 18 89 122 101 39 35 79
Coste: 64

GENERACION: 510
Mejor Solucion:  76 26 46 47 55 38 1 72 114 117 118 59 6 37 90 45 32 103 64 98 5 93 94 13 57 9 30 54 119 17 56 60 112 66 48 120 25 62 0 92 40 88 124 116 71 126 83 115 4 3 51 125 19 33 74 113 22 21 53 97 28 14 36 10 69 109 15 27 107 78 111 81 106 123 108 2 105 16 110 104 85 43 34 52 7 29 23 31 96 86 77 121 44 87 67 42 102 95 80 8 91 24 58 68 84 100 127 65 11 75 61 49 63 50 12 73 70 20 99 82 41 18 89 122 101 39 35 79
Coste: 64

GENERACION: 515
Mejor Solucion:  76 26 46 47 55 38 1 72 114 117 118 59 6 37 90 45 32 103 64 98 5 93 94 13 57 9 30 54 119 17 56 60 112 66 48 120 25 62 0 92 40 88 124 116 71 126 83 115 4 3 51 125 19 33 74 113 22 21 53 97 28 14 36 10 69 109 15 27 107 78 111 81 106 123 108 2 105 16 110 104 85 43 34 52 7 29 23 31 96 86 77 121 44 87 67 42 102 95 80 8 91 24 58 68 84 100 127 65 11 75 61 49 63 50 12 73 70 20 99 82 41 18 89 122 101 39 35 79
Coste: 64

GENERACION: 520
Mejor Solucion:  76 26 46 47 55 38 1 72 114 117 118 59 6 37 90 45 32 103 64 98 5 93 94 13 57 9 30 54 119 17 56 60 112 66 48 120 25 62 0 92 40 88 124 116 71 126 83 115 4 3 51 125 19 33 74 113 22 21 53 97 28 14 36 10 69 109 15 27 107 78 111 81 106 123 108 2 105 16 110 104 85 43 34 52 7 29 23 31 96 86 77 121 44 87 67 42 102 95 80 8 91 24 58 68 84 100 127 65 11 75 61 49 63 50 12 73 70 20 99 82 41 18 89 122 101 39 35 79
Coste: 64

GENERACION: 525
Mejor Solucion:  76 26 46 47 55 38 1 72 114 117 118 59 6 37 90 45 32 103 64 98 5 93 94 13 57 9 30 54 119 17 56 60 112 66 48 120 25 62 0 92 40 88 124 116 71 126 83 115 4 3 51 125 19 33 74 113 22 21 53 97 28 14 36 10 69 109 15 27 107 78 111 81 106 123 108 2 105 16 110 104 85 43 34 52 7 29 23 31 96 86 77 121 44 87 67 42 102 95 80 8 91 24 58 68 84 100 127 65 11 75 61 49 63 50 12 73 70 20 99 82 41 18 89 122 101 39 35 79
Coste: 64

GENERACION: 530
Mejor Solucion:  76 26 46 47 55 38 1 72 114 117 118 59 6 37 90 45 32 103 64 98 5 93 94 13 57 9 30 54 119 17 56 60 112 66 48 120 25 62 0 92 40 88 124 116 71 126 83 115 4 3 51 125 19 33 74 113 22 21 53 97 28 14 36 10 69 109 15 27 107 78 111 81 106 123 108 2 105 16 110 104 85 43 34 52 7 29 23 31 96 86 77 121 44 87 67 42 102 95 80 8 91 24 58 68 84 100 127 65 11 75 61 49 63 50 12 73 70 20 99 82 41 18 89 122 101 39 35 79
Coste: 64

GENERACION: 535
Mejor Solucion:  76 26 46 47 55 38 1 72 114 117 118 59 6 37 90 45 32 103 64 98 5 93 94 13 57 9 30 54 119 17 56 60 112 66 48 120 25 62 0 92 40 88 124 116 71 126 83 115 4 3 51 125 19 33 74 113 22 21 53 97 28 14 36 10 69 109 15 27 107 78 111 81 106 123 108 2 105 16 110 104 85 43 34 52 7 29 23 31 96 86 77 121 44 87 67 42 102 95 80 8 91 24 58 68 84 100 127 65 11 75 61 49 63 50 12 73 70 20 99 82 41 18 89 122 101 39 35 79
Coste: 64

GENERACION: 540
Mejor Solucion:  76 26 46 47 55 38 1 72 114 117 118 59 6 37 90 45 32 103 64 98 5 93 94 13 57 9 30 54 119 17 56 60 112 66 48 120 25 62 0 92 40 88 124 116 71 126 83 115 4 3 51 125 19 33 74 113 22 21 53 97 28 14 36 10 69 109 15 27 107 78 111 81 106 123 108 2 105 16 110 104 85 43 34 52 7 29 23 31 96 86 77 121 44 87 67 42 102 95 80 8 91 24 58 68 84 100 127 65 11 75 61 49 63 50 12 73 70 20 99 82 41 18 89 122 101 39 35 79
Coste: 64

GENERACION: 545
Mejor Solucion:  76 26 46 47 55 38 1 72 114 117 118 59 6 37 90 45 32 103 64 98 5 93 94 13 57 9 30 54 119 17 56 60 112 66 48 120 25 62 0 92 40 88 124 116 71 126 83 115 4 3 51 125 19 33 74 113 22 21 53 97 28 14 36 10 69 109 15 27 107 78 111 81 106 123 108 2 105 16 110 104 85 43 34 52 7 29 23 31 96 86 77 121 44 87 67 42 102 95 80 8 91 24 58 68 84 100 127 65 11 75 61 49 63 50 12 73 70 20 99 82 41 18 89 122 101 39 35 79
Coste: 64

GENERACION: 550
Mejor Solucion:  76 26 46 47 55 38 1 72 114 117 118 59 6 37 90 45 32 103 64 98 5 93 94 13 57 9 30 54 119 17 56 60 112 66 48 120 25 62 0 92 40 88 124 116 71 126 83 115 4 3 51 125 19 33 74 113 22 21 53 97 28 14 36 10 69 109 15 27 107 78 111 81 106 123 108 2 105 16 110 104 85 43 34 52 7 29 23 31 96 86 77 121 44 87 67 42 102 95 80 8 91 24 58 68 84 100 127 65 11 75 61 49 63 50 12 73 70 20 99 82 41 18 89 122 101 39 35 79
Coste: 64

GENERACION: 555
Mejor Solucion:  76 26 46 47 55 38 1 72 114 117 118 59 6 37 90 45 32 103 64 98 5 93 94 13 57 9 30 54 119 17 56 60 112 66 48 120 25 62 0 92 40 88 124 116 71 126 83 115 4 3 51 125 19 33 74 113 22 21 53 97 28 14 36 10 69 109 15 27 107 78 111 81 106 123 108 2 105 16 110 104 85 43 34 52 7 29 23 31 96 86 77 121 44 87 67 42 102 95 80 8 91 24 58 68 84 100 127 65 11 75 61 49 63 50 12 73 70 20 99 82 41 18 89 122 101 39 35 79
Coste: 64

GENERACION: 560
Mejor Solucion:  76 26 46 47 55 38 1 72 114 117 118 59 6 37 90 45 32 103 64 98 5 93 94 13 57 9 30 54 119 17 56 60 112 66 48 120 25 62 0 92 40 88 124 116 71 126 83 115 4 3 51 125 19 33 74 113 22 21 53 97 28 14 36 10 69 109 15 27 107 78 111 81 106 123 108 2 105 16 110 104 85 43 34 52 7 29 23 31 96 86 77 121 44 87 67 42 102 95 80 8 91 24 58 68 84 100 127 65 11 75 61 49 63 50 12 73 70 20 99 82 41 18 89 122 101 39 35 79
Coste: 64

GENERACION: 565
Mejor Solucion:  76 26 46 47 55 38 1 72 114 117 118 59 6 37 90 45 32 103 64 98 5 93 94 13 57 9 30 54 119 17 56 60 112 66 48 120 25 62 0 92 40 88 124 116 71 126 83 115 4 3 51 125 19 33 74 113 22 21 53 97 28 14 36 10 69 109 15 27 107 78 111 81 106 123 108 2 105 16 110 104 85 43 34 52 7 29 23 31 96 86 77 121 44 87 67 42 102 95 80 8 91 24 58 68 84 100 127 65 11 75 61 49 63 50 12 73 70 20 99 82 41 18 89 122 101 39 35 79
Coste: 64

GENERACION: 570
Mejor Solucion:  76 26 46 47 55 38 1 72 114 117 118 59 6 37 90 45 32 103 64 98 5 93 94 13 57 9 30 54 119 17 56 60 112 66 48 120 25 62 0 92 40 88 124 116 71 126 83 115 4 3 51 125 19 33 74 113 22 21 53 97 28 14 36 10 69 109 15 27 107 78 111 81 106 123 108 2 105 16 110 104 85 43 34 52 7 29 23 31 96 86 77 121 44 87 67 42 102 95 80 8 91 24 58 68 84 100 127 65 11 75 61 49 63 50 12 73 70 20 99 82 41 18 89 122 101 39 35 79
Coste: 64

GENERACION: 575
Mejor Solucion:  76 26 46 47 55 38 1 72 114 117 118 59 6 37 90 45 32 103 64 98 5 93 94 13 57 9 30 54 119 17 56 60 112 66 48 120 25 62 0 92 40 88 124 116 71 126 83 115 4 3 51 125 19 33 74 113 22 21 53 97 28 14 36 10 69 109 15 27 107 78 111 81 106 123 108 2 105 16 110 104 85 43 34 52 7 29 23 31 96 86 77 121 44 87 67 42 102 95 80 8 91 24 58 68 84 100 127 65 11 75 61 49 63 50 12 73 70 20 99 82 41 18 89 122 101 39 35 79
Coste: 64

GENERACION: 580
Mejor Solucion:  76 26 46 47 55 38 1 72 114 117 118 59 6 37 90 45 32 103 64 98 5 93 94 13 57 9 30 54 119 17 56 60 112 66 48 120 25 62 0 92 40 88 124 116 71 126 83 115 4 3 51 125 19 33 74 113 22 21 53 97 28 14 36 10 69 109 15 27 107 78 111 81 106 123 108 2 105 16 110 104 85 43 34 52 7 29 23 31 96 86 77 121 44 87 67 42 102 95 80 8 91 24 58 68 84 100 127 65 11 75 61 49 63 50 12 73 70 20 99 82 41 18 89 122 101 39 35 79
Coste: 64

GENERACION: 585
Mejor Solucion:  76 26 46 47 55 38 1 72 114 117 118 59 6 37 90 45 32 103 64 98 5 93 94 13 57 9 30 54 119 17 56 60 112 66 48 120 25 62 0 92 40 88 124 116 71 126 83 115 4 3 51 125 19 33 74 113 22 21 53 97 28 14 36 10 69 109 15 27 107 78 111 81 106 123 108 2 105 16 110 104 85 43 34 52 7 29 23 31 96 86 77 121 44 87 67 42 102 95 80 8 91 24 58 68 84 100 127 65 11 75 61 49 63 50 12 73 70 20 99 82 41 18 89 122 101 39 35 79
Coste: 64

GENERACION: 590
Mejor Solucion:  76 26 46 47 55 38 1 72 114 117 118 59 6 37 90 45 32 103 64 98 5 93 94 13 57 9 30 54 119 17 56 60 112 66 48 120 25 62 0 92 40 88 124 116 71 126 83 115 4 3 51 125 19 33 74 113 22 21 53 97 28 14 36 10 69 109 15 27 107 78 111 81 106 123 108 2 105 16 110 104 85 43 34 52 7 29 23 31 96 86 77 121 44 87 67 42 102 95 80 8 91 24 58 68 84 100 127 65 11 75 61 49 63 50 12 73 70 20 99 82 41 18 89 122 101 39 35 79
Coste: 64

GENERACION: 595
Mejor Solucion:  76 26 46 47 55 38 1 72 114 117 118 59 6 37 90 45 32 103 64 98 5 93 94 13 57 9 30 54 119 17 56 60 112 66 48 120 25 62 0 92 40 88 124 116 71 126 83 115 4 3 51 125 19 33 74 113 22 21 53 97 28 14 36 10 69 109 15 27 107 78 111 81 106 123 108 2 105 16 110 104 85 43 34 52 7 29 23 31 96 86 77 121 44 87 67 42 102 95 80 8 91 24 58 68 84 100 127 65 11 75 61 49 63 50 12 73 70 20 99 82 41 18 89 122 101 39 35 79
Coste: 64

GENERACION: 600
Mejor Solucion:  76 26 46 47 55 38 1 72 114 117 118 59 6 37 90 45 32 103 64 98 5 93 94 13 57 9 30 54 119 17 56 60 112 66 48 120 25 62 0 92 40 88 124 116 71 126 83 115 4 3 51 125 19 33 74 113 22 21 53 97 28 14 36 10 69 109 15 27 107 78 111 81 106 123 108 2 105 16 110 104 85 43 34 52 7 29 23 31 96 86 77 121 44 87 67 42 102 95 80 8 91 24 58 68 84 100 127 65 11 75 61 49 63 50 12 73 70 20 99 82 41 18 89 122 101 39 35 79
Coste: 64

GENERACION: 605
Mejor Solucion:  76 26 46 47 55 38 1 72 114 117 118 59 6 37 90 45 32 103 64 98 5 93 94 13 57 9 30 54 119 17 56 60 112 66 48 120 25 62 0 92 40 88 124 116 71 126 83 115 4 3 51 125 19 33 74 113 22 21 53 97 28 14 36 10 69 109 15 27 107 78 111 81 106 123 108 2 105 16 110 104 85 43 34 52 7 29 23 31 96 86 77 121 44 87 67 42 102 95 80 8 91 24 58 68 84 100 127 65 11 75 61 49 63 50 12 73 70 20 99 82 41 18 89 122 101 39 35 79
Coste: 64

GENERACION: 610
Mejor Solucion:  76 26 46 47 55 38 1 72 114 117 118 59 6 37 90 45 32 103 64 98 5 93 94 13 57 9 30 54 119 17 56 60 112 66 48 120 25 62 0 92 40 88 124 116 71 126 83 115 4 3 51 125 19 33 74 113 22 21 53 97 28 14 36 10 69 109 15 27 107 78 111 81 106 123 108 2 105 16 110 104 85 43 34 52 7 29 23 31 96 86 77 121 44 87 67 42 102 95 80 8 91 24 58 68 84 100 127 65 11 75 61 49 63 50 12 73 70 20 99 82 41 18 89 122 101 39 35 79
Coste: 64

GENERACION: 615
Mejor Solucion:  76 26 46 47 55 38 1 72 114 117 118 59 6 37 90 45 32 103 64 98 5 93 94 13 57 9 30 54 119 17 56 60 112 66 48 120 25 62 0 92 40 88 124 116 71 126 83 115 4 3 51 125 19 33 74 113 22 21 53 97 28 14 36 10 69 109 15 27 107 78 111 81 106 123 108 2 105 16 110 104 85 43 34 52 7 29 23 31 96 86 77 121 44 87 67 42 102 95 80 8 91 24 58 68 84 100 127 65 11 75 61 49 63 50 12 73 70 20 99 82 41 18 89 122 101 39 35 79
Coste: 64

GENERACION: 620
Mejor Solucion:  76 26 46 47 55 38 1 72 114 117 118 59 6 37 90 45 32 103 64 98 5 93 94 13 57 9 30 54 119 17 56 60 112 66 48 120 25 62 0 92 40 88 124 116 71 126 83 115 4 3 51 125 19 33 74 113 22 21 53 97 28 14 36 10 69 109 15 27 107 78 111 81 106 123 108 2 105 16 110 104 85 43 34 52 7 29 23 31 96 86 77 121 44 87 67 42 102 95 80 8 91 24 58 68 84 100 127 65 11 75 61 49 63 50 12 73 70 20 99 82 41 18 89 122 101 39 35 79
Coste: 64

GENERACION: 625
Mejor Solucion:  76 26 46 47 55 38 1 72 114 117 118 59 6 37 90 45 32 103 64 98 5 93 94 13 57 9 30 54 119 17 56 60 112 66 48 120 25 62 0 92 40 88 124 116 71 126 83 115 4 3 51 125 19 33 74 113 22 21 53 97 28 14 36 10 69 109 15 27 107 78 111 81 106 123 108 2 105 16 110 104 85 43 34 52 7 29 23 31 96 86 77 121 44 87 67 42 102 95 80 8 91 24 58 68 84 100 127 65 11 75 61 49 63 50 12 73 70 20 99 82 41 18 89 122 101 39 35 79
Coste: 64

GENERACION: 630
Mejor Solucion:  76 26 46 47 55 38 1 72 114 117 118 59 6 37 90 45 32 103 64 98 5 93 94 13 57 9 30 54 119 17 56 60 112 66 48 120 25 62 0 92 40 88 124 116 71 126 83 115 4 3 51 125 19 33 74 113 22 21 53 97 28 14 36 10 69 109 15 27 107 78 111 81 106 123 108 2 105 16 110 104 85 43 34 52 7 29 23 31 96 86 77 121 44 87 67 42 102 95 80 8 91 24 58 68 84 100 127 65 11 75 61 49 63 50 12 73 70 20 99 82 41 18 89 122 101 39 35 79
Coste: 64

GENERACION: 635
Mejor Solucion:  76 26 46 47 55 38 1 72 114 117 118 59 6 37 90 45 32 103 64 98 5 93 94 13 57 9 30 54 119 17 56 60 112 66 48 120 25 62 0 92 40 88 124 116 71 126 83 115 4 3 51 125 19 33 74 113 22 21 53 97 28 14 36 10 69 109 15 27 107 78 111 81 106 123 108 2 105 16 110 104 85 43 34 52 7 29 23 31 96 86 77 121 44 87 67 42 102 95 80 8 91 24 58 68 84 100 127 65 11 75 61 49 63 50 12 73 70 20 99 82 41 18 89 122 101 39 35 79
Coste: 64

GENERACION: 640
Mejor Solucion:  76 26 46 47 55 38 1 72 114 117 118 59 6 37 90 45 32 103 64 98 5 93 94 13 57 9 30 54 119 17 56 60 112 66 48 120 25 62 0 92 40 88 124 116 71 126 83 115 4 3 51 125 19 33 74 113 22 21 53 97 28 14 36 10 69 109 15 27 107 78 111 81 106 123 108 2 105 16 110 104 85 43 34 52 7 29 23 31 96 86 77 121 44 87 67 42 102 95 80 8 91 24 58 68 84 100 127 65 11 75 61 49 63 50 12 73 70 20 99 82 41 18 89 122 101 39 35 79
Coste: 64

GENERACION: 645
Mejor Solucion:  76 26 46 47 55 38 1 72 114 117 118 59 6 37 90 45 32 103 64 98 5 93 94 13 57 9 30 54 119 17 56 60 112 66 48 120 25 62 0 92 40 88 124 116 71 126 83 115 4 3 51 125 19 33 74 113 22 21 53 97 28 14 36 10 69 109 15 27 107 78 111 81 106 123 108 2 105 16 110 104 85 43 34 52 7 29 23 31 96 86 77 121 44 87 67 42 102 95 80 8 91 24 58 68 84 100 127 65 11 75 61 49 63 50 12 73 70 20 99 82 41 18 89 122 101 39 35 79
Coste: 64

GENERACION: 650
Mejor Solucion:  76 26 46 47 55 38 1 72 114 117 118 59 6 37 90 45 32 103 64 98 5 93 94 13 57 9 30 54 119 17 56 60 112 66 48 120 25 62 0 92 40 88 124 116 71 126 83 115 4 3 51 125 19 33 74 113 22 21 53 97 28 14 36 10 69 109 15 27 107 78 111 81 106 123 108 2 105 16 110 104 85 43 34 52 7 29 23 31 96 86 77 121 44 87 67 42 102 95 80 8 91 24 58 68 84 100 127 65 11 75 61 49 63 50 12 73 70 20 99 82 41 18 89 122 101 39 35 79
Coste: 64

GENERACION: 655
Mejor Solucion:  76 26 46 47 55 38 1 72 114 117 118 59 6 37 90 45 32 103 64 98 5 93 94 13 57 9 30 54 119 17 56 60 112 66 48 120 25 62 0 92 40 88 124 116 71 126 83 115 4 3 51 125 19 33 74 113 22 21 53 97 28 14 36 10 69 109 15 27 107 78 111 81 106 123 108 2 105 16 110 104 85 43 34 52 7 29 23 31 96 86 77 121 44 87 67 42 102 95 80 8 91 24 58 68 84 100 127 65 11 75 61 49 63 50 12 73 70 20 99 82 41 18 89 122 101 39 35 79
Coste: 64

GENERACION: 660
Mejor Solucion:  76 26 46 47 55 38 1 72 114 117 118 59 6 37 90 45 32 103 64 98 5 93 94 13 57 9 30 54 119 17 56 60 112 66 48 120 25 62 0 92 40 88 124 116 71 126 83 115 4 3 51 125 19 33 74 113 22 21 53 97 28 14 36 10 69 109 15 27 107 78 111 81 106 123 108 2 105 16 110 104 85 43 34 52 7 29 23 31 96 86 77 121 44 87 67 42 102 95 80 8 91 24 58 68 84 100 127 65 11 75 61 49 63 50 12 73 70 20 99 82 41 18 89 122 101 39 35 79
Coste: 64

GENERACION: 665
Mejor Solucion:  76 26 46 47 55 38 1 72 114 117 118 59 6 37 90 45 32 103 64 98 5 93 94 13 57 9 30 54 119 17 56 60 112 66 48 120 25 62 0 92 40 88 124 116 71 126 83 115 4 3 51 125 19 33 74 113 22 21 53 97 28 14 36 10 69 109 15 27 107 78 111 81 106 123 108 2 105 16 110 104 85 43 34 52 7 29 23 31 96 86 77 121 44 87 67 42 102 95 80 8 91 24 58 68 84 100 127 65 11 75 61 49 63 50 12 73 70 20 99 82 41 18 89 122 101 39 35 79
Coste: 64

GENERACION: 670
Mejor Solucion:  76 26 46 47 55 38 1 72 114 117 118 59 6 37 90 45 32 103 64 98 5 93 94 13 57 9 30 54 119 17 56 60 112 66 48 120 25 62 0 92 40 88 124 116 71 126 83 115 4 3 51 125 19 33 74 113 22 21 53 97 28 14 36 10 69 109 15 27 107 78 111 81 106 123 108 2 105 16 110 104 85 43 34 52 7 29 23 31 96 86 77 121 44 87 67 42 102 95 80 8 91 24 58 68 84 100 127 65 11 75 61 49 63 50 12 73 70 20 99 82 41 18 89 122 101 39 35 79
Coste: 64

GENERACION: 675
Mejor Solucion:  76 26 46 47 55 38 1 72 114 117 118 59 6 37 90 45 32 103 64 98 5 93 94 13 57 9 30 54 119 17 56 60 112 66 48 120 25 62 0 92 40 88 124 116 71 126 83 115 4 3 51 125 19 33 74 113 22 21 53 97 28 14 36 10 69 109 15 27 107 78 111 81 106 123 108 2 105 16 110 104 85 43 34 52 7 29 23 31 96 86 77 121 44 87 67 42 102 95 80 8 91 24 58 68 84 100 127 65 11 75 61 49 63 50 12 73 70 20 99 82 41 18 89 122 101 39 35 79
Coste: 64

GENERACION: 680
Mejor Solucion:  76 26 46 47 55 38 1 72 114 117 118 59 6 37 90 45 32 103 64 98 5 93 94 13 57 9 30 54 119 17 56 60 112 66 48 120 25 62 0 92 40 88 124 116 71 126 83 115 4 3 51 125 19 33 74 113 22 21 53 97 28 14 36 10 69 109 15 27 107 78 111 81 106 123 108 2 105 16 110 104 85 43 34 52 7 29 23 31 96 86 77 121 44 87 67 42 102 95 80 8 91 24 58 68 84 100 127 65 11 75 61 49 63 50 12 73 70 20 99 82 41 18 89 122 101 39 35 79
Coste: 64

GENERACION: 685
Mejor Solucion:  76 26 46 47 55 38 1 72 114 117 118 59 6 37 90 45 32 103 64 98 5 93 94 13 57 9 30 54 119 17 56 60 112 66 48 120 25 62 0 92 40 88 124 116 71 126 83 115 4 3 51 125 19 33 74 113 22 21 53 97 28 14 36 10 69 109 15 27 107 78 111 81 106 123 108 2 105 16 110 104 85 43 34 52 7 29 23 31 96 86 77 121 44 87 67 42 102 95 80 8 91 24 58 68 84 100 127 65 11 75 61 49 63 50 12 73 70 20 99 82 41 18 89 122 101 39 35 79
Coste: 64

GENERACION: 690
Mejor Solucion:  76 26 46 47 55 38 1 72 114 117 118 59 6 37 90 45 32 103 64 98 5 93 94 13 57 9 30 54 119 17 56 60 112 66 48 120 25 62 0 92 40 88 124 116 71 126 83 115 4 3 51 125 19 33 74 113 22 21 53 97 28 14 36 10 69 109 15 27 107 78 111 81 106 123 108 2 105 16 110 104 85 43 34 52 7 29 23 31 96 86 77 121 44 87 67 42 102 95 80 8 91 24 58 68 84 100 127 65 11 75 61 49 63 50 12 73 70 20 99 82 41 18 89 122 101 39 35 79
Coste: 64

GENERACION: 695
Mejor Solucion:  76 26 46 47 55 38 1 72 114 117 118 59 6 37 90 45 32 103 64 98 5 93 94 13 57 9 30 54 119 17 56 60 112 66 48 120 25 62 0 92 40 88 124 116 71 126 83 115 4 3 51 125 19 33 74 113 22 21 53 97 28 14 36 10 69 109 15 27 107 78 111 81 106 123 108 2 105 16 110 104 85 43 34 52 7 29 23 31 96 86 77 121 44 87 67 42 102 95 80 8 91 24 58 68 84 100 127 65 11 75 61 49 63 50 12 73 70 20 99 82 41 18 89 122 101 39 35 79
Coste: 64

GENERACION: 700
Mejor Solucion:  76 26 46 47 55 38 1 72 114 117 118 59 6 37 90 45 32 103 64 98 5 93 94 13 57 9 30 54 119 17 56 60 112 66 48 120 25 62 0 92 40 88 124 116 71 126 83 115 4 3 51 125 19 33 74 113 22 21 53 97 28 14 36 10 69 109 15 27 107 78 111 81 106 123 108 2 105 16 110 104 85 43 34 52 7 29 23 31 96 86 77 121 44 87 67 42 102 95 80 8 91 24 58 68 84 100 127 65 11 75 61 49 63 50 12 73 70 20 99 82 41 18 89 122 101 39 35 79
Coste: 64

GENERACION: 705
Mejor Solucion:  76 26 46 47 55 38 1 72 114 117 118 59 6 37 90 45 32 103 64 98 5 93 94 13 57 9 30 54 119 17 56 60 112 66 48 120 25 62 0 92 40 88 124 116 71 126 83 115 4 3 51 125 19 33 74 113 22 21 53 97 28 14 36 10 69 109 15 27 107 78 111 81 106 123 108 2 105 16 110 104 85 43 34 52 7 29 23 31 96 86 77 121 44 87 67 42 102 95 80 8 91 24 58 68 84 100 127 65 11 75 61 49 63 50 12 73 70 20 99 82 41 18 89 122 101 39 35 79
Coste: 64

GENERACION: 710
Mejor Solucion:  76 26 46 47 55 38 1 72 114 117 118 59 6 37 90 45 32 103 64 98 5 93 94 13 57 9 30 54 119 17 56 60 112 66 48 120 25 62 0 92 40 88 124 116 71 126 83 115 4 3 51 125 19 33 74 113 22 21 53 97 28 14 36 10 69 109 15 27 107 78 111 81 106 123 108 2 105 16 110 104 85 43 34 52 7 29 23 31 96 86 77 121 44 87 67 42 102 95 80 8 91 24 58 68 84 100 127 65 11 75 61 49 63 50 12 73 70 20 99 82 41 18 89 122 101 39 35 79
Coste: 64

GENERACION: 715
Mejor Solucion:  76 26 46 47 55 38 1 72 114 117 118 59 6 37 90 45 32 103 64 98 5 93 94 13 57 9 30 54 119 17 56 60 112 66 48 120 25 62 0 92 40 88 124 116 71 126 83 115 4 3 51 125 19 33 74 113 22 21 53 97 28 14 36 10 69 109 15 27 107 78 111 81 106 123 108 2 105 16 110 104 85 43 34 52 7 29 23 31 96 86 77 121 44 87 67 42 102 95 80 8 91 24 58 68 84 100 127 65 11 75 61 49 63 50 12 73 70 20 99 82 41 18 89 122 101 39 35 79
Coste: 64

GENERACION: 720
Mejor Solucion:  76 26 46 47 55 38 1 72 114 117 118 59 6 37 90 45 32 103 64 98 5 93 94 13 57 9 30 54 119 17 56 60 112 66 48 120 25 62 0 92 40 88 124 116 71 126 83 115 4 3 51 125 19 33 74 113 22 21 53 97 28 14 36 10 69 109 15 27 107 78 111 81 106 123 108 2 105 16 110 104 85 43 34 52 7 29 23 31 96 86 77 121 44 87 67 42 102 95 80 8 91 24 58 68 84 100 127 65 11 75 61 49 63 50 12 73 70 20 99 82 41 18 89 122 101 39 35 79
Coste: 64

GENERACION: 725
Mejor Solucion:  76 26 46 47 55 38 1 72 114 117 118 59 6 37 90 45 32 103 64 98 5 93 94 13 57 9 30 54 119 17 56 60 112 66 48 120 25 62 0 92 40 88 124 116 71 126 83 115 4 3 51 125 19 33 74 113 22 21 53 97 28 14 36 10 69 109 15 27 107 78 111 81 106 123 108 2 105 16 110 104 85 43 34 52 7 29 23 31 96 86 77 121 44 87 67 42 102 95 80 8 91 24 58 68 84 100 127 65 11 75 61 49 63 50 12 73 70 20 99 82 41 18 89 122 101 39 35 79
Coste: 64

GENERACION: 730
Mejor Solucion:  76 26 46 47 55 38 1 72 114 117 118 59 6 37 90 45 32 103 64 98 5 93 94 13 57 9 30 54 119 17 56 60 112 66 48 120 25 62 0 92 40 88 124 116 71 126 83 115 4 3 51 125 19 33 74 113 22 21 53 97 28 14 36 10 69 109 15 27 107 78 111 81 106 123 108 2 105 16 110 104 85 43 34 52 7 29 23 31 96 86 77 121 44 87 67 42 102 95 80 8 91 24 58 68 84 100 127 65 11 75 61 49 63 50 12 73 70 20 99 82 41 18 89 122 101 39 35 79
Coste: 64

GENERACION: 735
Mejor Solucion:  76 26 46 47 55 38 1 72 114 117 118 59 6 37 90 45 32 103 64 98 5 93 94 13 57 9 30 54 119 17 56 60 112 66 48 120 25 62 0 92 40 88 124 116 71 126 83 115 4 3 51 125 19 33 74 113 22 21 53 97 28 14 36 10 69 109 15 27 107 78 111 81 106 123 108 2 105 16 110 104 85 43 34 52 7 29 23 31 96 86 77 121 44 87 67 42 102 95 80 8 91 24 58 68 84 100 127 65 11 75 61 49 63 50 12 73 70 20 99 82 41 18 89 122 101 39 35 79
Coste: 64

GENERACION: 740
Mejor Solucion:  76 26 46 47 55 38 1 72 114 117 118 59 6 37 90 45 32 103 64 98 5 93 94 13 57 9 30 54 119 17 56 60 112 66 48 120 25 62 0 92 40 88 124 116 71 126 83 115 4 3 51 125 19 33 74 113 22 21 53 97 28 14 36 10 69 109 15 27 107 78 111 81 106 123 108 2 105 16 110 104 85 43 34 52 7 29 23 31 96 86 77 121 44 87 67 42 102 95 80 8 91 24 58 68 84 100 127 65 11 75 61 49 63 50 12 73 70 20 99 82 41 18 89 122 101 39 35 79
Coste: 64

GENERACION: 745
Mejor Solucion:  76 26 46 47 55 38 1 72 114 117 118 59 6 37 90 45 32 103 64 98 5 93 94 13 57 9 30 54 119 17 56 60 112 66 48 120 25 62 0 92 40 88 124 116 71 126 83 115 4 3 51 125 19 33 74 113 22 21 53 97 28 14 36 10 69 109 15 27 107 78 111 81 106 123 108 2 105 16 110 104 85 43 34 52 7 29 23 31 96 86 77 121 44 87 67 42 102 95 80 8 91 24 58 68 84 100 127 65 11 75 61 49 63 50 12 73 70 20 99 82 41 18 89 122 101 39 35 79
Coste: 64

GENERACION: 750
Mejor Solucion:  76 26 46 47 55 38 1 72 114 117 118 59 6 37 90 45 32 103 64 98 5 93 94 13 57 9 30 54 119 17 56 60 112 66 48 120 25 62 0 92 40 88 124 116 71 126 83 115 4 3 51 125 19 33 74 113 22 21 53 97 28 14 36 10 69 109 15 27 107 78 111 81 106 123 108 2 105 16 110 104 85 43 34 52 7 29 23 31 96 86 77 121 44 87 67 42 102 95 80 8 91 24 58 68 84 100 127 65 11 75 61 49 63 50 12 73 70 20 99 82 41 18 89 122 101 39 35 79
Coste: 64

GENERACION: 755
Mejor Solucion:  76 26 46 47 55 38 1 72 114 117 118 59 6 37 90 45 32 103 64 98 5 93 94 13 57 9 30 54 119 17 56 60 112 66 48 120 25 62 0 92 40 88 124 116 71 126 83 115 4 3 51 125 19 33 74 113 22 21 53 97 28 14 36 10 69 109 15 27 107 78 111 81 106 123 108 2 105 16 110 104 85 43 34 52 7 29 23 31 96 86 77 121 44 87 67 42 102 95 80 8 91 24 58 68 84 100 127 65 11 75 61 49 63 50 12 73 70 20 99 82 41 18 89 122 101 39 35 79
Coste: 64

GENERACION: 760
Mejor Solucion:  76 26 46 47 55 38 1 72 114 117 118 59 6 37 90 45 32 103 64 98 5 93 94 13 57 9 30 54 119 17 56 60 112 66 48 120 25 62 0 92 40 88 124 116 71 126 83 115 4 3 51 125 19 33 74 113 22 21 53 97 28 14 36 10 69 109 15 27 107 78 111 81 106 123 108 2 105 16 110 104 85 43 34 52 7 29 23 31 96 86 77 121 44 87 67 42 102 95 80 8 91 24 58 68 84 100 127 65 11 75 61 49 63 50 12 73 70 20 99 82 41 18 89 122 101 39 35 79
Coste: 64

GENERACION: 765
Mejor Solucion:  76 26 46 47 55 38 1 72 114 117 118 59 6 37 90 45 32 103 64 98 5 93 94 13 57 9 30 54 119 17 56 60 112 66 48 120 25 62 0 92 40 88 124 116 71 126 83 115 4 3 51 125 19 33 74 113 22 21 53 97 28 14 36 10 69 109 15 27 107 78 111 81 106 123 108 2 105 16 110 104 85 43 34 52 7 29 23 31 96 86 77 121 44 87 67 42 102 95 80 8 91 24 58 68 84 100 127 65 11 75 61 49 63 50 12 73 70 20 99 82 41 18 89 122 101 39 35 79
Coste: 64

GENERACION: 770
Mejor Solucion:  76 26 46 47 55 38 1 72 114 117 118 59 6 37 90 45 32 103 64 98 5 93 94 13 57 9 30 54 119 17 56 60 112 66 48 120 25 62 0 92 40 88 124 116 71 126 83 115 4 3 51 125 19 33 74 113 22 21 53 97 28 14 36 10 69 109 15 27 107 78 111 81 106 123 108 2 105 16 110 104 85 43 34 52 7 29 23 31 96 86 77 121 44 87 67 42 102 95 80 8 91 24 58 68 84 100 127 65 11 75 61 49 63 50 12 73 70 20 99 82 41 18 89 122 101 39 35 79
Coste: 64

GENERACION: 775
Mejor Solucion:  76 26 46 47 55 38 1 72 114 117 118 59 6 37 90 45 32 103 64 98 5 93 94 13 57 9 30 54 119 17 56 60 112 66 48 120 25 62 0 92 40 88 124 116 71 126 83 115 4 3 51 125 19 33 74 113 22 21 53 97 28 14 36 10 69 109 15 27 107 78 111 81 106 123 108 2 105 16 110 104 85 43 34 52 7 29 23 31 96 86 77 121 44 87 67 42 102 95 80 8 91 24 58 68 84 100 127 65 11 75 61 49 63 50 12 73 70 20 99 82 41 18 89 122 101 39 35 79
Coste: 64

GENERACION: 780
Mejor Solucion:  76 26 46 47 55 38 1 72 114 117 118 59 6 37 90 45 32 103 64 98 5 93 94 13 57 9 30 54 119 17 56 60 112 66 48 120 25 62 0 92 40 88 124 116 71 126 83 115 4 3 51 125 19 33 74 113 22 21 53 97 28 14 36 10 69 109 15 27 107 78 111 81 106 123 108 2 105 16 110 104 85 43 34 52 7 29 23 31 96 86 77 121 44 87 67 42 102 95 80 8 91 24 58 68 84 100 127 65 11 75 61 49 63 50 12 73 70 20 99 82 41 18 89 122 101 39 35 79
Coste: 64

GENERACION: 785
Mejor Solucion:  76 26 46 47 55 38 1 72 114 117 118 59 6 37 90 45 32 103 64 98 5 93 94 13 57 9 30 54 119 17 56 60 112 66 48 120 25 62 0 92 40 88 124 116 71 126 83 115 4 3 51 125 19 33 74 113 22 21 53 97 28 14 36 10 69 109 15 27 107 78 111 81 106 123 108 2 105 16 110 104 85 43 34 52 7 29 23 31 96 86 77 121 44 87 67 42 102 95 80 8 91 24 58 68 84 100 127 65 11 75 61 49 63 50 12 73 70 20 99 82 41 18 89 122 101 39 35 79
Coste: 64

GENERACION: 790
Mejor Solucion:  76 26 46 47 55 38 1 72 114 117 118 59 6 37 90 45 32 103 64 98 5 93 94 13 57 9 30 54 119 17 56 60 112 66 48 120 25 62 0 92 40 88 124 116 71 126 83 115 4 3 51 125 19 33 74 113 22 21 53 97 28 14 36 10 69 109 15 27 107 78 111 81 106 123 108 2 105 16 110 104 85 43 34 52 7 29 23 31 96 86 77 121 44 87 67 42 102 95 80 8 91 24 58 68 84 100 127 65 11 75 61 49 63 50 12 73 70 20 99 82 41 18 89 122 101 39 35 79
Coste: 64

GENERACION: 795
Mejor Solucion:  76 26 46 47 55 38 1 72 114 117 118 59 6 37 90 45 32 103 64 98 5 93 94 13 57 9 30 54 119 17 56 60 112 66 48 120 25 62 0 92 40 88 124 116 71 126 83 115 4 3 51 125 19 33 74 113 22 21 53 97 28 14 36 10 69 109 15 27 107 78 111 81 106 123 108 2 105 16 110 104 85 43 34 52 7 29 23 31 96 86 77 121 44 87 67 42 102 95 80 8 91 24 58 68 84 100 127 65 11 75 61 49 63 50 12 73 70 20 99 82 41 18 89 122 101 39 35 79
Coste: 64

GENERACION: 800
Mejor Solucion:  76 26 46 47 55 38 1 72 114 117 118 59 6 37 90 45 32 103 64 98 5 93 94 13 57 9 30 54 119 17 56 60 112 66 48 120 25 62 0 92 40 88 124 116 71 126 83 115 4 3 51 125 19 33 74 113 22 21 53 97 28 14 36 10 69 109 15 27 107 78 111 81 106 123 108 2 105 16 110 104 85 43 34 52 7 29 23 31 96 86 77 121 44 87 67 42 102 95 80 8 91 24 58 68 84 100 127 65 11 75 61 49 63 50 12 73 70 20 99 82 41 18 89 122 101 39 35 79
Coste: 64

GENERACION: 805
Mejor Solucion:  76 26 46 47 55 38 1 72 114 117 118 59 6 37 90 45 32 103 64 98 5 93 94 13 57 9 30 54 119 17 56 60 112 66 48 120 25 62 0 92 40 88 124 116 71 126 83 115 4 3 51 125 19 33 74 113 22 21 53 97 28 14 36 10 69 109 15 27 107 78 111 81 106 123 108 2 105 16 110 104 85 43 34 52 7 29 23 31 96 86 77 121 44 87 67 42 102 95 80 8 91 24 58 68 84 100 127 65 11 75 61 49 63 50 12 73 70 20 99 82 41 18 89 122 101 39 35 79
Coste: 64

GENERACION: 810
Mejor Solucion:  76 26 46 47 55 38 1 72 114 117 118 59 6 37 90 45 32 103 64 98 5 93 94 13 57 9 30 54 119 17 56 60 112 66 48 120 25 62 0 92 40 88 124 116 71 126 83 115 4 3 51 125 19 33 74 113 22 21 53 97 28 14 36 10 69 109 15 27 107 78 111 81 106 123 108 2 105 16 110 104 85 43 34 52 7 29 23 31 96 86 77 121 44 87 67 42 102 95 80 8 91 24 58 68 84 100 127 65 11 75 61 49 63 50 12 73 70 20 99 82 41 18 89 122 101 39 35 79
Coste: 64

GENERACION: 815
Mejor Solucion:  76 26 46 47 55 38 1 72 114 117 118 59 6 37 90 45 32 103 64 98 5 93 94 13 57 9 30 54 119 17 56 60 112 66 48 120 25 62 0 92 40 88 124 116 71 126 83 115 4 3 51 125 19 33 74 113 22 21 53 97 28 14 36 10 69 109 15 27 107 78 111 81 106 123 108 2 105 16 110 104 85 43 34 52 7 29 23 31 96 86 77 121 44 87 67 42 102 95 80 8 91 24 58 68 84 100 127 65 11 75 61 49 63 50 12 73 70 20 99 82 41 18 89 122 101 39 35 79
Coste: 64

GENERACION: 820
Mejor Solucion:  76 26 46 47 55 38 1 72 114 117 118 59 6 37 90 45 32 103 64 98 5 93 94 13 57 9 30 54 119 17 56 60 112 66 48 120 25 62 0 92 40 88 124 116 71 126 83 115 4 3 51 125 19 33 74 113 22 21 53 97 28 14 36 10 69 109 15 27 107 78 111 81 106 123 108 2 105 16 110 104 85 43 34 52 7 29 23 31 96 86 77 121 44 87 67 42 102 95 80 8 91 24 58 68 84 100 127 65 11 75 61 49 63 50 12 73 70 20 99 82 41 18 89 122 101 39 35 79
Coste: 64

GENERACION: 825
Mejor Solucion:  76 26 46 47 55 38 1 72 114 117 118 59 6 37 90 45 32 103 64 98 5 93 94 13 57 9 30 54 119 17 56 60 112 66 48 120 25 62 0 92 40 88 124 116 71 126 83 115 4 3 51 125 19 33 74 113 22 21 53 97 28 14 36 10 69 109 15 27 107 78 111 81 106 123 108 2 105 16 110 104 85 43 34 52 7 29 23 31 96 86 77 121 44 87 67 42 102 95 80 8 91 24 58 68 84 100 127 65 11 75 61 49 63 50 12 73 70 20 99 82 41 18 89 122 101 39 35 79
Coste: 64

GENERACION: 830
Mejor Solucion:  76 26 46 47 55 38 1 72 114 117 118 59 6 37 90 45 32 103 64 98 5 93 94 13 57 9 30 54 119 17 56 60 112 66 48 120 25 62 0 92 40 88 124 116 71 126 83 115 4 3 51 125 19 33 74 113 22 21 53 97 28 14 36 10 69 109 15 27 107 78 111 81 106 123 108 2 105 16 110 104 85 43 34 52 7 29 23 31 96 86 77 121 44 87 67 42 102 95 80 8 91 24 58 68 84 100 127 65 11 75 61 49 63 50 12 73 70 20 99 82 41 18 89 122 101 39 35 79
Coste: 64

GENERACION: 835
Mejor Solucion:  76 26 46 47 55 38 1 72 114 117 118 59 6 37 90 45 32 103 64 98 5 93 94 13 57 9 30 54 119 17 56 60 112 66 48 120 25 62 0 92 40 88 124 116 71 126 83 115 4 3 51 125 19 33 74 113 22 21 53 97 28 14 36 10 69 109 15 27 107 78 111 81 106 123 108 2 105 16 110 104 85 43 34 52 7 29 23 31 96 86 77 121 44 87 67 42 102 95 80 8 91 24 58 68 84 100 127 65 11 75 61 49 63 50 12 73 70 20 99 82 41 18 89 122 101 39 35 79
Coste: 64

GENERACION: 840
Mejor Solucion:  76 26 46 47 55 38 1 72 114 117 118 59 6 37 90 45 32 103 64 98 5 93 94 13 57 9 30 54 119 17 56 60 112 66 48 120 25 62 0 92 40 88 124 116 71 126 83 115 4 3 51 125 19 33 74 113 22 21 53 97 28 14 36 10 69 109 15 27 107 78 111 81 106 123 108 2 105 16 110 104 85 43 34 52 7 29 23 31 96 86 77 121 44 87 67 42 102 95 80 8 91 24 58 68 84 100 127 65 11 75 61 49 63 50 12 73 70 20 99 82 41 18 89 122 101 39 35 79
Coste: 64

GENERACION: 845
Mejor Solucion:  76 26 46 47 55 38 1 72 114 117 118 59 6 37 90 45 32 103 64 98 5 93 94 13 57 9 30 54 119 17 56 60 112 66 48 120 25 62 0 92 40 88 124 116 71 126 83 115 4 3 51 125 19 33 74 113 22 21 53 97 28 14 36 10 69 109 15 27 107 78 111 81 106 123 108 2 105 16 110 104 85 43 34 52 7 29 23 31 96 86 77 121 44 87 67 42 102 95 80 8 91 24 58 68 84 100 127 65 11 75 61 49 63 50 12 73 70 20 99 82 41 18 89 122 101 39 35 79
Coste: 64

GENERACION: 850
Mejor Solucion:  76 26 46 47 55 38 1 72 114 117 118 59 6 37 90 45 32 103 64 98 5 93 94 13 57 9 30 54 119 17 56 60 112 66 48 120 25 62 0 92 40 88 124 116 71 126 83 115 4 3 51 125 19 33 74 113 22 21 53 97 28 14 36 10 69 109 15 27 107 78 111 81 106 123 108 2 105 16 110 104 85 43 34 52 7 29 23 31 96 86 77 121 44 87 67 42 102 95 80 8 91 24 58 68 84 100 127 65 11 75 61 49 63 50 12 73 70 20 99 82 41 18 89 122 101 39 35 79
Coste: 64

GENERACION: 855
Mejor Solucion:  76 26 46 47 55 38 1 72 114 117 118 59 6 37 90 45 32 103 64 98 5 93 94 13 57 9 30 54 119 17 56 60 112 66 48 120 25 62 0 92 40 88 124 116 71 126 83 115 4 3 51 125 19 33 74 113 22 21 53 97 28 14 36 10 69 109 15 27 107 78 111 81 106 123 108 2 105 16 110 104 85 43 34 52 7 29 23 31 96 86 77 121 44 87 67 42 102 95 80 8 91 24 58 68 84 100 127 65 11 75 61 49 63 50 12 73 70 20 99 82 41 18 89 122 101 39 35 79
Coste: 64

GENERACION: 860
Mejor Solucion:  76 26 46 47 55 38 1 72 114 117 118 59 6 37 90 45 32 103 64 98 5 93 94 13 57 9 30 54 119 17 56 60 112 66 48 120 25 62 0 92 40 88 124 116 71 126 83 115 4 3 51 125 19 33 74 113 22 21 53 97 28 14 36 10 69 109 15 27 107 78 111 81 106 123 108 2 105 16 110 104 85 43 34 52 7 29 23 31 96 86 77 121 44 87 67 42 102 95 80 8 91 24 58 68 84 100 127 65 11 75 61 49 63 50 12 73 70 20 99 82 41 18 89 122 101 39 35 79
Coste: 64

GENERACION: 865
Mejor Solucion:  76 26 46 47 55 38 1 72 114 117 118 59 6 37 90 45 32 103 64 98 5 93 94 13 57 9 30 54 119 17 56 60 112 66 48 120 25 62 0 92 40 88 124 116 71 126 83 115 4 3 51 125 19 33 74 113 22 21 53 97 28 14 36 10 69 109 15 27 107 78 111 81 106 123 108 2 105 16 110 104 85 43 34 52 7 29 23 31 96 86 77 121 44 87 67 42 102 95 80 8 91 24 58 68 84 100 127 65 11 75 61 49 63 50 12 73 70 20 99 82 41 18 89 122 101 39 35 79
Coste: 64

GENERACION: 870
Mejor Solucion:  76 26 46 47 55 38 1 72 114 117 118 59 6 37 90 45 32 103 64 98 5 93 94 13 57 9 30 54 119 17 56 60 112 66 48 120 25 62 0 92 40 88 124 116 71 126 83 115 4 3 51 125 19 33 74 113 22 21 53 97 28 14 36 10 69 109 15 27 107 78 111 81 106 123 108 2 105 16 110 104 85 43 34 52 7 29 23 31 96 86 77 121 44 87 67 42 102 95 80 8 91 24 58 68 84 100 127 65 11 75 61 49 63 50 12 73 70 20 99 82 41 18 89 122 101 39 35 79
Coste: 64

GENERACION: 875
Mejor Solucion:  76 26 46 47 55 38 1 72 114 117 118 59 6 37 90 45 32 103 64 98 5 93 94 13 57 9 30 54 119 17 56 60 112 66 48 120 25 62 0 92 40 88 124 116 71 126 83 115 4 3 51 125 19 33 74 113 22 21 53 97 28 14 36 10 69 109 15 27 107 78 111 81 106 123 108 2 105 16 110 104 85 43 34 52 7 29 23 31 96 86 77 121 44 87 67 42 102 95 80 8 91 24 58 68 84 100 127 65 11 75 61 49 63 50 12 73 70 20 99 82 41 18 89 122 101 39 35 79
Coste: 64

GENERACION: 880
Mejor Solucion:  76 26 46 47 55 38 1 72 114 117 118 59 6 37 90 45 32 103 64 98 5 93 94 13 57 9 30 54 119 17 56 60 112 66 48 120 25 62 0 92 40 88 124 116 71 126 83 115 4 3 51 125 19 33 74 113 22 21 53 97 28 14 36 10 69 109 15 27 107 78 111 81 106 123 108 2 105 16 110 104 85 43 34 52 7 29 23 31 96 86 77 121 44 87 67 42 102 95 80 8 91 24 58 68 84 100 127 65 11 75 61 49 63 50 12 73 70 20 99 82 41 18 89 122 101 39 35 79
Coste: 64

GENERACION: 885
Mejor Solucion:  76 26 46 47 55 38 1 72 114 117 118 59 6 37 90 45 32 103 64 98 5 93 94 13 57 9 30 54 119 17 56 60 112 66 48 120 25 62 0 92 40 88 124 116 71 126 83 115 4 3 51 125 19 33 74 113 22 21 53 97 28 14 36 10 69 109 15 27 107 78 111 81 106 123 108 2 105 16 110 104 85 43 34 52 7 29 23 31 96 86 77 121 44 87 67 42 102 95 80 8 91 24 58 68 84 100 127 65 11 75 61 49 63 50 12 73 70 20 99 82 41 18 89 122 101 39 35 79
Coste: 64

GENERACION: 890
Mejor Solucion:  76 26 46 47 55 38 1 72 114 117 118 59 6 37 90 45 32 103 64 98 5 93 94 13 57 9 30 54 119 17 56 60 112 66 48 120 25 62 0 92 40 88 124 116 71 126 83 115 4 3 51 125 19 33 74 113 22 21 53 97 28 14 36 10 69 109 15 27 107 78 111 81 106 123 108 2 105 16 110 104 85 43 34 52 7 29 23 31 96 86 77 121 44 87 67 42 102 95 80 8 91 24 58 68 84 100 127 65 11 75 61 49 63 50 12 73 70 20 99 82 41 18 89 122 101 39 35 79
Coste: 64

GENERACION: 895
Mejor Solucion:  76 26 46 47 55 38 1 72 114 117 118 59 6 37 90 45 32 103 64 98 5 93 94 13 57 9 30 54 119 17 56 60 112 66 48 120 25 62 0 92 40 88 124 116 71 126 83 115 4 3 51 125 19 33 74 113 22 21 53 97 28 14 36 10 69 109 15 27 107 78 111 81 106 123 108 2 105 16 110 104 85 43 34 52 7 29 23 31 96 86 77 121 44 87 67 42 102 95 80 8 91 24 58 68 84 100 127 65 11 75 61 49 63 50 12 73 70 20 99 82 41 18 89 122 101 39 35 79
Coste: 64

GENERACION: 900
Mejor Solucion:  76 26 46 47 55 38 1 72 114 117 118 59 6 37 90 45 32 103 64 98 5 93 94 13 57 9 30 54 119 17 56 60 112 66 48 120 25 62 0 92 40 88 124 116 71 126 83 115 4 3 51 125 19 33 74 113 22 21 53 97 28 14 36 10 69 109 15 27 107 78 111 81 106 123 108 2 105 16 110 104 85 43 34 52 7 29 23 31 96 86 77 121 44 87 67 42 102 95 80 8 91 24 58 68 84 100 127 65 11 75 61 49 63 50 12 73 70 20 99 82 41 18 89 122 101 39 35 79
Coste: 64

GENERACION: 905
Mejor Solucion:  76 26 46 47 55 38 1 72 114 117 118 59 6 37 90 45 32 103 64 98 5 93 94 13 57 9 30 54 119 17 56 60 112 66 48 120 25 62 0 92 40 88 124 116 71 126 83 115 4 3 51 125 19 33 74 113 22 21 53 97 28 14 36 10 69 109 15 27 107 78 111 81 106 123 108 2 105 16 110 104 85 43 34 52 7 29 23 31 96 86 77 121 44 87 67 42 102 95 80 8 91 24 58 68 84 100 127 65 11 75 61 49 63 50 12 73 70 20 99 82 41 18 89 122 101 39 35 79
Coste: 64

GENERACION: 910
Mejor Solucion:  76 26 46 47 55 38 1 72 114 117 118 59 6 37 90 45 32 103 64 98 5 93 94 13 57 9 30 54 119 17 56 60 112 66 48 120 25 62 0 92 40 88 124 116 71 126 83 115 4 3 51 125 19 33 74 113 22 21 53 97 28 14 36 10 69 109 15 27 107 78 111 81 106 123 108 2 105 16 110 104 85 43 34 52 7 29 23 31 96 86 77 121 44 87 67 42 102 95 80 8 91 24 58 68 84 100 127 65 11 75 61 49 63 50 12 73 70 20 99 82 41 18 89 122 101 39 35 79
Coste: 64

GENERACION: 915
Mejor Solucion:  76 26 46 47 55 38 1 72 114 117 118 59 6 37 90 45 32 103 64 98 5 93 94 13 57 9 30 54 119 17 56 60 112 66 48 120 25 62 0 92 40 88 124 116 71 126 83 115 4 3 51 125 19 33 74 113 22 21 53 97 28 14 36 10 69 109 15 27 107 78 111 81 106 123 108 2 105 16 110 104 85 43 34 52 7 29 23 31 96 86 77 121 44 87 67 42 102 95 80 8 91 24 58 68 84 100 127 65 11 75 61 49 63 50 12 73 70 20 99 82 41 18 89 122 101 39 35 79
Coste: 64

GENERACION: 920
Mejor Solucion:  76 26 46 47 55 38 1 72 114 117 118 59 6 37 90 45 32 103 64 98 5 93 94 13 57 9 30 54 119 17 56 60 112 66 48 120 25 62 0 92 40 88 124 116 71 126 83 115 4 3 51 125 19 33 74 113 22 21 53 97 28 14 36 10 69 109 15 27 107 78 111 81 106 123 108 2 105 16 110 104 85 43 34 52 7 29 23 31 96 86 77 121 44 87 67 42 102 95 80 8 91 24 58 68 84 100 127 65 11 75 61 49 63 50 12 73 70 20 99 82 41 18 89 122 101 39 35 79
Coste: 64

GENERACION: 925
Mejor Solucion:  76 26 46 47 55 38 1 72 114 117 118 59 6 37 90 45 32 103 64 98 5 93 94 13 57 9 30 54 119 17 56 60 112 66 48 120 25 62 0 92 40 88 124 116 71 126 83 115 4 3 51 125 19 33 74 113 22 21 53 97 28 14 36 10 69 109 15 27 107 78 111 81 106 123 108 2 105 16 110 104 85 43 34 52 7 29 23 31 96 86 77 121 44 87 67 42 102 95 80 8 91 24 58 68 84 100 127 65 11 75 61 49 63 50 12 73 70 20 99 82 41 18 89 122 101 39 35 79
Coste: 64

GENERACION: 930
Mejor Solucion:  76 26 46 47 55 38 1 72 114 117 118 59 6 37 90 45 32 103 64 98 5 93 94 13 57 9 30 54 119 17 56 60 112 66 48 120 25 62 0 92 40 88 124 116 71 126 83 115 4 3 51 125 19 33 74 113 22 21 53 97 28 14 36 10 69 109 15 27 107 78 111 81 106 123 108 2 105 16 110 104 85 43 34 52 7 29 23 31 96 86 77 121 44 87 67 42 102 95 80 8 91 24 58 68 84 100 127 65 11 75 61 49 63 50 12 73 70 20 99 82 41 18 89 122 101 39 35 79
Coste: 64

GENERACION: 935
Mejor Solucion:  76 26 46 47 55 38 1 72 114 117 118 59 6 37 90 45 32 103 64 98 5 93 94 13 57 9 30 54 119 17 56 60 112 66 48 120 25 62 0 92 40 88 124 116 71 126 83 115 4 3 51 125 19 33 74 113 22 21 53 97 28 14 36 10 69 109 15 27 107 78 111 81 106 123 108 2 105 16 110 104 85 43 34 52 7 29 23 31 96 86 77 121 44 87 67 42 102 95 80 8 91 24 58 68 84 100 127 65 11 75 61 49 63 50 12 73 70 20 99 82 41 18 89 122 101 39 35 79
Coste: 64

GENERACION: 940
Mejor Solucion:  76 26 46 47 55 38 1 72 114 117 118 59 6 37 90 45 32 103 64 98 5 93 94 13 57 9 30 54 119 17 56 60 112 66 48 120 25 62 0 92 40 88 124 116 71 126 83 115 4 3 51 125 19 33 74 113 22 21 53 97 28 14 36 10 69 109 15 27 107 78 111 81 106 123 108 2 105 16 110 104 85 43 34 52 7 29 23 31 96 86 77 121 44 87 67 42 102 95 80 8 91 24 58 68 84 100 127 65 11 75 61 49 63 50 12 73 70 20 99 82 41 18 89 122 101 39 35 79
Coste: 64

GENERACION: 945
Mejor Solucion:  76 26 46 47 55 38 1 72 114 117 118 59 6 37 90 45 32 103 64 98 5 93 94 13 57 9 30 54 119 17 56 60 112 66 48 120 25 62 0 92 40 88 124 116 71 126 83 115 4 3 51 125 19 33 74 113 22 21 53 97 28 14 36 10 69 109 15 27 107 78 111 81 106 123 108 2 105 16 110 104 85 43 34 52 7 29 23 31 96 86 77 121 44 87 67 42 102 95 80 8 91 24 58 68 84 100 127 65 11 75 61 49 63 50 12 73 70 20 99 82 41 18 89 122 101 39 35 79
Coste: 64

GENERACION: 950
Mejor Solucion:  76 26 46 47 55 38 1 72 114 117 118 59 6 37 90 45 32 103 64 98 5 93 94 13 57 9 30 54 119 17 56 60 112 66 48 120 25 62 0 92 40 88 124 116 71 126 83 115 4 3 51 125 19 33 74 113 22 21 53 97 28 14 36 10 69 109 15 27 107 78 111 81 106 123 108 2 105 16 110 104 85 43 34 52 7 29 23 31 96 86 77 121 44 87 67 42 102 95 80 8 91 24 58 68 84 100 127 65 11 75 61 49 63 50 12 73 70 20 99 82 41 18 89 122 101 39 35 79
Coste: 64

GENERACION: 955
Mejor Solucion:  76 26 46 47 55 38 1 72 114 117 118 59 6 37 90 45 32 103 64 98 5 93 94 13 57 9 30 54 119 17 56 60 112 66 48 120 25 62 0 92 40 88 124 116 71 126 83 115 4 3 51 125 19 33 74 113 22 21 53 97 28 14 36 10 69 109 15 27 107 78 111 81 106 123 108 2 105 16 110 104 85 43 34 52 7 29 23 31 96 86 77 121 44 87 67 42 102 95 80 8 91 24 58 68 84 100 127 65 11 75 61 49 63 50 12 73 70 20 99 82 41 18 89 122 101 39 35 79
Coste: 64

GENERACION: 960
Mejor Solucion:  76 26 46 47 55 38 1 72 114 117 118 59 6 37 90 45 32 103 64 98 5 93 94 13 57 9 30 54 119 17 56 60 112 66 48 120 25 62 0 92 40 88 124 116 71 126 83 115 4 3 51 125 19 33 74 113 22 21 53 97 28 14 36 10 69 109 15 27 107 78 111 81 106 123 108 2 105 16 110 104 85 43 34 52 7 29 23 31 96 86 77 121 44 87 67 42 102 95 80 8 91 24 58 68 84 100 127 65 11 75 61 49 63 50 12 73 70 20 99 82 41 18 89 122 101 39 35 79
Coste: 64

GENERACION: 965
Mejor Solucion:  76 26 46 47 55 38 1 72 114 117 118 59 6 37 90 45 32 103 64 98 5 93 94 13 57 9 30 54 119 17 56 60 112 66 48 120 25 62 0 92 40 88 124 116 71 126 83 115 4 3 51 125 19 33 74 113 22 21 53 97 28 14 36 10 69 109 15 27 107 78 111 81 106 123 108 2 105 16 110 104 85 43 34 52 7 29 23 31 96 86 77 121 44 87 67 42 102 95 80 8 91 24 58 68 84 100 127 65 11 75 61 49 63 50 12 73 70 20 99 82 41 18 89 122 101 39 35 79
Coste: 64

GENERACION: 970
Mejor Solucion:  76 26 46 47 55 38 1 72 114 117 118 59 6 37 90 45 32 103 64 98 5 93 94 13 57 9 30 54 119 17 56 60 112 66 48 120 25 62 0 92 40 88 124 116 71 126 83 115 4 3 51 125 19 33 74 113 22 21 53 97 28 14 36 10 69 109 15 27 107 78 111 81 106 123 108 2 105 16 110 104 85 43 34 52 7 29 23 31 96 86 77 121 44 87 67 42 102 95 80 8 91 24 58 68 84 100 127 65 11 75 61 49 63 50 12 73 70 20 99 82 41 18 89 122 101 39 35 79
Coste: 64

GENERACION: 975
Mejor Solucion:  76 26 46 47 55 38 1 72 114 117 118 59 6 37 90 45 32 103 64 98 5 93 94 13 57 9 30 54 119 17 56 60 112 66 48 120 25 62 0 92 40 88 124 116 71 126 83 115 4 3 51 125 19 33 74 113 22 21 53 97 28 14 36 10 69 109 15 27 107 78 111 81 106 123 108 2 105 16 110 104 85 43 34 52 7 29 23 31 96 86 77 121 44 87 67 42 102 95 80 8 91 24 58 68 84 100 127 65 11 75 61 49 63 50 12 73 70 20 99 82 41 18 89 122 101 39 35 79
Coste: 64

GENERACION: 980
Mejor Solucion:  76 26 46 47 55 38 1 72 114 117 118 59 6 37 90 45 32 103 64 98 5 93 94 13 57 9 30 54 119 17 56 60 112 66 48 120 25 62 0 92 40 88 124 116 71 126 83 115 4 3 51 125 19 33 74 113 22 21 53 97 28 14 36 10 69 109 15 27 107 78 111 81 106 123 108 2 105 16 110 104 85 43 34 52 7 29 23 31 96 86 77 121 44 87 67 42 102 95 80 8 91 24 58 68 84 100 127 65 11 75 61 49 63 50 12 73 70 20 99 82 41 18 89 122 101 39 35 79
Coste: 64

GENERACION: 985
Mejor Solucion:  76 26 46 47 55 38 1 72 114 117 118 59 6 37 90 45 32 103 64 98 5 93 94 13 57 9 30 54 119 17 56 60 112 66 48 120 25 62 0 92 40 88 124 116 71 126 83 115 4 3 51 125 19 33 74 113 22 21 53 97 28 14 36 10 69 109 15 27 107 78 111 81 106 123 108 2 105 16 110 104 85 43 34 52 7 29 23 31 96 86 77 121 44 87 67 42 102 95 80 8 91 24 58 68 84 100 127 65 11 75 61 49 63 50 12 73 70 20 99 82 41 18 89 122 101 39 35 79
Coste: 64

GENERACION: 990
Mejor Solucion:  76 26 46 47 55 38 1 72 114 117 118 59 6 37 90 45 32 103 64 98 5 93 94 13 57 9 30 54 119 17 56 60 112 66 48 120 25 62 0 92 40 88 124 116 71 126 83 115 4 3 51 125 19 33 74 113 22 21 53 97 28 14 36 10 69 109 15 27 107 78 111 81 106 123 108 2 105 16 110 104 85 43 34 52 7 29 23 31 96 86 77 121 44 87 67 42 102 95 80 8 91 24 58 68 84 100 127 65 11 75 61 49 63 50 12 73 70 20 99 82 41 18 89 122 101 39 35 79
Coste: 64

GENERACION: 995
Mejor Solucion:  76 26 46 47 55 38 1 72 114 117 118 59 6 37 90 45 32 103 64 98 5 93 94 13 57 9 30 54 119 17 56 60 112 66 48 120 25 62 0 92 40 88 124 116 71 126 83 115 4 3 51 125 19 33 74 113 22 21 53 97 28 14 36 10 69 109 15 27 107 78 111 81 106 123 108 2 105 16 110 104 85 43 34 52 7 29 23 31 96 86 77 121 44 87 67 42 102 95 80 8 91 24 58 68 84 100 127 65 11 75 61 49 63 50 12 73 70 20 99 82 41 18 89 122 101 39 35 79
Coste: 64

GENERACION: 1000
Mejor Solucion:  76 26 46 47 55 38 1 72 114 117 118 59 6 37 90 45 32 103 64 98 5 93 94 13 57 9 30 54 119 17 56 60 112 66 48 120 25 62 0 92 40 88 124 116 71 126 83 115 4 3 51 125 19 33 74 113 22 21 53 97 28 14 36 10 69 109 15 27 107 78 111 81 106 123 108 2 105 16 110 104 85 43 34 52 7 29 23 31 96 86 77 121 44 87 67 42 102 95 80 8 91 24 58 68 84 100 127 65 11 75 61 49 63 50 12 73 70 20 99 82 41 18 89 122 101 39 35 79
Coste: 64

