GENERACION: 5
Mejor Solucion:  96 23 95 75 49 50 11 97 76 85 40 80 71 43 25 41 86 35 31 92 10 33 19 68 38 60 79 61 98 13 51 64 18 81 46 7 62 12 34 14 87 36 42 63 53 3 93 84 45 55 72 29 0 24 20 39 4 94 88 67 83 78 1 9 58 56 26 70 30 90 82 2 91 16 27 28 59 48 37 69 74 57 89 6 15 5 44 73 77 52 47 8 65 99 54 21 17 66 22 32
Coste: 1664168241

GENERACION: 10
Mejor Solucion:  1 12 37 51 59 81 84 74 77 79 83 95 11 13 32 4 63 70 52 15 31 18 24 73 49 0 85 94 42 28 86 91 33 30 23 76 99 44 43 10 57 64 20 41 62 88 14 87 58 71 16 21 35 54 92 82 25 29 53 75 40 8 68 9 93 17 80 56 72 89 27 34 38 67 61 2 65 98 46 36 7 90 45 22 55 97 96 50 69 26 3 5 60 47 66 48 39 6 78 19
Coste: -395265620

GENERACION: 15
Mejor Solucion:  1 12 37 51 59 81 84 74 77 79 83 95 11 13 32 4 63 70 52 15 31 18 24 73 49 0 85 94 42 28 86 91 33 30 23 76 99 44 43 10 57 64 20 41 62 88 14 87 58 71 16 21 35 54 92 82 25 29 53 75 40 8 68 9 93 17 80 56 72 89 27 34 38 67 61 2 65 98 46 36 7 90 45 22 55 97 96 50 69 26 3 5 60 47 66 48 39 6 78 19
Coste: -395265620

GENERACION: 20
Mejor Solucion:  95 73 83 9 86 42 16 37 40 51 85 84 18 0 20 81 80 49 27 94 54 92 98 52 64 62 74 12 79 65 33 88 87 93 78 44 26 43 47 34 57 76 35 21 75 99 32 63 67 6 5 13 72 24 23 90 61 70 14 19 56 68 2 46 28 7 36 10 60 69 38 59 8 77 31 1 89 4 25 55 29 11 82 53 15 45 66 71 48 50 3 97 30 39 96 41 22 58 17 91
Coste: -1733901612

GENERACION: 25
Mejor Solucion:  95 73 83 9 86 42 16 37 40 51 85 84 18 0 20 81 80 49 27 94 54 92 98 52 64 62 74 12 79 65 33 88 87 93 78 44 26 43 47 34 57 76 35 21 75 99 32 63 67 6 5 13 72 24 23 90 61 70 14 19 56 68 2 46 28 7 36 10 60 69 38 59 8 77 31 1 89 4 25 55 29 11 82 53 15 45 66 71 48 50 3 97 30 39 96 41 22 58 17 91
Coste: -1733901612

GENERACION: 30
Mejor Solucion:  95 73 83 9 86 42 16 37 40 51 85 84 18 0 20 81 80 49 27 94 54 92 98 52 64 62 74 12 79 65 33 88 87 93 78 44 26 43 47 34 57 76 35 21 75 99 32 63 67 6 5 13 72 24 23 90 61 70 14 19 56 68 2 46 28 7 36 10 60 69 38 59 8 77 31 1 89 4 25 55 29 11 82 53 15 45 66 71 48 50 3 97 30 39 96 41 22 58 17 91
Coste: -1733901612

GENERACION: 35
Mejor Solucion:  95 73 83 9 86 42 16 37 40 51 85 84 18 0 20 81 80 49 27 94 54 92 98 52 64 62 74 12 79 65 33 88 87 93 78 44 26 43 47 34 57 76 35 21 75 99 32 63 67 6 5 13 72 24 23 90 61 70 14 19 56 68 2 46 28 7 36 10 60 69 38 59 8 77 31 1 89 4 25 55 29 11 82 53 15 45 66 71 48 50 3 97 30 39 96 41 22 58 17 91
Coste: -1733901612

GENERACION: 40
Mejor Solucion:  95 73 83 9 86 42 16 37 40 51 85 84 18 0 20 81 80 49 27 94 54 92 98 52 64 62 74 12 79 65 33 88 87 93 78 44 26 43 47 34 57 76 35 21 75 99 32 63 67 6 5 13 72 24 23 90 61 70 14 19 56 68 2 46 28 7 36 10 60 69 38 59 8 77 31 1 89 4 25 55 29 11 82 53 15 45 66 71 48 50 3 97 30 39 96 41 22 58 17 91
Coste: -1733901612

GENERACION: 45
Mejor Solucion:  95 73 83 9 86 42 16 37 40 51 85 84 18 0 20 81 80 49 27 94 54 92 98 52 64 62 74 12 79 65 33 88 87 93 78 44 26 43 47 34 57 76 35 21 75 99 32 63 67 6 5 13 72 24 23 90 61 70 14 19 56 68 2 46 28 7 36 10 60 69 38 59 8 77 31 1 89 4 25 55 29 11 82 53 15 45 66 71 48 50 3 97 30 39 96 41 22 58 17 91
Coste: -1733901612

GENERACION: 50
Mejor Solucion:  83 37 40 81 12 84 51 65 74 70 1 59 92 38 4 0 32 18 49 52 7 44 91 30 20 10 85 19 73 42 94 23 47 88 5 33 26 99 9 58 60 72 67 43 46 36 69 76 57 17 3 93 35 16 63 89 21 11 95 24 31 13 14 2 34 41 28 82 80 86 54 8 25 64 15 68 98 53 90 77 29 79 66 50 6 45 71 48 39 96 75 78 97 27 55 61 62 87 22 56
Coste: -1855119095

GENERACION: 55
Mejor Solucion:  83 37 40 81 12 84 51 65 74 70 1 59 92 38 4 0 32 18 49 52 7 44 91 30 20 10 85 19 73 42 94 23 47 88 5 33 26 99 9 58 60 72 67 43 46 36 69 76 57 17 3 93 35 16 63 89 21 11 95 24 31 13 14 2 34 41 28 82 80 86 54 8 25 64 15 68 98 53 90 77 29 79 66 50 6 45 71 48 39 96 75 78 97 27 55 61 62 87 22 56
Coste: -1855119095

GENERACION: 60
Mejor Solucion:  83 37 40 81 12 84 51 65 74 70 1 59 92 38 4 0 32 18 49 52 7 44 91 30 20 10 85 19 73 42 94 23 47 88 5 33 26 99 9 58 60 72 67 43 46 36 69 76 57 17 3 93 35 16 63 89 21 11 95 24 31 13 14 2 34 41 28 82 80 86 54 8 25 64 15 68 98 53 90 77 29 79 66 50 6 45 71 48 39 96 75 78 97 27 55 61 62 87 22 56
Coste: -1855119095

GENERACION: 65
Mejor Solucion:  83 37 40 81 12 84 51 65 74 70 1 59 92 38 4 0 32 18 49 52 7 44 91 30 20 10 85 19 73 42 94 23 47 88 5 33 26 99 9 58 60 72 67 43 46 36 69 76 57 17 3 93 35 16 63 89 21 11 95 24 31 13 14 2 34 41 28 82 80 86 54 8 25 64 15 68 98 53 90 77 29 79 66 50 6 45 71 48 39 96 75 78 97 27 55 61 62 87 22 56
Coste: -1855119095

GENERACION: 70
Mejor Solucion:  83 37 40 81 12 84 51 65 74 70 1 59 92 38 4 0 32 18 49 52 7 44 91 30 20 10 85 19 73 42 94 23 47 88 5 33 26 99 9 58 60 72 67 43 46 36 69 76 57 17 3 93 35 16 63 89 21 11 95 24 31 13 14 2 34 41 28 82 80 86 54 8 25 64 15 68 98 53 90 77 29 79 66 50 6 45 71 48 39 96 75 78 97 27 55 61 62 87 22 56
Coste: -1855119095

GENERACION: 75
Mejor Solucion:  83 37 40 81 12 84 51 65 74 70 1 59 92 38 4 0 32 18 49 52 7 44 91 30 20 10 85 19 73 42 94 23 47 88 5 33 26 99 9 58 60 72 67 43 46 36 69 76 57 17 3 93 35 16 63 89 21 11 95 24 31 13 14 2 34 41 28 82 80 86 54 8 25 64 15 68 98 53 90 77 29 79 66 50 6 45 71 48 39 96 75 78 97 27 55 61 62 87 22 56
Coste: -1855119095

GENERACION: 80
Mejor Solucion:  83 37 40 81 12 84 51 65 74 70 1 59 92 38 4 0 32 18 49 52 7 44 91 30 20 10 85 19 73 42 94 23 47 88 5 33 26 99 9 58 60 72 67 43 46 36 69 76 57 17 3 93 35 16 63 89 21 11 95 24 31 13 14 2 34 41 28 82 80 86 54 8 25 64 15 68 98 53 90 77 29 79 66 50 6 45 71 48 39 96 75 78 97 27 55 61 62 87 22 56
Coste: -1855119095

GENERACION: 85
Mejor Solucion:  83 37 40 81 12 84 51 65 74 70 1 59 92 38 4 0 32 18 49 52 7 44 91 30 20 10 85 19 73 42 94 23 47 88 5 33 26 99 9 58 60 72 67 43 46 36 69 76 57 17 3 93 35 16 63 89 21 11 95 24 31 13 14 2 34 41 28 82 80 86 54 8 25 64 15 68 98 53 90 77 29 79 66 50 6 45 71 48 39 96 75 78 97 27 55 61 62 87 22 56
Coste: -1855119095

GENERACION: 90
Mejor Solucion:  19 84 85 37 86 26 47 81 94 70 49 32 28 24 58 72 99 54 91 33 0 44 46 64 31 67 74 79 80 12 88 62 14 9 76 38 34 36 87 63 59 35 16 8 3 83 18 77 92 29 45 41 98 7 73 95 96 17 75 89 90 66 11 78 21 52 2 82 71 68 6 60 57 30 56 1 25 27 22 42 51 40 39 61 4 55 50 10 53 69 13 43 15 20 48 23 93 5 97 65
Coste: -2147475595

GENERACION: 95
Mejor Solucion:  19 84 85 37 86 26 47 81 94 70 49 32 28 24 58 72 99 54 91 33 0 44 46 64 31 67 74 79 80 12 88 62 14 9 76 38 34 36 87 63 59 35 16 8 3 83 18 77 92 29 45 41 98 7 73 95 96 17 75 89 90 66 11 78 21 52 2 82 71 68 6 60 57 30 56 1 25 27 22 42 51 40 39 61 4 55 50 10 53 69 13 43 15 20 48 23 93 5 97 65
Coste: -2147475595

GENERACION: 100
Mejor Solucion:  19 84 85 37 86 26 47 81 94 70 49 32 28 24 58 72 99 54 91 33 0 44 46 64 31 6 74 79 80 12 88 62 14 9 76 18 34 36 87 63 59 35 16 8 3 83 38 77 92 29 45 41 98 7 73 95 96 17 75 89 90 66 11 78 21 52 2 82 71 68 67 60 57 30 56 1 25 27 22 42 51 40 39 61 4 55 50 10 53 69 13 43 15 20 48 23 93 5 97 65
Coste: -2147482894

GENERACION: 105
Mejor Solucion:  19 84 85 37 86 26 47 81 94 70 49 32 28 24 58 72 99 54 91 33 0 44 46 64 31 6 74 79 80 12 88 62 14 9 76 18 34 36 87 63 59 35 16 8 3 83 38 77 92 29 45 41 98 7 73 95 96 17 75 89 90 66 11 78 21 52 2 82 71 68 67 60 57 30 56 1 25 27 22 42 51 40 39 61 4 55 50 10 53 69 13 43 15 20 48 23 93 5 97 65
Coste: -2147482894

GENERACION: 110
Mejor Solucion:  19 84 85 37 86 26 47 81 94 70 49 32 28 24 58 72 99 54 91 33 0 44 46 64 31 6 74 79 80 12 88 62 14 9 76 18 34 36 87 63 59 35 16 8 3 83 38 77 92 29 45 41 98 7 73 95 96 17 75 89 90 66 11 78 21 52 2 82 71 68 67 60 57 30 56 1 25 27 22 42 51 40 39 61 4 55 50 10 53 69 13 43 15 20 48 23 93 5 97 65
Coste: -2147482894

GENERACION: 115
Mejor Solucion:  19 84 85 37 86 26 47 81 94 70 49 32 28 24 58 72 99 54 91 33 0 44 46 64 31 6 74 79 80 12 88 62 14 9 76 18 34 36 87 63 59 35 16 8 3 83 38 77 92 29 45 41 98 7 73 95 96 17 75 89 90 66 11 78 21 52 2 82 71 68 67 60 57 30 56 1 25 27 22 42 51 40 39 61 4 55 50 10 53 69 13 43 15 20 48 23 93 5 97 65
Coste: -2147482894

GENERACION: 120
Mejor Solucion:  19 84 85 37 86 26 47 81 94 70 49 32 28 24 58 72 99 54 91 33 0 44 46 64 31 6 74 79 80 12 88 62 14 9 76 18 34 36 87 63 59 35 16 8 3 83 38 77 92 29 45 41 98 7 73 95 96 17 75 89 90 66 11 78 21 52 2 82 71 68 67 60 57 30 56 1 25 27 22 42 51 40 39 61 4 55 50 10 53 69 13 43 15 20 48 23 93 5 97 65
Coste: -2147482894

GENERACION: 125
Mejor Solucion:  19 84 85 37 86 26 47 81 94 70 49 32 28 24 58 72 99 54 91 33 0 44 46 64 31 6 74 79 80 12 88 62 14 9 76 18 34 36 87 63 59 35 16 8 3 83 38 77 92 29 45 41 98 7 73 95 96 17 75 89 90 66 11 78 21 52 2 82 71 68 67 60 57 30 56 1 25 27 22 42 51 40 39 61 4 55 50 10 53 69 13 43 15 20 48 23 93 5 97 65
Coste: -2147482894

GENERACION: 130
Mejor Solucion:  99 37 84 51 73 34 57 64 65 44 95 14 69 53 13 63 56 20 91 33 27 52 59 10 60 19 74 94 79 18 42 24 0 85 7 47 15 83 43 28 40 29 93 45 55 49 81 26 32 62 82 41 92 4 50 61 80 70 22 12 98 75 86 46 9 17 30 67 68 8 6 78 38 31 88 90 89 11 71 76 72 1 39 2 5 35 3 48 97 87 36 66 96 54 23 58 21 25 77 16
Coste: -2147483401

GENERACION: 135
Mejor Solucion:  99 37 84 51 73 34 57 64 65 44 95 14 69 53 13 63 56 20 91 33 27 52 59 10 60 19 74 94 79 18 42 24 0 85 7 47 15 83 43 28 40 29 93 45 55 49 81 26 32 62 82 41 92 4 50 61 80 70 22 12 98 75 86 46 9 17 30 67 68 8 6 78 38 31 88 90 89 11 71 76 72 1 39 2 5 35 3 48 97 87 36 66 96 54 23 58 21 25 77 16
Coste: -2147483401

GENERACION: 140
Mejor Solucion:  99 37 84 51 73 34 57 64 65 44 95 14 69 53 13 63 56 20 91 33 27 52 59 10 60 19 74 94 79 18 42 24 0 85 7 47 15 83 43 28 40 29 93 45 55 49 81 26 32 62 82 41 92 4 50 61 80 70 22 12 98 75 86 46 9 17 30 67 68 8 6 78 38 31 88 90 89 11 71 76 72 1 39 2 5 35 3 48 97 87 36 66 96 54 23 58 21 25 77 16
Coste: -2147483401

GENERACION: 145
Mejor Solucion:  99 37 84 51 73 34 57 64 65 44 95 14 69 53 13 63 56 20 91 33 27 52 59 10 60 19 74 94 79 18 42 24 0 85 7 47 15 83 43 28 40 29 93 45 55 49 81 26 32 62 82 41 92 4 50 61 80 70 22 12 98 75 86 46 9 17 30 67 68 8 6 78 38 31 88 90 89 11 71 76 72 1 39 2 5 35 3 48 97 87 36 66 96 54 23 58 21 25 77 16
Coste: -2147483401

GENERACION: 150
Mejor Solucion:  99 37 84 51 73 34 57 64 65 44 95 14 69 53 13 63 56 20 91 33 27 52 59 10 60 19 74 94 79 18 42 24 0 85 7 47 15 83 43 28 40 29 93 45 55 49 81 26 32 62 82 41 92 4 50 61 80 70 22 12 98 75 86 46 9 17 30 67 68 8 6 78 38 31 88 90 89 11 71 76 72 1 39 2 5 35 3 48 97 87 36 66 96 54 23 58 21 25 77 16
Coste: -2147483401

GENERACION: 155
Mejor Solucion:  99 37 84 51 73 34 57 64 65 44 95 14 69 53 13 63 56 20 91 33 27 52 59 10 60 19 74 94 79 18 42 24 0 85 7 47 15 83 43 28 40 29 93 45 55 49 81 26 32 62 82 41 92 4 50 61 80 70 22 12 98 75 86 46 9 17 30 67 68 8 6 78 38 31 88 90 89 11 71 76 72 1 39 2 5 35 3 48 97 87 36 66 96 54 23 58 21 25 77 16
Coste: -2147483401

GENERACION: 160
Mejor Solucion:  99 37 84 51 73 34 57 64 65 44 95 14 69 53 13 63 56 20 91 33 27 52 59 10 60 19 74 94 79 18 42 24 0 85 7 47 15 83 43 28 40 29 93 45 55 49 81 26 32 62 82 41 92 4 50 61 80 70 22 12 98 75 86 46 9 17 30 67 68 8 6 78 38 31 88 90 89 11 71 76 72 1 39 2 5 35 3 48 97 87 36 66 96 54 23 58 21 25 77 16
Coste: -2147483401

GENERACION: 165
Mejor Solucion:  99 37 84 51 73 34 57 64 65 44 95 14 69 53 13 63 56 20 91 33 27 52 59 10 60 19 74 94 79 18 42 24 0 85 7 47 15 83 43 28 40 29 93 45 55 49 81 26 32 62 82 41 92 4 50 61 80 70 22 12 98 75 86 46 9 17 30 67 68 8 6 78 38 31 88 90 89 11 71 76 72 1 39 2 5 35 3 48 97 87 36 66 96 54 23 58 21 25 77 16
Coste: -2147483401

GENERACION: 170
Mejor Solucion:  99 37 84 51 73 34 57 64 65 44 95 14 69 53 13 63 56 20 91 33 27 52 59 10 60 19 74 94 79 18 42 24 0 85 7 47 15 83 43 28 40 29 93 45 55 49 81 26 32 62 82 41 92 4 50 61 80 70 22 12 98 75 86 46 9 17 30 67 68 8 6 78 38 31 88 90 89 11 71 76 72 1 39 2 5 35 3 48 97 87 36 66 96 54 23 58 21 25 77 16
Coste: -2147483401

GENERACION: 175
Mejor Solucion:  99 37 84 51 73 34 57 64 65 44 95 14 69 53 13 63 56 20 91 33 27 52 59 10 60 19 74 94 79 18 42 24 0 85 7 47 15 83 43 28 40 29 93 45 55 49 81 26 32 62 82 41 92 4 50 61 80 70 22 12 98 75 86 46 9 17 30 67 68 8 6 78 38 31 88 90 89 11 71 76 72 1 39 2 5 35 3 48 97 87 36 66 96 54 23 58 21 25 77 16
Coste: -2147483401

GENERACION: 180
Mejor Solucion:  99 37 84 51 73 34 57 64 65 44 95 14 69 53 13 63 56 20 91 33 27 52 59 10 60 19 74 94 79 18 42 24 0 85 7 47 15 83 43 28 40 29 93 45 55 49 81 26 32 62 82 41 92 4 50 61 80 70 22 12 98 75 86 46 9 17 30 67 68 8 6 78 38 31 88 90 89 11 71 76 72 1 39 2 5 35 3 48 97 87 36 66 96 54 23 58 21 25 77 16
Coste: -2147483401

GENERACION: 185
Mejor Solucion:  99 37 84 51 73 34 57 64 65 44 95 14 69 53 13 63 56 20 91 33 27 52 59 10 60 19 74 94 79 18 42 24 0 85 7 47 15 83 43 28 40 29 93 45 55 49 81 26 32 62 82 41 92 4 50 61 80 70 22 12 98 75 86 46 9 17 30 67 68 8 6 78 38 31 88 90 89 11 71 76 72 1 39 2 5 35 3 48 97 87 36 66 96 54 23 58 21 25 77 16
Coste: -2147483401

GENERACION: 190
Mejor Solucion:  99 37 84 51 73 34 57 64 65 44 95 14 69 53 13 63 56 20 91 33 27 52 59 10 60 19 74 94 79 18 42 24 0 85 7 47 15 83 43 28 40 29 93 45 55 49 81 26 32 62 82 41 92 4 50 61 80 70 22 12 98 75 86 46 9 17 30 67 68 8 6 78 38 31 88 90 89 11 71 76 72 1 39 2 5 35 3 48 97 87 36 66 96 54 23 58 21 25 77 16
Coste: -2147483401

GENERACION: 195
Mejor Solucion:  99 37 84 51 73 34 57 64 65 44 95 14 69 53 13 63 56 20 91 33 27 52 59 10 60 19 74 94 79 18 42 24 0 85 7 47 15 83 43 28 40 29 93 45 55 49 81 26 32 62 82 41 92 4 50 61 80 70 22 12 98 75 86 46 9 17 30 67 68 8 6 78 38 31 88 90 89 11 71 76 72 1 39 2 5 35 3 48 97 87 36 66 96 54 23 58 21 25 77 16
Coste: -2147483401

GENERACION: 200
Mejor Solucion:  99 37 84 51 73 34 57 64 65 44 95 14 69 53 13 63 56 20 91 33 27 52 59 10 60 19 74 94 79 18 42 24 0 85 7 47 15 83 43 28 40 29 93 45 55 49 81 26 32 62 82 41 92 4 50 61 80 70 22 12 98 75 86 46 9 17 30 67 68 8 6 78 38 31 88 90 89 11 71 76 72 1 39 2 5 35 3 48 97 87 36 66 96 54 23 58 21 25 77 16
Coste: -2147483401

GENERACION: 205
Mejor Solucion:  99 37 84 51 73 34 57 64 65 44 95 14 69 53 13 63 56 20 91 33 27 52 59 10 60 19 74 94 79 18 42 24 0 85 7 47 15 83 43 28 40 29 93 45 55 49 81 26 32 62 82 41 92 4 50 61 80 70 22 12 98 75 86 46 9 17 30 67 68 8 6 78 38 31 88 90 89 11 71 76 72 1 39 2 5 35 3 48 97 87 36 66 96 54 23 58 21 25 77 16
Coste: -2147483401

GENERACION: 210
Mejor Solucion:  99 37 84 51 73 34 57 64 65 44 95 14 69 53 13 63 56 20 91 33 27 52 59 10 60 19 74 94 79 18 42 24 0 85 7 47 15 83 43 28 40 29 93 45 55 49 81 26 32 62 82 41 92 4 50 61 80 70 22 12 98 75 86 46 9 17 30 67 68 8 6 78 38 31 88 90 89 11 71 76 72 1 39 2 5 35 3 48 97 87 36 66 96 54 23 58 21 25 77 16
Coste: -2147483401

GENERACION: 215
Mejor Solucion:  99 37 84 51 73 34 57 64 65 44 95 14 69 53 13 63 56 20 91 33 27 52 59 10 60 19 74 94 79 18 42 24 0 85 7 47 15 83 43 28 40 29 93 45 55 49 81 26 32 62 82 41 92 4 50 61 80 70 22 12 98 75 86 46 9 17 30 67 68 8 6 78 38 31 88 90 89 11 71 76 72 1 39 2 5 35 3 48 97 87 36 66 96 54 23 58 21 25 77 16
Coste: -2147483401

GENERACION: 220
Mejor Solucion:  99 37 84 51 73 34 57 64 65 44 95 14 69 53 13 63 56 20 91 33 27 52 59 10 60 19 74 94 79 18 42 24 0 85 7 47 15 83 43 28 40 29 93 45 55 49 81 26 32 62 82 41 92 4 50 61 80 70 22 12 98 75 86 46 9 17 30 67 68 8 6 78 38 31 88 90 89 11 71 76 72 1 39 2 5 35 3 48 97 87 36 66 96 54 23 58 21 25 77 16
Coste: -2147483401

GENERACION: 225
Mejor Solucion:  99 37 84 51 73 34 57 64 65 44 95 14 69 53 13 63 56 20 91 33 27 52 59 10 60 19 74 94 79 18 42 24 0 85 7 47 15 83 43 28 40 29 93 45 55 49 81 26 32 62 82 41 92 4 50 61 80 70 22 12 98 75 86 46 9 17 30 67 68 8 6 78 38 31 88 90 89 11 71 76 72 1 39 2 5 35 3 48 97 87 36 66 96 54 23 58 21 25 77 16
Coste: -2147483401

GENERACION: 230
Mejor Solucion:  99 37 84 51 73 34 57 64 65 44 95 14 69 53 13 63 56 20 91 33 27 52 59 10 60 19 74 94 79 18 42 24 0 85 7 47 15 83 43 28 40 29 93 45 55 49 81 26 32 62 82 41 92 4 50 61 80 70 22 12 98 75 86 46 9 17 30 67 68 8 6 78 38 31 88 90 89 11 71 76 72 1 39 2 5 35 3 48 97 87 36 66 96 54 23 58 21 25 77 16
Coste: -2147483401

GENERACION: 235
Mejor Solucion:  99 37 84 51 73 34 57 64 65 44 95 14 69 53 13 63 56 20 91 33 27 52 59 10 60 19 74 94 79 18 42 24 0 85 7 47 15 83 43 28 40 29 93 45 55 49 81 26 32 62 82 41 92 4 50 61 80 70 22 12 98 75 86 46 9 17 30 67 68 8 6 78 38 31 88 90 89 11 71 76 72 1 39 2 5 35 3 48 97 87 36 66 96 54 23 58 21 25 77 16
Coste: -2147483401

GENERACION: 240
Mejor Solucion:  99 37 84 51 73 34 57 64 65 44 95 14 69 53 13 63 56 20 91 33 27 52 59 10 60 19 74 94 79 18 42 24 0 85 7 47 15 83 43 28 40 29 93 45 55 49 81 26 32 62 82 41 92 4 50 61 80 70 22 12 98 75 86 46 9 17 30 67 68 8 6 78 38 31 88 90 89 11 71 76 72 1 39 2 5 35 3 48 97 87 36 66 96 54 23 58 21 25 77 16
Coste: -2147483401

GENERACION: 245
Mejor Solucion:  99 37 84 51 73 34 57 64 65 44 95 14 69 53 13 63 56 20 91 33 27 52 59 10 60 19 74 94 79 18 42 24 0 85 7 47 15 83 43 28 40 29 93 45 55 49 81 26 32 62 82 41 92 4 50 61 80 70 22 12 98 75 86 46 9 17 30 67 68 8 6 78 38 31 88 90 89 11 71 76 72 1 39 2 5 35 3 48 97 87 36 66 96 54 23 58 21 25 77 16
Coste: -2147483401

GENERACION: 250
Mejor Solucion:  99 37 84 51 73 34 57 64 65 44 95 14 69 53 13 63 56 20 91 33 27 52 59 10 60 19 74 94 79 18 42 24 0 85 7 47 15 83 43 28 40 29 93 45 55 49 81 26 32 62 82 41 92 4 50 61 80 70 22 12 98 75 86 46 9 17 30 67 68 8 6 78 38 31 88 90 89 11 71 76 72 1 39 2 5 35 3 48 97 87 36 66 96 54 23 58 21 25 77 16
Coste: -2147483401

GENERACION: 255
Mejor Solucion:  99 37 84 51 73 34 57 64 65 44 95 14 69 53 13 63 56 20 91 33 27 52 59 10 60 19 74 94 79 18 42 24 0 85 7 47 15 83 43 28 40 29 93 45 55 49 81 26 32 62 82 41 92 4 50 61 80 70 22 12 98 75 86 46 9 17 30 67 68 8 6 78 38 31 88 90 89 11 71 76 72 1 39 2 5 35 3 48 97 87 36 66 96 54 23 58 21 25 77 16
Coste: -2147483401

GENERACION: 260
Mejor Solucion:  99 37 84 51 73 34 57 64 65 44 95 14 69 53 13 63 56 20 91 33 27 52 59 10 60 19 74 94 79 18 42 24 0 85 7 47 15 83 43 28 40 29 93 45 55 49 81 26 32 62 82 41 92 4 50 61 80 70 22 12 98 75 86 46 9 17 30 67 68 8 6 78 38 31 88 90 89 11 71 76 72 1 39 2 5 35 3 48 97 87 36 66 96 54 23 58 21 25 77 16
Coste: -2147483401

GENERACION: 265
Mejor Solucion:  99 37 84 51 73 34 57 64 65 44 95 14 69 53 13 63 56 20 91 33 27 52 59 10 60 19 74 94 79 18 42 24 0 85 7 47 15 83 43 28 40 29 93 45 55 49 81 26 32 62 82 41 92 4 50 61 80 70 22 12 98 75 86 46 9 17 30 67 68 8 6 78 38 31 88 90 89 11 71 76 72 1 39 2 5 35 3 48 97 87 36 66 96 54 23 58 21 25 77 16
Coste: -2147483401

GENERACION: 270
Mejor Solucion:  99 37 84 51 73 34 57 64 65 44 95 14 69 53 13 63 56 20 91 33 27 52 59 10 60 19 74 94 79 18 42 24 0 85 7 47 15 83 43 28 40 29 93 45 55 49 81 26 32 62 82 41 92 4 50 61 80 70 22 12 98 75 86 46 9 17 30 67 68 8 6 78 38 31 88 90 89 11 71 76 72 1 39 2 5 35 3 48 97 87 36 66 96 54 23 58 21 25 77 16
Coste: -2147483401

GENERACION: 275
Mejor Solucion:  99 37 84 51 73 34 57 64 65 44 95 14 69 53 13 63 56 20 91 33 27 52 59 10 60 19 74 94 79 18 42 24 0 85 7 47 15 83 43 28 40 29 93 45 55 49 81 26 32 62 82 41 92 4 50 61 80 70 22 12 98 75 86 46 9 17 30 67 68 8 6 78 38 31 88 90 89 11 71 76 72 1 39 2 5 35 3 48 97 87 36 66 96 54 23 58 21 25 77 16
Coste: -2147483401

GENERACION: 280
Mejor Solucion:  99 37 84 51 73 34 57 64 65 44 95 14 69 53 13 63 56 20 91 33 27 52 59 10 60 19 74 94 79 18 42 24 0 85 7 47 15 83 43 28 40 29 93 45 55 49 81 26 32 62 82 41 92 4 50 61 80 70 22 12 98 75 86 46 9 17 30 67 68 8 6 78 38 31 88 90 89 11 71 76 72 1 39 2 5 35 3 48 97 87 36 66 96 54 23 58 21 25 77 16
Coste: -2147483401

GENERACION: 285
Mejor Solucion:  99 37 84 51 73 34 57 64 65 44 95 14 69 53 13 63 56 20 91 33 27 52 59 10 60 19 74 94 79 18 42 24 0 85 7 47 15 83 43 28 40 29 93 45 55 49 81 26 32 62 82 41 92 4 50 61 80 70 22 12 98 75 86 46 9 17 30 67 68 8 6 78 38 31 88 90 89 11 71 76 72 1 39 2 5 35 3 48 97 87 36 66 96 54 23 58 21 25 77 16
Coste: -2147483401

GENERACION: 290
Mejor Solucion:  99 37 84 51 73 34 57 64 65 44 95 14 69 53 13 63 56 20 91 33 27 52 59 10 60 19 74 94 79 18 42 24 0 85 7 47 15 83 43 28 40 29 93 45 55 49 81 26 32 62 82 41 92 4 50 61 80 70 22 12 98 75 86 46 9 17 30 67 68 8 6 78 38 31 88 90 89 11 71 76 72 1 39 2 5 35 3 48 97 87 36 66 96 54 23 58 21 25 77 16
Coste: -2147483401

GENERACION: 295
Mejor Solucion:  99 37 84 51 73 34 57 64 65 44 95 14 69 53 13 63 56 20 91 33 27 52 59 10 60 19 74 94 79 18 42 24 0 85 7 47 15 83 43 28 40 29 93 45 55 49 81 26 32 62 82 41 92 4 50 61 80 70 22 12 98 75 86 46 9 17 30 67 68 8 6 78 38 31 88 90 89 11 71 76 72 1 39 2 5 35 3 48 97 87 36 66 96 54 23 58 21 25 77 16
Coste: -2147483401

GENERACION: 300
Mejor Solucion:  99 37 84 51 73 34 57 64 65 44 95 14 69 53 13 63 56 20 91 33 27 52 59 10 60 19 74 94 79 18 42 24 0 85 7 47 15 83 43 28 40 29 93 45 55 49 81 26 32 62 82 41 92 4 50 61 80 70 22 12 98 75 86 46 9 17 30 67 68 8 6 78 38 31 88 90 89 11 71 76 72 1 39 2 5 35 3 48 97 87 36 66 96 54 23 58 21 25 77 16
Coste: -2147483401

GENERACION: 305
Mejor Solucion:  99 37 84 51 73 34 57 64 65 44 95 14 69 53 13 63 56 20 91 33 27 52 59 10 60 19 74 94 79 18 42 24 0 85 7 47 15 83 43 28 40 29 93 45 55 49 81 26 32 62 82 41 92 4 50 61 80 70 22 12 98 75 86 46 9 17 30 67 68 8 6 78 38 31 88 90 89 11 71 76 72 1 39 2 5 35 3 48 97 87 36 66 96 54 23 58 21 25 77 16
Coste: -2147483401

GENERACION: 310
Mejor Solucion:  99 37 84 51 73 34 57 64 65 44 95 14 69 53 13 63 56 20 91 33 27 52 59 10 60 19 74 94 79 18 42 24 0 85 7 47 15 83 43 28 40 29 93 45 55 49 81 26 32 62 82 41 92 4 50 61 80 70 22 12 98 75 86 46 9 17 30 67 68 8 6 78 38 31 88 90 89 11 71 76 72 1 39 2 5 35 3 48 97 87 36 66 96 54 23 58 21 25 77 16
Coste: -2147483401

GENERACION: 315
Mejor Solucion:  99 37 84 51 73 34 57 64 65 44 95 14 69 53 13 63 56 20 91 33 27 52 59 10 60 19 74 94 79 18 42 24 0 85 7 47 15 83 43 28 40 29 93 45 55 49 81 26 32 62 82 41 92 4 50 61 80 70 22 12 98 75 86 46 9 17 30 67 68 8 6 78 38 31 88 90 89 11 71 76 72 1 39 2 5 35 3 48 97 87 36 66 96 54 23 58 21 25 77 16
Coste: -2147483401

GENERACION: 320
Mejor Solucion:  99 37 84 51 73 34 57 64 65 44 95 14 69 53 13 63 56 20 91 33 27 52 59 10 60 19 74 94 79 18 42 24 0 85 7 47 15 83 43 28 40 29 93 45 55 49 81 26 32 62 82 41 92 4 50 61 80 70 22 12 98 75 86 46 9 17 30 67 68 8 6 78 38 31 88 90 89 11 71 76 72 1 39 2 5 35 3 48 97 87 36 66 96 54 23 58 21 25 77 16
Coste: -2147483401

GENERACION: 325
Mejor Solucion:  99 37 84 51 73 34 57 64 65 44 95 14 69 53 13 63 56 20 91 33 27 52 59 10 60 19 74 94 79 18 42 24 0 85 7 47 15 83 43 28 40 29 93 45 55 49 81 26 32 62 82 41 92 4 50 61 80 70 22 12 98 75 86 46 9 17 30 67 68 8 6 78 38 31 88 90 89 11 71 76 72 1 39 2 5 35 3 48 97 87 36 66 96 54 23 58 21 25 77 16
Coste: -2147483401

GENERACION: 330
Mejor Solucion:  99 37 84 51 73 34 57 64 65 44 95 14 69 53 13 63 56 20 91 33 27 52 59 10 60 19 74 94 79 18 42 24 0 85 7 47 15 83 43 28 40 29 93 45 55 49 81 26 32 62 82 41 92 4 50 61 80 70 22 12 98 75 86 46 9 17 30 67 68 8 6 78 38 31 88 90 89 11 71 76 72 1 39 2 5 35 3 48 97 87 36 66 96 54 23 58 21 25 77 16
Coste: -2147483401

GENERACION: 335
Mejor Solucion:  99 37 84 51 73 34 57 64 65 44 95 14 69 53 13 63 56 20 91 33 27 52 59 10 60 19 74 94 79 18 42 24 0 85 7 47 15 83 43 28 40 29 93 45 55 49 81 26 32 62 82 41 92 4 50 61 80 70 22 12 98 75 86 46 9 17 30 67 68 8 6 78 38 31 88 90 89 11 71 76 72 1 39 2 5 35 3 48 97 87 36 66 96 54 23 58 21 25 77 16
Coste: -2147483401

GENERACION: 340
Mejor Solucion:  99 37 84 51 73 34 57 64 65 44 95 14 69 53 13 63 56 20 91 33 27 52 59 10 60 19 74 94 79 18 42 24 0 85 7 47 15 83 43 28 40 29 93 45 55 49 81 26 32 62 82 41 92 4 50 61 80 70 22 12 98 75 86 46 9 17 30 67 68 8 6 78 38 31 88 90 89 11 71 76 72 1 39 2 5 35 3 48 97 87 36 66 96 54 23 58 21 25 77 16
Coste: -2147483401

GENERACION: 345
Mejor Solucion:  99 37 84 51 73 34 57 64 65 44 95 14 69 53 13 63 56 20 91 33 27 52 59 10 60 19 74 94 79 18 42 24 0 85 7 47 15 83 43 28 40 29 93 45 55 49 81 26 32 62 82 41 92 4 50 61 80 70 22 12 98 75 86 46 9 17 30 67 68 8 6 78 38 31 88 90 89 11 71 76 72 1 39 2 5 35 3 48 97 87 36 66 96 54 23 58 21 25 77 16
Coste: -2147483401

GENERACION: 350
Mejor Solucion:  99 37 84 51 73 34 57 64 65 44 95 14 69 53 13 63 56 20 91 33 27 52 59 10 60 19 74 94 79 18 42 24 0 85 7 47 15 83 43 28 40 29 93 45 55 49 81 26 32 62 82 41 92 4 50 61 80 70 22 12 98 75 86 46 9 17 30 67 68 8 6 78 38 31 88 90 89 11 71 76 72 1 39 2 5 35 3 48 97 87 36 66 96 54 23 58 21 25 77 16
Coste: -2147483401

GENERACION: 355
Mejor Solucion:  99 37 84 51 73 34 57 64 65 44 95 14 69 53 13 63 56 20 91 33 27 52 59 10 60 19 74 94 79 18 42 24 0 85 7 47 15 83 43 28 40 29 93 45 55 49 81 26 32 62 82 41 92 4 50 61 80 70 22 12 98 75 86 46 9 17 30 67 68 8 6 78 38 31 88 90 89 11 71 76 72 1 39 2 5 35 3 48 97 87 36 66 96 54 23 58 21 25 77 16
Coste: -2147483401

GENERACION: 360
Mejor Solucion:  99 37 84 51 73 34 57 64 65 44 95 14 69 53 13 63 56 20 91 33 27 52 59 10 60 19 74 94 79 18 42 24 0 85 7 47 15 83 43 28 40 29 93 45 55 49 81 26 32 62 82 41 92 4 50 61 80 70 22 12 98 75 86 46 9 17 30 67 68 8 6 78 38 31 88 90 89 11 71 76 72 1 39 2 5 35 3 48 97 87 36 66 96 54 23 58 21 25 77 16
Coste: -2147483401

GENERACION: 365
Mejor Solucion:  99 37 84 51 73 34 57 64 65 44 95 14 69 53 13 63 56 20 91 33 27 52 59 10 60 19 74 94 79 18 42 24 0 85 7 47 15 83 43 28 40 29 93 45 55 49 81 26 32 62 82 41 92 4 50 61 80 70 22 12 98 75 86 46 9 17 30 67 68 8 6 78 38 31 88 90 89 11 71 76 72 1 39 2 5 35 3 48 97 87 36 66 96 54 23 58 21 25 77 16
Coste: -2147483401

GENERACION: 370
Mejor Solucion:  99 37 84 51 73 34 57 64 65 44 95 14 69 53 13 63 56 20 91 33 27 52 59 10 60 19 74 94 79 18 42 24 0 85 7 47 15 83 43 28 40 29 93 45 55 49 81 26 32 62 82 41 92 4 50 61 80 70 22 12 98 75 86 46 9 17 30 67 68 8 6 78 38 31 88 90 89 11 71 76 72 1 39 2 5 35 3 48 97 87 36 66 96 54 23 58 21 25 77 16
Coste: -2147483401

GENERACION: 375
Mejor Solucion:  99 37 84 51 73 34 57 64 65 44 95 14 69 53 13 63 56 20 91 33 27 52 59 10 60 19 74 94 79 18 42 24 0 85 7 47 15 83 43 28 40 29 93 45 55 49 81 26 32 62 82 41 92 4 50 61 80 70 22 12 98 75 86 46 9 17 30 67 68 8 6 78 38 31 88 90 89 11 71 76 72 1 39 2 5 35 3 48 97 87 36 66 96 54 23 58 21 25 77 16
Coste: -2147483401

GENERACION: 380
Mejor Solucion:  99 37 84 51 73 34 57 64 65 44 95 14 69 53 13 63 56 20 91 33 27 52 59 10 60 19 74 94 79 18 42 24 0 85 7 47 15 83 43 28 40 29 93 45 55 49 81 26 32 62 82 41 92 4 50 61 80 70 22 12 98 75 86 46 9 17 30 67 68 8 6 78 38 31 88 90 89 11 71 76 72 1 39 2 5 35 3 48 97 87 36 66 96 54 23 58 21 25 77 16
Coste: -2147483401

GENERACION: 385
Mejor Solucion:  99 37 84 51 73 34 57 64 65 44 95 14 69 53 13 63 56 20 91 33 27 52 59 10 60 19 74 94 79 18 42 24 0 85 7 47 15 83 43 28 40 29 93 45 55 49 81 26 32 62 82 41 92 4 50 61 80 70 22 12 98 75 86 46 9 17 30 67 68 8 6 78 38 31 88 90 89 11 71 76 72 1 39 2 5 35 3 48 97 87 36 66 96 54 23 58 21 25 77 16
Coste: -2147483401

GENERACION: 390
Mejor Solucion:  99 37 84 51 73 34 57 64 65 44 95 14 69 53 13 63 56 20 91 33 27 52 59 10 60 19 74 94 79 18 42 24 0 85 7 47 15 83 43 28 40 29 93 45 55 49 81 26 32 62 82 41 92 4 50 61 80 70 22 12 98 75 86 46 9 17 30 67 68 8 6 78 38 31 88 90 89 11 71 76 72 1 39 2 5 35 3 48 97 87 36 66 96 54 23 58 21 25 77 16
Coste: -2147483401

GENERACION: 395
Mejor Solucion:  99 37 84 51 73 34 57 64 65 44 95 14 69 53 13 63 56 20 91 33 27 52 59 10 60 19 74 94 79 18 42 24 0 85 7 47 15 83 43 28 40 29 93 45 55 49 81 26 32 62 82 41 92 4 50 61 80 70 22 12 98 75 86 46 9 17 30 67 68 8 6 78 38 31 88 90 89 11 71 76 72 1 39 2 5 35 3 48 97 87 36 66 96 54 23 58 21 25 77 16
Coste: -2147483401

GENERACION: 400
Mejor Solucion:  99 37 84 51 73 34 57 64 65 44 95 14 69 53 13 63 56 20 91 33 27 52 59 10 60 19 74 94 79 18 42 24 0 85 7 47 15 83 43 28 40 29 93 45 55 49 81 26 32 62 82 41 92 4 50 61 80 70 22 12 98 75 86 46 9 17 30 67 68 8 6 78 38 31 88 90 89 11 71 76 72 1 39 2 5 35 3 48 97 87 36 66 96 54 23 58 21 25 77 16
Coste: -2147483401

GENERACION: 405
Mejor Solucion:  99 37 84 51 73 34 57 64 65 44 95 14 69 53 13 63 56 20 91 33 27 52 59 10 60 19 74 94 79 18 42 24 0 85 7 47 15 83 43 28 40 29 93 45 55 49 81 26 32 62 82 41 92 4 50 61 80 70 22 12 98 75 86 46 9 17 30 67 68 8 6 78 38 31 88 90 89 11 71 76 72 1 39 2 5 35 3 48 97 87 36 66 96 54 23 58 21 25 77 16
Coste: -2147483401

GENERACION: 410
Mejor Solucion:  99 37 84 51 73 34 57 64 65 44 95 14 69 53 13 63 56 20 91 33 27 52 59 10 60 19 74 94 79 18 42 24 0 85 7 47 15 83 43 28 40 29 93 45 55 49 81 26 32 62 82 41 92 4 50 61 80 70 22 12 98 75 86 46 9 17 30 67 68 8 6 78 38 31 88 90 89 11 71 76 72 1 39 2 5 35 3 48 97 87 36 66 96 54 23 58 21 25 77 16
Coste: -2147483401

GENERACION: 415
Mejor Solucion:  99 37 84 51 73 34 57 64 65 44 95 14 69 53 13 63 56 20 91 33 27 52 59 10 60 19 74 94 79 18 42 24 0 85 7 47 15 83 43 28 40 29 93 45 55 49 81 26 32 62 82 41 92 4 50 61 80 70 22 12 98 75 86 46 9 17 30 67 68 8 6 78 38 31 88 90 89 11 71 76 72 1 39 2 5 35 3 48 97 87 36 66 96 54 23 58 21 25 77 16
Coste: -2147483401

GENERACION: 420
Mejor Solucion:  99 37 84 51 73 34 57 64 65 44 95 14 69 53 13 63 56 20 91 33 27 52 59 10 60 19 74 94 79 18 42 24 0 85 7 47 15 83 43 28 40 29 93 45 55 49 81 26 32 62 82 41 92 4 50 61 80 70 22 12 98 75 86 46 9 17 30 67 68 8 6 78 38 31 88 90 89 11 71 76 72 1 39 2 5 35 3 48 97 87 36 66 96 54 23 58 21 25 77 16
Coste: -2147483401

GENERACION: 425
Mejor Solucion:  99 37 84 51 73 34 57 64 65 44 95 14 69 53 13 63 56 20 91 33 27 52 59 10 60 19 74 94 79 18 42 24 0 85 7 47 15 83 43 28 40 29 93 45 55 49 81 26 32 62 82 41 92 4 50 61 80 70 22 12 98 75 86 46 9 17 30 67 68 8 6 78 38 31 88 90 89 11 71 76 72 1 39 2 5 35 3 48 97 87 36 66 96 54 23 58 21 25 77 16
Coste: -2147483401

GENERACION: 430
Mejor Solucion:  99 37 84 51 73 34 57 64 65 44 95 14 69 53 13 63 56 20 91 33 27 52 59 10 60 19 74 94 79 18 42 24 0 85 7 47 15 83 43 28 40 29 93 45 55 49 81 26 32 62 82 41 92 4 50 61 80 70 22 12 98 75 86 46 9 17 30 67 68 8 6 78 38 31 88 90 89 11 71 76 72 1 39 2 5 35 3 48 97 87 36 66 96 54 23 58 21 25 77 16
Coste: -2147483401

GENERACION: 435
Mejor Solucion:  99 37 84 51 73 34 57 64 65 44 95 14 69 53 13 63 56 20 91 33 27 52 59 10 60 19 74 94 79 18 42 24 0 85 7 47 15 83 43 28 40 29 93 45 55 49 81 26 32 62 82 41 92 4 50 61 80 70 22 12 98 75 86 46 9 17 30 67 68 8 6 78 38 31 88 90 89 11 71 76 72 1 39 2 5 35 3 48 97 87 36 66 96 54 23 58 21 25 77 16
Coste: -2147483401

GENERACION: 440
Mejor Solucion:  99 37 84 51 73 34 57 64 65 44 95 14 69 53 13 63 56 20 91 33 27 52 59 10 60 19 74 94 79 18 42 24 0 85 7 47 15 83 43 28 40 29 93 45 55 49 81 26 32 62 82 41 92 4 50 61 80 70 22 12 98 75 86 46 9 17 30 67 68 8 6 78 38 31 88 90 89 11 71 76 72 1 39 2 5 35 3 48 97 87 36 66 96 54 23 58 21 25 77 16
Coste: -2147483401

GENERACION: 445
Mejor Solucion:  99 37 84 51 73 34 57 64 65 44 95 14 69 53 13 63 56 20 91 33 27 52 59 10 60 19 74 94 79 18 42 24 0 85 7 47 15 83 43 28 40 29 93 45 55 49 81 26 32 62 82 41 92 4 50 61 80 70 22 12 98 75 86 46 9 17 30 67 68 8 6 78 38 31 88 90 89 11 71 76 72 1 39 2 5 35 3 48 97 87 36 66 96 54 23 58 21 25 77 16
Coste: -2147483401

GENERACION: 450
Mejor Solucion:  99 37 84 51 73 34 57 64 65 44 95 14 69 53 13 63 56 20 91 33 27 52 59 10 60 19 74 94 79 18 42 24 0 85 7 47 15 83 43 28 40 29 93 45 55 49 81 26 32 62 82 41 92 4 50 61 80 70 22 12 98 75 86 46 9 17 30 67 68 8 6 78 38 31 88 90 89 11 71 76 72 1 39 2 5 35 3 48 97 87 36 66 96 54 23 58 21 25 77 16
Coste: -2147483401

GENERACION: 455
Mejor Solucion:  99 37 84 51 73 34 57 64 65 44 95 14 69 53 13 63 56 20 91 33 27 52 59 10 60 19 74 94 79 18 42 24 0 85 7 47 15 83 43 28 40 29 93 45 55 49 81 26 32 62 82 41 92 4 50 61 80 70 22 12 98 75 86 46 9 17 30 67 68 8 6 78 38 31 88 90 89 11 71 76 72 1 39 2 5 35 3 48 97 87 36 66 96 54 23 58 21 25 77 16
Coste: -2147483401

GENERACION: 460
Mejor Solucion:  99 37 84 51 73 34 57 64 65 44 95 14 69 53 13 63 56 20 91 33 27 52 59 10 60 19 74 94 79 18 42 24 0 85 7 47 15 83 43 28 40 29 93 45 55 49 81 26 32 62 82 41 92 4 50 61 80 70 22 12 98 75 86 46 9 17 30 67 68 8 6 78 38 31 88 90 89 11 71 76 72 1 39 2 5 35 3 48 97 87 36 66 96 54 23 58 21 25 77 16
Coste: -2147483401

GENERACION: 465
Mejor Solucion:  99 37 84 51 73 34 57 64 65 44 95 14 69 53 13 63 56 20 91 33 27 52 59 10 60 19 74 94 79 18 42 24 0 85 7 47 15 83 43 28 40 29 93 45 55 49 81 26 32 62 82 41 92 4 50 61 80 70 22 12 98 75 86 46 9 17 30 67 68 8 6 78 38 31 88 90 89 11 71 76 72 1 39 2 5 35 3 48 97 87 36 66 96 54 23 58 21 25 77 16
Coste: -2147483401

GENERACION: 470
Mejor Solucion:  99 37 84 51 73 34 57 64 65 44 95 14 69 53 13 63 56 20 91 33 27 52 59 10 60 19 74 94 79 18 42 24 0 85 7 47 15 83 43 28 40 29 93 45 55 49 81 26 32 62 82 41 92 4 50 61 80 70 22 12 98 75 86 46 9 17 30 67 68 8 6 78 38 31 88 90 89 11 71 76 72 1 39 2 5 35 3 48 97 87 36 66 96 54 23 58 21 25 77 16
Coste: -2147483401

GENERACION: 475
Mejor Solucion:  99 37 84 51 73 34 57 64 65 44 95 14 69 53 13 63 56 20 91 33 27 52 59 10 60 19 74 94 79 18 42 24 0 85 7 47 15 83 43 28 40 29 93 45 55 49 81 26 32 62 82 41 92 4 50 61 80 70 22 12 98 75 86 46 9 17 30 67 68 8 6 78 38 31 88 90 89 11 71 76 72 1 39 2 5 35 3 48 97 87 36 66 96 54 23 58 21 25 77 16
Coste: -2147483401

GENERACION: 480
Mejor Solucion:  99 37 84 51 73 34 57 64 65 44 95 14 69 53 13 63 56 20 91 33 27 52 59 10 60 19 74 94 79 18 42 24 0 85 7 47 15 83 43 28 40 29 93 45 55 49 81 26 32 62 82 41 92 4 50 61 80 70 22 12 98 75 86 46 9 17 30 67 68 8 6 78 38 31 88 90 89 11 71 76 72 1 39 2 5 35 3 48 97 87 36 66 96 54 23 58 21 25 77 16
Coste: -2147483401

GENERACION: 485
Mejor Solucion:  99 37 84 51 73 34 57 64 65 44 95 14 69 53 13 63 56 20 91 33 27 52 59 10 60 19 74 94 79 18 42 24 0 85 7 47 15 83 43 28 40 29 93 45 55 49 81 26 32 62 82 41 92 4 50 61 80 70 22 12 98 75 86 46 9 17 30 67 68 8 6 78 38 31 88 90 89 11 71 76 72 1 39 2 5 35 3 48 97 87 36 66 96 54 23 58 21 25 77 16
Coste: -2147483401

GENERACION: 490
Mejor Solucion:  99 37 84 51 73 34 57 64 65 44 95 14 69 53 13 63 56 20 91 33 27 52 59 10 60 19 74 94 79 18 42 24 0 85 7 47 15 83 43 28 40 29 93 45 55 49 81 26 32 62 82 41 92 4 50 61 80 70 22 12 98 75 86 46 9 17 30 67 68 8 6 78 38 31 88 90 89 11 71 76 72 1 39 2 5 35 3 48 97 87 36 66 96 54 23 58 21 25 77 16
Coste: -2147483401

GENERACION: 495
Mejor Solucion:  99 37 84 51 73 34 57 64 65 44 95 14 69 53 13 63 56 20 91 33 27 52 59 10 60 19 74 94 79 18 42 24 0 85 7 47 15 83 43 28 40 29 93 45 55 49 81 26 32 62 82 41 92 4 50 61 80 70 22 12 98 75 86 46 9 17 30 67 68 8 6 78 38 31 88 90 89 11 71 76 72 1 39 2 5 35 3 48 97 87 36 66 96 54 23 58 21 25 77 16
Coste: -2147483401

GENERACION: 500
Mejor Solucion:  99 37 84 51 73 34 57 64 65 44 95 14 69 53 13 63 56 20 91 33 27 52 59 10 60 19 74 94 79 18 42 24 0 85 7 47 15 83 43 28 40 29 93 45 55 49 81 26 32 62 82 41 92 4 50 61 80 70 22 12 98 75 86 46 9 17 30 67 68 8 6 78 38 31 88 90 89 11 71 76 72 1 39 2 5 35 3 48 97 87 36 66 96 54 23 58 21 25 77 16
Coste: -2147483401

GENERACION: 505
Mejor Solucion:  99 37 84 51 73 34 57 64 65 44 95 14 69 53 13 63 56 20 91 33 27 52 59 10 60 19 74 94 79 18 42 24 0 85 7 47 15 83 43 28 40 29 93 45 55 49 81 26 32 62 82 41 92 4 50 61 80 70 22 12 98 75 86 46 9 17 30 67 68 8 6 78 38 31 88 90 89 11 71 76 72 1 39 2 5 35 3 48 97 87 36 66 96 54 23 58 21 25 77 16
Coste: -2147483401

GENERACION: 510
Mejor Solucion:  99 37 84 51 73 34 57 64 65 44 95 14 69 53 13 63 56 20 91 33 27 52 59 10 60 19 74 94 79 18 42 24 0 85 7 47 15 83 43 28 40 29 93 45 55 49 81 26 32 62 82 41 92 4 50 61 80 70 22 12 98 75 86 46 9 17 30 67 68 8 6 78 38 31 88 90 89 11 71 76 72 1 39 2 5 35 3 48 97 87 36 66 96 54 23 58 21 25 77 16
Coste: -2147483401

GENERACION: 515
Mejor Solucion:  99 37 84 51 73 34 57 64 65 44 95 14 69 53 13 63 56 20 91 33 27 52 59 10 60 19 74 94 79 18 42 24 0 85 7 47 15 83 43 28 40 29 93 45 55 49 81 26 32 62 82 41 92 4 50 61 80 70 22 12 98 75 86 46 9 17 30 67 68 8 6 78 38 31 88 90 89 11 71 76 72 1 39 2 5 35 3 48 97 87 36 66 96 54 23 58 21 25 77 16
Coste: -2147483401

GENERACION: 520
Mejor Solucion:  99 37 84 51 73 34 57 64 65 44 95 14 69 53 13 63 56 20 91 33 27 52 59 10 60 19 74 94 79 18 42 24 0 85 7 47 15 83 43 28 40 29 93 45 55 49 81 26 32 62 82 41 92 4 50 61 80 70 22 12 98 75 86 46 9 17 30 67 68 8 6 78 38 31 88 90 89 11 71 76 72 1 39 2 5 35 3 48 97 87 36 66 96 54 23 58 21 25 77 16
Coste: -2147483401

GENERACION: 525
Mejor Solucion:  99 37 84 51 73 34 57 64 65 44 95 14 69 53 13 63 56 20 91 33 27 52 59 10 60 19 74 94 79 18 42 24 0 85 7 47 15 83 43 28 40 29 93 45 55 49 81 26 32 62 82 41 92 4 50 61 80 70 22 12 98 75 86 46 9 17 30 67 68 8 6 78 38 31 88 90 89 11 71 76 72 1 39 2 5 35 3 48 97 87 36 66 96 54 23 58 21 25 77 16
Coste: -2147483401

GENERACION: 530
Mejor Solucion:  68 42 83 37 81 40 95 74 77 52 92 51 12 57 41 88 13 30 38 28 56 43 6 16 49 48 85 80 86 65 73 60 93 29 69 20 33 32 0 18 72 26 71 17 34 75 76 89 99 10 24 9 7 2 90 63 36 78 67 27 5 91 61 25 19 54 46 8 84 31 66 64 44 14 98 53 11 1 87 79 59 70 82 21 15 35 50 23 22 3 47 62 55 4 96 97 39 58 45 94
Coste: -2147483494

GENERACION: 535
Mejor Solucion:  68 42 83 37 81 40 95 74 77 52 92 51 12 57 41 88 13 30 38 28 56 43 6 16 49 48 85 80 86 65 73 60 93 29 69 20 33 32 0 18 72 26 71 17 34 75 76 89 99 10 24 9 7 2 90 63 36 78 67 27 5 91 61 25 19 54 46 8 84 31 66 64 44 14 98 53 11 1 87 79 59 70 82 21 15 35 50 23 22 3 47 62 55 4 96 97 39 58 45 94
Coste: -2147483494

GENERACION: 540
Mejor Solucion:  68 42 83 37 81 40 95 74 77 52 92 51 12 57 41 88 13 30 38 28 56 43 6 16 49 48 85 80 86 65 73 60 93 29 69 20 33 32 0 18 72 26 71 17 34 75 76 89 99 10 24 9 7 2 90 63 36 78 67 27 5 91 61 25 19 54 46 8 84 31 66 64 44 14 98 53 11 1 87 79 59 70 82 21 15 35 50 23 22 3 47 62 55 4 96 97 39 58 45 94
Coste: -2147483494

GENERACION: 545
Mejor Solucion:  68 42 83 37 81 40 95 74 77 52 92 51 12 57 41 88 13 30 38 28 56 43 6 16 49 48 85 80 86 65 73 60 93 29 69 20 33 32 0 18 72 26 71 17 34 75 76 89 99 10 24 9 7 2 90 63 36 78 67 27 5 91 61 25 19 54 46 8 84 31 66 64 44 14 98 53 11 1 87 79 59 70 82 21 15 35 50 23 22 3 47 62 55 4 96 97 39 58 45 94
Coste: -2147483494

GENERACION: 550
Mejor Solucion:  68 42 83 37 81 40 95 74 77 52 92 51 12 57 41 88 13 30 38 28 56 43 6 16 49 48 85 80 86 65 73 60 93 29 69 20 33 32 0 18 72 26 71 17 34 75 76 89 99 10 24 9 7 2 90 63 36 78 67 27 5 91 61 25 19 54 46 8 84 31 66 64 44 14 98 53 11 1 87 79 59 70 82 21 15 35 50 23 22 3 47 62 55 4 96 97 39 58 45 94
Coste: -2147483494

GENERACION: 555
Mejor Solucion:  68 42 83 37 81 40 95 74 77 52 92 51 12 57 41 88 13 30 38 28 56 43 6 16 49 48 85 80 86 65 73 60 93 29 69 20 33 32 0 18 72 26 71 17 34 75 76 89 99 10 24 9 7 2 90 63 36 78 67 27 5 91 61 25 19 54 46 8 84 31 66 64 44 14 98 53 11 1 87 79 59 70 82 21 15 35 50 23 22 3 47 62 55 4 96 97 39 58 45 94
Coste: -2147483494

GENERACION: 560
Mejor Solucion:  68 42 83 37 81 40 95 74 77 52 92 51 12 57 41 88 13 30 38 28 56 43 6 16 49 48 85 80 86 65 73 60 93 29 69 20 33 32 0 18 72 26 71 17 34 75 76 89 99 10 24 9 7 2 90 63 36 78 67 27 5 91 61 25 19 54 46 8 84 31 66 64 44 14 98 53 11 1 87 79 59 70 82 21 15 35 50 23 22 3 47 62 55 4 96 97 39 58 45 94
Coste: -2147483494

GENERACION: 565
Mejor Solucion:  68 42 83 37 81 40 95 74 77 52 92 51 12 57 41 88 13 30 38 28 56 43 6 16 49 48 85 80 86 65 73 60 93 29 69 20 33 32 0 18 72 26 71 17 34 75 76 89 99 10 24 9 7 2 90 63 36 78 67 27 5 91 61 25 19 54 46 8 84 31 66 64 44 14 98 53 11 1 87 79 59 70 82 21 15 35 50 23 22 3 47 62 55 4 96 97 39 58 45 94
Coste: -2147483494

GENERACION: 570
Mejor Solucion:  68 42 83 37 81 40 95 74 77 52 92 51 12 57 41 88 13 30 38 28 56 43 6 16 49 48 85 80 86 65 73 60 93 29 69 20 33 32 0 18 72 26 71 17 34 75 76 89 99 10 24 9 7 2 90 63 36 78 67 27 5 91 61 25 19 54 46 8 84 31 66 64 44 14 98 53 11 1 87 79 59 70 82 21 15 35 50 23 22 3 47 62 55 4 96 97 39 58 45 94
Coste: -2147483494

GENERACION: 575
Mejor Solucion:  68 42 83 37 81 40 95 74 77 52 92 51 12 57 41 88 13 30 38 28 56 43 6 16 49 48 85 80 86 65 73 60 93 29 69 20 33 32 0 18 72 26 71 17 34 75 76 89 99 10 24 9 7 2 90 63 36 78 67 27 5 91 61 25 19 54 46 8 84 31 66 64 44 14 98 53 11 1 87 79 59 70 82 21 15 35 50 23 22 3 47 62 55 4 96 97 39 58 45 94
Coste: -2147483494

GENERACION: 580
Mejor Solucion:  68 42 83 37 81 40 95 74 77 52 92 51 12 57 41 88 13 30 38 28 56 43 6 16 49 48 85 80 86 65 73 60 93 29 69 20 33 32 0 18 72 26 71 17 34 75 76 89 99 10 24 9 7 2 90 63 36 78 67 27 5 91 61 25 19 54 46 8 84 31 66 64 44 14 98 53 11 1 87 79 59 70 82 21 15 35 50 23 22 3 47 62 55 4 96 97 39 58 45 94
Coste: -2147483494

GENERACION: 585
Mejor Solucion:  68 42 83 37 81 40 95 74 77 52 92 51 12 57 41 88 13 30 38 28 56 43 6 16 49 48 85 80 86 65 73 60 93 29 69 20 33 32 0 18 72 26 71 17 34 75 76 89 99 10 24 9 7 2 90 63 36 78 67 27 5 91 61 25 19 54 46 8 84 31 66 64 44 14 98 53 11 1 87 79 59 70 82 21 15 35 50 23 22 3 47 62 55 4 96 97 39 58 45 94
Coste: -2147483494

GENERACION: 590
Mejor Solucion:  68 42 83 37 81 40 95 74 77 52 92 51 12 57 41 88 13 30 38 28 56 43 6 16 49 48 85 80 86 65 73 60 93 29 69 20 33 32 0 18 72 26 71 17 34 75 76 89 99 10 24 9 7 2 90 63 36 78 67 27 5 91 61 25 19 54 46 8 84 31 66 64 44 14 98 53 11 1 87 79 59 70 82 21 15 35 50 23 22 3 47 62 55 4 96 97 39 58 45 94
Coste: -2147483494

GENERACION: 595
Mejor Solucion:  68 42 83 37 81 40 95 74 77 52 92 51 12 57 41 88 13 30 38 28 56 43 6 16 49 48 85 80 86 65 73 60 93 29 69 20 33 32 0 18 72 26 71 17 34 75 76 89 99 10 24 9 7 2 90 63 36 78 67 27 5 91 61 25 19 54 46 8 84 31 66 64 44 14 98 53 11 1 87 79 59 70 82 21 15 35 50 23 22 3 47 62 55 4 96 97 39 58 45 94
Coste: -2147483494

GENERACION: 600
Mejor Solucion:  68 42 83 37 81 40 95 74 77 52 92 51 12 57 41 88 13 30 38 28 56 43 6 16 49 48 85 80 86 65 73 60 93 29 69 20 33 32 0 18 72 26 71 17 34 75 76 89 99 10 24 9 7 2 90 63 36 78 67 27 5 91 61 25 19 54 46 8 84 31 66 64 44 14 98 53 11 1 87 79 59 70 82 21 15 35 50 23 22 3 47 62 55 4 96 97 39 58 45 94
Coste: -2147483494

GENERACION: 605
Mejor Solucion:  68 42 83 37 81 40 95 74 77 52 92 51 12 57 41 88 13 30 38 28 56 43 6 16 49 48 85 80 86 65 73 60 93 29 69 20 33 32 0 18 72 26 71 17 34 75 76 89 99 10 24 9 7 2 90 63 36 78 67 27 5 91 61 25 19 54 46 8 84 31 66 64 44 14 98 53 11 1 87 79 59 70 82 21 15 35 50 23 22 3 47 62 55 4 96 97 39 58 45 94
Coste: -2147483494

GENERACION: 610
Mejor Solucion:  68 42 83 37 81 40 95 74 77 52 92 51 12 57 41 88 13 30 38 28 56 43 6 16 49 48 85 80 86 65 73 60 93 29 69 20 33 32 0 18 72 26 71 17 34 75 76 89 99 10 24 9 7 2 90 63 36 78 67 27 5 91 61 25 19 54 46 8 84 31 66 64 44 14 98 53 11 1 87 79 59 70 82 21 15 35 50 23 22 3 47 62 55 4 96 97 39 58 45 94
Coste: -2147483494

GENERACION: 615
Mejor Solucion:  68 42 83 37 81 40 95 74 77 52 92 51 12 57 41 88 13 30 38 28 56 43 6 16 49 48 85 80 86 65 73 60 93 29 69 20 33 32 0 18 72 26 71 17 34 75 76 89 99 10 24 9 7 2 90 63 36 78 67 27 5 91 61 25 19 54 46 8 84 31 66 64 44 14 98 53 11 1 87 79 59 70 82 21 15 35 50 23 22 3 47 62 55 4 96 97 39 58 45 94
Coste: -2147483494

GENERACION: 620
Mejor Solucion:  68 42 83 37 81 40 95 74 77 52 92 51 12 57 41 88 13 30 38 28 56 43 6 16 49 48 85 80 86 65 73 60 93 29 69 20 33 32 0 18 72 26 71 17 34 75 76 89 99 10 24 9 7 2 90 63 36 78 67 27 5 91 61 25 19 54 46 8 84 31 66 64 44 14 98 53 11 1 87 79 59 70 82 21 15 35 50 23 22 3 47 62 55 4 96 97 39 58 45 94
Coste: -2147483494

GENERACION: 625
Mejor Solucion:  68 42 83 37 81 40 95 74 77 52 92 51 12 57 41 88 13 30 38 28 56 43 6 16 49 48 85 80 86 65 73 60 93 29 69 20 33 32 0 18 72 26 71 17 34 75 76 89 99 10 24 9 7 2 90 63 36 78 67 27 5 91 61 25 19 54 46 8 84 31 66 64 44 14 98 53 11 1 87 79 59 70 82 21 15 35 50 23 22 3 47 62 55 4 96 97 39 58 45 94
Coste: -2147483494

GENERACION: 630
Mejor Solucion:  68 42 83 37 81 40 95 74 77 52 92 51 12 57 41 88 13 30 38 28 56 43 6 16 49 48 85 80 86 65 73 60 93 29 69 20 33 32 0 18 72 26 71 17 34 75 76 89 99 10 24 9 7 2 90 63 36 78 67 27 5 91 61 25 19 54 46 8 84 31 66 64 44 14 98 53 11 1 87 79 59 70 82 21 15 35 50 23 22 3 47 62 55 4 96 97 39 58 45 94
Coste: -2147483494

GENERACION: 635
Mejor Solucion:  68 42 83 37 81 40 95 74 77 52 92 51 12 57 41 88 13 30 38 28 56 43 6 16 49 48 85 80 86 65 73 60 93 29 69 20 33 32 0 18 72 26 71 17 34 75 76 89 99 10 24 9 7 2 90 63 36 78 67 27 5 91 61 25 19 54 46 8 84 31 66 64 44 14 98 53 11 1 87 79 59 70 82 21 15 35 50 23 22 3 47 62 55 4 96 97 39 58 45 94
Coste: -2147483494

GENERACION: 640
Mejor Solucion:  68 42 83 37 81 40 95 74 77 52 92 51 12 57 41 88 13 30 38 28 56 43 6 16 49 48 85 80 86 65 73 60 93 29 69 20 33 32 0 18 72 26 71 17 34 75 76 89 99 10 24 9 7 2 90 63 36 78 67 27 5 91 61 25 19 54 46 8 84 31 66 64 44 14 98 53 11 1 87 79 59 70 82 21 15 35 50 23 22 3 47 62 55 4 96 97 39 58 45 94
Coste: -2147483494

GENERACION: 645
Mejor Solucion:  68 42 83 37 81 40 95 74 77 52 92 51 12 57 41 88 13 30 38 28 56 43 6 16 49 48 85 80 86 65 73 60 93 29 69 20 33 32 0 18 72 26 71 17 34 75 76 89 99 10 24 9 7 2 90 63 36 78 67 27 5 91 61 25 19 54 46 8 84 31 66 64 44 14 98 53 11 1 87 79 59 70 82 21 15 35 50 23 22 3 47 62 55 4 96 97 39 58 45 94
Coste: -2147483494

GENERACION: 650
Mejor Solucion:  68 42 83 37 81 40 95 74 77 52 92 51 12 57 41 88 13 30 38 28 56 43 6 16 49 48 85 80 86 65 73 60 93 29 69 20 33 32 0 18 72 26 71 17 34 75 76 89 99 10 24 9 7 2 90 63 36 78 67 27 5 91 61 25 19 54 46 8 84 31 66 64 44 14 98 53 11 1 87 79 59 70 82 21 15 35 50 23 22 3 47 62 55 4 96 97 39 58 45 94
Coste: -2147483494

GENERACION: 655
Mejor Solucion:  68 42 83 37 81 40 95 74 77 52 92 51 12 57 41 88 13 30 38 28 56 43 6 16 49 48 85 80 86 65 73 60 93 29 69 20 33 32 0 18 72 26 71 17 34 75 76 89 99 10 24 9 7 2 90 63 36 78 67 27 5 91 61 25 19 54 46 8 84 31 66 64 44 14 98 53 11 1 87 79 59 70 82 21 15 35 50 23 22 3 47 62 55 4 96 97 39 58 45 94
Coste: -2147483494

GENERACION: 660
Mejor Solucion:  68 42 83 37 81 40 95 74 77 52 92 51 12 57 41 88 13 30 38 28 56 43 6 16 49 48 85 80 86 65 73 60 93 29 69 20 33 32 0 18 72 26 71 17 34 75 76 89 99 10 24 9 7 2 90 63 36 78 67 27 5 91 61 25 19 54 46 8 84 31 66 64 44 14 98 53 11 1 87 79 59 70 82 21 15 35 50 23 22 3 47 62 55 4 96 97 39 58 45 94
Coste: -2147483494

GENERACION: 665
Mejor Solucion:  68 42 83 37 81 40 95 74 77 52 92 51 12 57 41 88 13 30 38 28 56 43 6 16 49 48 85 80 86 65 73 60 93 29 69 20 33 32 0 18 72 26 71 17 34 75 76 89 99 10 24 9 7 2 90 63 36 78 67 27 5 91 61 25 19 54 46 8 84 31 66 64 44 14 98 53 11 1 87 79 59 70 82 21 15 35 50 23 22 3 47 62 55 4 96 97 39 58 45 94
Coste: -2147483494

GENERACION: 670
Mejor Solucion:  68 42 83 37 81 40 95 74 77 52 92 51 12 57 41 88 13 30 38 28 56 43 6 16 49 48 85 80 86 65 73 60 93 29 69 20 33 32 0 18 72 26 71 17 34 75 76 89 99 10 24 9 7 2 90 63 36 78 67 27 5 91 61 25 19 54 46 8 84 31 66 64 44 14 98 53 11 1 87 79 59 70 82 21 15 35 50 23 22 3 47 62 55 4 96 97 39 58 45 94
Coste: -2147483494

GENERACION: 675
Mejor Solucion:  68 42 83 37 81 40 95 74 77 52 92 51 12 57 41 88 13 30 38 28 56 43 6 16 49 48 85 80 86 65 73 60 93 29 69 20 33 32 0 18 72 26 71 17 34 75 76 89 99 10 24 9 7 2 90 63 36 78 67 27 5 91 61 25 19 54 46 8 84 31 66 64 44 14 98 53 11 1 87 79 59 70 82 21 15 35 50 23 22 3 47 62 55 4 96 97 39 58 45 94
Coste: -2147483494

GENERACION: 680
Mejor Solucion:  68 42 83 37 81 40 95 74 77 52 92 51 12 57 41 88 13 30 38 28 56 43 6 16 49 48 85 80 86 65 73 60 93 29 69 20 33 32 0 18 72 26 71 17 34 75 76 89 99 10 24 9 7 2 90 63 36 78 67 27 5 91 61 25 19 54 46 8 84 31 66 64 44 14 98 53 11 1 87 79 59 70 82 21 15 35 50 23 22 3 47 62 55 4 96 97 39 58 45 94
Coste: -2147483494

GENERACION: 685
Mejor Solucion:  68 42 83 37 81 40 95 74 77 52 92 51 12 57 41 88 13 30 38 28 56 43 6 16 49 48 85 80 86 65 73 60 93 29 69 20 33 32 0 18 72 26 71 17 34 75 76 89 99 10 24 9 7 2 90 63 36 78 67 27 5 91 61 25 19 54 46 8 84 31 66 64 44 14 98 53 11 1 87 79 59 70 82 21 15 35 50 23 22 3 47 62 55 4 96 97 39 58 45 94
Coste: -2147483494

GENERACION: 690
Mejor Solucion:  68 42 83 37 81 40 95 74 77 52 92 51 12 57 41 88 13 30 38 28 56 43 6 16 49 48 85 80 86 65 73 60 93 29 69 20 33 32 0 18 72 26 71 17 34 75 76 89 99 10 24 9 7 2 90 63 36 78 67 27 5 91 61 25 19 54 46 8 84 31 66 64 44 14 98 53 11 1 87 79 59 70 82 21 15 35 50 23 22 3 47 62 55 4 96 97 39 58 45 94
Coste: -2147483494

GENERACION: 695
Mejor Solucion:  68 42 83 37 81 40 95 74 77 52 92 51 12 57 41 88 13 30 38 28 56 43 6 16 49 48 85 80 86 65 73 60 93 29 69 20 33 32 0 18 72 26 71 17 34 75 76 89 99 10 24 9 7 2 90 63 36 78 67 27 5 91 61 25 19 54 46 8 84 31 66 64 44 14 98 53 11 1 87 79 59 70 82 21 15 35 50 23 22 3 47 62 55 4 96 97 39 58 45 94
Coste: -2147483494

GENERACION: 700
Mejor Solucion:  68 42 83 37 81 40 95 74 77 52 92 51 12 57 41 88 13 30 38 28 56 43 6 16 49 48 85 80 86 65 73 60 93 29 69 20 33 32 0 18 72 26 71 17 34 75 76 89 99 10 24 9 7 2 90 63 36 78 67 27 5 91 61 25 19 54 46 8 84 31 66 64 44 14 98 53 11 1 87 79 59 70 82 21 15 35 50 23 22 3 47 62 55 4 96 97 39 58 45 94
Coste: -2147483494

GENERACION: 705
Mejor Solucion:  68 42 83 37 81 40 95 74 77 52 92 51 12 57 41 88 13 30 38 28 56 43 6 16 49 48 85 80 86 65 73 60 93 29 69 20 33 32 0 18 72 26 71 17 34 75 76 89 99 10 24 9 7 2 90 63 36 78 67 27 5 91 61 25 19 54 46 8 84 31 66 64 44 14 98 53 11 1 87 79 59 70 82 21 15 35 50 23 22 3 47 62 55 4 96 97 39 58 45 94
Coste: -2147483494

GENERACION: 710
Mejor Solucion:  68 42 83 37 81 40 95 74 77 52 92 51 12 57 41 88 13 30 38 28 56 43 6 16 49 48 85 80 86 65 73 60 93 29 69 20 33 32 0 18 72 26 71 17 34 75 76 89 99 10 24 9 7 2 90 63 36 78 67 27 5 91 61 25 19 54 46 8 84 31 66 64 44 14 98 53 11 1 87 79 59 70 82 21 15 35 50 23 22 3 47 62 55 4 96 97 39 58 45 94
Coste: -2147483494

GENERACION: 715
Mejor Solucion:  68 42 83 37 81 40 95 74 77 52 92 51 12 57 41 88 13 30 38 28 56 43 6 16 49 48 85 80 86 65 73 60 93 29 69 20 33 32 0 18 72 26 71 17 34 75 76 89 99 10 24 9 7 2 90 63 36 78 67 27 5 91 61 25 19 54 46 8 84 31 66 64 44 14 98 53 11 1 87 79 59 70 82 21 15 35 50 23 22 3 47 62 55 4 96 97 39 58 45 94
Coste: -2147483494

GENERACION: 720
Mejor Solucion:  68 42 83 37 81 40 95 74 77 52 92 51 12 57 41 88 13 30 38 28 56 43 6 16 49 48 85 80 86 65 73 60 93 29 69 20 33 32 0 18 72 26 71 17 34 75 76 89 99 10 24 9 7 2 90 63 36 78 67 27 5 91 61 25 19 54 46 8 84 31 66 64 44 14 98 53 11 1 87 79 59 70 82 21 15 35 50 23 22 3 47 62 55 4 96 97 39 58 45 94
Coste: -2147483494

GENERACION: 725
Mejor Solucion:  68 42 83 37 81 40 95 74 77 52 92 51 12 57 41 88 13 30 38 28 56 43 6 16 49 48 85 80 86 65 73 60 93 29 69 20 33 32 0 18 72 26 71 17 34 75 76 89 99 10 24 9 7 2 90 63 36 78 67 27 5 91 61 25 19 54 46 8 84 31 66 64 44 14 98 53 11 1 87 79 59 70 82 21 15 35 50 23 22 3 47 62 55 4 96 97 39 58 45 94
Coste: -2147483494

GENERACION: 730
Mejor Solucion:  68 42 83 37 81 40 95 74 77 52 92 51 12 57 41 88 13 30 38 28 56 43 6 16 49 48 85 80 86 65 73 60 93 29 69 20 33 32 0 18 72 26 71 17 34 75 76 89 99 10 24 9 7 2 90 63 36 78 67 27 5 91 61 25 19 54 46 8 84 31 66 64 44 14 98 53 11 1 87 79 59 70 82 21 15 35 50 23 22 3 47 62 55 4 96 97 39 58 45 94
Coste: -2147483494

GENERACION: 735
Mejor Solucion:  68 42 83 37 81 40 95 74 77 52 92 51 12 57 41 88 13 30 38 28 56 43 6 16 49 48 85 80 86 65 73 60 93 29 69 20 33 32 0 18 72 26 71 17 34 75 76 89 99 10 24 9 7 2 90 63 36 78 67 27 5 91 61 25 19 54 46 8 84 31 66 64 44 14 98 53 11 1 87 79 59 70 82 21 15 35 50 23 22 3 47 62 55 4 96 97 39 58 45 94
Coste: -2147483494

GENERACION: 740
Mejor Solucion:  68 42 83 37 81 40 95 74 77 52 92 51 12 57 41 88 13 30 38 28 56 43 6 16 49 48 85 80 86 65 73 60 93 29 69 20 33 32 0 18 72 26 71 17 34 75 76 89 99 10 24 9 7 2 90 63 36 78 67 27 5 91 61 25 19 54 46 8 84 31 66 64 44 14 98 53 11 1 87 79 59 70 82 21 15 35 50 23 22 3 47 62 55 4 96 97 39 58 45 94
Coste: -2147483494

GENERACION: 745
Mejor Solucion:  68 42 83 37 81 40 95 74 77 52 92 51 12 57 41 88 13 30 38 28 56 43 6 16 49 48 85 80 86 65 73 60 93 29 69 20 33 32 0 18 72 26 71 17 34 75 76 89 99 10 24 9 7 2 90 63 36 78 67 27 5 91 61 25 19 54 46 8 84 31 66 64 44 14 98 53 11 1 87 79 59 70 82 21 15 35 50 23 22 3 47 62 55 4 96 97 39 58 45 94
Coste: -2147483494

GENERACION: 750
Mejor Solucion:  68 42 83 37 81 40 95 74 77 52 92 51 12 57 41 88 13 30 38 28 56 43 6 16 49 48 85 80 86 65 73 60 93 29 69 20 33 32 0 18 72 26 71 17 34 75 76 89 99 10 24 9 7 2 90 63 36 78 67 27 5 91 61 25 19 54 46 8 84 31 66 64 44 14 98 53 11 1 87 79 59 70 82 21 15 35 50 23 22 3 47 62 55 4 96 97 39 58 45 94
Coste: -2147483494

GENERACION: 755
Mejor Solucion:  68 42 83 37 81 40 95 74 77 52 92 51 12 57 41 88 13 30 38 28 56 43 6 16 49 48 85 80 86 65 73 60 93 29 69 20 33 32 0 18 72 26 71 17 34 75 76 89 99 10 24 9 7 2 90 63 36 78 67 27 5 91 61 25 19 54 46 8 84 31 66 64 44 14 98 53 11 1 87 79 59 70 82 21 15 35 50 23 22 3 47 62 55 4 96 97 39 58 45 94
Coste: -2147483494

GENERACION: 760
Mejor Solucion:  68 42 83 37 81 40 95 74 77 52 92 51 12 57 41 88 13 30 38 28 56 43 6 16 49 48 85 80 86 65 73 60 93 29 69 20 33 32 0 18 72 26 71 17 34 75 76 89 99 10 24 9 7 2 90 63 36 78 67 27 5 91 61 25 19 54 46 8 84 31 66 64 44 14 98 53 11 1 87 79 59 70 82 21 15 35 50 23 22 3 47 62 55 4 96 97 39 58 45 94
Coste: -2147483494

GENERACION: 765
Mejor Solucion:  68 42 83 37 81 40 95 74 77 52 92 51 12 57 41 88 13 30 38 28 56 43 6 16 49 48 85 80 86 65 73 60 93 29 69 20 33 32 0 18 72 26 71 17 34 75 76 89 99 10 24 9 7 2 90 63 36 78 67 27 5 91 61 25 19 54 46 8 84 31 66 64 44 14 98 53 11 1 87 79 59 70 82 21 15 35 50 23 22 3 47 62 55 4 96 97 39 58 45 94
Coste: -2147483494

GENERACION: 770
Mejor Solucion:  68 42 83 37 81 40 95 74 77 52 92 51 12 57 41 88 13 30 38 28 56 43 6 16 49 48 85 80 86 65 73 60 93 29 69 20 33 32 0 18 72 26 71 17 34 75 76 89 99 10 24 9 7 2 90 63 36 78 67 27 5 91 61 25 19 54 46 8 84 31 66 64 44 14 98 53 11 1 87 79 59 70 82 21 15 35 50 23 22 3 47 62 55 4 96 97 39 58 45 94
Coste: -2147483494

GENERACION: 775
Mejor Solucion:  68 42 83 37 81 40 95 74 77 52 92 51 12 57 41 88 13 30 38 28 56 43 6 16 49 48 85 80 86 65 73 60 93 29 69 20 33 32 0 18 72 26 71 17 34 75 76 89 99 10 24 9 7 2 90 63 36 78 67 27 5 91 61 25 19 54 46 8 84 31 66 64 44 14 98 53 11 1 87 79 59 70 82 21 15 35 50 23 22 3 47 62 55 4 96 97 39 58 45 94
Coste: -2147483494

GENERACION: 780
Mejor Solucion:  68 42 83 37 81 40 95 74 77 52 92 51 12 57 41 88 13 30 38 28 56 43 6 16 49 48 85 80 86 65 73 60 93 29 69 20 33 32 0 18 72 26 71 17 34 75 76 89 99 10 24 9 7 2 90 63 36 78 67 27 5 91 61 25 19 54 46 8 84 31 66 64 44 14 98 53 11 1 87 79 59 70 82 21 15 35 50 23 22 3 47 62 55 4 96 97 39 58 45 94
Coste: -2147483494

GENERACION: 785
Mejor Solucion:  68 42 83 37 81 40 95 74 77 52 92 51 12 57 41 88 13 30 38 28 56 43 6 16 49 48 85 80 86 65 73 60 93 29 69 20 33 32 0 18 72 26 71 17 34 75 76 89 99 10 24 9 7 2 90 63 36 78 67 27 5 91 61 25 19 54 46 8 84 31 66 64 44 14 98 53 11 1 87 79 59 70 82 21 15 35 50 23 22 3 47 62 55 4 96 97 39 58 45 94
Coste: -2147483494

GENERACION: 790
Mejor Solucion:  68 42 83 37 81 40 95 74 77 52 92 51 12 57 41 88 13 30 38 28 56 43 6 16 49 48 85 80 86 65 73 60 93 29 69 20 33 32 0 18 72 26 71 17 34 75 76 89 99 10 24 9 7 2 90 63 36 78 67 27 5 91 61 25 19 54 46 8 84 31 66 64 44 14 98 53 11 1 87 79 59 70 82 21 15 35 50 23 22 3 47 62 55 4 96 97 39 58 45 94
Coste: -2147483494

GENERACION: 795
Mejor Solucion:  68 42 83 37 81 40 95 74 77 52 92 51 12 57 41 88 13 30 38 28 56 43 6 16 49 48 85 80 86 65 73 60 93 29 69 20 33 32 0 18 72 26 71 17 34 75 76 89 99 10 24 9 7 2 90 63 36 78 67 27 5 91 61 25 19 54 46 8 84 31 66 64 44 14 98 53 11 1 87 79 59 70 82 21 15 35 50 23 22 3 47 62 55 4 96 97 39 58 45 94
Coste: -2147483494

GENERACION: 800
Mejor Solucion:  68 42 83 37 81 40 95 74 77 52 92 51 12 57 41 88 13 30 38 28 56 43 6 16 49 48 85 80 86 65 73 60 93 29 69 20 33 32 0 18 72 26 71 17 34 75 76 89 99 10 24 9 7 2 90 63 36 78 67 27 5 91 61 25 19 54 46 8 84 31 66 64 44 14 98 53 11 1 87 79 59 70 82 21 15 35 50 23 22 3 47 62 55 4 96 97 39 58 45 94
Coste: -2147483494

GENERACION: 805
Mejor Solucion:  68 42 83 37 81 40 95 74 77 52 92 51 12 57 41 88 13 30 38 28 56 43 6 16 49 48 85 80 86 65 73 60 93 29 69 20 33 32 0 18 72 26 71 17 34 75 76 89 99 10 24 9 7 2 90 63 36 78 67 27 5 91 61 25 19 54 46 8 84 31 66 64 44 14 98 53 11 1 87 79 59 70 82 21 15 35 50 23 22 3 47 62 55 4 96 97 39 58 45 94
Coste: -2147483494

GENERACION: 810
Mejor Solucion:  68 42 83 37 81 40 95 74 77 52 92 51 12 57 41 88 13 30 38 28 56 43 6 16 49 48 85 80 86 65 73 60 93 29 69 20 33 32 0 18 72 26 71 17 34 75 76 89 99 10 24 9 7 2 90 63 36 78 67 27 5 91 61 25 19 54 46 8 84 31 66 64 44 14 98 53 11 1 87 79 59 70 82 21 15 35 50 23 22 3 47 62 55 4 96 97 39 58 45 94
Coste: -2147483494

GENERACION: 815
Mejor Solucion:  68 42 83 37 81 40 95 74 77 52 92 51 12 57 41 88 13 30 38 28 56 43 6 16 49 48 85 80 86 65 73 60 93 29 69 20 33 32 0 18 72 26 71 17 34 75 76 89 99 10 24 9 7 2 90 63 36 78 67 27 5 91 61 25 19 54 46 8 84 31 66 64 44 14 98 53 11 1 87 79 59 70 82 21 15 35 50 23 22 3 47 62 55 4 96 97 39 58 45 94
Coste: -2147483494

GENERACION: 820
Mejor Solucion:  68 42 83 37 81 40 95 74 77 52 92 51 12 57 41 88 13 30 38 28 56 43 6 16 49 48 85 80 86 65 73 60 93 29 69 20 33 32 0 18 72 26 71 17 34 75 76 89 99 10 24 9 7 2 90 63 36 78 67 27 5 91 61 25 19 54 46 8 84 31 66 64 44 14 98 53 11 1 87 79 59 70 82 21 15 35 50 23 22 3 47 62 55 4 96 97 39 58 45 94
Coste: -2147483494

GENERACION: 825
Mejor Solucion:  68 42 83 37 81 40 95 74 77 52 92 51 12 57 41 88 13 30 38 28 56 43 6 16 49 48 85 80 86 65 73 60 93 29 69 20 33 32 0 18 72 26 71 17 34 75 76 89 99 10 24 9 7 2 90 63 36 78 67 27 5 91 61 25 19 54 46 8 84 31 66 64 44 14 98 53 11 1 87 79 59 70 82 21 15 35 50 23 22 3 47 62 55 4 96 97 39 58 45 94
Coste: -2147483494

GENERACION: 830
Mejor Solucion:  68 42 83 37 81 40 95 74 77 52 92 51 12 57 41 88 13 30 38 28 56 43 6 16 49 48 85 80 86 65 73 60 93 29 69 20 33 32 0 18 72 26 71 17 34 75 76 89 99 10 24 9 7 2 90 63 36 78 67 27 5 91 61 25 19 54 46 8 84 31 66 64 44 14 98 53 11 1 87 79 59 70 82 21 15 35 50 23 22 3 47 62 55 4 96 97 39 58 45 94
Coste: -2147483494

GENERACION: 835
Mejor Solucion:  68 42 83 37 81 40 95 74 77 52 92 51 12 57 41 88 13 30 38 28 56 43 6 16 49 48 85 80 86 65 73 60 93 29 69 20 33 32 0 18 72 26 71 17 34 75 76 89 99 10 24 9 7 2 90 63 36 78 67 27 5 91 61 25 19 54 46 8 84 31 66 64 44 14 98 53 11 1 87 79 59 70 82 21 15 35 50 23 22 3 47 62 55 4 96 97 39 58 45 94
Coste: -2147483494

GENERACION: 840
Mejor Solucion:  68 42 83 37 81 40 95 74 77 52 92 51 12 57 41 88 13 30 38 28 56 43 6 16 49 48 85 80 86 65 73 60 93 29 69 20 33 32 0 18 72 26 71 17 34 75 76 89 99 10 24 9 7 2 90 63 36 78 67 27 5 91 61 25 19 54 46 8 84 31 66 64 44 14 98 53 11 1 87 79 59 70 82 21 15 35 50 23 22 3 47 62 55 4 96 97 39 58 45 94
Coste: -2147483494

GENERACION: 845
Mejor Solucion:  68 42 83 37 81 40 95 74 77 52 92 51 12 57 41 88 13 30 38 28 56 43 6 16 49 48 85 80 86 65 73 60 93 29 69 20 33 32 0 18 72 26 71 17 34 75 76 89 99 10 24 9 7 2 90 63 36 78 67 27 5 91 61 25 19 54 46 8 84 31 66 64 44 14 98 53 11 1 87 79 59 70 82 21 15 35 50 23 22 3 47 62 55 4 96 97 39 58 45 94
Coste: -2147483494

GENERACION: 850
Mejor Solucion:  68 42 83 37 81 40 95 74 77 52 92 51 12 57 41 88 13 30 38 28 56 43 6 16 49 48 85 80 86 65 73 60 93 29 69 20 33 32 0 18 72 26 71 17 34 75 76 89 99 10 24 9 7 2 90 63 36 78 67 27 5 91 61 25 19 54 46 8 84 31 66 64 44 14 98 53 11 1 87 79 59 70 82 21 15 35 50 23 22 3 47 62 55 4 96 97 39 58 45 94
Coste: -2147483494

GENERACION: 855
Mejor Solucion:  68 42 83 37 81 40 95 74 77 52 92 51 12 57 41 88 13 30 38 28 56 43 6 16 49 48 85 80 86 65 73 60 93 29 69 20 33 32 0 18 72 26 71 17 34 75 76 89 99 10 24 9 7 2 90 63 36 78 67 27 5 91 61 25 19 54 46 8 84 31 66 64 44 14 98 53 11 1 87 79 59 70 82 21 15 35 50 23 22 3 47 62 55 4 96 97 39 58 45 94
Coste: -2147483494

GENERACION: 860
Mejor Solucion:  68 42 83 37 81 40 95 74 77 52 92 51 12 57 41 88 13 30 38 28 56 43 6 16 49 48 85 80 86 65 73 60 93 29 69 20 33 32 0 18 72 26 71 17 34 75 76 89 99 10 24 9 7 2 90 63 36 78 67 27 5 91 61 25 19 54 46 8 84 31 66 64 44 14 98 53 11 1 87 79 59 70 82 21 15 35 50 23 22 3 47 62 55 4 96 97 39 58 45 94
Coste: -2147483494

GENERACION: 865
Mejor Solucion:  68 42 83 37 81 40 95 74 77 52 92 51 12 57 41 88 13 30 38 28 56 43 6 16 49 48 85 80 86 65 73 60 93 29 69 20 33 32 0 18 72 26 71 17 34 75 76 89 99 10 24 9 7 2 90 63 36 78 67 27 5 91 61 25 19 54 46 8 84 31 66 64 44 14 98 53 11 1 87 79 59 70 82 21 15 35 50 23 22 3 47 62 55 4 96 97 39 58 45 94
Coste: -2147483494

GENERACION: 870
Mejor Solucion:  68 42 83 37 81 40 95 74 77 52 92 51 12 57 41 88 13 30 38 28 56 43 6 16 49 48 85 80 86 65 73 60 93 29 69 20 33 32 0 18 72 26 71 17 34 75 76 89 99 10 24 9 7 2 90 63 36 78 67 27 5 91 61 25 19 54 46 8 84 31 66 64 44 14 98 53 11 1 87 79 59 70 82 21 15 35 50 23 22 3 47 62 55 4 96 97 39 58 45 94
Coste: -2147483494

GENERACION: 875
Mejor Solucion:  68 42 83 37 81 40 95 74 77 52 92 51 12 57 41 88 13 30 38 28 56 43 6 16 49 48 85 80 86 65 73 60 93 29 69 20 33 32 0 18 72 26 71 17 34 75 76 89 99 10 24 9 7 2 90 63 36 78 67 27 5 91 61 25 19 54 46 8 84 31 66 64 44 14 98 53 11 1 87 79 59 70 82 21 15 35 50 23 22 3 47 62 55 4 96 97 39 58 45 94
Coste: -2147483494

GENERACION: 880
Mejor Solucion:  68 42 83 37 81 40 95 74 77 52 92 51 12 57 41 88 13 30 38 28 56 43 6 16 49 48 85 80 86 65 73 60 93 29 69 20 33 32 0 18 72 26 71 17 34 75 76 89 99 10 24 9 7 2 90 63 36 78 67 27 5 91 61 25 19 54 46 8 84 31 66 64 44 14 98 53 11 1 87 79 59 70 82 21 15 35 50 23 22 3 47 62 55 4 96 97 39 58 45 94
Coste: -2147483494

GENERACION: 885
Mejor Solucion:  68 42 83 37 81 40 95 74 77 52 92 51 12 57 41 88 13 30 38 28 56 43 6 16 49 48 85 80 86 65 73 60 93 29 69 20 33 32 0 18 72 26 71 17 34 75 76 89 99 10 24 9 7 2 90 63 36 78 67 27 5 91 61 25 19 54 46 8 84 31 66 64 44 14 98 53 11 1 87 79 59 70 82 21 15 35 50 23 22 3 47 62 55 4 96 97 39 58 45 94
Coste: -2147483494

GENERACION: 890
Mejor Solucion:  51 77 37 84 93 40 26 81 83 47 49 74 33 62 67 29 87 91 24 64 30 19 98 52 23 0 85 73 86 70 94 22 28 99 58 80 14 35 4 41 8 92 44 76 57 32 88 69 9 34 71 56 59 79 65 68 1 3 95 18 55 16 5 7 17 97 75 36 21 2 39 72 46 20 53 45 31 78 15 43 50 12 89 96 27 60 54 66 25 61 38 63 10 13 6 11 90 82 48 42
Coste: -2147483517

GENERACION: 895
Mejor Solucion:  51 77 37 84 93 40 26 81 83 47 49 74 33 62 67 29 87 91 24 64 30 19 98 52 23 0 85 73 86 70 94 22 28 99 58 80 14 35 4 41 8 92 44 76 57 32 88 69 9 34 71 56 59 79 65 68 1 3 95 18 55 16 5 7 17 97 75 36 21 2 39 72 46 20 53 45 31 78 15 43 50 12 89 96 27 60 54 66 25 61 38 63 10 13 6 11 90 82 48 42
Coste: -2147483517

GENERACION: 900
Mejor Solucion:  51 77 37 84 93 40 26 81 83 47 49 74 33 62 67 29 87 91 24 64 30 19 98 52 23 0 85 73 86 70 94 22 28 99 58 80 14 35 4 41 8 92 44 76 57 32 88 69 9 34 71 56 59 79 65 68 1 3 95 18 55 16 5 7 17 97 75 36 21 2 39 72 46 20 53 45 31 78 15 43 50 12 89 96 27 60 54 66 25 61 38 63 10 13 6 11 90 82 48 42
Coste: -2147483517

GENERACION: 905
Mejor Solucion:  51 77 37 84 93 40 26 81 83 47 49 74 33 62 67 29 87 91 24 64 30 19 98 52 23 0 85 73 86 70 94 22 28 99 58 80 14 35 4 41 8 92 44 76 57 32 88 69 9 34 71 56 59 79 65 68 1 3 95 18 55 16 5 7 17 97 75 36 21 2 39 72 46 20 53 45 31 78 15 43 50 12 89 96 27 60 54 66 25 61 38 63 10 13 6 11 90 82 48 42
Coste: -2147483517

GENERACION: 910
Mejor Solucion:  51 77 37 84 93 40 26 81 83 47 49 74 33 62 67 29 87 91 24 64 30 19 98 52 23 0 85 73 86 70 94 22 28 99 58 80 14 35 4 41 8 92 44 76 57 32 88 69 9 34 71 56 59 79 65 68 1 3 95 18 55 16 5 7 17 97 75 36 21 2 39 72 46 20 53 45 31 78 15 43 50 12 89 96 27 60 54 66 25 61 38 63 10 13 6 11 90 82 48 42
Coste: -2147483517

GENERACION: 915
Mejor Solucion:  51 77 37 84 93 40 26 81 83 47 49 74 33 62 67 29 87 91 24 64 30 19 98 52 23 0 85 73 86 70 94 22 28 99 58 80 14 35 4 41 8 92 44 76 57 32 88 69 9 34 71 56 59 79 65 68 1 3 95 18 55 16 5 7 17 97 75 36 21 2 39 72 46 20 53 45 31 78 15 43 50 12 89 96 27 60 54 66 25 61 38 63 10 13 6 11 90 82 48 42
Coste: -2147483517

GENERACION: 920
Mejor Solucion:  51 77 37 84 93 40 26 81 83 47 49 74 33 62 67 29 87 91 24 64 30 19 98 52 23 0 85 73 86 70 94 22 28 99 58 80 14 35 4 41 8 92 44 76 57 32 88 69 9 34 71 56 59 79 65 68 1 3 95 18 55 16 5 7 17 97 75 36 21 2 39 72 46 20 53 45 31 78 15 43 50 12 89 96 27 60 54 66 25 61 38 63 10 13 6 11 90 82 48 42
Coste: -2147483517

GENERACION: 925
Mejor Solucion:  51 77 37 84 93 40 26 81 83 47 49 74 33 62 67 29 87 91 24 64 30 19 98 52 23 0 85 73 86 70 94 22 28 99 58 80 14 35 4 41 8 92 44 76 57 32 88 69 9 34 71 56 59 79 65 68 1 3 95 18 55 16 5 7 17 97 75 36 21 2 39 72 46 20 53 45 31 78 15 43 50 12 89 96 27 60 54 66 25 61 38 63 10 13 6 11 90 82 48 42
Coste: -2147483517

GENERACION: 930
Mejor Solucion:  51 77 37 84 93 40 26 81 83 47 49 74 33 62 67 29 87 91 24 64 30 19 98 52 23 0 85 73 86 70 94 22 28 99 58 80 14 35 4 41 8 92 44 76 57 32 88 69 9 34 71 56 59 79 65 68 1 3 95 18 55 16 5 7 17 97 75 36 21 2 39 72 46 20 53 45 31 78 15 43 50 12 89 96 27 60 54 66 25 61 38 63 10 13 6 11 90 82 48 42
Coste: -2147483517

GENERACION: 935
Mejor Solucion:  51 77 37 84 93 40 26 81 83 47 49 74 33 62 67 29 87 91 24 64 30 19 98 52 23 0 85 73 86 70 94 22 28 99 58 80 14 35 4 41 8 92 44 76 57 32 88 69 9 34 71 56 59 79 65 68 1 3 95 18 55 16 5 7 17 97 75 36 21 2 39 72 46 20 53 45 31 78 15 43 50 12 89 96 27 60 54 66 25 61 38 63 10 13 6 11 90 82 48 42
Coste: -2147483517

GENERACION: 940
Mejor Solucion:  51 77 37 84 93 40 26 81 83 47 49 74 33 62 67 29 87 91 24 64 30 19 98 52 23 0 85 73 86 70 94 22 28 99 58 80 14 35 4 41 8 92 44 76 57 32 88 69 9 34 71 56 59 79 65 68 1 3 95 18 55 16 5 7 17 97 75 36 21 2 39 72 46 20 53 45 31 78 15 43 50 12 89 96 27 60 54 66 25 61 38 63 10 13 6 11 90 82 48 42
Coste: -2147483517

GENERACION: 945
Mejor Solucion:  51 77 37 84 93 40 26 81 83 47 49 74 33 62 67 29 87 91 24 64 30 19 98 52 23 0 85 73 86 70 94 22 28 99 58 80 14 35 4 41 8 92 44 76 57 32 88 69 9 34 71 56 59 79 65 68 1 3 95 18 55 16 5 7 17 97 75 36 21 2 39 72 46 20 53 45 31 78 15 43 50 12 89 96 27 60 54 66 25 61 38 63 10 13 6 11 90 82 48 42
Coste: -2147483517

GENERACION: 950
Mejor Solucion:  51 77 37 84 93 40 26 81 83 47 49 74 33 62 67 29 87 91 24 64 30 19 98 52 23 0 85 73 86 70 94 22 28 99 58 80 14 35 4 41 8 92 44 76 57 32 88 69 9 34 71 56 59 79 65 68 1 3 95 18 55 16 5 7 17 97 75 36 21 2 39 72 46 20 53 45 31 78 15 43 50 12 89 96 27 60 54 66 25 61 38 63 10 13 6 11 90 82 48 42
Coste: -2147483517

GENERACION: 955
Mejor Solucion:  51 77 37 84 93 40 26 81 83 47 49 74 33 62 67 29 87 91 24 64 30 19 98 52 23 0 85 73 86 70 94 22 28 99 58 80 14 35 4 41 8 92 44 76 57 32 88 69 9 34 71 56 59 79 65 68 1 3 95 18 55 16 5 7 17 97 75 36 21 2 39 72 46 20 53 45 31 78 15 43 50 12 89 96 27 60 54 66 25 61 38 63 10 13 6 11 90 82 48 42
Coste: -2147483517

GENERACION: 960
Mejor Solucion:  51 77 37 84 93 40 26 81 83 47 49 74 33 62 67 29 87 91 24 64 30 19 98 52 23 0 85 73 86 70 94 22 28 99 58 80 14 35 4 41 8 92 44 76 57 32 88 69 9 34 71 56 59 79 65 68 1 3 95 18 55 16 5 7 17 97 75 36 21 2 39 72 46 20 53 45 31 78 15 43 50 12 89 96 27 60 54 66 25 61 38 63 10 13 6 11 90 82 48 42
Coste: -2147483517

GENERACION: 965
Mejor Solucion:  51 77 37 84 93 40 26 81 83 47 49 74 33 62 67 29 87 91 24 64 30 19 98 52 23 0 85 73 86 70 94 22 28 99 58 80 14 35 4 41 8 92 44 76 57 32 88 69 9 34 71 56 59 79 65 68 1 3 95 18 55 16 5 7 17 97 75 36 21 2 39 72 46 20 53 45 31 78 15 43 50 12 89 96 27 60 54 66 25 61 38 63 10 13 6 11 90 82 48 42
Coste: -2147483517

GENERACION: 970
Mejor Solucion:  51 77 37 84 93 40 26 81 83 47 49 74 33 62 67 29 87 91 24 64 30 19 98 52 23 0 85 73 86 70 94 22 28 99 58 80 14 35 4 41 8 92 44 76 57 32 88 69 9 34 71 56 59 79 65 68 1 3 95 18 55 16 5 7 17 97 75 36 21 2 39 72 46 20 53 45 31 78 15 43 50 12 89 96 27 60 54 66 25 61 38 63 10 13 6 11 90 82 48 42
Coste: -2147483517

GENERACION: 975
Mejor Solucion:  51 77 37 84 93 40 26 81 83 47 49 74 33 62 67 29 87 91 24 64 30 19 98 52 23 0 85 73 86 70 94 22 28 99 58 80 14 35 4 41 8 92 44 76 57 32 88 69 9 34 71 56 59 79 65 68 1 3 95 18 55 16 5 7 17 97 75 36 21 2 39 72 46 20 53 45 31 78 15 43 50 12 89 96 27 60 54 66 25 61 38 63 10 13 6 11 90 82 48 42
Coste: -2147483517

GENERACION: 980
Mejor Solucion:  51 77 37 84 93 40 26 81 83 47 49 74 33 62 67 29 87 91 24 64 30 19 98 52 23 0 85 73 86 70 94 22 28 99 58 80 14 35 4 41 8 92 44 76 57 32 88 69 9 34 71 56 59 79 65 68 1 3 95 18 55 16 5 7 17 97 75 36 21 2 39 72 46 20 53 45 31 78 15 43 50 12 89 96 27 60 54 66 25 61 38 63 10 13 6 11 90 82 48 42
Coste: -2147483517

GENERACION: 985
Mejor Solucion:  51 77 37 84 93 40 26 81 83 47 49 74 33 62 67 29 87 91 24 64 30 19 98 52 23 0 85 73 86 70 94 22 28 99 58 80 14 35 4 41 8 92 44 76 57 32 88 69 9 34 71 56 59 79 65 68 1 3 95 18 55 16 5 7 17 97 75 36 21 2 39 72 46 20 53 45 31 78 15 43 50 12 89 96 27 60 54 66 25 61 38 63 10 13 6 11 90 82 48 42
Coste: -2147483517

GENERACION: 990
Mejor Solucion:  51 77 37 84 93 40 26 81 83 47 49 74 33 62 67 29 87 91 24 64 30 19 98 52 23 0 85 73 86 70 94 22 28 99 58 80 14 35 4 41 8 92 44 76 57 32 88 69 9 34 71 56 59 79 65 68 1 3 95 18 55 16 5 7 17 97 75 36 21 2 39 72 46 20 53 45 31 78 15 43 50 12 89 96 27 60 54 66 25 61 38 63 10 13 6 11 90 82 48 42
Coste: -2147483517

GENERACION: 995
Mejor Solucion:  51 77 37 84 93 40 26 81 83 47 49 74 33 62 67 29 87 91 24 64 30 19 98 52 23 0 85 73 86 70 94 22 28 99 58 80 14 35 4 41 8 92 44 76 57 32 88 69 9 34 71 56 59 79 65 68 1 3 95 18 55 16 5 7 17 97 75 36 21 2 39 72 46 20 53 45 31 78 15 43 50 12 89 96 27 60 54 66 25 61 38 63 10 13 6 11 90 82 48 42
Coste: -2147483517

GENERACION: 1000
Mejor Solucion:  51 77 37 84 93 40 26 81 83 47 49 74 33 62 67 29 87 91 24 64 30 19 98 52 23 0 85 73 86 70 94 22 28 99 58 80 14 35 4 41 8 92 44 76 57 32 88 69 9 34 71 56 59 79 65 68 1 3 95 18 55 16 5 7 17 97 75 36 21 2 39 72 46 20 53 45 31 78 15 43 50 12 89 96 27 60 54 66 25 61 38 63 10 13 6 11 90 82 48 42
Coste: -2147483517

