GENERACION: 5
Mejor Solucion:  49 88 80 48 91 25 81 76 63 20 30 22 12 73 74 77 60 17 53 14 70 15 56 27 57 85 41 58 37 29 94 87 21 18 7 32 5 64 95 96 51 1 46 65 52 82 93 72 39 11 34 61 28 40 71 0 47 16 97 79 38 44 36 26 68 84 75 2 42 92 89 99 54 83 3 13 98 33 90 8 67 45 19 23 43 31 55 6 35 9 4 50 86 78 69 66 62 59 10 24
Coste: 1667307375

GENERACION: 10
Mejor Solucion:  59 83 37 51 95 79 70 74 81 77 12 84 1 8 46 28 13 65 33 61 40 67 9 88 99 0 85 94 86 73 20 56 18 14 69 76 52 93 30 42 4 45 72 57 17 47 44 55 22 98 23 41 3 16 15 31 25 29 54 6 90 92 64 91 26 75 2 71 7 27 34 80 49 43 78 68 11 82 35 21 32 63 50 89 38 48 62 87 53 58 39 5 10 97 66 96 24 36 60 19
Coste: -308166577

GENERACION: 15
Mejor Solucion:  59 83 37 51 95 79 70 74 81 77 12 84 1 8 46 28 13 65 33 61 40 67 9 88 99 0 85 94 86 73 20 56 18 14 69 76 52 93 30 42 4 45 72 57 17 47 44 55 22 98 23 41 3 16 15 31 25 29 54 6 90 92 64 91 26 75 2 71 7 27 34 80 49 43 78 68 11 82 35 21 32 63 50 89 38 48 62 87 53 58 39 5 10 97 66 96 24 36 60 19
Coste: -308166577

GENERACION: 20
Mejor Solucion:  53 40 49 88 37 86 84 77 83 74 85 81 26 17 98 19 79 68 60 44 75 65 20 22 0 13 28 47 30 67 70 58 14 24 55 93 52 50 18 91 23 73 62 99 39 57 4 92 3 10 48 25 9 89 1 2 11 72 36 16 27 8 31 61 34 54 82 15 94 71 76 63 46 21 5 69 90 7 95 42 51 56 38 45 12 43 80 41 35 87 6 66 32 96 64 97 59 78 29 33
Coste: -1038366232

GENERACION: 25
Mejor Solucion:  53 40 49 88 37 86 84 77 83 74 85 81 26 17 98 19 79 68 60 44 75 65 20 22 0 13 28 47 30 67 70 58 14 24 55 93 52 50 18 91 23 73 62 99 39 57 4 92 3 10 48 25 9 89 1 2 11 72 36 16 27 8 31 61 34 54 82 15 94 71 76 63 46 21 5 69 90 7 95 42 51 56 38 45 12 43 80 41 35 87 6 66 32 96 64 97 59 78 29 33
Coste: -1038366232

GENERACION: 30
Mejor Solucion:  43 86 64 74 73 30 93 85 81 88 67 9 84 23 20 76 14 12 48 44 59 46 18 2 75 24 37 77 83 42 40 66 61 79 58 21 26 52 32 55 0 92 25 5 16 96 49 54 50 90 15 8 4 99 6 63 65 72 33 19 80 34 78 45 28 29 31 1 36 47 95 11 56 51 3 13 89 57 10 68 94 91 22 82 27 41 97 98 69 17 38 87 39 7 60 53 62 35 71 70
Coste: -1256555485

GENERACION: 35
Mejor Solucion:  43 86 64 74 73 30 93 85 81 88 67 9 84 23 20 76 14 12 48 44 59 46 18 2 75 24 37 77 83 42 40 66 61 79 58 21 26 52 32 55 0 92 25 5 16 96 49 54 50 90 15 8 4 99 6 63 65 72 33 19 80 34 78 45 28 29 31 1 36 47 95 11 56 51 3 13 89 57 10 68 94 91 22 82 27 41 97 98 69 17 38 87 39 7 60 53 62 35 71 70
Coste: -1256555485

GENERACION: 40
Mejor Solucion:  43 86 64 74 73 30 93 85 81 88 67 9 84 23 20 76 14 12 48 44 59 46 18 2 75 24 37 77 83 42 40 66 61 79 58 21 26 52 32 55 0 92 25 5 16 96 49 54 50 90 15 8 4 99 6 63 65 72 33 19 80 34 78 45 28 29 31 1 36 47 95 11 56 51 3 13 89 57 10 68 94 91 22 82 27 41 97 98 69 17 38 87 39 7 60 53 62 35 71 70
Coste: -1256555485

GENERACION: 45
Mejor Solucion:  43 86 64 74 73 30 93 85 81 88 67 9 84 23 20 76 14 12 48 44 59 46 18 2 75 24 37 77 83 42 40 66 61 79 58 21 26 52 32 55 0 92 25 5 16 96 49 54 50 90 15 8 4 99 6 63 65 72 33 19 80 34 78 45 28 29 31 1 36 47 95 11 56 51 3 13 89 57 10 68 94 91 22 82 27 41 97 98 69 17 38 87 39 7 60 53 62 35 71 70
Coste: -1256555485

GENERACION: 50
Mejor Solucion:  86 19 21 14 40 16 18 85 9 31 37 83 42 43 73 93 36 94 20 15 64 28 25 13 30 35 74 84 51 79 81 49 88 46 76 41 57 70 26 63 11 44 87 67 24 52 38 92 12 34 90 98 60 17 53 77 22 10 29 72 89 27 62 82 59 68 33 54 32 1 39 61 91 65 2 69 5 23 75 80 8 56 7 6 45 99 48 55 3 50 47 0 66 96 4 97 58 78 71 95
Coste: -1528748248

GENERACION: 55
Mejor Solucion:  86 19 21 14 40 16 18 85 9 31 37 83 42 43 73 93 36 94 20 15 64 28 25 13 30 35 74 84 51 79 81 49 88 46 76 41 57 70 26 63 11 44 87 67 24 52 38 92 12 34 90 98 60 17 53 77 22 10 29 72 89 27 62 82 59 68 33 54 32 1 39 61 91 65 2 69 5 23 75 80 8 56 7 6 45 99 48 55 3 50 47 0 66 96 4 97 58 78 71 95
Coste: -1528748248

GENERACION: 60
Mejor Solucion:  86 19 21 14 40 16 18 85 9 31 37 83 42 43 73 93 36 94 20 15 64 28 25 13 30 35 74 84 51 79 81 49 88 46 76 41 57 70 26 63 11 44 87 67 24 52 38 92 12 34 90 98 60 17 53 77 22 10 29 72 89 27 62 82 59 68 33 54 32 1 39 61 91 65 2 69 5 23 75 80 8 56 7 6 45 99 48 55 3 50 47 0 66 96 4 97 58 78 71 95
Coste: -1528748248

GENERACION: 65
Mejor Solucion:  86 19 21 14 40 16 18 85 9 31 37 83 42 43 73 93 36 94 20 15 64 28 25 13 30 35 74 84 51 79 81 49 88 46 76 41 57 70 26 63 11 44 87 67 24 52 38 92 12 34 90 98 60 17 53 77 22 10 29 72 89 27 62 82 59 68 33 54 32 1 39 61 91 65 2 69 5 23 75 80 8 56 7 6 45 99 48 55 3 50 47 0 66 96 4 97 58 78 71 95
Coste: -1528748248

GENERACION: 70
Mejor Solucion:  86 19 21 14 40 16 18 85 9 31 37 83 42 43 73 93 36 94 20 15 64 28 25 13 30 35 74 84 51 79 81 49 88 46 76 41 57 70 26 63 11 44 87 67 24 52 38 92 12 34 90 98 60 17 53 77 22 10 29 72 89 27 62 82 59 68 33 54 32 1 39 61 91 65 2 69 5 23 75 80 8 56 7 6 45 99 48 55 3 50 47 0 66 96 4 97 58 78 71 95
Coste: -1528748248

GENERACION: 75
Mejor Solucion:  86 19 21 14 40 16 18 85 9 31 37 83 42 43 73 93 36 94 20 15 64 28 25 13 30 35 74 84 51 79 81 49 88 46 76 41 57 70 26 63 11 44 87 67 24 52 38 92 12 34 90 98 60 17 53 77 22 10 29 72 89 27 62 82 59 68 33 54 32 1 39 61 91 65 2 69 5 23 75 80 8 56 7 6 45 99 48 55 3 50 47 0 66 96 4 97 58 78 71 95
Coste: -1528748248

GENERACION: 80
Mejor Solucion:  86 19 21 14 40 16 18 85 9 31 37 83 42 43 73 93 36 94 20 15 64 28 25 13 30 35 74 84 51 79 81 49 88 46 76 41 57 70 26 63 11 44 87 67 24 52 38 92 12 34 90 98 60 17 53 77 22 10 29 72 89 27 62 82 59 68 33 54 32 1 39 61 91 65 2 69 5 23 75 80 8 56 7 6 45 99 48 55 3 50 47 0 66 96 4 97 58 78 71 95
Coste: -1528748248

GENERACION: 85
Mejor Solucion:  86 19 21 14 40 16 18 85 9 31 37 83 42 43 73 93 36 94 20 15 64 28 25 13 30 35 74 84 51 79 81 49 88 46 76 41 57 70 26 63 11 44 87 67 24 52 38 92 12 34 90 98 60 17 53 77 22 10 29 72 89 27 62 82 59 68 33 54 32 1 39 61 91 65 2 69 5 23 75 80 8 56 7 6 45 99 48 55 3 50 47 0 66 96 4 97 58 78 71 95
Coste: -1528748248

GENERACION: 90
Mejor Solucion:  95 81 40 93 42 49 26 84 51 47 37 33 83 97 98 64 30 65 88 67 62 0 89 23 34 58 74 73 85 86 94 10 44 82 35 20 76 18 16 41 15 80 21 3 99 12 75 14 32 92 4 28 7 69 27 57 50 77 17 2 43 91 71 31 48 45 79 13 70 38 60 24 53 9 87 5 56 36 8 11 78 1 61 66 29 96 46 54 25 72 52 6 55 22 68 39 59 90 63 19
Coste: -1531595673

GENERACION: 95
Mejor Solucion:  95 81 40 93 42 49 26 84 51 47 37 33 83 97 98 64 30 65 88 67 62 0 89 23 34 58 74 73 85 86 94 10 44 82 35 20 76 18 16 41 15 80 21 3 99 12 75 14 32 92 4 28 7 69 27 57 50 77 17 2 43 91 71 31 48 45 79 13 70 38 60 24 53 9 87 5 56 36 8 11 78 1 61 66 29 96 46 54 25 72 52 6 55 22 68 39 59 90 63 19
Coste: -1531595673

GENERACION: 100
Mejor Solucion:  95 81 40 93 42 49 26 84 51 47 37 33 83 97 98 64 30 65 88 67 62 0 89 23 34 58 74 73 85 86 94 10 44 82 35 20 76 18 16 41 15 80 21 3 99 12 75 14 32 92 4 28 7 69 27 57 50 77 17 2 43 91 71 31 48 45 79 13 70 38 60 24 53 9 87 5 56 36 8 11 78 1 61 66 29 96 46 54 25 72 52 6 55 22 68 39 59 90 63 19
Coste: -1531595673

GENERACION: 105
Mejor Solucion:  95 81 40 93 42 49 26 84 51 47 37 33 83 97 98 64 30 65 88 67 62 0 89 23 34 58 74 73 85 86 94 10 44 82 35 20 76 18 16 41 15 80 21 3 99 12 75 14 32 92 4 28 7 69 27 57 50 77 17 2 43 91 71 31 48 45 79 13 70 38 60 24 53 9 87 5 56 36 8 11 78 1 61 66 29 96 46 54 25 72 52 6 55 22 68 39 59 90 63 19
Coste: -1531595673

GENERACION: 110
Mejor Solucion:  51 37 93 16 84 83 21 85 86 73 81 43 49 64 97 26 36 40 44 22 78 20 6 24 41 69 74 70 12 65 79 32 2 18 1 99 52 28 47 91 62 67 60 13 82 7 57 63 75 10 5 4 95 30 68 80 94 34 38 53 31 17 72 23 35 3 87 48 14 58 11 92 55 59 77 29 8 90 89 9 88 42 27 96 61 98 54 50 15 76 45 71 0 19 56 39 25 46 66 33
Coste: -1743594631

GENERACION: 115
Mejor Solucion:  51 37 93 16 84 83 21 85 86 73 81 43 49 64 97 26 36 40 44 22 78 20 6 24 41 69 74 70 12 65 79 32 2 18 1 99 52 28 47 91 62 67 60 13 82 7 57 63 75 10 5 4 95 30 68 80 94 34 38 53 31 17 72 23 35 3 87 48 14 58 11 92 55 59 77 29 8 90 89 9 88 42 27 96 61 98 54 50 15 76 45 71 0 19 56 39 25 46 66 33
Coste: -1743594631

GENERACION: 120
Mejor Solucion:  51 37 93 16 84 83 21 85 86 73 81 43 49 64 97 26 36 40 44 22 78 20 6 24 41 69 74 70 12 65 79 32 2 18 1 99 52 28 47 91 62 67 60 13 82 7 57 63 75 10 5 4 95 30 68 80 94 34 38 53 31 17 72 23 35 3 87 48 14 58 11 92 55 59 77 29 8 90 89 9 88 42 27 96 61 98 54 50 15 76 45 71 0 19 56 39 25 46 66 33
Coste: -1743594631

GENERACION: 125
Mejor Solucion:  51 37 93 16 84 83 21 85 86 73 81 43 49 64 97 26 36 40 44 22 78 20 6 24 41 69 74 70 12 65 79 32 2 18 1 99 52 28 47 91 62 67 60 13 82 7 57 63 75 10 5 4 95 30 68 80 94 34 38 53 31 17 72 23 35 3 87 48 14 58 11 92 55 59 77 29 8 90 89 9 88 42 27 96 61 98 54 50 15 76 45 71 0 19 56 39 25 46 66 33
Coste: -1743594631

GENERACION: 130
Mejor Solucion:  51 37 93 16 84 83 21 85 86 73 81 43 49 64 97 26 36 40 44 22 78 20 6 24 41 69 74 70 12 65 79 32 2 18 1 99 52 28 47 91 62 67 60 13 82 7 57 63 75 10 5 4 95 30 68 80 94 34 38 53 31 17 72 23 35 3 87 48 14 58 11 92 55 59 77 29 8 90 89 9 88 42 27 96 61 98 54 50 15 76 45 71 0 19 56 39 25 46 66 33
Coste: -1743594631

GENERACION: 135
Mejor Solucion:  51 37 93 16 84 83 21 85 86 73 81 43 49 64 97 26 36 40 44 22 78 20 6 24 41 69 74 70 12 65 79 32 2 18 1 99 52 28 47 91 62 67 60 13 82 7 57 63 75 10 5 4 95 30 68 80 94 34 38 53 31 17 72 23 35 3 87 48 14 58 11 92 55 59 77 29 8 90 89 9 88 42 27 96 61 98 54 50 15 76 45 71 0 19 56 39 25 46 66 33
Coste: -1743594631

GENERACION: 140
Mejor Solucion:  33 42 26 51 49 95 70 84 1 93 81 40 47 64 17 73 9 85 80 94 43 28 63 24 92 13 74 79 37 65 83 71 0 46 36 53 4 2 72 58 12 19 52 54 48 87 38 7 75 8 41 16 91 11 90 50 78 29 20 98 5 27 96 66 32 68 99 59 30 67 18 55 62 25 97 69 56 44 76 88 89 77 15 82 57 31 35 3 60 22 34 21 39 61 45 6 10 23 14 86
Coste: -2101415224

GENERACION: 145
Mejor Solucion:  33 42 26 51 49 95 70 84 1 93 81 40 47 64 17 73 9 85 80 94 43 28 63 24 92 13 74 79 37 65 83 71 0 46 36 53 4 2 72 58 12 19 52 54 48 87 38 7 75 8 41 16 91 11 90 50 78 29 20 98 5 27 96 66 32 68 99 59 30 67 18 55 62 25 97 69 56 44 76 88 89 77 15 82 57 31 35 3 60 22 34 21 39 61 45 6 10 23 14 86
Coste: -2101415224

GENERACION: 150
Mejor Solucion:  33 42 26 51 49 95 70 84 1 93 81 40 47 64 17 73 9 85 80 94 43 28 63 24 92 13 74 79 37 65 83 71 0 46 36 53 4 2 72 58 12 19 52 54 48 87 38 7 75 8 41 16 91 11 90 50 78 29 20 98 5 27 96 66 32 68 99 59 30 67 18 55 62 25 97 69 56 44 76 88 89 77 15 82 57 31 35 3 60 22 34 21 39 61 45 6 10 23 14 86
Coste: -2101415224

GENERACION: 155
Mejor Solucion:  33 42 26 51 49 95 70 84 1 93 81 40 47 64 17 73 9 85 80 94 43 28 63 24 92 13 74 79 37 65 83 71 0 46 36 53 4 2 72 58 12 19 52 54 48 87 38 7 75 8 41 16 91 11 90 50 78 29 20 98 5 27 96 66 32 68 99 59 30 67 18 55 62 25 97 69 56 44 76 88 89 77 15 82 57 31 35 3 60 22 34 21 39 61 45 6 10 23 14 86
Coste: -2101415224

GENERACION: 160
Mejor Solucion:  92 44 12 8 86 19 76 37 28 36 46 2 47 49 69 21 87 96 66 41 82 68 53 77 56 42 74 88 30 73 85 98 52 34 13 18 16 32 14 57 4 70 99 27 5 79 67 59 94 63 25 40 33 26 80 65 84 39 35 61 81 38 83 1 43 17 95 10 93 51 78 29 91 75 71 72 97 45 20 89 55 11 15 60 48 6 3 31 24 58 64 50 62 23 90 22 0 54 7 9
Coste: -2147482493

GENERACION: 165
Mejor Solucion:  92 44 12 8 86 19 76 37 28 36 46 2 47 49 69 21 87 96 66 41 82 68 53 77 56 42 74 88 30 73 85 98 52 34 13 18 16 32 14 57 4 70 99 27 5 79 67 59 94 63 25 40 33 26 80 65 84 39 35 61 81 38 83 1 43 17 95 10 93 51 78 29 91 75 71 72 97 45 20 89 55 11 15 60 48 6 3 31 24 58 64 50 62 23 90 22 0 54 7 9
Coste: -2147482493

GENERACION: 170
Mejor Solucion:  92 44 12 8 86 19 76 37 28 36 46 2 47 49 69 21 87 96 66 41 82 68 53 77 56 42 74 88 30 73 85 98 52 34 13 18 16 32 14 57 4 70 99 27 5 79 67 59 94 63 25 40 33 26 80 65 84 39 35 61 81 38 83 1 43 17 95 10 93 51 78 29 91 75 71 72 97 45 20 89 55 11 15 60 48 6 3 31 24 58 64 50 62 23 90 22 0 54 7 9
Coste: -2147482493

GENERACION: 175
Mejor Solucion:  92 44 12 8 86 19 76 37 28 36 46 2 47 49 69 21 87 96 66 41 82 68 53 77 56 42 74 88 30 73 85 98 52 34 13 18 16 32 14 57 4 70 99 27 5 79 67 59 94 63 25 40 33 26 80 65 84 39 35 61 81 38 83 1 43 17 95 10 93 51 78 29 91 75 71 72 97 45 20 89 55 11 15 60 48 6 3 31 24 58 64 50 62 23 90 22 0 54 7 9
Coste: -2147482493

GENERACION: 180
Mejor Solucion:  92 44 12 8 86 19 76 37 28 36 46 2 47 49 69 21 87 96 66 41 82 68 53 77 56 42 74 88 30 73 85 98 52 34 13 18 16 32 14 57 4 70 99 27 5 79 67 59 94 63 25 40 33 26 80 65 84 39 35 61 81 38 83 1 43 17 95 10 93 51 78 29 91 75 71 72 97 45 20 89 55 11 15 60 48 6 3 31 24 58 64 50 62 23 90 22 0 54 7 9
Coste: -2147482493

GENERACION: 185
Mejor Solucion:  92 44 12 8 86 19 76 37 28 36 46 2 47 49 69 21 87 96 66 41 82 68 53 77 56 42 74 88 30 73 85 98 52 34 13 18 16 32 14 57 4 70 99 27 5 79 67 59 94 63 25 40 33 26 80 65 84 39 35 61 81 38 83 1 43 17 95 10 93 51 78 29 91 75 71 72 97 45 20 89 55 11 15 60 48 6 3 31 24 58 64 50 62 23 90 22 0 54 7 9
Coste: -2147482493

GENERACION: 190
Mejor Solucion:  92 44 12 8 86 19 76 37 28 36 46 2 47 49 69 21 87 96 66 41 82 68 53 77 56 42 74 88 30 73 85 98 52 34 13 18 16 32 14 57 4 70 99 27 5 79 67 59 94 63 25 40 33 26 80 65 84 39 35 61 81 38 83 1 43 17 95 10 93 51 78 29 91 75 71 72 97 45 20 89 55 11 15 60 48 6 3 31 24 58 64 50 62 23 90 22 0 54 7 9
Coste: -2147482493

GENERACION: 195
Mejor Solucion:  92 44 12 8 86 19 76 37 28 36 46 2 47 49 69 21 87 96 66 41 82 68 53 77 56 42 74 88 30 73 85 98 52 34 13 18 16 32 14 57 4 70 99 27 5 79 67 59 94 63 25 40 33 26 80 65 84 39 35 61 81 38 83 1 43 17 95 10 93 51 78 29 91 75 71 72 97 45 20 89 55 11 15 60 48 6 3 31 24 58 64 50 62 23 90 22 0 54 7 9
Coste: -2147482493

GENERACION: 200
Mejor Solucion:  92 44 12 8 86 19 76 37 28 36 46 2 47 49 69 21 87 96 66 41 82 68 53 77 56 42 74 88 30 73 85 98 52 34 13 18 16 32 14 57 4 70 99 27 5 79 67 59 94 63 25 40 33 26 80 65 84 39 35 61 81 38 83 1 43 17 95 10 93 51 78 29 91 75 71 72 97 45 20 89 55 11 15 60 48 6 3 31 24 58 64 50 62 23 90 22 0 54 7 9
Coste: -2147482493

GENERACION: 205
Mejor Solucion:  92 44 12 8 86 19 76 37 28 36 46 2 47 49 69 21 87 96 66 41 82 68 53 77 56 42 74 88 30 73 85 98 52 34 13 18 16 32 14 57 4 70 99 27 5 79 67 59 94 63 25 40 33 26 80 65 84 39 35 61 81 38 83 1 43 17 95 10 93 51 78 29 91 75 71 72 97 45 20 89 55 11 15 60 48 6 3 31 24 58 64 50 62 23 90 22 0 54 7 9
Coste: -2147482493

GENERACION: 210
Mejor Solucion:  92 44 12 8 86 19 76 37 28 36 46 2 47 49 69 21 87 96 66 41 82 68 53 77 56 42 74 88 30 73 85 98 52 34 13 18 16 32 14 57 4 70 99 27 5 79 67 59 94 63 25 40 33 26 80 65 84 39 35 61 81 38 83 1 43 17 95 10 93 51 78 29 91 75 71 72 97 45 20 89 55 11 15 60 48 6 3 31 24 58 64 50 62 23 90 22 0 54 7 9
Coste: -2147482493

GENERACION: 215
Mejor Solucion:  92 44 12 8 86 19 76 37 28 36 46 2 47 49 69 21 87 96 66 41 82 68 53 77 56 42 74 88 30 73 85 98 52 34 13 18 16 32 14 57 4 70 99 27 5 79 67 59 94 63 25 40 33 26 80 65 84 39 35 61 81 38 83 1 43 17 95 10 93 51 78 29 91 75 71 72 97 45 20 89 55 11 15 60 48 6 3 31 24 58 64 50 62 23 90 22 0 54 7 9
Coste: -2147482493

GENERACION: 220
Mejor Solucion:  49 40 42 52 37 12 83 74 88 30 77 81 84 87 71 93 31 55 72 13 60 73 48 89 32 23 28 94 85 19 86 14 58 76 22 21 41 33 80 65 61 26 18 43 46 96 75 36 20 0 34 5 11 1 63 68 90 99 7 78 67 69 45 91 38 66 9 64 10 98 29 2 53 82 95 59 56 27 79 51 16 70 24 15 54 50 39 57 17 44 4 62 35 8 6 92 25 97 3 47
Coste: -2147482540

GENERACION: 225
Mejor Solucion:  49 40 42 52 37 12 83 74 88 30 77 81 84 87 71 93 31 55 72 13 60 73 48 89 32 23 28 94 85 19 86 14 58 76 22 21 41 33 80 65 61 26 18 43 46 96 75 36 20 0 34 5 11 1 63 68 90 99 7 78 67 69 45 91 38 66 9 64 10 98 29 2 53 82 95 59 56 27 79 51 16 70 24 15 54 50 39 57 17 44 4 62 35 8 6 92 25 97 3 47
Coste: -2147482540

GENERACION: 230
Mejor Solucion:  49 40 42 52 37 12 83 74 88 30 77 81 84 87 71 93 31 55 72 13 60 73 48 89 32 23 28 94 85 19 86 14 58 76 22 21 41 33 80 65 61 26 18 43 46 96 75 36 20 0 34 5 11 1 63 68 90 99 7 78 67 69 45 91 38 66 9 64 10 98 29 2 53 82 95 59 56 27 79 51 16 70 24 15 54 50 39 57 17 44 4 62 35 8 6 92 25 97 3 47
Coste: -2147482540

GENERACION: 235
Mejor Solucion:  49 40 42 52 37 12 83 74 88 30 77 81 84 87 71 93 31 55 72 13 60 73 48 89 32 23 28 94 85 19 86 14 58 76 22 21 41 33 80 65 61 26 18 43 46 96 75 36 20 0 34 5 11 1 63 68 90 99 7 78 67 69 45 91 38 66 9 64 10 98 29 2 53 82 95 59 56 27 79 51 16 70 24 15 54 50 39 57 17 44 4 62 35 8 6 92 25 97 3 47
Coste: -2147482540

GENERACION: 240
Mejor Solucion:  49 40 42 52 37 12 83 74 88 30 77 81 84 87 71 93 31 55 72 13 60 73 48 89 32 23 28 94 85 19 86 14 58 76 22 21 41 33 80 65 61 26 18 43 46 96 75 36 20 0 34 5 11 1 63 68 90 99 7 78 67 69 45 91 38 66 9 64 10 98 29 2 53 82 95 59 56 27 79 51 16 70 24 15 54 50 39 57 17 44 4 62 35 8 6 92 25 97 3 47
Coste: -2147482540

GENERACION: 245
Mejor Solucion:  49 40 42 52 37 12 83 74 88 30 77 81 84 87 71 93 31 55 72 13 60 73 48 89 32 23 28 94 85 19 86 14 58 76 22 21 41 33 80 65 61 26 18 43 46 96 75 36 20 0 34 5 11 1 63 68 90 99 7 78 67 69 45 91 38 66 9 64 10 98 29 2 53 82 95 59 56 27 79 51 16 70 24 15 54 50 39 57 17 44 4 62 35 8 6 92 25 97 3 47
Coste: -2147482540

GENERACION: 250
Mejor Solucion:  49 40 42 52 37 12 83 74 88 30 77 81 84 87 71 93 31 55 72 13 60 73 48 89 32 23 28 94 85 19 86 14 58 76 22 21 41 33 80 65 61 26 18 43 46 96 75 36 20 0 34 5 11 1 63 68 90 99 7 78 67 69 45 91 38 66 9 64 10 98 29 2 53 82 95 59 56 27 79 51 16 70 24 15 54 50 39 57 17 44 4 62 35 8 6 92 25 97 3 47
Coste: -2147482540

GENERACION: 255
Mejor Solucion:  49 40 42 52 37 12 83 74 88 30 77 81 84 87 71 93 31 55 72 13 60 73 48 89 32 23 28 94 85 19 86 14 58 76 22 21 41 33 80 65 61 26 18 43 46 96 75 36 20 0 34 5 11 1 63 68 90 99 7 78 67 69 45 91 38 66 9 64 10 98 29 2 53 82 95 59 56 27 79 51 16 70 24 15 54 50 39 57 17 44 4 62 35 8 6 92 25 97 3 47
Coste: -2147482540

GENERACION: 260
Mejor Solucion:  49 40 42 52 37 12 83 74 88 30 77 81 84 87 71 93 31 55 72 13 60 73 48 89 32 23 28 94 85 19 86 14 58 76 22 21 41 33 80 65 61 26 18 43 46 96 75 36 20 0 34 5 11 1 63 68 90 99 7 78 67 69 45 91 38 66 9 64 10 98 29 2 53 82 95 59 56 27 79 51 16 70 24 15 54 50 39 57 17 44 4 62 35 8 6 92 25 97 3 47
Coste: -2147482540

GENERACION: 265
Mejor Solucion:  49 40 42 52 37 12 83 74 88 30 77 81 84 87 71 93 31 55 72 13 60 73 48 89 32 23 28 94 85 19 86 14 58 76 22 21 41 33 80 65 61 26 18 43 46 96 75 36 20 0 34 5 11 1 63 68 90 99 7 78 67 69 45 91 38 66 9 64 10 98 29 2 53 82 95 59 56 27 79 51 16 70 24 15 54 50 39 57 17 44 4 62 35 8 6 92 25 97 3 47
Coste: -2147482540

GENERACION: 270
Mejor Solucion:  49 40 42 52 37 12 83 74 88 30 77 81 84 87 71 93 31 55 72 13 60 73 48 89 32 23 28 94 85 19 86 14 58 76 22 21 41 33 80 65 61 26 18 43 46 96 75 36 20 0 34 5 11 1 63 68 90 99 7 78 67 69 45 91 38 66 9 64 10 98 29 2 53 82 95 59 56 27 79 51 16 70 24 15 54 50 39 57 17 44 4 62 35 8 6 92 25 97 3 47
Coste: -2147482540

GENERACION: 275
Mejor Solucion:  49 40 42 52 37 12 83 74 88 30 77 81 84 87 71 93 31 55 72 13 60 73 48 89 32 23 28 94 85 19 86 14 58 76 22 21 41 33 80 65 61 26 18 43 46 96 75 36 20 0 34 5 11 1 63 68 90 99 7 78 67 69 45 91 38 66 9 64 10 98 29 2 53 82 95 59 56 27 79 51 16 70 24 15 54 50 39 57 17 44 4 62 35 8 6 92 25 97 3 47
Coste: -2147482540

GENERACION: 280
Mejor Solucion:  49 40 42 52 37 12 83 74 88 30 77 81 84 87 71 93 31 55 72 13 60 73 48 89 32 23 28 94 85 19 86 14 58 76 22 21 41 33 80 65 61 26 18 43 46 96 75 36 20 0 34 5 11 1 63 68 90 99 7 78 67 69 45 91 38 66 9 64 10 98 29 2 53 82 95 59 56 27 79 51 16 70 24 15 54 50 39 57 17 44 4 62 35 8 6 92 25 97 3 47
Coste: -2147482540

GENERACION: 285
Mejor Solucion:  49 40 42 52 37 12 83 74 88 30 77 81 84 87 71 93 31 55 72 13 60 73 48 89 32 23 28 94 85 19 86 14 58 76 22 21 41 33 80 65 61 26 18 43 46 96 75 36 20 0 34 5 11 1 63 68 90 99 7 78 67 69 45 91 38 66 9 64 10 98 29 2 53 82 95 59 56 27 79 51 16 70 24 15 54 50 39 57 17 44 4 62 35 8 6 92 25 97 3 47
Coste: -2147482540

GENERACION: 290
Mejor Solucion:  49 40 42 52 37 12 83 74 88 30 77 81 84 87 71 93 31 55 72 13 60 73 48 89 32 23 28 94 85 19 86 14 58 76 22 21 41 33 80 65 61 26 18 43 46 96 75 36 20 0 34 5 11 1 63 68 90 99 7 78 67 69 45 91 38 66 9 64 10 98 29 2 53 82 95 59 56 27 79 51 16 70 24 15 54 50 39 57 17 44 4 62 35 8 6 92 25 97 3 47
Coste: -2147482540

GENERACION: 295
Mejor Solucion:  49 40 42 52 37 12 83 74 88 30 77 81 84 87 71 93 31 55 72 13 60 73 48 89 32 23 28 94 85 19 86 14 58 76 22 21 41 33 80 65 61 26 18 43 46 96 75 36 20 0 34 5 11 1 63 68 90 99 7 78 67 69 45 91 38 66 9 64 10 98 29 2 53 82 95 59 56 27 79 51 16 70 24 15 54 50 39 57 17 44 4 62 35 8 6 92 25 97 3 47
Coste: -2147482540

GENERACION: 300
Mejor Solucion:  49 40 42 52 37 12 83 74 88 30 77 81 84 87 71 93 31 55 72 13 60 73 48 89 32 23 28 94 85 19 86 14 58 76 22 21 41 33 80 65 61 26 18 43 46 96 75 36 20 0 34 5 11 1 63 68 90 99 7 78 67 69 45 91 38 66 9 64 10 98 29 2 53 82 95 59 56 27 79 51 16 70 24 15 54 50 39 57 17 44 4 62 35 8 6 92 25 97 3 47
Coste: -2147482540

GENERACION: 305
Mejor Solucion:  49 40 42 52 37 12 83 74 88 30 77 81 84 87 71 93 31 55 72 13 60 73 48 89 32 23 28 94 85 19 86 14 58 76 22 21 41 33 80 65 61 26 18 43 46 96 75 36 20 0 34 5 11 1 63 68 90 99 7 78 67 69 45 91 38 66 9 64 10 98 29 2 53 82 95 59 56 27 79 51 16 70 24 15 54 50 39 57 17 44 4 62 35 8 6 92 25 97 3 47
Coste: -2147482540

GENERACION: 310
Mejor Solucion:  49 40 42 52 37 12 83 74 88 30 77 81 84 87 71 93 31 55 72 13 60 73 48 89 32 23 28 94 85 19 86 14 58 76 22 21 41 33 80 65 61 26 18 43 46 96 75 36 20 0 34 5 11 1 63 68 90 99 7 78 67 69 45 91 38 66 9 64 10 98 29 2 53 82 95 59 56 27 79 51 16 70 24 15 54 50 39 57 17 44 4 62 35 8 6 92 25 97 3 47
Coste: -2147482540

GENERACION: 315
Mejor Solucion:  49 40 42 52 37 12 83 74 88 30 77 81 84 87 71 93 31 55 72 13 60 73 48 89 32 23 28 94 85 19 86 14 58 76 22 21 41 33 80 65 61 26 18 43 46 96 75 36 20 0 34 5 11 1 63 68 90 99 7 78 67 69 45 91 38 66 9 64 10 98 29 2 53 82 95 59 56 27 79 51 16 70 24 15 54 50 39 57 17 44 4 62 35 8 6 92 25 97 3 47
Coste: -2147482540

GENERACION: 320
Mejor Solucion:  49 40 42 52 37 12 83 74 88 30 77 81 84 87 71 93 31 55 72 13 60 73 48 89 32 23 28 94 85 19 86 14 58 76 22 21 41 33 80 65 61 26 18 43 46 96 75 36 20 0 34 5 11 1 63 68 90 99 7 78 67 69 45 91 38 66 9 64 10 98 29 2 53 82 95 59 56 27 79 51 16 70 24 15 54 50 39 57 17 44 4 62 35 8 6 92 25 97 3 47
Coste: -2147482540

GENERACION: 325
Mejor Solucion:  49 40 42 52 37 12 83 74 88 30 77 81 84 87 71 93 31 55 72 13 60 73 48 89 32 23 28 94 85 19 86 14 58 76 22 21 41 33 80 65 61 26 18 43 46 96 75 36 20 0 34 5 11 1 63 68 90 99 7 78 67 69 45 91 38 66 9 64 10 98 29 2 53 82 95 59 56 27 79 51 16 70 24 15 54 50 39 57 17 44 4 62 35 8 6 92 25 97 3 47
Coste: -2147482540

GENERACION: 330
Mejor Solucion:  49 40 42 52 37 12 83 74 88 30 77 81 84 87 71 93 31 55 72 13 60 73 48 89 32 23 28 94 85 19 86 14 58 76 22 21 41 33 80 65 61 26 18 43 46 96 75 36 20 0 34 5 11 1 63 68 90 99 7 78 67 69 45 91 38 66 9 64 10 98 29 2 53 82 95 59 56 27 79 51 16 70 24 15 54 50 39 57 17 44 4 62 35 8 6 92 25 97 3 47
Coste: -2147482540

GENERACION: 335
Mejor Solucion:  49 40 42 52 37 12 83 74 88 30 77 81 84 87 71 93 31 55 72 13 60 73 48 89 32 23 28 94 85 19 86 14 58 76 22 21 41 33 80 65 61 26 18 43 46 96 75 36 20 0 34 5 11 1 63 68 90 99 7 78 67 69 45 91 38 66 9 64 10 98 29 2 53 82 95 59 56 27 79 51 16 70 24 15 54 50 39 57 17 44 4 62 35 8 6 92 25 97 3 47
Coste: -2147482540

GENERACION: 340
Mejor Solucion:  49 40 42 52 37 12 83 74 88 30 77 81 84 87 71 93 31 55 72 13 60 73 48 89 32 23 28 94 85 19 86 14 58 76 22 21 41 33 80 65 61 26 18 43 46 96 75 36 20 0 34 5 11 1 63 68 90 99 7 78 67 69 45 91 38 66 9 64 10 98 29 2 53 82 95 59 56 27 79 51 16 70 24 15 54 50 39 57 17 44 4 62 35 8 6 92 25 97 3 47
Coste: -2147482540

GENERACION: 345
Mejor Solucion:  49 40 42 52 37 12 83 74 88 30 77 81 84 87 71 93 31 55 72 13 60 73 48 89 32 23 28 94 85 19 86 14 58 76 22 21 41 33 80 65 61 26 18 43 46 96 75 36 20 0 34 5 11 1 63 68 90 99 7 78 67 69 45 91 38 66 9 64 10 98 29 2 53 82 95 59 56 27 79 51 16 70 24 15 54 50 39 57 17 44 4 62 35 8 6 92 25 97 3 47
Coste: -2147482540

GENERACION: 350
Mejor Solucion:  49 40 42 52 37 12 83 74 88 30 77 81 84 87 71 93 31 55 72 13 60 73 48 89 32 23 28 94 85 19 86 14 58 76 22 21 41 33 80 65 61 26 18 43 46 96 75 36 20 0 34 5 11 1 63 68 90 99 7 78 67 69 45 91 38 66 9 64 10 98 29 2 53 82 95 59 56 27 79 51 16 70 24 15 54 50 39 57 17 44 4 62 35 8 6 92 25 97 3 47
Coste: -2147482540

GENERACION: 355
Mejor Solucion:  49 40 42 52 37 12 83 74 88 30 77 81 84 87 71 93 31 55 72 13 60 73 48 89 32 23 28 94 85 19 86 14 58 76 22 21 41 33 80 65 61 26 18 43 46 96 75 36 20 0 34 5 11 1 63 68 90 99 7 78 67 69 45 91 38 66 9 64 10 98 29 2 53 82 95 59 56 27 79 51 16 70 24 15 54 50 39 57 17 44 4 62 35 8 6 92 25 97 3 47
Coste: -2147482540

GENERACION: 360
Mejor Solucion:  49 40 42 52 37 12 83 74 88 30 77 81 84 87 71 93 31 55 72 13 60 73 48 89 32 23 28 94 85 19 86 14 58 76 22 21 41 33 80 65 61 26 18 43 46 96 75 36 20 0 34 5 11 1 63 68 90 99 7 78 67 69 45 91 38 66 9 64 10 98 29 2 53 82 95 59 56 27 79 51 16 70 24 15 54 50 39 57 17 44 4 62 35 8 6 92 25 97 3 47
Coste: -2147482540

GENERACION: 365
Mejor Solucion:  49 40 42 52 37 12 83 74 88 30 77 81 84 87 71 93 31 55 72 13 60 73 48 89 32 23 28 94 85 19 86 14 58 76 22 21 41 33 80 65 61 26 18 43 46 96 75 36 20 0 34 5 11 1 63 68 90 99 7 78 67 69 45 91 38 66 9 64 10 98 29 2 53 82 95 59 56 27 79 51 16 70 24 15 54 50 39 57 17 44 4 62 35 8 6 92 25 97 3 47
Coste: -2147482540

GENERACION: 370
Mejor Solucion:  49 40 42 52 37 12 83 74 88 30 77 81 84 87 71 93 31 55 72 13 60 73 48 89 32 23 28 94 85 19 86 14 58 76 22 21 41 33 80 65 61 26 18 43 46 96 75 36 20 0 34 5 11 1 63 68 90 99 7 78 67 69 45 91 38 66 9 64 10 98 29 2 53 82 95 59 56 27 79 51 16 70 24 15 54 50 39 57 17 44 4 62 35 8 6 92 25 97 3 47
Coste: -2147482540

GENERACION: 375
Mejor Solucion:  49 40 42 52 37 12 83 74 88 30 77 81 84 87 71 93 31 55 72 13 60 73 48 89 32 23 28 94 85 19 86 14 58 76 22 21 41 33 80 65 61 26 18 43 46 96 75 36 20 0 34 5 11 1 63 68 90 99 7 78 67 69 45 91 38 66 9 64 10 98 29 2 53 82 95 59 56 27 79 51 16 70 24 15 54 50 39 57 17 44 4 62 35 8 6 92 25 97 3 47
Coste: -2147482540

GENERACION: 380
Mejor Solucion:  1 51 79 95 37 83 59 74 11 47 49 12 16 82 54 32 91 68 25 89 14 36 58 52 43 64 85 41 21 44 28 10 3 34 57 23 56 84 99 17 7 98 65 20 6 33 93 60 76 88 78 9 35 29 19 80 31 26 18 40 46 77 90 42 0 97 75 8 67 69 4 2 48 5 92 27 30 94 81 86 63 70 66 96 50 45 53 13 71 55 39 24 61 22 72 38 62 15 87 73
Coste: -2147483188

GENERACION: 385
Mejor Solucion:  1 51 79 95 37 83 59 74 11 47 49 12 16 82 54 32 91 68 25 89 14 36 58 52 43 64 85 41 21 44 28 10 3 34 57 23 56 84 99 17 7 98 65 20 6 33 93 60 76 88 78 9 35 29 19 80 31 26 18 40 46 77 90 42 0 97 75 8 67 69 4 2 48 5 92 27 30 94 81 86 63 70 66 96 50 45 53 13 71 55 39 24 61 22 72 38 62 15 87 73
Coste: -2147483188

GENERACION: 390
Mejor Solucion:  1 51 79 95 37 83 59 74 11 47 49 12 16 82 54 32 91 68 25 89 14 36 58 52 43 64 85 41 21 44 28 10 3 34 57 23 56 84 99 17 7 98 65 20 6 33 93 60 76 88 78 9 35 29 19 80 31 26 18 40 46 77 90 42 0 97 75 8 67 69 4 2 48 5 92 27 30 94 81 86 63 70 66 96 50 45 53 13 71 55 39 24 61 22 72 38 62 15 87 73
Coste: -2147483188

GENERACION: 395
Mejor Solucion:  1 51 79 95 37 83 59 74 11 47 49 12 16 82 54 32 91 68 25 89 14 36 58 52 43 64 85 41 21 44 28 10 3 34 57 23 56 84 99 17 7 98 65 20 6 33 93 60 76 88 78 9 35 29 19 80 31 26 18 40 46 77 90 42 0 97 75 8 67 69 4 2 48 5 92 27 30 94 81 86 63 70 66 96 50 45 53 13 71 55 39 24 61 22 72 38 62 15 87 73
Coste: -2147483188

GENERACION: 400
Mejor Solucion:  1 81 33 26 83 49 84 37 40 95 51 47 11 61 90 25 68 91 14 5 0 77 41 38 19 39 74 94 85 79 86 7 98 36 54 69 57 67 55 8 9 22 46 53 60 12 32 2 92 75 58 21 70 16 42 88 65 29 30 23 43 18 97 15 45 48 76 3 34 63 52 13 4 82 73 89 44 64 50 93 27 31 35 24 59 72 62 6 71 99 87 56 78 66 96 10 17 20 80 28
Coste: -2147483428

GENERACION: 405
Mejor Solucion:  1 81 33 26 83 49 84 37 40 95 51 47 11 61 90 25 68 91 14 5 0 77 41 38 19 39 74 94 85 79 86 7 98 36 54 69 57 67 55 8 9 22 46 53 60 12 32 2 92 75 58 21 70 16 42 88 65 29 30 23 43 18 97 15 45 48 76 3 34 63 52 13 4 82 73 89 44 64 50 93 27 31 35 24 59 72 62 6 71 99 87 56 78 66 96 10 17 20 80 28
Coste: -2147483428

GENERACION: 410
Mejor Solucion:  1 81 33 26 83 49 84 37 40 95 51 47 11 61 90 25 68 91 14 5 0 77 41 38 19 39 74 94 85 79 86 7 98 36 54 69 57 67 55 8 9 22 46 53 60 12 32 2 92 75 58 21 70 16 42 88 65 29 30 23 43 18 97 15 45 48 76 3 34 63 52 13 4 82 73 89 44 64 50 93 27 31 35 24 59 72 62 6 71 99 87 56 78 66 96 10 17 20 80 28
Coste: -2147483428

GENERACION: 415
Mejor Solucion:  1 81 33 26 83 49 84 37 40 95 51 47 11 61 90 25 68 91 14 5 0 77 41 38 19 39 74 94 85 79 86 7 98 36 54 69 57 67 55 8 9 22 46 53 60 12 32 2 92 75 58 21 70 16 42 88 65 29 30 23 43 18 97 15 45 48 76 3 34 63 52 13 4 82 73 89 44 64 50 93 27 31 35 24 59 72 62 6 71 99 87 56 78 66 96 10 17 20 80 28
Coste: -2147483428

GENERACION: 420
Mejor Solucion:  1 81 33 26 83 49 84 37 40 95 51 47 11 61 90 25 68 91 14 5 0 77 41 38 19 39 74 94 85 79 86 7 98 36 54 69 57 67 55 8 9 22 46 53 60 12 32 2 92 75 58 21 70 16 42 88 65 29 30 23 43 18 97 15 45 48 76 3 34 63 52 13 4 82 73 89 44 64 50 93 27 31 35 24 59 72 62 6 71 99 87 56 78 66 96 10 17 20 80 28
Coste: -2147483428

GENERACION: 425
Mejor Solucion:  1 81 33 26 83 49 84 37 40 95 51 47 11 61 90 25 68 91 14 5 0 77 41 38 19 39 74 94 85 79 86 7 98 36 54 69 57 67 55 8 9 22 46 53 60 12 32 2 92 75 58 21 70 16 42 88 65 29 30 23 43 18 97 15 45 48 76 3 34 63 52 13 4 82 73 89 44 64 50 93 27 31 35 24 59 72 62 6 71 99 87 56 78 66 96 10 17 20 80 28
Coste: -2147483428

GENERACION: 430
Mejor Solucion:  1 81 33 26 83 49 84 37 40 95 51 47 11 61 90 25 68 91 14 5 0 77 41 38 19 39 74 94 85 79 86 7 98 36 54 69 57 67 55 8 9 22 46 53 60 12 32 2 92 75 58 21 70 16 42 88 65 29 30 23 43 18 97 15 45 48 76 3 34 63 52 13 4 82 73 89 44 64 50 93 27 31 35 24 59 72 62 6 71 99 87 56 78 66 96 10 17 20 80 28
Coste: -2147483428

GENERACION: 435
Mejor Solucion:  1 81 33 26 83 49 84 37 40 95 51 47 11 61 90 25 68 91 14 5 0 77 41 38 19 39 74 94 85 79 86 7 98 36 54 69 57 67 55 8 9 22 46 53 60 12 32 2 92 75 58 21 70 16 42 88 65 29 30 23 43 18 97 15 45 48 76 3 34 63 52 13 4 82 73 89 44 64 50 93 27 31 35 24 59 72 62 6 71 99 87 56 78 66 96 10 17 20 80 28
Coste: -2147483428

GENERACION: 440
Mejor Solucion:  1 81 33 26 83 49 84 37 40 95 51 47 11 61 90 25 68 91 14 5 0 77 41 38 19 39 74 94 85 79 86 7 98 36 54 69 57 67 55 8 9 22 46 53 60 12 32 2 92 75 58 21 70 16 42 88 65 29 30 23 43 18 97 15 45 48 76 3 34 63 52 13 4 82 73 89 44 64 50 93 27 31 35 24 59 72 62 6 71 99 87 56 78 66 96 10 17 20 80 28
Coste: -2147483428

GENERACION: 445
Mejor Solucion:  1 81 33 26 83 49 84 37 40 95 51 47 11 61 90 25 68 91 14 5 0 77 41 38 19 39 74 94 85 79 86 7 98 36 54 69 57 67 55 8 9 22 46 53 60 12 32 2 92 75 58 21 70 16 42 88 65 29 30 23 43 18 97 15 45 48 76 3 34 63 52 13 4 82 73 89 44 64 50 93 27 31 35 24 59 72 62 6 71 99 87 56 78 66 96 10 17 20 80 28
Coste: -2147483428

GENERACION: 450
Mejor Solucion:  1 81 33 26 83 49 84 37 40 95 51 47 11 61 90 25 68 91 14 5 0 77 41 38 19 39 74 94 85 79 86 7 98 36 54 69 57 67 55 8 9 22 46 53 60 12 32 2 92 75 58 21 70 16 42 88 65 29 30 23 43 18 97 15 45 48 76 3 34 63 52 13 4 82 73 89 44 64 50 93 27 31 35 24 59 72 62 6 71 99 87 56 78 66 96 10 17 20 80 28
Coste: -2147483428

GENERACION: 455
Mejor Solucion:  1 81 33 26 83 49 84 37 40 95 51 47 11 61 90 25 68 91 14 5 0 77 41 38 19 39 74 94 85 79 86 7 98 36 54 69 57 67 55 8 9 22 46 53 60 12 32 2 92 75 58 21 70 16 42 88 65 29 30 23 43 18 97 15 45 48 76 3 34 63 52 13 4 82 73 89 44 64 50 93 27 31 35 24 59 72 62 6 71 99 87 56 78 66 96 10 17 20 80 28
Coste: -2147483428

GENERACION: 460
Mejor Solucion:  1 81 33 26 83 49 84 37 40 95 51 47 11 61 90 25 68 91 14 5 0 77 41 38 19 39 74 94 85 79 86 7 98 36 54 69 57 67 55 8 9 22 46 53 60 12 32 2 92 75 58 21 70 16 42 88 65 29 30 23 43 18 97 15 45 48 76 3 34 63 52 13 4 82 73 89 44 64 50 93 27 31 35 24 59 72 62 6 71 99 87 56 78 66 96 10 17 20 80 28
Coste: -2147483428

GENERACION: 465
Mejor Solucion:  1 81 33 26 83 49 84 37 40 95 51 47 11 61 90 25 68 91 14 5 0 77 41 38 19 39 74 94 85 79 86 7 98 36 54 69 57 67 55 8 9 22 46 53 60 12 32 2 92 75 58 21 70 16 42 88 65 29 30 23 43 18 97 15 45 48 76 3 34 63 52 13 4 82 73 89 44 64 50 93 27 31 35 24 59 72 62 6 71 99 87 56 78 66 96 10 17 20 80 28
Coste: -2147483428

GENERACION: 470
Mejor Solucion:  1 81 33 26 83 49 84 37 40 95 51 47 11 61 90 25 68 91 14 5 0 77 41 38 19 39 74 94 85 79 86 7 98 36 54 69 57 67 55 8 9 22 46 53 60 12 32 2 92 75 58 21 70 16 42 88 65 29 30 23 43 18 97 15 45 48 76 3 34 63 52 13 4 82 73 89 44 64 50 93 27 31 35 24 59 72 62 6 71 99 87 56 78 66 96 10 17 20 80 28
Coste: -2147483428

GENERACION: 475
Mejor Solucion:  1 81 33 26 83 49 84 37 40 95 51 47 11 61 90 25 68 91 14 5 0 77 41 38 19 39 74 94 85 79 86 7 98 36 54 69 57 67 55 8 9 22 46 53 60 12 32 2 92 75 58 21 70 16 42 88 65 29 30 23 43 18 97 15 45 48 76 3 34 63 52 13 4 82 73 89 44 64 50 93 27 31 35 24 59 72 62 6 71 99 87 56 78 66 96 10 17 20 80 28
Coste: -2147483428

GENERACION: 480
Mejor Solucion:  1 81 33 26 83 49 84 37 40 95 51 47 11 61 90 25 68 91 14 5 0 77 41 38 19 39 74 94 85 79 86 7 98 36 54 69 57 67 55 8 9 22 46 53 60 12 32 2 92 75 58 21 70 16 42 88 65 29 30 23 43 18 97 15 45 48 76 3 34 63 52 13 4 82 73 89 44 64 50 93 27 31 35 24 59 72 62 6 71 99 87 56 78 66 96 10 17 20 80 28
Coste: -2147483428

GENERACION: 485
Mejor Solucion:  1 81 33 26 83 49 84 37 40 95 51 47 11 61 90 25 68 91 14 5 0 77 41 38 19 39 74 94 85 79 86 7 98 36 54 69 57 67 55 8 9 22 46 53 60 12 32 2 92 75 58 21 70 16 42 88 65 29 30 23 43 18 97 15 45 48 76 3 34 63 52 13 4 82 73 89 44 64 50 93 27 31 35 24 59 72 62 6 71 99 87 56 78 66 96 10 17 20 80 28
Coste: -2147483428

GENERACION: 490
Mejor Solucion:  1 81 33 26 83 49 84 37 40 95 51 47 11 61 90 25 68 91 14 5 0 77 41 38 19 39 74 94 85 79 86 7 98 36 54 69 57 67 55 8 9 22 46 53 60 12 32 2 92 75 58 21 70 16 42 88 65 29 30 23 43 18 97 15 45 48 76 3 34 63 52 13 4 82 73 89 44 64 50 93 27 31 35 24 59 72 62 6 71 99 87 56 78 66 96 10 17 20 80 28
Coste: -2147483428

GENERACION: 495
Mejor Solucion:  1 81 33 26 83 49 84 37 40 95 51 47 11 61 90 25 68 91 14 5 0 77 41 38 19 39 74 94 85 79 86 7 98 36 54 69 57 67 55 8 9 22 46 53 60 12 32 2 92 75 58 21 70 16 42 88 65 29 30 23 43 18 97 15 45 48 76 3 34 63 52 13 4 82 73 89 44 64 50 93 27 31 35 24 59 72 62 6 71 99 87 56 78 66 96 10 17 20 80 28
Coste: -2147483428

GENERACION: 500
Mejor Solucion:  1 81 33 26 83 49 84 37 40 95 51 47 11 61 90 25 68 91 14 5 0 77 41 38 19 39 74 94 85 79 86 7 98 36 54 69 57 67 55 8 9 22 46 53 60 12 32 2 92 75 58 21 70 16 42 88 65 29 30 23 43 18 97 15 45 48 76 3 34 63 52 13 4 82 73 89 44 64 50 93 27 31 35 24 59 72 62 6 71 99 87 56 78 66 96 10 17 20 80 28
Coste: -2147483428

GENERACION: 505
Mejor Solucion:  1 81 33 26 83 49 84 37 40 95 51 47 11 61 90 25 68 91 14 5 0 77 41 38 19 39 74 94 85 79 86 7 98 36 54 69 57 67 55 8 9 22 46 53 60 12 32 2 92 75 58 21 70 16 42 88 65 29 30 23 43 18 97 15 45 48 76 3 34 63 52 13 4 82 73 89 44 64 50 93 27 31 35 24 59 72 62 6 71 99 87 56 78 66 96 10 17 20 80 28
Coste: -2147483428

GENERACION: 510
Mejor Solucion:  1 81 33 26 83 49 84 37 40 95 51 47 11 61 90 25 68 91 14 5 0 77 41 38 19 39 74 94 85 79 86 7 98 36 54 69 57 67 55 8 9 22 46 53 60 12 32 2 92 75 58 21 70 16 42 88 65 29 30 23 43 18 97 15 45 48 76 3 34 63 52 13 4 82 73 89 44 64 50 93 27 31 35 24 59 72 62 6 71 99 87 56 78 66 96 10 17 20 80 28
Coste: -2147483428

GENERACION: 515
Mejor Solucion:  1 81 33 26 83 49 84 37 40 95 51 47 11 61 90 25 68 91 14 5 0 77 41 38 19 39 74 94 85 79 86 7 98 36 54 69 57 67 55 8 9 22 46 53 60 12 32 2 92 75 58 21 70 16 42 88 65 29 30 23 43 18 97 15 45 48 76 3 34 63 52 13 4 82 73 89 44 64 50 93 27 31 35 24 59 72 62 6 71 99 87 56 78 66 96 10 17 20 80 28
Coste: -2147483428

GENERACION: 520
Mejor Solucion:  1 81 33 26 83 49 84 37 40 95 51 47 11 61 90 25 68 91 14 5 0 77 41 38 19 39 74 94 85 79 86 7 98 36 54 69 57 67 55 8 9 22 46 53 60 12 32 2 92 75 58 21 70 16 42 88 65 29 30 23 43 18 97 15 45 48 76 3 34 63 52 13 4 82 73 89 44 64 50 93 27 31 35 24 59 72 62 6 71 99 87 56 78 66 96 10 17 20 80 28
Coste: -2147483428

GENERACION: 525
Mejor Solucion:  1 81 33 26 83 49 84 37 40 95 51 47 11 61 90 25 68 91 14 5 0 77 41 38 19 39 74 94 85 79 86 7 98 36 54 69 57 67 55 8 9 22 46 53 60 12 32 2 92 75 58 21 70 16 42 88 65 29 30 23 43 18 97 15 45 48 76 3 34 63 52 13 4 82 73 89 44 64 50 93 27 31 35 24 59 72 62 6 71 99 87 56 78 66 96 10 17 20 80 28
Coste: -2147483428

GENERACION: 530
Mejor Solucion:  1 81 33 26 83 49 84 37 40 95 51 47 11 61 90 25 68 91 14 5 0 77 41 38 19 39 74 94 85 79 86 7 98 36 54 69 57 67 55 8 9 22 46 53 60 12 32 2 92 75 58 21 70 16 42 88 65 29 30 23 43 18 97 15 45 48 76 3 34 63 52 13 4 82 73 89 44 64 50 93 27 31 35 24 59 72 62 6 71 99 87 56 78 66 96 10 17 20 80 28
Coste: -2147483428

GENERACION: 535
Mejor Solucion:  1 81 33 26 83 49 84 37 40 95 51 47 11 61 90 25 68 91 14 5 0 77 41 38 19 39 74 94 85 79 86 7 98 36 54 69 57 67 55 8 9 22 46 53 60 12 32 2 92 75 58 21 70 16 42 88 65 29 30 23 43 18 97 15 45 48 76 3 34 63 52 13 4 82 73 89 44 64 50 93 27 31 35 24 59 72 62 6 71 99 87 56 78 66 96 10 17 20 80 28
Coste: -2147483428

GENERACION: 540
Mejor Solucion:  1 81 33 26 83 49 84 37 40 95 51 47 11 61 90 25 68 91 14 5 0 77 41 38 19 39 74 94 85 79 86 7 98 36 54 69 57 67 55 8 9 22 46 53 60 12 32 2 92 75 58 21 70 16 42 88 65 29 30 23 43 18 97 15 45 48 76 3 34 63 52 13 4 82 73 89 44 64 50 93 27 31 35 24 59 72 62 6 71 99 87 56 78 66 96 10 17 20 80 28
Coste: -2147483428

GENERACION: 545
Mejor Solucion:  1 81 33 26 83 49 84 37 40 95 51 47 11 61 90 25 68 91 14 5 0 77 41 38 19 39 74 94 85 79 86 7 98 36 54 69 57 67 55 8 9 22 46 53 60 12 32 2 92 75 58 21 70 16 42 88 65 29 30 23 43 18 97 15 45 48 76 3 34 63 52 13 4 82 73 89 44 64 50 93 27 31 35 24 59 72 62 6 71 99 87 56 78 66 96 10 17 20 80 28
Coste: -2147483428

GENERACION: 550
Mejor Solucion:  1 81 33 26 83 49 84 37 40 95 51 47 11 61 90 25 68 91 14 5 0 77 41 38 19 39 74 94 85 79 86 7 98 36 54 69 57 67 55 8 9 22 46 53 60 12 32 2 92 75 58 21 70 16 42 88 65 29 30 23 43 18 97 15 45 48 76 3 34 63 52 13 4 82 73 89 44 64 50 93 27 31 35 24 59 72 62 6 71 99 87 56 78 66 96 10 17 20 80 28
Coste: -2147483428

GENERACION: 555
Mejor Solucion:  1 81 33 26 83 49 84 37 40 95 51 47 11 61 90 25 68 91 14 5 0 77 41 38 19 39 74 94 85 79 86 7 98 36 54 69 57 67 55 8 9 22 46 53 60 12 32 2 92 75 58 21 70 16 42 88 65 29 30 23 43 18 97 15 45 48 76 3 34 63 52 13 4 82 73 89 44 64 50 93 27 31 35 24 59 72 62 6 71 99 87 56 78 66 96 10 17 20 80 28
Coste: -2147483428

GENERACION: 560
Mejor Solucion:  1 81 33 26 83 49 84 37 40 95 51 47 11 61 90 25 68 91 14 5 0 77 41 38 19 39 74 94 85 79 86 7 98 36 54 69 57 67 55 8 9 22 46 53 60 12 32 2 92 75 58 21 70 16 42 88 65 29 30 23 43 18 97 15 45 48 76 3 34 63 52 13 4 82 73 89 44 64 50 93 27 31 35 24 59 72 62 6 71 99 87 56 78 66 96 10 17 20 80 28
Coste: -2147483428

GENERACION: 565
Mejor Solucion:  1 81 33 26 83 49 84 37 40 95 51 47 11 61 90 25 68 91 14 5 0 77 41 38 19 39 74 94 85 79 86 7 98 36 54 69 57 67 55 8 9 22 46 53 60 12 32 2 92 75 58 21 70 16 42 88 65 29 30 23 43 18 97 15 45 48 76 3 34 63 52 13 4 82 73 89 44 64 50 93 27 31 35 24 59 72 62 6 71 99 87 56 78 66 96 10 17 20 80 28
Coste: -2147483428

GENERACION: 570
Mejor Solucion:  1 81 33 26 83 49 84 37 40 95 51 47 11 61 90 25 68 91 14 5 0 77 41 38 19 39 74 94 85 79 86 7 98 36 54 69 57 67 55 8 9 22 46 53 60 12 32 2 92 75 58 21 70 16 42 88 65 29 30 23 43 18 97 15 45 48 76 3 34 63 52 13 4 82 73 89 44 64 50 93 27 31 35 24 59 72 62 6 71 99 87 56 78 66 96 10 17 20 80 28
Coste: -2147483428

GENERACION: 575
Mejor Solucion:  1 81 33 26 83 49 84 37 40 95 51 47 11 61 90 25 68 91 14 5 0 77 41 38 19 39 74 94 85 79 86 7 98 36 54 69 57 67 55 8 9 22 46 53 60 12 32 2 92 75 58 21 70 16 42 88 65 29 30 23 43 18 97 15 45 48 76 3 34 63 52 13 4 82 73 89 44 64 50 93 27 31 35 24 59 72 62 6 71 99 87 56 78 66 96 10 17 20 80 28
Coste: -2147483428

GENERACION: 580
Mejor Solucion:  1 81 33 26 83 49 84 37 40 95 51 47 11 61 90 25 68 91 14 5 0 77 41 38 19 39 74 94 85 79 86 7 98 36 54 69 57 67 55 8 9 22 46 53 60 12 32 2 92 75 58 21 70 16 42 88 65 29 30 23 43 18 97 15 45 48 76 3 34 63 52 13 4 82 73 89 44 64 50 93 27 31 35 24 59 72 62 6 71 99 87 56 78 66 96 10 17 20 80 28
Coste: -2147483428

GENERACION: 585
Mejor Solucion:  1 81 33 26 83 49 84 37 40 95 51 47 11 61 90 25 68 91 14 5 0 77 41 38 19 39 74 94 85 79 86 7 98 36 54 69 57 67 55 8 9 22 46 53 60 12 32 2 92 75 58 21 70 16 42 88 65 29 30 23 43 18 97 15 45 48 76 3 34 63 52 13 4 82 73 89 44 64 50 93 27 31 35 24 59 72 62 6 71 99 87 56 78 66 96 10 17 20 80 28
Coste: -2147483428

GENERACION: 590
Mejor Solucion:  1 81 33 26 83 49 84 37 40 95 51 47 11 61 90 25 68 91 14 5 0 77 41 38 19 39 74 94 85 79 86 7 98 36 54 69 57 67 55 8 9 22 46 53 60 12 32 2 92 75 58 21 70 16 42 88 65 29 30 23 43 18 97 15 45 48 76 3 34 63 52 13 4 82 73 89 44 64 50 93 27 31 35 24 59 72 62 6 71 99 87 56 78 66 96 10 17 20 80 28
Coste: -2147483428

GENERACION: 595
Mejor Solucion:  1 81 33 26 83 49 84 37 40 95 51 47 11 61 90 25 68 91 14 5 0 77 41 38 19 39 74 94 85 79 86 7 98 36 54 69 57 67 55 8 9 22 46 53 60 12 32 2 92 75 58 21 70 16 42 88 65 29 30 23 43 18 97 15 45 48 76 3 34 63 52 13 4 82 73 89 44 64 50 93 27 31 35 24 59 72 62 6 71 99 87 56 78 66 96 10 17 20 80 28
Coste: -2147483428

GENERACION: 600
Mejor Solucion:  1 81 33 26 83 49 84 37 40 95 51 47 11 61 90 25 68 91 14 5 0 77 41 38 19 39 74 94 85 79 86 7 98 36 54 69 57 67 55 8 9 22 46 53 60 12 32 2 92 75 58 21 70 16 42 88 65 29 30 23 43 18 97 15 45 48 76 3 34 63 52 13 4 82 73 89 44 64 50 93 27 31 35 24 59 72 62 6 71 99 87 56 78 66 96 10 17 20 80 28
Coste: -2147483428

GENERACION: 605
Mejor Solucion:  1 81 33 26 83 49 84 37 40 95 51 47 11 61 90 25 68 91 14 5 0 77 41 38 19 39 74 94 85 79 86 7 98 36 54 69 57 67 55 8 9 22 46 53 60 12 32 2 92 75 58 21 70 16 42 88 65 29 30 23 43 18 97 15 45 48 76 3 34 63 52 13 4 82 73 89 44 64 50 93 27 31 35 24 59 72 62 6 71 99 87 56 78 66 96 10 17 20 80 28
Coste: -2147483428

GENERACION: 610
Mejor Solucion:  1 81 33 26 83 49 84 37 40 95 51 47 11 61 90 25 68 91 14 5 0 77 41 38 19 39 74 94 85 79 86 7 98 36 54 69 57 67 55 8 9 22 46 53 60 12 32 2 92 75 58 21 70 16 42 88 65 29 30 23 43 18 97 15 45 48 76 3 34 63 52 13 4 82 73 89 44 64 50 93 27 31 35 24 59 72 62 6 71 99 87 56 78 66 96 10 17 20 80 28
Coste: -2147483428

GENERACION: 615
Mejor Solucion:  1 81 33 26 83 49 84 37 40 95 51 47 11 61 90 25 68 91 14 5 0 77 41 38 19 39 74 94 85 79 86 7 98 36 54 69 57 67 55 8 9 22 46 53 60 12 32 2 92 75 58 21 70 16 42 88 65 29 30 23 43 18 97 15 45 48 76 3 34 63 52 13 4 82 73 89 44 64 50 93 27 31 35 24 59 72 62 6 71 99 87 56 78 66 96 10 17 20 80 28
Coste: -2147483428

GENERACION: 620
Mejor Solucion:  1 81 33 26 83 49 84 37 40 95 51 47 11 61 90 25 68 91 14 5 0 77 41 38 19 39 74 94 85 79 86 7 98 36 54 69 57 67 55 8 9 22 46 53 60 12 32 2 92 75 58 21 70 16 42 88 65 29 30 23 43 18 97 15 45 48 76 3 34 63 52 13 4 82 73 89 44 64 50 93 27 31 35 24 59 72 62 6 71 99 87 56 78 66 96 10 17 20 80 28
Coste: -2147483428

GENERACION: 625
Mejor Solucion:  1 81 33 26 83 49 84 37 40 95 51 47 11 61 90 25 68 91 14 5 0 77 41 38 19 39 74 94 85 79 86 7 98 36 54 69 57 67 55 8 9 22 46 53 60 12 32 2 92 75 58 21 70 16 42 88 65 29 30 23 43 18 97 15 45 48 76 3 34 63 52 13 4 82 73 89 44 64 50 93 27 31 35 24 59 72 62 6 71 99 87 56 78 66 96 10 17 20 80 28
Coste: -2147483428

GENERACION: 630
Mejor Solucion:  1 81 33 26 83 49 84 37 40 95 51 47 11 61 90 25 68 91 14 5 0 77 41 38 19 39 74 94 85 79 86 7 98 36 54 69 57 67 55 8 9 22 46 53 60 12 32 2 92 75 58 21 70 16 42 88 65 29 30 23 43 18 97 15 45 48 76 3 34 63 52 13 4 82 73 89 44 64 50 93 27 31 35 24 59 72 62 6 71 99 87 56 78 66 96 10 17 20 80 28
Coste: -2147483428

GENERACION: 635
Mejor Solucion:  1 81 33 26 83 49 84 37 40 95 51 47 11 61 90 25 68 91 14 5 0 77 41 38 19 39 74 94 85 79 86 7 98 36 54 69 57 67 55 8 9 22 46 53 60 12 32 2 92 75 58 21 70 16 42 88 65 29 30 23 43 18 97 15 45 48 76 3 34 63 52 13 4 82 73 89 44 64 50 93 27 31 35 24 59 72 62 6 71 99 87 56 78 66 96 10 17 20 80 28
Coste: -2147483428

GENERACION: 640
Mejor Solucion:  1 81 33 26 83 49 84 37 40 95 51 47 11 61 90 25 68 91 14 5 0 77 41 38 19 39 74 94 85 79 86 7 98 36 54 69 57 67 55 8 9 22 46 53 60 12 32 2 92 75 58 21 70 16 42 88 65 29 30 23 43 18 97 15 45 48 76 3 34 63 52 13 4 82 73 89 44 64 50 93 27 31 35 24 59 72 62 6 71 99 87 56 78 66 96 10 17 20 80 28
Coste: -2147483428

GENERACION: 645
Mejor Solucion:  1 81 33 26 83 49 84 37 40 95 51 47 11 61 90 25 68 91 14 5 0 77 41 38 19 39 74 94 85 79 86 7 98 36 54 69 57 67 55 8 9 22 46 53 60 12 32 2 92 75 58 21 70 16 42 88 65 29 30 23 43 18 97 15 45 48 76 3 34 63 52 13 4 82 73 89 44 64 50 93 27 31 35 24 59 72 62 6 71 99 87 56 78 66 96 10 17 20 80 28
Coste: -2147483428

GENERACION: 650
Mejor Solucion:  1 81 33 26 83 49 84 37 40 95 51 47 11 61 90 25 68 91 14 5 0 77 41 38 19 39 74 94 85 79 86 7 98 36 54 69 57 67 55 8 9 22 46 53 60 12 32 2 92 75 58 21 70 16 42 88 65 29 30 23 43 18 97 15 45 48 76 3 34 63 52 13 4 82 73 89 44 64 50 93 27 31 35 24 59 72 62 6 71 99 87 56 78 66 96 10 17 20 80 28
Coste: -2147483428

GENERACION: 655
Mejor Solucion:  1 81 33 26 83 49 84 37 40 95 51 47 11 61 90 25 68 91 14 5 0 77 41 38 19 39 74 94 85 79 86 7 98 36 54 69 57 67 55 8 9 22 46 53 60 12 32 2 92 75 58 21 70 16 42 88 65 29 30 23 43 18 97 15 45 48 76 3 34 63 52 13 4 82 73 89 44 64 50 93 27 31 35 24 59 72 62 6 71 99 87 56 78 66 96 10 17 20 80 28
Coste: -2147483428

GENERACION: 660
Mejor Solucion:  1 81 33 26 83 49 84 37 40 95 51 47 11 61 90 25 68 91 14 5 0 77 41 38 19 39 74 94 85 79 86 7 98 36 54 69 57 67 55 8 9 22 46 53 60 12 32 2 92 75 58 21 70 16 42 88 65 29 30 23 43 18 97 15 45 48 76 3 34 63 52 13 4 82 73 89 44 64 50 93 27 31 35 24 59 72 62 6 71 99 87 56 78 66 96 10 17 20 80 28
Coste: -2147483428

GENERACION: 665
Mejor Solucion:  1 81 33 26 83 49 84 37 40 95 51 47 11 61 90 25 68 91 14 5 0 77 41 38 19 39 74 94 85 79 86 7 98 36 54 69 57 67 55 8 9 22 46 53 60 12 32 2 92 75 58 21 70 16 42 88 65 29 30 23 43 18 97 15 45 48 76 3 34 63 52 13 4 82 73 89 44 64 50 93 27 31 35 24 59 72 62 6 71 99 87 56 78 66 96 10 17 20 80 28
Coste: -2147483428

GENERACION: 670
Mejor Solucion:  1 81 33 26 83 49 84 37 40 95 51 47 11 61 90 25 68 91 14 5 0 77 41 38 19 39 74 94 85 79 86 7 98 36 54 69 57 67 55 8 9 22 46 53 60 12 32 2 92 75 58 21 70 16 42 88 65 29 30 23 43 18 97 15 45 48 76 3 34 63 52 13 4 82 73 89 44 64 50 93 27 31 35 24 59 72 62 6 71 99 87 56 78 66 96 10 17 20 80 28
Coste: -2147483428

GENERACION: 675
Mejor Solucion:  1 81 33 26 83 49 84 37 40 95 51 47 11 61 90 25 68 91 14 5 0 77 41 38 19 39 74 94 85 79 86 7 98 36 54 69 57 67 55 8 9 22 46 53 60 12 32 2 92 75 58 21 70 16 42 88 65 29 30 23 43 18 97 15 45 48 76 3 34 63 52 13 4 82 73 89 44 64 50 93 27 31 35 24 59 72 62 6 71 99 87 56 78 66 96 10 17 20 80 28
Coste: -2147483428

GENERACION: 680
Mejor Solucion:  1 81 33 26 83 49 84 37 40 95 51 47 11 61 90 25 68 91 14 5 0 77 41 38 19 39 74 94 85 79 86 7 98 36 54 69 57 67 55 8 9 22 46 53 60 12 32 2 92 75 58 21 70 16 42 88 65 29 30 23 43 18 97 15 45 48 76 3 34 63 52 13 4 82 73 89 44 64 50 93 27 31 35 24 59 72 62 6 71 99 87 56 78 66 96 10 17 20 80 28
Coste: -2147483428

GENERACION: 685
Mejor Solucion:  1 81 33 26 83 49 84 37 40 95 51 47 11 61 90 25 68 91 14 5 0 77 41 38 19 39 74 94 85 79 86 7 98 36 54 69 57 67 55 8 9 22 46 53 60 12 32 2 92 75 58 21 70 16 42 88 65 29 30 23 43 18 97 15 45 48 76 3 34 63 52 13 4 82 73 89 44 64 50 93 27 31 35 24 59 72 62 6 71 99 87 56 78 66 96 10 17 20 80 28
Coste: -2147483428

GENERACION: 690
Mejor Solucion:  1 81 33 26 83 49 84 37 40 95 51 47 11 61 90 25 68 91 14 5 0 77 41 38 19 39 74 94 85 79 86 7 98 36 54 69 57 67 55 8 9 22 46 53 60 12 32 2 92 75 58 21 70 16 42 88 65 29 30 23 43 18 97 15 45 48 76 3 34 63 52 13 4 82 73 89 44 64 50 93 27 31 35 24 59 72 62 6 71 99 87 56 78 66 96 10 17 20 80 28
Coste: -2147483428

GENERACION: 695
Mejor Solucion:  1 81 33 26 83 49 84 37 40 95 51 47 11 61 90 25 68 91 14 5 0 77 41 38 19 39 74 94 85 79 86 7 98 36 54 69 57 67 55 8 9 22 46 53 60 12 32 2 92 75 58 21 70 16 42 88 65 29 30 23 43 18 97 15 45 48 76 3 34 63 52 13 4 82 73 89 44 64 50 93 27 31 35 24 59 72 62 6 71 99 87 56 78 66 96 10 17 20 80 28
Coste: -2147483428

GENERACION: 700
Mejor Solucion:  1 81 33 26 83 49 84 37 40 95 51 47 11 61 90 25 68 91 14 5 0 77 41 38 19 39 74 94 85 79 86 7 98 36 54 69 57 67 55 8 9 22 46 53 60 12 32 2 92 75 58 21 70 16 42 88 65 29 30 23 43 18 97 15 45 48 76 3 34 63 52 13 4 82 73 89 44 64 50 93 27 31 35 24 59 72 62 6 71 99 87 56 78 66 96 10 17 20 80 28
Coste: -2147483428

GENERACION: 705
Mejor Solucion:  1 81 33 26 83 49 84 37 40 95 51 47 11 61 90 25 68 91 14 5 0 77 41 38 19 39 74 94 85 79 86 7 98 36 54 69 57 67 55 8 9 22 46 53 60 12 32 2 92 75 58 21 70 16 42 88 65 29 30 23 43 18 97 15 45 48 76 3 34 63 52 13 4 82 73 89 44 64 50 93 27 31 35 24 59 72 62 6 71 99 87 56 78 66 96 10 17 20 80 28
Coste: -2147483428

GENERACION: 710
Mejor Solucion:  1 81 33 26 83 49 84 37 40 95 51 47 11 61 90 25 68 91 14 5 0 77 41 38 19 39 74 94 85 79 86 7 98 36 54 69 57 67 55 8 9 22 46 53 60 12 32 2 92 75 58 21 70 16 42 88 65 29 30 23 43 18 97 15 45 48 76 3 34 63 52 13 4 82 73 89 44 64 50 93 27 31 35 24 59 72 62 6 71 99 87 56 78 66 96 10 17 20 80 28
Coste: -2147483428

GENERACION: 715
Mejor Solucion:  1 81 33 26 83 49 84 37 40 95 51 47 11 61 90 25 68 91 14 5 0 77 41 38 19 39 74 94 85 79 86 7 98 36 54 69 57 67 55 8 9 22 46 53 60 12 32 2 92 75 58 21 70 16 42 88 65 29 30 23 43 18 97 15 45 48 76 3 34 63 52 13 4 82 73 89 44 64 50 93 27 31 35 24 59 72 62 6 71 99 87 56 78 66 96 10 17 20 80 28
Coste: -2147483428

GENERACION: 720
Mejor Solucion:  1 81 33 26 83 49 84 37 40 95 51 47 11 61 90 25 68 91 14 5 0 77 41 38 19 39 74 94 85 79 86 7 98 36 54 69 57 67 55 8 9 22 46 53 60 12 32 2 92 75 58 21 70 16 42 88 65 29 30 23 43 18 97 15 45 48 76 3 34 63 52 13 4 82 73 89 44 64 50 93 27 31 35 24 59 72 62 6 71 99 87 56 78 66 96 10 17 20 80 28
Coste: -2147483428

GENERACION: 725
Mejor Solucion:  1 81 33 26 83 49 84 37 40 95 51 47 11 61 90 25 68 91 14 5 0 77 41 38 19 39 74 94 85 79 86 7 98 36 54 69 57 67 55 8 9 22 46 53 60 12 32 2 92 75 58 21 70 16 42 88 65 29 30 23 43 18 97 15 45 48 76 3 34 63 52 13 4 82 73 89 44 64 50 93 27 31 35 24 59 72 62 6 71 99 87 56 78 66 96 10 17 20 80 28
Coste: -2147483428

GENERACION: 730
Mejor Solucion:  1 81 33 26 83 49 84 37 40 95 51 47 11 61 90 25 68 91 14 5 0 77 41 38 19 39 74 94 85 79 86 7 98 36 54 69 57 67 55 8 9 22 46 53 60 12 32 2 92 75 58 21 70 16 42 88 65 29 30 23 43 18 97 15 45 48 76 3 34 63 52 13 4 82 73 89 44 64 50 93 27 31 35 24 59 72 62 6 71 99 87 56 78 66 96 10 17 20 80 28
Coste: -2147483428

GENERACION: 735
Mejor Solucion:  1 81 33 26 83 49 84 37 40 95 51 47 11 61 90 25 68 91 14 5 0 77 41 38 19 39 74 94 85 79 86 7 98 36 54 69 57 67 55 8 9 22 46 53 60 12 32 2 92 75 58 21 70 16 42 88 65 29 30 23 43 18 97 15 45 48 76 3 34 63 52 13 4 82 73 89 44 64 50 93 27 31 35 24 59 72 62 6 71 99 87 56 78 66 96 10 17 20 80 28
Coste: -2147483428

GENERACION: 740
Mejor Solucion:  1 81 33 26 83 49 84 37 40 95 51 47 11 61 90 25 68 91 14 5 0 77 41 38 19 39 74 94 85 79 86 7 98 36 54 69 57 67 55 8 9 22 46 53 60 12 32 2 92 75 58 21 70 16 42 88 65 29 30 23 43 18 97 15 45 48 76 3 34 63 52 13 4 82 73 89 44 64 50 93 27 31 35 24 59 72 62 6 71 99 87 56 78 66 96 10 17 20 80 28
Coste: -2147483428

GENERACION: 745
Mejor Solucion:  1 81 33 26 83 49 84 37 40 95 51 47 11 61 90 25 68 91 14 5 0 77 41 38 19 39 74 94 85 79 86 7 98 36 54 69 57 67 55 8 9 22 46 53 60 12 32 2 92 75 58 21 70 16 42 88 65 29 30 23 43 18 97 15 45 48 76 3 34 63 52 13 4 82 73 89 44 64 50 93 27 31 35 24 59 72 62 6 71 99 87 56 78 66 96 10 17 20 80 28
Coste: -2147483428

GENERACION: 750
Mejor Solucion:  1 81 33 26 83 49 84 37 40 95 51 47 11 61 90 25 68 91 14 5 0 77 41 38 19 39 74 94 85 79 86 7 98 36 54 69 57 67 55 8 9 22 46 53 60 12 32 2 92 75 58 21 70 16 42 88 65 29 30 23 43 18 97 15 45 48 76 3 34 63 52 13 4 82 73 89 44 64 50 93 27 31 35 24 59 72 62 6 71 99 87 56 78 66 96 10 17 20 80 28
Coste: -2147483428

GENERACION: 755
Mejor Solucion:  1 81 33 26 83 49 84 37 40 95 51 47 11 61 90 25 68 91 14 5 0 77 41 38 19 39 74 94 85 79 86 7 98 36 54 69 57 67 55 8 9 22 46 53 60 12 32 2 92 75 58 21 70 16 42 88 65 29 30 23 43 18 97 15 45 48 76 3 34 63 52 13 4 82 73 89 44 64 50 93 27 31 35 24 59 72 62 6 71 99 87 56 78 66 96 10 17 20 80 28
Coste: -2147483428

GENERACION: 760
Mejor Solucion:  1 81 33 26 83 49 84 37 40 95 51 47 11 61 90 25 68 91 14 5 0 77 41 38 19 39 74 94 85 79 86 7 98 36 54 69 57 67 55 8 9 22 46 53 60 12 32 2 92 75 58 21 70 16 42 88 65 29 30 23 43 18 97 15 45 48 76 3 34 63 52 13 4 82 73 89 44 64 50 93 27 31 35 24 59 72 62 6 71 99 87 56 78 66 96 10 17 20 80 28
Coste: -2147483428

GENERACION: 765
Mejor Solucion:  1 81 33 26 83 49 84 37 40 95 51 47 11 61 90 25 68 91 14 5 0 77 41 38 19 39 74 94 85 79 86 7 98 36 54 69 57 67 55 8 9 22 46 53 60 12 32 2 92 75 58 21 70 16 42 88 65 29 30 23 43 18 97 15 45 48 76 3 34 63 52 13 4 82 73 89 44 64 50 93 27 31 35 24 59 72 62 6 71 99 87 56 78 66 96 10 17 20 80 28
Coste: -2147483428

GENERACION: 770
Mejor Solucion:  1 81 33 26 83 49 84 37 40 95 51 47 11 61 90 25 68 91 14 5 0 77 41 38 19 39 74 94 85 79 86 7 98 36 54 69 57 67 55 8 9 22 46 53 60 12 32 2 92 75 58 21 70 16 42 88 65 29 30 23 43 18 97 15 45 48 76 3 34 63 52 13 4 82 73 89 44 64 50 93 27 31 35 24 59 72 62 6 71 99 87 56 78 66 96 10 17 20 80 28
Coste: -2147483428

GENERACION: 775
Mejor Solucion:  1 81 33 26 83 49 84 37 40 95 51 47 11 61 90 25 68 91 14 5 0 77 41 38 19 39 74 94 85 79 86 7 98 36 54 69 57 67 55 8 9 22 46 53 60 12 32 2 92 75 58 21 70 16 42 88 65 29 30 23 43 18 97 15 45 48 76 3 34 63 52 13 4 82 73 89 44 64 50 93 27 31 35 24 59 72 62 6 71 99 87 56 78 66 96 10 17 20 80 28
Coste: -2147483428

GENERACION: 780
Mejor Solucion:  1 81 33 26 83 49 84 37 40 95 51 47 11 61 90 25 68 91 14 5 0 77 41 38 19 39 74 94 85 79 86 7 98 36 54 69 57 67 55 8 9 22 46 53 60 12 32 2 92 75 58 21 70 16 42 88 65 29 30 23 43 18 97 15 45 48 76 3 34 63 52 13 4 82 73 89 44 64 50 93 27 31 35 24 59 72 62 6 71 99 87 56 78 66 96 10 17 20 80 28
Coste: -2147483428

GENERACION: 785
Mejor Solucion:  1 81 33 26 83 49 84 37 40 95 51 47 11 61 90 25 68 91 14 5 0 77 41 38 19 39 74 94 85 79 86 7 98 36 54 69 57 67 55 8 9 22 46 53 60 12 32 2 92 75 58 21 70 16 42 88 65 29 30 23 43 18 97 15 45 48 76 3 34 63 52 13 4 82 73 89 44 64 50 93 27 31 35 24 59 72 62 6 71 99 87 56 78 66 96 10 17 20 80 28
Coste: -2147483428

GENERACION: 790
Mejor Solucion:  84 88 93 47 77 44 28 81 73 14 86 8 87 57 78 52 22 51 43 65 33 49 15 18 35 59 74 83 79 37 85 54 56 76 58 42 40 46 13 10 5 98 99 6 82 0 19 68 48 92 50 20 30 72 75 69 1 32 29 9 64 26 60 36 41 62 67 80 21 16 94 96 23 66 11 2 89 38 97 95 90 7 53 17 27 39 63 91 3 55 34 70 4 71 24 45 61 31 25 12
Coste: -2147483449

GENERACION: 795
Mejor Solucion:  84 88 93 47 77 44 28 81 73 14 86 8 87 57 78 52 22 51 43 65 33 49 15 18 35 59 74 83 79 37 85 54 56 76 58 42 40 46 13 10 5 98 99 6 82 0 19 68 48 92 50 20 30 72 75 69 1 32 29 9 64 26 60 36 41 62 67 80 21 16 94 96 23 66 11 2 89 38 97 95 90 7 53 17 27 39 63 91 3 55 34 70 4 71 24 45 61 31 25 12
Coste: -2147483449

GENERACION: 800
Mejor Solucion:  84 88 93 47 77 44 28 81 73 14 86 8 87 57 78 52 22 51 43 65 33 49 15 18 35 59 74 83 79 37 85 54 56 76 58 42 40 46 13 10 5 98 99 6 82 0 19 68 48 92 50 20 30 72 75 69 1 32 29 9 64 26 60 36 41 62 67 80 21 16 94 96 23 66 11 2 89 38 97 95 90 7 53 17 27 39 63 91 3 55 34 70 4 71 24 45 61 31 25 12
Coste: -2147483449

GENERACION: 805
Mejor Solucion:  84 88 93 47 77 44 28 81 73 14 86 8 87 57 78 52 22 51 43 65 33 49 15 18 35 59 74 83 79 37 85 54 56 76 58 42 40 46 13 10 5 98 99 6 82 0 19 68 48 92 50 20 30 72 75 69 1 32 29 9 64 26 60 36 41 62 67 80 21 16 94 96 23 66 11 2 89 38 97 95 90 7 53 17 27 39 63 91 3 55 34 70 4 71 24 45 61 31 25 12
Coste: -2147483449

GENERACION: 810
Mejor Solucion:  84 88 93 47 77 44 28 81 73 14 86 8 87 57 78 52 22 51 43 65 33 49 15 18 35 59 74 83 79 37 85 54 56 76 58 42 40 46 13 10 5 98 99 6 82 0 19 68 48 92 50 20 30 72 75 69 1 32 29 9 64 26 60 36 41 62 67 80 21 16 94 96 23 66 11 2 89 38 97 95 90 7 53 17 27 39 63 91 3 55 34 70 4 71 24 45 61 31 25 12
Coste: -2147483449

GENERACION: 815
Mejor Solucion:  84 88 93 47 77 44 28 81 73 14 86 8 87 57 78 52 22 51 43 65 33 49 15 18 35 59 74 83 79 37 85 54 56 76 58 42 40 46 13 10 5 98 99 6 82 0 19 68 48 92 50 20 30 72 75 69 1 32 29 9 64 26 60 36 41 62 67 80 21 16 94 96 23 66 11 2 89 38 97 95 90 7 53 17 27 39 63 91 3 55 34 70 4 71 24 45 61 31 25 12
Coste: -2147483449

GENERACION: 820
Mejor Solucion:  84 88 93 47 77 44 28 81 73 14 86 8 87 57 78 52 22 51 43 65 33 49 15 18 35 59 74 83 79 37 85 54 56 76 58 42 40 46 13 10 5 98 99 6 82 0 19 68 48 92 50 20 30 72 75 69 1 32 29 9 64 26 60 36 41 62 67 80 21 16 94 96 23 66 11 2 89 38 97 95 90 7 53 17 27 39 63 91 3 55 34 70 4 71 24 45 61 31 25 12
Coste: -2147483449

GENERACION: 825
Mejor Solucion:  84 88 93 47 77 44 28 81 73 14 86 8 87 57 78 52 22 51 43 65 33 49 15 18 35 59 74 83 79 37 85 54 56 76 58 42 40 46 13 10 5 98 99 6 82 0 19 68 48 92 50 20 30 72 75 69 1 32 29 9 64 26 60 36 41 62 67 80 21 16 94 96 23 66 11 2 89 38 97 95 90 7 53 17 27 39 63 91 3 55 34 70 4 71 24 45 61 31 25 12
Coste: -2147483449

GENERACION: 830
Mejor Solucion:  84 88 93 47 77 44 28 81 73 14 86 8 87 57 78 52 22 51 43 65 33 49 15 18 35 59 74 83 79 37 85 54 56 76 58 42 40 46 13 10 5 98 99 6 82 0 19 68 48 92 50 20 30 72 75 69 1 32 29 9 64 26 60 36 41 62 67 80 21 16 94 96 23 66 11 2 89 38 97 95 90 7 53 17 27 39 63 91 3 55 34 70 4 71 24 45 61 31 25 12
Coste: -2147483449

GENERACION: 835
Mejor Solucion:  84 88 93 47 77 44 28 81 73 14 86 8 87 57 78 52 22 51 43 65 33 49 15 18 35 59 74 83 79 37 85 54 56 76 58 42 40 46 13 10 5 98 99 6 82 0 19 68 48 92 50 20 30 72 75 69 1 32 29 9 64 26 60 36 41 62 67 80 21 16 94 96 23 66 11 2 89 38 97 95 90 7 53 17 27 39 63 91 3 55 34 70 4 71 24 45 61 31 25 12
Coste: -2147483449

GENERACION: 840
Mejor Solucion:  84 88 93 47 77 44 28 81 73 14 86 8 87 57 78 52 22 51 43 65 33 49 15 18 35 59 74 83 79 37 85 54 56 76 58 42 40 46 13 10 5 98 99 6 82 0 19 68 48 92 50 20 30 72 75 69 1 32 29 9 64 26 60 36 41 62 67 80 21 16 94 96 23 66 11 2 89 38 97 95 90 7 53 17 27 39 63 91 3 55 34 70 4 71 24 45 61 31 25 12
Coste: -2147483449

GENERACION: 845
Mejor Solucion:  84 88 93 47 77 44 28 81 73 14 86 8 87 57 78 52 22 51 43 65 33 49 15 18 35 59 74 83 79 37 85 54 56 76 58 42 40 46 13 10 5 98 99 6 82 0 19 68 48 92 50 20 30 72 75 69 1 32 29 9 64 26 60 36 41 62 67 80 21 16 94 96 23 66 11 2 89 38 97 95 90 7 53 17 27 39 63 91 3 55 34 70 4 71 24 45 61 31 25 12
Coste: -2147483449

GENERACION: 850
Mejor Solucion:  84 88 93 47 77 44 28 81 73 14 86 8 87 57 78 52 22 51 43 65 33 49 15 18 35 59 74 83 79 37 85 54 56 76 58 42 40 46 13 10 5 98 99 6 82 0 19 68 48 92 50 20 30 72 75 69 1 32 29 9 64 26 60 36 41 62 67 80 21 16 94 96 23 66 11 2 89 38 97 95 90 7 53 17 27 39 63 91 3 55 34 70 4 71 24 45 61 31 25 12
Coste: -2147483449

GENERACION: 855
Mejor Solucion:  84 88 93 47 77 44 28 81 73 14 86 8 87 57 78 52 22 51 43 65 33 49 15 18 35 59 74 83 79 37 85 54 56 76 58 42 40 46 13 10 5 98 99 6 82 0 19 68 48 92 50 20 30 72 75 69 1 32 29 9 64 26 60 36 41 62 67 80 21 16 94 96 23 66 11 2 89 38 97 95 90 7 53 17 27 39 63 91 3 55 34 70 4 71 24 45 61 31 25 12
Coste: -2147483449

GENERACION: 860
Mejor Solucion:  84 88 93 47 77 44 28 81 73 14 86 8 87 57 78 52 22 51 43 65 33 49 15 18 35 59 74 83 79 37 85 54 56 76 58 42 40 46 13 10 5 98 99 6 82 0 19 68 48 92 50 20 30 72 75 69 1 32 29 9 64 26 60 36 41 62 67 80 21 16 94 96 23 66 11 2 89 38 97 95 90 7 53 17 27 39 63 91 3 55 34 70 4 71 24 45 61 31 25 12
Coste: -2147483449

GENERACION: 865
Mejor Solucion:  84 88 93 47 77 44 28 81 73 14 86 8 87 57 78 52 22 51 43 65 33 49 15 18 35 59 74 83 79 37 85 54 56 76 58 42 40 46 13 10 5 98 99 6 82 0 19 68 48 92 50 20 30 72 75 69 1 32 29 9 64 26 60 36 41 62 67 80 21 16 94 96 23 66 11 2 89 38 97 95 90 7 53 17 27 39 63 91 3 55 34 70 4 71 24 45 61 31 25 12
Coste: -2147483449

GENERACION: 870
Mejor Solucion:  84 88 93 47 77 44 28 81 73 14 86 8 87 57 78 52 22 51 43 65 33 49 15 18 35 59 74 83 79 37 85 54 56 76 58 42 40 46 13 10 5 98 99 6 82 0 19 68 48 92 50 20 30 72 75 69 1 32 29 9 64 26 60 36 41 62 67 80 21 16 94 96 23 66 11 2 89 38 97 95 90 7 53 17 27 39 63 91 3 55 34 70 4 71 24 45 61 31 25 12
Coste: -2147483449

GENERACION: 875
Mejor Solucion:  84 88 93 47 77 44 28 81 73 14 86 8 87 57 78 52 22 51 43 65 33 49 15 18 35 59 74 83 79 37 85 54 56 76 58 42 40 46 13 10 5 98 99 6 82 0 19 68 48 92 50 20 30 72 75 69 1 32 29 9 64 26 60 36 41 62 67 80 21 16 94 96 23 66 11 2 89 38 97 95 90 7 53 17 27 39 63 91 3 55 34 70 4 71 24 45 61 31 25 12
Coste: -2147483449

GENERACION: 880
Mejor Solucion:  84 88 93 47 77 44 28 81 73 14 86 8 87 57 78 52 22 51 43 65 33 49 15 18 35 59 74 83 79 37 85 54 56 76 58 42 40 46 13 10 5 98 99 6 82 0 19 68 48 92 50 20 30 72 75 69 1 32 29 9 64 26 60 36 41 62 67 80 21 16 94 96 23 66 11 2 89 38 97 95 90 7 53 17 27 39 63 91 3 55 34 70 4 71 24 45 61 31 25 12
Coste: -2147483449

GENERACION: 885
Mejor Solucion:  84 88 93 47 77 44 28 81 73 14 86 8 87 57 78 52 22 51 43 65 33 49 15 18 35 59 74 83 79 37 85 54 56 76 58 42 40 46 13 10 5 98 99 6 82 0 19 68 48 92 50 20 30 72 75 69 1 32 29 9 64 26 60 36 41 62 67 80 21 16 94 96 23 66 11 2 89 38 97 95 90 7 53 17 27 39 63 91 3 55 34 70 4 71 24 45 61 31 25 12
Coste: -2147483449

GENERACION: 890
Mejor Solucion:  84 88 93 47 77 44 28 81 73 14 86 8 87 57 78 52 22 51 43 65 33 49 15 18 35 59 74 83 79 37 85 54 56 76 58 42 40 46 13 10 5 98 99 6 82 0 19 68 48 92 50 20 30 72 75 69 1 32 29 9 64 26 60 36 41 62 67 80 21 16 94 96 23 66 11 2 89 38 97 95 90 7 53 17 27 39 63 91 3 55 34 70 4 71 24 45 61 31 25 12
Coste: -2147483449

GENERACION: 895
Mejor Solucion:  84 88 93 47 77 44 28 81 73 14 86 8 87 57 78 52 22 51 43 65 33 49 15 18 35 59 74 83 79 37 85 54 56 76 58 42 40 46 13 10 5 98 99 6 82 0 19 68 48 92 50 20 30 72 75 69 1 32 29 9 64 26 60 36 41 62 67 80 21 16 94 96 23 66 11 2 89 38 97 95 90 7 53 17 27 39 63 91 3 55 34 70 4 71 24 45 61 31 25 12
Coste: -2147483449

GENERACION: 900
Mejor Solucion:  84 88 93 47 77 44 28 81 73 14 86 8 87 57 78 52 22 51 43 65 33 49 15 18 35 59 74 83 79 37 85 54 56 76 58 42 40 46 13 10 5 98 99 6 82 0 19 68 48 92 50 20 30 72 75 69 1 32 29 9 64 26 60 36 41 62 67 80 21 16 94 96 23 66 11 2 89 38 97 95 90 7 53 17 27 39 63 91 3 55 34 70 4 71 24 45 61 31 25 12
Coste: -2147483449

GENERACION: 905
Mejor Solucion:  84 88 93 47 77 44 28 81 73 14 86 8 87 57 78 52 22 51 43 65 33 49 15 18 35 59 74 83 79 37 85 54 56 76 58 42 40 46 13 10 5 98 99 6 82 0 19 68 48 92 50 20 30 72 75 69 1 32 29 9 64 26 60 36 41 62 67 80 21 16 94 96 23 66 11 2 89 38 97 95 90 7 53 17 27 39 63 91 3 55 34 70 4 71 24 45 61 31 25 12
Coste: -2147483449

GENERACION: 910
Mejor Solucion:  84 88 93 47 77 44 28 81 73 14 86 8 87 57 78 52 22 51 43 65 33 49 15 18 35 59 74 83 79 37 85 54 56 76 58 42 40 46 13 10 5 98 99 6 82 0 19 68 48 92 50 20 30 72 75 69 1 32 29 9 64 26 60 36 41 62 67 80 21 16 94 96 23 66 11 2 89 38 97 95 90 7 53 17 27 39 63 91 3 55 34 70 4 71 24 45 61 31 25 12
Coste: -2147483449

GENERACION: 915
Mejor Solucion:  84 88 93 47 77 44 28 81 73 14 86 8 87 57 78 52 22 51 43 65 33 49 15 18 35 59 74 83 79 37 85 54 56 76 58 42 40 46 13 10 5 98 99 6 82 0 19 68 48 92 50 20 30 72 75 69 1 32 29 9 64 26 60 36 41 62 67 80 21 16 94 96 23 66 11 2 89 38 97 95 90 7 53 17 27 39 63 91 3 55 34 70 4 71 24 45 61 31 25 12
Coste: -2147483449

GENERACION: 920
Mejor Solucion:  84 88 93 47 77 44 28 81 73 14 86 8 87 57 78 52 22 51 43 65 33 49 15 18 35 59 74 83 79 37 85 54 56 76 58 42 40 46 13 10 5 98 99 6 82 0 19 68 48 92 50 20 30 72 75 69 1 32 29 9 64 26 60 36 41 62 67 80 21 16 94 96 23 66 11 2 89 38 97 95 90 7 53 17 27 39 63 91 3 55 34 70 4 71 24 45 61 31 25 12
Coste: -2147483449

GENERACION: 925
Mejor Solucion:  84 88 93 47 77 44 28 81 73 14 86 8 87 57 78 52 22 51 43 65 33 49 15 18 35 59 74 83 79 37 85 54 56 76 58 42 40 46 13 10 5 98 99 6 82 0 19 68 48 92 50 20 30 72 75 69 1 32 29 9 64 26 60 36 41 62 67 80 21 16 94 96 23 66 11 2 89 38 97 95 90 7 53 17 27 39 63 91 3 55 34 70 4 71 24 45 61 31 25 12
Coste: -2147483449

GENERACION: 930
Mejor Solucion:  84 88 93 47 77 44 28 81 73 14 86 8 87 57 78 52 22 51 43 65 33 49 15 18 35 59 74 83 79 37 85 54 56 76 58 42 40 46 13 10 5 98 99 6 82 0 19 68 48 92 50 20 30 72 75 69 1 32 29 9 64 26 60 36 41 62 67 80 21 16 94 96 23 66 11 2 89 38 97 95 90 7 53 17 27 39 63 91 3 55 34 70 4 71 24 45 61 31 25 12
Coste: -2147483449

GENERACION: 935
Mejor Solucion:  84 88 93 47 77 44 28 81 73 14 86 8 87 57 78 52 22 51 43 65 33 49 15 18 35 59 74 83 79 37 85 54 56 76 58 42 40 46 13 10 5 98 99 6 82 0 19 68 48 92 50 20 30 72 75 69 1 32 29 9 64 26 60 36 41 62 67 80 21 16 94 96 23 66 11 2 89 38 97 95 90 7 53 17 27 39 63 91 3 55 34 70 4 71 24 45 61 31 25 12
Coste: -2147483449

GENERACION: 940
Mejor Solucion:  84 88 93 47 77 44 28 81 73 14 86 8 87 57 78 52 22 51 43 65 33 49 15 18 35 59 74 83 79 37 85 54 56 76 58 42 40 46 13 10 5 98 99 6 82 0 19 68 48 92 50 20 30 72 75 69 1 32 29 9 64 26 60 36 41 62 67 80 21 16 94 96 23 66 11 2 89 38 97 95 90 7 53 17 27 39 63 91 3 55 34 70 4 71 24 45 61 31 25 12
Coste: -2147483449

GENERACION: 945
Mejor Solucion:  84 88 93 47 77 44 28 81 73 14 86 8 87 57 78 52 22 51 43 65 33 49 15 18 35 59 74 83 79 37 85 54 56 76 58 42 40 46 13 10 5 98 99 6 82 0 19 68 48 92 50 20 30 72 75 69 1 32 29 9 64 26 60 36 41 62 67 80 21 16 94 96 23 66 11 2 89 38 97 95 90 7 53 17 27 39 63 91 3 55 34 70 4 71 24 45 61 31 25 12
Coste: -2147483449

GENERACION: 950
Mejor Solucion:  84 88 93 47 77 44 28 81 73 14 86 8 87 57 78 52 22 51 43 65 33 49 15 18 35 59 74 83 79 37 85 54 56 76 58 42 40 46 13 10 5 98 99 6 82 0 19 68 48 92 50 20 30 72 75 69 1 32 29 9 64 26 60 36 41 62 67 80 21 16 94 96 23 66 11 2 89 38 97 95 90 7 53 17 27 39 63 91 3 55 34 70 4 71 24 45 61 31 25 12
Coste: -2147483449

GENERACION: 955
Mejor Solucion:  84 88 93 47 77 44 28 81 73 14 86 8 87 57 78 52 22 51 43 65 33 49 15 18 35 59 74 83 79 37 85 54 56 76 58 42 40 46 13 10 5 98 99 6 82 0 19 68 48 92 50 20 30 72 75 69 1 32 29 9 64 26 60 36 41 62 67 80 21 16 94 96 23 66 11 2 89 38 97 95 90 7 53 17 27 39 63 91 3 55 34 70 4 71 24 45 61 31 25 12
Coste: -2147483449

GENERACION: 960
Mejor Solucion:  84 88 93 47 77 44 28 81 73 14 86 8 87 57 78 52 22 51 43 65 33 49 15 18 35 59 74 83 79 37 85 54 56 76 58 42 40 46 13 10 5 98 99 6 82 0 19 68 48 92 50 20 30 72 75 69 1 32 29 9 64 26 60 36 41 62 67 80 21 16 94 96 23 66 11 2 89 38 97 95 90 7 53 17 27 39 63 91 3 55 34 70 4 71 24 45 61 31 25 12
Coste: -2147483449

GENERACION: 965
Mejor Solucion:  84 88 93 47 77 44 28 81 73 14 86 8 87 57 78 52 22 51 43 65 33 49 15 18 35 59 74 83 79 37 85 54 56 76 58 42 40 46 13 10 5 98 99 6 82 0 19 68 48 92 50 20 30 72 75 69 1 32 29 9 64 26 60 36 41 62 67 80 21 16 94 96 23 66 11 2 89 38 97 95 90 7 53 17 27 39 63 91 3 55 34 70 4 71 24 45 61 31 25 12
Coste: -2147483449

GENERACION: 970
Mejor Solucion:  84 88 93 47 77 44 28 81 73 14 86 8 87 57 78 52 22 51 43 65 33 49 15 18 35 59 74 83 79 37 85 54 56 76 58 42 40 46 13 10 5 98 99 6 82 0 19 68 48 92 50 20 30 72 75 69 1 32 29 9 64 26 60 36 41 62 67 80 21 16 94 96 23 66 11 2 89 38 97 95 90 7 53 17 27 39 63 91 3 55 34 70 4 71 24 45 61 31 25 12
Coste: -2147483449

GENERACION: 975
Mejor Solucion:  84 88 93 47 77 44 28 81 73 14 86 8 87 57 78 52 22 51 43 65 33 49 15 18 35 59 74 83 79 37 85 54 56 76 58 42 40 46 13 10 5 98 99 6 82 0 19 68 48 92 50 20 30 72 75 69 1 32 29 9 64 26 60 36 41 62 67 80 21 16 94 96 23 66 11 2 89 38 97 95 90 7 53 17 27 39 63 91 3 55 34 70 4 71 24 45 61 31 25 12
Coste: -2147483449

GENERACION: 980
Mejor Solucion:  84 88 93 47 77 44 28 81 73 14 86 8 87 57 78 52 22 51 43 65 33 49 15 18 35 59 74 83 79 37 85 54 56 76 58 42 40 46 13 10 5 98 99 6 82 0 19 68 48 92 50 20 30 72 75 69 1 32 29 9 64 26 60 36 41 62 67 80 21 16 94 96 23 66 11 2 89 38 97 95 90 7 53 17 27 39 63 91 3 55 34 70 4 71 24 45 61 31 25 12
Coste: -2147483449

GENERACION: 985
Mejor Solucion:  84 88 93 47 77 44 28 81 73 14 86 8 87 57 78 52 22 51 43 65 33 49 15 18 35 59 74 83 79 37 85 54 56 76 58 42 40 46 13 10 5 98 99 6 82 0 19 68 48 92 50 20 30 72 75 69 1 32 29 9 64 26 60 36 41 62 67 80 21 16 94 96 23 66 11 2 89 38 97 95 90 7 53 17 27 39 63 91 3 55 34 70 4 71 24 45 61 31 25 12
Coste: -2147483449

GENERACION: 990
Mejor Solucion:  84 88 93 47 77 44 28 81 73 14 86 8 87 57 78 52 22 51 43 65 33 49 15 18 35 59 74 83 79 37 85 54 56 76 58 42 40 46 13 10 5 98 99 6 82 0 19 68 48 92 50 20 30 72 75 69 1 32 29 9 64 26 60 36 41 62 67 80 21 16 94 96 23 66 11 2 89 38 97 95 90 7 53 17 27 39 63 91 3 55 34 70 4 71 24 45 61 31 25 12
Coste: -2147483449

GENERACION: 995
Mejor Solucion:  84 88 93 47 77 44 28 81 73 14 86 8 87 57 78 52 22 51 43 65 33 49 15 18 35 59 74 83 79 37 85 54 56 76 58 42 40 46 13 10 5 98 99 6 82 0 19 68 48 92 50 20 30 72 75 69 1 32 29 9 64 26 60 36 41 62 67 80 21 16 94 96 23 66 11 2 89 38 97 95 90 7 53 17 27 39 63 91 3 55 34 70 4 71 24 45 61 31 25 12
Coste: -2147483449

GENERACION: 1000
Mejor Solucion:  84 88 93 47 77 44 28 81 73 14 86 8 87 57 78 52 22 51 43 65 33 49 15 18 35 59 74 83 79 37 85 54 56 76 58 42 40 46 13 10 5 98 99 6 82 0 19 68 48 92 50 20 30 72 75 69 1 32 29 9 64 26 60 36 41 62 67 80 21 16 94 96 23 66 11 2 89 38 97 95 90 7 53 17 27 39 63 91 3 55 34 70 4 71 24 45 61 31 25 12
Coste: -2147483449

