GENERACION: 5
Mejor Solucion:  87 49 63 44 74 88 67 80 30 69 93 14 6 53 61 0 25 26 68 3 65 23 85 13 38 7 47 12 46 54 24 15 34 57 43 40 27 64 32 39 36 11 48 10 37 18 60 29 90 22 2 99 59 95 8 16 55 9 97 83 75 58 42 77 86 50 17 94 21 73 41 35 20 98 51 89 56 45 72 91 78 82 84 81 66 92 4 33 70 79 28 19 31 1 5 52 96 71 76 62
Coste: 1679371172

GENERACION: 10
Mejor Solucion:  21 51 95 74 83 60 40 42 37 86 12 79 77 45 71 59 7 84 47 27 67 9 49 57 43 20 85 88 30 73 94 18 91 81 63 99 65 13 33 80 97 0 16 23 48 72 26 93 69 64 2 76 92 3 82 24 52 28 29 31 54 1 44 98 96 41 14 55 56 4 22 87 58 34 68 90 78 32 35 11 70 89 46 5 66 62 53 75 38 39 8 17 50 61 6 36 25 15 10 19
Coste: -1449813132

GENERACION: 15
Mejor Solucion:  21 51 95 74 83 60 40 42 37 86 12 79 77 45 71 59 7 84 47 27 67 9 49 57 43 20 85 88 30 73 94 18 91 81 63 99 65 13 33 80 97 0 16 23 48 72 26 93 69 64 2 76 92 3 82 24 52 28 29 31 54 1 44 98 96 41 14 55 56 4 22 87 58 34 68 90 78 32 35 11 70 89 46 5 66 62 53 75 38 39 8 17 50 61 6 36 25 15 10 19
Coste: -1449813132

GENERACION: 20
Mejor Solucion:  42 37 28 74 94 14 86 85 16 49 83 18 81 46 22 80 32 73 72 69 19 26 27 95 60 35 51 91 47 84 33 17 34 52 13 43 76 67 98 36 75 65 0 44 97 59 64 62 79 10 71 7 30 82 2 53 38 4 41 15 77 54 78 40 99 45 92 1 20 12 25 63 88 70 3 87 68 8 31 55 21 9 29 89 90 23 48 57 96 58 56 24 5 39 66 50 61 11 6 93
Coste: -2146629467

GENERACION: 25
Mejor Solucion:  42 37 28 74 94 14 86 85 16 49 83 18 81 46 22 80 32 73 72 69 19 26 27 95 60 35 51 91 47 84 33 17 34 52 13 43 76 67 98 36 75 65 0 44 97 59 64 62 79 10 71 7 30 82 2 53 38 4 41 15 77 54 78 40 99 45 92 1 20 12 25 63 88 70 3 87 68 8 31 55 21 9 29 89 90 23 48 57 96 58 56 24 5 39 66 50 61 11 6 93
Coste: -2146629467

GENERACION: 30
Mejor Solucion:  42 37 28 74 94 14 86 85 16 49 83 18 81 46 22 80 32 73 72 69 19 26 27 95 60 35 51 91 47 84 33 17 34 52 13 43 76 67 98 36 75 65 0 44 97 59 64 62 79 10 71 7 30 82 2 53 38 4 41 15 77 54 78 40 99 45 92 1 20 12 25 63 88 70 3 87 68 8 31 55 21 9 29 89 90 23 48 57 96 58 56 24 5 39 66 50 61 11 6 93
Coste: -2146629467

GENERACION: 35
Mejor Solucion:  42 37 28 74 94 14 86 85 16 49 83 18 81 46 22 80 32 73 72 69 19 26 27 95 60 35 51 91 47 84 33 17 34 52 13 43 76 67 98 36 75 65 0 44 97 59 64 62 79 10 71 7 30 82 2 53 38 4 41 15 77 54 78 40 99 45 92 1 20 12 25 63 88 70 3 87 68 8 31 55 21 9 29 89 90 23 48 57 96 58 56 24 5 39 66 50 61 11 6 93
Coste: -2146629467

GENERACION: 40
Mejor Solucion:  42 37 28 74 94 14 86 85 16 49 83 18 81 46 22 80 32 73 72 69 19 26 27 95 60 35 51 91 47 84 33 17 34 52 13 43 76 67 98 36 75 65 0 44 97 59 64 62 79 10 71 7 30 82 2 53 38 4 41 15 77 54 78 40 99 45 92 1 20 12 25 63 88 70 3 87 68 8 31 55 21 9 29 89 90 23 48 57 96 58 56 24 5 39 66 50 61 11 6 93
Coste: -2146629467

GENERACION: 45
Mejor Solucion:  42 37 28 74 94 14 86 85 16 49 83 18 81 46 22 80 32 73 72 69 19 26 27 95 60 35 51 91 47 84 33 17 34 52 13 43 76 67 98 36 75 65 0 44 97 59 64 62 79 10 71 7 30 82 2 53 38 4 41 15 77 54 78 40 99 45 92 1 20 12 25 63 88 70 3 87 68 8 31 55 21 9 29 89 90 23 48 57 96 58 56 24 5 39 66 50 61 11 6 93
Coste: -2146629467

GENERACION: 50
Mejor Solucion:  42 37 28 74 94 14 86 85 16 49 83 18 81 46 22 80 32 73 72 69 19 26 27 95 60 35 51 91 47 84 33 17 34 52 13 43 76 67 98 36 75 65 0 44 97 59 64 62 79 10 71 7 30 82 2 53 38 4 41 15 77 54 78 40 99 45 92 1 20 12 25 63 88 70 3 87 68 8 31 55 21 9 29 89 90 23 48 57 96 58 56 24 5 39 66 50 61 11 6 93
Coste: -2146629467

GENERACION: 55
Mejor Solucion:  42 37 28 74 94 14 86 85 16 49 83 18 81 46 22 80 32 73 72 69 19 26 27 95 60 35 51 91 47 84 33 17 34 52 13 43 76 67 98 36 75 65 0 44 97 59 64 62 79 10 71 7 30 82 2 53 38 4 41 15 77 54 78 40 99 45 92 1 20 12 25 63 88 70 3 87 68 8 31 55 21 9 29 89 90 23 48 57 96 58 56 24 5 39 66 50 61 11 6 93
Coste: -2146629467

GENERACION: 60
Mejor Solucion:  42 37 28 74 94 14 86 85 16 49 83 18 81 46 22 80 32 73 72 69 19 26 27 95 60 35 51 91 47 84 33 17 34 52 13 43 76 67 98 36 75 65 0 44 97 59 64 62 79 10 71 7 30 82 2 53 38 4 41 15 77 54 78 40 99 45 92 1 20 12 25 63 88 70 3 87 68 8 31 55 21 9 29 89 90 23 48 57 96 58 56 24 5 39 66 50 61 11 6 93
Coste: -2146629467

GENERACION: 65
Mejor Solucion:  42 37 28 74 94 14 86 85 16 49 83 18 81 46 22 80 32 73 72 69 19 26 27 95 60 35 51 91 47 84 33 17 34 52 13 43 76 67 98 36 75 65 0 44 97 59 64 62 79 10 71 7 30 82 2 53 38 4 41 15 77 54 78 40 99 45 92 1 20 12 25 63 88 70 3 87 68 8 31 55 21 9 29 89 90 23 48 57 96 58 56 24 5 39 66 50 61 11 6 93
Coste: -2146629467

GENERACION: 70
Mejor Solucion:  42 37 28 74 94 14 86 85 16 49 83 18 81 46 22 80 32 73 72 69 19 26 27 95 60 35 51 91 47 84 33 17 34 52 13 43 76 67 98 36 75 65 0 44 97 59 64 62 79 10 71 7 30 82 2 53 38 4 41 15 77 54 78 40 99 45 92 1 20 12 25 63 88 70 3 87 68 8 31 55 21 9 29 89 90 23 48 57 96 58 56 24 5 39 66 50 61 11 6 93
Coste: -2146629467

GENERACION: 75
Mejor Solucion:  42 37 28 74 94 14 86 85 16 49 83 18 81 46 22 80 32 73 72 69 19 26 27 95 60 35 51 91 47 84 33 17 34 52 13 43 76 67 98 36 75 65 0 44 97 59 64 62 79 10 71 7 30 82 2 53 38 4 41 15 77 54 78 40 99 45 92 1 20 12 25 63 88 70 3 87 68 8 31 55 21 9 29 89 90 23 48 57 96 58 56 24 5 39 66 50 61 11 6 93
Coste: -2146629467

GENERACION: 80
Mejor Solucion:  42 37 28 74 94 14 86 85 16 49 83 18 81 46 22 80 32 73 72 69 19 26 27 95 60 35 51 91 47 84 33 17 34 52 13 43 76 67 98 36 75 65 0 44 97 59 64 62 79 10 71 7 30 82 2 53 38 4 41 15 77 54 78 40 99 45 92 1 20 12 25 63 88 70 3 87 68 8 31 55 21 9 29 89 90 23 48 57 96 58 56 24 5 39 66 50 61 11 6 93
Coste: -2146629467

GENERACION: 85
Mejor Solucion:  42 37 28 74 94 14 86 85 16 49 83 18 81 46 22 80 32 73 72 69 19 26 27 95 60 35 51 91 47 84 33 17 34 52 13 43 76 67 98 36 75 65 0 44 97 59 64 62 79 10 71 7 30 82 2 53 38 4 41 15 77 54 78 40 99 45 92 1 20 12 25 63 88 70 3 87 68 8 31 55 21 9 29 89 90 23 48 57 96 58 56 24 5 39 66 50 61 11 6 93
Coste: -2146629467

GENERACION: 90
Mejor Solucion:  83 81 51 0 40 26 93 37 49 95 84 65 11 33 4 92 21 52 79 32 39 89 80 47 12 94 74 30 85 73 88 8 2 46 58 76 19 59 86 68 78 23 91 69 62 42 77 29 43 60 13 16 96 17 66 99 55 72 27 36 22 24 14 57 9 18 64 20 44 63 10 31 41 34 54 25 48 71 61 75 67 1 98 7 87 3 97 6 5 82 28 35 90 15 50 45 53 38 56 70
Coste: -2147483441

GENERACION: 95
Mejor Solucion:  83 81 51 0 40 26 93 37 49 95 84 65 11 33 4 92 21 52 79 32 39 89 80 47 12 94 74 30 85 73 88 8 2 46 58 76 19 59 86 68 78 23 91 69 62 42 77 29 43 60 13 16 96 17 66 99 55 72 27 36 22 24 14 57 9 18 64 20 44 63 10 31 41 34 54 25 48 71 61 75 67 1 98 7 87 3 97 6 5 82 28 35 90 15 50 45 53 38 56 70
Coste: -2147483441

GENERACION: 100
Mejor Solucion:  83 81 51 0 40 26 93 37 49 95 84 65 11 33 4 92 21 52 79 32 39 89 80 47 12 94 74 30 85 73 88 8 2 46 58 76 19 59 86 68 78 23 91 69 62 42 77 29 43 60 13 16 96 17 66 99 55 72 27 36 22 24 14 57 9 18 64 20 44 63 10 31 41 34 54 25 48 71 61 75 67 1 98 7 87 3 97 6 5 82 28 35 90 15 50 45 53 38 56 70
Coste: -2147483441

GENERACION: 105
Mejor Solucion:  83 81 51 0 40 26 93 37 49 95 84 65 11 33 4 92 21 52 79 32 39 89 80 47 12 94 74 30 85 73 88 8 2 46 58 76 19 59 86 68 78 23 91 69 62 42 77 29 43 60 13 16 96 17 66 99 55 72 27 36 22 24 14 57 9 18 64 20 44 63 10 31 41 34 54 25 48 71 61 75 67 1 98 7 87 3 97 6 5 82 28 35 90 15 50 45 53 38 56 70
Coste: -2147483441

GENERACION: 110
Mejor Solucion:  83 81 51 0 40 26 93 37 49 95 84 65 11 33 4 92 21 52 79 32 39 89 80 47 12 94 74 30 85 73 88 8 2 46 58 76 19 59 86 68 78 23 91 69 62 42 77 29 43 60 13 16 96 17 66 99 55 72 27 36 22 24 14 57 9 18 64 20 44 63 10 31 41 34 54 25 48 71 61 75 67 1 98 7 87 3 97 6 5 82 28 35 90 15 50 45 53 38 56 70
Coste: -2147483441

GENERACION: 115
Mejor Solucion:  83 81 51 0 40 26 93 37 49 95 84 65 11 33 4 92 21 52 79 32 39 89 80 47 12 94 74 30 85 73 88 8 2 46 58 76 19 59 86 68 78 23 91 69 62 42 77 29 43 60 13 16 96 17 66 99 55 72 27 36 22 24 14 57 9 18 64 20 44 63 10 31 41 34 54 25 48 71 61 75 67 1 98 7 87 3 97 6 5 82 28 35 90 15 50 45 53 38 56 70
Coste: -2147483441

GENERACION: 120
Mejor Solucion:  40 84 83 43 42 28 64 37 47 26 49 36 93 98 22 81 25 46 58 59 61 57 11 67 35 12 85 69 74 94 86 76 10 52 50 20 99 16 18 56 27 72 14 38 29 87 32 9 0 62 66 79 5 63 91 44 51 13 1 2 88 73 95 53 68 8 80 24 33 89 55 92 60 30 17 23 70 34 97 75 77 65 15 96 82 31 71 48 3 4 45 7 6 54 39 21 78 90 41 19
Coste: -2147483509

GENERACION: 125
Mejor Solucion:  40 84 83 43 42 28 64 37 47 26 49 36 93 98 22 81 25 46 58 59 61 57 11 67 35 12 85 69 74 94 86 76 10 52 50 20 99 16 18 56 27 72 14 38 29 87 32 9 0 62 66 79 5 63 91 44 51 13 1 2 88 73 95 53 68 8 80 24 33 89 55 92 60 30 17 23 70 34 97 75 77 65 15 96 82 31 71 48 3 4 45 7 6 54 39 21 78 90 41 19
Coste: -2147483509

GENERACION: 130
Mejor Solucion:  40 84 83 43 42 28 64 37 47 26 49 36 93 98 22 81 25 46 58 59 61 57 11 67 35 12 85 69 74 94 86 76 10 52 50 20 99 16 18 56 27 72 14 38 29 87 32 9 0 62 66 79 5 63 91 44 51 13 1 2 88 73 95 53 68 8 80 24 33 89 55 92 60 30 17 23 70 34 97 75 77 65 15 96 82 31 71 48 3 4 45 7 6 54 39 21 78 90 41 19
Coste: -2147483509

GENERACION: 135
Mejor Solucion:  40 84 83 43 42 28 64 37 47 26 49 36 93 98 22 81 25 46 58 59 61 57 11 67 35 12 85 69 74 94 86 76 10 52 50 20 99 16 18 56 27 72 14 38 29 87 32 9 0 62 66 79 5 63 91 44 51 13 1 2 88 73 95 53 68 8 80 24 33 89 55 92 60 30 17 23 70 34 97 75 77 65 15 96 82 31 71 48 3 4 45 7 6 54 39 21 78 90 41 19
Coste: -2147483509

GENERACION: 140
Mejor Solucion:  40 84 83 43 42 28 64 37 47 26 49 36 93 98 22 81 25 46 58 59 61 57 11 67 35 12 85 69 74 94 86 76 10 52 50 20 99 16 18 56 27 72 14 38 29 87 32 9 0 62 66 79 5 63 91 44 51 13 1 2 88 73 95 53 68 8 80 24 33 89 55 92 60 30 17 23 70 34 97 75 77 65 15 96 82 31 71 48 3 4 45 7 6 54 39 21 78 90 41 19
Coste: -2147483509

GENERACION: 145
Mejor Solucion:  40 84 83 43 42 28 64 37 47 26 49 36 93 98 22 81 25 46 58 59 61 57 11 67 35 12 85 69 74 94 86 76 10 52 50 20 99 16 18 56 27 72 14 38 29 87 32 9 0 62 66 79 5 63 91 44 51 13 1 2 88 73 95 53 68 8 80 24 33 89 55 92 60 30 17 23 70 34 97 75 77 65 15 96 82 31 71 48 3 4 45 7 6 54 39 21 78 90 41 19
Coste: -2147483509

GENERACION: 150
Mejor Solucion:  40 84 83 43 42 28 64 37 47 26 49 36 93 98 22 81 25 46 58 59 61 57 11 67 35 12 85 69 74 94 86 76 10 52 50 20 99 16 18 56 27 72 14 38 29 87 32 9 0 62 66 79 5 63 91 44 51 13 1 2 88 73 95 53 68 8 80 24 33 89 55 92 60 30 17 23 70 34 97 75 77 65 15 96 82 31 71 48 3 4 45 7 6 54 39 21 78 90 41 19
Coste: -2147483509

GENERACION: 155
Mejor Solucion:  40 84 83 43 42 28 64 37 47 26 49 36 93 98 22 81 25 46 58 59 61 57 11 67 35 12 85 69 74 94 86 76 10 52 50 20 99 16 18 56 27 72 14 38 29 87 32 9 0 62 66 79 5 63 91 44 51 13 1 2 88 73 95 53 68 8 80 24 33 89 55 92 60 30 17 23 70 34 97 75 77 65 15 96 82 31 71 48 3 4 45 7 6 54 39 21 78 90 41 19
Coste: -2147483509

GENERACION: 160
Mejor Solucion:  40 84 83 43 42 28 64 37 47 26 49 36 93 98 22 81 25 46 58 59 61 57 11 67 35 12 85 69 74 94 86 76 10 52 50 20 99 16 18 56 27 72 14 38 29 87 32 9 0 62 66 79 5 63 91 44 51 13 1 2 88 73 95 53 68 8 80 24 33 89 55 92 60 30 17 23 70 34 97 75 77 65 15 96 82 31 71 48 3 4 45 7 6 54 39 21 78 90 41 19
Coste: -2147483509

GENERACION: 165
Mejor Solucion:  40 84 83 43 42 28 64 37 47 26 49 36 93 98 22 81 25 46 58 59 61 57 11 67 35 12 85 69 74 94 86 76 10 52 50 20 99 16 18 56 27 72 14 38 29 87 32 9 0 62 66 79 5 63 91 44 51 13 1 2 88 73 95 53 68 8 80 24 33 89 55 92 60 30 17 23 70 34 97 75 77 65 15 96 82 31 71 48 3 4 45 7 6 54 39 21 78 90 41 19
Coste: -2147483509

GENERACION: 170
Mejor Solucion:  40 84 83 43 42 28 64 37 47 26 49 36 93 98 22 81 25 46 58 59 61 57 11 67 35 12 85 69 74 94 86 76 10 52 50 20 99 16 18 56 27 72 14 38 29 87 32 9 0 62 66 79 5 63 91 44 51 13 1 2 88 73 95 53 68 8 80 24 33 89 55 92 60 30 17 23 70 34 97 75 77 65 15 96 82 31 71 48 3 4 45 7 6 54 39 21 78 90 41 19
Coste: -2147483509

GENERACION: 175
Mejor Solucion:  40 84 83 43 42 28 64 37 47 26 49 36 93 98 22 81 25 46 58 59 61 57 11 67 35 12 85 69 74 94 86 76 10 52 50 20 99 16 18 56 27 72 14 38 29 87 32 9 0 62 66 79 5 63 91 44 51 13 1 2 88 73 95 53 68 8 80 24 33 89 55 92 60 30 17 23 70 34 97 75 77 65 15 96 82 31 71 48 3 4 45 7 6 54 39 21 78 90 41 19
Coste: -2147483509

GENERACION: 180
Mejor Solucion:  40 84 83 43 42 28 64 37 47 26 49 36 93 98 22 81 25 46 58 59 61 57 11 67 35 12 85 69 74 94 86 76 10 52 50 20 99 16 18 56 27 72 14 38 29 87 32 9 0 62 66 79 5 63 91 44 51 13 1 2 88 73 95 53 68 8 80 24 33 89 55 92 60 30 17 23 70 34 97 75 77 65 15 96 82 31 71 48 3 4 45 7 6 54 39 21 78 90 41 19
Coste: -2147483509

GENERACION: 185
Mejor Solucion:  40 84 83 43 42 28 64 37 47 26 49 36 93 98 22 81 25 46 58 59 61 57 11 67 35 12 85 69 74 94 86 76 10 52 50 20 99 16 18 56 27 72 14 38 29 87 32 9 0 62 66 79 5 63 91 44 51 13 1 2 88 73 95 53 68 8 80 24 33 89 55 92 60 30 17 23 70 34 97 75 77 65 15 96 82 31 71 48 3 4 45 7 6 54 39 21 78 90 41 19
Coste: -2147483509

GENERACION: 190
Mejor Solucion:  40 84 83 43 42 28 64 37 47 26 49 36 93 98 22 81 25 46 58 59 61 57 11 67 35 12 85 69 74 94 86 76 10 52 50 20 99 16 18 56 27 72 14 38 29 87 32 9 0 62 66 79 5 63 91 44 51 13 1 2 88 73 95 53 68 8 80 24 33 89 55 92 60 30 17 23 70 34 97 75 77 65 15 96 82 31 71 48 3 4 45 7 6 54 39 21 78 90 41 19
Coste: -2147483509

GENERACION: 195
Mejor Solucion:  40 84 83 43 42 28 64 37 47 26 49 36 93 98 22 81 25 46 58 59 61 57 11 67 35 12 85 69 74 94 86 76 10 52 50 20 99 16 18 56 27 72 14 38 29 87 32 9 0 62 66 79 5 63 91 44 51 13 1 2 88 73 95 53 68 8 80 24 33 89 55 92 60 30 17 23 70 34 97 75 77 65 15 96 82 31 71 48 3 4 45 7 6 54 39 21 78 90 41 19
Coste: -2147483509

GENERACION: 200
Mejor Solucion:  40 84 83 43 42 28 64 37 47 26 49 36 93 98 22 81 25 46 58 59 61 57 11 67 35 12 85 69 74 94 86 76 10 52 50 20 99 16 18 56 27 72 14 38 29 87 32 9 0 62 66 79 5 63 91 44 51 13 1 2 88 73 95 53 68 8 80 24 33 89 55 92 60 30 17 23 70 34 97 75 77 65 15 96 82 31 71 48 3 4 45 7 6 54 39 21 78 90 41 19
Coste: -2147483509

GENERACION: 205
Mejor Solucion:  40 84 83 43 42 28 64 37 47 26 49 36 93 98 22 81 25 46 58 59 61 57 11 67 35 12 85 69 74 94 86 76 10 52 50 20 99 16 18 56 27 72 14 38 29 87 32 9 0 62 66 79 5 63 91 44 51 13 1 2 88 73 95 53 68 8 80 24 33 89 55 92 60 30 17 23 70 34 97 75 77 65 15 96 82 31 71 48 3 4 45 7 6 54 39 21 78 90 41 19
Coste: -2147483509

GENERACION: 210
Mejor Solucion:  40 84 83 43 42 28 64 37 47 26 49 36 93 98 22 81 25 46 58 59 61 57 11 67 35 12 85 69 74 94 86 76 10 52 50 20 99 16 18 56 27 72 14 38 29 87 32 9 0 62 66 79 5 63 91 44 51 13 1 2 88 73 95 53 68 8 80 24 33 89 55 92 60 30 17 23 70 34 97 75 77 65 15 96 82 31 71 48 3 4 45 7 6 54 39 21 78 90 41 19
Coste: -2147483509

GENERACION: 215
Mejor Solucion:  40 84 83 43 42 28 64 37 47 26 49 36 93 98 22 81 25 46 58 59 61 57 11 67 35 12 85 69 74 94 86 76 10 52 50 20 99 16 18 56 27 72 14 38 29 87 32 9 0 62 66 79 5 63 91 44 51 13 1 2 88 73 95 53 68 8 80 24 33 89 55 92 60 30 17 23 70 34 97 75 77 65 15 96 82 31 71 48 3 4 45 7 6 54 39 21 78 90 41 19
Coste: -2147483509

GENERACION: 220
Mejor Solucion:  40 84 83 43 42 28 64 37 47 26 49 36 93 98 22 81 25 46 58 59 61 57 11 67 35 12 85 69 74 94 86 76 10 52 50 20 99 16 18 56 27 72 14 38 29 87 32 9 0 62 66 79 5 63 91 44 51 13 1 2 88 73 95 53 68 8 80 24 33 89 55 92 60 30 17 23 70 34 97 75 77 65 15 96 82 31 71 48 3 4 45 7 6 54 39 21 78 90 41 19
Coste: -2147483509

GENERACION: 225
Mejor Solucion:  40 84 83 43 42 28 64 37 47 26 49 36 93 98 22 81 25 46 58 59 61 57 11 67 35 12 85 69 74 94 86 76 10 52 50 20 99 16 18 56 27 72 14 38 29 87 32 9 0 62 66 79 5 63 91 44 51 13 1 2 88 73 95 53 68 8 80 24 33 89 55 92 60 30 17 23 70 34 97 75 77 65 15 96 82 31 71 48 3 4 45 7 6 54 39 21 78 90 41 19
Coste: -2147483509

GENERACION: 230
Mejor Solucion:  40 84 83 43 42 28 64 37 47 26 49 36 93 98 22 81 25 46 58 59 61 57 11 67 35 12 85 69 74 94 86 76 10 52 50 20 99 16 18 56 27 72 14 38 29 87 32 9 0 62 66 79 5 63 91 44 51 13 1 2 88 73 95 53 68 8 80 24 33 89 55 92 60 30 17 23 70 34 97 75 77 65 15 96 82 31 71 48 3 4 45 7 6 54 39 21 78 90 41 19
Coste: -2147483509

GENERACION: 235
Mejor Solucion:  40 84 83 43 42 28 64 37 47 26 49 36 93 98 22 81 25 46 58 59 61 57 11 67 35 12 85 69 74 94 86 76 10 52 50 20 99 16 18 56 27 72 14 38 29 87 32 9 0 62 66 79 5 63 91 44 51 13 1 2 88 73 95 53 68 8 80 24 33 89 55 92 60 30 17 23 70 34 97 75 77 65 15 96 82 31 71 48 3 4 45 7 6 54 39 21 78 90 41 19
Coste: -2147483509

GENERACION: 240
Mejor Solucion:  40 84 83 43 42 28 64 37 47 26 49 36 93 98 22 81 25 46 58 59 61 57 11 67 35 12 85 69 74 94 86 76 10 52 50 20 99 16 18 56 27 72 14 38 29 87 32 9 0 62 66 79 5 63 91 44 51 13 1 2 88 73 95 53 68 8 80 24 33 89 55 92 60 30 17 23 70 34 97 75 77 65 15 96 82 31 71 48 3 4 45 7 6 54 39 21 78 90 41 19
Coste: -2147483509

GENERACION: 245
Mejor Solucion:  40 84 83 43 42 28 64 37 47 26 49 36 93 98 22 81 25 46 58 59 61 57 11 67 35 12 85 69 74 94 86 76 10 52 50 20 99 16 18 56 27 72 14 38 29 87 32 9 0 62 66 79 5 63 91 44 51 13 1 2 88 73 95 53 68 8 80 24 33 89 55 92 60 30 17 23 70 34 97 75 77 65 15 96 82 31 71 48 3 4 45 7 6 54 39 21 78 90 41 19
Coste: -2147483509

GENERACION: 250
Mejor Solucion:  40 84 83 43 42 28 64 37 47 26 49 36 93 98 22 81 25 46 58 59 61 57 11 67 35 12 85 69 74 94 86 76 10 52 50 20 99 16 18 56 27 72 14 38 29 87 32 9 0 62 66 79 5 63 91 44 51 13 1 2 88 73 95 53 68 8 80 24 33 89 55 92 60 30 17 23 70 34 97 75 77 65 15 96 82 31 71 48 3 4 45 7 6 54 39 21 78 90 41 19
Coste: -2147483509

GENERACION: 255
Mejor Solucion:  40 84 83 43 42 28 64 37 47 26 49 36 93 98 22 81 25 46 58 59 61 57 11 67 35 12 85 69 74 94 86 76 10 52 50 20 99 16 18 56 27 72 14 38 29 87 32 9 0 62 66 79 5 63 91 44 51 13 1 2 88 73 95 53 68 8 80 24 33 89 55 92 60 30 17 23 70 34 97 75 77 65 15 96 82 31 71 48 3 4 45 7 6 54 39 21 78 90 41 19
Coste: -2147483509

GENERACION: 260
Mejor Solucion:  40 84 83 43 42 28 64 37 47 26 49 36 93 98 22 81 25 46 58 59 61 57 11 67 35 12 85 69 74 94 86 76 10 52 50 20 99 16 18 56 27 72 14 38 29 87 32 9 0 62 66 79 5 63 91 44 51 13 1 2 88 73 95 53 68 8 80 24 33 89 55 92 60 30 17 23 70 34 97 75 77 65 15 96 82 31 71 48 3 4 45 7 6 54 39 21 78 90 41 19
Coste: -2147483509

GENERACION: 265
Mejor Solucion:  40 84 83 43 42 28 64 37 47 26 49 36 93 98 22 81 25 46 58 59 61 57 11 67 35 12 85 69 74 94 86 76 10 52 50 20 99 16 18 56 27 72 14 38 29 87 32 9 0 62 66 79 5 63 91 44 51 13 1 2 88 73 95 53 68 8 80 24 33 89 55 92 60 30 17 23 70 34 97 75 77 65 15 96 82 31 71 48 3 4 45 7 6 54 39 21 78 90 41 19
Coste: -2147483509

GENERACION: 270
Mejor Solucion:  40 84 83 43 42 28 64 37 47 26 49 36 93 98 22 81 25 46 58 59 61 57 11 67 35 12 85 69 74 94 86 76 10 52 50 20 99 16 18 56 27 72 14 38 29 87 32 9 0 62 66 79 5 63 91 44 51 13 1 2 88 73 95 53 68 8 80 24 33 89 55 92 60 30 17 23 70 34 97 75 77 65 15 96 82 31 71 48 3 4 45 7 6 54 39 21 78 90 41 19
Coste: -2147483509

GENERACION: 275
Mejor Solucion:  40 84 83 43 42 28 64 37 47 26 49 36 93 98 22 81 25 46 58 59 61 57 11 67 35 12 85 69 74 94 86 76 10 52 50 20 99 16 18 56 27 72 14 38 29 87 32 9 0 62 66 79 5 63 91 44 51 13 1 2 88 73 95 53 68 8 80 24 33 89 55 92 60 30 17 23 70 34 97 75 77 65 15 96 82 31 71 48 3 4 45 7 6 54 39 21 78 90 41 19
Coste: -2147483509

GENERACION: 280
Mejor Solucion:  40 84 83 43 42 28 64 37 47 26 49 36 93 98 22 81 25 46 58 59 61 57 11 67 35 12 85 69 74 94 86 76 10 52 50 20 99 16 18 56 27 72 14 38 29 87 32 9 0 62 66 79 5 63 91 44 51 13 1 2 88 73 95 53 68 8 80 24 33 89 55 92 60 30 17 23 70 34 97 75 77 65 15 96 82 31 71 48 3 4 45 7 6 54 39 21 78 90 41 19
Coste: -2147483509

GENERACION: 285
Mejor Solucion:  40 84 83 43 42 28 64 37 47 26 49 36 93 98 22 81 25 46 58 59 61 57 11 67 35 12 85 69 74 94 86 76 10 52 50 20 99 16 18 56 27 72 14 38 29 87 32 9 0 62 66 79 5 63 91 44 51 13 1 2 88 73 95 53 68 8 80 24 33 89 55 92 60 30 17 23 70 34 97 75 77 65 15 96 82 31 71 48 3 4 45 7 6 54 39 21 78 90 41 19
Coste: -2147483509

GENERACION: 290
Mejor Solucion:  40 84 83 43 42 28 64 37 47 26 49 36 93 98 22 81 25 46 58 59 61 57 11 67 35 12 85 69 74 94 86 76 10 52 50 20 99 16 18 56 27 72 14 38 29 87 32 9 0 62 66 79 5 63 91 44 51 13 1 2 88 73 95 53 68 8 80 24 33 89 55 92 60 30 17 23 70 34 97 75 77 65 15 96 82 31 71 48 3 4 45 7 6 54 39 21 78 90 41 19
Coste: -2147483509

GENERACION: 295
Mejor Solucion:  40 84 83 43 42 28 64 37 47 26 49 36 93 98 22 81 25 46 58 59 61 57 11 67 35 12 85 69 74 94 86 76 10 52 50 20 99 16 18 56 27 72 14 38 29 87 32 9 0 62 66 79 5 63 91 44 51 13 1 2 88 73 95 53 68 8 80 24 33 89 55 92 60 30 17 23 70 34 97 75 77 65 15 96 82 31 71 48 3 4 45 7 6 54 39 21 78 90 41 19
Coste: -2147483509

GENERACION: 300
Mejor Solucion:  40 84 83 43 42 28 64 37 47 26 49 36 93 98 22 81 25 46 58 59 61 57 11 67 35 12 85 69 74 94 86 76 10 52 50 20 99 16 18 56 27 72 14 38 29 87 32 9 0 62 66 79 5 63 91 44 51 13 1 2 88 73 95 53 68 8 80 24 33 89 55 92 60 30 17 23 70 34 97 75 77 65 15 96 82 31 71 48 3 4 45 7 6 54 39 21 78 90 41 19
Coste: -2147483509

GENERACION: 305
Mejor Solucion:  40 84 83 43 42 28 64 37 47 26 49 36 93 98 22 81 25 46 58 59 61 57 11 67 35 12 85 69 74 94 86 76 10 52 50 20 99 16 18 56 27 72 14 38 29 87 32 9 0 62 66 79 5 63 91 44 51 13 1 2 88 73 95 53 68 8 80 24 33 89 55 92 60 30 17 23 70 34 97 75 77 65 15 96 82 31 71 48 3 4 45 7 6 54 39 21 78 90 41 19
Coste: -2147483509

GENERACION: 310
Mejor Solucion:  40 84 83 43 42 28 64 37 47 26 49 36 93 98 22 81 25 46 58 59 61 57 11 67 35 12 85 69 74 94 86 76 10 52 50 20 99 16 18 56 27 72 14 38 29 87 32 9 0 62 66 79 5 63 91 44 51 13 1 2 88 73 95 53 68 8 80 24 33 89 55 92 60 30 17 23 70 34 97 75 77 65 15 96 82 31 71 48 3 4 45 7 6 54 39 21 78 90 41 19
Coste: -2147483509

GENERACION: 315
Mejor Solucion:  40 84 83 43 42 28 64 37 47 26 49 36 93 98 22 81 25 46 58 59 61 57 11 67 35 12 85 69 74 94 86 76 10 52 50 20 99 16 18 56 27 72 14 38 29 87 32 9 0 62 66 79 5 63 91 44 51 13 1 2 88 73 95 53 68 8 80 24 33 89 55 92 60 30 17 23 70 34 97 75 77 65 15 96 82 31 71 48 3 4 45 7 6 54 39 21 78 90 41 19
Coste: -2147483509

GENERACION: 320
Mejor Solucion:  40 84 83 43 42 28 64 37 47 26 49 36 93 98 22 81 25 46 58 59 61 57 11 67 35 12 85 69 74 94 86 76 10 52 50 20 99 16 18 56 27 72 14 38 29 87 32 9 0 62 66 79 5 63 91 44 51 13 1 2 88 73 95 53 68 8 80 24 33 89 55 92 60 30 17 23 70 34 97 75 77 65 15 96 82 31 71 48 3 4 45 7 6 54 39 21 78 90 41 19
Coste: -2147483509

GENERACION: 325
Mejor Solucion:  40 84 83 43 42 28 64 37 47 26 49 36 93 98 22 81 25 46 58 59 61 57 11 67 35 12 85 69 74 94 86 76 10 52 50 20 99 16 18 56 27 72 14 38 29 87 32 9 0 62 66 79 5 63 91 44 51 13 1 2 88 73 95 53 68 8 80 24 33 89 55 92 60 30 17 23 70 34 97 75 77 65 15 96 82 31 71 48 3 4 45 7 6 54 39 21 78 90 41 19
Coste: -2147483509

GENERACION: 330
Mejor Solucion:  40 84 83 43 42 28 64 37 47 26 49 36 93 98 22 81 25 46 58 59 61 57 11 67 35 12 85 69 74 94 86 76 10 52 50 20 99 16 18 56 27 72 14 38 29 87 32 9 0 62 66 79 5 63 91 44 51 13 1 2 88 73 95 53 68 8 80 24 33 89 55 92 60 30 17 23 70 34 97 75 77 65 15 96 82 31 71 48 3 4 45 7 6 54 39 21 78 90 41 19
Coste: -2147483509

GENERACION: 335
Mejor Solucion:  40 84 83 43 42 28 64 37 47 26 49 36 93 98 22 81 25 46 58 59 61 57 11 67 35 12 85 69 74 94 86 76 10 52 50 20 99 16 18 56 27 72 14 38 29 87 32 9 0 62 66 79 5 63 91 44 51 13 1 2 88 73 95 53 68 8 80 24 33 89 55 92 60 30 17 23 70 34 97 75 77 65 15 96 82 31 71 48 3 4 45 7 6 54 39 21 78 90 41 19
Coste: -2147483509

GENERACION: 340
Mejor Solucion:  40 84 83 43 42 28 64 37 47 26 49 36 93 98 22 81 25 46 58 59 61 57 11 67 35 12 85 69 74 94 86 76 10 52 50 20 99 16 18 56 27 72 14 38 29 87 32 9 0 62 66 79 5 63 91 44 51 13 1 2 88 73 95 53 68 8 80 24 33 89 55 92 60 30 17 23 70 34 97 75 77 65 15 96 82 31 71 48 3 4 45 7 6 54 39 21 78 90 41 19
Coste: -2147483509

GENERACION: 345
Mejor Solucion:  40 84 83 43 42 28 64 37 47 26 49 36 93 98 22 81 25 46 58 59 61 57 11 67 35 12 85 69 74 94 86 76 10 52 50 20 99 16 18 56 27 72 14 38 29 87 32 9 0 62 66 79 5 63 91 44 51 13 1 2 88 73 95 53 68 8 80 24 33 89 55 92 60 30 17 23 70 34 97 75 77 65 15 96 82 31 71 48 3 4 45 7 6 54 39 21 78 90 41 19
Coste: -2147483509

GENERACION: 350
Mejor Solucion:  40 84 83 43 42 28 64 37 47 26 49 36 93 98 22 81 25 46 58 59 61 57 11 67 35 12 85 69 74 94 86 76 10 52 50 20 99 16 18 56 27 72 14 38 29 87 32 9 0 62 66 79 5 63 91 44 51 13 1 2 88 73 95 53 68 8 80 24 33 89 55 92 60 30 17 23 70 34 97 75 77 65 15 96 82 31 71 48 3 4 45 7 6 54 39 21 78 90 41 19
Coste: -2147483509

GENERACION: 355
Mejor Solucion:  40 84 83 43 42 28 64 37 47 26 49 36 93 98 22 81 25 46 58 59 61 57 11 67 35 12 85 69 74 94 86 76 10 52 50 20 99 16 18 56 27 72 14 38 29 87 32 9 0 62 66 79 5 63 91 44 51 13 1 2 88 73 95 53 68 8 80 24 33 89 55 92 60 30 17 23 70 34 97 75 77 65 15 96 82 31 71 48 3 4 45 7 6 54 39 21 78 90 41 19
Coste: -2147483509

GENERACION: 360
Mejor Solucion:  40 84 83 43 42 28 64 37 47 26 49 36 93 98 22 81 25 46 58 59 61 57 11 67 35 12 85 69 74 94 86 76 10 52 50 20 99 16 18 56 27 72 14 38 29 87 32 9 0 62 66 79 5 63 91 44 51 13 1 2 88 73 95 53 68 8 80 24 33 89 55 92 60 30 17 23 70 34 97 75 77 65 15 96 82 31 71 48 3 4 45 7 6 54 39 21 78 90 41 19
Coste: -2147483509

GENERACION: 365
Mejor Solucion:  40 84 83 43 42 28 64 37 47 26 49 36 93 98 22 81 25 46 58 59 61 57 11 67 35 12 85 69 74 94 86 76 10 52 50 20 99 16 18 56 27 72 14 38 29 87 32 9 0 62 66 79 5 63 91 44 51 13 1 2 88 73 95 53 68 8 80 24 33 89 55 92 60 30 17 23 70 34 97 75 77 65 15 96 82 31 71 48 3 4 45 7 6 54 39 21 78 90 41 19
Coste: -2147483509

GENERACION: 370
Mejor Solucion:  40 84 83 43 42 28 64 37 47 26 49 36 93 98 22 81 25 46 58 59 61 57 11 67 35 12 85 69 74 94 86 76 10 52 50 20 99 16 18 56 27 72 14 38 29 87 32 9 0 62 66 79 5 63 91 44 51 13 1 2 88 73 95 53 68 8 80 24 33 89 55 92 60 30 17 23 70 34 97 75 77 65 15 96 82 31 71 48 3 4 45 7 6 54 39 21 78 90 41 19
Coste: -2147483509

GENERACION: 375
Mejor Solucion:  40 84 83 43 42 28 64 37 47 26 49 36 93 98 22 81 25 46 58 59 61 57 11 67 35 12 85 69 74 94 86 76 10 52 50 20 99 16 18 56 27 72 14 38 29 87 32 9 0 62 66 79 5 63 91 44 51 13 1 2 88 73 95 53 68 8 80 24 33 89 55 92 60 30 17 23 70 34 97 75 77 65 15 96 82 31 71 48 3 4 45 7 6 54 39 21 78 90 41 19
Coste: -2147483509

GENERACION: 380
Mejor Solucion:  37 40 84 33 51 1 93 95 49 26 81 83 47 18 14 87 20 65 5 27 17 21 57 35 28 60 74 19 85 94 86 10 77 41 4 12 99 36 92 75 2 80 69 32 16 46 67 9 58 48 23 42 31 11 71 56 89 63 0 38 13 29 78 45 30 54 34 59 55 44 24 53 88 70 98 52 90 62 7 43 64 91 72 22 3 6 15 8 97 61 73 96 82 76 25 66 68 39 50 79
Coste: -2147483575

GENERACION: 385
Mejor Solucion:  37 40 84 33 51 1 93 95 49 26 81 83 47 18 14 87 20 65 5 27 17 21 57 35 28 60 74 19 85 94 86 10 77 41 4 12 99 36 92 75 2 80 69 32 16 46 67 9 58 48 23 42 31 11 71 56 89 63 0 38 13 29 78 45 30 54 34 59 55 44 24 53 88 70 98 52 90 62 7 43 64 91 72 22 3 6 15 8 97 61 73 96 82 76 25 66 68 39 50 79
Coste: -2147483575

GENERACION: 390
Mejor Solucion:  37 40 84 33 51 1 93 95 49 26 81 83 47 18 14 87 20 65 5 27 17 21 57 35 28 60 74 19 85 94 86 10 77 41 4 12 99 36 92 75 2 80 69 32 16 46 67 9 58 48 23 42 31 11 71 56 89 63 0 38 13 29 78 45 30 54 34 59 55 44 24 53 88 70 98 52 90 62 7 43 64 91 72 22 3 6 15 8 97 61 73 96 82 76 25 66 68 39 50 79
Coste: -2147483575

GENERACION: 395
Mejor Solucion:  37 40 84 33 51 1 93 95 49 26 81 83 47 18 14 87 20 65 5 27 17 21 57 35 28 60 74 19 85 94 86 10 77 41 4 12 99 36 92 75 2 80 69 32 16 46 67 9 58 48 23 42 31 11 71 56 89 63 0 38 13 29 78 45 30 54 34 59 55 44 24 53 88 70 98 52 90 62 7 43 64 91 72 22 3 6 15 8 97 61 73 96 82 76 25 66 68 39 50 79
Coste: -2147483575

GENERACION: 400
Mejor Solucion:  37 40 84 33 51 1 93 95 49 26 81 83 47 18 14 87 20 65 5 27 17 21 57 35 28 60 74 19 85 94 86 10 77 41 4 12 99 36 92 75 2 80 69 32 16 46 67 9 58 48 23 42 31 11 71 56 89 63 0 38 13 29 78 45 30 54 34 59 55 44 24 53 88 70 98 52 90 62 7 43 64 91 72 22 3 6 15 8 97 61 73 96 82 76 25 66 68 39 50 79
Coste: -2147483575

GENERACION: 405
Mejor Solucion:  37 40 84 33 51 1 93 95 49 26 81 83 47 18 14 87 20 65 5 27 17 21 57 35 28 60 74 19 85 94 86 10 77 41 4 12 99 36 92 75 2 80 69 32 16 46 67 9 58 48 23 42 31 11 71 56 89 63 0 38 13 29 78 45 30 54 34 59 55 44 24 53 88 70 98 52 90 62 7 43 64 91 72 22 3 6 15 8 97 61 73 96 82 76 25 66 68 39 50 79
Coste: -2147483575

GENERACION: 410
Mejor Solucion:  37 40 84 33 51 1 93 95 49 26 81 83 47 18 14 87 20 65 5 27 17 21 57 35 28 60 74 19 85 94 86 10 77 41 4 12 99 36 92 75 2 80 69 32 16 46 67 9 58 48 23 42 31 11 71 56 89 63 0 38 13 29 78 45 30 54 34 59 55 44 24 53 88 70 98 52 90 62 7 43 64 91 72 22 3 6 15 8 97 61 73 96 82 76 25 66 68 39 50 79
Coste: -2147483575

GENERACION: 415
Mejor Solucion:  37 40 84 33 51 1 93 95 49 26 81 83 47 18 14 87 20 65 5 27 17 21 57 35 28 60 74 19 85 94 86 10 77 41 4 12 99 36 92 75 2 80 69 32 16 46 67 9 58 48 23 42 31 11 71 56 89 63 0 38 13 29 78 45 30 54 34 59 55 44 24 53 88 70 98 52 90 62 7 43 64 91 72 22 3 6 15 8 97 61 73 96 82 76 25 66 68 39 50 79
Coste: -2147483575

GENERACION: 420
Mejor Solucion:  37 40 84 33 51 1 93 95 49 26 81 83 47 18 14 87 20 65 5 27 17 21 57 35 28 60 74 19 85 94 86 10 77 41 4 12 99 36 92 75 2 80 69 32 16 46 67 9 58 48 23 42 31 11 71 56 89 63 0 38 13 29 78 45 30 54 34 59 55 44 24 53 88 70 98 52 90 62 7 43 64 91 72 22 3 6 15 8 97 61 73 96 82 76 25 66 68 39 50 79
Coste: -2147483575

GENERACION: 425
Mejor Solucion:  37 40 84 33 51 1 93 95 49 26 81 83 47 18 14 87 20 65 5 27 17 21 57 35 28 60 74 19 85 94 86 10 77 41 4 12 99 36 92 75 2 80 69 32 16 46 67 9 58 48 23 42 31 11 71 56 89 63 0 38 13 29 78 45 30 54 34 59 55 44 24 53 88 70 98 52 90 62 7 43 64 91 72 22 3 6 15 8 97 61 73 96 82 76 25 66 68 39 50 79
Coste: -2147483575

GENERACION: 430
Mejor Solucion:  37 40 84 33 51 1 93 95 49 26 81 83 47 18 14 87 20 65 5 27 17 21 57 35 28 60 74 19 85 94 86 10 77 41 4 12 99 36 92 75 2 80 69 32 16 46 67 9 58 48 23 42 31 11 71 56 89 63 0 38 13 29 78 45 30 54 34 59 55 44 24 53 88 70 98 52 90 62 7 43 64 91 72 22 3 6 15 8 97 61 73 96 82 76 25 66 68 39 50 79
Coste: -2147483575

GENERACION: 435
Mejor Solucion:  37 40 84 33 51 1 93 95 49 26 81 83 47 18 14 87 20 65 5 27 17 21 57 35 28 60 74 19 85 94 86 10 77 41 4 12 99 36 92 75 2 80 69 32 16 46 67 9 58 48 23 42 31 11 71 56 89 63 0 38 13 29 78 45 30 54 34 59 55 44 24 53 88 70 98 52 90 62 7 43 64 91 72 22 3 6 15 8 97 61 73 96 82 76 25 66 68 39 50 79
Coste: -2147483575

GENERACION: 440
Mejor Solucion:  37 40 84 33 51 1 93 95 49 26 81 83 47 18 14 87 20 65 5 27 17 21 57 35 28 60 74 19 85 94 86 10 77 41 4 12 99 36 92 75 2 80 69 32 16 46 67 9 58 48 23 42 31 11 71 56 89 63 0 38 13 29 78 45 30 54 34 59 55 44 24 53 88 70 98 52 90 62 7 43 64 91 72 22 3 6 15 8 97 61 73 96 82 76 25 66 68 39 50 79
Coste: -2147483575

GENERACION: 445
Mejor Solucion:  37 40 84 33 51 1 93 95 49 26 81 83 47 18 14 87 20 65 5 27 17 21 57 35 28 60 74 19 85 94 86 10 77 41 4 12 99 36 92 75 2 80 69 32 16 46 67 9 58 48 23 42 31 11 71 56 89 63 0 38 13 29 78 45 30 54 34 59 55 44 24 53 88 70 98 52 90 62 7 43 64 91 72 22 3 6 15 8 97 61 73 96 82 76 25 66 68 39 50 79
Coste: -2147483575

GENERACION: 450
Mejor Solucion:  37 40 84 33 51 1 93 95 49 26 81 83 47 18 14 87 20 65 5 27 17 21 57 35 28 60 74 19 85 94 86 10 77 41 4 12 99 36 92 75 2 80 69 32 16 46 67 9 58 48 23 42 31 11 71 56 89 63 0 38 13 29 78 45 30 54 34 59 55 44 24 53 88 70 98 52 90 62 7 43 64 91 72 22 3 6 15 8 97 61 73 96 82 76 25 66 68 39 50 79
Coste: -2147483575

GENERACION: 455
Mejor Solucion:  37 40 84 33 51 1 93 95 49 26 81 83 47 18 14 87 20 65 5 27 17 21 57 35 28 60 74 19 85 94 86 10 77 41 4 12 99 36 92 75 2 80 69 32 16 46 67 9 58 48 23 42 31 11 71 56 89 63 0 38 13 29 78 45 30 54 34 59 55 44 24 53 88 70 98 52 90 62 7 43 64 91 72 22 3 6 15 8 97 61 73 96 82 76 25 66 68 39 50 79
Coste: -2147483575

GENERACION: 460
Mejor Solucion:  37 40 84 33 51 1 93 95 49 26 81 83 47 18 14 87 20 65 5 27 17 21 57 35 28 60 74 19 85 94 86 10 77 41 4 12 99 36 92 75 2 80 69 32 16 46 67 9 58 48 23 42 31 11 71 56 89 63 0 38 13 29 78 45 30 54 34 59 55 44 24 53 88 70 98 52 90 62 7 43 64 91 72 22 3 6 15 8 97 61 73 96 82 76 25 66 68 39 50 79
Coste: -2147483575

GENERACION: 465
Mejor Solucion:  37 40 84 33 51 1 93 95 49 26 81 83 47 18 14 87 20 65 5 27 17 21 57 35 28 60 74 19 85 94 86 10 77 41 4 12 99 36 92 75 2 80 69 32 16 46 67 9 58 48 23 42 31 11 71 56 89 63 0 38 13 29 78 45 30 54 34 59 55 44 24 53 88 70 98 52 90 62 7 43 64 91 72 22 3 6 15 8 97 61 73 96 82 76 25 66 68 39 50 79
Coste: -2147483575

GENERACION: 470
Mejor Solucion:  37 40 84 33 51 1 93 95 49 26 81 83 47 18 14 87 20 65 5 27 17 21 57 35 28 60 74 19 85 94 86 10 77 41 4 12 99 36 92 75 2 80 69 32 16 46 67 9 58 48 23 42 31 11 71 56 89 63 0 38 13 29 78 45 30 54 34 59 55 44 24 53 88 70 98 52 90 62 7 43 64 91 72 22 3 6 15 8 97 61 73 96 82 76 25 66 68 39 50 79
Coste: -2147483575

GENERACION: 475
Mejor Solucion:  37 40 84 33 51 1 93 95 49 26 81 83 47 18 14 87 20 65 5 27 17 21 57 35 28 60 74 19 85 94 86 10 77 41 4 12 99 36 92 75 2 80 69 32 16 46 67 9 58 48 23 42 31 11 71 56 89 63 0 38 13 29 78 45 30 54 34 59 55 44 24 53 88 70 98 52 90 62 7 43 64 91 72 22 3 6 15 8 97 61 73 96 82 76 25 66 68 39 50 79
Coste: -2147483575

GENERACION: 480
Mejor Solucion:  37 40 84 33 51 1 93 95 49 26 81 83 47 18 14 87 20 65 5 27 17 21 57 35 28 60 74 19 85 94 86 10 77 41 4 12 99 36 92 75 2 80 69 32 16 46 67 9 58 48 23 42 31 11 71 56 89 63 0 38 13 29 78 45 30 54 34 59 55 44 24 53 88 70 98 52 90 62 7 43 64 91 72 22 3 6 15 8 97 61 73 96 82 76 25 66 68 39 50 79
Coste: -2147483575

GENERACION: 485
Mejor Solucion:  37 40 84 33 51 1 93 95 49 26 81 83 47 18 14 87 20 65 5 27 17 21 57 35 28 60 74 19 85 94 86 10 77 41 4 12 99 36 92 75 2 80 69 32 16 46 67 9 58 48 23 42 31 11 71 56 89 63 0 38 13 29 78 45 30 54 34 59 55 44 24 53 88 70 98 52 90 62 7 43 64 91 72 22 3 6 15 8 97 61 73 96 82 76 25 66 68 39 50 79
Coste: -2147483575

GENERACION: 490
Mejor Solucion:  37 40 84 33 51 1 93 95 49 26 81 83 47 18 14 87 20 65 5 27 17 21 57 35 28 60 74 19 85 94 86 10 77 41 4 12 99 36 92 75 2 80 69 32 16 46 67 9 58 48 23 42 31 11 71 56 89 63 0 38 13 29 78 45 30 54 34 59 55 44 24 53 88 70 98 52 90 62 7 43 64 91 72 22 3 6 15 8 97 61 73 96 82 76 25 66 68 39 50 79
Coste: -2147483575

GENERACION: 495
Mejor Solucion:  37 40 84 33 51 1 93 95 49 26 81 83 47 18 14 87 20 65 5 27 17 21 57 35 28 60 74 19 85 94 86 10 77 41 4 12 99 36 92 75 2 80 69 32 16 46 67 9 58 48 23 42 31 11 71 56 89 63 0 38 13 29 78 45 30 54 34 59 55 44 24 53 88 70 98 52 90 62 7 43 64 91 72 22 3 6 15 8 97 61 73 96 82 76 25 66 68 39 50 79
Coste: -2147483575

GENERACION: 500
Mejor Solucion:  37 40 84 33 51 1 93 95 49 26 81 83 47 18 14 87 20 65 5 27 17 21 57 35 28 60 74 19 85 94 86 10 77 41 4 12 99 36 92 75 2 80 69 32 16 46 67 9 58 48 23 42 31 11 71 56 89 63 0 38 13 29 78 45 30 54 34 59 55 44 24 53 88 70 98 52 90 62 7 43 64 91 72 22 3 6 15 8 97 61 73 96 82 76 25 66 68 39 50 79
Coste: -2147483575

GENERACION: 505
Mejor Solucion:  37 40 84 33 51 1 93 95 49 26 81 83 47 18 14 87 20 65 5 27 17 21 57 35 28 60 74 19 85 94 86 10 77 41 4 12 99 36 92 75 2 80 69 32 16 46 67 9 58 48 23 42 31 11 71 56 89 63 0 38 13 29 78 45 30 54 34 59 55 44 24 53 88 70 98 52 90 62 7 43 64 91 72 22 3 6 15 8 97 61 73 96 82 76 25 66 68 39 50 79
Coste: -2147483575

GENERACION: 510
Mejor Solucion:  37 40 84 33 51 1 93 95 49 26 81 83 47 18 14 87 20 65 5 27 17 21 57 35 28 60 74 19 85 94 86 10 77 41 4 12 99 36 92 75 2 80 69 32 16 46 67 9 58 48 23 42 31 11 71 56 89 63 0 38 13 29 78 45 30 54 34 59 55 44 24 53 88 70 98 52 90 62 7 43 64 91 72 22 3 6 15 8 97 61 73 96 82 76 25 66 68 39 50 79
Coste: -2147483575

GENERACION: 515
Mejor Solucion:  37 40 84 33 51 1 93 95 49 26 81 83 47 18 14 87 20 65 5 27 17 21 57 35 28 60 74 19 85 94 86 10 77 41 4 12 99 36 92 75 2 80 69 32 16 46 67 9 58 48 23 42 31 11 71 56 89 63 0 38 13 29 78 45 30 54 34 59 55 44 24 53 88 70 98 52 90 62 7 43 64 91 72 22 3 6 15 8 97 61 73 96 82 76 25 66 68 39 50 79
Coste: -2147483575

GENERACION: 520
Mejor Solucion:  37 40 84 33 51 1 93 95 49 26 81 83 47 18 14 87 20 65 5 27 17 21 57 35 28 60 74 19 85 94 86 10 77 41 4 12 99 36 92 75 2 80 69 32 16 46 67 9 58 48 23 42 31 11 71 56 89 63 0 38 13 29 78 45 30 54 34 59 55 44 24 53 88 70 98 52 90 62 7 43 64 91 72 22 3 6 15 8 97 61 73 96 82 76 25 66 68 39 50 79
Coste: -2147483575

GENERACION: 525
Mejor Solucion:  37 40 84 33 51 1 93 95 49 26 81 83 47 18 14 87 20 65 5 27 17 21 57 35 28 60 74 19 85 94 86 10 77 41 4 12 99 36 92 75 2 80 69 32 16 46 67 9 58 48 23 42 31 11 71 56 89 63 0 38 13 29 78 45 30 54 34 59 55 44 24 53 88 70 98 52 90 62 7 43 64 91 72 22 3 6 15 8 97 61 73 96 82 76 25 66 68 39 50 79
Coste: -2147483575

GENERACION: 530
Mejor Solucion:  37 40 84 33 51 1 93 95 49 26 81 83 47 18 14 87 20 65 5 27 17 21 57 35 28 60 74 19 85 94 86 10 77 41 4 12 99 36 92 75 2 80 69 32 16 46 67 9 58 48 23 42 31 11 71 56 89 63 0 38 13 29 78 45 30 54 34 59 55 44 24 53 88 70 98 52 90 62 7 43 64 91 72 22 3 6 15 8 97 61 73 96 82 76 25 66 68 39 50 79
Coste: -2147483575

GENERACION: 535
Mejor Solucion:  37 40 84 33 51 1 93 95 49 26 81 83 47 18 14 87 20 65 5 27 17 21 57 35 28 60 74 19 85 94 86 10 77 41 4 12 99 36 92 75 2 80 69 32 16 46 67 9 58 48 23 42 31 11 71 56 89 63 0 38 13 29 78 45 30 54 34 59 55 44 24 53 88 70 98 52 90 62 7 43 64 91 72 22 3 6 15 8 97 61 73 96 82 76 25 66 68 39 50 79
Coste: -2147483575

GENERACION: 540
Mejor Solucion:  37 40 84 33 51 1 93 95 49 26 81 83 47 18 14 87 20 65 5 27 17 21 57 35 28 60 74 19 85 94 86 10 77 41 4 12 99 36 92 75 2 80 69 32 16 46 67 9 58 48 23 42 31 11 71 56 89 63 0 38 13 29 78 45 30 54 34 59 55 44 24 53 88 70 98 52 90 62 7 43 64 91 72 22 3 6 15 8 97 61 73 96 82 76 25 66 68 39 50 79
Coste: -2147483575

GENERACION: 545
Mejor Solucion:  37 40 84 33 51 1 93 95 49 26 81 83 47 18 14 87 20 65 5 27 17 21 57 35 28 60 74 19 85 94 86 10 77 41 4 12 99 36 92 75 2 80 69 32 16 46 67 9 58 48 23 42 31 11 71 56 89 63 0 38 13 29 78 45 30 54 34 59 55 44 24 53 88 70 98 52 90 62 7 43 64 91 72 22 3 6 15 8 97 61 73 96 82 76 25 66 68 39 50 79
Coste: -2147483575

GENERACION: 550
Mejor Solucion:  37 40 84 33 51 1 93 95 49 26 81 83 47 18 14 87 20 65 5 27 17 21 57 35 28 60 74 19 85 94 86 10 77 41 4 12 99 36 92 75 2 80 69 32 16 46 67 9 58 48 23 42 31 11 71 56 89 63 0 38 13 29 78 45 30 54 34 59 55 44 24 53 88 70 98 52 90 62 7 43 64 91 72 22 3 6 15 8 97 61 73 96 82 76 25 66 68 39 50 79
Coste: -2147483575

GENERACION: 555
Mejor Solucion:  37 40 84 33 51 1 93 95 49 26 81 83 47 18 14 87 20 65 5 27 17 21 57 35 28 60 74 19 85 94 86 10 77 41 4 12 99 36 92 75 2 80 69 32 16 46 67 9 58 48 23 42 31 11 71 56 89 63 0 38 13 29 78 45 30 54 34 59 55 44 24 53 88 70 98 52 90 62 7 43 64 91 72 22 3 6 15 8 97 61 73 96 82 76 25 66 68 39 50 79
Coste: -2147483575

GENERACION: 560
Mejor Solucion:  37 40 84 33 51 1 93 95 49 26 81 83 47 18 14 87 20 65 5 27 17 21 57 35 28 60 74 19 85 94 86 10 77 41 4 12 99 36 92 75 2 80 69 32 16 46 67 9 58 48 23 42 31 11 71 56 89 63 0 38 13 29 78 45 30 54 34 59 55 44 24 53 88 70 98 52 90 62 7 43 64 91 72 22 3 6 15 8 97 61 73 96 82 76 25 66 68 39 50 79
Coste: -2147483575

GENERACION: 565
Mejor Solucion:  37 40 84 33 51 1 93 95 49 26 81 83 47 18 14 87 20 65 5 27 17 21 57 35 28 60 74 19 85 94 86 10 77 41 4 12 99 36 92 75 2 80 69 32 16 46 67 9 58 48 23 42 31 11 71 56 89 63 0 38 13 29 78 45 30 54 34 59 55 44 24 53 88 70 98 52 90 62 7 43 64 91 72 22 3 6 15 8 97 61 73 96 82 76 25 66 68 39 50 79
Coste: -2147483575

GENERACION: 570
Mejor Solucion:  37 40 84 33 51 1 93 95 49 26 81 83 47 18 14 87 20 65 5 27 17 21 57 35 28 60 74 19 85 94 86 10 77 41 4 12 99 36 92 75 2 80 69 32 16 46 67 9 58 48 23 42 31 11 71 56 89 63 0 38 13 29 78 45 30 54 34 59 55 44 24 53 88 70 98 52 90 62 7 43 64 91 72 22 3 6 15 8 97 61 73 96 82 76 25 66 68 39 50 79
Coste: -2147483575

GENERACION: 575
Mejor Solucion:  37 40 84 33 51 1 93 95 49 26 81 83 47 18 14 87 20 65 5 27 17 21 57 35 28 60 74 19 85 94 86 10 77 41 4 12 99 36 92 75 2 80 69 32 16 46 67 9 58 48 23 42 31 11 71 56 89 63 0 38 13 29 78 45 30 54 34 59 55 44 24 53 88 70 98 52 90 62 7 43 64 91 72 22 3 6 15 8 97 61 73 96 82 76 25 66 68 39 50 79
Coste: -2147483575

GENERACION: 580
Mejor Solucion:  37 40 84 33 51 1 93 95 49 26 81 83 47 18 14 87 20 65 5 27 17 21 57 35 28 60 74 19 85 94 86 10 77 41 4 12 99 36 92 75 2 80 69 32 16 46 67 9 58 48 23 42 31 11 71 56 89 63 0 38 13 29 78 45 30 54 34 59 55 44 24 53 88 70 98 52 90 62 7 43 64 91 72 22 3 6 15 8 97 61 73 96 82 76 25 66 68 39 50 79
Coste: -2147483575

GENERACION: 585
Mejor Solucion:  37 40 84 33 51 1 93 95 49 26 81 83 47 18 14 87 20 65 5 27 17 21 57 35 28 60 74 19 85 94 86 10 77 41 4 12 99 36 92 75 2 80 69 32 16 46 67 9 58 48 23 42 31 11 71 56 89 63 0 38 13 29 78 45 30 54 34 59 55 44 24 53 88 70 98 52 90 62 7 43 64 91 72 22 3 6 15 8 97 61 73 96 82 76 25 66 68 39 50 79
Coste: -2147483575

GENERACION: 590
Mejor Solucion:  37 40 84 33 51 1 93 95 49 26 81 83 47 18 14 87 20 65 5 27 17 21 57 35 28 60 74 19 85 94 86 10 77 41 4 12 99 36 92 75 2 80 69 32 16 46 67 9 58 48 23 42 31 11 71 56 89 63 0 38 13 29 78 45 30 54 34 59 55 44 24 53 88 70 98 52 90 62 7 43 64 91 72 22 3 6 15 8 97 61 73 96 82 76 25 66 68 39 50 79
Coste: -2147483575

GENERACION: 595
Mejor Solucion:  37 40 84 33 51 1 93 95 49 26 81 83 47 18 14 87 20 65 5 27 17 21 57 35 28 60 74 19 85 94 86 10 77 41 4 12 99 36 92 75 2 80 69 32 16 46 67 9 58 48 23 42 31 11 71 56 89 63 0 38 13 29 78 45 30 54 34 59 55 44 24 53 88 70 98 52 90 62 7 43 64 91 72 22 3 6 15 8 97 61 73 96 82 76 25 66 68 39 50 79
Coste: -2147483575

GENERACION: 600
Mejor Solucion:  37 40 84 33 51 1 93 95 49 26 81 83 47 18 14 87 20 65 5 27 17 21 57 35 28 60 74 19 85 94 86 10 77 41 4 12 99 36 92 75 2 80 69 32 16 46 67 9 58 48 23 42 31 11 71 56 89 63 0 38 13 29 78 45 30 54 34 59 55 44 24 53 88 70 98 52 90 62 7 43 64 91 72 22 3 6 15 8 97 61 73 96 82 76 25 66 68 39 50 79
Coste: -2147483575

GENERACION: 605
Mejor Solucion:  37 40 84 33 51 1 93 95 49 26 81 83 47 18 14 87 20 65 5 27 17 21 57 35 28 60 74 19 85 94 86 10 77 41 4 12 99 36 92 75 2 80 69 32 16 46 67 9 58 48 23 42 31 11 71 56 89 63 0 38 13 29 78 45 30 54 34 59 55 44 24 53 88 70 98 52 90 62 7 43 64 91 72 22 3 6 15 8 97 61 73 96 82 76 25 66 68 39 50 79
Coste: -2147483575

GENERACION: 610
Mejor Solucion:  37 40 84 33 51 1 93 95 49 26 81 83 47 18 14 87 20 65 5 27 17 21 57 35 28 60 74 19 85 94 86 10 77 41 4 12 99 36 92 75 2 80 69 32 16 46 67 9 58 48 23 42 31 11 71 56 89 63 0 38 13 29 78 45 30 54 34 59 55 44 24 53 88 70 98 52 90 62 7 43 64 91 72 22 3 6 15 8 97 61 73 96 82 76 25 66 68 39 50 79
Coste: -2147483575

GENERACION: 615
Mejor Solucion:  37 40 84 33 51 1 93 95 49 26 81 83 47 18 14 87 20 65 5 27 17 21 57 35 28 60 74 19 85 94 86 10 77 41 4 12 99 36 92 75 2 80 69 32 16 46 67 9 58 48 23 42 31 11 71 56 89 63 0 38 13 29 78 45 30 54 34 59 55 44 24 53 88 70 98 52 90 62 7 43 64 91 72 22 3 6 15 8 97 61 73 96 82 76 25 66 68 39 50 79
Coste: -2147483575

GENERACION: 620
Mejor Solucion:  37 40 84 33 51 1 93 95 49 26 81 83 47 18 14 87 20 65 5 27 17 21 57 35 28 60 74 19 85 94 86 10 77 41 4 12 99 36 92 75 2 80 69 32 16 46 67 9 58 48 23 42 31 11 71 56 89 63 0 38 13 29 78 45 30 54 34 59 55 44 24 53 88 70 98 52 90 62 7 43 64 91 72 22 3 6 15 8 97 61 73 96 82 76 25 66 68 39 50 79
Coste: -2147483575

GENERACION: 625
Mejor Solucion:  37 40 84 33 51 1 93 95 49 26 81 83 47 18 14 87 20 65 5 27 17 21 57 35 28 60 74 19 85 94 86 10 77 41 4 12 99 36 92 75 2 80 69 32 16 46 67 9 58 48 23 42 31 11 71 56 89 63 0 38 13 29 78 45 30 54 34 59 55 44 24 53 88 70 98 52 90 62 7 43 64 91 72 22 3 6 15 8 97 61 73 96 82 76 25 66 68 39 50 79
Coste: -2147483575

GENERACION: 630
Mejor Solucion:  37 40 84 33 51 1 93 95 49 26 81 83 47 18 14 87 20 65 5 27 17 21 57 35 28 60 74 19 85 94 86 10 77 41 4 12 99 36 92 75 2 80 69 32 16 46 67 9 58 48 23 42 31 11 71 56 89 63 0 38 13 29 78 45 30 54 34 59 55 44 24 53 88 70 98 52 90 62 7 43 64 91 72 22 3 6 15 8 97 61 73 96 82 76 25 66 68 39 50 79
Coste: -2147483575

GENERACION: 635
Mejor Solucion:  37 40 84 33 51 1 93 95 49 26 81 83 47 18 14 87 20 65 5 27 17 21 57 35 28 60 74 19 85 94 86 10 77 41 4 12 99 36 92 75 2 80 69 32 16 46 67 9 58 48 23 42 31 11 71 56 89 63 0 38 13 29 78 45 30 54 34 59 55 44 24 53 88 70 98 52 90 62 7 43 64 91 72 22 3 6 15 8 97 61 73 96 82 76 25 66 68 39 50 79
Coste: -2147483575

GENERACION: 640
Mejor Solucion:  37 40 84 33 51 1 93 95 49 26 81 83 47 18 14 87 20 65 5 27 17 21 57 35 28 60 74 19 85 94 86 10 77 41 4 12 99 36 92 75 2 80 69 32 16 46 67 9 58 48 23 42 31 11 71 56 89 63 0 38 13 29 78 45 30 54 34 59 55 44 24 53 88 70 98 52 90 62 7 43 64 91 72 22 3 6 15 8 97 61 73 96 82 76 25 66 68 39 50 79
Coste: -2147483575

GENERACION: 645
Mejor Solucion:  37 40 84 33 51 1 93 95 49 26 81 83 47 18 14 87 20 65 5 27 17 21 57 35 28 60 74 19 85 94 86 10 77 41 4 12 99 36 92 75 2 80 69 32 16 46 67 9 58 48 23 42 31 11 71 56 89 63 0 38 13 29 78 45 30 54 34 59 55 44 24 53 88 70 98 52 90 62 7 43 64 91 72 22 3 6 15 8 97 61 73 96 82 76 25 66 68 39 50 79
Coste: -2147483575

GENERACION: 650
Mejor Solucion:  37 40 84 33 51 1 93 95 49 26 81 83 47 18 14 87 20 65 5 27 17 21 57 35 28 60 74 19 85 94 86 10 77 41 4 12 99 36 92 75 2 80 69 32 16 46 67 9 58 48 23 42 31 11 71 56 89 63 0 38 13 29 78 45 30 54 34 59 55 44 24 53 88 70 98 52 90 62 7 43 64 91 72 22 3 6 15 8 97 61 73 96 82 76 25 66 68 39 50 79
Coste: -2147483575

GENERACION: 655
Mejor Solucion:  37 40 84 33 51 1 93 95 49 26 81 83 47 18 14 87 20 65 5 27 17 21 57 35 28 60 74 19 85 94 86 10 77 41 4 12 99 36 92 75 2 80 69 32 16 46 67 9 58 48 23 42 31 11 71 56 89 63 0 38 13 29 78 45 30 54 34 59 55 44 24 53 88 70 98 52 90 62 7 43 64 91 72 22 3 6 15 8 97 61 73 96 82 76 25 66 68 39 50 79
Coste: -2147483575

GENERACION: 660
Mejor Solucion:  37 40 84 33 51 1 93 95 49 26 81 83 47 18 14 87 20 65 5 27 17 21 57 35 28 60 74 19 85 94 86 10 77 41 4 12 99 36 92 75 2 80 69 32 16 46 67 9 58 48 23 42 31 11 71 56 89 63 0 38 13 29 78 45 30 54 34 59 55 44 24 53 88 70 98 52 90 62 7 43 64 91 72 22 3 6 15 8 97 61 73 96 82 76 25 66 68 39 50 79
Coste: -2147483575

GENERACION: 665
Mejor Solucion:  37 40 84 33 51 1 93 95 49 26 81 83 47 18 14 87 20 65 5 27 17 21 57 35 28 60 74 19 85 94 86 10 77 41 4 12 99 36 92 75 2 80 69 32 16 46 67 9 58 48 23 42 31 11 71 56 89 63 0 38 13 29 78 45 30 54 34 59 55 44 24 53 88 70 98 52 90 62 7 43 64 91 72 22 3 6 15 8 97 61 73 96 82 76 25 66 68 39 50 79
Coste: -2147483575

GENERACION: 670
Mejor Solucion:  37 40 84 33 51 1 93 95 49 26 81 83 47 18 14 87 20 65 5 27 17 21 57 35 28 60 74 19 85 94 86 10 77 41 4 12 99 36 92 75 2 80 69 32 16 46 67 9 58 48 23 42 31 11 71 56 89 63 0 38 13 29 78 45 30 54 34 59 55 44 24 53 88 70 98 52 90 62 7 43 64 91 72 22 3 6 15 8 97 61 73 96 82 76 25 66 68 39 50 79
Coste: -2147483575

GENERACION: 675
Mejor Solucion:  37 40 84 33 51 1 93 95 49 26 81 83 47 18 14 87 20 65 5 27 17 21 57 35 28 60 74 19 85 94 86 10 77 41 4 12 99 36 92 75 2 80 69 32 16 46 67 9 58 48 23 42 31 11 71 56 89 63 0 38 13 29 78 45 30 54 34 59 55 44 24 53 88 70 98 52 90 62 7 43 64 91 72 22 3 6 15 8 97 61 73 96 82 76 25 66 68 39 50 79
Coste: -2147483575

GENERACION: 680
Mejor Solucion:  37 40 84 33 51 1 93 95 49 26 81 83 47 18 14 87 20 65 5 27 17 21 57 35 28 60 74 19 85 94 86 10 77 41 4 12 99 36 92 75 2 80 69 32 16 46 67 9 58 48 23 42 31 11 71 56 89 63 0 38 13 29 78 45 30 54 34 59 55 44 24 53 88 70 98 52 90 62 7 43 64 91 72 22 3 6 15 8 97 61 73 96 82 76 25 66 68 39 50 79
Coste: -2147483575

GENERACION: 685
Mejor Solucion:  37 40 84 33 51 1 93 95 49 26 81 83 47 18 14 87 20 65 5 27 17 21 57 35 28 60 74 19 85 94 86 10 77 41 4 12 99 36 92 75 2 80 69 32 16 46 67 9 58 48 23 42 31 11 71 56 89 63 0 38 13 29 78 45 30 54 34 59 55 44 24 53 88 70 98 52 90 62 7 43 64 91 72 22 3 6 15 8 97 61 73 96 82 76 25 66 68 39 50 79
Coste: -2147483575

GENERACION: 690
Mejor Solucion:  37 40 84 33 51 1 93 95 49 26 81 83 47 18 14 87 20 65 5 27 17 21 57 35 28 60 74 19 85 94 86 10 77 41 4 12 99 36 92 75 2 80 69 32 16 46 67 9 58 48 23 42 31 11 71 56 89 63 0 38 13 29 78 45 30 54 34 59 55 44 24 53 88 70 98 52 90 62 7 43 64 91 72 22 3 6 15 8 97 61 73 96 82 76 25 66 68 39 50 79
Coste: -2147483575

GENERACION: 695
Mejor Solucion:  37 40 84 33 51 1 93 95 49 26 81 83 47 18 14 87 20 65 5 27 17 21 57 35 28 60 74 19 85 94 86 10 77 41 4 12 99 36 92 75 2 80 69 32 16 46 67 9 58 48 23 42 31 11 71 56 89 63 0 38 13 29 78 45 30 54 34 59 55 44 24 53 88 70 98 52 90 62 7 43 64 91 72 22 3 6 15 8 97 61 73 96 82 76 25 66 68 39 50 79
Coste: -2147483575

GENERACION: 700
Mejor Solucion:  37 40 84 33 51 1 93 95 49 26 81 83 47 18 14 87 20 65 5 27 17 21 57 35 28 60 74 19 85 94 86 10 77 41 4 12 99 36 92 75 2 80 69 32 16 46 67 9 58 48 23 42 31 11 71 56 89 63 0 38 13 29 78 45 30 54 34 59 55 44 24 53 88 70 98 52 90 62 7 43 64 91 72 22 3 6 15 8 97 61 73 96 82 76 25 66 68 39 50 79
Coste: -2147483575

GENERACION: 705
Mejor Solucion:  37 40 84 33 51 1 93 95 49 26 81 83 47 18 14 87 20 65 5 27 17 21 57 35 28 60 74 19 85 94 86 10 77 41 4 12 99 36 92 75 2 80 69 32 16 46 67 9 58 48 23 42 31 11 71 56 89 63 0 38 13 29 78 45 30 54 34 59 55 44 24 53 88 70 98 52 90 62 7 43 64 91 72 22 3 6 15 8 97 61 73 96 82 76 25 66 68 39 50 79
Coste: -2147483575

GENERACION: 710
Mejor Solucion:  37 40 84 33 51 1 93 95 49 26 81 83 47 18 14 87 20 65 5 27 17 21 57 35 28 60 74 19 85 94 86 10 77 41 4 12 99 36 92 75 2 80 69 32 16 46 67 9 58 48 23 42 31 11 71 56 89 63 0 38 13 29 78 45 30 54 34 59 55 44 24 53 88 70 98 52 90 62 7 43 64 91 72 22 3 6 15 8 97 61 73 96 82 76 25 66 68 39 50 79
Coste: -2147483575

GENERACION: 715
Mejor Solucion:  37 40 84 33 51 1 93 95 49 26 81 83 47 18 14 87 20 65 5 27 17 21 57 35 28 60 74 19 85 94 86 10 77 41 4 12 99 36 92 75 2 80 69 32 16 46 67 9 58 48 23 42 31 11 71 56 89 63 0 38 13 29 78 45 30 54 34 59 55 44 24 53 88 70 98 52 90 62 7 43 64 91 72 22 3 6 15 8 97 61 73 96 82 76 25 66 68 39 50 79
Coste: -2147483575

GENERACION: 720
Mejor Solucion:  37 40 84 33 51 1 93 95 49 26 81 83 47 18 14 87 20 65 5 27 17 21 57 35 28 60 74 19 85 94 86 10 77 41 4 12 99 36 92 75 2 80 69 32 16 46 67 9 58 48 23 42 31 11 71 56 89 63 0 38 13 29 78 45 30 54 34 59 55 44 24 53 88 70 98 52 90 62 7 43 64 91 72 22 3 6 15 8 97 61 73 96 82 76 25 66 68 39 50 79
Coste: -2147483575

GENERACION: 725
Mejor Solucion:  37 40 84 33 51 1 93 95 49 26 81 83 47 18 14 87 20 65 5 27 17 21 57 35 28 60 74 19 85 94 86 10 77 41 4 12 99 36 92 75 2 80 69 32 16 46 67 9 58 48 23 42 31 11 71 56 89 63 0 38 13 29 78 45 30 54 34 59 55 44 24 53 88 70 98 52 90 62 7 43 64 91 72 22 3 6 15 8 97 61 73 96 82 76 25 66 68 39 50 79
Coste: -2147483575

GENERACION: 730
Mejor Solucion:  37 40 84 33 51 1 93 95 49 26 81 83 47 18 14 87 20 65 5 27 17 21 57 35 28 60 74 19 85 94 86 10 77 41 4 12 99 36 92 75 2 80 69 32 16 46 67 9 58 48 23 42 31 11 71 56 89 63 0 38 13 29 78 45 30 54 34 59 55 44 24 53 88 70 98 52 90 62 7 43 64 91 72 22 3 6 15 8 97 61 73 96 82 76 25 66 68 39 50 79
Coste: -2147483575

GENERACION: 735
Mejor Solucion:  37 40 84 33 51 1 93 95 49 26 81 83 47 18 14 87 20 65 5 27 17 21 57 35 28 60 74 19 85 94 86 10 77 41 4 12 99 36 92 75 2 80 69 32 16 46 67 9 58 48 23 42 31 11 71 56 89 63 0 38 13 29 78 45 30 54 34 59 55 44 24 53 88 70 98 52 90 62 7 43 64 91 72 22 3 6 15 8 97 61 73 96 82 76 25 66 68 39 50 79
Coste: -2147483575

GENERACION: 740
Mejor Solucion:  37 40 84 33 51 1 93 95 49 26 81 83 47 18 14 87 20 65 5 27 17 21 57 35 28 60 74 19 85 94 86 10 77 41 4 12 99 36 92 75 2 80 69 32 16 46 67 9 58 48 23 42 31 11 71 56 89 63 0 38 13 29 78 45 30 54 34 59 55 44 24 53 88 70 98 52 90 62 7 43 64 91 72 22 3 6 15 8 97 61 73 96 82 76 25 66 68 39 50 79
Coste: -2147483575

GENERACION: 745
Mejor Solucion:  37 40 84 33 51 1 93 95 49 26 81 83 47 18 14 87 20 65 5 27 17 21 57 35 28 60 74 19 85 94 86 10 77 41 4 12 99 36 92 75 2 80 69 32 16 46 67 9 58 48 23 42 31 11 71 56 89 63 0 38 13 29 78 45 30 54 34 59 55 44 24 53 88 70 98 52 90 62 7 43 64 91 72 22 3 6 15 8 97 61 73 96 82 76 25 66 68 39 50 79
Coste: -2147483575

GENERACION: 750
Mejor Solucion:  37 40 84 33 51 1 93 95 49 26 81 83 47 18 14 87 20 65 5 27 17 21 57 35 28 60 74 19 85 94 86 10 77 41 4 12 99 36 92 75 2 80 69 32 16 46 67 9 58 48 23 42 31 11 71 56 89 63 0 38 13 29 78 45 30 54 34 59 55 44 24 53 88 70 98 52 90 62 7 43 64 91 72 22 3 6 15 8 97 61 73 96 82 76 25 66 68 39 50 79
Coste: -2147483575

GENERACION: 755
Mejor Solucion:  37 40 84 33 51 1 93 95 49 26 81 83 47 18 14 87 20 65 5 27 17 21 57 35 28 60 74 19 85 94 86 10 77 41 4 12 99 36 92 75 2 80 69 32 16 46 67 9 58 48 23 42 31 11 71 56 89 63 0 38 13 29 78 45 30 54 34 59 55 44 24 53 88 70 98 52 90 62 7 43 64 91 72 22 3 6 15 8 97 61 73 96 82 76 25 66 68 39 50 79
Coste: -2147483575

GENERACION: 760
Mejor Solucion:  37 40 84 33 51 1 93 95 49 26 81 83 47 18 14 87 20 65 5 27 17 21 57 35 28 60 74 19 85 94 86 10 77 41 4 12 99 36 92 75 2 80 69 32 16 46 67 9 58 48 23 42 31 11 71 56 89 63 0 38 13 29 78 45 30 54 34 59 55 44 24 53 88 70 98 52 90 62 7 43 64 91 72 22 3 6 15 8 97 61 73 96 82 76 25 66 68 39 50 79
Coste: -2147483575

GENERACION: 765
Mejor Solucion:  37 40 84 33 51 1 93 95 49 26 81 83 47 18 14 87 20 65 5 27 17 21 57 35 28 60 74 19 85 94 86 10 77 41 4 12 99 36 92 75 2 80 69 32 16 46 67 9 58 48 23 42 31 11 71 56 89 63 0 38 13 29 78 45 30 54 34 59 55 44 24 53 88 70 98 52 90 62 7 43 64 91 72 22 3 6 15 8 97 61 73 96 82 76 25 66 68 39 50 79
Coste: -2147483575

GENERACION: 770
Mejor Solucion:  37 40 84 33 51 1 93 95 49 26 81 83 47 18 14 87 20 65 5 27 17 21 57 35 28 60 74 19 85 94 86 10 77 41 4 12 99 36 92 75 2 80 69 32 16 46 67 9 58 48 23 42 31 11 71 56 89 63 0 38 13 29 78 45 30 54 34 59 55 44 24 53 88 70 98 52 90 62 7 43 64 91 72 22 3 6 15 8 97 61 73 96 82 76 25 66 68 39 50 79
Coste: -2147483575

GENERACION: 775
Mejor Solucion:  37 40 84 33 51 1 93 95 49 26 81 83 47 18 14 87 20 65 5 27 17 21 57 35 28 60 74 19 85 94 86 10 77 41 4 12 99 36 92 75 2 80 69 32 16 46 67 9 58 48 23 42 31 11 71 56 89 63 0 38 13 29 78 45 30 54 34 59 55 44 24 53 88 70 98 52 90 62 7 43 64 91 72 22 3 6 15 8 97 61 73 96 82 76 25 66 68 39 50 79
Coste: -2147483575

GENERACION: 780
Mejor Solucion:  37 40 84 33 51 1 93 95 49 26 81 83 47 18 14 87 20 65 5 27 17 21 57 35 28 60 74 19 85 94 86 10 77 41 4 12 99 36 92 75 2 80 69 32 16 46 67 9 58 48 23 42 31 11 71 56 89 63 0 38 13 29 78 45 30 54 34 59 55 44 24 53 88 70 98 52 90 62 7 43 64 91 72 22 3 6 15 8 97 61 73 96 82 76 25 66 68 39 50 79
Coste: -2147483575

GENERACION: 785
Mejor Solucion:  37 40 84 33 51 1 93 95 49 26 81 83 47 18 14 87 20 65 5 27 17 21 57 35 28 60 74 19 85 94 86 10 77 41 4 12 99 36 92 75 2 80 69 32 16 46 67 9 58 48 23 42 31 11 71 56 89 63 0 38 13 29 78 45 30 54 34 59 55 44 24 53 88 70 98 52 90 62 7 43 64 91 72 22 3 6 15 8 97 61 73 96 82 76 25 66 68 39 50 79
Coste: -2147483575

GENERACION: 790
Mejor Solucion:  37 40 84 33 51 1 93 95 49 26 81 83 47 18 14 87 20 65 5 27 17 21 57 35 28 60 74 19 85 94 86 10 77 41 4 12 99 36 92 75 2 80 69 32 16 46 67 9 58 48 23 42 31 11 71 56 89 63 0 38 13 29 78 45 30 54 34 59 55 44 24 53 88 70 98 52 90 62 7 43 64 91 72 22 3 6 15 8 97 61 73 96 82 76 25 66 68 39 50 79
Coste: -2147483575

GENERACION: 795
Mejor Solucion:  37 40 84 33 51 1 93 95 49 26 81 83 47 18 14 87 20 65 5 27 17 21 57 35 28 60 74 19 85 94 86 10 77 41 4 12 99 36 92 75 2 80 69 32 16 46 67 9 58 48 23 42 31 11 71 56 89 63 0 38 13 29 78 45 30 54 34 59 55 44 24 53 88 70 98 52 90 62 7 43 64 91 72 22 3 6 15 8 97 61 73 96 82 76 25 66 68 39 50 79
Coste: -2147483575

GENERACION: 800
Mejor Solucion:  37 40 84 33 51 1 93 95 49 26 81 83 47 18 14 87 20 65 5 27 17 21 57 35 28 60 74 19 85 94 86 10 77 41 4 12 99 36 92 75 2 80 69 32 16 46 67 9 58 48 23 42 31 11 71 56 89 63 0 38 13 29 78 45 30 54 34 59 55 44 24 53 88 70 98 52 90 62 7 43 64 91 72 22 3 6 15 8 97 61 73 96 82 76 25 66 68 39 50 79
Coste: -2147483575

GENERACION: 805
Mejor Solucion:  37 40 84 33 51 1 93 95 49 26 81 83 47 18 14 87 20 65 5 27 17 21 57 35 28 60 74 19 85 94 86 10 77 41 4 12 99 36 92 75 2 80 69 32 16 46 67 9 58 48 23 42 31 11 71 56 89 63 0 38 13 29 78 45 30 54 34 59 55 44 24 53 88 70 98 52 90 62 7 43 64 91 72 22 3 6 15 8 97 61 73 96 82 76 25 66 68 39 50 79
Coste: -2147483575

GENERACION: 810
Mejor Solucion:  37 40 84 33 51 1 93 95 49 26 81 83 47 18 14 87 20 65 5 27 17 21 57 35 28 60 74 19 85 94 86 10 77 41 4 12 99 36 92 75 2 80 69 32 16 46 67 9 58 48 23 42 31 11 71 56 89 63 0 38 13 29 78 45 30 54 34 59 55 44 24 53 88 70 98 52 90 62 7 43 64 91 72 22 3 6 15 8 97 61 73 96 82 76 25 66 68 39 50 79
Coste: -2147483575

GENERACION: 815
Mejor Solucion:  37 40 84 33 51 1 93 95 49 26 81 83 47 18 14 87 20 65 5 27 17 21 57 35 28 60 74 19 85 94 86 10 77 41 4 12 99 36 92 75 2 80 69 32 16 46 67 9 58 48 23 42 31 11 71 56 89 63 0 38 13 29 78 45 30 54 34 59 55 44 24 53 88 70 98 52 90 62 7 43 64 91 72 22 3 6 15 8 97 61 73 96 82 76 25 66 68 39 50 79
Coste: -2147483575

GENERACION: 820
Mejor Solucion:  37 40 84 33 51 1 93 95 49 26 81 83 47 18 14 87 20 65 5 27 17 21 57 35 28 60 74 19 85 94 86 10 77 41 4 12 99 36 92 75 2 80 69 32 16 46 67 9 58 48 23 42 31 11 71 56 89 63 0 38 13 29 78 45 30 54 34 59 55 44 24 53 88 70 98 52 90 62 7 43 64 91 72 22 3 6 15 8 97 61 73 96 82 76 25 66 68 39 50 79
Coste: -2147483575

GENERACION: 825
Mejor Solucion:  37 40 84 33 51 1 93 95 49 26 81 83 47 18 14 87 20 65 5 27 17 21 57 35 28 60 74 19 85 94 86 10 77 41 4 12 99 36 92 75 2 80 69 32 16 46 67 9 58 48 23 42 31 11 71 56 89 63 0 38 13 29 78 45 30 54 34 59 55 44 24 53 88 70 98 52 90 62 7 43 64 91 72 22 3 6 15 8 97 61 73 96 82 76 25 66 68 39 50 79
Coste: -2147483575

GENERACION: 830
Mejor Solucion:  37 40 84 33 51 1 93 95 49 26 81 83 47 18 14 87 20 65 5 27 17 21 57 35 28 60 74 19 85 94 86 10 77 41 4 12 99 36 92 75 2 80 69 32 16 46 67 9 58 48 23 42 31 11 71 56 89 63 0 38 13 29 78 45 30 54 34 59 55 44 24 53 88 70 98 52 90 62 7 43 64 91 72 22 3 6 15 8 97 61 73 96 82 76 25 66 68 39 50 79
Coste: -2147483575

GENERACION: 835
Mejor Solucion:  37 40 84 33 51 1 93 95 49 26 81 83 47 18 14 87 20 65 5 27 17 21 57 35 28 60 74 19 85 94 86 10 77 41 4 12 99 36 92 75 2 80 69 32 16 46 67 9 58 48 23 42 31 11 71 56 89 63 0 38 13 29 78 45 30 54 34 59 55 44 24 53 88 70 98 52 90 62 7 43 64 91 72 22 3 6 15 8 97 61 73 96 82 76 25 66 68 39 50 79
Coste: -2147483575

GENERACION: 840
Mejor Solucion:  37 40 84 33 51 1 93 95 49 26 81 83 47 18 14 87 20 65 5 27 17 21 57 35 28 60 74 19 85 94 86 10 77 41 4 12 99 36 92 75 2 80 69 32 16 46 67 9 58 48 23 42 31 11 71 56 89 63 0 38 13 29 78 45 30 54 34 59 55 44 24 53 88 70 98 52 90 62 7 43 64 91 72 22 3 6 15 8 97 61 73 96 82 76 25 66 68 39 50 79
Coste: -2147483575

GENERACION: 845
Mejor Solucion:  37 40 84 33 51 1 93 95 49 26 81 83 47 18 14 87 20 65 5 27 17 21 57 35 28 60 74 19 85 94 86 10 77 41 4 12 99 36 92 75 2 80 69 32 16 46 67 9 58 48 23 42 31 11 71 56 89 63 0 38 13 29 78 45 30 54 34 59 55 44 24 53 88 70 98 52 90 62 7 43 64 91 72 22 3 6 15 8 97 61 73 96 82 76 25 66 68 39 50 79
Coste: -2147483575

GENERACION: 850
Mejor Solucion:  37 40 84 33 51 1 93 95 49 26 81 83 47 18 14 87 20 65 5 27 17 21 57 35 28 60 74 19 85 94 86 10 77 41 4 12 99 36 92 75 2 80 69 32 16 46 67 9 58 48 23 42 31 11 71 56 89 63 0 38 13 29 78 45 30 54 34 59 55 44 24 53 88 70 98 52 90 62 7 43 64 91 72 22 3 6 15 8 97 61 73 96 82 76 25 66 68 39 50 79
Coste: -2147483575

GENERACION: 855
Mejor Solucion:  37 40 84 33 51 1 93 95 49 26 81 83 47 18 14 87 20 65 5 27 17 21 57 35 28 60 74 19 85 94 86 10 77 41 4 12 99 36 92 75 2 80 69 32 16 46 67 9 58 48 23 42 31 11 71 56 89 63 0 38 13 29 78 45 30 54 34 59 55 44 24 53 88 70 98 52 90 62 7 43 64 91 72 22 3 6 15 8 97 61 73 96 82 76 25 66 68 39 50 79
Coste: -2147483575

GENERACION: 860
Mejor Solucion:  37 40 84 33 51 1 93 95 49 26 81 83 47 18 14 87 20 65 5 27 17 21 57 35 28 60 74 19 85 94 86 10 77 41 4 12 99 36 92 75 2 80 69 32 16 46 67 9 58 48 23 42 31 11 71 56 89 63 0 38 13 29 78 45 30 54 34 59 55 44 24 53 88 70 98 52 90 62 7 43 64 91 72 22 3 6 15 8 97 61 73 96 82 76 25 66 68 39 50 79
Coste: -2147483575

GENERACION: 865
Mejor Solucion:  37 40 84 33 51 1 93 95 49 26 81 83 47 18 14 87 20 65 5 27 17 21 57 35 28 60 74 19 85 94 86 10 77 41 4 12 99 36 92 75 2 80 69 32 16 46 67 9 58 48 23 42 31 11 71 56 89 63 0 38 13 29 78 45 30 54 34 59 55 44 24 53 88 70 98 52 90 62 7 43 64 91 72 22 3 6 15 8 97 61 73 96 82 76 25 66 68 39 50 79
Coste: -2147483575

GENERACION: 870
Mejor Solucion:  37 40 84 33 51 1 93 95 49 26 81 83 47 18 14 87 20 65 5 27 17 21 57 35 28 60 74 19 85 94 86 10 77 41 4 12 99 36 92 75 2 80 69 32 16 46 67 9 58 48 23 42 31 11 71 56 89 63 0 38 13 29 78 45 30 54 34 59 55 44 24 53 88 70 98 52 90 62 7 43 64 91 72 22 3 6 15 8 97 61 73 96 82 76 25 66 68 39 50 79
Coste: -2147483575

GENERACION: 875
Mejor Solucion:  37 40 84 33 51 1 93 95 49 26 81 83 47 18 14 87 20 65 5 27 17 21 57 35 28 60 74 19 85 94 86 10 77 41 4 12 99 36 92 75 2 80 69 32 16 46 67 9 58 48 23 42 31 11 71 56 89 63 0 38 13 29 78 45 30 54 34 59 55 44 24 53 88 70 98 52 90 62 7 43 64 91 72 22 3 6 15 8 97 61 73 96 82 76 25 66 68 39 50 79
Coste: -2147483575

GENERACION: 880
Mejor Solucion:  37 40 84 33 51 1 93 95 49 26 81 83 47 18 14 87 20 65 5 27 17 21 57 35 28 60 74 19 85 94 86 10 77 41 4 12 99 36 92 75 2 80 69 32 16 46 67 9 58 48 23 42 31 11 71 56 89 63 0 38 13 29 78 45 30 54 34 59 55 44 24 53 88 70 98 52 90 62 7 43 64 91 72 22 3 6 15 8 97 61 73 96 82 76 25 66 68 39 50 79
Coste: -2147483575

GENERACION: 885
Mejor Solucion:  37 40 84 33 51 1 93 95 49 26 81 83 47 18 14 87 20 65 5 27 17 21 57 35 28 60 74 19 85 94 86 10 77 41 4 12 99 36 92 75 2 80 69 32 16 46 67 9 58 48 23 42 31 11 71 56 89 63 0 38 13 29 78 45 30 54 34 59 55 44 24 53 88 70 98 52 90 62 7 43 64 91 72 22 3 6 15 8 97 61 73 96 82 76 25 66 68 39 50 79
Coste: -2147483575

GENERACION: 890
Mejor Solucion:  37 40 84 33 51 1 93 95 49 26 81 83 47 18 14 87 20 65 5 27 17 21 57 35 28 60 74 19 85 94 86 10 77 41 4 12 99 36 92 75 2 80 69 32 16 46 67 9 58 48 23 42 31 11 71 56 89 63 0 38 13 29 78 45 30 54 34 59 55 44 24 53 88 70 98 52 90 62 7 43 64 91 72 22 3 6 15 8 97 61 73 96 82 76 25 66 68 39 50 79
Coste: -2147483575

GENERACION: 895
Mejor Solucion:  37 40 84 33 51 1 93 95 49 26 81 83 47 18 14 87 20 65 5 27 17 21 57 35 28 60 74 19 85 94 86 10 77 41 4 12 99 36 92 75 2 80 69 32 16 46 67 9 58 48 23 42 31 11 71 56 89 63 0 38 13 29 78 45 30 54 34 59 55 44 24 53 88 70 98 52 90 62 7 43 64 91 72 22 3 6 15 8 97 61 73 96 82 76 25 66 68 39 50 79
Coste: -2147483575

GENERACION: 900
Mejor Solucion:  37 40 84 33 51 1 93 95 49 26 81 83 47 18 14 87 20 65 5 27 17 21 57 35 28 60 74 19 85 94 86 10 77 41 4 12 99 36 92 75 2 80 69 32 16 46 67 9 58 48 23 42 31 11 71 56 89 63 0 38 13 29 78 45 30 54 34 59 55 44 24 53 88 70 98 52 90 62 7 43 64 91 72 22 3 6 15 8 97 61 73 96 82 76 25 66 68 39 50 79
Coste: -2147483575

GENERACION: 905
Mejor Solucion:  37 40 84 33 51 1 93 95 49 26 81 83 47 18 14 87 20 65 5 27 17 21 57 35 28 60 74 19 85 94 86 10 77 41 4 12 99 36 92 75 2 80 69 32 16 46 67 9 58 48 23 42 31 11 71 56 89 63 0 38 13 29 78 45 30 54 34 59 55 44 24 53 88 70 98 52 90 62 7 43 64 91 72 22 3 6 15 8 97 61 73 96 82 76 25 66 68 39 50 79
Coste: -2147483575

GENERACION: 910
Mejor Solucion:  37 40 84 33 51 1 93 95 49 26 81 83 47 18 14 87 20 65 5 27 17 21 57 35 28 60 74 19 85 94 86 10 77 41 4 12 99 36 92 75 2 80 69 32 16 46 67 9 58 48 23 42 31 11 71 56 89 63 0 38 13 29 78 45 30 54 34 59 55 44 24 53 88 70 98 52 90 62 7 43 64 91 72 22 3 6 15 8 97 61 73 96 82 76 25 66 68 39 50 79
Coste: -2147483575

GENERACION: 915
Mejor Solucion:  37 40 84 33 51 1 93 95 49 26 81 83 47 18 14 87 20 65 5 27 17 21 57 35 28 60 74 19 85 94 86 10 77 41 4 12 99 36 92 75 2 80 69 32 16 46 67 9 58 48 23 42 31 11 71 56 89 63 0 38 13 29 78 45 30 54 34 59 55 44 24 53 88 70 98 52 90 62 7 43 64 91 72 22 3 6 15 8 97 61 73 96 82 76 25 66 68 39 50 79
Coste: -2147483575

GENERACION: 920
Mejor Solucion:  37 40 84 33 51 1 93 95 49 26 81 83 47 18 14 87 20 65 5 27 17 21 57 35 28 60 74 19 85 94 86 10 77 41 4 12 99 36 92 75 2 80 69 32 16 46 67 9 58 48 23 42 31 11 71 56 89 63 0 38 13 29 78 45 30 54 34 59 55 44 24 53 88 70 98 52 90 62 7 43 64 91 72 22 3 6 15 8 97 61 73 96 82 76 25 66 68 39 50 79
Coste: -2147483575

GENERACION: 925
Mejor Solucion:  37 40 84 33 51 1 93 95 49 26 81 83 47 18 14 87 20 65 5 27 17 21 57 35 28 60 74 19 85 94 86 10 77 41 4 12 99 36 92 75 2 80 69 32 16 46 67 9 58 48 23 42 31 11 71 56 89 63 0 38 13 29 78 45 30 54 34 59 55 44 24 53 88 70 98 52 90 62 7 43 64 91 72 22 3 6 15 8 97 61 73 96 82 76 25 66 68 39 50 79
Coste: -2147483575

GENERACION: 930
Mejor Solucion:  37 40 84 33 51 1 93 95 49 26 81 83 47 18 14 87 20 65 5 27 17 21 57 35 28 60 74 19 85 94 86 10 77 41 4 12 99 36 92 75 2 80 69 32 16 46 67 9 58 48 23 42 31 11 71 56 89 63 0 38 13 29 78 45 30 54 34 59 55 44 24 53 88 70 98 52 90 62 7 43 64 91 72 22 3 6 15 8 97 61 73 96 82 76 25 66 68 39 50 79
Coste: -2147483575

GENERACION: 935
Mejor Solucion:  37 40 84 33 51 1 93 95 49 26 81 83 47 18 14 87 20 65 5 27 17 21 57 35 28 60 74 19 85 94 86 10 77 41 4 12 99 36 92 75 2 80 69 32 16 46 67 9 58 48 23 42 31 11 71 56 89 63 0 38 13 29 78 45 30 54 34 59 55 44 24 53 88 70 98 52 90 62 7 43 64 91 72 22 3 6 15 8 97 61 73 96 82 76 25 66 68 39 50 79
Coste: -2147483575

GENERACION: 940
Mejor Solucion:  37 40 84 33 51 1 93 95 49 26 81 83 47 18 14 87 20 65 5 27 17 21 57 35 28 60 74 19 85 94 86 10 77 41 4 12 99 36 92 75 2 80 69 32 16 46 67 9 58 48 23 42 31 11 71 56 89 63 0 38 13 29 78 45 30 54 34 59 55 44 24 53 88 70 98 52 90 62 7 43 64 91 72 22 3 6 15 8 97 61 73 96 82 76 25 66 68 39 50 79
Coste: -2147483575

GENERACION: 945
Mejor Solucion:  37 40 84 33 51 1 93 95 49 26 81 83 47 18 14 87 20 65 5 27 17 21 57 35 28 60 74 19 85 94 86 10 77 41 4 12 99 36 92 75 2 80 69 32 16 46 67 9 58 48 23 42 31 11 71 56 89 63 0 38 13 29 78 45 30 54 34 59 55 44 24 53 88 70 98 52 90 62 7 43 64 91 72 22 3 6 15 8 97 61 73 96 82 76 25 66 68 39 50 79
Coste: -2147483575

GENERACION: 950
Mejor Solucion:  37 40 84 33 51 1 93 95 49 26 81 83 47 18 14 87 20 65 5 27 17 21 57 35 28 60 74 19 85 94 86 10 77 41 4 12 99 36 92 75 2 80 69 32 16 46 67 9 58 48 23 42 31 11 71 56 89 63 0 38 13 29 78 45 30 54 34 59 55 44 24 53 88 70 98 52 90 62 7 43 64 91 72 22 3 6 15 8 97 61 73 96 82 76 25 66 68 39 50 79
Coste: -2147483575

GENERACION: 955
Mejor Solucion:  37 40 84 33 51 1 93 95 49 26 81 83 47 18 14 87 20 65 5 27 17 21 57 35 28 60 74 19 85 94 86 10 77 41 4 12 99 36 92 75 2 80 69 32 16 46 67 9 58 48 23 42 31 11 71 56 89 63 0 38 13 29 78 45 30 54 34 59 55 44 24 53 88 70 98 52 90 62 7 43 64 91 72 22 3 6 15 8 97 61 73 96 82 76 25 66 68 39 50 79
Coste: -2147483575

GENERACION: 960
Mejor Solucion:  37 40 84 33 51 1 93 95 49 26 81 83 47 18 14 87 20 65 5 27 17 21 57 35 28 60 74 19 85 94 86 10 77 41 4 12 99 36 92 75 2 80 69 32 16 46 67 9 58 48 23 42 31 11 71 56 89 63 0 38 13 29 78 45 30 54 34 59 55 44 24 53 88 70 98 52 90 62 7 43 64 91 72 22 3 6 15 8 97 61 73 96 82 76 25 66 68 39 50 79
Coste: -2147483575

GENERACION: 965
Mejor Solucion:  37 40 84 33 51 1 93 95 49 26 81 83 47 18 14 87 20 65 5 27 17 21 57 35 28 60 74 19 85 94 86 10 77 41 4 12 99 36 92 75 2 80 69 32 16 46 67 9 58 48 23 42 31 11 71 56 89 63 0 38 13 29 78 45 30 54 34 59 55 44 24 53 88 70 98 52 90 62 7 43 64 91 72 22 3 6 15 8 97 61 73 96 82 76 25 66 68 39 50 79
Coste: -2147483575

GENERACION: 970
Mejor Solucion:  37 40 84 33 51 1 93 95 49 26 81 83 47 18 14 87 20 65 5 27 17 21 57 35 28 60 74 19 85 94 86 10 77 41 4 12 99 36 92 75 2 80 69 32 16 46 67 9 58 48 23 42 31 11 71 56 89 63 0 38 13 29 78 45 30 54 34 59 55 44 24 53 88 70 98 52 90 62 7 43 64 91 72 22 3 6 15 8 97 61 73 96 82 76 25 66 68 39 50 79
Coste: -2147483575

GENERACION: 975
Mejor Solucion:  37 40 84 33 51 1 93 95 49 26 81 83 47 18 14 87 20 65 5 27 17 21 57 35 28 60 74 19 85 94 86 10 77 41 4 12 99 36 92 75 2 80 69 32 16 46 67 9 58 48 23 42 31 11 71 56 89 63 0 38 13 29 78 45 30 54 34 59 55 44 24 53 88 70 98 52 90 62 7 43 64 91 72 22 3 6 15 8 97 61 73 96 82 76 25 66 68 39 50 79
Coste: -2147483575

GENERACION: 980
Mejor Solucion:  37 40 84 33 51 1 93 95 49 26 81 83 47 18 14 87 20 65 5 27 17 21 57 35 28 60 74 19 85 94 86 10 77 41 4 12 99 36 92 75 2 80 69 32 16 46 67 9 58 48 23 42 31 11 71 56 89 63 0 38 13 29 78 45 30 54 34 59 55 44 24 53 88 70 98 52 90 62 7 43 64 91 72 22 3 6 15 8 97 61 73 96 82 76 25 66 68 39 50 79
Coste: -2147483575

GENERACION: 985
Mejor Solucion:  37 40 84 33 51 1 93 95 49 26 81 83 47 18 14 87 20 65 5 27 17 21 57 35 28 60 74 19 85 94 86 10 77 41 4 12 99 36 92 75 2 80 69 32 16 46 67 9 58 48 23 42 31 11 71 56 89 63 0 38 13 29 78 45 30 54 34 59 55 44 24 53 88 70 98 52 90 62 7 43 64 91 72 22 3 6 15 8 97 61 73 96 82 76 25 66 68 39 50 79
Coste: -2147483575

GENERACION: 990
Mejor Solucion:  37 40 84 33 51 1 93 95 49 26 81 83 47 18 14 87 20 65 5 27 17 21 57 35 28 60 74 19 85 94 86 10 77 41 4 12 99 36 92 75 2 80 69 32 16 46 67 9 58 48 23 42 31 11 71 56 89 63 0 38 13 29 78 45 30 54 34 59 55 44 24 53 88 70 98 52 90 62 7 43 64 91 72 22 3 6 15 8 97 61 73 96 82 76 25 66 68 39 50 79
Coste: -2147483575

GENERACION: 995
Mejor Solucion:  37 40 84 33 51 1 93 95 49 26 81 83 47 18 14 87 20 65 5 27 17 21 57 35 28 60 74 19 85 94 86 10 77 41 4 12 99 36 92 75 2 80 69 32 16 46 67 9 58 48 23 42 31 11 71 56 89 63 0 38 13 29 78 45 30 54 34 59 55 44 24 53 88 70 98 52 90 62 7 43 64 91 72 22 3 6 15 8 97 61 73 96 82 76 25 66 68 39 50 79
Coste: -2147483575

GENERACION: 1000
Mejor Solucion:  37 40 84 33 51 1 93 95 49 26 81 83 47 18 14 87 20 65 5 27 17 21 57 35 28 60 74 19 85 94 86 10 77 41 4 12 99 36 92 75 2 80 69 32 16 46 67 9 58 48 23 42 31 11 71 56 89 63 0 38 13 29 78 45 30 54 34 59 55 44 24 53 88 70 98 52 90 62 7 43 64 91 72 22 3 6 15 8 97 61 73 96 82 76 25 66 68 39 50 79
Coste: -2147483575

