GENERACION: 5
Mejor Solucion:  66 0 16 60 5 20 6 32 11 30 51 47 13 93 1 77 28 58 62 40 88 96 21 10 9 86 95 50 18 43 81 27 75 79 56 61 22 8 41 34 63 33 89 59 94 85 4 7 92 54 53 37 73 84 69 55 45 3 44 25 71 35 82 23 39 36 90 29 68 42 2 49 72 48 99 31 70 80 15 57 74 12 98 24 67 52 14 76 19 46 64 17 65 97 83 91 26 87 78 38
Coste: 1757916845

GENERACION: 10
Mejor Solucion:  35 81 34 14 42 44 21 40 77 23 76 70 86 50 83 75 11 28 51 64 39 84 88 69 7 17 74 37 85 94 73 61 33 12 95 46 65 71 80 91 38 87 49 92 29 93 32 26 43 82 10 9 0 56 66 96 27 99 62 58 24 55 36 3 67 59 60 30 98 68 6 52 45 2 25 18 41 22 20 16 57 54 4 78 90 47 1 31 97 63 72 15 53 5 89 8 79 48 13 19
Coste: -1228627476

GENERACION: 15
Mejor Solucion:  35 81 34 14 42 44 21 40 77 23 76 70 86 50 83 75 11 28 51 64 39 84 88 69 7 17 74 37 85 94 73 61 33 12 95 46 65 71 80 91 38 87 49 92 29 93 32 26 43 82 10 9 0 56 66 96 27 99 62 58 24 55 36 3 67 59 60 30 98 68 6 52 45 2 25 18 41 22 20 16 57 54 4 78 90 47 1 31 97 63 72 15 53 5 89 8 79 48 13 19
Coste: -1228627476

GENERACION: 20
Mejor Solucion:  35 81 34 14 42 44 21 40 77 23 76 70 86 50 83 75 11 28 51 64 39 84 88 69 7 17 74 37 85 94 73 61 33 12 95 46 65 71 80 91 38 87 49 92 29 93 32 26 43 82 10 9 0 56 66 96 27 99 62 58 24 55 36 3 67 59 60 30 98 68 6 52 45 2 25 18 41 22 20 16 57 54 4 78 90 47 1 31 97 63 72 15 53 5 89 8 79 48 13 19
Coste: -1228627476

GENERACION: 25
Mejor Solucion:  35 81 34 14 42 44 21 40 77 23 76 70 86 50 83 75 11 28 51 64 39 84 88 69 7 17 74 37 85 94 73 61 33 12 95 46 65 71 80 91 38 87 49 92 29 93 32 26 43 82 10 9 0 56 66 96 27 99 62 58 24 55 36 3 67 59 60 30 98 68 6 52 45 2 25 18 41 22 20 16 57 54 4 78 90 47 1 31 97 63 72 15 53 5 89 8 79 48 13 19
Coste: -1228627476

GENERACION: 30
Mejor Solucion:  35 81 34 14 42 44 21 40 77 23 76 70 86 50 83 75 11 28 51 64 39 84 88 69 7 17 74 37 85 94 73 61 33 12 95 46 65 71 80 91 38 87 49 92 29 93 32 26 43 82 10 9 0 56 66 96 27 99 62 58 24 55 36 3 67 59 60 30 98 68 6 52 45 2 25 18 41 22 20 16 57 54 4 78 90 47 1 31 97 63 72 15 53 5 89 8 79 48 13 19
Coste: -1228627476

GENERACION: 35
Mejor Solucion:  35 81 34 14 42 44 21 40 77 23 76 70 86 50 83 75 11 28 51 64 39 84 88 69 7 17 74 37 85 94 73 61 33 12 95 46 65 71 80 91 38 87 49 92 29 93 32 26 43 82 10 9 0 56 66 96 27 99 62 58 24 55 36 3 67 59 60 30 98 68 6 52 45 2 25 18 41 22 20 16 57 54 4 78 90 47 1 31 97 63 72 15 53 5 89 8 79 48 13 19
Coste: -1228627476

GENERACION: 40
Mejor Solucion:  11 97 67 77 40 49 51 37 83 88 30 95 86 14 62 35 24 0 3 34 6 33 47 93 64 52 74 94 85 42 19 98 70 59 13 44 28 20 75 92 17 18 41 1 60 9 80 7 12 48 63 79 36 54 46 2 81 68 84 27 16 89 5 8 10 26 72 69 56 91 43 87 4 65 32 38 78 25 90 29 61 21 99 82 66 55 15 76 22 58 50 53 45 23 96 39 57 31 71 73
Coste: -1662482003

GENERACION: 45
Mejor Solucion:  11 97 67 77 40 49 51 37 83 88 30 95 86 14 62 35 24 0 3 34 6 33 47 93 64 52 74 94 85 42 19 98 70 59 13 44 28 20 75 92 17 18 41 1 60 9 80 7 12 48 63 79 36 54 46 2 81 68 84 27 16 89 5 8 10 26 72 69 56 91 43 87 4 65 32 38 78 25 90 29 61 21 99 82 66 55 15 76 22 58 50 53 45 23 96 39 57 31 71 73
Coste: -1662482003

GENERACION: 50
Mejor Solucion:  11 97 67 77 40 49 51 37 83 88 30 95 86 14 62 35 24 0 3 34 6 33 47 93 64 52 74 94 85 42 19 98 70 59 13 44 28 20 75 92 17 18 41 1 60 9 80 7 12 48 63 79 36 54 46 2 81 68 84 27 16 89 5 8 10 26 72 69 56 91 43 87 4 65 32 38 78 25 90 29 61 21 99 82 66 55 15 76 22 58 50 53 45 23 96 39 57 31 71 73
Coste: -1662482003

GENERACION: 55
Mejor Solucion:  11 97 67 77 40 49 51 37 83 88 30 95 86 14 62 35 24 0 3 34 6 33 47 93 64 52 74 94 85 42 19 98 70 59 13 44 28 20 75 92 17 18 41 1 60 9 80 7 12 48 63 79 36 54 46 2 81 68 84 27 16 89 5 8 10 26 72 69 56 91 43 87 4 65 32 38 78 25 90 29 61 21 99 82 66 55 15 76 22 58 50 53 45 23 96 39 57 31 71 73
Coste: -1662482003

GENERACION: 60
Mejor Solucion:  11 97 67 77 40 49 51 37 83 88 30 95 86 14 62 35 24 0 3 34 6 33 47 93 64 52 74 94 85 42 19 98 70 59 13 44 28 20 75 92 17 18 41 1 60 9 80 7 12 48 63 79 36 54 46 2 81 68 84 27 16 89 5 8 10 26 72 69 56 91 43 87 4 65 32 38 78 25 90 29 61 21 99 82 66 55 15 76 22 58 50 53 45 23 96 39 57 31 71 73
Coste: -1662482003

GENERACION: 65
Mejor Solucion:  11 97 67 77 40 49 51 37 83 88 30 95 86 14 62 35 24 0 3 34 6 33 47 93 64 52 74 94 85 42 19 98 70 59 13 44 28 20 75 92 17 18 41 1 60 9 80 7 12 48 63 79 36 54 46 2 81 68 84 27 16 89 5 8 10 26 72 69 56 91 43 87 4 65 32 38 78 25 90 29 61 21 99 82 66 55 15 76 22 58 50 53 45 23 96 39 57 31 71 73
Coste: -1662482003

GENERACION: 70
Mejor Solucion:  11 97 67 77 40 49 51 37 83 88 30 95 86 14 62 35 24 0 3 34 6 33 47 93 64 52 74 94 85 42 19 98 70 59 13 44 28 20 75 92 17 18 41 1 60 9 80 7 12 48 63 79 36 54 46 2 81 68 84 27 16 89 5 8 10 26 72 69 56 91 43 87 4 65 32 38 78 25 90 29 61 21 99 82 66 55 15 76 22 58 50 53 45 23 96 39 57 31 71 73
Coste: -1662482003

GENERACION: 75
Mejor Solucion:  11 97 67 77 40 49 51 37 83 88 30 95 86 14 62 35 24 0 3 34 6 33 47 93 64 52 74 94 85 42 19 98 70 59 13 44 28 20 75 92 17 18 41 1 60 9 80 7 12 48 63 79 36 54 46 2 81 68 84 27 16 89 5 8 10 26 72 69 56 91 43 87 4 65 32 38 78 25 90 29 61 21 99 82 66 55 15 76 22 58 50 53 45 23 96 39 57 31 71 73
Coste: -1662482003

GENERACION: 80
Mejor Solucion:  11 97 67 77 40 49 51 37 83 88 30 95 86 14 62 35 24 0 3 34 6 33 47 93 64 52 74 94 85 42 19 98 70 59 13 44 28 20 75 92 17 18 41 1 60 9 80 7 12 48 63 79 36 54 46 2 81 68 84 27 16 89 5 8 10 26 72 69 56 91 43 87 4 65 32 38 78 25 90 29 61 21 99 82 66 55 15 76 22 58 50 53 45 23 96 39 57 31 71 73
Coste: -1662482003

GENERACION: 85
Mejor Solucion:  11 97 67 77 40 49 51 37 83 88 30 95 86 14 62 35 24 0 3 34 6 33 47 93 64 52 74 94 85 42 19 98 70 59 13 44 28 20 75 92 17 18 41 1 60 9 80 7 12 48 63 79 36 54 46 2 81 68 84 27 16 89 5 8 10 26 72 69 56 91 43 87 4 65 32 38 78 25 90 29 61 21 99 82 66 55 15 76 22 58 50 53 45 23 96 39 57 31 71 73
Coste: -1662482003

GENERACION: 90
Mejor Solucion:  11 97 67 77 40 49 51 37 83 88 30 95 86 14 62 35 24 0 3 34 6 33 47 93 64 52 74 94 85 42 19 98 70 59 13 44 28 20 75 92 17 18 41 1 60 9 80 7 12 48 63 79 36 54 46 2 81 68 84 27 16 89 5 8 10 26 72 69 56 91 43 87 4 65 32 38 78 25 90 29 61 21 99 82 66 55 15 76 22 58 50 53 45 23 96 39 57 31 71 73
Coste: -1662482003

GENERACION: 95
Mejor Solucion:  11 97 67 77 40 49 51 37 83 88 30 95 86 14 62 35 24 0 3 34 6 33 47 93 64 52 74 94 85 42 19 98 70 59 13 44 28 20 75 92 17 18 41 1 60 9 80 7 12 48 63 79 36 54 46 2 81 68 84 27 16 89 5 8 10 26 72 69 56 91 43 87 4 65 32 38 78 25 90 29 61 21 99 82 66 55 15 76 22 58 50 53 45 23 96 39 57 31 71 73
Coste: -1662482003

GENERACION: 100
Mejor Solucion:  11 97 67 77 40 49 51 37 83 88 30 95 86 14 62 35 24 0 3 34 6 33 47 93 64 52 74 94 85 42 19 98 70 59 13 44 28 20 75 92 17 18 41 1 60 9 80 7 12 48 63 79 36 54 46 2 81 68 84 27 16 89 5 8 10 26 72 69 56 91 43 87 4 65 32 38 78 25 90 29 61 21 99 82 66 55 15 76 22 58 50 53 45 23 96 39 57 31 71 73
Coste: -1662482003

GENERACION: 105
Mejor Solucion:  11 97 67 77 40 49 51 37 83 88 30 95 86 14 62 35 24 0 3 34 6 33 47 93 64 52 74 94 85 42 19 98 70 59 13 44 28 20 75 92 17 18 41 1 60 9 80 7 12 48 63 79 36 54 46 2 81 68 84 27 16 89 5 8 10 26 72 69 56 91 43 87 4 65 32 38 78 25 90 29 61 21 99 82 66 55 15 76 22 58 50 53 45 23 96 39 57 31 71 73
Coste: -1662482003

GENERACION: 110
Mejor Solucion:  59 86 74 51 94 1 89 91 33 85 68 81 79 58 62 32 0 83 25 31 14 65 50 17 97 72 42 70 40 67 88 78 64 87 22 20 7 95 52 36 9 43 75 48 56 69 44 34 57 99 38 4 19 80 35 82 54 18 47 93 24 26 90 77 60 10 8 2 71 84 5 6 27 73 49 29 12 37 16 98 28 92 15 39 21 55 63 11 61 46 45 41 66 13 23 53 96 3 76 30
Coste: -2147483615

GENERACION: 115
Mejor Solucion:  59 86 74 51 94 1 89 91 33 85 68 81 79 58 62 32 0 83 25 31 14 65 50 17 97 72 42 70 40 67 88 78 64 87 22 20 7 95 52 36 9 43 75 48 56 69 44 34 57 99 38 4 19 80 35 82 54 18 47 93 24 26 90 77 60 10 8 2 71 84 5 6 27 73 49 29 12 37 16 98 28 92 15 39 21 55 63 11 61 46 45 41 66 13 23 53 96 3 76 30
Coste: -2147483615

GENERACION: 120
Mejor Solucion:  59 86 74 51 94 1 89 91 33 85 68 81 79 58 62 32 0 83 25 31 14 65 50 17 97 72 42 70 40 67 88 78 64 87 22 20 7 95 52 36 9 43 75 48 56 69 44 34 57 99 38 4 19 80 35 82 54 18 47 93 24 26 90 77 60 10 8 2 71 84 5 6 27 73 49 29 12 37 16 98 28 92 15 39 21 55 63 11 61 46 45 41 66 13 23 53 96 3 76 30
Coste: -2147483615

GENERACION: 125
Mejor Solucion:  59 86 74 51 94 1 89 91 33 85 68 81 79 58 62 32 0 83 25 31 14 65 50 17 97 72 42 70 40 67 88 78 64 87 22 20 7 95 52 36 9 43 75 48 56 69 44 34 57 99 38 4 19 80 35 82 54 18 47 93 24 26 90 77 60 10 8 2 71 84 5 6 27 73 49 29 12 37 16 98 28 92 15 39 21 55 63 11 61 46 45 41 66 13 23 53 96 3 76 30
Coste: -2147483615

GENERACION: 130
Mejor Solucion:  59 86 74 51 94 1 89 91 33 85 68 81 79 58 62 32 0 83 25 31 14 65 50 17 97 72 42 70 40 67 88 78 64 87 22 20 7 95 52 36 9 43 75 48 56 69 44 34 57 99 38 4 19 80 35 82 54 18 47 93 24 26 90 77 60 10 8 2 71 84 5 6 27 73 49 29 12 37 16 98 28 92 15 39 21 55 63 11 61 46 45 41 66 13 23 53 96 3 76 30
Coste: -2147483615

GENERACION: 135
Mejor Solucion:  59 86 74 51 94 1 89 91 33 85 68 81 79 58 62 32 0 83 25 31 14 65 50 17 97 72 42 70 40 67 88 78 64 87 22 20 7 95 52 36 9 43 75 48 56 69 44 34 57 99 38 4 19 80 35 82 54 18 47 93 24 26 90 77 60 10 8 2 71 84 5 6 27 73 49 29 12 37 16 98 28 92 15 39 21 55 63 11 61 46 45 41 66 13 23 53 96 3 76 30
Coste: -2147483615

GENERACION: 140
Mejor Solucion:  59 86 74 51 94 1 89 91 33 85 68 81 79 58 62 32 0 83 25 31 14 65 50 17 97 72 42 70 40 67 88 78 64 87 22 20 7 95 52 36 9 43 75 48 56 69 44 34 57 99 38 4 19 80 35 82 54 18 47 93 24 26 90 77 60 10 8 2 71 84 5 6 27 73 49 29 12 37 16 98 28 92 15 39 21 55 63 11 61 46 45 41 66 13 23 53 96 3 76 30
Coste: -2147483615

GENERACION: 145
Mejor Solucion:  59 86 74 51 94 1 89 91 33 85 68 81 79 58 62 32 0 83 25 31 14 65 50 17 97 72 42 70 40 67 88 78 64 87 22 20 7 95 52 36 9 43 75 48 56 69 44 34 57 99 38 4 19 80 35 82 54 18 47 93 24 26 90 77 60 10 8 2 71 84 5 6 27 73 49 29 12 37 16 98 28 92 15 39 21 55 63 11 61 46 45 41 66 13 23 53 96 3 76 30
Coste: -2147483615

GENERACION: 150
Mejor Solucion:  59 86 74 51 94 1 89 91 33 85 68 81 79 58 62 32 0 83 25 31 14 65 50 17 97 72 42 70 40 67 88 78 64 87 22 20 7 95 52 36 9 43 75 48 56 69 44 34 57 99 38 4 19 80 35 82 54 18 47 93 24 26 90 77 60 10 8 2 71 84 5 6 27 73 49 29 12 37 16 98 28 92 15 39 21 55 63 11 61 46 45 41 66 13 23 53 96 3 76 30
Coste: -2147483615

GENERACION: 155
Mejor Solucion:  59 86 74 51 94 1 89 91 33 85 68 81 79 58 62 32 0 83 25 31 14 65 50 17 97 72 42 70 40 67 88 78 64 87 22 20 7 95 52 36 9 43 75 48 56 69 44 34 57 99 38 4 19 80 35 82 54 18 47 93 24 26 90 77 60 10 8 2 71 84 5 6 27 73 49 29 12 37 16 98 28 92 15 39 21 55 63 11 61 46 45 41 66 13 23 53 96 3 76 30
Coste: -2147483615

GENERACION: 160
Mejor Solucion:  59 86 74 51 94 1 89 91 33 85 68 81 79 58 62 32 0 83 25 31 14 65 50 17 97 72 42 70 40 67 88 78 64 87 22 20 7 95 52 36 9 43 75 48 56 69 44 34 57 99 38 4 19 80 35 82 54 18 47 93 24 26 90 77 60 10 8 2 71 84 5 6 27 73 49 29 12 37 16 98 28 92 15 39 21 55 63 11 61 46 45 41 66 13 23 53 96 3 76 30
Coste: -2147483615

GENERACION: 165
Mejor Solucion:  59 86 74 51 94 1 89 91 33 85 68 81 79 58 62 32 0 83 25 31 14 65 50 17 97 72 42 70 40 67 88 78 64 87 22 20 7 95 52 36 9 43 75 48 56 69 44 34 57 99 38 4 19 80 35 82 54 18 47 93 24 26 90 77 60 10 8 2 71 84 5 6 27 73 49 29 12 37 16 98 28 92 15 39 21 55 63 11 61 46 45 41 66 13 23 53 96 3 76 30
Coste: -2147483615

GENERACION: 170
Mejor Solucion:  59 86 74 51 94 1 89 91 33 85 68 81 79 58 62 32 0 83 25 31 14 65 50 17 97 72 42 70 40 67 88 78 64 87 22 20 7 95 52 36 9 43 75 48 56 69 44 34 57 99 38 4 19 80 35 82 54 18 47 93 24 26 90 77 60 10 8 2 71 84 5 6 27 73 49 29 12 37 16 98 28 92 15 39 21 55 63 11 61 46 45 41 66 13 23 53 96 3 76 30
Coste: -2147483615

GENERACION: 175
Mejor Solucion:  59 86 74 51 94 1 89 91 33 85 68 81 79 58 62 32 0 83 25 31 14 65 50 17 97 72 42 70 40 67 88 78 64 87 22 20 7 95 52 36 9 43 75 48 56 69 44 34 57 99 38 4 19 80 35 82 54 18 47 93 24 26 90 77 60 10 8 2 71 84 5 6 27 73 49 29 12 37 16 98 28 92 15 39 21 55 63 11 61 46 45 41 66 13 23 53 96 3 76 30
Coste: -2147483615

GENERACION: 180
Mejor Solucion:  59 86 74 51 94 1 89 91 33 85 68 81 79 58 62 32 0 83 25 31 14 65 50 17 97 72 42 70 40 67 88 78 64 87 22 20 7 95 52 36 9 43 75 48 56 69 44 34 57 99 38 4 19 80 35 82 54 18 47 93 24 26 90 77 60 10 8 2 71 84 5 6 27 73 49 29 12 37 16 98 28 92 15 39 21 55 63 11 61 46 45 41 66 13 23 53 96 3 76 30
Coste: -2147483615

GENERACION: 185
Mejor Solucion:  59 86 74 51 94 1 89 91 33 85 68 81 79 58 62 32 0 83 25 31 14 65 50 17 97 72 42 70 40 67 88 78 64 87 22 20 7 95 52 36 9 43 75 48 56 69 44 34 57 99 38 4 19 80 35 82 54 18 47 93 24 26 90 77 60 10 8 2 71 84 5 6 27 73 49 29 12 37 16 98 28 92 15 39 21 55 63 11 61 46 45 41 66 13 23 53 96 3 76 30
Coste: -2147483615

GENERACION: 190
Mejor Solucion:  59 86 74 51 94 1 89 91 33 85 68 81 79 58 62 32 0 83 25 31 14 65 50 17 97 72 42 70 40 67 88 78 64 87 22 20 7 95 52 36 9 43 75 48 56 69 44 34 57 99 38 4 19 80 35 82 54 18 47 93 24 26 90 77 60 10 8 2 71 84 5 6 27 73 49 29 12 37 16 98 28 92 15 39 21 55 63 11 61 46 45 41 66 13 23 53 96 3 76 30
Coste: -2147483615

GENERACION: 195
Mejor Solucion:  59 86 74 51 94 1 89 91 33 85 68 81 79 58 62 32 0 83 25 31 14 65 50 17 97 72 42 70 40 67 88 78 64 87 22 20 7 95 52 36 9 43 75 48 56 69 44 34 57 99 38 4 19 80 35 82 54 18 47 93 24 26 90 77 60 10 8 2 71 84 5 6 27 73 49 29 12 37 16 98 28 92 15 39 21 55 63 11 61 46 45 41 66 13 23 53 96 3 76 30
Coste: -2147483615

GENERACION: 200
Mejor Solucion:  59 86 74 51 94 1 89 91 33 85 68 81 79 58 62 32 0 83 25 31 14 65 50 17 97 72 42 70 40 67 88 78 64 87 22 20 7 95 52 36 9 43 75 48 56 69 44 34 57 99 38 4 19 80 35 82 54 18 47 93 24 26 90 77 60 10 8 2 71 84 5 6 27 73 49 29 12 37 16 98 28 92 15 39 21 55 63 11 61 46 45 41 66 13 23 53 96 3 76 30
Coste: -2147483615

GENERACION: 205
Mejor Solucion:  59 86 74 51 94 1 89 91 33 85 68 81 79 58 62 32 0 83 25 31 14 65 50 17 97 72 42 70 40 67 88 78 64 87 22 20 7 95 52 36 9 43 75 48 56 69 44 34 57 99 38 4 19 80 35 82 54 18 47 93 24 26 90 77 60 10 8 2 71 84 5 6 27 73 49 29 12 37 16 98 28 92 15 39 21 55 63 11 61 46 45 41 66 13 23 53 96 3 76 30
Coste: -2147483615

GENERACION: 210
Mejor Solucion:  59 86 74 51 94 1 89 91 33 85 68 81 79 58 62 32 0 83 25 31 14 65 50 17 97 72 42 70 40 67 88 78 64 87 22 20 7 95 52 36 9 43 75 48 56 69 44 34 57 99 38 4 19 80 35 82 54 18 47 93 24 26 90 77 60 10 8 2 71 84 5 6 27 73 49 29 12 37 16 98 28 92 15 39 21 55 63 11 61 46 45 41 66 13 23 53 96 3 76 30
Coste: -2147483615

GENERACION: 215
Mejor Solucion:  59 86 74 51 94 1 89 91 33 85 68 81 79 58 62 32 0 83 25 31 14 65 50 17 97 72 42 70 40 67 88 78 64 87 22 20 7 95 52 36 9 43 75 48 56 69 44 34 57 99 38 4 19 80 35 82 54 18 47 93 24 26 90 77 60 10 8 2 71 84 5 6 27 73 49 29 12 37 16 98 28 92 15 39 21 55 63 11 61 46 45 41 66 13 23 53 96 3 76 30
Coste: -2147483615

GENERACION: 220
Mejor Solucion:  59 86 74 51 94 1 89 91 33 85 68 81 79 58 62 32 0 83 25 31 14 65 50 17 97 72 42 70 40 67 88 78 64 87 22 20 7 95 52 36 9 43 75 48 56 69 44 34 57 99 38 4 19 80 35 82 54 18 47 93 24 26 90 77 60 10 8 2 71 84 5 6 27 73 49 29 12 37 16 98 28 92 15 39 21 55 63 11 61 46 45 41 66 13 23 53 96 3 76 30
Coste: -2147483615

GENERACION: 225
Mejor Solucion:  59 86 74 51 94 1 89 91 33 85 68 81 79 58 62 32 0 83 25 31 14 65 50 17 97 72 42 70 40 67 88 78 64 87 22 20 7 95 52 36 9 43 75 48 56 69 44 34 57 99 38 4 19 80 35 82 54 18 47 93 24 26 90 77 60 10 8 2 71 84 5 6 27 73 49 29 12 37 16 98 28 92 15 39 21 55 63 11 61 46 45 41 66 13 23 53 96 3 76 30
Coste: -2147483615

GENERACION: 230
Mejor Solucion:  59 86 74 51 94 1 89 91 33 85 68 81 79 58 62 32 0 83 25 31 14 65 50 17 97 72 42 70 40 67 88 78 64 87 22 20 7 95 52 36 9 43 75 48 56 69 44 34 57 99 38 4 19 80 35 82 54 18 47 93 24 26 90 77 60 10 8 2 71 84 5 6 27 73 49 29 12 37 16 98 28 92 15 39 21 55 63 11 61 46 45 41 66 13 23 53 96 3 76 30
Coste: -2147483615

GENERACION: 235
Mejor Solucion:  59 86 74 51 94 1 89 91 33 85 68 81 79 58 62 32 0 83 25 31 14 65 50 17 97 72 42 70 40 67 88 78 64 87 22 20 7 95 52 36 9 43 75 48 56 69 44 34 57 99 38 4 19 80 35 82 54 18 47 93 24 26 90 77 60 10 8 2 71 84 5 6 27 73 49 29 12 37 16 98 28 92 15 39 21 55 63 11 61 46 45 41 66 13 23 53 96 3 76 30
Coste: -2147483615

GENERACION: 240
Mejor Solucion:  59 86 74 51 94 1 89 91 33 85 68 81 79 58 62 32 0 83 25 31 14 65 50 17 97 72 42 70 40 67 88 78 64 87 22 20 7 95 52 36 9 43 75 48 56 69 44 34 57 99 38 4 19 80 35 82 54 18 47 93 24 26 90 77 60 10 8 2 71 84 5 6 27 73 49 29 12 37 16 98 28 92 15 39 21 55 63 11 61 46 45 41 66 13 23 53 96 3 76 30
Coste: -2147483615

GENERACION: 245
Mejor Solucion:  59 86 74 51 94 1 89 91 33 85 68 81 79 58 62 32 0 83 25 31 14 65 50 17 97 72 42 70 40 67 88 78 64 87 22 20 7 95 52 36 9 43 75 48 56 69 44 34 57 99 38 4 19 80 35 82 54 18 47 93 24 26 90 77 60 10 8 2 71 84 5 6 27 73 49 29 12 37 16 98 28 92 15 39 21 55 63 11 61 46 45 41 66 13 23 53 96 3 76 30
Coste: -2147483615

GENERACION: 250
Mejor Solucion:  59 86 74 51 94 1 89 91 33 85 68 81 79 58 62 32 0 83 25 31 14 65 50 17 97 72 42 70 40 67 88 78 64 87 22 20 7 95 52 36 9 43 75 48 56 69 44 34 57 99 38 4 19 80 35 82 54 18 47 93 24 26 90 77 60 10 8 2 71 84 5 6 27 73 49 29 12 37 16 98 28 92 15 39 21 55 63 11 61 46 45 41 66 13 23 53 96 3 76 30
Coste: -2147483615

GENERACION: 255
Mejor Solucion:  59 86 74 51 94 1 89 91 33 85 68 81 79 58 62 32 0 83 25 31 14 65 50 17 97 72 42 70 40 67 88 78 64 87 22 20 7 95 52 36 9 43 75 48 56 69 44 34 57 99 38 4 19 80 35 82 54 18 47 93 24 26 90 77 60 10 8 2 71 84 5 6 27 73 49 29 12 37 16 98 28 92 15 39 21 55 63 11 61 46 45 41 66 13 23 53 96 3 76 30
Coste: -2147483615

GENERACION: 260
Mejor Solucion:  77 40 11 27 83 84 51 37 95 42 81 91 73 36 38 46 8 2 34 32 89 21 6 35 25 66 74 49 85 80 94 63 10 14 7 20 99 92 60 57 64 62 75 96 82 0 44 18 9 48 61 41 86 69 98 33 65 5 45 88 93 17 24 39 16 3 30 68 79 23 70 58 71 52 47 56 1 97 19 67 26 43 22 4 29 50 31 28 55 78 72 76 54 15 90 13 59 53 87 12
Coste: -2147483639

GENERACION: 265
Mejor Solucion:  77 40 11 27 83 84 51 37 95 42 81 91 73 36 38 46 8 2 34 32 89 21 6 35 25 66 74 49 85 80 94 63 10 14 7 20 99 92 60 57 64 62 75 96 82 0 44 18 9 48 61 41 86 69 98 33 65 5 45 88 93 17 24 39 16 3 30 68 79 23 70 58 71 52 47 56 1 97 19 67 26 43 22 4 29 50 31 28 55 78 72 76 54 15 90 13 59 53 87 12
Coste: -2147483639

GENERACION: 270
Mejor Solucion:  77 40 11 27 83 84 51 37 95 42 81 91 73 36 38 46 8 2 34 32 89 21 6 35 25 66 74 49 85 80 94 63 10 14 7 20 99 92 60 57 64 62 75 96 82 0 44 18 9 48 61 41 86 69 98 33 65 5 45 88 93 17 24 39 16 3 30 68 79 23 70 58 71 52 47 56 1 97 19 67 26 43 22 4 29 50 31 28 55 78 72 76 54 15 90 13 59 53 87 12
Coste: -2147483639

GENERACION: 275
Mejor Solucion:  77 40 11 27 83 84 51 37 95 42 81 91 73 36 38 46 8 2 34 32 89 21 6 35 25 66 74 49 85 80 94 63 10 14 7 20 99 92 60 57 64 62 75 96 82 0 44 18 9 48 61 41 86 69 98 33 65 5 45 88 93 17 24 39 16 3 30 68 79 23 70 58 71 52 47 56 1 97 19 67 26 43 22 4 29 50 31 28 55 78 72 76 54 15 90 13 59 53 87 12
Coste: -2147483639

GENERACION: 280
Mejor Solucion:  77 40 11 27 83 84 51 37 95 42 81 91 73 36 38 46 8 2 34 32 89 21 6 35 25 66 74 49 85 80 94 63 10 14 7 20 99 92 60 57 64 62 75 96 82 0 44 18 9 48 61 41 86 69 98 33 65 5 45 88 93 17 24 39 16 3 30 68 79 23 70 58 71 52 47 56 1 97 19 67 26 43 22 4 29 50 31 28 55 78 72 76 54 15 90 13 59 53 87 12
Coste: -2147483639

GENERACION: 285
Mejor Solucion:  77 40 11 27 83 84 51 37 95 42 81 91 73 36 38 46 8 2 34 32 89 21 6 35 25 66 74 49 85 80 94 63 10 14 7 20 99 92 60 57 64 62 75 96 82 0 44 18 9 48 61 41 86 69 98 33 65 5 45 88 93 17 24 39 16 3 30 68 79 23 70 58 71 52 47 56 1 97 19 67 26 43 22 4 29 50 31 28 55 78 72 76 54 15 90 13 59 53 87 12
Coste: -2147483639

GENERACION: 290
Mejor Solucion:  77 40 11 27 83 84 51 37 95 42 81 91 73 36 38 46 8 2 34 32 89 21 6 35 25 66 74 49 85 80 94 63 10 14 7 20 99 92 60 57 64 62 75 96 82 0 44 18 9 48 61 41 86 69 98 33 65 5 45 88 93 17 24 39 16 3 30 68 79 23 70 58 71 52 47 56 1 97 19 67 26 43 22 4 29 50 31 28 55 78 72 76 54 15 90 13 59 53 87 12
Coste: -2147483639

GENERACION: 295
Mejor Solucion:  77 40 11 27 83 84 51 37 95 42 81 91 73 36 38 46 8 2 34 32 89 21 6 35 25 66 74 49 85 80 94 63 10 14 7 20 99 92 60 57 64 62 75 96 82 0 44 18 9 48 61 41 86 69 98 33 65 5 45 88 93 17 24 39 16 3 30 68 79 23 70 58 71 52 47 56 1 97 19 67 26 43 22 4 29 50 31 28 55 78 72 76 54 15 90 13 59 53 87 12
Coste: -2147483639

GENERACION: 300
Mejor Solucion:  77 40 11 27 83 84 51 37 95 42 81 91 73 36 38 46 8 2 34 32 89 21 6 35 25 66 74 49 85 80 94 63 10 14 7 20 99 92 60 57 64 62 75 96 82 0 44 18 9 48 61 41 86 69 98 33 65 5 45 88 93 17 24 39 16 3 30 68 79 23 70 58 71 52 47 56 1 97 19 67 26 43 22 4 29 50 31 28 55 78 72 76 54 15 90 13 59 53 87 12
Coste: -2147483639

GENERACION: 305
Mejor Solucion:  77 40 11 27 83 84 51 37 95 42 81 91 73 36 38 46 8 2 34 32 89 21 6 35 25 66 74 49 85 80 94 63 10 14 7 20 99 92 60 57 64 62 75 96 82 0 44 18 9 48 61 41 86 69 98 33 65 5 45 88 93 17 24 39 16 3 30 68 79 23 70 58 71 52 47 56 1 97 19 67 26 43 22 4 29 50 31 28 55 78 72 76 54 15 90 13 59 53 87 12
Coste: -2147483639

GENERACION: 310
Mejor Solucion:  77 40 11 27 83 84 51 37 95 42 81 91 73 36 38 46 8 2 34 32 89 21 6 35 25 66 74 49 85 80 94 63 10 14 7 20 99 92 60 57 64 62 75 96 82 0 44 18 9 48 61 41 86 69 98 33 65 5 45 88 93 17 24 39 16 3 30 68 79 23 70 58 71 52 47 56 1 97 19 67 26 43 22 4 29 50 31 28 55 78 72 76 54 15 90 13 59 53 87 12
Coste: -2147483639

GENERACION: 315
Mejor Solucion:  77 40 11 27 83 84 51 37 95 42 81 91 73 36 38 46 8 2 34 32 89 21 6 35 25 66 74 49 85 80 94 63 10 14 7 20 99 92 60 57 64 62 75 96 82 0 44 18 9 48 61 41 86 69 98 33 65 5 45 88 93 17 24 39 16 3 30 68 79 23 70 58 71 52 47 56 1 97 19 67 26 43 22 4 29 50 31 28 55 78 72 76 54 15 90 13 59 53 87 12
Coste: -2147483639

GENERACION: 320
Mejor Solucion:  77 40 11 27 83 84 51 37 95 42 81 91 73 36 38 46 8 2 34 32 89 21 6 35 25 66 74 49 85 80 94 63 10 14 7 20 99 92 60 57 64 62 75 96 82 0 44 18 9 48 61 41 86 69 98 33 65 5 45 88 93 17 24 39 16 3 30 68 79 23 70 58 71 52 47 56 1 97 19 67 26 43 22 4 29 50 31 28 55 78 72 76 54 15 90 13 59 53 87 12
Coste: -2147483639

GENERACION: 325
Mejor Solucion:  77 40 11 27 83 84 51 37 95 42 81 91 73 36 38 46 8 2 34 32 89 21 6 35 25 66 74 49 85 80 94 63 10 14 7 20 99 92 60 57 64 62 75 96 82 0 44 18 9 48 61 41 86 69 98 33 65 5 45 88 93 17 24 39 16 3 30 68 79 23 70 58 71 52 47 56 1 97 19 67 26 43 22 4 29 50 31 28 55 78 72 76 54 15 90 13 59 53 87 12
Coste: -2147483639

GENERACION: 330
Mejor Solucion:  77 40 11 27 83 84 51 37 95 42 81 91 73 36 38 46 8 2 34 32 89 21 6 35 25 66 74 49 85 80 94 63 10 14 7 20 99 92 60 57 64 62 75 96 82 0 44 18 9 48 61 41 86 69 98 33 65 5 45 88 93 17 24 39 16 3 30 68 79 23 70 58 71 52 47 56 1 97 19 67 26 43 22 4 29 50 31 28 55 78 72 76 54 15 90 13 59 53 87 12
Coste: -2147483639

GENERACION: 335
Mejor Solucion:  77 40 11 27 83 84 51 37 95 42 81 91 73 36 38 46 8 2 34 32 89 21 6 35 25 66 74 49 85 80 94 63 10 14 7 20 99 92 60 57 64 62 75 96 82 0 44 18 9 48 61 41 86 69 98 33 65 5 45 88 93 17 24 39 16 3 30 68 79 23 70 58 71 52 47 56 1 97 19 67 26 43 22 4 29 50 31 28 55 78 72 76 54 15 90 13 59 53 87 12
Coste: -2147483639

GENERACION: 340
Mejor Solucion:  77 40 11 27 83 84 51 37 95 42 81 91 73 36 38 46 8 2 34 32 89 21 6 35 25 66 74 49 85 80 94 63 10 14 7 20 99 92 60 57 64 62 75 96 82 0 44 18 9 48 61 41 86 69 98 33 65 5 45 88 93 17 24 39 16 3 30 68 79 23 70 58 71 52 47 56 1 97 19 67 26 43 22 4 29 50 31 28 55 78 72 76 54 15 90 13 59 53 87 12
Coste: -2147483639

GENERACION: 345
Mejor Solucion:  77 40 11 27 83 84 51 37 95 42 81 91 73 36 38 46 8 2 34 32 89 21 6 35 25 66 74 49 85 80 94 63 10 14 7 20 99 92 60 57 64 62 75 96 82 0 44 18 9 48 61 41 86 69 98 33 65 5 45 88 93 17 24 39 16 3 30 68 79 23 70 58 71 52 47 56 1 97 19 67 26 43 22 4 29 50 31 28 55 78 72 76 54 15 90 13 59 53 87 12
Coste: -2147483639

GENERACION: 350
Mejor Solucion:  77 40 11 27 83 84 51 37 95 42 81 91 73 36 38 46 8 2 34 32 89 21 6 35 25 66 74 49 85 80 94 63 10 14 7 20 99 92 60 57 64 62 75 96 82 0 44 18 9 48 61 41 86 69 98 33 65 5 45 88 93 17 24 39 16 3 30 68 79 23 70 58 71 52 47 56 1 97 19 67 26 43 22 4 29 50 31 28 55 78 72 76 54 15 90 13 59 53 87 12
Coste: -2147483639

GENERACION: 355
Mejor Solucion:  77 40 11 27 83 84 51 37 95 42 81 91 73 36 38 46 8 2 34 32 89 21 6 35 25 66 74 49 85 80 94 63 10 14 7 20 99 92 60 57 64 62 75 96 82 0 44 18 9 48 61 41 86 69 98 33 65 5 45 88 93 17 24 39 16 3 30 68 79 23 70 58 71 52 47 56 1 97 19 67 26 43 22 4 29 50 31 28 55 78 72 76 54 15 90 13 59 53 87 12
Coste: -2147483639

GENERACION: 360
Mejor Solucion:  77 40 11 27 83 84 51 37 95 42 81 91 73 36 38 46 8 2 34 32 89 21 6 35 25 66 74 49 85 80 94 63 10 14 7 20 99 92 60 57 64 62 75 96 82 0 44 18 9 48 61 41 86 69 98 33 65 5 45 88 93 17 24 39 16 3 30 68 79 23 70 58 71 52 47 56 1 97 19 67 26 43 22 4 29 50 31 28 55 78 72 76 54 15 90 13 59 53 87 12
Coste: -2147483639

GENERACION: 365
Mejor Solucion:  77 40 11 27 83 84 51 37 95 42 81 91 73 36 38 46 8 2 34 32 89 21 6 35 25 66 74 49 85 80 94 63 10 14 7 20 99 92 60 57 64 62 75 96 82 0 44 18 9 48 61 41 86 69 98 33 65 5 45 88 93 17 24 39 16 3 30 68 79 23 70 58 71 52 47 56 1 97 19 67 26 43 22 4 29 50 31 28 55 78 72 76 54 15 90 13 59 53 87 12
Coste: -2147483639

GENERACION: 370
Mejor Solucion:  77 40 11 27 83 84 51 37 95 42 81 91 73 36 38 46 8 2 34 32 89 21 6 35 25 66 74 49 85 80 94 63 10 14 7 20 99 92 60 57 64 62 75 96 82 0 44 18 9 48 61 41 86 69 98 33 65 5 45 88 93 17 24 39 16 3 30 68 79 23 70 58 71 52 47 56 1 97 19 67 26 43 22 4 29 50 31 28 55 78 72 76 54 15 90 13 59 53 87 12
Coste: -2147483639

GENERACION: 375
Mejor Solucion:  77 40 11 27 83 84 51 37 95 42 81 91 73 36 38 46 8 2 34 32 89 21 6 35 25 66 74 49 85 80 94 63 10 14 7 20 99 92 60 57 64 62 75 96 82 0 44 18 9 48 61 41 86 69 98 33 65 5 45 88 93 17 24 39 16 3 30 68 79 23 70 58 71 52 47 56 1 97 19 67 26 43 22 4 29 50 31 28 55 78 72 76 54 15 90 13 59 53 87 12
Coste: -2147483639

GENERACION: 380
Mejor Solucion:  77 40 11 27 83 84 51 37 95 42 81 91 73 36 38 46 8 2 34 32 89 21 6 35 25 66 74 49 85 80 94 63 10 14 7 20 99 92 60 57 64 62 75 96 82 0 44 18 9 48 61 41 86 69 98 33 65 5 45 88 93 17 24 39 16 3 30 68 79 23 70 58 71 52 47 56 1 97 19 67 26 43 22 4 29 50 31 28 55 78 72 76 54 15 90 13 59 53 87 12
Coste: -2147483639

GENERACION: 385
Mejor Solucion:  77 40 11 27 83 84 51 37 95 42 81 91 73 36 38 46 8 2 34 32 89 21 6 35 25 66 74 49 85 80 94 63 10 14 7 20 99 92 60 57 64 62 75 96 82 0 44 18 9 48 61 41 86 69 98 33 65 5 45 88 93 17 24 39 16 3 30 68 79 23 70 58 71 52 47 56 1 97 19 67 26 43 22 4 29 50 31 28 55 78 72 76 54 15 90 13 59 53 87 12
Coste: -2147483639

GENERACION: 390
Mejor Solucion:  77 40 11 27 83 84 51 37 95 42 81 91 73 36 38 46 8 2 34 32 89 21 6 35 25 66 74 49 85 80 94 63 10 14 7 20 99 92 60 57 64 62 75 96 82 0 44 18 9 48 61 41 86 69 98 33 65 5 45 88 93 17 24 39 16 3 30 68 79 23 70 58 71 52 47 56 1 97 19 67 26 43 22 4 29 50 31 28 55 78 72 76 54 15 90 13 59 53 87 12
Coste: -2147483639

GENERACION: 395
Mejor Solucion:  77 40 11 27 83 84 51 37 95 42 81 91 73 36 38 46 8 2 34 32 89 21 6 35 25 66 74 49 85 80 94 63 10 14 7 20 99 92 60 57 64 62 75 96 82 0 44 18 9 48 61 41 86 69 98 33 65 5 45 88 93 17 24 39 16 3 30 68 79 23 70 58 71 52 47 56 1 97 19 67 26 43 22 4 29 50 31 28 55 78 72 76 54 15 90 13 59 53 87 12
Coste: -2147483639

GENERACION: 400
Mejor Solucion:  77 40 11 27 83 84 51 37 95 42 81 91 73 36 38 46 8 2 34 32 89 21 6 35 25 66 74 49 85 80 94 63 10 14 7 20 99 92 60 57 64 62 75 96 82 0 44 18 9 48 61 41 86 69 98 33 65 5 45 88 93 17 24 39 16 3 30 68 79 23 70 58 71 52 47 56 1 97 19 67 26 43 22 4 29 50 31 28 55 78 72 76 54 15 90 13 59 53 87 12
Coste: -2147483639

GENERACION: 405
Mejor Solucion:  77 40 11 27 83 84 51 37 95 42 81 91 73 36 38 46 8 2 34 32 89 21 6 35 25 66 74 49 85 80 94 63 10 14 7 20 99 92 60 57 64 62 75 96 82 0 44 18 9 48 61 41 86 69 98 33 65 5 45 88 93 17 24 39 16 3 30 68 79 23 70 58 71 52 47 56 1 97 19 67 26 43 22 4 29 50 31 28 55 78 72 76 54 15 90 13 59 53 87 12
Coste: -2147483639

GENERACION: 410
Mejor Solucion:  77 40 11 27 83 84 51 37 95 42 81 91 73 36 38 46 8 2 34 32 89 21 6 35 25 66 74 49 85 80 94 63 10 14 7 20 99 92 60 57 64 62 75 96 82 0 44 18 9 48 61 41 86 69 98 33 65 5 45 88 93 17 24 39 16 3 30 68 79 23 70 58 71 52 47 56 1 97 19 67 26 43 22 4 29 50 31 28 55 78 72 76 54 15 90 13 59 53 87 12
Coste: -2147483639

GENERACION: 415
Mejor Solucion:  77 40 11 27 83 84 51 37 95 42 81 91 73 36 38 46 8 2 34 32 89 21 6 35 25 66 74 49 85 80 94 63 10 14 7 20 99 92 60 57 64 62 75 96 82 0 44 18 9 48 61 41 86 69 98 33 65 5 45 88 93 17 24 39 16 3 30 68 79 23 70 58 71 52 47 56 1 97 19 67 26 43 22 4 29 50 31 28 55 78 72 76 54 15 90 13 59 53 87 12
Coste: -2147483639

GENERACION: 420
Mejor Solucion:  77 40 11 27 83 84 51 37 95 42 81 91 73 36 38 46 8 2 34 32 89 21 6 35 25 66 74 49 85 80 94 63 10 14 7 20 99 92 60 57 64 62 75 96 82 0 44 18 9 48 61 41 86 69 98 33 65 5 45 88 93 17 24 39 16 3 30 68 79 23 70 58 71 52 47 56 1 97 19 67 26 43 22 4 29 50 31 28 55 78 72 76 54 15 90 13 59 53 87 12
Coste: -2147483639

GENERACION: 425
Mejor Solucion:  77 40 11 27 83 84 51 37 95 42 81 91 73 36 38 46 8 2 34 32 89 21 6 35 25 66 74 49 85 80 94 63 10 14 7 20 99 92 60 57 64 62 75 96 82 0 44 18 9 48 61 41 86 69 98 33 65 5 45 88 93 17 24 39 16 3 30 68 79 23 70 58 71 52 47 56 1 97 19 67 26 43 22 4 29 50 31 28 55 78 72 76 54 15 90 13 59 53 87 12
Coste: -2147483639

GENERACION: 430
Mejor Solucion:  77 40 11 27 83 84 51 37 95 42 81 91 73 36 38 46 8 2 34 32 89 21 6 35 25 66 74 49 85 80 94 63 10 14 7 20 99 92 60 57 64 62 75 96 82 0 44 18 9 48 61 41 86 69 98 33 65 5 45 88 93 17 24 39 16 3 30 68 79 23 70 58 71 52 47 56 1 97 19 67 26 43 22 4 29 50 31 28 55 78 72 76 54 15 90 13 59 53 87 12
Coste: -2147483639

GENERACION: 435
Mejor Solucion:  77 40 11 27 83 84 51 37 95 42 81 91 73 36 38 46 8 2 34 32 89 21 6 35 25 66 74 49 85 80 94 63 10 14 7 20 99 92 60 57 64 62 75 96 82 0 44 18 9 48 61 41 86 69 98 33 65 5 45 88 93 17 24 39 16 3 30 68 79 23 70 58 71 52 47 56 1 97 19 67 26 43 22 4 29 50 31 28 55 78 72 76 54 15 90 13 59 53 87 12
Coste: -2147483639

GENERACION: 440
Mejor Solucion:  77 40 11 27 83 84 51 37 95 42 81 91 73 36 38 46 8 2 34 32 89 21 6 35 25 66 74 49 85 80 94 63 10 14 7 20 99 92 60 57 64 62 75 96 82 0 44 18 9 48 61 41 86 69 98 33 65 5 45 88 93 17 24 39 16 3 30 68 79 23 70 58 71 52 47 56 1 97 19 67 26 43 22 4 29 50 31 28 55 78 72 76 54 15 90 13 59 53 87 12
Coste: -2147483639

GENERACION: 445
Mejor Solucion:  77 40 11 27 83 84 51 37 95 42 81 91 73 36 38 46 8 2 34 32 89 21 6 35 25 66 74 49 85 80 94 63 10 14 7 20 99 92 60 57 64 62 75 96 82 0 44 18 9 48 61 41 86 69 98 33 65 5 45 88 93 17 24 39 16 3 30 68 79 23 70 58 71 52 47 56 1 97 19 67 26 43 22 4 29 50 31 28 55 78 72 76 54 15 90 13 59 53 87 12
Coste: -2147483639

GENERACION: 450
Mejor Solucion:  77 40 11 27 83 84 51 37 95 42 81 91 73 36 38 46 8 2 34 32 89 21 6 35 25 66 74 49 85 80 94 63 10 14 7 20 99 92 60 57 64 62 75 96 82 0 44 18 9 48 61 41 86 69 98 33 65 5 45 88 93 17 24 39 16 3 30 68 79 23 70 58 71 52 47 56 1 97 19 67 26 43 22 4 29 50 31 28 55 78 72 76 54 15 90 13 59 53 87 12
Coste: -2147483639

GENERACION: 455
Mejor Solucion:  77 40 11 27 83 84 51 37 95 42 81 91 73 36 38 46 8 2 34 32 89 21 6 35 25 66 74 49 85 80 94 63 10 14 7 20 99 92 60 57 64 62 75 96 82 0 44 18 9 48 61 41 86 69 98 33 65 5 45 88 93 17 24 39 16 3 30 68 79 23 70 58 71 52 47 56 1 97 19 67 26 43 22 4 29 50 31 28 55 78 72 76 54 15 90 13 59 53 87 12
Coste: -2147483639

GENERACION: 460
Mejor Solucion:  77 40 11 27 83 84 51 37 95 42 81 91 73 36 38 46 8 2 34 32 89 21 6 35 25 66 74 49 85 80 94 63 10 14 7 20 99 92 60 57 64 62 75 96 82 0 44 18 9 48 61 41 86 69 98 33 65 5 45 88 93 17 24 39 16 3 30 68 79 23 70 58 71 52 47 56 1 97 19 67 26 43 22 4 29 50 31 28 55 78 72 76 54 15 90 13 59 53 87 12
Coste: -2147483639

GENERACION: 465
Mejor Solucion:  77 40 11 27 83 84 51 37 95 42 81 91 73 36 38 46 8 2 34 32 89 21 6 35 25 66 74 49 85 80 94 63 10 14 7 20 99 92 60 57 64 62 75 96 82 0 44 18 9 48 61 41 86 69 98 33 65 5 45 88 93 17 24 39 16 3 30 68 79 23 70 58 71 52 47 56 1 97 19 67 26 43 22 4 29 50 31 28 55 78 72 76 54 15 90 13 59 53 87 12
Coste: -2147483639

GENERACION: 470
Mejor Solucion:  77 40 11 27 83 84 51 37 95 42 81 91 73 36 38 46 8 2 34 32 89 21 6 35 25 66 74 49 85 80 94 63 10 14 7 20 99 92 60 57 64 62 75 96 82 0 44 18 9 48 61 41 86 69 98 33 65 5 45 88 93 17 24 39 16 3 30 68 79 23 70 58 71 52 47 56 1 97 19 67 26 43 22 4 29 50 31 28 55 78 72 76 54 15 90 13 59 53 87 12
Coste: -2147483639

GENERACION: 475
Mejor Solucion:  77 40 11 27 83 84 51 37 95 42 81 91 73 36 38 46 8 2 34 32 89 21 6 35 25 66 74 49 85 80 94 63 10 14 7 20 99 92 60 57 64 62 75 96 82 0 44 18 9 48 61 41 86 69 98 33 65 5 45 88 93 17 24 39 16 3 30 68 79 23 70 58 71 52 47 56 1 97 19 67 26 43 22 4 29 50 31 28 55 78 72 76 54 15 90 13 59 53 87 12
Coste: -2147483639

GENERACION: 480
Mejor Solucion:  77 40 11 27 83 84 51 37 95 42 81 91 73 36 38 46 8 2 34 32 89 21 6 35 25 66 74 49 85 80 94 63 10 14 7 20 99 92 60 57 64 62 75 96 82 0 44 18 9 48 61 41 86 69 98 33 65 5 45 88 93 17 24 39 16 3 30 68 79 23 70 58 71 52 47 56 1 97 19 67 26 43 22 4 29 50 31 28 55 78 72 76 54 15 90 13 59 53 87 12
Coste: -2147483639

GENERACION: 485
Mejor Solucion:  77 40 11 27 83 84 51 37 95 42 81 91 73 36 38 46 8 2 34 32 89 21 6 35 25 66 74 49 85 80 94 63 10 14 7 20 99 92 60 57 64 62 75 96 82 0 44 18 9 48 61 41 86 69 98 33 65 5 45 88 93 17 24 39 16 3 30 68 79 23 70 58 71 52 47 56 1 97 19 67 26 43 22 4 29 50 31 28 55 78 72 76 54 15 90 13 59 53 87 12
Coste: -2147483639

GENERACION: 490
Mejor Solucion:  77 40 11 27 83 84 51 37 95 42 81 91 73 36 38 46 8 2 34 32 89 21 6 35 25 66 74 49 85 80 94 63 10 14 7 20 99 92 60 57 64 62 75 96 82 0 44 18 9 48 61 41 86 69 98 33 65 5 45 88 93 17 24 39 16 3 30 68 79 23 70 58 71 52 47 56 1 97 19 67 26 43 22 4 29 50 31 28 55 78 72 76 54 15 90 13 59 53 87 12
Coste: -2147483639

GENERACION: 495
Mejor Solucion:  77 40 11 27 83 84 51 37 95 42 81 91 73 36 38 46 8 2 34 32 89 21 6 35 25 66 74 49 85 80 94 63 10 14 7 20 99 92 60 57 64 62 75 96 82 0 44 18 9 48 61 41 86 69 98 33 65 5 45 88 93 17 24 39 16 3 30 68 79 23 70 58 71 52 47 56 1 97 19 67 26 43 22 4 29 50 31 28 55 78 72 76 54 15 90 13 59 53 87 12
Coste: -2147483639

GENERACION: 500
Mejor Solucion:  77 40 11 27 83 84 51 37 95 42 81 91 73 36 38 46 8 2 34 32 89 21 6 35 25 66 74 49 85 80 94 63 10 14 7 20 99 92 60 57 64 62 75 96 82 0 44 18 9 48 61 41 86 69 98 33 65 5 45 88 93 17 24 39 16 3 30 68 79 23 70 58 71 52 47 56 1 97 19 67 26 43 22 4 29 50 31 28 55 78 72 76 54 15 90 13 59 53 87 12
Coste: -2147483639

GENERACION: 505
Mejor Solucion:  77 40 11 27 83 84 51 37 95 42 81 91 73 36 38 46 8 2 34 32 89 21 6 35 25 66 74 49 85 80 94 63 10 14 7 20 99 92 60 57 64 62 75 96 82 0 44 18 9 48 61 41 86 69 98 33 65 5 45 88 93 17 24 39 16 3 30 68 79 23 70 58 71 52 47 56 1 97 19 67 26 43 22 4 29 50 31 28 55 78 72 76 54 15 90 13 59 53 87 12
Coste: -2147483639

GENERACION: 510
Mejor Solucion:  77 40 11 27 83 84 51 37 95 42 81 91 73 36 38 46 8 2 34 32 89 21 6 35 25 66 74 49 85 80 94 63 10 14 7 20 99 92 60 57 64 62 75 96 82 0 44 18 9 48 61 41 86 69 98 33 65 5 45 88 93 17 24 39 16 3 30 68 79 23 70 58 71 52 47 56 1 97 19 67 26 43 22 4 29 50 31 28 55 78 72 76 54 15 90 13 59 53 87 12
Coste: -2147483639

GENERACION: 515
Mejor Solucion:  77 40 11 27 83 84 51 37 95 42 81 91 73 36 38 46 8 2 34 32 89 21 6 35 25 66 74 49 85 80 94 63 10 14 7 20 99 92 60 57 64 62 75 96 82 0 44 18 9 48 61 41 86 69 98 33 65 5 45 88 93 17 24 39 16 3 30 68 79 23 70 58 71 52 47 56 1 97 19 67 26 43 22 4 29 50 31 28 55 78 72 76 54 15 90 13 59 53 87 12
Coste: -2147483639

GENERACION: 520
Mejor Solucion:  77 40 11 27 83 84 51 37 95 42 81 91 73 36 38 46 8 2 34 32 89 21 6 35 25 66 74 49 85 80 94 63 10 14 7 20 99 92 60 57 64 62 75 96 82 0 44 18 9 48 61 41 86 69 98 33 65 5 45 88 93 17 24 39 16 3 30 68 79 23 70 58 71 52 47 56 1 97 19 67 26 43 22 4 29 50 31 28 55 78 72 76 54 15 90 13 59 53 87 12
Coste: -2147483639

GENERACION: 525
Mejor Solucion:  77 40 11 27 83 84 51 37 95 42 81 91 73 36 38 46 8 2 34 32 89 21 6 35 25 66 74 49 85 80 94 63 10 14 7 20 99 92 60 57 64 62 75 96 82 0 44 18 9 48 61 41 86 69 98 33 65 5 45 88 93 17 24 39 16 3 30 68 79 23 70 58 71 52 47 56 1 97 19 67 26 43 22 4 29 50 31 28 55 78 72 76 54 15 90 13 59 53 87 12
Coste: -2147483639

GENERACION: 530
Mejor Solucion:  77 40 11 27 83 84 51 37 95 42 81 91 73 36 38 46 8 2 34 32 89 21 6 35 25 66 74 49 85 80 94 63 10 14 7 20 99 92 60 57 64 62 75 96 82 0 44 18 9 48 61 41 86 69 98 33 65 5 45 88 93 17 24 39 16 3 30 68 79 23 70 58 71 52 47 56 1 97 19 67 26 43 22 4 29 50 31 28 55 78 72 76 54 15 90 13 59 53 87 12
Coste: -2147483639

GENERACION: 535
Mejor Solucion:  77 40 11 27 83 84 51 37 95 42 81 91 73 36 38 46 8 2 34 32 89 21 6 35 25 66 74 49 85 80 94 63 10 14 7 20 99 92 60 57 64 62 75 96 82 0 44 18 9 48 61 41 86 69 98 33 65 5 45 88 93 17 24 39 16 3 30 68 79 23 70 58 71 52 47 56 1 97 19 67 26 43 22 4 29 50 31 28 55 78 72 76 54 15 90 13 59 53 87 12
Coste: -2147483639

GENERACION: 540
Mejor Solucion:  77 40 11 27 83 84 51 37 95 42 81 91 73 36 38 46 8 2 34 32 89 21 6 35 25 66 74 49 85 80 94 63 10 14 7 20 99 92 60 57 64 62 75 96 82 0 44 18 9 48 61 41 86 69 98 33 65 5 45 88 93 17 24 39 16 3 30 68 79 23 70 58 71 52 47 56 1 97 19 67 26 43 22 4 29 50 31 28 55 78 72 76 54 15 90 13 59 53 87 12
Coste: -2147483639

GENERACION: 545
Mejor Solucion:  77 40 11 27 83 84 51 37 95 42 81 91 73 36 38 46 8 2 34 32 89 21 6 35 25 66 74 49 85 80 94 63 10 14 7 20 99 92 60 57 64 62 75 96 82 0 44 18 9 48 61 41 86 69 98 33 65 5 45 88 93 17 24 39 16 3 30 68 79 23 70 58 71 52 47 56 1 97 19 67 26 43 22 4 29 50 31 28 55 78 72 76 54 15 90 13 59 53 87 12
Coste: -2147483639

GENERACION: 550
Mejor Solucion:  77 40 11 27 83 84 51 37 95 42 81 91 73 36 38 46 8 2 34 32 89 21 6 35 25 66 74 49 85 80 94 63 10 14 7 20 99 92 60 57 64 62 75 96 82 0 44 18 9 48 61 41 86 69 98 33 65 5 45 88 93 17 24 39 16 3 30 68 79 23 70 58 71 52 47 56 1 97 19 67 26 43 22 4 29 50 31 28 55 78 72 76 54 15 90 13 59 53 87 12
Coste: -2147483639

GENERACION: 555
Mejor Solucion:  77 40 11 27 83 84 51 37 95 42 81 91 73 36 38 46 8 2 34 32 89 21 6 35 25 66 74 49 85 80 94 63 10 14 7 20 99 92 60 57 64 62 75 96 82 0 44 18 9 48 61 41 86 69 98 33 65 5 45 88 93 17 24 39 16 3 30 68 79 23 70 58 71 52 47 56 1 97 19 67 26 43 22 4 29 50 31 28 55 78 72 76 54 15 90 13 59 53 87 12
Coste: -2147483639

GENERACION: 560
Mejor Solucion:  77 40 11 27 83 84 51 37 95 42 81 91 73 36 38 46 8 2 34 32 89 21 6 35 25 66 74 49 85 80 94 63 10 14 7 20 99 92 60 57 64 62 75 96 82 0 44 18 9 48 61 41 86 69 98 33 65 5 45 88 93 17 24 39 16 3 30 68 79 23 70 58 71 52 47 56 1 97 19 67 26 43 22 4 29 50 31 28 55 78 72 76 54 15 90 13 59 53 87 12
Coste: -2147483639

GENERACION: 565
Mejor Solucion:  77 40 11 27 83 84 51 37 95 42 81 91 73 36 38 46 8 2 34 32 89 21 6 35 25 66 74 49 85 80 94 63 10 14 7 20 99 92 60 57 64 62 75 96 82 0 44 18 9 48 61 41 86 69 98 33 65 5 45 88 93 17 24 39 16 3 30 68 79 23 70 58 71 52 47 56 1 97 19 67 26 43 22 4 29 50 31 28 55 78 72 76 54 15 90 13 59 53 87 12
Coste: -2147483639

GENERACION: 570
Mejor Solucion:  77 40 11 27 83 84 51 37 95 42 81 91 73 36 38 46 8 2 34 32 89 21 6 35 25 66 74 49 85 80 94 63 10 14 7 20 99 92 60 57 64 62 75 96 82 0 44 18 9 48 61 41 86 69 98 33 65 5 45 88 93 17 24 39 16 3 30 68 79 23 70 58 71 52 47 56 1 97 19 67 26 43 22 4 29 50 31 28 55 78 72 76 54 15 90 13 59 53 87 12
Coste: -2147483639

GENERACION: 575
Mejor Solucion:  77 40 11 27 83 84 51 37 95 42 81 91 73 36 38 46 8 2 34 32 89 21 6 35 25 66 74 49 85 80 94 63 10 14 7 20 99 92 60 57 64 62 75 96 82 0 44 18 9 48 61 41 86 69 98 33 65 5 45 88 93 17 24 39 16 3 30 68 79 23 70 58 71 52 47 56 1 97 19 67 26 43 22 4 29 50 31 28 55 78 72 76 54 15 90 13 59 53 87 12
Coste: -2147483639

GENERACION: 580
Mejor Solucion:  77 40 11 27 83 84 51 37 95 42 81 91 73 36 38 46 8 2 34 32 89 21 6 35 25 66 74 49 85 80 94 63 10 14 7 20 99 92 60 57 64 62 75 96 82 0 44 18 9 48 61 41 86 69 98 33 65 5 45 88 93 17 24 39 16 3 30 68 79 23 70 58 71 52 47 56 1 97 19 67 26 43 22 4 29 50 31 28 55 78 72 76 54 15 90 13 59 53 87 12
Coste: -2147483639

GENERACION: 585
Mejor Solucion:  77 40 11 27 83 84 51 37 95 42 81 91 73 36 38 46 8 2 34 32 89 21 6 35 25 66 74 49 85 80 94 63 10 14 7 20 99 92 60 57 64 62 75 96 82 0 44 18 9 48 61 41 86 69 98 33 65 5 45 88 93 17 24 39 16 3 30 68 79 23 70 58 71 52 47 56 1 97 19 67 26 43 22 4 29 50 31 28 55 78 72 76 54 15 90 13 59 53 87 12
Coste: -2147483639

GENERACION: 590
Mejor Solucion:  77 40 11 27 83 84 51 37 95 42 81 91 73 36 38 46 8 2 34 32 89 21 6 35 25 66 74 49 85 80 94 63 10 14 7 20 99 92 60 57 64 62 75 96 82 0 44 18 9 48 61 41 86 69 98 33 65 5 45 88 93 17 24 39 16 3 30 68 79 23 70 58 71 52 47 56 1 97 19 67 26 43 22 4 29 50 31 28 55 78 72 76 54 15 90 13 59 53 87 12
Coste: -2147483639

GENERACION: 595
Mejor Solucion:  77 40 11 27 83 84 51 37 95 42 81 91 73 36 38 46 8 2 34 32 89 21 6 35 25 66 74 49 85 80 94 63 10 14 7 20 99 92 60 57 64 62 75 96 82 0 44 18 9 48 61 41 86 69 98 33 65 5 45 88 93 17 24 39 16 3 30 68 79 23 70 58 71 52 47 56 1 97 19 67 26 43 22 4 29 50 31 28 55 78 72 76 54 15 90 13 59 53 87 12
Coste: -2147483639

GENERACION: 600
Mejor Solucion:  77 40 11 27 83 84 51 37 95 42 81 91 73 36 38 46 8 2 34 32 89 21 6 35 25 66 74 49 85 80 94 63 10 14 7 20 99 92 60 57 64 62 75 96 82 0 44 18 9 48 61 41 86 69 98 33 65 5 45 88 93 17 24 39 16 3 30 68 79 23 70 58 71 52 47 56 1 97 19 67 26 43 22 4 29 50 31 28 55 78 72 76 54 15 90 13 59 53 87 12
Coste: -2147483639

GENERACION: 605
Mejor Solucion:  77 40 11 27 83 84 51 37 95 42 81 91 73 36 38 46 8 2 34 32 89 21 6 35 25 66 74 49 85 80 94 63 10 14 7 20 99 92 60 57 64 62 75 96 82 0 44 18 9 48 61 41 86 69 98 33 65 5 45 88 93 17 24 39 16 3 30 68 79 23 70 58 71 52 47 56 1 97 19 67 26 43 22 4 29 50 31 28 55 78 72 76 54 15 90 13 59 53 87 12
Coste: -2147483639

GENERACION: 610
Mejor Solucion:  77 40 11 27 83 84 51 37 95 42 81 91 73 36 38 46 8 2 34 32 89 21 6 35 25 66 74 49 85 80 94 63 10 14 7 20 99 92 60 57 64 62 75 96 82 0 44 18 9 48 61 41 86 69 98 33 65 5 45 88 93 17 24 39 16 3 30 68 79 23 70 58 71 52 47 56 1 97 19 67 26 43 22 4 29 50 31 28 55 78 72 76 54 15 90 13 59 53 87 12
Coste: -2147483639

GENERACION: 615
Mejor Solucion:  77 40 11 27 83 84 51 37 95 42 81 91 73 36 38 46 8 2 34 32 89 21 6 35 25 66 74 49 85 80 94 63 10 14 7 20 99 92 60 57 64 62 75 96 82 0 44 18 9 48 61 41 86 69 98 33 65 5 45 88 93 17 24 39 16 3 30 68 79 23 70 58 71 52 47 56 1 97 19 67 26 43 22 4 29 50 31 28 55 78 72 76 54 15 90 13 59 53 87 12
Coste: -2147483639

GENERACION: 620
Mejor Solucion:  77 40 11 27 83 84 51 37 95 42 81 91 73 36 38 46 8 2 34 32 89 21 6 35 25 66 74 49 85 80 94 63 10 14 7 20 99 92 60 57 64 62 75 96 82 0 44 18 9 48 61 41 86 69 98 33 65 5 45 88 93 17 24 39 16 3 30 68 79 23 70 58 71 52 47 56 1 97 19 67 26 43 22 4 29 50 31 28 55 78 72 76 54 15 90 13 59 53 87 12
Coste: -2147483639

GENERACION: 625
Mejor Solucion:  77 40 11 27 83 84 51 37 95 42 81 91 73 36 38 46 8 2 34 32 89 21 6 35 25 66 74 49 85 80 94 63 10 14 7 20 99 92 60 57 64 62 75 96 82 0 44 18 9 48 61 41 86 69 98 33 65 5 45 88 93 17 24 39 16 3 30 68 79 23 70 58 71 52 47 56 1 97 19 67 26 43 22 4 29 50 31 28 55 78 72 76 54 15 90 13 59 53 87 12
Coste: -2147483639

GENERACION: 630
Mejor Solucion:  77 40 11 27 83 84 51 37 95 42 81 91 73 36 38 46 8 2 34 32 89 21 6 35 25 66 74 49 85 80 94 63 10 14 7 20 99 92 60 57 64 62 75 96 82 0 44 18 9 48 61 41 86 69 98 33 65 5 45 88 93 17 24 39 16 3 30 68 79 23 70 58 71 52 47 56 1 97 19 67 26 43 22 4 29 50 31 28 55 78 72 76 54 15 90 13 59 53 87 12
Coste: -2147483639

GENERACION: 635
Mejor Solucion:  77 40 11 27 83 84 51 37 95 42 81 91 73 36 38 46 8 2 34 32 89 21 6 35 25 66 74 49 85 80 94 63 10 14 7 20 99 92 60 57 64 62 75 96 82 0 44 18 9 48 61 41 86 69 98 33 65 5 45 88 93 17 24 39 16 3 30 68 79 23 70 58 71 52 47 56 1 97 19 67 26 43 22 4 29 50 31 28 55 78 72 76 54 15 90 13 59 53 87 12
Coste: -2147483639

GENERACION: 640
Mejor Solucion:  77 40 11 27 83 84 51 37 95 42 81 91 73 36 38 46 8 2 34 32 89 21 6 35 25 66 74 49 85 80 94 63 10 14 7 20 99 92 60 57 64 62 75 96 82 0 44 18 9 48 61 41 86 69 98 33 65 5 45 88 93 17 24 39 16 3 30 68 79 23 70 58 71 52 47 56 1 97 19 67 26 43 22 4 29 50 31 28 55 78 72 76 54 15 90 13 59 53 87 12
Coste: -2147483639

GENERACION: 645
Mejor Solucion:  77 40 11 27 83 84 51 37 95 42 81 91 73 36 38 46 8 2 34 32 89 21 6 35 25 66 74 49 85 80 94 63 10 14 7 20 99 92 60 57 64 62 75 96 82 0 44 18 9 48 61 41 86 69 98 33 65 5 45 88 93 17 24 39 16 3 30 68 79 23 70 58 71 52 47 56 1 97 19 67 26 43 22 4 29 50 31 28 55 78 72 76 54 15 90 13 59 53 87 12
Coste: -2147483639

GENERACION: 650
Mejor Solucion:  77 40 11 27 83 84 51 37 95 42 81 91 73 36 38 46 8 2 34 32 89 21 6 35 25 66 74 49 85 80 94 63 10 14 7 20 99 92 60 57 64 62 75 96 82 0 44 18 9 48 61 41 86 69 98 33 65 5 45 88 93 17 24 39 16 3 30 68 79 23 70 58 71 52 47 56 1 97 19 67 26 43 22 4 29 50 31 28 55 78 72 76 54 15 90 13 59 53 87 12
Coste: -2147483639

GENERACION: 655
Mejor Solucion:  77 40 11 27 83 84 51 37 95 42 81 91 73 36 38 46 8 2 34 32 89 21 6 35 25 66 74 49 85 80 94 63 10 14 7 20 99 92 60 57 64 62 75 96 82 0 44 18 9 48 61 41 86 69 98 33 65 5 45 88 93 17 24 39 16 3 30 68 79 23 70 58 71 52 47 56 1 97 19 67 26 43 22 4 29 50 31 28 55 78 72 76 54 15 90 13 59 53 87 12
Coste: -2147483639

GENERACION: 660
Mejor Solucion:  77 40 11 27 83 84 51 37 95 42 81 91 73 36 38 46 8 2 34 32 89 21 6 35 25 66 74 49 85 80 94 63 10 14 7 20 99 92 60 57 64 62 75 96 82 0 44 18 9 48 61 41 86 69 98 33 65 5 45 88 93 17 24 39 16 3 30 68 79 23 70 58 71 52 47 56 1 97 19 67 26 43 22 4 29 50 31 28 55 78 72 76 54 15 90 13 59 53 87 12
Coste: -2147483639

GENERACION: 665
Mejor Solucion:  77 40 11 27 83 84 51 37 95 42 81 91 73 36 38 46 8 2 34 32 89 21 6 35 25 66 74 49 85 80 94 63 10 14 7 20 99 92 60 57 64 62 75 96 82 0 44 18 9 48 61 41 86 69 98 33 65 5 45 88 93 17 24 39 16 3 30 68 79 23 70 58 71 52 47 56 1 97 19 67 26 43 22 4 29 50 31 28 55 78 72 76 54 15 90 13 59 53 87 12
Coste: -2147483639

GENERACION: 670
Mejor Solucion:  77 40 11 27 83 84 51 37 95 42 81 91 73 36 38 46 8 2 34 32 89 21 6 35 25 66 74 49 85 80 94 63 10 14 7 20 99 92 60 57 64 62 75 96 82 0 44 18 9 48 61 41 86 69 98 33 65 5 45 88 93 17 24 39 16 3 30 68 79 23 70 58 71 52 47 56 1 97 19 67 26 43 22 4 29 50 31 28 55 78 72 76 54 15 90 13 59 53 87 12
Coste: -2147483639

GENERACION: 675
Mejor Solucion:  77 40 11 27 83 84 51 37 95 42 81 91 73 36 38 46 8 2 34 32 89 21 6 35 25 66 74 49 85 80 94 63 10 14 7 20 99 92 60 57 64 62 75 96 82 0 44 18 9 48 61 41 86 69 98 33 65 5 45 88 93 17 24 39 16 3 30 68 79 23 70 58 71 52 47 56 1 97 19 67 26 43 22 4 29 50 31 28 55 78 72 76 54 15 90 13 59 53 87 12
Coste: -2147483639

GENERACION: 680
Mejor Solucion:  77 40 11 27 83 84 51 37 95 42 81 91 73 36 38 46 8 2 34 32 89 21 6 35 25 66 74 49 85 80 94 63 10 14 7 20 99 92 60 57 64 62 75 96 82 0 44 18 9 48 61 41 86 69 98 33 65 5 45 88 93 17 24 39 16 3 30 68 79 23 70 58 71 52 47 56 1 97 19 67 26 43 22 4 29 50 31 28 55 78 72 76 54 15 90 13 59 53 87 12
Coste: -2147483639

GENERACION: 685
Mejor Solucion:  77 40 11 27 83 84 51 37 95 42 81 91 73 36 38 46 8 2 34 32 89 21 6 35 25 66 74 49 85 80 94 63 10 14 7 20 99 92 60 57 64 62 75 96 82 0 44 18 9 48 61 41 86 69 98 33 65 5 45 88 93 17 24 39 16 3 30 68 79 23 70 58 71 52 47 56 1 97 19 67 26 43 22 4 29 50 31 28 55 78 72 76 54 15 90 13 59 53 87 12
Coste: -2147483639

GENERACION: 690
Mejor Solucion:  77 40 11 27 83 84 51 37 95 42 81 91 73 36 38 46 8 2 34 32 89 21 6 35 25 66 74 49 85 80 94 63 10 14 7 20 99 92 60 57 64 62 75 96 82 0 44 18 9 48 61 41 86 69 98 33 65 5 45 88 93 17 24 39 16 3 30 68 79 23 70 58 71 52 47 56 1 97 19 67 26 43 22 4 29 50 31 28 55 78 72 76 54 15 90 13 59 53 87 12
Coste: -2147483639

GENERACION: 695
Mejor Solucion:  77 40 11 27 83 84 51 37 95 42 81 91 73 36 38 46 8 2 34 32 89 21 6 35 25 66 74 49 85 80 94 63 10 14 7 20 99 92 60 57 64 62 75 96 82 0 44 18 9 48 61 41 86 69 98 33 65 5 45 88 93 17 24 39 16 3 30 68 79 23 70 58 71 52 47 56 1 97 19 67 26 43 22 4 29 50 31 28 55 78 72 76 54 15 90 13 59 53 87 12
Coste: -2147483639

GENERACION: 700
Mejor Solucion:  77 40 11 27 83 84 51 37 95 42 81 91 73 36 38 46 8 2 34 32 89 21 6 35 25 66 74 49 85 80 94 63 10 14 7 20 99 92 60 57 64 62 75 96 82 0 44 18 9 48 61 41 86 69 98 33 65 5 45 88 93 17 24 39 16 3 30 68 79 23 70 58 71 52 47 56 1 97 19 67 26 43 22 4 29 50 31 28 55 78 72 76 54 15 90 13 59 53 87 12
Coste: -2147483639

GENERACION: 705
Mejor Solucion:  77 40 11 27 83 84 51 37 95 42 81 91 73 36 38 46 8 2 34 32 89 21 6 35 25 66 74 49 85 80 94 63 10 14 7 20 99 92 60 57 64 62 75 96 82 0 44 18 9 48 61 41 86 69 98 33 65 5 45 88 93 17 24 39 16 3 30 68 79 23 70 58 71 52 47 56 1 97 19 67 26 43 22 4 29 50 31 28 55 78 72 76 54 15 90 13 59 53 87 12
Coste: -2147483639

GENERACION: 710
Mejor Solucion:  77 40 11 27 83 84 51 37 95 42 81 91 73 36 38 46 8 2 34 32 89 21 6 35 25 66 74 49 85 80 94 63 10 14 7 20 99 92 60 57 64 62 75 96 82 0 44 18 9 48 61 41 86 69 98 33 65 5 45 88 93 17 24 39 16 3 30 68 79 23 70 58 71 52 47 56 1 97 19 67 26 43 22 4 29 50 31 28 55 78 72 76 54 15 90 13 59 53 87 12
Coste: -2147483639

GENERACION: 715
Mejor Solucion:  77 40 11 27 83 84 51 37 95 42 81 91 73 36 38 46 8 2 34 32 89 21 6 35 25 66 74 49 85 80 94 63 10 14 7 20 99 92 60 57 64 62 75 96 82 0 44 18 9 48 61 41 86 69 98 33 65 5 45 88 93 17 24 39 16 3 30 68 79 23 70 58 71 52 47 56 1 97 19 67 26 43 22 4 29 50 31 28 55 78 72 76 54 15 90 13 59 53 87 12
Coste: -2147483639

GENERACION: 720
Mejor Solucion:  77 40 11 27 83 84 51 37 95 42 81 91 73 36 38 46 8 2 34 32 89 21 6 35 25 66 74 49 85 80 94 63 10 14 7 20 99 92 60 57 64 62 75 96 82 0 44 18 9 48 61 41 86 69 98 33 65 5 45 88 93 17 24 39 16 3 30 68 79 23 70 58 71 52 47 56 1 97 19 67 26 43 22 4 29 50 31 28 55 78 72 76 54 15 90 13 59 53 87 12
Coste: -2147483639

GENERACION: 725
Mejor Solucion:  77 40 11 27 83 84 51 37 95 42 81 91 73 36 38 46 8 2 34 32 89 21 6 35 25 66 74 49 85 80 94 63 10 14 7 20 99 92 60 57 64 62 75 96 82 0 44 18 9 48 61 41 86 69 98 33 65 5 45 88 93 17 24 39 16 3 30 68 79 23 70 58 71 52 47 56 1 97 19 67 26 43 22 4 29 50 31 28 55 78 72 76 54 15 90 13 59 53 87 12
Coste: -2147483639

GENERACION: 730
Mejor Solucion:  77 40 11 27 83 84 51 37 95 42 81 91 73 36 38 46 8 2 34 32 89 21 6 35 25 66 74 49 85 80 94 63 10 14 7 20 99 92 60 57 64 62 75 96 82 0 44 18 9 48 61 41 86 69 98 33 65 5 45 88 93 17 24 39 16 3 30 68 79 23 70 58 71 52 47 56 1 97 19 67 26 43 22 4 29 50 31 28 55 78 72 76 54 15 90 13 59 53 87 12
Coste: -2147483639

GENERACION: 735
Mejor Solucion:  77 40 11 27 83 84 51 37 95 42 81 91 73 36 38 46 8 2 34 32 89 21 6 35 25 66 74 49 85 80 94 63 10 14 7 20 99 92 60 57 64 62 75 96 82 0 44 18 9 48 61 41 86 69 98 33 65 5 45 88 93 17 24 39 16 3 30 68 79 23 70 58 71 52 47 56 1 97 19 67 26 43 22 4 29 50 31 28 55 78 72 76 54 15 90 13 59 53 87 12
Coste: -2147483639

GENERACION: 740
Mejor Solucion:  77 40 11 27 83 84 51 37 95 42 81 91 73 36 38 46 8 2 34 32 89 21 6 35 25 66 74 49 85 80 94 63 10 14 7 20 99 92 60 57 64 62 75 96 82 0 44 18 9 48 61 41 86 69 98 33 65 5 45 88 93 17 24 39 16 3 30 68 79 23 70 58 71 52 47 56 1 97 19 67 26 43 22 4 29 50 31 28 55 78 72 76 54 15 90 13 59 53 87 12
Coste: -2147483639

GENERACION: 745
Mejor Solucion:  77 40 11 27 83 84 51 37 95 42 81 91 73 36 38 46 8 2 34 32 89 21 6 35 25 66 74 49 85 80 94 63 10 14 7 20 99 92 60 57 64 62 75 96 82 0 44 18 9 48 61 41 86 69 98 33 65 5 45 88 93 17 24 39 16 3 30 68 79 23 70 58 71 52 47 56 1 97 19 67 26 43 22 4 29 50 31 28 55 78 72 76 54 15 90 13 59 53 87 12
Coste: -2147483639

GENERACION: 750
Mejor Solucion:  77 40 11 27 83 84 51 37 95 42 81 91 73 36 38 46 8 2 34 32 89 21 6 35 25 66 74 49 85 80 94 63 10 14 7 20 99 92 60 57 64 62 75 96 82 0 44 18 9 48 61 41 86 69 98 33 65 5 45 88 93 17 24 39 16 3 30 68 79 23 70 58 71 52 47 56 1 97 19 67 26 43 22 4 29 50 31 28 55 78 72 76 54 15 90 13 59 53 87 12
Coste: -2147483639

GENERACION: 755
Mejor Solucion:  77 40 11 27 83 84 51 37 95 42 81 91 73 36 38 46 8 2 34 32 89 21 6 35 25 66 74 49 85 80 94 63 10 14 7 20 99 92 60 57 64 62 75 96 82 0 44 18 9 48 61 41 86 69 98 33 65 5 45 88 93 17 24 39 16 3 30 68 79 23 70 58 71 52 47 56 1 97 19 67 26 43 22 4 29 50 31 28 55 78 72 76 54 15 90 13 59 53 87 12
Coste: -2147483639

GENERACION: 760
Mejor Solucion:  77 40 11 27 83 84 51 37 95 42 81 91 73 36 38 46 8 2 34 32 89 21 6 35 25 66 74 49 85 80 94 63 10 14 7 20 99 92 60 57 64 62 75 96 82 0 44 18 9 48 61 41 86 69 98 33 65 5 45 88 93 17 24 39 16 3 30 68 79 23 70 58 71 52 47 56 1 97 19 67 26 43 22 4 29 50 31 28 55 78 72 76 54 15 90 13 59 53 87 12
Coste: -2147483639

GENERACION: 765
Mejor Solucion:  77 40 11 27 83 84 51 37 95 42 81 91 73 36 38 46 8 2 34 32 89 21 6 35 25 66 74 49 85 80 94 63 10 14 7 20 99 92 60 57 64 62 75 96 82 0 44 18 9 48 61 41 86 69 98 33 65 5 45 88 93 17 24 39 16 3 30 68 79 23 70 58 71 52 47 56 1 97 19 67 26 43 22 4 29 50 31 28 55 78 72 76 54 15 90 13 59 53 87 12
Coste: -2147483639

GENERACION: 770
Mejor Solucion:  77 40 11 27 83 84 51 37 95 42 81 91 73 36 38 46 8 2 34 32 89 21 6 35 25 66 74 49 85 80 94 63 10 14 7 20 99 92 60 57 64 62 75 96 82 0 44 18 9 48 61 41 86 69 98 33 65 5 45 88 93 17 24 39 16 3 30 68 79 23 70 58 71 52 47 56 1 97 19 67 26 43 22 4 29 50 31 28 55 78 72 76 54 15 90 13 59 53 87 12
Coste: -2147483639

GENERACION: 775
Mejor Solucion:  77 40 11 27 83 84 51 37 95 42 81 91 73 36 38 46 8 2 34 32 89 21 6 35 25 66 74 49 85 80 94 63 10 14 7 20 99 92 60 57 64 62 75 96 82 0 44 18 9 48 61 41 86 69 98 33 65 5 45 88 93 17 24 39 16 3 30 68 79 23 70 58 71 52 47 56 1 97 19 67 26 43 22 4 29 50 31 28 55 78 72 76 54 15 90 13 59 53 87 12
Coste: -2147483639

GENERACION: 780
Mejor Solucion:  77 40 11 27 83 84 51 37 95 42 81 91 73 36 38 46 8 2 34 32 89 21 6 35 25 66 74 49 85 80 94 63 10 14 7 20 99 92 60 57 64 62 75 96 82 0 44 18 9 48 61 41 86 69 98 33 65 5 45 88 93 17 24 39 16 3 30 68 79 23 70 58 71 52 47 56 1 97 19 67 26 43 22 4 29 50 31 28 55 78 72 76 54 15 90 13 59 53 87 12
Coste: -2147483639

GENERACION: 785
Mejor Solucion:  77 40 11 27 83 84 51 37 95 42 81 91 73 36 38 46 8 2 34 32 89 21 6 35 25 66 74 49 85 80 94 63 10 14 7 20 99 92 60 57 64 62 75 96 82 0 44 18 9 48 61 41 86 69 98 33 65 5 45 88 93 17 24 39 16 3 30 68 79 23 70 58 71 52 47 56 1 97 19 67 26 43 22 4 29 50 31 28 55 78 72 76 54 15 90 13 59 53 87 12
Coste: -2147483639

GENERACION: 790
Mejor Solucion:  77 40 11 27 83 84 51 37 95 42 81 91 73 36 38 46 8 2 34 32 89 21 6 35 25 66 74 49 85 80 94 63 10 14 7 20 99 92 60 57 64 62 75 96 82 0 44 18 9 48 61 41 86 69 98 33 65 5 45 88 93 17 24 39 16 3 30 68 79 23 70 58 71 52 47 56 1 97 19 67 26 43 22 4 29 50 31 28 55 78 72 76 54 15 90 13 59 53 87 12
Coste: -2147483639

GENERACION: 795
Mejor Solucion:  77 40 11 27 83 84 51 37 95 42 81 91 73 36 38 46 8 2 34 32 89 21 6 35 25 66 74 49 85 80 94 63 10 14 7 20 99 92 60 57 64 62 75 96 82 0 44 18 9 48 61 41 86 69 98 33 65 5 45 88 93 17 24 39 16 3 30 68 79 23 70 58 71 52 47 56 1 97 19 67 26 43 22 4 29 50 31 28 55 78 72 76 54 15 90 13 59 53 87 12
Coste: -2147483639

GENERACION: 800
Mejor Solucion:  77 40 11 27 83 84 51 37 95 42 81 91 73 36 38 46 8 2 34 32 89 21 6 35 25 66 74 49 85 80 94 63 10 14 7 20 99 92 60 57 64 62 75 96 82 0 44 18 9 48 61 41 86 69 98 33 65 5 45 88 93 17 24 39 16 3 30 68 79 23 70 58 71 52 47 56 1 97 19 67 26 43 22 4 29 50 31 28 55 78 72 76 54 15 90 13 59 53 87 12
Coste: -2147483639

GENERACION: 805
Mejor Solucion:  77 40 11 27 83 84 51 37 95 42 81 91 73 36 38 46 8 2 34 32 89 21 6 35 25 66 74 49 85 80 94 63 10 14 7 20 99 92 60 57 64 62 75 96 82 0 44 18 9 48 61 41 86 69 98 33 65 5 45 88 93 17 24 39 16 3 30 68 79 23 70 58 71 52 47 56 1 97 19 67 26 43 22 4 29 50 31 28 55 78 72 76 54 15 90 13 59 53 87 12
Coste: -2147483639

GENERACION: 810
Mejor Solucion:  49 74 88 56 94 42 19 85 68 86 30 67 73 26 76 20 70 95 72 36 43 46 6 7 14 18 33 65 51 37 91 13 25 66 63 80 64 61 44 99 21 58 54 62 60 0 24 34 35 41 3 16 17 78 45 89 11 79 90 97 77 40 32 92 55 38 12 75 1 31 15 23 29 71 93 28 2 81 69 84 47 9 57 8 5 50 27 87 98 53 4 48 39 22 59 96 52 10 82 83
Coste: -2147483648

GENERACION: 815
Mejor Solucion:  49 74 88 56 94 42 19 85 68 86 30 67 73 26 76 20 70 95 72 36 43 46 6 7 14 18 33 65 51 37 91 13 25 66 63 80 64 61 44 99 21 58 54 62 60 0 24 34 35 41 3 16 17 78 45 89 11 79 90 97 77 40 32 92 55 38 12 75 1 31 15 23 29 71 93 28 2 81 69 84 47 9 57 8 5 50 27 87 98 53 4 48 39 22 59 96 52 10 82 83
Coste: -2147483648

GENERACION: 820
Mejor Solucion:  49 74 88 56 94 42 19 85 68 86 30 67 73 26 76 20 70 95 72 36 43 46 6 7 14 18 33 65 51 37 91 13 25 66 63 80 64 61 44 99 21 58 54 62 60 0 24 34 35 41 3 16 17 78 45 89 11 79 90 97 77 40 32 92 55 38 12 75 1 31 15 23 29 71 93 28 2 81 69 84 47 9 57 8 5 50 27 87 98 53 4 48 39 22 59 96 52 10 82 83
Coste: -2147483648

GENERACION: 825
Mejor Solucion:  49 74 88 56 94 42 19 85 68 86 30 67 73 26 76 20 70 95 72 36 43 46 6 7 14 18 33 65 51 37 91 13 25 66 63 80 64 61 44 99 21 58 54 62 60 0 24 34 35 41 3 16 17 78 45 89 11 79 90 97 77 40 32 92 55 38 12 75 1 31 15 23 29 71 93 28 2 81 69 84 47 9 57 8 5 50 27 87 98 53 4 48 39 22 59 96 52 10 82 83
Coste: -2147483648

GENERACION: 830
Mejor Solucion:  49 74 88 56 94 42 19 85 68 86 30 67 73 26 76 20 70 95 72 36 43 46 6 7 14 18 33 65 51 37 91 13 25 66 63 80 64 61 44 99 21 58 54 62 60 0 24 34 35 41 3 16 17 78 45 89 11 79 90 97 77 40 32 92 55 38 12 75 1 31 15 23 29 71 93 28 2 81 69 84 47 9 57 8 5 50 27 87 98 53 4 48 39 22 59 96 52 10 82 83
Coste: -2147483648

GENERACION: 835
Mejor Solucion:  49 74 88 56 94 42 19 85 68 86 30 67 73 26 76 20 70 95 72 36 43 46 6 7 14 18 33 65 51 37 91 13 25 66 63 80 64 61 44 99 21 58 54 62 60 0 24 34 35 41 3 16 17 78 45 89 11 79 90 97 77 40 32 92 55 38 12 75 1 31 15 23 29 71 93 28 2 81 69 84 47 9 57 8 5 50 27 87 98 53 4 48 39 22 59 96 52 10 82 83
Coste: -2147483648

GENERACION: 840
Mejor Solucion:  49 74 88 56 94 42 19 85 68 86 30 67 73 26 76 20 70 95 72 36 43 46 6 7 14 18 33 65 51 37 91 13 25 66 63 80 64 61 44 99 21 58 54 62 60 0 24 34 35 41 3 16 17 78 45 89 11 79 90 97 77 40 32 92 55 38 12 75 1 31 15 23 29 71 93 28 2 81 69 84 47 9 57 8 5 50 27 87 98 53 4 48 39 22 59 96 52 10 82 83
Coste: -2147483648

GENERACION: 845
Mejor Solucion:  49 74 88 56 94 42 19 85 68 86 30 67 73 26 76 20 70 95 72 36 43 46 6 7 14 18 33 65 51 37 91 13 25 66 63 80 64 61 44 99 21 58 54 62 60 0 24 34 35 41 3 16 17 78 45 89 11 79 90 97 77 40 32 92 55 38 12 75 1 31 15 23 29 71 93 28 2 81 69 84 47 9 57 8 5 50 27 87 98 53 4 48 39 22 59 96 52 10 82 83
Coste: -2147483648

GENERACION: 850
Mejor Solucion:  49 74 88 56 94 42 19 85 68 86 30 67 73 26 76 20 70 95 72 36 43 46 6 7 14 18 33 65 51 37 91 13 25 66 63 80 64 61 44 99 21 58 54 62 60 0 24 34 35 41 3 16 17 78 45 89 11 79 90 97 77 40 32 92 55 38 12 75 1 31 15 23 29 71 93 28 2 81 69 84 47 9 57 8 5 50 27 87 98 53 4 48 39 22 59 96 52 10 82 83
Coste: -2147483648

GENERACION: 855
Mejor Solucion:  49 74 88 56 94 42 19 85 68 86 30 67 73 26 76 20 70 95 72 36 43 46 6 7 14 18 33 65 51 37 91 13 25 66 63 80 64 61 44 99 21 58 54 62 60 0 24 34 35 41 3 16 17 78 45 89 11 79 90 97 77 40 32 92 55 38 12 75 1 31 15 23 29 71 93 28 2 81 69 84 47 9 57 8 5 50 27 87 98 53 4 48 39 22 59 96 52 10 82 83
Coste: -2147483648

GENERACION: 860
Mejor Solucion:  49 74 88 56 94 42 19 85 68 86 30 67 73 26 76 20 70 95 72 36 43 46 6 7 14 18 33 65 51 37 91 13 25 66 63 80 64 61 44 99 21 58 54 62 60 0 24 34 35 41 3 16 17 78 45 89 11 79 90 97 77 40 32 92 55 38 12 75 1 31 15 23 29 71 93 28 2 81 69 84 47 9 57 8 5 50 27 87 98 53 4 48 39 22 59 96 52 10 82 83
Coste: -2147483648

GENERACION: 865
Mejor Solucion:  49 74 88 56 94 42 19 85 68 86 30 67 73 26 76 20 70 95 72 36 43 46 6 7 14 18 33 65 51 37 91 13 25 66 63 80 64 61 44 99 21 58 54 62 60 0 24 34 35 41 3 16 17 78 45 89 11 79 90 97 77 40 32 92 55 38 12 75 1 31 15 23 29 71 93 28 2 81 69 84 47 9 57 8 5 50 27 87 98 53 4 48 39 22 59 96 52 10 82 83
Coste: -2147483648

GENERACION: 870
Mejor Solucion:  49 74 88 56 94 42 19 85 68 86 30 67 73 26 76 20 70 95 72 36 43 46 6 7 14 18 33 65 51 37 91 13 25 66 63 80 64 61 44 99 21 58 54 62 60 0 24 34 35 41 3 16 17 78 45 89 11 79 90 97 77 40 32 92 55 38 12 75 1 31 15 23 29 71 93 28 2 81 69 84 47 9 57 8 5 50 27 87 98 53 4 48 39 22 59 96 52 10 82 83
Coste: -2147483648

GENERACION: 875
Mejor Solucion:  49 74 88 56 94 42 19 85 68 86 30 67 73 26 76 20 70 95 72 36 43 46 6 7 14 18 33 65 51 37 91 13 25 66 63 80 64 61 44 99 21 58 54 62 60 0 24 34 35 41 3 16 17 78 45 89 11 79 90 97 77 40 32 92 55 38 12 75 1 31 15 23 29 71 93 28 2 81 69 84 47 9 57 8 5 50 27 87 98 53 4 48 39 22 59 96 52 10 82 83
Coste: -2147483648

GENERACION: 880
Mejor Solucion:  49 74 88 56 94 42 19 85 68 86 30 67 73 26 76 20 70 95 72 36 43 46 6 7 14 18 33 65 51 37 91 13 25 66 63 80 64 61 44 99 21 58 54 62 60 0 24 34 35 41 3 16 17 78 45 89 11 79 90 97 77 40 32 92 55 38 12 75 1 31 15 23 29 71 93 28 2 81 69 84 47 9 57 8 5 50 27 87 98 53 4 48 39 22 59 96 52 10 82 83
Coste: -2147483648

GENERACION: 885
Mejor Solucion:  49 74 88 56 94 42 19 85 68 86 30 67 73 26 76 20 70 95 72 36 43 46 6 7 14 18 33 65 51 37 91 13 25 66 63 80 64 61 44 99 21 58 54 62 60 0 24 34 35 41 3 16 17 78 45 89 11 79 90 97 77 40 32 92 55 38 12 75 1 31 15 23 29 71 93 28 2 81 69 84 47 9 57 8 5 50 27 87 98 53 4 48 39 22 59 96 52 10 82 83
Coste: -2147483648

GENERACION: 890
Mejor Solucion:  49 74 88 56 94 42 19 85 68 86 30 67 73 26 76 20 70 95 72 36 43 46 6 7 14 18 33 65 51 37 91 13 25 66 63 80 64 61 44 99 21 58 54 62 60 0 24 34 35 41 3 16 17 78 45 89 11 79 90 97 77 40 32 92 55 38 12 75 1 31 15 23 29 71 93 28 2 81 69 84 47 9 57 8 5 50 27 87 98 53 4 48 39 22 59 96 52 10 82 83
Coste: -2147483648

GENERACION: 895
Mejor Solucion:  49 74 88 56 94 42 19 85 68 86 30 67 73 26 76 20 70 95 72 36 43 46 6 7 14 18 33 65 51 37 91 13 25 66 63 80 64 61 44 99 21 58 54 62 60 0 24 34 35 41 3 16 17 78 45 89 11 79 90 97 77 40 32 92 55 38 12 75 1 31 15 23 29 71 93 28 2 81 69 84 47 9 57 8 5 50 27 87 98 53 4 48 39 22 59 96 52 10 82 83
Coste: -2147483648

GENERACION: 900
Mejor Solucion:  49 74 88 56 94 42 19 85 68 86 30 67 73 26 76 20 70 95 72 36 43 46 6 7 14 18 33 65 51 37 91 13 25 66 63 80 64 61 44 99 21 58 54 62 60 0 24 34 35 41 3 16 17 78 45 89 11 79 90 97 77 40 32 92 55 38 12 75 1 31 15 23 29 71 93 28 2 81 69 84 47 9 57 8 5 50 27 87 98 53 4 48 39 22 59 96 52 10 82 83
Coste: -2147483648

GENERACION: 905
Mejor Solucion:  49 74 88 56 94 42 19 85 68 86 30 67 73 26 76 20 70 95 72 36 43 46 6 7 14 18 33 65 51 37 91 13 25 66 63 80 64 61 44 99 21 58 54 62 60 0 24 34 35 41 3 16 17 78 45 89 11 79 90 97 77 40 32 92 55 38 12 75 1 31 15 23 29 71 93 28 2 81 69 84 47 9 57 8 5 50 27 87 98 53 4 48 39 22 59 96 52 10 82 83
Coste: -2147483648

GENERACION: 910
Mejor Solucion:  49 74 88 56 94 42 19 85 68 86 30 67 73 26 76 20 70 95 72 36 43 46 6 7 14 18 33 65 51 37 91 13 25 66 63 80 64 61 44 99 21 58 54 62 60 0 24 34 35 41 3 16 17 78 45 89 11 79 90 97 77 40 32 92 55 38 12 75 1 31 15 23 29 71 93 28 2 81 69 84 47 9 57 8 5 50 27 87 98 53 4 48 39 22 59 96 52 10 82 83
Coste: -2147483648

GENERACION: 915
Mejor Solucion:  49 74 88 56 94 42 19 85 68 86 30 67 73 26 76 20 70 95 72 36 43 46 6 7 14 18 33 65 51 37 91 13 25 66 63 80 64 61 44 99 21 58 54 62 60 0 24 34 35 41 3 16 17 78 45 89 11 79 90 97 77 40 32 92 55 38 12 75 1 31 15 23 29 71 93 28 2 81 69 84 47 9 57 8 5 50 27 87 98 53 4 48 39 22 59 96 52 10 82 83
Coste: -2147483648

GENERACION: 920
Mejor Solucion:  49 74 88 56 94 42 19 85 68 86 30 67 73 26 76 20 70 95 72 36 43 46 6 7 14 18 33 65 51 37 91 13 25 66 63 80 64 61 44 99 21 58 54 62 60 0 24 34 35 41 3 16 17 78 45 89 11 79 90 97 77 40 32 92 55 38 12 75 1 31 15 23 29 71 93 28 2 81 69 84 47 9 57 8 5 50 27 87 98 53 4 48 39 22 59 96 52 10 82 83
Coste: -2147483648

GENERACION: 925
Mejor Solucion:  49 74 88 56 94 42 19 85 68 86 30 67 73 26 76 20 70 95 72 36 43 46 6 7 14 18 33 65 51 37 91 13 25 66 63 80 64 61 44 99 21 58 54 62 60 0 24 34 35 41 3 16 17 78 45 89 11 79 90 97 77 40 32 92 55 38 12 75 1 31 15 23 29 71 93 28 2 81 69 84 47 9 57 8 5 50 27 87 98 53 4 48 39 22 59 96 52 10 82 83
Coste: -2147483648

GENERACION: 930
Mejor Solucion:  49 74 88 56 94 42 19 85 68 86 30 67 73 26 76 20 70 95 72 36 43 46 6 7 14 18 33 65 51 37 91 13 25 66 63 80 64 61 44 99 21 58 54 62 60 0 24 34 35 41 3 16 17 78 45 89 11 79 90 97 77 40 32 92 55 38 12 75 1 31 15 23 29 71 93 28 2 81 69 84 47 9 57 8 5 50 27 87 98 53 4 48 39 22 59 96 52 10 82 83
Coste: -2147483648

GENERACION: 935
Mejor Solucion:  49 74 88 56 94 42 19 85 68 86 30 67 73 26 76 20 70 95 72 36 43 46 6 7 14 18 33 65 51 37 91 13 25 66 63 80 64 61 44 99 21 58 54 62 60 0 24 34 35 41 3 16 17 78 45 89 11 79 90 97 77 40 32 92 55 38 12 75 1 31 15 23 29 71 93 28 2 81 69 84 47 9 57 8 5 50 27 87 98 53 4 48 39 22 59 96 52 10 82 83
Coste: -2147483648

GENERACION: 940
Mejor Solucion:  49 74 88 56 94 42 19 85 68 86 30 67 73 26 76 20 70 95 72 36 43 46 6 7 14 18 33 65 51 37 91 13 25 66 63 80 64 61 44 99 21 58 54 62 60 0 24 34 35 41 3 16 17 78 45 89 11 79 90 97 77 40 32 92 55 38 12 75 1 31 15 23 29 71 93 28 2 81 69 84 47 9 57 8 5 50 27 87 98 53 4 48 39 22 59 96 52 10 82 83
Coste: -2147483648

GENERACION: 945
Mejor Solucion:  49 74 88 56 94 42 19 85 68 86 30 67 73 26 76 20 70 95 72 36 43 46 6 7 14 18 33 65 51 37 91 13 25 66 63 80 64 61 44 99 21 58 54 62 60 0 24 34 35 41 3 16 17 78 45 89 11 79 90 97 77 40 32 92 55 38 12 75 1 31 15 23 29 71 93 28 2 81 69 84 47 9 57 8 5 50 27 87 98 53 4 48 39 22 59 96 52 10 82 83
Coste: -2147483648

GENERACION: 950
Mejor Solucion:  49 74 88 56 94 42 19 85 68 86 30 67 73 26 76 20 70 95 72 36 43 46 6 7 14 18 33 65 51 37 91 13 25 66 63 80 64 61 44 99 21 58 54 62 60 0 24 34 35 41 3 16 17 78 45 89 11 79 90 97 77 40 32 92 55 38 12 75 1 31 15 23 29 71 93 28 2 81 69 84 47 9 57 8 5 50 27 87 98 53 4 48 39 22 59 96 52 10 82 83
Coste: -2147483648

GENERACION: 955
Mejor Solucion:  49 74 88 56 94 42 19 85 68 86 30 67 73 26 76 20 70 95 72 36 43 46 6 7 14 18 33 65 51 37 91 13 25 66 63 80 64 61 44 99 21 58 54 62 60 0 24 34 35 41 3 16 17 78 45 89 11 79 90 97 77 40 32 92 55 38 12 75 1 31 15 23 29 71 93 28 2 81 69 84 47 9 57 8 5 50 27 87 98 53 4 48 39 22 59 96 52 10 82 83
Coste: -2147483648

GENERACION: 960
Mejor Solucion:  49 74 88 56 94 42 19 85 68 86 30 67 73 26 76 20 70 95 72 36 43 46 6 7 14 18 33 65 51 37 91 13 25 66 63 80 64 61 44 99 21 58 54 62 60 0 24 34 35 41 3 16 17 78 45 89 11 79 90 97 77 40 32 92 55 38 12 75 1 31 15 23 29 71 93 28 2 81 69 84 47 9 57 8 5 50 27 87 98 53 4 48 39 22 59 96 52 10 82 83
Coste: -2147483648

GENERACION: 965
Mejor Solucion:  49 74 88 56 94 42 19 85 68 86 30 67 73 26 76 20 70 95 72 36 43 46 6 7 14 18 33 65 51 37 91 13 25 66 63 80 64 61 44 99 21 58 54 62 60 0 24 34 35 41 3 16 17 78 45 89 11 79 90 97 77 40 32 92 55 38 12 75 1 31 15 23 29 71 93 28 2 81 69 84 47 9 57 8 5 50 27 87 98 53 4 48 39 22 59 96 52 10 82 83
Coste: -2147483648

GENERACION: 970
Mejor Solucion:  49 74 88 56 94 42 19 85 68 86 30 67 73 26 76 20 70 95 72 36 43 46 6 7 14 18 33 65 51 37 91 13 25 66 63 80 64 61 44 99 21 58 54 62 60 0 24 34 35 41 3 16 17 78 45 89 11 79 90 97 77 40 32 92 55 38 12 75 1 31 15 23 29 71 93 28 2 81 69 84 47 9 57 8 5 50 27 87 98 53 4 48 39 22 59 96 52 10 82 83
Coste: -2147483648

GENERACION: 975
Mejor Solucion:  49 74 88 56 94 42 19 85 68 86 30 67 73 26 76 20 70 95 72 36 43 46 6 7 14 18 33 65 51 37 91 13 25 66 63 80 64 61 44 99 21 58 54 62 60 0 24 34 35 41 3 16 17 78 45 89 11 79 90 97 77 40 32 92 55 38 12 75 1 31 15 23 29 71 93 28 2 81 69 84 47 9 57 8 5 50 27 87 98 53 4 48 39 22 59 96 52 10 82 83
Coste: -2147483648

GENERACION: 980
Mejor Solucion:  49 74 88 56 94 42 19 85 68 86 30 67 73 26 76 20 70 95 72 36 43 46 6 7 14 18 33 65 51 37 91 13 25 66 63 80 64 61 44 99 21 58 54 62 60 0 24 34 35 41 3 16 17 78 45 89 11 79 90 97 77 40 32 92 55 38 12 75 1 31 15 23 29 71 93 28 2 81 69 84 47 9 57 8 5 50 27 87 98 53 4 48 39 22 59 96 52 10 82 83
Coste: -2147483648

GENERACION: 985
Mejor Solucion:  49 74 88 56 94 42 19 85 68 86 30 67 73 26 76 20 70 95 72 36 43 46 6 7 14 18 33 65 51 37 91 13 25 66 63 80 64 61 44 99 21 58 54 62 60 0 24 34 35 41 3 16 17 78 45 89 11 79 90 97 77 40 32 92 55 38 12 75 1 31 15 23 29 71 93 28 2 81 69 84 47 9 57 8 5 50 27 87 98 53 4 48 39 22 59 96 52 10 82 83
Coste: -2147483648

GENERACION: 990
Mejor Solucion:  49 74 88 56 94 42 19 85 68 86 30 67 73 26 76 20 70 95 72 36 43 46 6 7 14 18 33 65 51 37 91 13 25 66 63 80 64 61 44 99 21 58 54 62 60 0 24 34 35 41 3 16 17 78 45 89 11 79 90 97 77 40 32 92 55 38 12 75 1 31 15 23 29 71 93 28 2 81 69 84 47 9 57 8 5 50 27 87 98 53 4 48 39 22 59 96 52 10 82 83
Coste: -2147483648

GENERACION: 995
Mejor Solucion:  49 74 88 56 94 42 19 85 68 86 30 67 73 26 76 20 70 95 72 36 43 46 6 7 14 18 33 65 51 37 91 13 25 66 63 80 64 61 44 99 21 58 54 62 60 0 24 34 35 41 3 16 17 78 45 89 11 79 90 97 77 40 32 92 55 38 12 75 1 31 15 23 29 71 93 28 2 81 69 84 47 9 57 8 5 50 27 87 98 53 4 48 39 22 59 96 52 10 82 83
Coste: -2147483648

GENERACION: 1000
Mejor Solucion:  49 74 88 56 94 42 19 85 68 86 30 67 73 26 76 20 70 95 72 36 43 46 6 7 14 18 33 65 51 37 91 13 25 66 63 80 64 61 44 99 21 58 54 62 60 0 24 34 35 41 3 16 17 78 45 89 11 79 90 97 77 40 32 92 55 38 12 75 1 31 15 23 29 71 93 28 2 81 69 84 47 9 57 8 5 50 27 87 98 53 4 48 39 22 59 96 52 10 82 83
Coste: -2147483648

