GENERACION: 5
Mejor Solucion:  87 49 63 44 74 88 67 80 30 69 93 14 6 53 61 0 25 26 68 3 65 23 85 13 38 7 47 12 46 54 24 15 34 57 43 40 27 64 32 39 36 11 48 10 37 18 60 29 90 22 2 99 59 95 8 16 55 9 97 83 75 58 42 77 86 50 17 94 21 73 41 35 20 98 51 89 56 45 72 91 78 82 84 81 66 92 4 33 70 79 28 19 31 1 5 52 96 71 76 62
Coste: 1679371172

GENERACION: 10
Mejor Solucion:  65 74 40 11 42 51 84 77 69 79 95 80 24 38 54 16 52 82 5 32 41 26 83 35 29 73 14 37 28 19 94 58 67 25 48 30 92 18 12 23 99 75 4 20 3 9 86 49 10 44 66 88 36 56 61 72 91 78 8 76 46 27 70 34 63 89 33 57 21 85 64 68 0 43 31 71 60 13 59 1 81 53 39 50 98 7 45 62 55 22 96 90 15 17 97 6 87 2 93 47
Coste: -2147483432

GENERACION: 15
Mejor Solucion:  65 74 40 11 42 51 84 77 69 79 95 80 24 38 54 16 52 82 5 32 41 26 83 35 29 73 14 37 28 19 94 58 67 25 48 30 92 18 12 23 99 75 4 20 3 9 86 49 10 44 66 88 36 56 61 72 91 78 8 76 46 27 70 34 63 89 33 57 21 85 64 68 0 43 31 71 60 13 59 1 81 53 39 50 98 7 45 62 55 22 96 90 15 17 97 6 87 2 93 47
Coste: -2147483432

GENERACION: 20
Mejor Solucion:  1 59 88 79 37 86 38 74 12 81 89 84 70 95 51 7 31 29 91 63 46 80 78 98 18 14 85 9 42 40 94 27 77 49 45 72 90 30 26 56 5 93 32 23 99 20 33 50 19 43 97 65 71 11 44 92 8 47 67 69 13 64 61 57 76 22 41 17 21 34 3 96 58 16 52 36 2 83 35 28 68 4 82 39 55 10 6 60 53 0 25 62 87 48 54 66 24 15 75 73
Coste: -2147483584

GENERACION: 25
Mejor Solucion:  1 59 88 79 37 86 38 74 12 81 89 84 70 95 51 7 31 29 91 63 46 80 78 98 18 14 85 9 42 40 94 27 77 49 45 72 90 30 26 56 5 93 32 23 99 20 33 50 19 43 97 65 71 11 44 92 8 47 67 69 13 64 61 57 76 22 41 17 21 34 3 96 58 16 52 36 2 83 35 28 68 4 82 39 55 10 6 60 53 0 25 62 87 48 54 66 24 15 75 73
Coste: -2147483584

GENERACION: 30
Mejor Solucion:  1 59 88 79 37 86 38 74 12 81 89 84 70 95 51 7 31 29 91 63 46 80 78 98 18 14 85 9 42 40 94 27 77 49 45 72 90 30 26 56 5 93 32 23 99 20 33 50 19 43 97 65 71 11 44 92 8 47 67 69 13 64 61 57 76 22 41 17 21 34 3 96 58 16 52 36 2 83 35 28 68 4 82 39 55 10 6 60 53 0 25 62 87 48 54 66 24 15 75 73
Coste: -2147483584

GENERACION: 35
Mejor Solucion:  1 59 88 79 37 86 38 74 12 81 89 84 70 95 51 7 31 29 91 63 46 80 78 98 18 14 85 9 42 40 94 27 77 49 45 72 90 30 26 56 5 93 32 23 99 20 33 50 19 43 97 65 71 11 44 92 8 47 67 69 13 64 61 57 76 22 41 17 21 34 3 96 58 16 52 36 2 83 35 28 68 4 82 39 55 10 6 60 53 0 25 62 87 48 54 66 24 15 75 73
Coste: -2147483584

GENERACION: 40
Mejor Solucion:  1 59 88 79 37 86 38 74 12 81 89 84 70 95 51 7 31 29 91 63 46 80 78 98 18 14 85 9 42 40 94 27 77 49 45 72 90 30 26 56 5 93 32 23 99 20 33 50 19 43 97 65 71 11 44 92 8 47 67 69 13 64 61 57 76 22 41 17 21 34 3 96 58 16 52 36 2 83 35 28 68 4 82 39 55 10 6 60 53 0 25 62 87 48 54 66 24 15 75 73
Coste: -2147483584

GENERACION: 45
Mejor Solucion:  1 59 88 79 37 86 38 74 12 81 89 84 70 95 51 7 31 29 91 63 46 80 78 98 18 14 85 9 42 40 94 27 77 49 45 72 90 30 26 56 5 93 32 23 99 20 33 50 19 43 97 65 71 11 44 92 8 47 67 69 13 64 61 57 76 22 41 17 21 34 3 96 58 16 52 36 2 83 35 28 68 4 82 39 55 10 6 60 53 0 25 62 87 48 54 66 24 15 75 73
Coste: -2147483584

GENERACION: 50
Mejor Solucion:  1 59 88 79 37 86 38 74 12 81 89 84 70 95 51 7 31 29 91 63 46 80 78 98 18 14 85 9 42 40 94 27 77 49 45 72 90 30 26 56 5 93 32 23 99 20 33 50 19 43 97 65 71 11 44 92 8 47 67 69 13 64 61 57 76 22 41 17 21 34 3 96 58 16 52 36 2 83 35 28 68 4 82 39 55 10 6 60 53 0 25 62 87 48 54 66 24 15 75 73
Coste: -2147483584

GENERACION: 55
Mejor Solucion:  1 59 88 79 37 86 38 74 12 81 89 84 70 95 51 7 31 29 91 63 46 80 78 98 18 14 85 9 42 40 94 27 77 49 45 72 90 30 26 56 5 93 32 23 99 20 33 50 19 43 97 65 71 11 44 92 8 47 67 69 13 64 61 57 76 22 41 17 21 34 3 96 58 16 52 36 2 83 35 28 68 4 82 39 55 10 6 60 53 0 25 62 87 48 54 66 24 15 75 73
Coste: -2147483584

GENERACION: 60
Mejor Solucion:  9 85 88 29 73 65 91 37 95 33 19 69 1 17 42 26 76 72 40 16 5 12 82 49 46 54 74 51 84 77 80 23 39 93 21 0 96 89 68 36 63 97 79 66 27 67 81 59 87 11 24 8 62 99 22 94 20 10 47 57 98 14 2 4 25 45 86 41 32 52 15 92 55 38 43 30 28 56 34 64 44 83 78 3 35 6 13 70 7 50 53 61 48 90 31 75 71 60 58 18
Coste: -2147483642

GENERACION: 65
Mejor Solucion:  9 85 88 29 73 65 91 37 95 33 19 69 1 17 42 26 76 72 40 16 5 12 82 49 46 54 74 51 84 77 80 23 39 93 21 0 96 89 68 36 63 97 79 66 27 67 81 59 87 11 24 8 62 99 22 94 20 10 47 57 98 14 2 4 25 45 86 41 32 52 15 92 55 38 43 30 28 56 34 64 44 83 78 3 35 6 13 70 7 50 53 61 48 90 31 75 71 60 58 18
Coste: -2147483642

GENERACION: 70
Mejor Solucion:  9 85 88 29 73 65 91 37 95 33 19 69 1 17 42 26 76 72 40 16 5 12 82 49 46 54 74 51 84 77 80 23 39 93 21 0 96 89 68 36 63 97 79 66 27 67 81 59 87 11 24 8 62 99 22 94 20 10 47 57 98 14 2 4 25 45 86 41 32 52 15 92 55 38 43 30 28 56 34 64 44 83 78 3 35 6 13 70 7 50 53 61 48 90 31 75 71 60 58 18
Coste: -2147483642

GENERACION: 75
Mejor Solucion:  9 85 88 29 73 65 91 37 95 33 19 69 1 17 42 26 76 72 40 16 5 12 82 49 46 54 74 51 84 77 80 23 39 93 21 0 96 89 68 36 63 97 79 66 27 67 81 59 87 11 24 8 62 99 22 94 20 10 47 57 98 14 2 4 25 45 86 41 32 52 15 92 55 38 43 30 28 56 34 64 44 83 78 3 35 6 13 70 7 50 53 61 48 90 31 75 71 60 58 18
Coste: -2147483642

GENERACION: 80
Mejor Solucion:  9 85 88 29 73 65 91 37 95 33 19 69 1 17 42 26 76 72 40 16 5 12 82 49 46 54 74 51 84 77 80 23 39 93 21 0 96 89 68 36 63 97 79 66 27 67 81 59 87 11 24 8 62 99 22 94 20 10 47 57 98 14 2 4 25 45 86 41 32 52 15 92 55 38 43 30 28 56 34 64 44 83 78 3 35 6 13 70 7 50 53 61 48 90 31 75 71 60 58 18
Coste: -2147483642

GENERACION: 85
Mejor Solucion:  9 85 88 29 73 65 91 37 95 33 19 69 1 17 42 26 76 72 40 16 5 12 82 49 46 54 74 51 84 77 80 23 39 93 21 0 96 89 68 36 63 97 79 66 27 67 81 59 87 11 24 8 62 99 22 94 20 10 47 57 98 14 2 4 25 45 86 41 32 52 15 92 55 38 43 30 28 56 34 64 44 83 78 3 35 6 13 70 7 50 53 61 48 90 31 75 71 60 58 18
Coste: -2147483642

GENERACION: 90
Mejor Solucion:  9 85 88 29 73 65 91 37 95 33 19 69 1 17 42 26 76 72 40 16 5 12 82 49 46 54 74 51 84 77 80 23 39 93 21 0 96 89 68 36 63 97 79 66 27 67 81 59 87 11 24 8 62 99 22 94 20 10 47 57 98 14 2 4 25 45 86 41 32 52 15 92 55 38 43 30 28 56 34 64 44 83 78 3 35 6 13 70 7 50 53 61 48 90 31 75 71 60 58 18
Coste: -2147483642

GENERACION: 95
Mejor Solucion:  9 85 88 29 73 65 91 37 95 33 19 69 1 17 42 26 76 72 40 16 5 12 82 49 46 54 74 51 84 77 80 23 39 93 21 0 96 89 68 36 63 97 79 66 27 67 81 59 87 11 24 8 62 99 22 94 20 10 47 57 98 14 2 4 25 45 86 41 32 52 15 92 55 38 43 30 28 56 34 64 44 83 78 3 35 6 13 70 7 50 53 61 48 90 31 75 71 60 58 18
Coste: -2147483642

GENERACION: 100
Mejor Solucion:  9 85 88 29 73 65 91 37 95 33 19 69 1 17 42 26 76 72 40 16 5 12 82 49 46 54 74 51 84 77 80 23 39 93 21 0 96 89 68 36 63 97 79 66 27 67 81 59 87 11 24 8 62 99 22 94 20 10 47 57 98 14 2 4 25 45 86 41 32 52 15 92 55 38 43 30 28 56 34 64 44 83 78 3 35 6 13 70 7 50 53 61 48 90 31 75 71 60 58 18
Coste: -2147483642

GENERACION: 105
Mejor Solucion:  9 85 88 29 73 65 91 37 95 33 19 69 1 17 42 26 76 72 40 16 5 12 82 49 46 54 74 51 84 77 80 23 39 93 21 0 96 89 68 36 63 97 79 66 27 67 81 59 87 11 24 8 62 99 22 94 20 10 47 57 98 14 2 4 25 45 86 41 32 52 15 92 55 38 43 30 28 56 34 64 44 83 78 3 35 6 13 70 7 50 53 61 48 90 31 75 71 60 58 18
Coste: -2147483642

GENERACION: 110
Mejor Solucion:  9 85 88 29 73 65 91 37 95 33 19 69 1 17 42 26 76 72 40 16 5 12 82 49 46 54 74 51 84 77 80 23 39 93 21 0 96 89 68 36 63 97 79 66 27 67 81 59 87 11 24 8 62 99 22 94 20 10 47 57 98 14 2 4 25 45 86 41 32 52 15 92 55 38 43 30 28 56 34 64 44 83 78 3 35 6 13 70 7 50 53 61 48 90 31 75 71 60 58 18
Coste: -2147483642

GENERACION: 115
Mejor Solucion:  9 85 88 29 73 65 91 37 95 33 19 69 1 17 42 26 76 72 40 16 5 12 82 49 46 54 74 51 84 77 80 23 39 93 21 0 96 89 68 36 63 97 79 66 27 67 81 59 87 11 24 8 62 99 22 94 20 10 47 57 98 14 2 4 25 45 86 41 32 52 15 92 55 38 43 30 28 56 34 64 44 83 78 3 35 6 13 70 7 50 53 61 48 90 31 75 71 60 58 18
Coste: -2147483642

GENERACION: 120
Mejor Solucion:  9 85 88 29 73 65 91 37 95 33 19 69 1 17 42 26 76 72 40 16 5 12 82 49 46 54 74 51 84 77 80 23 39 93 21 0 96 89 68 36 63 97 79 66 27 67 81 59 87 11 24 8 62 99 22 94 20 10 47 57 98 14 2 4 25 45 86 41 32 52 15 92 55 38 43 30 28 56 34 64 44 83 78 3 35 6 13 70 7 50 53 61 48 90 31 75 71 60 58 18
Coste: -2147483642

GENERACION: 125
Mejor Solucion:  9 85 88 29 73 65 91 37 95 33 19 69 1 17 42 26 76 72 40 16 5 12 82 49 46 54 74 51 84 77 80 23 39 93 21 0 96 89 68 36 63 97 79 66 27 67 81 59 87 11 24 8 62 99 22 94 20 10 47 57 98 14 2 4 25 45 86 41 32 52 15 92 55 38 43 30 28 56 34 64 44 83 78 3 35 6 13 70 7 50 53 61 48 90 31 75 71 60 58 18
Coste: -2147483642

GENERACION: 130
Mejor Solucion:  9 85 88 29 73 65 91 37 95 33 19 69 1 17 42 26 76 72 40 16 5 12 82 49 46 54 74 51 84 77 80 23 39 93 21 0 96 89 68 36 63 97 79 66 27 67 81 59 87 11 24 8 62 99 22 94 20 10 47 57 98 14 2 4 25 45 86 41 32 52 15 92 55 38 43 30 28 56 34 64 44 83 78 3 35 6 13 70 7 50 53 61 48 90 31 75 71 60 58 18
Coste: -2147483642

GENERACION: 135
Mejor Solucion:  9 85 88 29 73 65 91 37 95 33 19 69 1 17 42 26 76 72 40 16 5 12 82 49 46 54 74 51 84 77 80 23 39 93 21 0 96 89 68 36 63 97 79 66 27 67 81 59 87 11 24 8 62 99 22 94 20 10 47 57 98 14 2 4 25 45 86 41 32 52 15 92 55 38 43 30 28 56 34 64 44 83 78 3 35 6 13 70 7 50 53 61 48 90 31 75 71 60 58 18
Coste: -2147483642

GENERACION: 140
Mejor Solucion:  9 85 88 29 73 65 91 37 95 33 19 69 1 17 42 26 76 72 40 16 5 12 82 49 46 54 74 51 84 77 80 23 39 93 21 0 96 89 68 36 63 97 79 66 27 67 81 59 87 11 24 8 62 99 22 94 20 10 47 57 98 14 2 4 25 45 86 41 32 52 15 92 55 38 43 30 28 56 34 64 44 83 78 3 35 6 13 70 7 50 53 61 48 90 31 75 71 60 58 18
Coste: -2147483642

GENERACION: 145
Mejor Solucion:  9 85 88 29 73 65 91 37 95 33 19 69 1 17 42 26 76 72 40 16 5 12 82 49 46 54 74 51 84 77 80 23 39 93 21 0 96 89 68 36 63 97 79 66 27 67 81 59 87 11 24 8 62 99 22 94 20 10 47 57 98 14 2 4 25 45 86 41 32 52 15 92 55 38 43 30 28 56 34 64 44 83 78 3 35 6 13 70 7 50 53 61 48 90 31 75 71 60 58 18
Coste: -2147483642

GENERACION: 150
Mejor Solucion:  9 85 88 29 73 65 91 37 95 33 19 69 1 17 42 26 76 72 40 16 5 12 82 49 46 54 74 51 84 77 80 23 39 93 21 0 96 89 68 36 63 97 79 66 27 67 81 59 87 11 24 8 62 99 22 94 20 10 47 57 98 14 2 4 25 45 86 41 32 52 15 92 55 38 43 30 28 56 34 64 44 83 78 3 35 6 13 70 7 50 53 61 48 90 31 75 71 60 58 18
Coste: -2147483642

GENERACION: 155
Mejor Solucion:  9 85 88 29 73 65 91 37 95 33 19 69 1 17 42 26 76 72 40 16 5 12 82 49 46 54 74 51 84 77 80 23 39 93 21 0 96 89 68 36 63 97 79 66 27 67 81 59 87 11 24 8 62 99 22 94 20 10 47 57 98 14 2 4 25 45 86 41 32 52 15 92 55 38 43 30 28 56 34 64 44 83 78 3 35 6 13 70 7 50 53 61 48 90 31 75 71 60 58 18
Coste: -2147483642

GENERACION: 160
Mejor Solucion:  9 85 88 29 73 65 91 37 95 33 19 69 1 17 42 26 76 72 40 16 5 12 82 49 46 54 74 51 84 77 80 23 39 93 21 0 96 89 68 36 63 97 79 66 27 67 81 59 87 11 24 8 62 99 22 94 20 10 47 57 98 14 2 4 25 45 86 41 32 52 15 92 55 38 43 30 28 56 34 64 44 83 78 3 35 6 13 70 7 50 53 61 48 90 31 75 71 60 58 18
Coste: -2147483642

GENERACION: 165
Mejor Solucion:  9 85 88 29 73 65 91 37 95 33 19 69 1 17 42 26 76 72 40 16 5 12 82 49 46 54 74 51 84 77 80 23 39 93 21 0 96 89 68 36 63 97 79 66 27 67 81 59 87 11 24 8 62 99 22 94 20 10 47 57 98 14 2 4 25 45 86 41 32 52 15 92 55 38 43 30 28 56 34 64 44 83 78 3 35 6 13 70 7 50 53 61 48 90 31 75 71 60 58 18
Coste: -2147483642

GENERACION: 170
Mejor Solucion:  9 85 88 29 73 65 91 37 95 33 19 69 1 17 42 26 76 72 40 16 5 12 82 49 46 54 74 51 84 77 80 23 39 93 21 0 96 89 68 36 63 97 79 66 27 67 81 59 87 11 24 8 62 99 22 94 20 10 47 57 98 14 2 4 25 45 86 41 32 52 15 92 55 38 43 30 28 56 34 64 44 83 78 3 35 6 13 70 7 50 53 61 48 90 31 75 71 60 58 18
Coste: -2147483642

GENERACION: 175
Mejor Solucion:  9 85 88 29 73 65 91 37 95 33 19 69 1 17 42 26 76 72 40 16 5 12 82 49 46 54 74 51 84 77 80 23 39 93 21 0 96 89 68 36 63 97 79 66 27 67 81 59 87 11 24 8 62 99 22 94 20 10 47 57 98 14 2 4 25 45 86 41 32 52 15 92 55 38 43 30 28 56 34 64 44 83 78 3 35 6 13 70 7 50 53 61 48 90 31 75 71 60 58 18
Coste: -2147483642

GENERACION: 180
Mejor Solucion:  9 85 88 29 73 65 91 37 95 33 19 69 1 17 42 26 76 72 40 16 5 12 82 49 46 54 74 51 84 77 80 23 39 93 21 0 96 89 68 36 63 97 79 66 27 67 81 59 87 11 24 8 62 99 22 94 20 10 47 57 98 14 2 4 25 45 86 41 32 52 15 92 55 38 43 30 28 56 34 64 44 83 78 3 35 6 13 70 7 50 53 61 48 90 31 75 71 60 58 18
Coste: -2147483642

GENERACION: 185
Mejor Solucion:  9 85 88 29 73 65 91 37 95 33 19 69 1 17 42 26 76 72 40 16 5 12 82 49 46 54 74 51 84 77 80 23 39 93 21 0 96 89 68 36 63 97 79 66 27 67 81 59 87 11 24 8 62 99 22 94 20 10 47 57 98 14 2 4 25 45 86 41 32 52 15 92 55 38 43 30 28 56 34 64 44 83 78 3 35 6 13 70 7 50 53 61 48 90 31 75 71 60 58 18
Coste: -2147483642

GENERACION: 190
Mejor Solucion:  9 85 88 29 73 65 91 37 95 33 19 69 1 17 42 26 76 72 40 16 5 12 82 49 46 54 74 51 84 77 80 23 39 93 21 0 96 89 68 36 63 97 79 66 27 67 81 59 87 11 24 8 62 99 22 94 20 10 47 57 98 14 2 4 25 45 86 41 32 52 15 92 55 38 43 30 28 56 34 64 44 83 78 3 35 6 13 70 7 50 53 61 48 90 31 75 71 60 58 18
Coste: -2147483642

GENERACION: 195
Mejor Solucion:  9 85 88 29 73 65 91 37 95 33 19 69 1 17 42 26 76 72 40 16 5 12 82 49 46 54 74 51 84 77 80 23 39 93 21 0 96 89 68 36 63 97 79 66 27 67 81 59 87 11 24 8 62 99 22 94 20 10 47 57 98 14 2 4 25 45 86 41 32 52 15 92 55 38 43 30 28 56 34 64 44 83 78 3 35 6 13 70 7 50 53 61 48 90 31 75 71 60 58 18
Coste: -2147483642

GENERACION: 200
Mejor Solucion:  9 85 88 29 73 65 91 37 95 33 19 69 1 17 42 26 76 72 40 16 5 12 82 49 46 54 74 51 84 77 80 23 39 93 21 0 96 89 68 36 63 97 79 66 27 67 81 59 87 11 24 8 62 99 22 94 20 10 47 57 98 14 2 4 25 45 86 41 32 52 15 92 55 38 43 30 28 56 34 64 44 83 78 3 35 6 13 70 7 50 53 61 48 90 31 75 71 60 58 18
Coste: -2147483642

GENERACION: 205
Mejor Solucion:  9 85 88 29 73 65 91 37 95 33 19 69 1 17 42 26 76 72 40 16 5 12 82 49 46 54 74 51 84 77 80 23 39 93 21 0 96 89 68 36 63 97 79 66 27 67 81 59 87 11 24 8 62 99 22 94 20 10 47 57 98 14 2 4 25 45 86 41 32 52 15 92 55 38 43 30 28 56 34 64 44 83 78 3 35 6 13 70 7 50 53 61 48 90 31 75 71 60 58 18
Coste: -2147483642

GENERACION: 210
Mejor Solucion:  9 85 88 29 73 65 91 37 95 33 19 69 1 17 42 26 76 72 40 16 5 12 82 49 46 54 74 51 84 77 80 23 39 93 21 0 96 89 68 36 63 97 79 66 27 67 81 59 87 11 24 8 62 99 22 94 20 10 47 57 98 14 2 4 25 45 86 41 32 52 15 92 55 38 43 30 28 56 34 64 44 83 78 3 35 6 13 70 7 50 53 61 48 90 31 75 71 60 58 18
Coste: -2147483642

GENERACION: 215
Mejor Solucion:  9 85 88 29 73 65 91 37 95 33 19 69 1 17 42 26 76 72 40 16 5 12 82 49 46 54 74 51 84 77 80 23 39 93 21 0 96 89 68 36 63 97 79 66 27 67 81 59 87 11 24 8 62 99 22 94 20 10 47 57 98 14 2 4 25 45 86 41 32 52 15 92 55 38 43 30 28 56 34 64 44 83 78 3 35 6 13 70 7 50 53 61 48 90 31 75 71 60 58 18
Coste: -2147483642

GENERACION: 220
Mejor Solucion:  9 85 88 29 73 65 91 37 95 33 19 69 1 17 42 26 76 72 40 16 5 12 82 49 46 54 74 51 84 77 80 23 39 93 21 0 96 89 68 36 63 97 79 66 27 67 81 59 87 11 24 8 62 99 22 94 20 10 47 57 98 14 2 4 25 45 86 41 32 52 15 92 55 38 43 30 28 56 34 64 44 83 78 3 35 6 13 70 7 50 53 61 48 90 31 75 71 60 58 18
Coste: -2147483642

GENERACION: 225
Mejor Solucion:  9 85 88 29 73 65 91 37 95 33 19 69 1 17 42 26 76 72 40 16 5 12 82 49 46 54 74 51 84 77 80 23 39 93 21 0 96 89 68 36 63 97 79 66 27 67 81 59 87 11 24 8 62 99 22 94 20 10 47 57 98 14 2 4 25 45 86 41 32 52 15 92 55 38 43 30 28 56 34 64 44 83 78 3 35 6 13 70 7 50 53 61 48 90 31 75 71 60 58 18
Coste: -2147483642

GENERACION: 230
Mejor Solucion:  9 85 88 29 73 65 91 37 95 33 19 69 1 17 42 26 76 72 40 16 5 12 82 49 46 54 74 51 84 77 80 23 39 93 21 0 96 89 68 36 63 97 79 66 27 67 81 59 87 11 24 8 62 99 22 94 20 10 47 57 98 14 2 4 25 45 86 41 32 52 15 92 55 38 43 30 28 56 34 64 44 83 78 3 35 6 13 70 7 50 53 61 48 90 31 75 71 60 58 18
Coste: -2147483642

GENERACION: 235
Mejor Solucion:  9 85 88 29 73 65 91 37 95 33 19 69 1 17 42 26 76 72 40 16 5 12 82 49 46 54 74 51 84 77 80 23 39 93 21 0 96 89 68 36 63 97 79 66 27 67 81 59 87 11 24 8 62 99 22 94 20 10 47 57 98 14 2 4 25 45 86 41 32 52 15 92 55 38 43 30 28 56 34 64 44 83 78 3 35 6 13 70 7 50 53 61 48 90 31 75 71 60 58 18
Coste: -2147483642

GENERACION: 240
Mejor Solucion:  9 85 88 29 73 65 91 37 95 33 19 69 1 17 42 26 76 72 40 16 5 12 82 49 46 54 74 51 84 77 80 23 39 93 21 0 96 89 68 36 63 97 79 66 27 67 81 59 87 11 24 8 62 99 22 94 20 10 47 57 98 14 2 4 25 45 86 41 32 52 15 92 55 38 43 30 28 56 34 64 44 83 78 3 35 6 13 70 7 50 53 61 48 90 31 75 71 60 58 18
Coste: -2147483642

GENERACION: 245
Mejor Solucion:  9 85 88 29 73 65 91 37 95 33 19 69 1 17 42 26 76 72 40 16 5 12 82 49 46 54 74 51 84 77 80 23 39 93 21 0 96 89 68 36 63 97 79 66 27 67 81 59 87 11 24 8 62 99 22 94 20 10 47 57 98 14 2 4 25 45 86 41 32 52 15 92 55 38 43 30 28 56 34 64 44 83 78 3 35 6 13 70 7 50 53 61 48 90 31 75 71 60 58 18
Coste: -2147483642

GENERACION: 250
Mejor Solucion:  9 85 88 29 73 65 91 37 95 33 19 69 1 17 42 26 76 72 40 16 5 12 82 49 46 54 74 51 84 77 80 23 39 93 21 0 96 89 68 36 63 97 79 66 27 67 81 59 87 11 24 8 62 99 22 94 20 10 47 57 98 14 2 4 25 45 86 41 32 52 15 92 55 38 43 30 28 56 34 64 44 83 78 3 35 6 13 70 7 50 53 61 48 90 31 75 71 60 58 18
Coste: -2147483642

GENERACION: 255
Mejor Solucion:  9 85 88 29 73 65 91 37 95 33 19 69 1 17 42 26 76 72 40 16 5 12 82 49 46 54 74 51 84 77 80 23 39 93 21 0 96 89 68 36 63 97 79 66 27 67 81 59 87 11 24 8 62 99 22 94 20 10 47 57 98 14 2 4 25 45 86 41 32 52 15 92 55 38 43 30 28 56 34 64 44 83 78 3 35 6 13 70 7 50 53 61 48 90 31 75 71 60 58 18
Coste: -2147483642

GENERACION: 260
Mejor Solucion:  9 85 88 29 73 65 91 37 95 33 19 69 1 17 42 26 76 72 40 16 5 12 82 49 46 54 74 51 84 77 80 23 39 93 21 0 96 89 68 36 63 97 79 66 27 67 81 59 87 11 24 8 62 99 22 94 20 10 47 57 98 14 2 4 25 45 86 41 32 52 15 92 55 38 43 30 28 56 34 64 44 83 78 3 35 6 13 70 7 50 53 61 48 90 31 75 71 60 58 18
Coste: -2147483642

GENERACION: 265
Mejor Solucion:  9 85 88 29 73 65 91 37 95 33 19 69 1 17 42 26 76 72 40 16 5 12 82 49 46 54 74 51 84 77 80 23 39 93 21 0 96 89 68 36 63 97 79 66 27 67 81 59 87 11 24 8 62 99 22 94 20 10 47 57 98 14 2 4 25 45 86 41 32 52 15 92 55 38 43 30 28 56 34 64 44 83 78 3 35 6 13 70 7 50 53 61 48 90 31 75 71 60 58 18
Coste: -2147483642

GENERACION: 270
Mejor Solucion:  9 85 88 29 73 65 91 37 95 33 19 69 1 17 42 26 76 72 40 16 5 12 82 49 46 54 74 51 84 77 80 23 39 93 21 0 96 89 68 36 63 97 79 66 27 67 81 59 87 11 24 8 62 99 22 94 20 10 47 57 98 14 2 4 25 45 86 41 32 52 15 92 55 38 43 30 28 56 34 64 44 83 78 3 35 6 13 70 7 50 53 61 48 90 31 75 71 60 58 18
Coste: -2147483642

GENERACION: 275
Mejor Solucion:  9 85 88 29 73 65 91 37 95 33 19 69 1 17 42 26 76 72 40 16 5 12 82 49 46 54 74 51 84 77 80 23 39 93 21 0 96 89 68 36 63 97 79 66 27 67 81 59 87 11 24 8 62 99 22 94 20 10 47 57 98 14 2 4 25 45 86 41 32 52 15 92 55 38 43 30 28 56 34 64 44 83 78 3 35 6 13 70 7 50 53 61 48 90 31 75 71 60 58 18
Coste: -2147483642

GENERACION: 280
Mejor Solucion:  9 85 88 29 73 65 91 37 95 33 19 69 1 17 42 26 76 72 40 16 5 12 82 49 46 54 74 51 84 77 80 23 39 93 21 0 96 89 68 36 63 97 79 66 27 67 81 59 87 11 24 8 62 99 22 94 20 10 47 57 98 14 2 4 25 45 86 41 32 52 15 92 55 38 43 30 28 56 34 64 44 83 78 3 35 6 13 70 7 50 53 61 48 90 31 75 71 60 58 18
Coste: -2147483642

GENERACION: 285
Mejor Solucion:  9 85 88 29 73 65 91 37 95 33 19 69 1 17 42 26 76 72 40 16 5 12 82 49 46 54 74 51 84 77 80 23 39 93 21 0 96 89 68 36 63 97 79 66 27 67 81 59 87 11 24 8 62 99 22 94 20 10 47 57 98 14 2 4 25 45 86 41 32 52 15 92 55 38 43 30 28 56 34 64 44 83 78 3 35 6 13 70 7 50 53 61 48 90 31 75 71 60 58 18
Coste: -2147483642

GENERACION: 290
Mejor Solucion:  9 85 88 29 73 65 91 37 95 33 19 69 1 17 42 26 76 72 40 16 5 12 82 49 46 54 74 51 84 77 80 23 39 93 21 0 96 89 68 36 63 97 79 66 27 67 81 59 87 11 24 8 62 99 22 94 20 10 47 57 98 14 2 4 25 45 86 41 32 52 15 92 55 38 43 30 28 56 34 64 44 83 78 3 35 6 13 70 7 50 53 61 48 90 31 75 71 60 58 18
Coste: -2147483642

GENERACION: 295
Mejor Solucion:  9 85 88 29 73 65 91 37 95 33 19 69 1 17 42 26 76 72 40 16 5 12 82 49 46 54 74 51 84 77 80 23 39 93 21 0 96 89 68 36 63 97 79 66 27 67 81 59 87 11 24 8 62 99 22 94 20 10 47 57 98 14 2 4 25 45 86 41 32 52 15 92 55 38 43 30 28 56 34 64 44 83 78 3 35 6 13 70 7 50 53 61 48 90 31 75 71 60 58 18
Coste: -2147483642

GENERACION: 300
Mejor Solucion:  9 85 88 29 73 65 91 37 95 33 19 69 1 17 42 26 76 72 40 16 5 12 82 49 46 54 74 51 84 77 80 23 39 93 21 0 96 89 68 36 63 97 79 66 27 67 81 59 87 11 24 8 62 99 22 94 20 10 47 57 98 14 2 4 25 45 86 41 32 52 15 92 55 38 43 30 28 56 34 64 44 83 78 3 35 6 13 70 7 50 53 61 48 90 31 75 71 60 58 18
Coste: -2147483642

GENERACION: 305
Mejor Solucion:  9 85 88 29 73 65 91 37 95 33 19 69 1 17 42 26 76 72 40 16 5 12 82 49 46 54 74 51 84 77 80 23 39 93 21 0 96 89 68 36 63 97 79 66 27 67 81 59 87 11 24 8 62 99 22 94 20 10 47 57 98 14 2 4 25 45 86 41 32 52 15 92 55 38 43 30 28 56 34 64 44 83 78 3 35 6 13 70 7 50 53 61 48 90 31 75 71 60 58 18
Coste: -2147483642

GENERACION: 310
Mejor Solucion:  9 85 88 29 73 65 91 37 95 33 19 69 1 17 42 26 76 72 40 16 5 12 82 49 46 54 74 51 84 77 80 23 39 93 21 0 96 89 68 36 63 97 79 66 27 67 81 59 87 11 24 8 62 99 22 94 20 10 47 57 98 14 2 4 25 45 86 41 32 52 15 92 55 38 43 30 28 56 34 64 44 83 78 3 35 6 13 70 7 50 53 61 48 90 31 75 71 60 58 18
Coste: -2147483642

GENERACION: 315
Mejor Solucion:  9 85 88 29 73 65 91 37 95 33 19 69 1 17 42 26 76 72 40 16 5 12 82 49 46 54 74 51 84 77 80 23 39 93 21 0 96 89 68 36 63 97 79 66 27 67 81 59 87 11 24 8 62 99 22 94 20 10 47 57 98 14 2 4 25 45 86 41 32 52 15 92 55 38 43 30 28 56 34 64 44 83 78 3 35 6 13 70 7 50 53 61 48 90 31 75 71 60 58 18
Coste: -2147483642

GENERACION: 320
Mejor Solucion:  9 85 88 29 73 65 91 37 95 33 19 69 1 17 42 26 76 72 40 16 5 12 82 49 46 54 74 51 84 77 80 23 39 93 21 0 96 89 68 36 63 97 79 66 27 67 81 59 87 11 24 8 62 99 22 94 20 10 47 57 98 14 2 4 25 45 86 41 32 52 15 92 55 38 43 30 28 56 34 64 44 83 78 3 35 6 13 70 7 50 53 61 48 90 31 75 71 60 58 18
Coste: -2147483642

GENERACION: 325
Mejor Solucion:  9 85 88 29 73 65 91 37 95 33 19 69 1 17 42 26 76 72 40 16 5 12 82 49 46 54 74 51 84 77 80 23 39 93 21 0 96 89 68 36 63 97 79 66 27 67 81 59 87 11 24 8 62 99 22 94 20 10 47 57 98 14 2 4 25 45 86 41 32 52 15 92 55 38 43 30 28 56 34 64 44 83 78 3 35 6 13 70 7 50 53 61 48 90 31 75 71 60 58 18
Coste: -2147483642

GENERACION: 330
Mejor Solucion:  9 85 88 29 73 65 91 37 95 33 19 69 1 17 42 26 76 72 40 16 5 12 82 49 46 54 74 51 84 77 80 23 39 93 21 0 96 89 68 36 63 97 79 66 27 67 81 59 87 11 24 8 62 99 22 94 20 10 47 57 98 14 2 4 25 45 86 41 32 52 15 92 55 38 43 30 28 56 34 64 44 83 78 3 35 6 13 70 7 50 53 61 48 90 31 75 71 60 58 18
Coste: -2147483642

GENERACION: 335
Mejor Solucion:  9 85 88 29 73 65 91 37 95 33 19 69 1 17 42 26 76 72 40 16 5 12 82 49 46 54 74 51 84 77 80 23 39 93 21 0 96 89 68 36 63 97 79 66 27 67 81 59 87 11 24 8 62 99 22 94 20 10 47 57 98 14 2 4 25 45 86 41 32 52 15 92 55 38 43 30 28 56 34 64 44 83 78 3 35 6 13 70 7 50 53 61 48 90 31 75 71 60 58 18
Coste: -2147483642

GENERACION: 340
Mejor Solucion:  9 85 88 29 73 65 91 37 95 33 19 69 1 17 42 26 76 72 40 16 5 12 82 49 46 54 74 51 84 77 80 23 39 93 21 0 96 89 68 36 63 97 79 66 27 67 81 59 87 11 24 8 62 99 22 94 20 10 47 57 98 14 2 4 25 45 86 41 32 52 15 92 55 38 43 30 28 56 34 64 44 83 78 3 35 6 13 70 7 50 53 61 48 90 31 75 71 60 58 18
Coste: -2147483642

GENERACION: 345
Mejor Solucion:  9 85 88 29 73 65 91 37 95 33 19 69 1 17 42 26 76 72 40 16 5 12 82 49 46 54 74 51 84 77 80 23 39 93 21 0 96 89 68 36 63 97 79 66 27 67 81 59 87 11 24 8 62 99 22 94 20 10 47 57 98 14 2 4 25 45 86 41 32 52 15 92 55 38 43 30 28 56 34 64 44 83 78 3 35 6 13 70 7 50 53 61 48 90 31 75 71 60 58 18
Coste: -2147483642

GENERACION: 350
Mejor Solucion:  9 85 88 29 73 65 91 37 95 33 19 69 1 17 42 26 76 72 40 16 5 12 82 49 46 54 74 51 84 77 80 23 39 93 21 0 96 89 68 36 63 97 79 66 27 67 81 59 87 11 24 8 62 99 22 94 20 10 47 57 98 14 2 4 25 45 86 41 32 52 15 92 55 38 43 30 28 56 34 64 44 83 78 3 35 6 13 70 7 50 53 61 48 90 31 75 71 60 58 18
Coste: -2147483642

GENERACION: 355
Mejor Solucion:  9 85 88 29 73 65 91 37 95 33 19 69 1 17 42 26 76 72 40 16 5 12 82 49 46 54 74 51 84 77 80 23 39 93 21 0 96 89 68 36 63 97 79 66 27 67 81 59 87 11 24 8 62 99 22 94 20 10 47 57 98 14 2 4 25 45 86 41 32 52 15 92 55 38 43 30 28 56 34 64 44 83 78 3 35 6 13 70 7 50 53 61 48 90 31 75 71 60 58 18
Coste: -2147483642

GENERACION: 360
Mejor Solucion:  9 85 88 29 73 65 91 37 95 33 19 69 1 17 42 26 76 72 40 16 5 12 82 49 46 54 74 51 84 77 80 23 39 93 21 0 96 89 68 36 63 97 79 66 27 67 81 59 87 11 24 8 62 99 22 94 20 10 47 57 98 14 2 4 25 45 86 41 32 52 15 92 55 38 43 30 28 56 34 64 44 83 78 3 35 6 13 70 7 50 53 61 48 90 31 75 71 60 58 18
Coste: -2147483642

GENERACION: 365
Mejor Solucion:  9 85 88 29 73 65 91 37 95 33 19 69 1 17 42 26 76 72 40 16 5 12 82 49 46 54 74 51 84 77 80 23 39 93 21 0 96 89 68 36 63 97 79 66 27 67 81 59 87 11 24 8 62 99 22 94 20 10 47 57 98 14 2 4 25 45 86 41 32 52 15 92 55 38 43 30 28 56 34 64 44 83 78 3 35 6 13 70 7 50 53 61 48 90 31 75 71 60 58 18
Coste: -2147483642

GENERACION: 370
Mejor Solucion:  9 85 88 29 73 65 91 37 95 33 19 69 1 17 42 26 76 72 40 16 5 12 82 49 46 54 74 51 84 77 80 23 39 93 21 0 96 89 68 36 63 97 79 66 27 67 81 59 87 11 24 8 62 99 22 94 20 10 47 57 98 14 2 4 25 45 86 41 32 52 15 92 55 38 43 30 28 56 34 64 44 83 78 3 35 6 13 70 7 50 53 61 48 90 31 75 71 60 58 18
Coste: -2147483642

GENERACION: 375
Mejor Solucion:  9 85 88 29 73 65 91 37 95 33 19 69 1 17 42 26 76 72 40 16 5 12 82 49 46 54 74 51 84 77 80 23 39 93 21 0 96 89 68 36 63 97 79 66 27 67 81 59 87 11 24 8 62 99 22 94 20 10 47 57 98 14 2 4 25 45 86 41 32 52 15 92 55 38 43 30 28 56 34 64 44 83 78 3 35 6 13 70 7 50 53 61 48 90 31 75 71 60 58 18
Coste: -2147483642

GENERACION: 380
Mejor Solucion:  9 85 88 29 73 65 91 37 95 33 19 69 1 17 42 26 76 72 40 16 5 12 82 49 46 54 74 51 84 77 80 23 39 93 21 0 96 89 68 36 63 97 79 66 27 67 81 59 87 11 24 8 62 99 22 94 20 10 47 57 98 14 2 4 25 45 86 41 32 52 15 92 55 38 43 30 28 56 34 64 44 83 78 3 35 6 13 70 7 50 53 61 48 90 31 75 71 60 58 18
Coste: -2147483642

GENERACION: 385
Mejor Solucion:  9 85 88 29 73 65 91 37 95 33 19 69 1 17 42 26 76 72 40 16 5 12 82 49 46 54 74 51 84 77 80 23 39 93 21 0 96 89 68 36 63 97 79 66 27 67 81 59 87 11 24 8 62 99 22 94 20 10 47 57 98 14 2 4 25 45 86 41 32 52 15 92 55 38 43 30 28 56 34 64 44 83 78 3 35 6 13 70 7 50 53 61 48 90 31 75 71 60 58 18
Coste: -2147483642

GENERACION: 390
Mejor Solucion:  9 85 88 29 73 65 91 37 95 33 19 69 1 17 42 26 76 72 40 16 5 12 82 49 46 54 74 51 84 77 80 23 39 93 21 0 96 89 68 36 63 97 79 66 27 67 81 59 87 11 24 8 62 99 22 94 20 10 47 57 98 14 2 4 25 45 86 41 32 52 15 92 55 38 43 30 28 56 34 64 44 83 78 3 35 6 13 70 7 50 53 61 48 90 31 75 71 60 58 18
Coste: -2147483642

GENERACION: 395
Mejor Solucion:  9 85 88 29 73 65 91 37 95 33 19 69 1 17 42 26 76 72 40 16 5 12 82 49 46 54 74 51 84 77 80 23 39 93 21 0 96 89 68 36 63 97 79 66 27 67 81 59 87 11 24 8 62 99 22 94 20 10 47 57 98 14 2 4 25 45 86 41 32 52 15 92 55 38 43 30 28 56 34 64 44 83 78 3 35 6 13 70 7 50 53 61 48 90 31 75 71 60 58 18
Coste: -2147483642

GENERACION: 400
Mejor Solucion:  9 85 88 29 73 65 91 37 95 33 19 69 1 17 42 26 76 72 40 16 5 12 82 49 46 54 74 51 84 77 80 23 39 93 21 0 96 89 68 36 63 97 79 66 27 67 81 59 87 11 24 8 62 99 22 94 20 10 47 57 98 14 2 4 25 45 86 41 32 52 15 92 55 38 43 30 28 56 34 64 44 83 78 3 35 6 13 70 7 50 53 61 48 90 31 75 71 60 58 18
Coste: -2147483642

GENERACION: 405
Mejor Solucion:  9 85 88 29 73 65 91 37 95 33 19 69 1 17 42 26 76 72 40 16 5 12 82 49 46 54 74 51 84 77 80 23 39 93 21 0 96 89 68 36 63 97 79 66 27 67 81 59 87 11 24 8 62 99 22 94 20 10 47 57 98 14 2 4 25 45 86 41 32 52 15 92 55 38 43 30 28 56 34 64 44 83 78 3 35 6 13 70 7 50 53 61 48 90 31 75 71 60 58 18
Coste: -2147483642

GENERACION: 410
Mejor Solucion:  9 85 88 29 73 65 91 37 95 33 19 69 1 17 42 26 76 72 40 16 5 12 82 49 46 54 74 51 84 77 80 23 39 93 21 0 96 89 68 36 63 97 79 66 27 67 81 59 87 11 24 8 62 99 22 94 20 10 47 57 98 14 2 4 25 45 86 41 32 52 15 92 55 38 43 30 28 56 34 64 44 83 78 3 35 6 13 70 7 50 53 61 48 90 31 75 71 60 58 18
Coste: -2147483642

GENERACION: 415
Mejor Solucion:  9 85 88 29 73 65 91 37 95 33 19 69 1 17 42 26 76 72 40 16 5 12 82 49 46 54 74 51 84 77 80 23 39 93 21 0 96 89 68 36 63 97 79 66 27 67 81 59 87 11 24 8 62 99 22 94 20 10 47 57 98 14 2 4 25 45 86 41 32 52 15 92 55 38 43 30 28 56 34 64 44 83 78 3 35 6 13 70 7 50 53 61 48 90 31 75 71 60 58 18
Coste: -2147483642

GENERACION: 420
Mejor Solucion:  9 85 88 29 73 65 91 37 95 33 19 69 1 17 42 26 76 72 40 16 5 12 82 49 46 54 74 51 84 77 80 23 39 93 21 0 96 89 68 36 63 97 79 66 27 67 81 59 87 11 24 8 62 99 22 94 20 10 47 57 98 14 2 4 25 45 86 41 32 52 15 92 55 38 43 30 28 56 34 64 44 83 78 3 35 6 13 70 7 50 53 61 48 90 31 75 71 60 58 18
Coste: -2147483642

GENERACION: 425
Mejor Solucion:  9 85 88 29 73 65 91 37 95 33 19 69 1 17 42 26 76 72 40 16 5 12 82 49 46 54 74 51 84 77 80 23 39 93 21 0 96 89 68 36 63 97 79 66 27 67 81 59 87 11 24 8 62 99 22 94 20 10 47 57 98 14 2 4 25 45 86 41 32 52 15 92 55 38 43 30 28 56 34 64 44 83 78 3 35 6 13 70 7 50 53 61 48 90 31 75 71 60 58 18
Coste: -2147483642

GENERACION: 430
Mejor Solucion:  9 85 88 29 73 65 91 37 95 33 19 69 1 17 42 26 76 72 40 16 5 12 82 49 46 54 74 51 84 77 80 23 39 93 21 0 96 89 68 36 63 97 79 66 27 67 81 59 87 11 24 8 62 99 22 94 20 10 47 57 98 14 2 4 25 45 86 41 32 52 15 92 55 38 43 30 28 56 34 64 44 83 78 3 35 6 13 70 7 50 53 61 48 90 31 75 71 60 58 18
Coste: -2147483642

GENERACION: 435
Mejor Solucion:  9 85 88 29 73 65 91 37 95 33 19 69 1 17 42 26 76 72 40 16 5 12 82 49 46 54 74 51 84 77 80 23 39 93 21 0 96 89 68 36 63 97 79 66 27 67 81 59 87 11 24 8 62 99 22 94 20 10 47 57 98 14 2 4 25 45 86 41 32 52 15 92 55 38 43 30 28 56 34 64 44 83 78 3 35 6 13 70 7 50 53 61 48 90 31 75 71 60 58 18
Coste: -2147483642

GENERACION: 440
Mejor Solucion:  9 85 88 29 73 65 91 37 95 33 19 69 1 17 42 26 76 72 40 16 5 12 82 49 46 54 74 51 84 77 80 23 39 93 21 0 96 89 68 36 63 97 79 66 27 67 81 59 87 11 24 8 62 99 22 94 20 10 47 57 98 14 2 4 25 45 86 41 32 52 15 92 55 38 43 30 28 56 34 64 44 83 78 3 35 6 13 70 7 50 53 61 48 90 31 75 71 60 58 18
Coste: -2147483642

GENERACION: 445
Mejor Solucion:  9 85 88 29 73 65 91 37 95 33 19 69 1 17 42 26 76 72 40 16 5 12 82 49 46 54 74 51 84 77 80 23 39 93 21 0 96 89 68 36 63 97 79 66 27 67 81 59 87 11 24 8 62 99 22 94 20 10 47 57 98 14 2 4 25 45 86 41 32 52 15 92 55 38 43 30 28 56 34 64 44 83 78 3 35 6 13 70 7 50 53 61 48 90 31 75 71 60 58 18
Coste: -2147483642

GENERACION: 450
Mejor Solucion:  9 85 88 29 73 65 91 37 95 33 19 69 1 17 42 26 76 72 40 16 5 12 82 49 46 54 74 51 84 77 80 23 39 93 21 0 96 89 68 36 63 97 79 66 27 67 81 59 87 11 24 8 62 99 22 94 20 10 47 57 98 14 2 4 25 45 86 41 32 52 15 92 55 38 43 30 28 56 34 64 44 83 78 3 35 6 13 70 7 50 53 61 48 90 31 75 71 60 58 18
Coste: -2147483642

GENERACION: 455
Mejor Solucion:  9 85 88 29 73 65 91 37 95 33 19 69 1 17 42 26 76 72 40 16 5 12 82 49 46 54 74 51 84 77 80 23 39 93 21 0 96 89 68 36 63 97 79 66 27 67 81 59 87 11 24 8 62 99 22 94 20 10 47 57 98 14 2 4 25 45 86 41 32 52 15 92 55 38 43 30 28 56 34 64 44 83 78 3 35 6 13 70 7 50 53 61 48 90 31 75 71 60 58 18
Coste: -2147483642

GENERACION: 460
Mejor Solucion:  9 85 88 29 73 65 91 37 95 33 19 69 1 17 42 26 76 72 40 16 5 12 82 49 46 54 74 51 84 77 80 23 39 93 21 0 96 89 68 36 63 97 79 66 27 67 81 59 87 11 24 8 62 99 22 94 20 10 47 57 98 14 2 4 25 45 86 41 32 52 15 92 55 38 43 30 28 56 34 64 44 83 78 3 35 6 13 70 7 50 53 61 48 90 31 75 71 60 58 18
Coste: -2147483642

GENERACION: 465
Mejor Solucion:  9 85 88 29 73 65 91 37 95 33 19 69 1 17 42 26 76 72 40 16 5 12 82 49 46 54 74 51 84 77 80 23 39 93 21 0 96 89 68 36 63 97 79 66 27 67 81 59 87 11 24 8 62 99 22 94 20 10 47 57 98 14 2 4 25 45 86 41 32 52 15 92 55 38 43 30 28 56 34 64 44 83 78 3 35 6 13 70 7 50 53 61 48 90 31 75 71 60 58 18
Coste: -2147483642

GENERACION: 470
Mejor Solucion:  9 85 88 29 73 65 91 37 95 33 19 69 1 17 42 26 76 72 40 16 5 12 82 49 46 54 74 51 84 77 80 23 39 93 21 0 96 89 68 36 63 97 79 66 27 67 81 59 87 11 24 8 62 99 22 94 20 10 47 57 98 14 2 4 25 45 86 41 32 52 15 92 55 38 43 30 28 56 34 64 44 83 78 3 35 6 13 70 7 50 53 61 48 90 31 75 71 60 58 18
Coste: -2147483642

GENERACION: 475
Mejor Solucion:  9 85 88 29 73 65 91 37 95 33 19 69 1 17 42 26 76 72 40 16 5 12 82 49 46 54 74 51 84 77 80 23 39 93 21 0 96 89 68 36 63 97 79 66 27 67 81 59 87 11 24 8 62 99 22 94 20 10 47 57 98 14 2 4 25 45 86 41 32 52 15 92 55 38 43 30 28 56 34 64 44 83 78 3 35 6 13 70 7 50 53 61 48 90 31 75 71 60 58 18
Coste: -2147483642

GENERACION: 480
Mejor Solucion:  9 85 88 29 73 65 91 37 95 33 19 69 1 17 42 26 76 72 40 16 5 12 82 49 46 54 74 51 84 77 80 23 39 93 21 0 96 89 68 36 63 97 79 66 27 67 81 59 87 11 24 8 62 99 22 94 20 10 47 57 98 14 2 4 25 45 86 41 32 52 15 92 55 38 43 30 28 56 34 64 44 83 78 3 35 6 13 70 7 50 53 61 48 90 31 75 71 60 58 18
Coste: -2147483642

GENERACION: 485
Mejor Solucion:  9 85 88 29 73 65 91 37 95 33 19 69 1 17 42 26 76 72 40 16 5 12 82 49 46 54 74 51 84 77 80 23 39 93 21 0 96 89 68 36 63 97 79 66 27 67 81 59 87 11 24 8 62 99 22 94 20 10 47 57 98 14 2 4 25 45 86 41 32 52 15 92 55 38 43 30 28 56 34 64 44 83 78 3 35 6 13 70 7 50 53 61 48 90 31 75 71 60 58 18
Coste: -2147483642

GENERACION: 490
Mejor Solucion:  9 85 88 29 73 65 91 37 95 33 19 69 1 17 42 26 76 72 40 16 5 12 82 49 46 54 74 51 84 77 80 23 39 93 21 0 96 89 68 36 63 97 79 66 27 67 81 59 87 11 24 8 62 99 22 94 20 10 47 57 98 14 2 4 25 45 86 41 32 52 15 92 55 38 43 30 28 56 34 64 44 83 78 3 35 6 13 70 7 50 53 61 48 90 31 75 71 60 58 18
Coste: -2147483642

GENERACION: 495
Mejor Solucion:  9 85 88 29 73 65 91 37 95 33 19 69 1 17 42 26 76 72 40 16 5 12 82 49 46 54 74 51 84 77 80 23 39 93 21 0 96 89 68 36 63 97 79 66 27 67 81 59 87 11 24 8 62 99 22 94 20 10 47 57 98 14 2 4 25 45 86 41 32 52 15 92 55 38 43 30 28 56 34 64 44 83 78 3 35 6 13 70 7 50 53 61 48 90 31 75 71 60 58 18
Coste: -2147483642

GENERACION: 500
Mejor Solucion:  9 85 88 29 73 65 91 37 95 33 19 69 1 17 42 26 76 72 40 16 5 12 82 49 46 54 74 51 84 77 80 23 39 93 21 0 96 89 68 36 63 97 79 66 27 67 81 59 87 11 24 8 62 99 22 94 20 10 47 57 98 14 2 4 25 45 86 41 32 52 15 92 55 38 43 30 28 56 34 64 44 83 78 3 35 6 13 70 7 50 53 61 48 90 31 75 71 60 58 18
Coste: -2147483642

GENERACION: 505
Mejor Solucion:  9 85 88 29 73 65 91 37 95 33 19 69 1 17 42 26 76 72 40 16 5 12 82 49 46 54 74 51 84 77 80 23 39 93 21 0 96 89 68 36 63 97 79 66 27 67 81 59 87 11 24 8 62 99 22 94 20 10 47 57 98 14 2 4 25 45 86 41 32 52 15 92 55 38 43 30 28 56 34 64 44 83 78 3 35 6 13 70 7 50 53 61 48 90 31 75 71 60 58 18
Coste: -2147483642

GENERACION: 510
Mejor Solucion:  9 85 88 29 73 65 91 37 95 33 19 69 1 17 42 26 76 72 40 16 5 12 82 49 46 54 74 51 84 77 80 23 39 93 21 0 96 89 68 36 63 97 79 66 27 67 81 59 87 11 24 8 62 99 22 94 20 10 47 57 98 14 2 4 25 45 86 41 32 52 15 92 55 38 43 30 28 56 34 64 44 83 78 3 35 6 13 70 7 50 53 61 48 90 31 75 71 60 58 18
Coste: -2147483642

GENERACION: 515
Mejor Solucion:  9 85 88 29 73 65 91 37 95 33 19 69 1 17 42 26 76 72 40 16 5 12 82 49 46 54 74 51 84 77 80 23 39 93 21 0 96 89 68 36 63 97 79 66 27 67 81 59 87 11 24 8 62 99 22 94 20 10 47 57 98 14 2 4 25 45 86 41 32 52 15 92 55 38 43 30 28 56 34 64 44 83 78 3 35 6 13 70 7 50 53 61 48 90 31 75 71 60 58 18
Coste: -2147483642

GENERACION: 520
Mejor Solucion:  9 85 88 29 73 65 91 37 95 33 19 69 1 17 42 26 76 72 40 16 5 12 82 49 46 54 74 51 84 77 80 23 39 93 21 0 96 89 68 36 63 97 79 66 27 67 81 59 87 11 24 8 62 99 22 94 20 10 47 57 98 14 2 4 25 45 86 41 32 52 15 92 55 38 43 30 28 56 34 64 44 83 78 3 35 6 13 70 7 50 53 61 48 90 31 75 71 60 58 18
Coste: -2147483642

GENERACION: 525
Mejor Solucion:  9 85 88 29 73 65 91 37 95 33 19 69 1 17 42 26 76 72 40 16 5 12 82 49 46 54 74 51 84 77 80 23 39 93 21 0 96 89 68 36 63 97 79 66 27 67 81 59 87 11 24 8 62 99 22 94 20 10 47 57 98 14 2 4 25 45 86 41 32 52 15 92 55 38 43 30 28 56 34 64 44 83 78 3 35 6 13 70 7 50 53 61 48 90 31 75 71 60 58 18
Coste: -2147483642

GENERACION: 530
Mejor Solucion:  9 85 88 29 73 65 91 37 95 33 19 69 1 17 42 26 76 72 40 16 5 12 82 49 46 54 74 51 84 77 80 23 39 93 21 0 96 89 68 36 63 97 79 66 27 67 81 59 87 11 24 8 62 99 22 94 20 10 47 57 98 14 2 4 25 45 86 41 32 52 15 92 55 38 43 30 28 56 34 64 44 83 78 3 35 6 13 70 7 50 53 61 48 90 31 75 71 60 58 18
Coste: -2147483642

GENERACION: 535
Mejor Solucion:  9 85 88 29 73 65 91 37 95 33 19 69 1 17 42 26 76 72 40 16 5 12 82 49 46 54 74 51 84 77 80 23 39 93 21 0 96 89 68 36 63 97 79 66 27 67 81 59 87 11 24 8 62 99 22 94 20 10 47 57 98 14 2 4 25 45 86 41 32 52 15 92 55 38 43 30 28 56 34 64 44 83 78 3 35 6 13 70 7 50 53 61 48 90 31 75 71 60 58 18
Coste: -2147483642

GENERACION: 540
Mejor Solucion:  9 85 88 29 73 65 91 37 95 33 19 69 1 17 42 26 76 72 40 16 5 12 82 49 46 54 74 51 84 77 80 23 39 93 21 0 96 89 68 36 63 97 79 66 27 67 81 59 87 11 24 8 62 99 22 94 20 10 47 57 98 14 2 4 25 45 86 41 32 52 15 92 55 38 43 30 28 56 34 64 44 83 78 3 35 6 13 70 7 50 53 61 48 90 31 75 71 60 58 18
Coste: -2147483642

GENERACION: 545
Mejor Solucion:  9 85 88 29 73 65 91 37 95 33 19 69 1 17 42 26 76 72 40 16 5 12 82 49 46 54 74 51 84 77 80 23 39 93 21 0 96 89 68 36 63 97 79 66 27 67 81 59 87 11 24 8 62 99 22 94 20 10 47 57 98 14 2 4 25 45 86 41 32 52 15 92 55 38 43 30 28 56 34 64 44 83 78 3 35 6 13 70 7 50 53 61 48 90 31 75 71 60 58 18
Coste: -2147483642

GENERACION: 550
Mejor Solucion:  9 85 88 29 73 65 91 37 95 33 19 69 1 17 42 26 76 72 40 16 5 12 82 49 46 54 74 51 84 77 80 23 39 93 21 0 96 89 68 36 63 97 79 66 27 67 81 59 87 11 24 8 62 99 22 94 20 10 47 57 98 14 2 4 25 45 86 41 32 52 15 92 55 38 43 30 28 56 34 64 44 83 78 3 35 6 13 70 7 50 53 61 48 90 31 75 71 60 58 18
Coste: -2147483642

GENERACION: 555
Mejor Solucion:  9 85 88 29 73 65 91 37 95 33 19 69 1 17 42 26 76 72 40 16 5 12 82 49 46 54 74 51 84 77 80 23 39 93 21 0 96 89 68 36 63 97 79 66 27 67 81 59 87 11 24 8 62 99 22 94 20 10 47 57 98 14 2 4 25 45 86 41 32 52 15 92 55 38 43 30 28 56 34 64 44 83 78 3 35 6 13 70 7 50 53 61 48 90 31 75 71 60 58 18
Coste: -2147483642

GENERACION: 560
Mejor Solucion:  9 85 88 29 73 65 91 37 95 33 19 69 1 17 42 26 76 72 40 16 5 12 82 49 46 54 74 51 84 77 80 23 39 93 21 0 96 89 68 36 63 97 79 66 27 67 81 59 87 11 24 8 62 99 22 94 20 10 47 57 98 14 2 4 25 45 86 41 32 52 15 92 55 38 43 30 28 56 34 64 44 83 78 3 35 6 13 70 7 50 53 61 48 90 31 75 71 60 58 18
Coste: -2147483642

GENERACION: 565
Mejor Solucion:  9 85 88 29 73 65 91 37 95 33 19 69 1 17 42 26 76 72 40 16 5 12 82 49 46 54 74 51 84 77 80 23 39 93 21 0 96 89 68 36 63 97 79 66 27 67 81 59 87 11 24 8 62 99 22 94 20 10 47 57 98 14 2 4 25 45 86 41 32 52 15 92 55 38 43 30 28 56 34 64 44 83 78 3 35 6 13 70 7 50 53 61 48 90 31 75 71 60 58 18
Coste: -2147483642

GENERACION: 570
Mejor Solucion:  9 85 88 29 73 65 91 37 95 33 19 69 1 17 42 26 76 72 40 16 5 12 82 49 46 54 74 51 84 77 80 23 39 93 21 0 96 89 68 36 63 97 79 66 27 67 81 59 87 11 24 8 62 99 22 94 20 10 47 57 98 14 2 4 25 45 86 41 32 52 15 92 55 38 43 30 28 56 34 64 44 83 78 3 35 6 13 70 7 50 53 61 48 90 31 75 71 60 58 18
Coste: -2147483642

GENERACION: 575
Mejor Solucion:  9 85 88 29 73 65 91 37 95 33 19 69 1 17 42 26 76 72 40 16 5 12 82 49 46 54 74 51 84 77 80 23 39 93 21 0 96 89 68 36 63 97 79 66 27 67 81 59 87 11 24 8 62 99 22 94 20 10 47 57 98 14 2 4 25 45 86 41 32 52 15 92 55 38 43 30 28 56 34 64 44 83 78 3 35 6 13 70 7 50 53 61 48 90 31 75 71 60 58 18
Coste: -2147483642

GENERACION: 580
Mejor Solucion:  9 85 88 29 73 65 91 37 95 33 19 69 1 17 42 26 76 72 40 16 5 12 82 49 46 54 74 51 84 77 80 23 39 93 21 0 96 89 68 36 63 97 79 66 27 67 81 59 87 11 24 8 62 99 22 94 20 10 47 57 98 14 2 4 25 45 86 41 32 52 15 92 55 38 43 30 28 56 34 64 44 83 78 3 35 6 13 70 7 50 53 61 48 90 31 75 71 60 58 18
Coste: -2147483642

GENERACION: 585
Mejor Solucion:  9 85 88 29 73 65 91 37 95 33 19 69 1 17 42 26 76 72 40 16 5 12 82 49 46 54 74 51 84 77 80 23 39 93 21 0 96 89 68 36 63 97 79 66 27 67 81 59 87 11 24 8 62 99 22 94 20 10 47 57 98 14 2 4 25 45 86 41 32 52 15 92 55 38 43 30 28 56 34 64 44 83 78 3 35 6 13 70 7 50 53 61 48 90 31 75 71 60 58 18
Coste: -2147483642

GENERACION: 590
Mejor Solucion:  9 85 88 29 73 65 91 37 95 33 19 69 1 17 42 26 76 72 40 16 5 12 82 49 46 54 74 51 84 77 80 23 39 93 21 0 96 89 68 36 63 97 79 66 27 67 81 59 87 11 24 8 62 99 22 94 20 10 47 57 98 14 2 4 25 45 86 41 32 52 15 92 55 38 43 30 28 56 34 64 44 83 78 3 35 6 13 70 7 50 53 61 48 90 31 75 71 60 58 18
Coste: -2147483642

GENERACION: 595
Mejor Solucion:  9 85 88 29 73 65 91 37 95 33 19 69 1 17 42 26 76 72 40 16 5 12 82 49 46 54 74 51 84 77 80 23 39 93 21 0 96 89 68 36 63 97 79 66 27 67 81 59 87 11 24 8 62 99 22 94 20 10 47 57 98 14 2 4 25 45 86 41 32 52 15 92 55 38 43 30 28 56 34 64 44 83 78 3 35 6 13 70 7 50 53 61 48 90 31 75 71 60 58 18
Coste: -2147483642

GENERACION: 600
Mejor Solucion:  9 85 88 29 73 65 91 37 95 33 19 69 1 17 42 26 76 72 40 16 5 12 82 49 46 54 74 51 84 77 80 23 39 93 21 0 96 89 68 36 63 97 79 66 27 67 81 59 87 11 24 8 62 99 22 94 20 10 47 57 98 14 2 4 25 45 86 41 32 52 15 92 55 38 43 30 28 56 34 64 44 83 78 3 35 6 13 70 7 50 53 61 48 90 31 75 71 60 58 18
Coste: -2147483642

GENERACION: 605
Mejor Solucion:  9 85 88 29 73 65 91 37 95 33 19 69 1 17 42 26 76 72 40 16 5 12 82 49 46 54 74 51 84 77 80 23 39 93 21 0 96 89 68 36 63 97 79 66 27 67 81 59 87 11 24 8 62 99 22 94 20 10 47 57 98 14 2 4 25 45 86 41 32 52 15 92 55 38 43 30 28 56 34 64 44 83 78 3 35 6 13 70 7 50 53 61 48 90 31 75 71 60 58 18
Coste: -2147483642

GENERACION: 610
Mejor Solucion:  9 85 88 29 73 65 91 37 95 33 19 69 1 17 42 26 76 72 40 16 5 12 82 49 46 54 74 51 84 77 80 23 39 93 21 0 96 89 68 36 63 97 79 66 27 67 81 59 87 11 24 8 62 99 22 94 20 10 47 57 98 14 2 4 25 45 86 41 32 52 15 92 55 38 43 30 28 56 34 64 44 83 78 3 35 6 13 70 7 50 53 61 48 90 31 75 71 60 58 18
Coste: -2147483642

GENERACION: 615
Mejor Solucion:  9 85 88 29 73 65 91 37 95 33 19 69 1 17 42 26 76 72 40 16 5 12 82 49 46 54 74 51 84 77 80 23 39 93 21 0 96 89 68 36 63 97 79 66 27 67 81 59 87 11 24 8 62 99 22 94 20 10 47 57 98 14 2 4 25 45 86 41 32 52 15 92 55 38 43 30 28 56 34 64 44 83 78 3 35 6 13 70 7 50 53 61 48 90 31 75 71 60 58 18
Coste: -2147483642

GENERACION: 620
Mejor Solucion:  9 85 88 29 73 65 91 37 95 33 19 69 1 17 42 26 76 72 40 16 5 12 82 49 46 54 74 51 84 77 80 23 39 93 21 0 96 89 68 36 63 97 79 66 27 67 81 59 87 11 24 8 62 99 22 94 20 10 47 57 98 14 2 4 25 45 86 41 32 52 15 92 55 38 43 30 28 56 34 64 44 83 78 3 35 6 13 70 7 50 53 61 48 90 31 75 71 60 58 18
Coste: -2147483642

GENERACION: 625
Mejor Solucion:  9 85 88 29 73 65 91 37 95 33 19 69 1 17 42 26 76 72 40 16 5 12 82 49 46 54 74 51 84 77 80 23 39 93 21 0 96 89 68 36 63 97 79 66 27 67 81 59 87 11 24 8 62 99 22 94 20 10 47 57 98 14 2 4 25 45 86 41 32 52 15 92 55 38 43 30 28 56 34 64 44 83 78 3 35 6 13 70 7 50 53 61 48 90 31 75 71 60 58 18
Coste: -2147483642

GENERACION: 630
Mejor Solucion:  9 85 88 29 73 65 91 37 95 33 19 69 1 17 42 26 76 72 40 16 5 12 82 49 46 54 74 51 84 77 80 23 39 93 21 0 96 89 68 36 63 97 79 66 27 67 81 59 87 11 24 8 62 99 22 94 20 10 47 57 98 14 2 4 25 45 86 41 32 52 15 92 55 38 43 30 28 56 34 64 44 83 78 3 35 6 13 70 7 50 53 61 48 90 31 75 71 60 58 18
Coste: -2147483642

GENERACION: 635
Mejor Solucion:  9 85 88 29 73 65 91 37 95 33 19 69 1 17 42 26 76 72 40 16 5 12 82 49 46 54 74 51 84 77 80 23 39 93 21 0 96 89 68 36 63 97 79 66 27 67 81 59 87 11 24 8 62 99 22 94 20 10 47 57 98 14 2 4 25 45 86 41 32 52 15 92 55 38 43 30 28 56 34 64 44 83 78 3 35 6 13 70 7 50 53 61 48 90 31 75 71 60 58 18
Coste: -2147483642

GENERACION: 640
Mejor Solucion:  9 85 88 29 73 65 91 37 95 33 19 69 1 17 42 26 76 72 40 16 5 12 82 49 46 54 74 51 84 77 80 23 39 93 21 0 96 89 68 36 63 97 79 66 27 67 81 59 87 11 24 8 62 99 22 94 20 10 47 57 98 14 2 4 25 45 86 41 32 52 15 92 55 38 43 30 28 56 34 64 44 83 78 3 35 6 13 70 7 50 53 61 48 90 31 75 71 60 58 18
Coste: -2147483642

GENERACION: 645
Mejor Solucion:  9 85 88 29 73 65 91 37 95 33 19 69 1 17 42 26 76 72 40 16 5 12 82 49 46 54 74 51 84 77 80 23 39 93 21 0 96 89 68 36 63 97 79 66 27 67 81 59 87 11 24 8 62 99 22 94 20 10 47 57 98 14 2 4 25 45 86 41 32 52 15 92 55 38 43 30 28 56 34 64 44 83 78 3 35 6 13 70 7 50 53 61 48 90 31 75 71 60 58 18
Coste: -2147483642

GENERACION: 650
Mejor Solucion:  9 85 88 29 73 65 91 37 95 33 19 69 1 17 42 26 76 72 40 16 5 12 82 49 46 54 74 51 84 77 80 23 39 93 21 0 96 89 68 36 63 97 79 66 27 67 81 59 87 11 24 8 62 99 22 94 20 10 47 57 98 14 2 4 25 45 86 41 32 52 15 92 55 38 43 30 28 56 34 64 44 83 78 3 35 6 13 70 7 50 53 61 48 90 31 75 71 60 58 18
Coste: -2147483642

GENERACION: 655
Mejor Solucion:  9 85 88 29 73 65 91 37 95 33 19 69 1 17 42 26 76 72 40 16 5 12 82 49 46 54 74 51 84 77 80 23 39 93 21 0 96 89 68 36 63 97 79 66 27 67 81 59 87 11 24 8 62 99 22 94 20 10 47 57 98 14 2 4 25 45 86 41 32 52 15 92 55 38 43 30 28 56 34 64 44 83 78 3 35 6 13 70 7 50 53 61 48 90 31 75 71 60 58 18
Coste: -2147483642

GENERACION: 660
Mejor Solucion:  9 85 88 29 73 65 91 37 95 33 19 69 1 17 42 26 76 72 40 16 5 12 82 49 46 54 74 51 84 77 80 23 39 93 21 0 96 89 68 36 63 97 79 66 27 67 81 59 87 11 24 8 62 99 22 94 20 10 47 57 98 14 2 4 25 45 86 41 32 52 15 92 55 38 43 30 28 56 34 64 44 83 78 3 35 6 13 70 7 50 53 61 48 90 31 75 71 60 58 18
Coste: -2147483642

GENERACION: 665
Mejor Solucion:  9 85 88 29 73 65 91 37 95 33 19 69 1 17 42 26 76 72 40 16 5 12 82 49 46 54 74 51 84 77 80 23 39 93 21 0 96 89 68 36 63 97 79 66 27 67 81 59 87 11 24 8 62 99 22 94 20 10 47 57 98 14 2 4 25 45 86 41 32 52 15 92 55 38 43 30 28 56 34 64 44 83 78 3 35 6 13 70 7 50 53 61 48 90 31 75 71 60 58 18
Coste: -2147483642

GENERACION: 670
Mejor Solucion:  9 85 88 29 73 65 91 37 95 33 19 69 1 17 42 26 76 72 40 16 5 12 82 49 46 54 74 51 84 77 80 23 39 93 21 0 96 89 68 36 63 97 79 66 27 67 81 59 87 11 24 8 62 99 22 94 20 10 47 57 98 14 2 4 25 45 86 41 32 52 15 92 55 38 43 30 28 56 34 64 44 83 78 3 35 6 13 70 7 50 53 61 48 90 31 75 71 60 58 18
Coste: -2147483642

GENERACION: 675
Mejor Solucion:  9 85 88 29 73 65 91 37 95 33 19 69 1 17 42 26 76 72 40 16 5 12 82 49 46 54 74 51 84 77 80 23 39 93 21 0 96 89 68 36 63 97 79 66 27 67 81 59 87 11 24 8 62 99 22 94 20 10 47 57 98 14 2 4 25 45 86 41 32 52 15 92 55 38 43 30 28 56 34 64 44 83 78 3 35 6 13 70 7 50 53 61 48 90 31 75 71 60 58 18
Coste: -2147483642

GENERACION: 680
Mejor Solucion:  9 85 88 29 73 65 91 37 95 33 19 69 1 17 42 26 76 72 40 16 5 12 82 49 46 54 74 51 84 77 80 23 39 93 21 0 96 89 68 36 63 97 79 66 27 67 81 59 87 11 24 8 62 99 22 94 20 10 47 57 98 14 2 4 25 45 86 41 32 52 15 92 55 38 43 30 28 56 34 64 44 83 78 3 35 6 13 70 7 50 53 61 48 90 31 75 71 60 58 18
Coste: -2147483642

GENERACION: 685
Mejor Solucion:  9 85 88 29 73 65 91 37 95 33 19 69 1 17 42 26 76 72 40 16 5 12 82 49 46 54 74 51 84 77 80 23 39 93 21 0 96 89 68 36 63 97 79 66 27 67 81 59 87 11 24 8 62 99 22 94 20 10 47 57 98 14 2 4 25 45 86 41 32 52 15 92 55 38 43 30 28 56 34 64 44 83 78 3 35 6 13 70 7 50 53 61 48 90 31 75 71 60 58 18
Coste: -2147483642

GENERACION: 690
Mejor Solucion:  9 85 88 29 73 65 91 37 95 33 19 69 1 17 42 26 76 72 40 16 5 12 82 49 46 54 74 51 84 77 80 23 39 93 21 0 96 89 68 36 63 97 79 66 27 67 81 59 87 11 24 8 62 99 22 94 20 10 47 57 98 14 2 4 25 45 86 41 32 52 15 92 55 38 43 30 28 56 34 64 44 83 78 3 35 6 13 70 7 50 53 61 48 90 31 75 71 60 58 18
Coste: -2147483642

GENERACION: 695
Mejor Solucion:  9 85 88 29 73 65 91 37 95 33 19 69 1 17 42 26 76 72 40 16 5 12 82 49 46 54 74 51 84 77 80 23 39 93 21 0 96 89 68 36 63 97 79 66 27 67 81 59 87 11 24 8 62 99 22 94 20 10 47 57 98 14 2 4 25 45 86 41 32 52 15 92 55 38 43 30 28 56 34 64 44 83 78 3 35 6 13 70 7 50 53 61 48 90 31 75 71 60 58 18
Coste: -2147483642

GENERACION: 700
Mejor Solucion:  9 85 88 29 73 65 91 37 95 33 19 69 1 17 42 26 76 72 40 16 5 12 82 49 46 54 74 51 84 77 80 23 39 93 21 0 96 89 68 36 63 97 79 66 27 67 81 59 87 11 24 8 62 99 22 94 20 10 47 57 98 14 2 4 25 45 86 41 32 52 15 92 55 38 43 30 28 56 34 64 44 83 78 3 35 6 13 70 7 50 53 61 48 90 31 75 71 60 58 18
Coste: -2147483642

GENERACION: 705
Mejor Solucion:  9 85 88 29 73 65 91 37 95 33 19 69 1 17 42 26 76 72 40 16 5 12 82 49 46 54 74 51 84 77 80 23 39 93 21 0 96 89 68 36 63 97 79 66 27 67 81 59 87 11 24 8 62 99 22 94 20 10 47 57 98 14 2 4 25 45 86 41 32 52 15 92 55 38 43 30 28 56 34 64 44 83 78 3 35 6 13 70 7 50 53 61 48 90 31 75 71 60 58 18
Coste: -2147483642

GENERACION: 710
Mejor Solucion:  9 85 88 29 73 65 91 37 95 33 19 69 1 17 42 26 76 72 40 16 5 12 82 49 46 54 74 51 84 77 80 23 39 93 21 0 96 89 68 36 63 97 79 66 27 67 81 59 87 11 24 8 62 99 22 94 20 10 47 57 98 14 2 4 25 45 86 41 32 52 15 92 55 38 43 30 28 56 34 64 44 83 78 3 35 6 13 70 7 50 53 61 48 90 31 75 71 60 58 18
Coste: -2147483642

GENERACION: 715
Mejor Solucion:  9 85 88 29 73 65 91 37 95 33 19 69 1 17 42 26 76 72 40 16 5 12 82 49 46 54 74 51 84 77 80 23 39 93 21 0 96 89 68 36 63 97 79 66 27 67 81 59 87 11 24 8 62 99 22 94 20 10 47 57 98 14 2 4 25 45 86 41 32 52 15 92 55 38 43 30 28 56 34 64 44 83 78 3 35 6 13 70 7 50 53 61 48 90 31 75 71 60 58 18
Coste: -2147483642

GENERACION: 720
Mejor Solucion:  9 85 88 29 73 65 91 37 95 33 19 69 1 17 42 26 76 72 40 16 5 12 82 49 46 54 74 51 84 77 80 23 39 93 21 0 96 89 68 36 63 97 79 66 27 67 81 59 87 11 24 8 62 99 22 94 20 10 47 57 98 14 2 4 25 45 86 41 32 52 15 92 55 38 43 30 28 56 34 64 44 83 78 3 35 6 13 70 7 50 53 61 48 90 31 75 71 60 58 18
Coste: -2147483642

GENERACION: 725
Mejor Solucion:  9 85 88 29 73 65 91 37 95 33 19 69 1 17 42 26 76 72 40 16 5 12 82 49 46 54 74 51 84 77 80 23 39 93 21 0 96 89 68 36 63 97 79 66 27 67 81 59 87 11 24 8 62 99 22 94 20 10 47 57 98 14 2 4 25 45 86 41 32 52 15 92 55 38 43 30 28 56 34 64 44 83 78 3 35 6 13 70 7 50 53 61 48 90 31 75 71 60 58 18
Coste: -2147483642

GENERACION: 730
Mejor Solucion:  9 85 88 29 73 65 91 37 95 33 19 69 1 17 42 26 76 72 40 16 5 12 82 49 46 54 74 51 84 77 80 23 39 93 21 0 96 89 68 36 63 97 79 66 27 67 81 59 87 11 24 8 62 99 22 94 20 10 47 57 98 14 2 4 25 45 86 41 32 52 15 92 55 38 43 30 28 56 34 64 44 83 78 3 35 6 13 70 7 50 53 61 48 90 31 75 71 60 58 18
Coste: -2147483642

GENERACION: 735
Mejor Solucion:  9 85 88 29 73 65 91 37 95 33 19 69 1 17 42 26 76 72 40 16 5 12 82 49 46 54 74 51 84 77 80 23 39 93 21 0 96 89 68 36 63 97 79 66 27 67 81 59 87 11 24 8 62 99 22 94 20 10 47 57 98 14 2 4 25 45 86 41 32 52 15 92 55 38 43 30 28 56 34 64 44 83 78 3 35 6 13 70 7 50 53 61 48 90 31 75 71 60 58 18
Coste: -2147483642

GENERACION: 740
Mejor Solucion:  9 85 88 29 73 65 91 37 95 33 19 69 1 17 42 26 76 72 40 16 5 12 82 49 46 54 74 51 84 77 80 23 39 93 21 0 96 89 68 36 63 97 79 66 27 67 81 59 87 11 24 8 62 99 22 94 20 10 47 57 98 14 2 4 25 45 86 41 32 52 15 92 55 38 43 30 28 56 34 64 44 83 78 3 35 6 13 70 7 50 53 61 48 90 31 75 71 60 58 18
Coste: -2147483642

GENERACION: 745
Mejor Solucion:  9 85 88 29 73 65 91 37 95 33 19 69 1 17 42 26 76 72 40 16 5 12 82 49 46 54 74 51 84 77 80 23 39 93 21 0 96 89 68 36 63 97 79 66 27 67 81 59 87 11 24 8 62 99 22 94 20 10 47 57 98 14 2 4 25 45 86 41 32 52 15 92 55 38 43 30 28 56 34 64 44 83 78 3 35 6 13 70 7 50 53 61 48 90 31 75 71 60 58 18
Coste: -2147483642

GENERACION: 750
Mejor Solucion:  9 85 88 29 73 65 91 37 95 33 19 69 1 17 42 26 76 72 40 16 5 12 82 49 46 54 74 51 84 77 80 23 39 93 21 0 96 89 68 36 63 97 79 66 27 67 81 59 87 11 24 8 62 99 22 94 20 10 47 57 98 14 2 4 25 45 86 41 32 52 15 92 55 38 43 30 28 56 34 64 44 83 78 3 35 6 13 70 7 50 53 61 48 90 31 75 71 60 58 18
Coste: -2147483642

GENERACION: 755
Mejor Solucion:  9 85 88 29 73 65 91 37 95 33 19 69 1 17 42 26 76 72 40 16 5 12 82 49 46 54 74 51 84 77 80 23 39 93 21 0 96 89 68 36 63 97 79 66 27 67 81 59 87 11 24 8 62 99 22 94 20 10 47 57 98 14 2 4 25 45 86 41 32 52 15 92 55 38 43 30 28 56 34 64 44 83 78 3 35 6 13 70 7 50 53 61 48 90 31 75 71 60 58 18
Coste: -2147483642

GENERACION: 760
Mejor Solucion:  9 85 88 29 73 65 91 37 95 33 19 69 1 17 42 26 76 72 40 16 5 12 82 49 46 54 74 51 84 77 80 23 39 93 21 0 96 89 68 36 63 97 79 66 27 67 81 59 87 11 24 8 62 99 22 94 20 10 47 57 98 14 2 4 25 45 86 41 32 52 15 92 55 38 43 30 28 56 34 64 44 83 78 3 35 6 13 70 7 50 53 61 48 90 31 75 71 60 58 18
Coste: -2147483642

GENERACION: 765
Mejor Solucion:  9 85 88 29 73 65 91 37 95 33 19 69 1 17 42 26 76 72 40 16 5 12 82 49 46 54 74 51 84 77 80 23 39 93 21 0 96 89 68 36 63 97 79 66 27 67 81 59 87 11 24 8 62 99 22 94 20 10 47 57 98 14 2 4 25 45 86 41 32 52 15 92 55 38 43 30 28 56 34 64 44 83 78 3 35 6 13 70 7 50 53 61 48 90 31 75 71 60 58 18
Coste: -2147483642

GENERACION: 770
Mejor Solucion:  9 85 88 29 73 65 91 37 95 33 19 69 1 17 42 26 76 72 40 16 5 12 82 49 46 54 74 51 84 77 80 23 39 93 21 0 96 89 68 36 63 97 79 66 27 67 81 59 87 11 24 8 62 99 22 94 20 10 47 57 98 14 2 4 25 45 86 41 32 52 15 92 55 38 43 30 28 56 34 64 44 83 78 3 35 6 13 70 7 50 53 61 48 90 31 75 71 60 58 18
Coste: -2147483642

GENERACION: 775
Mejor Solucion:  9 85 88 29 73 65 91 37 95 33 19 69 1 17 42 26 76 72 40 16 5 12 82 49 46 54 74 51 84 77 80 23 39 93 21 0 96 89 68 36 63 97 79 66 27 67 81 59 87 11 24 8 62 99 22 94 20 10 47 57 98 14 2 4 25 45 86 41 32 52 15 92 55 38 43 30 28 56 34 64 44 83 78 3 35 6 13 70 7 50 53 61 48 90 31 75 71 60 58 18
Coste: -2147483642

GENERACION: 780
Mejor Solucion:  9 85 88 29 73 65 91 37 95 33 19 69 1 17 42 26 76 72 40 16 5 12 82 49 46 54 74 51 84 77 80 23 39 93 21 0 96 89 68 36 63 97 79 66 27 67 81 59 87 11 24 8 62 99 22 94 20 10 47 57 98 14 2 4 25 45 86 41 32 52 15 92 55 38 43 30 28 56 34 64 44 83 78 3 35 6 13 70 7 50 53 61 48 90 31 75 71 60 58 18
Coste: -2147483642

GENERACION: 785
Mejor Solucion:  9 85 88 29 73 65 91 37 95 33 19 69 1 17 42 26 76 72 40 16 5 12 82 49 46 54 74 51 84 77 80 23 39 93 21 0 96 89 68 36 63 97 79 66 27 67 81 59 87 11 24 8 62 99 22 94 20 10 47 57 98 14 2 4 25 45 86 41 32 52 15 92 55 38 43 30 28 56 34 64 44 83 78 3 35 6 13 70 7 50 53 61 48 90 31 75 71 60 58 18
Coste: -2147483642

GENERACION: 790
Mejor Solucion:  9 85 88 29 73 65 91 37 95 33 19 69 1 17 42 26 76 72 40 16 5 12 82 49 46 54 74 51 84 77 80 23 39 93 21 0 96 89 68 36 63 97 79 66 27 67 81 59 87 11 24 8 62 99 22 94 20 10 47 57 98 14 2 4 25 45 86 41 32 52 15 92 55 38 43 30 28 56 34 64 44 83 78 3 35 6 13 70 7 50 53 61 48 90 31 75 71 60 58 18
Coste: -2147483642

GENERACION: 795
Mejor Solucion:  9 85 88 29 73 65 91 37 95 33 19 69 1 17 42 26 76 72 40 16 5 12 82 49 46 54 74 51 84 77 80 23 39 93 21 0 96 89 68 36 63 97 79 66 27 67 81 59 87 11 24 8 62 99 22 94 20 10 47 57 98 14 2 4 25 45 86 41 32 52 15 92 55 38 43 30 28 56 34 64 44 83 78 3 35 6 13 70 7 50 53 61 48 90 31 75 71 60 58 18
Coste: -2147483642

GENERACION: 800
Mejor Solucion:  9 85 88 29 73 65 91 37 95 33 19 69 1 17 42 26 76 72 40 16 5 12 82 49 46 54 74 51 84 77 80 23 39 93 21 0 96 89 68 36 63 97 79 66 27 67 81 59 87 11 24 8 62 99 22 94 20 10 47 57 98 14 2 4 25 45 86 41 32 52 15 92 55 38 43 30 28 56 34 64 44 83 78 3 35 6 13 70 7 50 53 61 48 90 31 75 71 60 58 18
Coste: -2147483642

GENERACION: 805
Mejor Solucion:  9 85 88 29 73 65 91 37 95 33 19 69 1 17 42 26 76 72 40 16 5 12 82 49 46 54 74 51 84 77 80 23 39 93 21 0 96 89 68 36 63 97 79 66 27 67 81 59 87 11 24 8 62 99 22 94 20 10 47 57 98 14 2 4 25 45 86 41 32 52 15 92 55 38 43 30 28 56 34 64 44 83 78 3 35 6 13 70 7 50 53 61 48 90 31 75 71 60 58 18
Coste: -2147483642

GENERACION: 810
Mejor Solucion:  9 85 88 29 73 65 91 37 95 33 19 69 1 17 42 26 76 72 40 16 5 12 82 49 46 54 74 51 84 77 80 23 39 93 21 0 96 89 68 36 63 97 79 66 27 67 81 59 87 11 24 8 62 99 22 94 20 10 47 57 98 14 2 4 25 45 86 41 32 52 15 92 55 38 43 30 28 56 34 64 44 83 78 3 35 6 13 70 7 50 53 61 48 90 31 75 71 60 58 18
Coste: -2147483642

GENERACION: 815
Mejor Solucion:  9 85 88 29 73 65 91 37 95 33 19 69 1 17 42 26 76 72 40 16 5 12 82 49 46 54 74 51 84 77 80 23 39 93 21 0 96 89 68 36 63 97 79 66 27 67 81 59 87 11 24 8 62 99 22 94 20 10 47 57 98 14 2 4 25 45 86 41 32 52 15 92 55 38 43 30 28 56 34 64 44 83 78 3 35 6 13 70 7 50 53 61 48 90 31 75 71 60 58 18
Coste: -2147483642

GENERACION: 820
Mejor Solucion:  9 85 88 29 73 65 91 37 95 33 19 69 1 17 42 26 76 72 40 16 5 12 82 49 46 54 74 51 84 77 80 23 39 93 21 0 96 89 68 36 63 97 79 66 27 67 81 59 87 11 24 8 62 99 22 94 20 10 47 57 98 14 2 4 25 45 86 41 32 52 15 92 55 38 43 30 28 56 34 64 44 83 78 3 35 6 13 70 7 50 53 61 48 90 31 75 71 60 58 18
Coste: -2147483642

GENERACION: 825
Mejor Solucion:  9 85 88 29 73 65 91 37 95 33 19 69 1 17 42 26 76 72 40 16 5 12 82 49 46 54 74 51 84 77 80 23 39 93 21 0 96 89 68 36 63 97 79 66 27 67 81 59 87 11 24 8 62 99 22 94 20 10 47 57 98 14 2 4 25 45 86 41 32 52 15 92 55 38 43 30 28 56 34 64 44 83 78 3 35 6 13 70 7 50 53 61 48 90 31 75 71 60 58 18
Coste: -2147483642

GENERACION: 830
Mejor Solucion:  9 85 88 29 73 65 91 37 95 33 19 69 1 17 42 26 76 72 40 16 5 12 82 49 46 54 74 51 84 77 80 23 39 93 21 0 96 89 68 36 63 97 79 66 27 67 81 59 87 11 24 8 62 99 22 94 20 10 47 57 98 14 2 4 25 45 86 41 32 52 15 92 55 38 43 30 28 56 34 64 44 83 78 3 35 6 13 70 7 50 53 61 48 90 31 75 71 60 58 18
Coste: -2147483642

GENERACION: 835
Mejor Solucion:  9 85 88 29 73 65 91 37 95 33 19 69 1 17 42 26 76 72 40 16 5 12 82 49 46 54 74 51 84 77 80 23 39 93 21 0 96 89 68 36 63 97 79 66 27 67 81 59 87 11 24 8 62 99 22 94 20 10 47 57 98 14 2 4 25 45 86 41 32 52 15 92 55 38 43 30 28 56 34 64 44 83 78 3 35 6 13 70 7 50 53 61 48 90 31 75 71 60 58 18
Coste: -2147483642

GENERACION: 840
Mejor Solucion:  9 85 88 29 73 65 91 37 95 33 19 69 1 17 42 26 76 72 40 16 5 12 82 49 46 54 74 51 84 77 80 23 39 93 21 0 96 89 68 36 63 97 79 66 27 67 81 59 87 11 24 8 62 99 22 94 20 10 47 57 98 14 2 4 25 45 86 41 32 52 15 92 55 38 43 30 28 56 34 64 44 83 78 3 35 6 13 70 7 50 53 61 48 90 31 75 71 60 58 18
Coste: -2147483642

GENERACION: 845
Mejor Solucion:  9 85 88 29 73 65 91 37 95 33 19 69 1 17 42 26 76 72 40 16 5 12 82 49 46 54 74 51 84 77 80 23 39 93 21 0 96 89 68 36 63 97 79 66 27 67 81 59 87 11 24 8 62 99 22 94 20 10 47 57 98 14 2 4 25 45 86 41 32 52 15 92 55 38 43 30 28 56 34 64 44 83 78 3 35 6 13 70 7 50 53 61 48 90 31 75 71 60 58 18
Coste: -2147483642

GENERACION: 850
Mejor Solucion:  9 85 88 29 73 65 91 37 95 33 19 69 1 17 42 26 76 72 40 16 5 12 82 49 46 54 74 51 84 77 80 23 39 93 21 0 96 89 68 36 63 97 79 66 27 67 81 59 87 11 24 8 62 99 22 94 20 10 47 57 98 14 2 4 25 45 86 41 32 52 15 92 55 38 43 30 28 56 34 64 44 83 78 3 35 6 13 70 7 50 53 61 48 90 31 75 71 60 58 18
Coste: -2147483642

GENERACION: 855
Mejor Solucion:  9 85 88 29 73 65 91 37 95 33 19 69 1 17 42 26 76 72 40 16 5 12 82 49 46 54 74 51 84 77 80 23 39 93 21 0 96 89 68 36 63 97 79 66 27 67 81 59 87 11 24 8 62 99 22 94 20 10 47 57 98 14 2 4 25 45 86 41 32 52 15 92 55 38 43 30 28 56 34 64 44 83 78 3 35 6 13 70 7 50 53 61 48 90 31 75 71 60 58 18
Coste: -2147483642

GENERACION: 860
Mejor Solucion:  9 85 88 29 73 65 91 37 95 33 19 69 1 17 42 26 76 72 40 16 5 12 82 49 46 54 74 51 84 77 80 23 39 93 21 0 96 89 68 36 63 97 79 66 27 67 81 59 87 11 24 8 62 99 22 94 20 10 47 57 98 14 2 4 25 45 86 41 32 52 15 92 55 38 43 30 28 56 34 64 44 83 78 3 35 6 13 70 7 50 53 61 48 90 31 75 71 60 58 18
Coste: -2147483642

GENERACION: 865
Mejor Solucion:  9 85 88 29 73 65 91 37 95 33 19 69 1 17 42 26 76 72 40 16 5 12 82 49 46 54 74 51 84 77 80 23 39 93 21 0 96 89 68 36 63 97 79 66 27 67 81 59 87 11 24 8 62 99 22 94 20 10 47 57 98 14 2 4 25 45 86 41 32 52 15 92 55 38 43 30 28 56 34 64 44 83 78 3 35 6 13 70 7 50 53 61 48 90 31 75 71 60 58 18
Coste: -2147483642

GENERACION: 870
Mejor Solucion:  9 85 88 29 73 65 91 37 95 33 19 69 1 17 42 26 76 72 40 16 5 12 82 49 46 54 74 51 84 77 80 23 39 93 21 0 96 89 68 36 63 97 79 66 27 67 81 59 87 11 24 8 62 99 22 94 20 10 47 57 98 14 2 4 25 45 86 41 32 52 15 92 55 38 43 30 28 56 34 64 44 83 78 3 35 6 13 70 7 50 53 61 48 90 31 75 71 60 58 18
Coste: -2147483642

GENERACION: 875
Mejor Solucion:  9 85 88 29 73 65 91 37 95 33 19 69 1 17 42 26 76 72 40 16 5 12 82 49 46 54 74 51 84 77 80 23 39 93 21 0 96 89 68 36 63 97 79 66 27 67 81 59 87 11 24 8 62 99 22 94 20 10 47 57 98 14 2 4 25 45 86 41 32 52 15 92 55 38 43 30 28 56 34 64 44 83 78 3 35 6 13 70 7 50 53 61 48 90 31 75 71 60 58 18
Coste: -2147483642

GENERACION: 880
Mejor Solucion:  9 85 88 29 73 65 91 37 95 33 19 69 1 17 42 26 76 72 40 16 5 12 82 49 46 54 74 51 84 77 80 23 39 93 21 0 96 89 68 36 63 97 79 66 27 67 81 59 87 11 24 8 62 99 22 94 20 10 47 57 98 14 2 4 25 45 86 41 32 52 15 92 55 38 43 30 28 56 34 64 44 83 78 3 35 6 13 70 7 50 53 61 48 90 31 75 71 60 58 18
Coste: -2147483642

GENERACION: 885
Mejor Solucion:  9 85 88 29 73 65 91 37 95 33 19 69 1 17 42 26 76 72 40 16 5 12 82 49 46 54 74 51 84 77 80 23 39 93 21 0 96 89 68 36 63 97 79 66 27 67 81 59 87 11 24 8 62 99 22 94 20 10 47 57 98 14 2 4 25 45 86 41 32 52 15 92 55 38 43 30 28 56 34 64 44 83 78 3 35 6 13 70 7 50 53 61 48 90 31 75 71 60 58 18
Coste: -2147483642

GENERACION: 890
Mejor Solucion:  9 85 88 29 73 65 91 37 95 33 19 69 1 17 42 26 76 72 40 16 5 12 82 49 46 54 74 51 84 77 80 23 39 93 21 0 96 89 68 36 63 97 79 66 27 67 81 59 87 11 24 8 62 99 22 94 20 10 47 57 98 14 2 4 25 45 86 41 32 52 15 92 55 38 43 30 28 56 34 64 44 83 78 3 35 6 13 70 7 50 53 61 48 90 31 75 71 60 58 18
Coste: -2147483642

GENERACION: 895
Mejor Solucion:  9 85 88 29 73 65 91 37 95 33 19 69 1 17 42 26 76 72 40 16 5 12 82 49 46 54 74 51 84 77 80 23 39 93 21 0 96 89 68 36 63 97 79 66 27 67 81 59 87 11 24 8 62 99 22 94 20 10 47 57 98 14 2 4 25 45 86 41 32 52 15 92 55 38 43 30 28 56 34 64 44 83 78 3 35 6 13 70 7 50 53 61 48 90 31 75 71 60 58 18
Coste: -2147483642

GENERACION: 900
Mejor Solucion:  9 85 88 29 73 65 91 37 95 33 19 69 1 17 42 26 76 72 40 16 5 12 82 49 46 54 74 51 84 77 80 23 39 93 21 0 96 89 68 36 63 97 79 66 27 67 81 59 87 11 24 8 62 99 22 94 20 10 47 57 98 14 2 4 25 45 86 41 32 52 15 92 55 38 43 30 28 56 34 64 44 83 78 3 35 6 13 70 7 50 53 61 48 90 31 75 71 60 58 18
Coste: -2147483642

GENERACION: 905
Mejor Solucion:  9 85 88 29 73 65 91 37 95 33 19 69 1 17 42 26 76 72 40 16 5 12 82 49 46 54 74 51 84 77 80 23 39 93 21 0 96 89 68 36 63 97 79 66 27 67 81 59 87 11 24 8 62 99 22 94 20 10 47 57 98 14 2 4 25 45 86 41 32 52 15 92 55 38 43 30 28 56 34 64 44 83 78 3 35 6 13 70 7 50 53 61 48 90 31 75 71 60 58 18
Coste: -2147483642

GENERACION: 910
Mejor Solucion:  9 85 88 29 73 65 91 37 95 33 19 69 1 17 42 26 76 72 40 16 5 12 82 49 46 54 74 51 84 77 80 23 39 93 21 0 96 89 68 36 63 97 79 66 27 67 81 59 87 11 24 8 62 99 22 94 20 10 47 57 98 14 2 4 25 45 86 41 32 52 15 92 55 38 43 30 28 56 34 64 44 83 78 3 35 6 13 70 7 50 53 61 48 90 31 75 71 60 58 18
Coste: -2147483642

GENERACION: 915
Mejor Solucion:  9 85 88 29 73 65 91 37 95 33 19 69 1 17 42 26 76 72 40 16 5 12 82 49 46 54 74 51 84 77 80 23 39 93 21 0 96 89 68 36 63 97 79 66 27 67 81 59 87 11 24 8 62 99 22 94 20 10 47 57 98 14 2 4 25 45 86 41 32 52 15 92 55 38 43 30 28 56 34 64 44 83 78 3 35 6 13 70 7 50 53 61 48 90 31 75 71 60 58 18
Coste: -2147483642

GENERACION: 920
Mejor Solucion:  9 85 88 29 73 65 91 37 95 33 19 69 1 17 42 26 76 72 40 16 5 12 82 49 46 54 74 51 84 77 80 23 39 93 21 0 96 89 68 36 63 97 79 66 27 67 81 59 87 11 24 8 62 99 22 94 20 10 47 57 98 14 2 4 25 45 86 41 32 52 15 92 55 38 43 30 28 56 34 64 44 83 78 3 35 6 13 70 7 50 53 61 48 90 31 75 71 60 58 18
Coste: -2147483642

GENERACION: 925
Mejor Solucion:  9 85 88 29 73 65 91 37 95 33 19 69 1 17 42 26 76 72 40 16 5 12 82 49 46 54 74 51 84 77 80 23 39 93 21 0 96 89 68 36 63 97 79 66 27 67 81 59 87 11 24 8 62 99 22 94 20 10 47 57 98 14 2 4 25 45 86 41 32 52 15 92 55 38 43 30 28 56 34 64 44 83 78 3 35 6 13 70 7 50 53 61 48 90 31 75 71 60 58 18
Coste: -2147483642

GENERACION: 930
Mejor Solucion:  9 85 88 29 73 65 91 37 95 33 19 69 1 17 42 26 76 72 40 16 5 12 82 49 46 54 74 51 84 77 80 23 39 93 21 0 96 89 68 36 63 97 79 66 27 67 81 59 87 11 24 8 62 99 22 94 20 10 47 57 98 14 2 4 25 45 86 41 32 52 15 92 55 38 43 30 28 56 34 64 44 83 78 3 35 6 13 70 7 50 53 61 48 90 31 75 71 60 58 18
Coste: -2147483642

GENERACION: 935
Mejor Solucion:  9 85 88 29 73 65 91 37 95 33 19 69 1 17 42 26 76 72 40 16 5 12 82 49 46 54 74 51 84 77 80 23 39 93 21 0 96 89 68 36 63 97 79 66 27 67 81 59 87 11 24 8 62 99 22 94 20 10 47 57 98 14 2 4 25 45 86 41 32 52 15 92 55 38 43 30 28 56 34 64 44 83 78 3 35 6 13 70 7 50 53 61 48 90 31 75 71 60 58 18
Coste: -2147483642

GENERACION: 940
Mejor Solucion:  9 85 88 29 73 65 91 37 95 33 19 69 1 17 42 26 76 72 40 16 5 12 82 49 46 54 74 51 84 77 80 23 39 93 21 0 96 89 68 36 63 97 79 66 27 67 81 59 87 11 24 8 62 99 22 94 20 10 47 57 98 14 2 4 25 45 86 41 32 52 15 92 55 38 43 30 28 56 34 64 44 83 78 3 35 6 13 70 7 50 53 61 48 90 31 75 71 60 58 18
Coste: -2147483642

GENERACION: 945
Mejor Solucion:  9 85 88 29 73 65 91 37 95 33 19 69 1 17 42 26 76 72 40 16 5 12 82 49 46 54 74 51 84 77 80 23 39 93 21 0 96 89 68 36 63 97 79 66 27 67 81 59 87 11 24 8 62 99 22 94 20 10 47 57 98 14 2 4 25 45 86 41 32 52 15 92 55 38 43 30 28 56 34 64 44 83 78 3 35 6 13 70 7 50 53 61 48 90 31 75 71 60 58 18
Coste: -2147483642

GENERACION: 950
Mejor Solucion:  9 85 88 29 73 65 91 37 95 33 19 69 1 17 42 26 76 72 40 16 5 12 82 49 46 54 74 51 84 77 80 23 39 93 21 0 96 89 68 36 63 97 79 66 27 67 81 59 87 11 24 8 62 99 22 94 20 10 47 57 98 14 2 4 25 45 86 41 32 52 15 92 55 38 43 30 28 56 34 64 44 83 78 3 35 6 13 70 7 50 53 61 48 90 31 75 71 60 58 18
Coste: -2147483642

GENERACION: 955
Mejor Solucion:  9 85 88 29 73 65 91 37 95 33 19 69 1 17 42 26 76 72 40 16 5 12 82 49 46 54 74 51 84 77 80 23 39 93 21 0 96 89 68 36 63 97 79 66 27 67 81 59 87 11 24 8 62 99 22 94 20 10 47 57 98 14 2 4 25 45 86 41 32 52 15 92 55 38 43 30 28 56 34 64 44 83 78 3 35 6 13 70 7 50 53 61 48 90 31 75 71 60 58 18
Coste: -2147483642

GENERACION: 960
Mejor Solucion:  9 85 88 29 73 65 91 37 95 33 19 69 1 17 42 26 76 72 40 16 5 12 82 49 46 54 74 51 84 77 80 23 39 93 21 0 96 89 68 36 63 97 79 66 27 67 81 59 87 11 24 8 62 99 22 94 20 10 47 57 98 14 2 4 25 45 86 41 32 52 15 92 55 38 43 30 28 56 34 64 44 83 78 3 35 6 13 70 7 50 53 61 48 90 31 75 71 60 58 18
Coste: -2147483642

GENERACION: 965
Mejor Solucion:  9 85 88 29 73 65 91 37 95 33 19 69 1 17 42 26 76 72 40 16 5 12 82 49 46 54 74 51 84 77 80 23 39 93 21 0 96 89 68 36 63 97 79 66 27 67 81 59 87 11 24 8 62 99 22 94 20 10 47 57 98 14 2 4 25 45 86 41 32 52 15 92 55 38 43 30 28 56 34 64 44 83 78 3 35 6 13 70 7 50 53 61 48 90 31 75 71 60 58 18
Coste: -2147483642

GENERACION: 970
Mejor Solucion:  9 85 88 29 73 65 91 37 95 33 19 69 1 17 42 26 76 72 40 16 5 12 82 49 46 54 74 51 84 77 80 23 39 93 21 0 96 89 68 36 63 97 79 66 27 67 81 59 87 11 24 8 62 99 22 94 20 10 47 57 98 14 2 4 25 45 86 41 32 52 15 92 55 38 43 30 28 56 34 64 44 83 78 3 35 6 13 70 7 50 53 61 48 90 31 75 71 60 58 18
Coste: -2147483642

GENERACION: 975
Mejor Solucion:  9 85 88 29 73 65 91 37 95 33 19 69 1 17 42 26 76 72 40 16 5 12 82 49 46 54 74 51 84 77 80 23 39 93 21 0 96 89 68 36 63 97 79 66 27 67 81 59 87 11 24 8 62 99 22 94 20 10 47 57 98 14 2 4 25 45 86 41 32 52 15 92 55 38 43 30 28 56 34 64 44 83 78 3 35 6 13 70 7 50 53 61 48 90 31 75 71 60 58 18
Coste: -2147483642

GENERACION: 980
Mejor Solucion:  9 85 88 29 73 65 91 37 95 33 19 69 1 17 42 26 76 72 40 16 5 12 82 49 46 54 74 51 84 77 80 23 39 93 21 0 96 89 68 36 63 97 79 66 27 67 81 59 87 11 24 8 62 99 22 94 20 10 47 57 98 14 2 4 25 45 86 41 32 52 15 92 55 38 43 30 28 56 34 64 44 83 78 3 35 6 13 70 7 50 53 61 48 90 31 75 71 60 58 18
Coste: -2147483642

GENERACION: 985
Mejor Solucion:  9 85 88 29 73 65 91 37 95 33 19 69 1 17 42 26 76 72 40 16 5 12 82 49 46 54 74 51 84 77 80 23 39 93 21 0 96 89 68 36 63 97 79 66 27 67 81 59 87 11 24 8 62 99 22 94 20 10 47 57 98 14 2 4 25 45 86 41 32 52 15 92 55 38 43 30 28 56 34 64 44 83 78 3 35 6 13 70 7 50 53 61 48 90 31 75 71 60 58 18
Coste: -2147483642

GENERACION: 990
Mejor Solucion:  9 85 88 29 73 65 91 37 95 33 19 69 1 17 42 26 76 72 40 16 5 12 82 49 46 54 74 51 84 77 80 23 39 93 21 0 96 89 68 36 63 97 79 66 27 67 81 59 87 11 24 8 62 99 22 94 20 10 47 57 98 14 2 4 25 45 86 41 32 52 15 92 55 38 43 30 28 56 34 64 44 83 78 3 35 6 13 70 7 50 53 61 48 90 31 75 71 60 58 18
Coste: -2147483642

GENERACION: 995
Mejor Solucion:  9 85 88 29 73 65 91 37 95 33 19 69 1 17 42 26 76 72 40 16 5 12 82 49 46 54 74 51 84 77 80 23 39 93 21 0 96 89 68 36 63 97 79 66 27 67 81 59 87 11 24 8 62 99 22 94 20 10 47 57 98 14 2 4 25 45 86 41 32 52 15 92 55 38 43 30 28 56 34 64 44 83 78 3 35 6 13 70 7 50 53 61 48 90 31 75 71 60 58 18
Coste: -2147483642

GENERACION: 1000
Mejor Solucion:  9 85 88 29 73 65 91 37 95 33 19 69 1 17 42 26 76 72 40 16 5 12 82 49 46 54 74 51 84 77 80 23 39 93 21 0 96 89 68 36 63 97 79 66 27 67 81 59 87 11 24 8 62 99 22 94 20 10 47 57 98 14 2 4 25 45 86 41 32 52 15 92 55 38 43 30 28 56 34 64 44 83 78 3 35 6 13 70 7 50 53 61 48 90 31 75 71 60 58 18
Coste: -2147483642

