GENERACION: 5
Mejor Solucion:  67 82 73 12 80 36 19 65 88 87 58 34 72 96 62 91 69 25 37 77 59 9 74 98 57 2 89 97 94 20 68 17 31 53 28 71 39 5 3 30 7 40 84 29 4 55 6 76 11 90 52 32 23 22 81 10 79 43 85 50 33 66 35 42 56 21 60 93 75 48 15 64 0 38 99 45 92 24 1 78 46 13 14 8 18 47 44 86 26 41 27 95 54 16 70 63 49 61 51 83
Coste: 1731319607

GENERACION: 10
Mejor Solucion:  59 91 79 12 95 74 70 33 65 51 1 84 64 15 89 54 77 11 21 86 82 42 97 99 2 48 85 94 73 88 19 0 47 7 72 87 18 41 14 28 71 62 32 56 69 67 52 20 76 10 75 23 46 49 25 44 61 90 92 98 68 80 17 36 57 43 26 34 93 9 78 60 13 63 16 83 8 29 31 81 37 35 27 40 55 45 22 50 6 24 38 4 5 96 66 39 3 53 58 30
Coste: -420391643

GENERACION: 15
Mejor Solucion:  59 91 79 12 95 74 70 33 65 51 1 84 64 15 89 54 77 11 21 86 82 42 97 99 2 48 85 94 73 88 19 0 47 7 72 87 18 41 14 28 71 62 32 56 69 67 52 20 76 10 75 23 46 49 25 44 61 90 92 98 68 80 17 36 57 43 26 34 93 9 78 60 13 63 16 83 8 29 31 81 37 35 27 40 55 45 22 50 6 24 38 4 5 96 66 39 3 53 58 30
Coste: -420391643

GENERACION: 20
Mejor Solucion:  1 21 40 51 81 11 42 84 70 95 77 37 83 36 29 44 49 53 46 25 63 79 67 47 23 9 74 94 85 19 86 68 10 80 75 12 30 18 92 48 38 5 88 8 4 76 52 20 14 6 35 32 34 24 93 31 60 26 65 57 64 58 89 45 72 82 16 87 56 28 55 27 99 41 43 98 71 0 33 91 54 13 90 97 7 78 39 17 66 3 69 96 59 22 50 2 15 61 62 73
Coste: -616629367

GENERACION: 25
Mejor Solucion:  1 21 40 51 81 11 42 84 70 95 77 37 83 36 29 44 49 53 46 25 63 79 67 47 23 9 74 94 85 19 86 68 10 80 75 12 30 18 92 48 38 5 88 8 4 76 52 20 14 6 35 32 34 24 93 31 60 26 65 57 64 58 89 45 72 82 16 87 56 28 55 27 99 41 43 98 71 0 33 91 54 13 90 97 7 78 39 17 66 3 69 96 59 22 50 2 15 61 62 73
Coste: -616629367

GENERACION: 30
Mejor Solucion:  14 81 88 98 73 77 86 74 42 94 85 40 70 10 63 32 13 19 84 93 52 16 15 51 61 28 49 37 80 83 65 79 21 35 0 23 67 3 11 58 8 30 20 39 55 54 96 46 24 66 22 25 12 92 97 5 2 69 9 68 27 4 89 64 29 91 26 72 44 47 82 31 50 18 99 53 1 87 56 59 57 34 7 90 17 75 38 48 95 43 36 71 41 45 60 76 78 6 62 33
Coste: -771474284

GENERACION: 35
Mejor Solucion:  14 81 88 98 73 77 86 74 42 94 85 40 70 10 63 32 13 19 84 93 52 16 15 51 61 28 49 37 80 83 65 79 21 35 0 23 67 3 11 58 8 30 20 39 55 54 96 46 24 66 22 25 12 92 97 5 2 69 9 68 27 4 89 64 29 91 26 72 44 47 82 31 50 18 99 53 1 87 56 59 57 34 7 90 17 75 38 48 95 43 36 71 41 45 60 76 78 6 62 33
Coste: -771474284

GENERACION: 40
Mejor Solucion:  42 33 40 19 88 85 86 94 49 26 47 95 9 43 91 65 51 76 23 93 72 55 16 44 48 18 74 37 81 79 84 35 87 20 62 60 0 96 14 41 70 32 30 66 25 24 67 12 68 99 57 28 52 2 63 38 90 8 80 46 77 7 64 75 34 71 36 98 69 29 61 3 31 92 17 5 1 45 27 73 56 89 11 82 4 54 53 58 97 6 10 39 50 22 78 83 21 13 15 59
Coste: -1888831398

GENERACION: 45
Mejor Solucion:  42 33 40 19 88 85 86 94 49 26 47 95 9 43 91 65 51 76 23 93 72 55 16 44 48 18 74 37 81 79 84 35 87 20 62 60 0 96 14 41 70 32 30 66 25 24 67 12 68 99 57 28 52 2 63 38 90 8 80 46 77 7 64 75 34 71 36 98 69 29 61 3 31 92 17 5 1 45 27 73 56 89 11 82 4 54 53 58 97 6 10 39 50 22 78 83 21 13 15 59
Coste: -1888831398

GENERACION: 50
Mejor Solucion:  42 33 40 19 88 85 86 94 49 26 47 95 9 43 91 65 51 76 23 93 72 55 16 44 48 18 74 37 81 79 84 35 87 20 62 60 0 96 14 41 70 32 30 66 25 24 67 12 68 99 57 28 52 2 63 38 90 8 80 46 77 7 64 75 34 71 36 98 69 29 61 3 31 92 17 5 1 45 27 73 56 89 11 82 4 54 53 58 97 6 10 39 50 22 78 83 21 13 15 59
Coste: -1888831398

GENERACION: 55
Mejor Solucion:  42 33 40 19 88 85 86 94 49 26 47 95 9 43 91 65 51 76 23 93 72 55 16 44 48 18 74 37 81 79 84 35 87 20 62 60 0 96 14 41 70 32 30 66 25 24 67 12 68 99 57 28 52 2 63 38 90 8 80 46 77 7 64 75 34 71 36 98 69 29 61 3 31 92 17 5 1 45 27 73 56 89 11 82 4 54 53 58 97 6 10 39 50 22 78 83 21 13 15 59
Coste: -1888831398

GENERACION: 60
Mejor Solucion:  19 86 65 12 73 94 20 74 42 80 81 93 85 52 44 30 79 57 35 88 68 16 15 70 38 14 37 83 40 46 36 63 91 26 89 47 7 67 24 11 90 18 62 61 27 0 49 41 66 87 96 5 77 72 59 1 17 76 60 99 10 13 34 98 54 82 39 21 2 95 92 55 75 22 51 33 43 8 69 64 84 56 45 9 78 71 3 58 6 32 48 23 29 97 53 31 50 4 25 28
Coste: -2147481729

GENERACION: 65
Mejor Solucion:  19 86 65 12 73 94 20 74 42 80 81 93 85 52 44 30 79 57 35 88 68 16 15 70 38 14 37 83 40 46 36 63 91 26 89 47 7 67 24 11 90 18 62 61 27 0 49 41 66 87 96 5 77 72 59 1 17 76 60 99 10 13 34 98 54 82 39 21 2 95 92 55 75 22 51 33 43 8 69 64 84 56 45 9 78 71 3 58 6 32 48 23 29 97 53 31 50 4 25 28
Coste: -2147481729

GENERACION: 70
Mejor Solucion:  19 86 65 12 73 94 20 74 42 80 81 93 85 52 44 30 79 57 35 88 68 16 15 70 38 14 37 83 40 46 36 63 91 26 89 47 7 67 24 11 90 18 62 61 27 0 49 41 66 87 96 5 77 72 59 1 17 76 60 99 10 13 34 98 54 82 39 21 2 95 92 55 75 22 51 33 43 8 69 64 84 56 45 9 78 71 3 58 6 32 48 23 29 97 53 31 50 4 25 28
Coste: -2147481729

GENERACION: 75
Mejor Solucion:  19 86 65 12 73 94 20 74 42 80 81 93 85 52 44 30 79 57 35 88 68 16 15 70 38 14 37 83 40 46 36 63 91 26 89 47 7 67 24 11 90 18 62 61 27 0 49 41 66 87 96 5 77 72 59 1 17 76 60 99 10 13 34 98 54 82 39 21 2 95 92 55 75 22 51 33 43 8 69 64 84 56 45 9 78 71 3 58 6 32 48 23 29 97 53 31 50 4 25 28
Coste: -2147481729

GENERACION: 80
Mejor Solucion:  19 86 65 12 73 94 20 74 42 80 81 93 85 52 44 30 79 57 35 88 68 16 15 70 38 14 37 83 40 46 36 63 91 26 89 47 7 67 24 11 90 18 62 61 27 0 49 41 66 87 96 5 77 72 59 1 17 76 60 99 10 13 34 98 54 82 39 21 2 95 92 55 75 22 51 33 43 8 69 64 84 56 45 9 78 71 3 58 6 32 48 23 29 97 53 31 50 4 25 28
Coste: -2147481729

GENERACION: 85
Mejor Solucion:  19 86 65 12 73 94 20 74 42 80 81 93 85 52 44 30 79 57 35 88 68 16 15 70 38 14 37 83 40 46 36 63 91 26 89 47 7 67 24 11 90 18 62 61 27 0 49 41 66 87 96 5 77 72 59 1 17 76 60 99 10 13 34 98 54 82 39 21 2 95 92 55 75 22 51 33 43 8 69 64 84 56 45 9 78 71 3 58 6 32 48 23 29 97 53 31 50 4 25 28
Coste: -2147481729

GENERACION: 90
Mejor Solucion:  19 86 65 12 73 94 20 74 42 80 81 93 85 52 44 30 79 57 35 88 68 16 15 70 38 14 37 83 40 46 36 63 91 26 89 47 7 67 24 11 90 18 62 61 27 0 49 41 66 87 96 5 77 72 59 1 17 76 60 99 10 13 34 98 54 82 39 21 2 95 92 55 75 22 51 33 43 8 69 64 84 56 45 9 78 71 3 58 6 32 48 23 29 97 53 31 50 4 25 28
Coste: -2147481729

GENERACION: 95
Mejor Solucion:  19 86 65 12 73 94 20 74 42 80 81 93 85 52 44 30 79 57 35 88 68 16 15 70 38 14 37 83 40 46 36 63 91 26 89 47 7 67 24 11 90 18 62 61 27 0 49 41 66 87 96 5 77 72 59 1 17 76 60 99 10 13 34 98 54 82 39 21 2 95 92 55 75 22 51 33 43 8 69 64 84 56 45 9 78 71 3 58 6 32 48 23 29 97 53 31 50 4 25 28
Coste: -2147481729

GENERACION: 100
Mejor Solucion:  19 86 65 12 73 94 20 74 42 80 81 93 85 52 44 30 79 57 35 88 68 16 15 70 38 14 37 83 40 46 36 63 91 26 89 47 7 67 24 11 90 18 62 61 27 0 49 41 66 87 96 5 77 72 59 1 17 76 60 99 10 13 34 98 54 82 39 21 2 95 92 55 75 22 51 33 43 8 69 64 84 56 45 9 78 71 3 58 6 32 48 23 29 97 53 31 50 4 25 28
Coste: -2147481729

GENERACION: 105
Mejor Solucion:  19 86 65 12 73 94 20 74 42 80 81 93 85 52 44 30 79 57 35 88 68 16 15 70 38 14 37 83 40 46 36 63 91 26 89 47 7 67 24 11 90 18 62 61 27 0 49 41 66 87 96 5 77 72 59 1 17 76 60 99 10 13 34 98 54 82 39 21 2 95 92 55 75 22 51 33 43 8 69 64 84 56 45 9 78 71 3 58 6 32 48 23 29 97 53 31 50 4 25 28
Coste: -2147481729

GENERACION: 110
Mejor Solucion:  19 86 65 12 73 94 20 74 42 80 81 93 85 52 44 30 79 57 35 88 68 16 15 70 38 14 37 83 40 46 36 63 91 26 89 47 7 67 24 11 90 18 62 61 27 0 49 41 66 87 96 5 77 72 59 1 17 76 60 99 10 13 34 98 54 82 39 21 2 95 92 55 75 22 51 33 43 8 69 64 84 56 45 9 78 71 3 58 6 32 48 23 29 97 53 31 50 4 25 28
Coste: -2147481729

GENERACION: 115
Mejor Solucion:  19 86 65 12 73 94 20 74 42 80 81 93 85 52 44 30 79 57 35 88 68 16 15 70 38 14 37 83 40 46 36 63 91 26 89 47 7 67 24 11 90 18 62 61 27 0 49 41 66 87 96 5 77 72 59 1 17 76 60 99 10 13 34 98 54 82 39 21 2 95 92 55 75 22 51 33 43 8 69 64 84 56 45 9 78 71 3 58 6 32 48 23 29 97 53 31 50 4 25 28
Coste: -2147481729

GENERACION: 120
Mejor Solucion:  19 86 65 12 73 94 20 74 42 80 81 93 85 52 44 30 79 57 35 88 68 16 15 70 38 14 37 83 40 46 36 63 91 26 89 47 7 67 24 11 90 18 62 61 27 0 49 41 66 87 96 5 77 72 59 1 17 76 60 99 10 13 34 98 54 82 39 21 2 95 92 55 75 22 51 33 43 8 69 64 84 56 45 9 78 71 3 58 6 32 48 23 29 97 53 31 50 4 25 28
Coste: -2147481729

GENERACION: 125
Mejor Solucion:  19 86 65 12 73 94 20 74 42 80 81 93 85 52 44 30 79 57 35 88 68 16 15 70 38 14 37 83 40 46 36 63 91 26 89 47 7 67 24 11 90 18 62 61 27 0 49 41 66 87 96 5 77 72 59 1 17 76 60 99 10 13 34 98 54 82 39 21 2 95 92 55 75 22 51 33 43 8 69 64 84 56 45 9 78 71 3 58 6 32 48 23 29 97 53 31 50 4 25 28
Coste: -2147481729

GENERACION: 130
Mejor Solucion:  64 70 43 47 40 26 33 81 49 13 1 51 93 66 54 20 65 41 62 88 25 42 58 57 18 10 74 19 85 73 86 79 32 59 16 11 38 67 87 12 48 61 68 2 36 28 5 69 9 75 6 46 15 4 63 77 3 31 45 55 99 52 72 7 90 53 21 89 95 56 50 8 78 60 0 37 84 34 29 98 83 91 71 35 22 39 82 23 30 14 96 24 27 92 44 17 76 97 80 94
Coste: -2147482779

GENERACION: 135
Mejor Solucion:  64 70 43 47 40 26 33 81 49 13 1 51 93 66 54 20 65 41 62 88 25 42 58 57 18 10 74 19 85 73 86 79 32 59 16 11 38 67 87 12 48 61 68 2 36 28 5 69 9 75 6 46 15 4 63 77 3 31 45 55 99 52 72 7 90 53 21 89 95 56 50 8 78 60 0 37 84 34 29 98 83 91 71 35 22 39 82 23 30 14 96 24 27 92 44 17 76 97 80 94
Coste: -2147482779

GENERACION: 140
Mejor Solucion:  64 70 43 47 40 26 33 81 49 13 1 51 93 66 54 20 65 41 62 88 25 42 58 57 18 10 74 19 85 73 86 79 32 59 16 11 38 67 87 12 48 61 68 2 36 28 5 69 9 75 6 46 15 4 63 77 3 31 45 55 99 52 72 7 90 53 21 89 95 56 50 8 78 60 0 37 84 34 29 98 83 91 71 35 22 39 82 23 30 14 96 24 27 92 44 17 76 97 80 94
Coste: -2147482779

GENERACION: 145
Mejor Solucion:  64 70 43 47 40 26 33 81 49 13 1 51 93 66 54 20 65 41 62 88 25 42 58 57 18 10 74 19 85 73 86 79 32 59 16 11 38 67 87 12 48 61 68 2 36 28 5 69 9 75 6 46 15 4 63 77 3 31 45 55 99 52 72 7 90 53 21 89 95 56 50 8 78 60 0 37 84 34 29 98 83 91 71 35 22 39 82 23 30 14 96 24 27 92 44 17 76 97 80 94
Coste: -2147482779

GENERACION: 150
Mejor Solucion:  64 70 43 47 40 26 33 81 49 13 1 51 93 66 54 20 65 41 62 88 25 42 58 57 18 10 74 19 85 73 86 79 32 59 16 11 38 67 87 12 48 61 68 2 36 28 5 69 9 75 6 46 15 4 63 77 3 31 45 55 99 52 72 7 90 53 21 89 95 56 50 8 78 60 0 37 84 34 29 98 83 91 71 35 22 39 82 23 30 14 96 24 27 92 44 17 76 97 80 94
Coste: -2147482779

GENERACION: 155
Mejor Solucion:  64 70 43 47 40 26 33 81 49 13 1 51 93 66 54 20 65 41 62 88 25 42 58 57 18 10 74 19 85 73 86 79 32 59 16 11 38 67 87 12 48 61 68 2 36 28 5 69 9 75 6 46 15 4 63 77 3 31 45 55 99 52 72 7 90 53 21 89 95 56 50 8 78 60 0 37 84 34 29 98 83 91 71 35 22 39 82 23 30 14 96 24 27 92 44 17 76 97 80 94
Coste: -2147482779

GENERACION: 160
Mejor Solucion:  64 70 43 47 40 26 33 81 49 13 1 51 93 66 54 20 65 41 62 88 25 42 58 57 18 10 74 19 85 73 86 79 32 59 16 11 38 67 87 12 48 61 68 2 36 28 5 69 9 75 6 46 15 4 63 77 3 31 45 55 99 52 72 7 90 53 21 89 95 56 50 8 78 60 0 37 84 34 29 98 83 91 71 35 22 39 82 23 30 14 96 24 27 92 44 17 76 97 80 94
Coste: -2147482779

GENERACION: 165
Mejor Solucion:  64 70 43 47 40 26 33 81 49 13 1 51 93 66 54 20 65 41 62 88 25 42 58 57 18 10 74 19 85 73 86 79 32 59 16 11 38 67 87 12 48 61 68 2 36 28 5 69 9 75 6 46 15 4 63 77 3 31 45 55 99 52 72 7 90 53 21 89 95 56 50 8 78 60 0 37 84 34 29 98 83 91 71 35 22 39 82 23 30 14 96 24 27 92 44 17 76 97 80 94
Coste: -2147482779

GENERACION: 170
Mejor Solucion:  64 70 43 47 40 26 33 81 49 13 1 51 93 66 54 20 65 41 62 88 25 42 58 57 18 10 74 19 85 73 86 79 32 59 16 11 38 67 87 12 48 61 68 2 36 28 5 69 9 75 6 46 15 4 63 77 3 31 45 55 99 52 72 7 90 53 21 89 95 56 50 8 78 60 0 37 84 34 29 98 83 91 71 35 22 39 82 23 30 14 96 24 27 92 44 17 76 97 80 94
Coste: -2147482779

GENERACION: 175
Mejor Solucion:  64 70 43 47 40 26 33 81 49 13 1 51 93 66 54 20 65 41 62 88 25 42 58 57 18 10 74 19 85 73 86 79 32 59 16 11 38 67 87 12 48 61 68 2 36 28 5 69 9 75 6 46 15 4 63 77 3 31 45 55 99 52 72 7 90 53 21 89 95 56 50 8 78 60 0 37 84 34 29 98 83 91 71 35 22 39 82 23 30 14 96 24 27 92 44 17 76 97 80 94
Coste: -2147482779

GENERACION: 180
Mejor Solucion:  64 70 43 47 40 26 33 81 49 13 1 51 93 66 54 20 65 41 62 88 25 42 58 57 18 10 74 19 85 73 86 79 32 59 16 11 38 67 87 12 48 61 68 2 36 28 5 69 9 75 6 46 15 4 63 77 3 31 45 55 99 52 72 7 90 53 21 89 95 56 50 8 78 60 0 37 84 34 29 98 83 91 71 35 22 39 82 23 30 14 96 24 27 92 44 17 76 97 80 94
Coste: -2147482779

GENERACION: 185
Mejor Solucion:  64 70 43 47 40 26 33 81 49 13 1 51 93 66 54 20 65 41 62 88 25 42 58 57 18 10 74 19 85 73 86 79 32 59 16 11 38 67 87 12 48 61 68 2 36 28 5 69 9 75 6 46 15 4 63 77 3 31 45 55 99 52 72 7 90 53 21 89 95 56 50 8 78 60 0 37 84 34 29 98 83 91 71 35 22 39 82 23 30 14 96 24 27 92 44 17 76 97 80 94
Coste: -2147482779

GENERACION: 190
Mejor Solucion:  64 70 43 47 40 26 33 81 49 13 1 51 93 66 54 20 65 41 62 88 25 42 58 57 18 10 74 19 85 73 86 79 32 59 16 11 38 67 87 12 48 61 68 2 36 28 5 69 9 75 6 46 15 4 63 77 3 31 45 55 99 52 72 7 90 53 21 89 95 56 50 8 78 60 0 37 84 34 29 98 83 91 71 35 22 39 82 23 30 14 96 24 27 92 44 17 76 97 80 94
Coste: -2147482779

GENERACION: 195
Mejor Solucion:  64 70 43 47 40 26 33 81 49 13 1 51 93 66 54 20 65 41 62 88 25 42 58 57 18 10 74 19 85 73 86 79 32 59 16 11 38 67 87 12 48 61 68 2 36 28 5 69 9 75 6 46 15 4 63 77 3 31 45 55 99 52 72 7 90 53 21 89 95 56 50 8 78 60 0 37 84 34 29 98 83 91 71 35 22 39 82 23 30 14 96 24 27 92 44 17 76 97 80 94
Coste: -2147482779

GENERACION: 200
Mejor Solucion:  64 70 43 47 40 26 33 81 49 13 1 51 93 66 54 20 65 41 62 88 25 42 58 57 18 10 74 19 85 73 86 79 32 59 16 11 38 67 87 12 48 61 68 2 36 28 5 69 9 75 6 46 15 4 63 77 3 31 45 55 99 52 72 7 90 53 21 89 95 56 50 8 78 60 0 37 84 34 29 98 83 91 71 35 22 39 82 23 30 14 96 24 27 92 44 17 76 97 80 94
Coste: -2147482779

GENERACION: 205
Mejor Solucion:  64 70 43 47 40 26 33 81 49 13 1 51 93 66 54 20 65 41 62 88 25 42 58 57 18 10 74 19 85 73 86 79 32 59 16 11 38 67 87 12 48 61 68 2 36 28 5 69 9 75 6 46 15 4 63 77 3 31 45 55 99 52 72 7 90 53 21 89 95 56 50 8 78 60 0 37 84 34 29 98 83 91 71 35 22 39 82 23 30 14 96 24 27 92 44 17 76 97 80 94
Coste: -2147482779

GENERACION: 210
Mejor Solucion:  64 70 43 47 40 26 33 81 49 13 1 51 93 66 54 20 65 41 62 88 25 42 58 57 18 10 74 19 85 73 86 79 32 59 16 11 38 67 87 12 48 61 68 2 36 28 5 69 9 75 6 46 15 4 63 77 3 31 45 55 99 52 72 7 90 53 21 89 95 56 50 8 78 60 0 37 84 34 29 98 83 91 71 35 22 39 82 23 30 14 96 24 27 92 44 17 76 97 80 94
Coste: -2147482779

GENERACION: 215
Mejor Solucion:  64 70 43 47 40 26 33 81 49 13 1 51 93 66 54 20 65 41 62 88 25 42 58 57 18 10 74 19 85 73 86 79 32 59 16 11 38 67 87 12 48 61 68 2 36 28 5 69 9 75 6 46 15 4 63 77 3 31 45 55 99 52 72 7 90 53 21 89 95 56 50 8 78 60 0 37 84 34 29 98 83 91 71 35 22 39 82 23 30 14 96 24 27 92 44 17 76 97 80 94
Coste: -2147482779

GENERACION: 220
Mejor Solucion:  64 70 43 47 40 26 33 81 49 13 1 51 93 66 54 20 65 41 62 88 25 42 58 57 18 10 74 19 85 73 86 79 32 59 16 11 38 67 87 12 48 61 68 2 36 28 5 69 9 75 6 46 15 4 63 77 3 31 45 55 99 52 72 7 90 53 21 89 95 56 50 8 78 60 0 37 84 34 29 98 83 91 71 35 22 39 82 23 30 14 96 24 27 92 44 17 76 97 80 94
Coste: -2147482779

GENERACION: 225
Mejor Solucion:  64 70 43 47 40 26 33 81 49 13 1 51 93 66 54 20 65 41 62 88 25 42 58 57 18 10 74 19 85 73 86 79 32 59 16 11 38 67 87 12 48 61 68 2 36 28 5 69 9 75 6 46 15 4 63 77 3 31 45 55 99 52 72 7 90 53 21 89 95 56 50 8 78 60 0 37 84 34 29 98 83 91 71 35 22 39 82 23 30 14 96 24 27 92 44 17 76 97 80 94
Coste: -2147482779

GENERACION: 230
Mejor Solucion:  64 70 43 47 40 26 33 81 49 13 1 51 93 66 54 20 65 41 62 88 25 42 58 57 18 10 74 19 85 73 86 79 32 59 16 11 38 67 87 12 48 61 68 2 36 28 5 69 9 75 6 46 15 4 63 77 3 31 45 55 99 52 72 7 90 53 21 89 95 56 50 8 78 60 0 37 84 34 29 98 83 91 71 35 22 39 82 23 30 14 96 24 27 92 44 17 76 97 80 94
Coste: -2147482779

GENERACION: 235
Mejor Solucion:  64 70 43 47 40 26 33 81 49 13 1 51 93 66 54 20 65 41 62 88 25 42 58 57 18 10 74 19 85 73 86 79 32 59 16 11 38 67 87 12 48 61 68 2 36 28 5 69 9 75 6 46 15 4 63 77 3 31 45 55 99 52 72 7 90 53 21 89 95 56 50 8 78 60 0 37 84 34 29 98 83 91 71 35 22 39 82 23 30 14 96 24 27 92 44 17 76 97 80 94
Coste: -2147482779

GENERACION: 240
Mejor Solucion:  64 70 43 47 40 26 33 81 49 13 1 51 93 66 54 20 65 41 62 88 25 42 58 57 18 10 74 19 85 73 86 79 32 59 16 11 38 67 87 12 48 61 68 2 36 28 5 69 9 75 6 46 15 4 63 77 3 31 45 55 99 52 72 7 90 53 21 89 95 56 50 8 78 60 0 37 84 34 29 98 83 91 71 35 22 39 82 23 30 14 96 24 27 92 44 17 76 97 80 94
Coste: -2147482779

GENERACION: 245
Mejor Solucion:  64 70 43 47 40 26 33 81 49 13 1 51 93 66 54 20 65 41 62 88 25 42 58 57 18 10 74 19 85 73 86 79 32 59 16 11 38 67 87 12 48 61 68 2 36 28 5 69 9 75 6 46 15 4 63 77 3 31 45 55 99 52 72 7 90 53 21 89 95 56 50 8 78 60 0 37 84 34 29 98 83 91 71 35 22 39 82 23 30 14 96 24 27 92 44 17 76 97 80 94
Coste: -2147482779

GENERACION: 250
Mejor Solucion:  64 70 43 47 40 26 33 81 49 13 1 51 93 66 54 20 65 41 62 88 25 42 58 57 18 10 74 19 85 73 86 79 32 59 16 11 38 67 87 12 48 61 68 2 36 28 5 69 9 75 6 46 15 4 63 77 3 31 45 55 99 52 72 7 90 53 21 89 95 56 50 8 78 60 0 37 84 34 29 98 83 91 71 35 22 39 82 23 30 14 96 24 27 92 44 17 76 97 80 94
Coste: -2147482779

GENERACION: 255
Mejor Solucion:  64 70 43 47 40 26 33 81 49 13 1 51 93 66 54 20 65 41 62 88 25 42 58 57 18 10 74 19 85 73 86 79 32 59 16 11 38 67 87 12 48 61 68 2 36 28 5 69 9 75 6 46 15 4 63 77 3 31 45 55 99 52 72 7 90 53 21 89 95 56 50 8 78 60 0 37 84 34 29 98 83 91 71 35 22 39 82 23 30 14 96 24 27 92 44 17 76 97 80 94
Coste: -2147482779

GENERACION: 260
Mejor Solucion:  64 70 43 47 40 26 33 81 49 13 1 51 93 66 54 20 65 41 62 88 25 42 58 57 18 10 74 19 85 73 86 79 32 59 16 11 38 67 87 12 48 61 68 2 36 28 5 69 9 75 6 46 15 4 63 77 3 31 45 55 99 52 72 7 90 53 21 89 95 56 50 8 78 60 0 37 84 34 29 98 83 91 71 35 22 39 82 23 30 14 96 24 27 92 44 17 76 97 80 94
Coste: -2147482779

GENERACION: 265
Mejor Solucion:  64 70 43 47 40 26 33 81 49 13 1 51 93 66 54 20 65 41 62 88 25 42 58 57 18 10 74 19 85 73 86 79 32 59 16 11 38 67 87 12 48 61 68 2 36 28 5 69 9 75 6 46 15 4 63 77 3 31 45 55 99 52 72 7 90 53 21 89 95 56 50 8 78 60 0 37 84 34 29 98 83 91 71 35 22 39 82 23 30 14 96 24 27 92 44 17 76 97 80 94
Coste: -2147482779

GENERACION: 270
Mejor Solucion:  64 70 43 47 40 26 33 81 49 13 1 51 93 66 54 20 65 41 62 88 25 42 58 57 18 10 74 19 85 73 86 79 32 59 16 11 38 67 87 12 48 61 68 2 36 28 5 69 9 75 6 46 15 4 63 77 3 31 45 55 99 52 72 7 90 53 21 89 95 56 50 8 78 60 0 37 84 34 29 98 83 91 71 35 22 39 82 23 30 14 96 24 27 92 44 17 76 97 80 94
Coste: -2147482779

GENERACION: 275
Mejor Solucion:  64 70 43 47 40 26 33 81 49 13 1 51 93 66 54 20 65 41 62 88 25 42 58 57 18 10 74 19 85 73 86 79 32 59 16 11 38 67 87 12 48 61 68 2 36 28 5 69 9 75 6 46 15 4 63 77 3 31 45 55 99 52 72 7 90 53 21 89 95 56 50 8 78 60 0 37 84 34 29 98 83 91 71 35 22 39 82 23 30 14 96 24 27 92 44 17 76 97 80 94
Coste: -2147482779

GENERACION: 280
Mejor Solucion:  19 84 95 81 51 1 94 85 86 91 33 89 93 47 9 26 36 65 55 17 22 78 15 11 8 52 74 77 37 42 83 63 79 28 87 67 46 2 7 96 61 75 24 92 6 82 29 66 0 21 71 12 99 72 32 34 23 98 14 58 57 88 41 68 5 30 16 70 18 20 27 56 3 90 69 44 64 80 25 73 49 43 4 48 53 54 35 10 62 45 59 60 31 39 13 50 38 76 97 40
Coste: -2147483043

GENERACION: 285
Mejor Solucion:  19 84 95 81 51 1 94 85 86 91 33 89 93 47 9 26 36 65 55 17 22 78 15 11 8 52 74 77 37 42 83 63 79 28 87 67 46 2 7 96 61 75 24 92 6 82 29 66 0 21 71 12 99 72 32 34 23 98 14 58 57 88 41 68 5 30 16 70 18 20 27 56 3 90 69 44 64 80 25 73 49 43 4 48 53 54 35 10 62 45 59 60 31 39 13 50 38 76 97 40
Coste: -2147483043

GENERACION: 290
Mejor Solucion:  19 84 95 81 51 1 94 85 86 91 33 89 93 47 9 26 36 65 55 17 22 78 15 11 8 52 74 77 37 42 83 63 79 28 87 67 46 2 7 96 61 75 24 92 6 82 29 66 0 21 71 12 99 72 32 34 23 98 14 58 57 88 41 68 5 30 16 70 18 20 27 56 3 90 69 44 64 80 25 73 49 43 4 48 53 54 35 10 62 45 59 60 31 39 13 50 38 76 97 40
Coste: -2147483043

GENERACION: 295
Mejor Solucion:  19 84 95 81 51 1 94 85 86 91 33 89 93 47 9 26 36 65 55 17 22 78 15 11 8 52 74 77 37 42 83 63 79 28 87 67 46 2 7 96 61 75 24 92 6 82 29 66 0 21 71 12 99 72 32 34 23 98 14 58 57 88 41 68 5 30 16 70 18 20 27 56 3 90 69 44 64 80 25 73 49 43 4 48 53 54 35 10 62 45 59 60 31 39 13 50 38 76 97 40
Coste: -2147483043

GENERACION: 300
Mejor Solucion:  19 84 95 81 51 1 94 85 86 91 33 89 93 47 9 26 36 65 55 17 22 78 15 11 8 52 74 77 37 42 83 63 79 28 87 67 46 2 7 96 61 75 24 92 6 82 29 66 0 21 71 12 99 72 32 34 23 98 14 58 57 88 41 68 5 30 16 70 18 20 27 56 3 90 69 44 64 80 25 73 49 43 4 48 53 54 35 10 62 45 59 60 31 39 13 50 38 76 97 40
Coste: -2147483043

GENERACION: 305
Mejor Solucion:  19 84 95 81 51 1 94 85 86 91 33 89 93 47 9 26 36 65 55 17 22 78 15 11 8 52 74 77 37 42 83 63 79 28 87 67 46 2 7 96 61 75 24 92 6 82 29 66 0 21 71 12 99 72 32 34 23 98 14 58 57 88 41 68 5 30 16 70 18 20 27 56 3 90 69 44 64 80 25 73 49 43 4 48 53 54 35 10 62 45 59 60 31 39 13 50 38 76 97 40
Coste: -2147483043

GENERACION: 310
Mejor Solucion:  19 84 95 81 51 1 94 85 86 91 33 89 93 47 9 26 36 65 55 17 22 78 15 11 8 52 74 77 37 42 83 63 79 28 87 67 46 2 7 96 61 75 24 92 6 82 29 66 0 21 71 12 99 72 32 34 23 98 14 58 57 88 41 68 5 30 16 70 18 20 27 56 3 90 69 44 64 80 25 73 49 43 4 48 53 54 35 10 62 45 59 60 31 39 13 50 38 76 97 40
Coste: -2147483043

GENERACION: 315
Mejor Solucion:  19 84 95 81 51 1 94 85 86 91 33 89 93 47 9 26 36 65 55 17 22 78 15 11 8 52 74 77 37 42 83 63 79 28 87 67 46 2 7 96 61 75 24 92 6 82 29 66 0 21 71 12 99 72 32 34 23 98 14 58 57 88 41 68 5 30 16 70 18 20 27 56 3 90 69 44 64 80 25 73 49 43 4 48 53 54 35 10 62 45 59 60 31 39 13 50 38 76 97 40
Coste: -2147483043

GENERACION: 320
Mejor Solucion:  19 84 95 81 51 1 94 85 86 91 33 89 93 47 9 26 36 65 55 17 22 78 15 11 8 52 74 77 37 42 83 63 79 28 87 67 46 2 7 96 61 75 24 92 6 82 29 66 0 21 71 12 99 72 32 34 23 98 14 58 57 88 41 68 5 30 16 70 18 20 27 56 3 90 69 44 64 80 25 73 49 43 4 48 53 54 35 10 62 45 59 60 31 39 13 50 38 76 97 40
Coste: -2147483043

GENERACION: 325
Mejor Solucion:  19 84 95 81 51 1 94 85 86 91 33 89 93 47 9 26 36 65 55 17 22 78 15 11 8 52 74 77 37 42 83 63 79 28 87 67 46 2 7 96 61 75 24 92 6 82 29 66 0 21 71 12 99 72 32 34 23 98 14 58 57 88 41 68 5 30 16 70 18 20 27 56 3 90 69 44 64 80 25 73 49 43 4 48 53 54 35 10 62 45 59 60 31 39 13 50 38 76 97 40
Coste: -2147483043

GENERACION: 330
Mejor Solucion:  19 84 95 81 51 1 94 85 86 91 33 89 93 47 9 26 36 65 55 17 22 78 15 11 8 52 74 77 37 42 83 63 79 28 87 67 46 2 7 96 61 75 24 92 6 82 29 66 0 21 71 12 99 72 32 34 23 98 14 58 57 88 41 68 5 30 16 70 18 20 27 56 3 90 69 44 64 80 25 73 49 43 4 48 53 54 35 10 62 45 59 60 31 39 13 50 38 76 97 40
Coste: -2147483043

GENERACION: 335
Mejor Solucion:  19 84 95 81 51 1 94 85 86 91 33 89 93 47 9 26 36 65 55 17 22 78 15 11 8 52 74 77 37 42 83 63 79 28 87 67 46 2 7 96 61 75 24 92 6 82 29 66 0 21 71 12 99 72 32 34 23 98 14 58 57 88 41 68 5 30 16 70 18 20 27 56 3 90 69 44 64 80 25 73 49 43 4 48 53 54 35 10 62 45 59 60 31 39 13 50 38 76 97 40
Coste: -2147483043

GENERACION: 340
Mejor Solucion:  19 84 95 81 51 1 94 85 86 91 33 89 93 47 9 26 36 65 55 17 22 78 15 11 8 52 74 77 37 42 83 63 79 28 87 67 46 2 7 96 61 75 24 92 6 82 29 66 0 21 71 12 99 72 32 34 23 98 14 58 57 88 41 68 5 30 16 70 18 20 27 56 3 90 69 44 64 80 25 73 49 43 4 48 53 54 35 10 62 45 59 60 31 39 13 50 38 76 97 40
Coste: -2147483043

GENERACION: 345
Mejor Solucion:  19 84 95 81 51 1 94 85 86 91 33 89 93 47 9 26 36 65 55 17 22 78 15 11 8 52 74 77 37 42 83 63 79 28 87 67 46 2 7 96 61 75 24 92 6 82 29 66 0 21 71 12 99 72 32 34 23 98 14 58 57 88 41 68 5 30 16 70 18 20 27 56 3 90 69 44 64 80 25 73 49 43 4 48 53 54 35 10 62 45 59 60 31 39 13 50 38 76 97 40
Coste: -2147483043

GENERACION: 350
Mejor Solucion:  19 84 95 81 51 1 94 85 86 91 33 89 93 47 9 26 36 65 55 17 22 78 15 11 8 52 74 77 37 42 83 63 79 28 87 67 46 2 7 96 61 75 24 92 6 82 29 66 0 21 71 12 99 72 32 34 23 98 14 58 57 88 41 68 5 30 16 70 18 20 27 56 3 90 69 44 64 80 25 73 49 43 4 48 53 54 35 10 62 45 59 60 31 39 13 50 38 76 97 40
Coste: -2147483043

GENERACION: 355
Mejor Solucion:  19 84 95 81 51 1 94 85 86 91 33 89 93 47 9 26 36 65 55 17 22 78 15 11 8 52 74 77 37 42 83 63 79 28 87 67 46 2 7 96 61 75 24 92 6 82 29 66 0 21 71 12 99 72 32 34 23 98 14 58 57 88 41 68 5 30 16 70 18 20 27 56 3 90 69 44 64 80 25 73 49 43 4 48 53 54 35 10 62 45 59 60 31 39 13 50 38 76 97 40
Coste: -2147483043

GENERACION: 360
Mejor Solucion:  19 84 95 81 51 1 94 85 86 91 33 89 93 47 9 26 36 65 55 17 22 78 15 11 8 52 74 77 37 42 83 63 79 28 87 67 46 2 7 96 61 75 24 92 6 82 29 66 0 21 71 12 99 72 32 34 23 98 14 58 57 88 41 68 5 30 16 70 18 20 27 56 3 90 69 44 64 80 25 73 49 43 4 48 53 54 35 10 62 45 59 60 31 39 13 50 38 76 97 40
Coste: -2147483043

GENERACION: 365
Mejor Solucion:  19 84 95 81 51 1 94 85 86 91 33 89 93 47 9 26 36 65 55 17 22 78 15 11 8 52 74 77 37 42 83 63 79 28 87 67 46 2 7 96 61 75 24 92 6 82 29 66 0 21 71 12 99 72 32 34 23 98 14 58 57 88 41 68 5 30 16 70 18 20 27 56 3 90 69 44 64 80 25 73 49 43 4 48 53 54 35 10 62 45 59 60 31 39 13 50 38 76 97 40
Coste: -2147483043

GENERACION: 370
Mejor Solucion:  70 37 51 11 77 84 95 74 81 35 83 79 59 43 80 93 65 68 0 40 13 9 6 36 67 10 85 42 94 86 19 3 30 7 45 47 49 99 26 55 72 52 20 60 32 75 88 5 23 69 97 17 25 28 18 31 14 98 34 54 29 24 21 8 48 71 64 46 44 76 2 56 61 89 27 63 91 12 92 33 1 16 57 78 39 96 22 66 4 50 15 90 38 87 53 82 58 62 41 73
Coste: -2147483254

GENERACION: 375
Mejor Solucion:  70 37 51 11 77 84 95 74 81 35 83 79 59 43 80 93 65 68 0 40 13 9 6 36 67 10 85 42 94 86 19 3 30 7 45 47 49 99 26 55 72 52 20 60 32 75 88 5 23 69 97 17 25 28 18 31 14 98 34 54 29 24 21 8 48 71 64 46 44 76 2 56 61 89 27 63 91 12 92 33 1 16 57 78 39 96 22 66 4 50 15 90 38 87 53 82 58 62 41 73
Coste: -2147483254

GENERACION: 380
Mejor Solucion:  70 37 51 11 77 84 95 74 81 35 83 79 59 43 80 93 65 68 0 40 13 9 6 36 67 10 85 42 94 86 19 3 30 7 45 47 49 99 26 55 72 52 20 60 32 75 88 5 23 69 97 17 25 28 18 31 14 98 34 54 29 24 21 8 48 71 64 46 44 76 2 56 61 89 27 63 91 12 92 33 1 16 57 78 39 96 22 66 4 50 15 90 38 87 53 82 58 62 41 73
Coste: -2147483254

GENERACION: 385
Mejor Solucion:  70 37 51 11 77 84 95 74 81 35 83 79 59 43 80 93 65 68 0 40 13 9 6 36 67 10 85 42 94 86 19 3 30 7 45 47 49 99 26 55 72 52 20 60 32 75 88 5 23 69 97 17 25 28 18 31 14 98 34 54 29 24 21 8 48 71 64 46 44 76 2 56 61 89 27 63 91 12 92 33 1 16 57 78 39 96 22 66 4 50 15 90 38 87 53 82 58 62 41 73
Coste: -2147483254

GENERACION: 390
Mejor Solucion:  70 37 51 11 77 84 95 74 81 35 83 79 59 43 80 93 65 68 0 40 13 9 6 36 67 10 85 42 94 86 19 3 30 7 45 47 49 99 26 55 72 52 20 60 32 75 88 5 23 69 97 17 25 28 18 31 14 98 34 54 29 24 21 8 48 71 64 46 44 76 2 56 61 89 27 63 91 12 92 33 1 16 57 78 39 96 22 66 4 50 15 90 38 87 53 82 58 62 41 73
Coste: -2147483254

GENERACION: 395
Mejor Solucion:  70 37 51 11 77 84 95 74 81 35 83 79 59 43 80 93 65 68 0 40 13 9 6 36 67 10 85 42 94 86 19 3 30 7 45 47 49 99 26 55 72 52 20 60 32 75 88 5 23 69 97 17 25 28 18 31 14 98 34 54 29 24 21 8 48 71 64 46 44 76 2 56 61 89 27 63 91 12 92 33 1 16 57 78 39 96 22 66 4 50 15 90 38 87 53 82 58 62 41 73
Coste: -2147483254

GENERACION: 400
Mejor Solucion:  70 37 51 11 77 84 95 74 81 35 83 79 59 43 80 93 65 68 0 40 13 9 6 36 67 10 85 42 94 86 19 3 30 7 45 47 49 99 26 55 72 52 20 60 32 75 88 5 23 69 97 17 25 28 18 31 14 98 34 54 29 24 21 8 48 71 64 46 44 76 2 56 61 89 27 63 91 12 92 33 1 16 57 78 39 96 22 66 4 50 15 90 38 87 53 82 58 62 41 73
Coste: -2147483254

GENERACION: 405
Mejor Solucion:  70 37 51 11 77 84 95 74 81 35 83 79 59 43 80 93 65 68 0 40 13 9 6 36 67 10 85 42 94 86 19 3 30 7 45 47 49 99 26 55 72 52 20 60 32 75 88 5 23 69 97 17 25 28 18 31 14 98 34 54 29 24 21 8 48 71 64 46 44 76 2 56 61 89 27 63 91 12 92 33 1 16 57 78 39 96 22 66 4 50 15 90 38 87 53 82 58 62 41 73
Coste: -2147483254

GENERACION: 410
Mejor Solucion:  70 37 51 11 77 84 95 74 81 35 83 79 59 43 80 93 65 68 0 40 13 9 6 36 67 10 85 42 94 86 19 3 30 7 45 47 49 99 26 55 72 52 20 60 32 75 88 5 23 69 97 17 25 28 18 31 14 98 34 54 29 24 21 8 48 71 64 46 44 76 2 56 61 89 27 63 91 12 92 33 1 16 57 78 39 96 22 66 4 50 15 90 38 87 53 82 58 62 41 73
Coste: -2147483254

GENERACION: 415
Mejor Solucion:  70 37 51 11 77 84 95 74 81 35 83 79 59 43 80 93 65 68 0 40 13 9 6 36 67 10 85 42 94 86 19 3 30 7 45 47 49 99 26 55 72 52 20 60 32 75 88 5 23 69 97 17 25 28 18 31 14 98 34 54 29 24 21 8 48 71 64 46 44 76 2 56 61 89 27 63 91 12 92 33 1 16 57 78 39 96 22 66 4 50 15 90 38 87 53 82 58 62 41 73
Coste: -2147483254

GENERACION: 420
Mejor Solucion:  70 37 51 11 77 84 95 74 81 35 83 79 59 43 80 93 65 68 0 40 13 9 6 36 67 10 85 42 94 86 19 3 30 7 45 47 49 99 26 55 72 52 20 60 32 75 88 5 23 69 97 17 25 28 18 31 14 98 34 54 29 24 21 8 48 71 64 46 44 76 2 56 61 89 27 63 91 12 92 33 1 16 57 78 39 96 22 66 4 50 15 90 38 87 53 82 58 62 41 73
Coste: -2147483254

GENERACION: 425
Mejor Solucion:  70 37 51 11 77 84 95 74 81 35 83 79 59 43 80 93 65 68 0 40 13 9 6 36 67 10 85 42 94 86 19 3 30 7 45 47 49 99 26 55 72 52 20 60 32 75 88 5 23 69 97 17 25 28 18 31 14 98 34 54 29 24 21 8 48 71 64 46 44 76 2 56 61 89 27 63 91 12 92 33 1 16 57 78 39 96 22 66 4 50 15 90 38 87 53 82 58 62 41 73
Coste: -2147483254

GENERACION: 430
Mejor Solucion:  70 37 51 11 77 84 95 74 81 35 83 79 59 43 80 93 65 68 0 40 13 9 6 36 67 10 85 42 94 86 19 3 30 7 45 47 49 99 26 55 72 52 20 60 32 75 88 5 23 69 97 17 25 28 18 31 14 98 34 54 29 24 21 8 48 71 64 46 44 76 2 56 61 89 27 63 91 12 92 33 1 16 57 78 39 96 22 66 4 50 15 90 38 87 53 82 58 62 41 73
Coste: -2147483254

GENERACION: 435
Mejor Solucion:  70 37 51 11 77 84 95 74 81 35 83 79 59 43 80 93 65 68 0 40 13 9 6 36 67 10 85 42 94 86 19 3 30 7 45 47 49 99 26 55 72 52 20 60 32 75 88 5 23 69 97 17 25 28 18 31 14 98 34 54 29 24 21 8 48 71 64 46 44 76 2 56 61 89 27 63 91 12 92 33 1 16 57 78 39 96 22 66 4 50 15 90 38 87 53 82 58 62 41 73
Coste: -2147483254

GENERACION: 440
Mejor Solucion:  88 84 28 30 85 36 11 81 67 51 95 70 1 49 73 10 17 19 76 26 40 16 82 43 34 3 74 79 86 83 37 41 42 44 50 77 0 21 47 32 38 12 45 22 58 2 55 53 99 31 39 14 20 68 90 7 80 94 33 89 27 69 35 78 54 61 93 18 65 52 57 8 64 25 5 9 91 92 71 13 29 23 4 48 60 63 98 97 59 15 56 62 66 6 24 72 96 75 87 46
Coste: -2147483451

GENERACION: 445
Mejor Solucion:  88 84 28 30 85 36 11 81 67 51 95 70 1 49 73 10 17 19 76 26 40 16 82 43 34 3 74 79 86 83 37 41 42 44 50 77 0 21 47 32 38 12 45 22 58 2 55 53 99 31 39 14 20 68 90 7 80 94 33 89 27 69 35 78 54 61 93 18 65 52 57 8 64 25 5 9 91 92 71 13 29 23 4 48 60 63 98 97 59 15 56 62 66 6 24 72 96 75 87 46
Coste: -2147483451

GENERACION: 450
Mejor Solucion:  88 84 28 30 85 36 11 81 67 51 95 70 1 49 73 10 17 19 76 26 40 16 82 43 34 3 74 79 86 83 37 41 42 44 50 77 0 21 47 32 38 12 45 22 58 2 55 53 99 31 39 14 20 68 90 7 80 94 33 89 27 69 35 78 54 61 93 18 65 52 57 8 64 25 5 9 91 92 71 13 29 23 4 48 60 63 98 97 59 15 56 62 66 6 24 72 96 75 87 46
Coste: -2147483451

GENERACION: 455
Mejor Solucion:  88 84 28 30 85 36 11 81 67 51 95 70 1 49 73 10 17 19 76 26 40 16 82 43 34 3 74 79 86 83 37 41 42 44 50 77 0 21 47 32 38 12 45 22 58 2 55 53 99 31 39 14 20 68 90 7 80 94 33 89 27 69 35 78 54 61 93 18 65 52 57 8 64 25 5 9 91 92 71 13 29 23 4 48 60 63 98 97 59 15 56 62 66 6 24 72 96 75 87 46
Coste: -2147483451

GENERACION: 460
Mejor Solucion:  88 84 28 30 85 36 11 81 67 51 95 70 1 49 73 10 17 19 76 26 40 16 82 43 34 3 74 79 86 83 37 41 42 44 50 77 0 21 47 32 38 12 45 22 58 2 55 53 99 31 39 14 20 68 90 7 80 94 33 89 27 69 35 78 54 61 93 18 65 52 57 8 64 25 5 9 91 92 71 13 29 23 4 48 60 63 98 97 59 15 56 62 66 6 24 72 96 75 87 46
Coste: -2147483451

GENERACION: 465
Mejor Solucion:  88 84 28 30 85 36 11 81 67 51 95 70 1 49 73 10 17 19 76 26 40 16 82 43 34 3 74 79 86 83 37 41 42 44 50 77 0 21 47 32 38 12 45 22 58 2 55 53 99 31 39 14 20 68 90 7 80 94 33 89 27 69 35 78 54 61 93 18 65 52 57 8 64 25 5 9 91 92 71 13 29 23 4 48 60 63 98 97 59 15 56 62 66 6 24 72 96 75 87 46
Coste: -2147483451

GENERACION: 470
Mejor Solucion:  88 84 28 30 85 36 11 81 67 51 95 70 1 49 73 10 17 19 76 26 40 16 82 43 34 3 74 79 86 83 37 41 42 44 50 77 0 21 47 32 38 12 45 22 58 2 55 53 99 31 39 14 20 68 90 7 80 94 33 89 27 69 35 78 54 61 93 18 65 52 57 8 64 25 5 9 91 92 71 13 29 23 4 48 60 63 98 97 59 15 56 62 66 6 24 72 96 75 87 46
Coste: -2147483451

GENERACION: 475
Mejor Solucion:  88 84 28 30 85 36 11 81 67 51 95 70 1 49 73 10 17 19 76 26 40 16 82 43 34 3 74 79 86 83 37 41 42 44 50 77 0 21 47 32 38 12 45 22 58 2 55 53 99 31 39 14 20 68 90 7 80 94 33 89 27 69 35 78 54 61 93 18 65 52 57 8 64 25 5 9 91 92 71 13 29 23 4 48 60 63 98 97 59 15 56 62 66 6 24 72 96 75 87 46
Coste: -2147483451

GENERACION: 480
Mejor Solucion:  88 84 28 30 85 36 11 81 67 51 95 70 1 49 73 10 17 19 76 26 40 16 82 43 34 3 74 79 86 83 37 41 42 44 50 77 0 21 47 32 38 12 45 22 58 2 55 53 99 31 39 14 20 68 90 7 80 94 33 89 27 69 35 78 54 61 93 18 65 52 57 8 64 25 5 9 91 92 71 13 29 23 4 48 60 63 98 97 59 15 56 62 66 6 24 72 96 75 87 46
Coste: -2147483451

GENERACION: 485
Mejor Solucion:  88 84 28 30 85 36 11 81 67 51 95 70 1 49 73 10 17 19 76 26 40 16 82 43 34 3 74 79 86 83 37 41 42 44 50 77 0 21 47 32 38 12 45 22 58 2 55 53 99 31 39 14 20 68 90 7 80 94 33 89 27 69 35 78 54 61 93 18 65 52 57 8 64 25 5 9 91 92 71 13 29 23 4 48 60 63 98 97 59 15 56 62 66 6 24 72 96 75 87 46
Coste: -2147483451

GENERACION: 490
Mejor Solucion:  88 84 28 30 85 36 11 81 67 51 95 70 1 49 73 10 17 19 76 26 40 16 82 43 34 3 74 79 86 83 37 41 42 44 50 77 0 21 47 32 38 12 45 22 58 2 55 53 99 31 39 14 20 68 90 7 80 94 33 89 27 69 35 78 54 61 93 18 65 52 57 8 64 25 5 9 91 92 71 13 29 23 4 48 60 63 98 97 59 15 56 62 66 6 24 72 96 75 87 46
Coste: -2147483451

GENERACION: 495
Mejor Solucion:  88 84 28 30 85 36 11 81 67 51 95 70 1 49 73 10 17 19 76 26 40 16 82 43 34 3 74 79 86 83 37 41 42 44 50 77 0 21 47 32 38 12 45 22 58 2 55 53 99 31 39 14 20 68 90 7 80 94 33 89 27 69 35 78 54 61 93 18 65 52 57 8 64 25 5 9 91 92 71 13 29 23 4 48 60 63 98 97 59 15 56 62 66 6 24 72 96 75 87 46
Coste: -2147483451

GENERACION: 500
Mejor Solucion:  88 84 28 30 85 36 11 81 67 51 95 70 1 49 73 10 17 19 76 26 40 16 82 43 34 3 74 79 86 83 37 41 42 44 50 77 0 21 47 32 38 12 45 22 58 2 55 53 99 31 39 14 20 68 90 7 80 94 33 89 27 69 35 78 54 61 93 18 65 52 57 8 64 25 5 9 91 92 71 13 29 23 4 48 60 63 98 97 59 15 56 62 66 6 24 72 96 75 87 46
Coste: -2147483451

GENERACION: 505
Mejor Solucion:  88 84 28 30 85 36 11 81 67 51 95 70 1 49 73 10 17 19 76 26 40 16 82 43 34 3 74 79 86 83 37 41 42 44 50 77 0 21 47 32 38 12 45 22 58 2 55 53 99 31 39 14 20 68 90 7 80 94 33 89 27 69 35 78 54 61 93 18 65 52 57 8 64 25 5 9 91 92 71 13 29 23 4 48 60 63 98 97 59 15 56 62 66 6 24 72 96 75 87 46
Coste: -2147483451

GENERACION: 510
Mejor Solucion:  88 84 28 30 85 36 11 81 67 51 95 70 1 49 73 10 17 19 76 26 40 16 82 43 34 3 74 79 86 83 37 41 42 44 50 77 0 21 47 32 38 12 45 22 58 2 55 53 99 31 39 14 20 68 90 7 80 94 33 89 27 69 35 78 54 61 93 18 65 52 57 8 64 25 5 9 91 92 71 13 29 23 4 48 60 63 98 97 59 15 56 62 66 6 24 72 96 75 87 46
Coste: -2147483451

GENERACION: 515
Mejor Solucion:  88 84 28 30 85 36 11 81 67 51 95 70 1 49 73 10 17 19 76 26 40 16 82 43 34 3 74 79 86 83 37 41 42 44 50 77 0 21 47 32 38 12 45 22 58 2 55 53 99 31 39 14 20 68 90 7 80 94 33 89 27 69 35 78 54 61 93 18 65 52 57 8 64 25 5 9 91 92 71 13 29 23 4 48 60 63 98 97 59 15 56 62 66 6 24 72 96 75 87 46
Coste: -2147483451

GENERACION: 520
Mejor Solucion:  88 84 28 30 85 36 11 81 67 51 95 70 1 49 73 10 17 19 76 26 40 16 82 43 34 3 74 79 86 83 37 41 42 44 50 77 0 21 47 32 38 12 45 22 58 2 55 53 99 31 39 14 20 68 90 7 80 94 33 89 27 69 35 78 54 61 93 18 65 52 57 8 64 25 5 9 91 92 71 13 29 23 4 48 60 63 98 97 59 15 56 62 66 6 24 72 96 75 87 46
Coste: -2147483451

GENERACION: 525
Mejor Solucion:  88 84 28 30 85 36 11 81 67 51 95 70 1 49 73 10 17 19 76 26 40 16 82 43 34 3 74 79 86 83 37 41 42 44 50 77 0 21 47 32 38 12 45 22 58 2 55 53 99 31 39 14 20 68 90 7 80 94 33 89 27 69 35 78 54 61 93 18 65 52 57 8 64 25 5 9 91 92 71 13 29 23 4 48 60 63 98 97 59 15 56 62 66 6 24 72 96 75 87 46
Coste: -2147483451

GENERACION: 530
Mejor Solucion:  88 84 28 30 85 36 11 81 67 51 95 70 1 49 73 10 17 19 76 26 40 16 82 43 34 3 74 79 86 83 37 41 42 44 50 77 0 21 47 32 38 12 45 22 58 2 55 53 99 31 39 14 20 68 90 7 80 94 33 89 27 69 35 78 54 61 93 18 65 52 57 8 64 25 5 9 91 92 71 13 29 23 4 48 60 63 98 97 59 15 56 62 66 6 24 72 96 75 87 46
Coste: -2147483451

GENERACION: 535
Mejor Solucion:  88 84 28 30 85 36 11 81 67 51 95 70 1 49 73 10 17 19 76 26 40 16 82 43 34 3 74 79 86 83 37 41 42 44 50 77 0 21 47 32 38 12 45 22 58 2 55 53 99 31 39 14 20 68 90 7 80 94 33 89 27 69 35 78 54 61 93 18 65 52 57 8 64 25 5 9 91 92 71 13 29 23 4 48 60 63 98 97 59 15 56 62 66 6 24 72 96 75 87 46
Coste: -2147483451

GENERACION: 540
Mejor Solucion:  88 84 28 30 85 36 11 81 67 51 95 70 1 49 73 10 17 19 76 26 40 16 82 43 34 3 74 79 86 83 37 41 42 44 50 77 0 21 47 32 38 12 45 22 58 2 55 53 99 31 39 14 20 68 90 7 80 94 33 89 27 69 35 78 54 61 93 18 65 52 57 8 64 25 5 9 91 92 71 13 29 23 4 48 60 63 98 97 59 15 56 62 66 6 24 72 96 75 87 46
Coste: -2147483451

GENERACION: 545
Mejor Solucion:  88 84 28 30 85 36 11 81 67 51 95 70 1 49 73 10 17 19 76 26 40 16 82 43 34 3 74 79 86 83 37 41 42 44 50 77 0 21 47 32 38 12 45 22 58 2 55 53 99 31 39 14 20 68 90 7 80 94 33 89 27 69 35 78 54 61 93 18 65 52 57 8 64 25 5 9 91 92 71 13 29 23 4 48 60 63 98 97 59 15 56 62 66 6 24 72 96 75 87 46
Coste: -2147483451

GENERACION: 550
Mejor Solucion:  88 84 28 30 85 36 11 81 67 51 95 70 1 49 73 10 17 19 76 26 40 16 82 43 34 3 74 79 86 83 37 41 42 44 50 77 0 21 47 32 38 12 45 22 58 2 55 53 99 31 39 14 20 68 90 7 80 94 33 89 27 69 35 78 54 61 93 18 65 52 57 8 64 25 5 9 91 92 71 13 29 23 4 48 60 63 98 97 59 15 56 62 66 6 24 72 96 75 87 46
Coste: -2147483451

GENERACION: 555
Mejor Solucion:  88 84 28 30 85 36 11 81 67 51 95 70 1 49 73 10 17 19 76 26 40 16 82 43 34 3 74 79 86 83 37 41 42 44 50 77 0 21 47 32 38 12 45 22 58 2 55 53 99 31 39 14 20 68 90 7 80 94 33 89 27 69 35 78 54 61 93 18 65 52 57 8 64 25 5 9 91 92 71 13 29 23 4 48 60 63 98 97 59 15 56 62 66 6 24 72 96 75 87 46
Coste: -2147483451

GENERACION: 560
Mejor Solucion:  88 84 28 30 85 36 11 81 67 51 95 70 1 49 73 10 17 19 76 26 40 16 82 43 34 3 74 79 86 83 37 41 42 44 50 77 0 21 47 32 38 12 45 22 58 2 55 53 99 31 39 14 20 68 90 7 80 94 33 89 27 69 35 78 54 61 93 18 65 52 57 8 64 25 5 9 91 92 71 13 29 23 4 48 60 63 98 97 59 15 56 62 66 6 24 72 96 75 87 46
Coste: -2147483451

GENERACION: 565
Mejor Solucion:  88 84 28 30 85 36 11 81 67 51 95 70 1 49 73 10 17 19 76 26 40 16 82 43 34 3 74 79 86 83 37 41 42 44 50 77 0 21 47 32 38 12 45 22 58 2 55 53 99 31 39 14 20 68 90 7 80 94 33 89 27 69 35 78 54 61 93 18 65 52 57 8 64 25 5 9 91 92 71 13 29 23 4 48 60 63 98 97 59 15 56 62 66 6 24 72 96 75 87 46
Coste: -2147483451

GENERACION: 570
Mejor Solucion:  88 84 28 30 85 36 11 81 67 51 95 70 1 49 73 10 17 19 76 26 40 16 82 43 34 3 74 79 86 83 37 41 42 44 50 77 0 21 47 32 38 12 45 22 58 2 55 53 99 31 39 14 20 68 90 7 80 94 33 89 27 69 35 78 54 61 93 18 65 52 57 8 64 25 5 9 91 92 71 13 29 23 4 48 60 63 98 97 59 15 56 62 66 6 24 72 96 75 87 46
Coste: -2147483451

GENERACION: 575
Mejor Solucion:  88 84 28 30 85 36 11 81 67 51 95 70 1 49 73 10 17 19 76 26 40 16 82 43 34 3 74 79 86 83 37 41 42 44 50 77 0 21 47 32 38 12 45 22 58 2 55 53 99 31 39 14 20 68 90 7 80 94 33 89 27 69 35 78 54 61 93 18 65 52 57 8 64 25 5 9 91 92 71 13 29 23 4 48 60 63 98 97 59 15 56 62 66 6 24 72 96 75 87 46
Coste: -2147483451

GENERACION: 580
Mejor Solucion:  88 84 28 30 85 36 11 81 67 51 95 70 1 49 73 10 17 19 76 26 40 16 82 43 34 3 74 79 86 83 37 41 42 44 50 77 0 21 47 32 38 12 45 22 58 2 55 53 99 31 39 14 20 68 90 7 80 94 33 89 27 69 35 78 54 61 93 18 65 52 57 8 64 25 5 9 91 92 71 13 29 23 4 48 60 63 98 97 59 15 56 62 66 6 24 72 96 75 87 46
Coste: -2147483451

GENERACION: 585
Mejor Solucion:  88 84 28 30 85 36 11 81 67 51 95 70 1 49 73 10 17 19 76 26 40 16 82 43 34 3 74 79 86 83 37 41 42 44 50 77 0 21 47 32 38 12 45 22 58 2 55 53 99 31 39 14 20 68 90 7 80 94 33 89 27 69 35 78 54 61 93 18 65 52 57 8 64 25 5 9 91 92 71 13 29 23 4 48 60 63 98 97 59 15 56 62 66 6 24 72 96 75 87 46
Coste: -2147483451

GENERACION: 590
Mejor Solucion:  88 84 28 30 85 36 11 81 67 51 95 70 1 49 73 10 17 19 76 26 40 16 82 43 34 3 74 79 86 83 37 41 42 44 50 77 0 21 47 32 38 12 45 22 58 2 55 53 99 31 39 14 20 68 90 7 80 94 33 89 27 69 35 78 54 61 93 18 65 52 57 8 64 25 5 9 91 92 71 13 29 23 4 48 60 63 98 97 59 15 56 62 66 6 24 72 96 75 87 46
Coste: -2147483451

GENERACION: 595
Mejor Solucion:  88 84 28 30 85 36 11 81 67 51 95 70 1 49 73 10 17 19 76 26 40 16 82 43 34 3 74 79 86 83 37 41 42 44 50 77 0 21 47 32 38 12 45 22 58 2 55 53 99 31 39 14 20 68 90 7 80 94 33 89 27 69 35 78 54 61 93 18 65 52 57 8 64 25 5 9 91 92 71 13 29 23 4 48 60 63 98 97 59 15 56 62 66 6 24 72 96 75 87 46
Coste: -2147483451

GENERACION: 600
Mejor Solucion:  47 85 9 42 73 81 93 84 33 94 51 90 95 92 49 67 18 88 30 35 89 54 53 50 45 3 74 77 37 79 83 82 28 36 99 46 52 14 70 25 6 68 8 58 5 41 16 32 21 80 39 86 91 1 76 62 98 63 26 72 34 29 59 75 23 20 2 17 12 57 11 4 87 38 7 56 19 13 65 43 64 44 96 60 66 48 31 22 97 61 10 15 71 69 0 78 55 24 27 40
Coste: -2147483535

GENERACION: 605
Mejor Solucion:  47 85 9 42 73 81 93 84 33 94 51 90 95 92 49 67 18 88 30 35 89 54 53 50 45 3 74 77 37 79 83 82 28 36 99 46 52 14 70 25 6 68 8 58 5 41 16 32 21 80 39 86 91 1 76 62 98 63 26 72 34 29 59 75 23 20 2 17 12 57 11 4 87 38 7 56 19 13 65 43 64 44 96 60 66 48 31 22 97 61 10 15 71 69 0 78 55 24 27 40
Coste: -2147483535

GENERACION: 610
Mejor Solucion:  47 85 9 42 73 81 93 84 33 94 51 90 95 92 49 67 18 88 30 35 89 54 53 50 45 3 74 77 37 79 83 82 28 36 99 46 52 14 70 25 6 68 8 58 5 41 16 32 21 80 39 86 91 1 76 62 98 63 26 72 34 29 59 75 23 20 2 17 12 57 11 4 87 38 7 56 19 13 65 43 64 44 96 60 66 48 31 22 97 61 10 15 71 69 0 78 55 24 27 40
Coste: -2147483535

GENERACION: 615
Mejor Solucion:  47 85 9 42 73 81 93 84 33 94 51 90 95 92 49 67 18 88 30 35 89 54 53 50 45 3 74 77 37 79 83 82 28 36 99 46 52 14 70 25 6 68 8 58 5 41 16 32 21 80 39 86 91 1 76 62 98 63 26 72 34 29 59 75 23 20 2 17 12 57 11 4 87 38 7 56 19 13 65 43 64 44 96 60 66 48 31 22 97 61 10 15 71 69 0 78 55 24 27 40
Coste: -2147483535

GENERACION: 620
Mejor Solucion:  47 85 9 42 73 81 93 84 33 94 51 90 95 92 49 67 18 88 30 35 89 54 53 50 45 3 74 77 37 79 83 82 28 36 99 46 52 14 70 25 6 68 8 58 5 41 16 32 21 80 39 86 91 1 76 62 98 63 26 72 34 29 59 75 23 20 2 17 12 57 11 4 87 38 7 56 19 13 65 43 64 44 96 60 66 48 31 22 97 61 10 15 71 69 0 78 55 24 27 40
Coste: -2147483535

GENERACION: 625
Mejor Solucion:  47 85 9 42 73 81 93 84 33 94 51 90 95 92 49 67 18 88 30 35 89 54 53 50 45 3 74 77 37 79 83 82 28 36 99 46 52 14 70 25 6 68 8 58 5 41 16 32 21 80 39 86 91 1 76 62 98 63 26 72 34 29 59 75 23 20 2 17 12 57 11 4 87 38 7 56 19 13 65 43 64 44 96 60 66 48 31 22 97 61 10 15 71 69 0 78 55 24 27 40
Coste: -2147483535

GENERACION: 630
Mejor Solucion:  47 85 9 42 73 81 93 84 33 94 51 90 95 92 49 67 18 88 30 35 89 54 53 50 45 3 74 77 37 79 83 82 28 36 99 46 52 14 70 25 6 68 8 58 5 41 16 32 21 80 39 86 91 1 76 62 98 63 26 72 34 29 59 75 23 20 2 17 12 57 11 4 87 38 7 56 19 13 65 43 64 44 96 60 66 48 31 22 97 61 10 15 71 69 0 78 55 24 27 40
Coste: -2147483535

GENERACION: 635
Mejor Solucion:  47 85 9 42 73 81 93 84 33 94 51 90 95 92 49 67 18 88 30 35 89 54 53 50 45 3 74 77 37 79 83 82 28 36 99 46 52 14 70 25 6 68 8 58 5 41 16 32 21 80 39 86 91 1 76 62 98 63 26 72 34 29 59 75 23 20 2 17 12 57 11 4 87 38 7 56 19 13 65 43 64 44 96 60 66 48 31 22 97 61 10 15 71 69 0 78 55 24 27 40
Coste: -2147483535

GENERACION: 640
Mejor Solucion:  47 85 9 42 73 81 93 84 33 94 51 90 95 92 49 67 18 88 30 35 89 54 53 50 45 3 74 77 37 79 83 82 28 36 99 46 52 14 70 25 6 68 8 58 5 41 16 32 21 80 39 86 91 1 76 62 98 63 26 72 34 29 59 75 23 20 2 17 12 57 11 4 87 38 7 56 19 13 65 43 64 44 96 60 66 48 31 22 97 61 10 15 71 69 0 78 55 24 27 40
Coste: -2147483535

GENERACION: 645
Mejor Solucion:  47 85 9 42 73 81 93 84 33 94 51 90 95 92 49 67 18 88 30 35 89 54 53 50 45 3 74 77 37 79 83 82 28 36 99 46 52 14 70 25 6 68 8 58 5 41 16 32 21 80 39 86 91 1 76 62 98 63 26 72 34 29 59 75 23 20 2 17 12 57 11 4 87 38 7 56 19 13 65 43 64 44 96 60 66 48 31 22 97 61 10 15 71 69 0 78 55 24 27 40
Coste: -2147483535

GENERACION: 650
Mejor Solucion:  47 85 9 42 73 81 93 84 33 94 51 90 95 92 49 67 18 88 30 35 89 54 53 50 45 3 74 77 37 79 83 82 28 36 99 46 52 14 70 25 6 68 8 58 5 41 16 32 21 80 39 86 91 1 76 62 98 63 26 72 34 29 59 75 23 20 2 17 12 57 11 4 87 38 7 56 19 13 65 43 64 44 96 60 66 48 31 22 97 61 10 15 71 69 0 78 55 24 27 40
Coste: -2147483535

GENERACION: 655
Mejor Solucion:  47 85 9 42 73 81 93 84 33 94 51 90 95 92 49 67 18 88 30 35 89 54 53 50 45 3 74 77 37 79 83 82 28 36 99 46 52 14 70 25 6 68 8 58 5 41 16 32 21 80 39 86 91 1 76 62 98 63 26 72 34 29 59 75 23 20 2 17 12 57 11 4 87 38 7 56 19 13 65 43 64 44 96 60 66 48 31 22 97 61 10 15 71 69 0 78 55 24 27 40
Coste: -2147483535

GENERACION: 660
Mejor Solucion:  47 85 9 42 73 81 93 84 33 94 51 90 95 92 49 67 18 88 30 35 89 54 53 50 45 3 74 77 37 79 83 82 28 36 99 46 52 14 70 25 6 68 8 58 5 41 16 32 21 80 39 86 91 1 76 62 98 63 26 72 34 29 59 75 23 20 2 17 12 57 11 4 87 38 7 56 19 13 65 43 64 44 96 60 66 48 31 22 97 61 10 15 71 69 0 78 55 24 27 40
Coste: -2147483535

GENERACION: 665
Mejor Solucion:  47 85 9 42 73 81 93 84 33 94 51 90 95 92 49 67 18 88 30 35 89 54 53 50 45 3 74 77 37 79 83 82 28 36 99 46 52 14 70 25 6 68 8 58 5 41 16 32 21 80 39 86 91 1 76 62 98 63 26 72 34 29 59 75 23 20 2 17 12 57 11 4 87 38 7 56 19 13 65 43 64 44 96 60 66 48 31 22 97 61 10 15 71 69 0 78 55 24 27 40
Coste: -2147483535

GENERACION: 670
Mejor Solucion:  47 85 9 42 73 81 93 84 33 94 51 90 95 92 49 67 18 88 30 35 89 54 53 50 45 3 74 77 37 79 83 82 28 36 99 46 52 14 70 25 6 68 8 58 5 41 16 32 21 80 39 86 91 1 76 62 98 63 26 72 34 29 59 75 23 20 2 17 12 57 11 4 87 38 7 56 19 13 65 43 64 44 96 60 66 48 31 22 97 61 10 15 71 69 0 78 55 24 27 40
Coste: -2147483535

GENERACION: 675
Mejor Solucion:  47 85 9 42 73 81 93 84 33 94 51 90 95 92 49 67 18 88 30 35 89 54 53 50 45 3 74 77 37 79 83 82 28 36 99 46 52 14 70 25 6 68 8 58 5 41 16 32 21 80 39 86 91 1 76 62 98 63 26 72 34 29 59 75 23 20 2 17 12 57 11 4 87 38 7 56 19 13 65 43 64 44 96 60 66 48 31 22 97 61 10 15 71 69 0 78 55 24 27 40
Coste: -2147483535

GENERACION: 680
Mejor Solucion:  47 85 9 42 73 81 93 84 33 94 51 90 95 92 49 67 18 88 30 35 89 54 53 50 45 3 74 77 37 79 83 82 28 36 99 46 52 14 70 25 6 68 8 58 5 41 16 32 21 80 39 86 91 1 76 62 98 63 26 72 34 29 59 75 23 20 2 17 12 57 11 4 87 38 7 56 19 13 65 43 64 44 96 60 66 48 31 22 97 61 10 15 71 69 0 78 55 24 27 40
Coste: -2147483535

GENERACION: 685
Mejor Solucion:  47 85 9 42 73 81 93 84 33 94 51 90 95 92 49 67 18 88 30 35 89 54 53 50 45 3 74 77 37 79 83 82 28 36 99 46 52 14 70 25 6 68 8 58 5 41 16 32 21 80 39 86 91 1 76 62 98 63 26 72 34 29 59 75 23 20 2 17 12 57 11 4 87 38 7 56 19 13 65 43 64 44 96 60 66 48 31 22 97 61 10 15 71 69 0 78 55 24 27 40
Coste: -2147483535

GENERACION: 690
Mejor Solucion:  47 85 9 42 73 81 93 84 33 94 51 90 95 92 49 67 18 88 30 35 89 54 53 50 45 3 74 77 37 79 83 82 28 36 99 46 52 14 70 25 6 68 8 58 5 41 16 32 21 80 39 86 91 1 76 62 98 63 26 72 34 29 59 75 23 20 2 17 12 57 11 4 87 38 7 56 19 13 65 43 64 44 96 60 66 48 31 22 97 61 10 15 71 69 0 78 55 24 27 40
Coste: -2147483535

GENERACION: 695
Mejor Solucion:  47 85 9 42 73 81 93 84 33 94 51 90 95 92 49 67 18 88 30 35 89 54 53 50 45 3 74 77 37 79 83 82 28 36 99 46 52 14 70 25 6 68 8 58 5 41 16 32 21 80 39 86 91 1 76 62 98 63 26 72 34 29 59 75 23 20 2 17 12 57 11 4 87 38 7 56 19 13 65 43 64 44 96 60 66 48 31 22 97 61 10 15 71 69 0 78 55 24 27 40
Coste: -2147483535

GENERACION: 700
Mejor Solucion:  47 85 9 42 73 81 93 84 33 94 51 90 95 92 49 67 18 88 30 35 89 54 53 50 45 3 74 77 37 79 83 82 28 36 99 46 52 14 70 25 6 68 8 58 5 41 16 32 21 80 39 86 91 1 76 62 98 63 26 72 34 29 59 75 23 20 2 17 12 57 11 4 87 38 7 56 19 13 65 43 64 44 96 60 66 48 31 22 97 61 10 15 71 69 0 78 55 24 27 40
Coste: -2147483535

GENERACION: 705
Mejor Solucion:  47 85 9 42 73 81 93 84 33 94 51 90 95 92 49 67 18 88 30 35 89 54 53 50 45 3 74 77 37 79 83 82 28 36 99 46 52 14 70 25 6 68 8 58 5 41 16 32 21 80 39 86 91 1 76 62 98 63 26 72 34 29 59 75 23 20 2 17 12 57 11 4 87 38 7 56 19 13 65 43 64 44 96 60 66 48 31 22 97 61 10 15 71 69 0 78 55 24 27 40
Coste: -2147483535

GENERACION: 710
Mejor Solucion:  47 85 9 42 73 81 93 84 33 94 51 90 95 92 49 67 18 88 30 35 89 54 53 50 45 3 74 77 37 79 83 82 28 36 99 46 52 14 70 25 6 68 8 58 5 41 16 32 21 80 39 86 91 1 76 62 98 63 26 72 34 29 59 75 23 20 2 17 12 57 11 4 87 38 7 56 19 13 65 43 64 44 96 60 66 48 31 22 97 61 10 15 71 69 0 78 55 24 27 40
Coste: -2147483535

GENERACION: 715
Mejor Solucion:  47 85 9 42 73 81 93 84 33 94 51 90 95 92 49 67 18 88 30 35 89 54 53 50 45 3 74 77 37 79 83 82 28 36 99 46 52 14 70 25 6 68 8 58 5 41 16 32 21 80 39 86 91 1 76 62 98 63 26 72 34 29 59 75 23 20 2 17 12 57 11 4 87 38 7 56 19 13 65 43 64 44 96 60 66 48 31 22 97 61 10 15 71 69 0 78 55 24 27 40
Coste: -2147483535

GENERACION: 720
Mejor Solucion:  47 85 9 42 73 81 93 84 33 94 51 90 95 92 49 67 18 88 30 35 89 54 53 50 45 3 74 77 37 79 83 82 28 36 99 46 52 14 70 25 6 68 8 58 5 41 16 32 21 80 39 86 91 1 76 62 98 63 26 72 34 29 59 75 23 20 2 17 12 57 11 4 87 38 7 56 19 13 65 43 64 44 96 60 66 48 31 22 97 61 10 15 71 69 0 78 55 24 27 40
Coste: -2147483535

GENERACION: 725
Mejor Solucion:  47 85 9 42 73 81 93 84 33 94 51 90 95 92 49 67 18 88 30 35 89 54 53 50 45 3 74 77 37 79 83 82 28 36 99 46 52 14 70 25 6 68 8 58 5 41 16 32 21 80 39 86 91 1 76 62 98 63 26 72 34 29 59 75 23 20 2 17 12 57 11 4 87 38 7 56 19 13 65 43 64 44 96 60 66 48 31 22 97 61 10 15 71 69 0 78 55 24 27 40
Coste: -2147483535

GENERACION: 730
Mejor Solucion:  47 85 9 42 73 81 93 84 33 94 51 90 95 92 49 67 18 88 30 35 89 54 53 50 45 3 74 77 37 79 83 82 28 36 99 46 52 14 70 25 6 68 8 58 5 41 16 32 21 80 39 86 91 1 76 62 98 63 26 72 34 29 59 75 23 20 2 17 12 57 11 4 87 38 7 56 19 13 65 43 64 44 96 60 66 48 31 22 97 61 10 15 71 69 0 78 55 24 27 40
Coste: -2147483535

GENERACION: 735
Mejor Solucion:  47 85 9 42 73 81 93 84 33 94 51 90 95 92 49 67 18 88 30 35 89 54 53 50 45 3 74 77 37 79 83 82 28 36 99 46 52 14 70 25 6 68 8 58 5 41 16 32 21 80 39 86 91 1 76 62 98 63 26 72 34 29 59 75 23 20 2 17 12 57 11 4 87 38 7 56 19 13 65 43 64 44 96 60 66 48 31 22 97 61 10 15 71 69 0 78 55 24 27 40
Coste: -2147483535

GENERACION: 740
Mejor Solucion:  47 85 9 42 73 81 93 84 33 94 51 90 95 92 49 67 18 88 30 35 89 54 53 50 45 3 74 77 37 79 83 82 28 36 99 46 52 14 70 25 6 68 8 58 5 41 16 32 21 80 39 86 91 1 76 62 98 63 26 72 34 29 59 75 23 20 2 17 12 57 11 4 87 38 7 56 19 13 65 43 64 44 96 60 66 48 31 22 97 61 10 15 71 69 0 78 55 24 27 40
Coste: -2147483535

GENERACION: 745
Mejor Solucion:  47 85 9 42 73 81 93 84 33 94 51 90 95 92 49 67 18 88 30 35 89 54 53 50 45 3 74 77 37 79 83 82 28 36 99 46 52 14 70 25 6 68 8 58 5 41 16 32 21 80 39 86 91 1 76 62 98 63 26 72 34 29 59 75 23 20 2 17 12 57 11 4 87 38 7 56 19 13 65 43 64 44 96 60 66 48 31 22 97 61 10 15 71 69 0 78 55 24 27 40
Coste: -2147483535

GENERACION: 750
Mejor Solucion:  47 85 9 42 73 81 93 84 33 94 51 90 95 92 49 67 18 88 30 35 89 54 53 50 45 3 74 77 37 79 83 82 28 36 99 46 52 14 70 25 6 68 8 58 5 41 16 32 21 80 39 86 91 1 76 62 98 63 26 72 34 29 59 75 23 20 2 17 12 57 11 4 87 38 7 56 19 13 65 43 64 44 96 60 66 48 31 22 97 61 10 15 71 69 0 78 55 24 27 40
Coste: -2147483535

GENERACION: 755
Mejor Solucion:  47 85 9 42 73 81 93 84 33 94 51 90 95 92 49 67 18 88 30 35 89 54 53 50 45 3 74 77 37 79 83 82 28 36 99 46 52 14 70 25 6 68 8 58 5 41 16 32 21 80 39 86 91 1 76 62 98 63 26 72 34 29 59 75 23 20 2 17 12 57 11 4 87 38 7 56 19 13 65 43 64 44 96 60 66 48 31 22 97 61 10 15 71 69 0 78 55 24 27 40
Coste: -2147483535

GENERACION: 760
Mejor Solucion:  47 85 9 42 73 81 93 84 33 94 51 90 95 92 49 67 18 88 30 35 89 54 53 50 45 3 74 77 37 79 83 82 28 36 99 46 52 14 70 25 6 68 8 58 5 41 16 32 21 80 39 86 91 1 76 62 98 63 26 72 34 29 59 75 23 20 2 17 12 57 11 4 87 38 7 56 19 13 65 43 64 44 96 60 66 48 31 22 97 61 10 15 71 69 0 78 55 24 27 40
Coste: -2147483535

GENERACION: 765
Mejor Solucion:  47 85 9 42 73 81 93 84 33 94 51 90 95 92 49 67 18 88 30 35 89 54 53 50 45 3 74 77 37 79 83 82 28 36 99 46 52 14 70 25 6 68 8 58 5 41 16 32 21 80 39 86 91 1 76 62 98 63 26 72 34 29 59 75 23 20 2 17 12 57 11 4 87 38 7 56 19 13 65 43 64 44 96 60 66 48 31 22 97 61 10 15 71 69 0 78 55 24 27 40
Coste: -2147483535

GENERACION: 770
Mejor Solucion:  47 85 9 42 73 81 93 84 33 94 51 90 95 92 49 67 18 88 30 35 89 54 53 50 45 3 74 77 37 79 83 82 28 36 99 46 52 14 70 25 6 68 8 58 5 41 16 32 21 80 39 86 91 1 76 62 98 63 26 72 34 29 59 75 23 20 2 17 12 57 11 4 87 38 7 56 19 13 65 43 64 44 96 60 66 48 31 22 97 61 10 15 71 69 0 78 55 24 27 40
Coste: -2147483535

GENERACION: 775
Mejor Solucion:  47 85 9 42 73 81 93 84 33 94 51 90 95 92 49 67 18 88 30 35 89 54 53 50 45 3 74 77 37 79 83 82 28 36 99 46 52 14 70 25 6 68 8 58 5 41 16 32 21 80 39 86 91 1 76 62 98 63 26 72 34 29 59 75 23 20 2 17 12 57 11 4 87 38 7 56 19 13 65 43 64 44 96 60 66 48 31 22 97 61 10 15 71 69 0 78 55 24 27 40
Coste: -2147483535

GENERACION: 780
Mejor Solucion:  47 85 9 42 73 81 93 84 33 94 51 90 95 92 49 67 18 88 30 35 89 54 53 50 45 3 74 77 37 79 83 82 28 36 99 46 52 14 70 25 6 68 8 58 5 41 16 32 21 80 39 86 91 1 76 62 98 63 26 72 34 29 59 75 23 20 2 17 12 57 11 4 87 38 7 56 19 13 65 43 64 44 96 60 66 48 31 22 97 61 10 15 71 69 0 78 55 24 27 40
Coste: -2147483535

GENERACION: 785
Mejor Solucion:  47 85 9 42 73 81 93 84 33 94 51 90 95 92 49 67 18 88 30 35 89 54 53 50 45 3 74 77 37 79 83 82 28 36 99 46 52 14 70 25 6 68 8 58 5 41 16 32 21 80 39 86 91 1 76 62 98 63 26 72 34 29 59 75 23 20 2 17 12 57 11 4 87 38 7 56 19 13 65 43 64 44 96 60 66 48 31 22 97 61 10 15 71 69 0 78 55 24 27 40
Coste: -2147483535

GENERACION: 790
Mejor Solucion:  47 85 9 42 73 81 93 84 33 94 51 90 95 92 49 67 18 88 30 35 89 54 53 50 45 3 74 77 37 79 83 82 28 36 99 46 52 14 70 25 6 68 8 58 5 41 16 32 21 80 39 86 91 1 76 62 98 63 26 72 34 29 59 75 23 20 2 17 12 57 11 4 87 38 7 56 19 13 65 43 64 44 96 60 66 48 31 22 97 61 10 15 71 69 0 78 55 24 27 40
Coste: -2147483535

GENERACION: 795
Mejor Solucion:  47 85 9 42 73 81 93 84 33 94 51 90 95 92 49 67 18 88 30 35 89 54 53 50 45 3 74 77 37 79 83 82 28 36 99 46 52 14 70 25 6 68 8 58 5 41 16 32 21 80 39 86 91 1 76 62 98 63 26 72 34 29 59 75 23 20 2 17 12 57 11 4 87 38 7 56 19 13 65 43 64 44 96 60 66 48 31 22 97 61 10 15 71 69 0 78 55 24 27 40
Coste: -2147483535

GENERACION: 800
Mejor Solucion:  47 85 9 42 73 81 93 84 33 94 51 90 95 92 49 67 18 88 30 35 89 54 53 50 45 3 74 77 37 79 83 82 28 36 99 46 52 14 70 25 6 68 8 58 5 41 16 32 21 80 39 86 91 1 76 62 98 63 26 72 34 29 59 75 23 20 2 17 12 57 11 4 87 38 7 56 19 13 65 43 64 44 96 60 66 48 31 22 97 61 10 15 71 69 0 78 55 24 27 40
Coste: -2147483535

GENERACION: 805
Mejor Solucion:  47 85 9 42 73 81 93 84 33 94 51 90 95 92 49 67 18 88 30 35 89 54 53 50 45 3 74 77 37 79 83 82 28 36 99 46 52 14 70 25 6 68 8 58 5 41 16 32 21 80 39 86 91 1 76 62 98 63 26 72 34 29 59 75 23 20 2 17 12 57 11 4 87 38 7 56 19 13 65 43 64 44 96 60 66 48 31 22 97 61 10 15 71 69 0 78 55 24 27 40
Coste: -2147483535

GENERACION: 810
Mejor Solucion:  47 85 9 42 73 81 93 84 33 94 51 90 95 92 49 67 18 88 30 35 89 54 53 50 45 3 74 77 37 79 83 82 28 36 99 46 52 14 70 25 6 68 8 58 5 41 16 32 21 80 39 86 91 1 76 62 98 63 26 72 34 29 59 75 23 20 2 17 12 57 11 4 87 38 7 56 19 13 65 43 64 44 96 60 66 48 31 22 97 61 10 15 71 69 0 78 55 24 27 40
Coste: -2147483535

GENERACION: 815
Mejor Solucion:  47 85 9 42 73 81 93 84 33 94 51 90 95 92 49 67 18 88 30 35 89 54 53 50 45 3 74 77 37 79 83 82 28 36 99 46 52 14 70 25 6 68 8 58 5 41 16 32 21 80 39 86 91 1 76 62 98 63 26 72 34 29 59 75 23 20 2 17 12 57 11 4 87 38 7 56 19 13 65 43 64 44 96 60 66 48 31 22 97 61 10 15 71 69 0 78 55 24 27 40
Coste: -2147483535

GENERACION: 820
Mejor Solucion:  47 85 9 42 73 81 93 84 33 94 51 90 95 92 49 67 18 88 30 35 89 54 53 50 45 3 74 77 37 79 83 82 28 36 99 46 52 14 70 25 6 68 8 58 5 41 16 32 21 80 39 86 91 1 76 62 98 63 26 72 34 29 59 75 23 20 2 17 12 57 11 4 87 38 7 56 19 13 65 43 64 44 96 60 66 48 31 22 97 61 10 15 71 69 0 78 55 24 27 40
Coste: -2147483535

GENERACION: 825
Mejor Solucion:  47 85 9 42 73 81 93 84 33 94 51 90 95 92 49 67 18 88 30 35 89 54 53 50 45 3 74 77 37 79 83 82 28 36 99 46 52 14 70 25 6 68 8 58 5 41 16 32 21 80 39 86 91 1 76 62 98 63 26 72 34 29 59 75 23 20 2 17 12 57 11 4 87 38 7 56 19 13 65 43 64 44 96 60 66 48 31 22 97 61 10 15 71 69 0 78 55 24 27 40
Coste: -2147483535

GENERACION: 830
Mejor Solucion:  47 85 9 42 73 81 93 84 33 94 51 90 95 92 49 67 18 88 30 35 89 54 53 50 45 3 74 77 37 79 83 82 28 36 99 46 52 14 70 25 6 68 8 58 5 41 16 32 21 80 39 86 91 1 76 62 98 63 26 72 34 29 59 75 23 20 2 17 12 57 11 4 87 38 7 56 19 13 65 43 64 44 96 60 66 48 31 22 97 61 10 15 71 69 0 78 55 24 27 40
Coste: -2147483535

GENERACION: 835
Mejor Solucion:  47 85 9 42 73 81 93 84 33 94 51 90 95 92 49 67 18 88 30 35 89 54 53 50 45 3 74 77 37 79 83 82 28 36 99 46 52 14 70 25 6 68 8 58 5 41 16 32 21 80 39 86 91 1 76 62 98 63 26 72 34 29 59 75 23 20 2 17 12 57 11 4 87 38 7 56 19 13 65 43 64 44 96 60 66 48 31 22 97 61 10 15 71 69 0 78 55 24 27 40
Coste: -2147483535

GENERACION: 840
Mejor Solucion:  47 85 9 42 73 81 93 84 33 94 51 90 95 92 49 67 18 88 30 35 89 54 53 50 45 3 74 77 37 79 83 82 28 36 99 46 52 14 70 25 6 68 8 58 5 41 16 32 21 80 39 86 91 1 76 62 98 63 26 72 34 29 59 75 23 20 2 17 12 57 11 4 87 38 7 56 19 13 65 43 64 44 96 60 66 48 31 22 97 61 10 15 71 69 0 78 55 24 27 40
Coste: -2147483535

GENERACION: 845
Mejor Solucion:  47 85 9 42 73 81 93 84 33 94 51 90 95 92 49 67 18 88 30 35 89 54 53 50 45 3 74 77 37 79 83 82 28 36 99 46 52 14 70 25 6 68 8 58 5 41 16 32 21 80 39 86 91 1 76 62 98 63 26 72 34 29 59 75 23 20 2 17 12 57 11 4 87 38 7 56 19 13 65 43 64 44 96 60 66 48 31 22 97 61 10 15 71 69 0 78 55 24 27 40
Coste: -2147483535

GENERACION: 850
Mejor Solucion:  47 85 9 42 73 81 93 84 33 94 51 90 95 92 49 67 18 88 30 35 89 54 53 50 45 3 74 77 37 79 83 82 28 36 99 46 52 14 70 25 6 68 8 58 5 41 16 32 21 80 39 86 91 1 76 62 98 63 26 72 34 29 59 75 23 20 2 17 12 57 11 4 87 38 7 56 19 13 65 43 64 44 96 60 66 48 31 22 97 61 10 15 71 69 0 78 55 24 27 40
Coste: -2147483535

GENERACION: 855
Mejor Solucion:  47 85 9 42 73 81 93 84 33 94 51 90 95 92 49 67 18 88 30 35 89 54 53 50 45 3 74 77 37 79 83 82 28 36 99 46 52 14 70 25 6 68 8 58 5 41 16 32 21 80 39 86 91 1 76 62 98 63 26 72 34 29 59 75 23 20 2 17 12 57 11 4 87 38 7 56 19 13 65 43 64 44 96 60 66 48 31 22 97 61 10 15 71 69 0 78 55 24 27 40
Coste: -2147483535

GENERACION: 860
Mejor Solucion:  47 85 9 42 73 81 93 84 33 94 51 90 95 92 49 67 18 88 30 35 89 54 53 50 45 3 74 77 37 79 83 82 28 36 99 46 52 14 70 25 6 68 8 58 5 41 16 32 21 80 39 86 91 1 76 62 98 63 26 72 34 29 59 75 23 20 2 17 12 57 11 4 87 38 7 56 19 13 65 43 64 44 96 60 66 48 31 22 97 61 10 15 71 69 0 78 55 24 27 40
Coste: -2147483535

GENERACION: 865
Mejor Solucion:  47 85 9 42 73 81 93 84 33 94 51 90 95 92 49 67 18 88 30 35 89 54 53 50 45 3 74 77 37 79 83 82 28 36 99 46 52 14 70 25 6 68 8 58 5 41 16 32 21 80 39 86 91 1 76 62 98 63 26 72 34 29 59 75 23 20 2 17 12 57 11 4 87 38 7 56 19 13 65 43 64 44 96 60 66 48 31 22 97 61 10 15 71 69 0 78 55 24 27 40
Coste: -2147483535

GENERACION: 870
Mejor Solucion:  47 85 9 42 73 81 93 84 33 94 51 90 95 92 49 67 18 88 30 35 89 54 53 50 45 3 74 77 37 79 83 82 28 36 99 46 52 14 70 25 6 68 8 58 5 41 16 32 21 80 39 86 91 1 76 62 98 63 26 72 34 29 59 75 23 20 2 17 12 57 11 4 87 38 7 56 19 13 65 43 64 44 96 60 66 48 31 22 97 61 10 15 71 69 0 78 55 24 27 40
Coste: -2147483535

GENERACION: 875
Mejor Solucion:  47 85 9 42 73 81 93 84 33 94 51 90 95 92 49 67 18 88 30 35 89 54 53 50 45 3 74 77 37 79 83 82 28 36 99 46 52 14 70 25 6 68 8 58 5 41 16 32 21 80 39 86 91 1 76 62 98 63 26 72 34 29 59 75 23 20 2 17 12 57 11 4 87 38 7 56 19 13 65 43 64 44 96 60 66 48 31 22 97 61 10 15 71 69 0 78 55 24 27 40
Coste: -2147483535

GENERACION: 880
Mejor Solucion:  47 85 9 42 73 81 93 84 33 94 51 90 95 92 49 67 18 88 30 35 89 54 53 50 45 3 74 77 37 79 83 82 28 36 99 46 52 14 70 25 6 68 8 58 5 41 16 32 21 80 39 86 91 1 76 62 98 63 26 72 34 29 59 75 23 20 2 17 12 57 11 4 87 38 7 56 19 13 65 43 64 44 96 60 66 48 31 22 97 61 10 15 71 69 0 78 55 24 27 40
Coste: -2147483535

GENERACION: 885
Mejor Solucion:  47 85 9 42 73 81 93 84 33 94 51 90 95 92 49 67 18 88 30 35 89 54 53 50 45 3 74 77 37 79 83 82 28 36 99 46 52 14 70 25 6 68 8 58 5 41 16 32 21 80 39 86 91 1 76 62 98 63 26 72 34 29 59 75 23 20 2 17 12 57 11 4 87 38 7 56 19 13 65 43 64 44 96 60 66 48 31 22 97 61 10 15 71 69 0 78 55 24 27 40
Coste: -2147483535

GENERACION: 890
Mejor Solucion:  47 85 9 42 73 81 93 84 33 94 51 90 95 92 49 67 18 88 30 35 89 54 53 50 45 3 74 77 37 79 83 82 28 36 99 46 52 14 70 25 6 68 8 58 5 41 16 32 21 80 39 86 91 1 76 62 98 63 26 72 34 29 59 75 23 20 2 17 12 57 11 4 87 38 7 56 19 13 65 43 64 44 96 60 66 48 31 22 97 61 10 15 71 69 0 78 55 24 27 40
Coste: -2147483535

GENERACION: 895
Mejor Solucion:  47 85 9 42 73 81 93 84 33 94 51 90 95 92 49 67 18 88 30 35 89 54 53 50 45 3 74 77 37 79 83 82 28 36 99 46 52 14 70 25 6 68 8 58 5 41 16 32 21 80 39 86 91 1 76 62 98 63 26 72 34 29 59 75 23 20 2 17 12 57 11 4 87 38 7 56 19 13 65 43 64 44 96 60 66 48 31 22 97 61 10 15 71 69 0 78 55 24 27 40
Coste: -2147483535

GENERACION: 900
Mejor Solucion:  47 85 9 42 73 81 93 84 33 94 51 90 95 92 49 67 18 88 30 35 89 54 53 50 45 3 74 77 37 79 83 82 28 36 99 46 52 14 70 25 6 68 8 58 5 41 16 32 21 80 39 86 91 1 76 62 98 63 26 72 34 29 59 75 23 20 2 17 12 57 11 4 87 38 7 56 19 13 65 43 64 44 96 60 66 48 31 22 97 61 10 15 71 69 0 78 55 24 27 40
Coste: -2147483535

GENERACION: 905
Mejor Solucion:  47 85 9 42 73 81 93 84 33 94 51 90 95 92 49 67 18 88 30 35 89 54 53 50 45 3 74 77 37 79 83 82 28 36 99 46 52 14 70 25 6 68 8 58 5 41 16 32 21 80 39 86 91 1 76 62 98 63 26 72 34 29 59 75 23 20 2 17 12 57 11 4 87 38 7 56 19 13 65 43 64 44 96 60 66 48 31 22 97 61 10 15 71 69 0 78 55 24 27 40
Coste: -2147483535

GENERACION: 910
Mejor Solucion:  47 85 9 42 73 81 93 84 33 94 51 90 95 92 49 67 18 88 30 35 89 54 53 50 45 3 74 77 37 79 83 82 28 36 99 46 52 14 70 25 6 68 8 58 5 41 16 32 21 80 39 86 91 1 76 62 98 63 26 72 34 29 59 75 23 20 2 17 12 57 11 4 87 38 7 56 19 13 65 43 64 44 96 60 66 48 31 22 97 61 10 15 71 69 0 78 55 24 27 40
Coste: -2147483535

GENERACION: 915
Mejor Solucion:  47 85 9 42 73 81 93 84 33 94 51 90 95 92 49 67 18 88 30 35 89 54 53 50 45 3 74 77 37 79 83 82 28 36 99 46 52 14 70 25 6 68 8 58 5 41 16 32 21 80 39 86 91 1 76 62 98 63 26 72 34 29 59 75 23 20 2 17 12 57 11 4 87 38 7 56 19 13 65 43 64 44 96 60 66 48 31 22 97 61 10 15 71 69 0 78 55 24 27 40
Coste: -2147483535

GENERACION: 920
Mejor Solucion:  47 85 9 42 73 81 93 84 33 94 51 90 95 92 49 67 18 88 30 35 89 54 53 50 45 3 74 77 37 79 83 82 28 36 99 46 52 14 70 25 6 68 8 58 5 41 16 32 21 80 39 86 91 1 76 62 98 63 26 72 34 29 59 75 23 20 2 17 12 57 11 4 87 38 7 56 19 13 65 43 64 44 96 60 66 48 31 22 97 61 10 15 71 69 0 78 55 24 27 40
Coste: -2147483535

GENERACION: 925
Mejor Solucion:  47 85 9 42 73 81 93 84 33 94 51 90 95 92 49 67 18 88 30 35 89 54 53 50 45 3 74 77 37 79 83 82 28 36 99 46 52 14 70 25 6 68 8 58 5 41 16 32 21 80 39 86 91 1 76 62 98 63 26 72 34 29 59 75 23 20 2 17 12 57 11 4 87 38 7 56 19 13 65 43 64 44 96 60 66 48 31 22 97 61 10 15 71 69 0 78 55 24 27 40
Coste: -2147483535

GENERACION: 930
Mejor Solucion:  47 85 9 42 73 81 93 84 33 94 51 90 95 92 49 67 18 88 30 35 89 54 53 50 45 3 74 77 37 79 83 82 28 36 99 46 52 14 70 25 6 68 8 58 5 41 16 32 21 80 39 86 91 1 76 62 98 63 26 72 34 29 59 75 23 20 2 17 12 57 11 4 87 38 7 56 19 13 65 43 64 44 96 60 66 48 31 22 97 61 10 15 71 69 0 78 55 24 27 40
Coste: -2147483535

GENERACION: 935
Mejor Solucion:  47 85 9 42 73 81 93 84 33 94 51 90 95 92 49 67 18 88 30 35 89 54 53 50 45 3 74 77 37 79 83 82 28 36 99 46 52 14 70 25 6 68 8 58 5 41 16 32 21 80 39 86 91 1 76 62 98 63 26 72 34 29 59 75 23 20 2 17 12 57 11 4 87 38 7 56 19 13 65 43 64 44 96 60 66 48 31 22 97 61 10 15 71 69 0 78 55 24 27 40
Coste: -2147483535

GENERACION: 940
Mejor Solucion:  47 85 9 42 73 81 93 84 33 94 51 90 95 92 49 67 18 88 30 35 89 54 53 50 45 3 74 77 37 79 83 82 28 36 99 46 52 14 70 25 6 68 8 58 5 41 16 32 21 80 39 86 91 1 76 62 98 63 26 72 34 29 59 75 23 20 2 17 12 57 11 4 87 38 7 56 19 13 65 43 64 44 96 60 66 48 31 22 97 61 10 15 71 69 0 78 55 24 27 40
Coste: -2147483535

GENERACION: 945
Mejor Solucion:  47 85 9 42 73 81 93 84 33 94 51 90 95 92 49 67 18 88 30 35 89 54 53 50 45 3 74 77 37 79 83 82 28 36 99 46 52 14 70 25 6 68 8 58 5 41 16 32 21 80 39 86 91 1 76 62 98 63 26 72 34 29 59 75 23 20 2 17 12 57 11 4 87 38 7 56 19 13 65 43 64 44 96 60 66 48 31 22 97 61 10 15 71 69 0 78 55 24 27 40
Coste: -2147483535

GENERACION: 950
Mejor Solucion:  47 85 9 42 73 81 93 84 33 94 51 90 95 92 49 67 18 88 30 35 89 54 53 50 45 3 74 77 37 79 83 82 28 36 99 46 52 14 70 25 6 68 8 58 5 41 16 32 21 80 39 86 91 1 76 62 98 63 26 72 34 29 59 75 23 20 2 17 12 57 11 4 87 38 7 56 19 13 65 43 64 44 96 60 66 48 31 22 97 61 10 15 71 69 0 78 55 24 27 40
Coste: -2147483535

GENERACION: 955
Mejor Solucion:  47 85 9 42 73 81 93 84 33 94 51 90 95 92 49 67 18 88 30 35 89 54 53 50 45 3 74 77 37 79 83 82 28 36 99 46 52 14 70 25 6 68 8 58 5 41 16 32 21 80 39 86 91 1 76 62 98 63 26 72 34 29 59 75 23 20 2 17 12 57 11 4 87 38 7 56 19 13 65 43 64 44 96 60 66 48 31 22 97 61 10 15 71 69 0 78 55 24 27 40
Coste: -2147483535

GENERACION: 960
Mejor Solucion:  47 85 9 42 73 81 93 84 33 94 51 90 95 92 49 67 18 88 30 35 89 54 53 50 45 3 74 77 37 79 83 82 28 36 99 46 52 14 70 25 6 68 8 58 5 41 16 32 21 80 39 86 91 1 76 62 98 63 26 72 34 29 59 75 23 20 2 17 12 57 11 4 87 38 7 56 19 13 65 43 64 44 96 60 66 48 31 22 97 61 10 15 71 69 0 78 55 24 27 40
Coste: -2147483535

GENERACION: 965
Mejor Solucion:  47 85 9 42 73 81 93 84 33 94 51 90 95 92 49 67 18 88 30 35 89 54 53 50 45 3 74 77 37 79 83 82 28 36 99 46 52 14 70 25 6 68 8 58 5 41 16 32 21 80 39 86 91 1 76 62 98 63 26 72 34 29 59 75 23 20 2 17 12 57 11 4 87 38 7 56 19 13 65 43 64 44 96 60 66 48 31 22 97 61 10 15 71 69 0 78 55 24 27 40
Coste: -2147483535

GENERACION: 970
Mejor Solucion:  47 85 9 42 73 81 93 84 33 94 51 90 95 92 49 67 18 88 30 35 89 54 53 50 45 3 74 77 37 79 83 82 28 36 99 46 52 14 70 25 6 68 8 58 5 41 16 32 21 80 39 86 91 1 76 62 98 63 26 72 34 29 59 75 23 20 2 17 12 57 11 4 87 38 7 56 19 13 65 43 64 44 96 60 66 48 31 22 97 61 10 15 71 69 0 78 55 24 27 40
Coste: -2147483535

GENERACION: 975
Mejor Solucion:  47 85 9 42 73 81 93 84 33 94 51 90 95 92 49 67 18 88 30 35 89 54 53 50 45 3 74 77 37 79 83 82 28 36 99 46 52 14 70 25 6 68 8 58 5 41 16 32 21 80 39 86 91 1 76 62 98 63 26 72 34 29 59 75 23 20 2 17 12 57 11 4 87 38 7 56 19 13 65 43 64 44 96 60 66 48 31 22 97 61 10 15 71 69 0 78 55 24 27 40
Coste: -2147483535

GENERACION: 980
Mejor Solucion:  47 85 9 42 73 81 93 84 33 94 51 90 95 92 49 67 18 88 30 35 89 54 53 50 45 3 74 77 37 79 83 82 28 36 99 46 52 14 70 25 6 68 8 58 5 41 16 32 21 80 39 86 91 1 76 62 98 63 26 72 34 29 59 75 23 20 2 17 12 57 11 4 87 38 7 56 19 13 65 43 64 44 96 60 66 48 31 22 97 61 10 15 71 69 0 78 55 24 27 40
Coste: -2147483535

GENERACION: 985
Mejor Solucion:  47 85 9 42 73 81 93 84 33 94 51 90 95 92 49 67 18 88 30 35 89 54 53 50 45 3 74 77 37 79 83 82 28 36 99 46 52 14 70 25 6 68 8 58 5 41 16 32 21 80 39 86 91 1 76 62 98 63 26 72 34 29 59 75 23 20 2 17 12 57 11 4 87 38 7 56 19 13 65 43 64 44 96 60 66 48 31 22 97 61 10 15 71 69 0 78 55 24 27 40
Coste: -2147483535

GENERACION: 990
Mejor Solucion:  47 85 9 42 73 81 93 84 33 94 51 90 95 92 49 67 18 88 30 35 89 54 53 50 45 3 74 77 37 79 83 82 28 36 99 46 52 14 70 25 6 68 8 58 5 41 16 32 21 80 39 86 91 1 76 62 98 63 26 72 34 29 59 75 23 20 2 17 12 57 11 4 87 38 7 56 19 13 65 43 64 44 96 60 66 48 31 22 97 61 10 15 71 69 0 78 55 24 27 40
Coste: -2147483535

GENERACION: 995
Mejor Solucion:  47 85 9 42 73 81 93 84 33 94 51 90 95 92 49 67 18 88 30 35 89 54 53 50 45 3 74 77 37 79 83 82 28 36 99 46 52 14 70 25 6 68 8 58 5 41 16 32 21 80 39 86 91 1 76 62 98 63 26 72 34 29 59 75 23 20 2 17 12 57 11 4 87 38 7 56 19 13 65 43 64 44 96 60 66 48 31 22 97 61 10 15 71 69 0 78 55 24 27 40
Coste: -2147483535

GENERACION: 1000
Mejor Solucion:  47 85 9 42 73 81 93 84 33 94 51 90 95 92 49 67 18 88 30 35 89 54 53 50 45 3 74 77 37 79 83 82 28 36 99 46 52 14 70 25 6 68 8 58 5 41 16 32 21 80 39 86 91 1 76 62 98 63 26 72 34 29 59 75 23 20 2 17 12 57 11 4 87 38 7 56 19 13 65 43 64 44 96 60 66 48 31 22 97 61 10 15 71 69 0 78 55 24 27 40
Coste: -2147483535

