GENERACION: 5
Mejor Solucion:  66 0 16 60 5 20 6 32 11 30 51 47 13 93 1 77 28 58 62 40 88 96 21 10 9 86 95 50 18 43 81 27 75 79 56 61 22 8 41 34 63 33 89 59 94 85 4 7 92 54 53 37 73 84 69 55 45 3 44 25 71 35 82 23 39 36 90 29 68 42 2 49 72 48 99 31 70 80 15 57 74 12 98 24 67 52 14 76 19 46 64 17 65 97 83 91 26 87 78 38
Coste: 1757916845

GENERACION: 10
Mejor Solucion:  32 70 83 12 37 44 95 74 40 1 51 92 86 60 3 47 68 0 57 79 97 93 66 36 98 4 85 88 84 49 81 30 28 94 24 87 99 67 35 73 42 89 34 19 22 20 14 23 76 48 21 56 62 31 91 27 71 33 64 43 13 65 52 46 72 61 9 18 2 69 41 25 75 17 7 63 11 90 29 59 77 53 8 16 54 80 78 10 45 5 50 15 58 38 82 39 96 55 6 26
Coste: -2147483534

GENERACION: 15
Mejor Solucion:  32 70 83 12 37 44 95 74 40 1 51 92 86 60 3 47 68 0 57 79 97 93 66 36 98 4 85 88 84 49 81 30 28 94 24 87 99 67 35 73 42 89 34 19 22 20 14 23 76 48 21 56 62 31 91 27 71 33 64 43 13 65 52 46 72 61 9 18 2 69 41 25 75 17 7 63 11 90 29 59 77 53 8 16 54 80 78 10 45 5 50 15 58 38 82 39 96 55 6 26
Coste: -2147483534

GENERACION: 20
Mejor Solucion:  32 70 83 12 37 44 95 74 40 1 51 92 86 60 3 47 68 0 57 79 97 93 66 36 98 4 85 88 84 49 81 30 28 94 24 87 99 67 35 73 42 89 34 19 22 20 14 23 76 48 21 56 62 31 91 27 71 33 64 43 13 65 52 46 72 61 9 18 2 69 41 25 75 17 7 63 11 90 29 59 77 53 8 16 54 80 78 10 45 5 50 15 58 38 82 39 96 55 6 26
Coste: -2147483534

GENERACION: 25
Mejor Solucion:  32 70 83 12 37 44 95 74 40 1 51 92 86 60 3 47 68 0 57 79 97 93 66 36 98 4 85 88 84 49 81 30 28 94 24 87 99 67 35 73 42 89 34 19 22 20 14 23 76 48 21 56 62 31 91 27 71 33 64 43 13 65 52 46 72 61 9 18 2 69 41 25 75 17 7 63 11 90 29 59 77 53 8 16 54 80 78 10 45 5 50 15 58 38 82 39 96 55 6 26
Coste: -2147483534

GENERACION: 30
Mejor Solucion:  32 70 83 12 37 44 95 74 40 1 51 92 86 60 3 47 68 0 57 79 97 93 66 36 98 4 85 88 84 49 81 30 28 94 24 87 99 67 35 73 42 89 34 19 22 20 14 23 76 48 21 56 62 31 91 27 71 33 64 43 13 65 52 46 72 61 9 18 2 69 41 25 75 17 7 63 11 90 29 59 77 53 8 16 54 80 78 10 45 5 50 15 58 38 82 39 96 55 6 26
Coste: -2147483534

GENERACION: 35
Mejor Solucion:  32 70 83 12 37 44 95 74 40 1 51 92 86 60 3 47 68 0 57 79 97 93 66 36 98 4 85 88 84 49 81 30 28 94 24 87 99 67 35 73 42 89 34 19 22 20 14 23 76 48 21 56 62 31 91 27 71 33 64 43 13 65 52 46 72 61 9 18 2 69 41 25 75 17 7 63 11 90 29 59 77 53 8 16 54 80 78 10 45 5 50 15 58 38 82 39 96 55 6 26
Coste: -2147483534

GENERACION: 40
Mejor Solucion:  1 81 27 77 51 40 36 84 95 21 86 53 11 14 44 91 18 64 66 60 61 9 33 48 93 55 85 79 74 94 73 83 26 65 67 47 49 88 30 20 34 17 22 76 2 80 72 43 37 16 45 7 38 97 71 69 3 5 87 15 70 0 56 42 46 82 28 41 23 75 4 92 52 10 89 99 62 29 68 50 90 32 31 58 6 25 35 39 13 96 98 57 63 54 59 24 8 78 12 19
Coste: -2147483631

GENERACION: 45
Mejor Solucion:  1 81 27 77 51 40 36 84 95 21 86 53 11 14 44 91 18 64 66 60 61 9 33 48 93 55 85 79 74 94 73 83 26 65 67 47 49 88 30 20 34 17 22 76 2 80 72 43 37 16 45 7 38 97 71 69 3 5 87 15 70 0 56 42 46 82 28 41 23 75 4 92 52 10 89 99 62 29 68 50 90 32 31 58 6 25 35 39 13 96 98 57 63 54 59 24 8 78 12 19
Coste: -2147483631

GENERACION: 50
Mejor Solucion:  40 86 95 37 84 83 11 81 51 49 27 93 26 14 22 44 64 89 75 79 59 19 9 92 69 41 74 88 73 65 85 5 18 20 58 34 29 0 43 10 90 72 36 76 6 67 23 32 30 48 3 52 71 2 63 28 13 50 46 61 54 16 80 42 8 82 70 55 77 94 68 4 31 15 91 66 25 96 24 47 39 1 99 33 35 7 56 98 17 53 21 62 78 87 38 97 57 60 45 12
Coste: -2147483643

GENERACION: 55
Mejor Solucion:  40 86 95 37 84 83 11 81 51 49 27 93 26 14 22 44 64 89 75 79 59 19 9 92 69 41 74 88 73 65 85 5 18 20 58 34 29 0 43 10 90 72 36 76 6 67 23 32 30 48 3 52 71 2 63 28 13 50 46 61 54 16 80 42 8 82 70 55 77 94 68 4 31 15 91 66 25 96 24 47 39 1 99 33 35 7 56 98 17 53 21 62 78 87 38 97 57 60 45 12
Coste: -2147483643

GENERACION: 60
Mejor Solucion:  40 86 95 37 84 83 11 81 51 49 27 93 26 14 22 44 64 89 75 79 59 19 9 92 69 41 74 88 73 65 85 5 18 20 58 34 29 0 43 10 90 72 36 76 6 67 23 32 30 48 3 52 71 2 63 28 13 50 46 61 54 16 80 42 8 82 70 55 77 94 68 4 31 15 91 66 25 96 24 47 39 1 99 33 35 7 56 98 17 53 21 62 78 87 38 97 57 60 45 12
Coste: -2147483643

GENERACION: 65
Mejor Solucion:  40 86 95 37 84 83 11 81 51 49 27 93 26 14 22 44 64 89 75 79 59 19 9 92 69 41 74 88 73 65 85 5 18 20 58 34 29 0 43 10 90 72 36 76 6 67 23 32 30 48 3 52 71 2 63 28 13 50 46 61 54 16 80 42 8 82 70 55 77 94 68 4 31 15 91 66 25 96 24 47 39 1 99 33 35 7 56 98 17 53 21 62 78 87 38 97 57 60 45 12
Coste: -2147483643

GENERACION: 70
Mejor Solucion:  40 86 95 37 84 83 11 81 51 49 27 93 26 14 22 44 64 89 75 79 59 19 9 92 69 41 74 88 73 65 85 5 18 20 58 34 29 0 43 10 90 72 36 76 6 67 23 32 30 48 3 52 71 2 63 28 13 50 46 61 54 16 80 42 8 82 70 55 77 94 68 4 31 15 91 66 25 96 24 47 39 1 99 33 35 7 56 98 17 53 21 62 78 87 38 97 57 60 45 12
Coste: -2147483643

GENERACION: 75
Mejor Solucion:  40 86 95 37 84 83 11 81 51 49 27 93 26 14 22 44 64 89 75 79 59 19 9 92 69 41 74 88 73 65 85 5 18 20 58 34 29 0 43 10 90 72 36 76 6 67 23 32 30 48 3 52 71 2 63 28 13 50 46 61 54 16 80 42 8 82 70 55 77 94 68 4 31 15 91 66 25 96 24 47 39 1 99 33 35 7 56 98 17 53 21 62 78 87 38 97 57 60 45 12
Coste: -2147483643

GENERACION: 80
Mejor Solucion:  40 86 95 37 84 83 11 81 51 49 27 93 26 14 22 44 64 89 75 79 59 19 9 92 69 41 74 88 73 65 85 5 18 20 58 34 29 0 43 10 90 72 36 76 6 67 23 32 30 48 3 52 71 2 63 28 13 50 46 61 54 16 80 42 8 82 70 55 77 94 68 4 31 15 91 66 25 96 24 47 39 1 99 33 35 7 56 98 17 53 21 62 78 87 38 97 57 60 45 12
Coste: -2147483643

GENERACION: 85
Mejor Solucion:  40 86 95 37 84 83 11 81 51 49 27 93 26 14 22 44 64 89 75 79 59 19 9 92 69 41 74 88 73 65 85 5 18 20 58 34 29 0 43 10 90 72 36 76 6 67 23 32 30 48 3 52 71 2 63 28 13 50 46 61 54 16 80 42 8 82 70 55 77 94 68 4 31 15 91 66 25 96 24 47 39 1 99 33 35 7 56 98 17 53 21 62 78 87 38 97 57 60 45 12
Coste: -2147483643

GENERACION: 90
Mejor Solucion:  40 86 95 37 84 83 11 81 51 49 27 93 26 14 22 44 64 89 75 79 59 19 9 92 69 41 74 88 73 65 85 5 18 20 58 34 29 0 43 10 90 72 36 76 6 67 23 32 30 48 3 52 71 2 63 28 13 50 46 61 54 16 80 42 8 82 70 55 77 94 68 4 31 15 91 66 25 96 24 47 39 1 99 33 35 7 56 98 17 53 21 62 78 87 38 97 57 60 45 12
Coste: -2147483643

GENERACION: 95
Mejor Solucion:  40 86 95 37 84 83 11 81 51 49 27 93 26 14 22 44 64 89 75 79 59 19 9 92 69 41 74 88 73 65 85 5 18 20 58 34 29 0 43 10 90 72 36 76 6 67 23 32 30 48 3 52 71 2 63 28 13 50 46 61 54 16 80 42 8 82 70 55 77 94 68 4 31 15 91 66 25 96 24 47 39 1 99 33 35 7 56 98 17 53 21 62 78 87 38 97 57 60 45 12
Coste: -2147483643

GENERACION: 100
Mejor Solucion:  40 86 95 37 84 83 11 81 51 49 27 93 26 14 22 44 64 89 75 79 59 19 9 92 69 41 74 88 73 65 85 5 18 20 58 34 29 0 43 10 90 72 36 76 6 67 23 32 30 48 3 52 71 2 63 28 13 50 46 61 54 16 80 42 8 82 70 55 77 94 68 4 31 15 91 66 25 96 24 47 39 1 99 33 35 7 56 98 17 53 21 62 78 87 38 97 57 60 45 12
Coste: -2147483643

GENERACION: 105
Mejor Solucion:  40 86 95 37 84 83 11 81 51 49 27 93 26 14 22 44 64 89 75 79 59 19 9 92 69 41 74 88 73 65 85 5 18 20 58 34 29 0 43 10 90 72 36 76 6 67 23 32 30 48 3 52 71 2 63 28 13 50 46 61 54 16 80 42 8 82 70 55 77 94 68 4 31 15 91 66 25 96 24 47 39 1 99 33 35 7 56 98 17 53 21 62 78 87 38 97 57 60 45 12
Coste: -2147483643

GENERACION: 110
Mejor Solucion:  40 86 95 37 84 83 11 81 51 49 27 93 26 14 22 44 64 89 75 79 59 19 9 92 69 41 74 88 73 65 85 5 18 20 58 34 29 0 43 10 90 72 36 76 6 67 23 32 30 48 3 52 71 2 63 28 13 50 46 61 54 16 80 42 8 82 70 55 77 94 68 4 31 15 91 66 25 96 24 47 39 1 99 33 35 7 56 98 17 53 21 62 78 87 38 97 57 60 45 12
Coste: -2147483643

GENERACION: 115
Mejor Solucion:  40 86 95 37 84 83 11 81 51 49 27 93 26 14 22 44 64 89 75 79 59 19 9 92 69 41 74 88 73 65 85 5 18 20 58 34 29 0 43 10 90 72 36 76 6 67 23 32 30 48 3 52 71 2 63 28 13 50 46 61 54 16 80 42 8 82 70 55 77 94 68 4 31 15 91 66 25 96 24 47 39 1 99 33 35 7 56 98 17 53 21 62 78 87 38 97 57 60 45 12
Coste: -2147483643

GENERACION: 120
Mejor Solucion:  40 86 95 37 84 83 11 81 51 49 27 93 26 14 22 44 64 89 75 79 59 19 9 92 69 41 74 88 73 65 85 5 18 20 58 34 29 0 43 10 90 72 36 76 6 67 23 32 30 48 3 52 71 2 63 28 13 50 46 61 54 16 80 42 8 82 70 55 77 94 68 4 31 15 91 66 25 96 24 47 39 1 99 33 35 7 56 98 17 53 21 62 78 87 38 97 57 60 45 12
Coste: -2147483643

GENERACION: 125
Mejor Solucion:  40 86 95 37 84 83 11 81 51 49 27 93 26 14 22 44 64 89 75 79 59 19 9 92 69 41 74 88 73 65 85 5 18 20 58 34 29 0 43 10 90 72 36 76 6 67 23 32 30 48 3 52 71 2 63 28 13 50 46 61 54 16 80 42 8 82 70 55 77 94 68 4 31 15 91 66 25 96 24 47 39 1 99 33 35 7 56 98 17 53 21 62 78 87 38 97 57 60 45 12
Coste: -2147483643

GENERACION: 130
Mejor Solucion:  40 86 95 37 84 83 11 81 51 49 27 93 26 14 22 44 64 89 75 79 59 19 9 92 69 41 74 88 73 65 85 5 18 20 58 34 29 0 43 10 90 72 36 76 6 67 23 32 30 48 3 52 71 2 63 28 13 50 46 61 54 16 80 42 8 82 70 55 77 94 68 4 31 15 91 66 25 96 24 47 39 1 99 33 35 7 56 98 17 53 21 62 78 87 38 97 57 60 45 12
Coste: -2147483643

GENERACION: 135
Mejor Solucion:  40 86 95 37 84 83 11 81 51 49 27 93 26 14 22 44 64 89 75 79 59 19 9 92 69 41 74 88 73 65 85 5 18 20 58 34 29 0 43 10 90 72 36 76 6 67 23 32 30 48 3 52 71 2 63 28 13 50 46 61 54 16 80 42 8 82 70 55 77 94 68 4 31 15 91 66 25 96 24 47 39 1 99 33 35 7 56 98 17 53 21 62 78 87 38 97 57 60 45 12
Coste: -2147483643

GENERACION: 140
Mejor Solucion:  40 86 95 37 84 83 11 81 51 49 27 93 26 14 22 44 64 89 75 79 59 19 9 92 69 41 74 88 73 65 85 5 18 20 58 34 29 0 43 10 90 72 36 76 6 67 23 32 30 48 3 52 71 2 63 28 13 50 46 61 54 16 80 42 8 82 70 55 77 94 68 4 31 15 91 66 25 96 24 47 39 1 99 33 35 7 56 98 17 53 21 62 78 87 38 97 57 60 45 12
Coste: -2147483643

GENERACION: 145
Mejor Solucion:  40 86 95 37 84 83 11 81 51 49 27 93 26 14 22 44 64 89 75 79 59 19 9 92 69 41 74 88 73 65 85 5 18 20 58 34 29 0 43 10 90 72 36 76 6 67 23 32 30 48 3 52 71 2 63 28 13 50 46 61 54 16 80 42 8 82 70 55 77 94 68 4 31 15 91 66 25 96 24 47 39 1 99 33 35 7 56 98 17 53 21 62 78 87 38 97 57 60 45 12
Coste: -2147483643

GENERACION: 150
Mejor Solucion:  40 86 95 37 84 83 11 81 51 49 27 93 26 14 22 44 64 89 75 79 59 19 9 92 69 41 74 88 73 65 85 5 18 20 58 34 29 0 43 10 90 72 36 76 6 67 23 32 30 48 3 52 71 2 63 28 13 50 46 61 54 16 80 42 8 82 70 55 77 94 68 4 31 15 91 66 25 96 24 47 39 1 99 33 35 7 56 98 17 53 21 62 78 87 38 97 57 60 45 12
Coste: -2147483643

GENERACION: 155
Mejor Solucion:  40 86 95 37 84 83 11 81 51 49 27 93 26 14 22 44 64 89 75 79 59 19 9 92 69 41 74 88 73 65 85 5 18 20 58 34 29 0 43 10 90 72 36 76 6 67 23 32 30 48 3 52 71 2 63 28 13 50 46 61 54 16 80 42 8 82 70 55 77 94 68 4 31 15 91 66 25 96 24 47 39 1 99 33 35 7 56 98 17 53 21 62 78 87 38 97 57 60 45 12
Coste: -2147483643

GENERACION: 160
Mejor Solucion:  40 86 95 37 84 83 11 81 51 49 27 93 26 14 22 44 64 89 75 79 59 19 9 92 69 41 74 88 73 65 85 5 18 20 58 34 29 0 43 10 90 72 36 76 6 67 23 32 30 48 3 52 71 2 63 28 13 50 46 61 54 16 80 42 8 82 70 55 77 94 68 4 31 15 91 66 25 96 24 47 39 1 99 33 35 7 56 98 17 53 21 62 78 87 38 97 57 60 45 12
Coste: -2147483643

GENERACION: 165
Mejor Solucion:  40 86 95 37 84 83 11 81 51 49 27 93 26 14 22 44 64 89 75 79 59 19 9 92 69 41 74 88 73 65 85 5 18 20 58 34 29 0 43 10 90 72 36 76 6 67 23 32 30 48 3 52 71 2 63 28 13 50 46 61 54 16 80 42 8 82 70 55 77 94 68 4 31 15 91 66 25 96 24 47 39 1 99 33 35 7 56 98 17 53 21 62 78 87 38 97 57 60 45 12
Coste: -2147483643

GENERACION: 170
Mejor Solucion:  40 86 95 37 84 83 11 81 51 49 27 93 26 14 22 44 64 89 75 79 59 19 9 92 69 41 74 88 73 65 85 5 18 20 58 34 29 0 43 10 90 72 36 76 6 67 23 32 30 48 3 52 71 2 63 28 13 50 46 61 54 16 80 42 8 82 70 55 77 94 68 4 31 15 91 66 25 96 24 47 39 1 99 33 35 7 56 98 17 53 21 62 78 87 38 97 57 60 45 12
Coste: -2147483643

GENERACION: 175
Mejor Solucion:  40 86 95 37 84 83 11 81 51 49 27 93 26 14 22 44 64 89 75 79 59 19 9 92 69 41 74 88 73 65 85 5 18 20 58 34 29 0 43 10 90 72 36 76 6 67 23 32 30 48 3 52 71 2 63 28 13 50 46 61 54 16 80 42 8 82 70 55 77 94 68 4 31 15 91 66 25 96 24 47 39 1 99 33 35 7 56 98 17 53 21 62 78 87 38 97 57 60 45 12
Coste: -2147483643

GENERACION: 180
Mejor Solucion:  40 86 95 37 84 83 11 81 51 49 27 93 26 14 22 44 64 89 75 79 59 19 9 92 69 41 74 88 73 65 85 5 18 20 58 34 29 0 43 10 90 72 36 76 6 67 23 32 30 48 3 52 71 2 63 28 13 50 46 61 54 16 80 42 8 82 70 55 77 94 68 4 31 15 91 66 25 96 24 47 39 1 99 33 35 7 56 98 17 53 21 62 78 87 38 97 57 60 45 12
Coste: -2147483643

GENERACION: 185
Mejor Solucion:  40 86 95 37 84 83 11 81 51 49 27 93 26 14 22 44 64 89 75 79 59 19 9 92 69 41 74 88 73 65 85 5 18 20 58 34 29 0 43 10 90 72 36 76 6 67 23 32 30 48 3 52 71 2 63 28 13 50 46 61 54 16 80 42 8 82 70 55 77 94 68 4 31 15 91 66 25 96 24 47 39 1 99 33 35 7 56 98 17 53 21 62 78 87 38 97 57 60 45 12
Coste: -2147483643

GENERACION: 190
Mejor Solucion:  40 86 95 37 84 83 11 81 51 49 27 93 26 14 22 44 64 89 75 79 59 19 9 92 69 41 74 88 73 65 85 5 18 20 58 34 29 0 43 10 90 72 36 76 6 67 23 32 30 48 3 52 71 2 63 28 13 50 46 61 54 16 80 42 8 82 70 55 77 94 68 4 31 15 91 66 25 96 24 47 39 1 99 33 35 7 56 98 17 53 21 62 78 87 38 97 57 60 45 12
Coste: -2147483643

GENERACION: 195
Mejor Solucion:  40 86 95 37 84 83 11 81 51 49 27 93 26 14 22 44 64 89 75 79 59 19 9 92 69 41 74 88 73 65 85 5 18 20 58 34 29 0 43 10 90 72 36 76 6 67 23 32 30 48 3 52 71 2 63 28 13 50 46 61 54 16 80 42 8 82 70 55 77 94 68 4 31 15 91 66 25 96 24 47 39 1 99 33 35 7 56 98 17 53 21 62 78 87 38 97 57 60 45 12
Coste: -2147483643

GENERACION: 200
Mejor Solucion:  40 86 95 37 84 83 11 81 51 49 27 93 26 14 22 44 64 89 75 79 59 19 9 92 69 41 74 88 73 65 85 5 18 20 58 34 29 0 43 10 90 72 36 76 6 67 23 32 30 48 3 52 71 2 63 28 13 50 46 61 54 16 80 42 8 82 70 55 77 94 68 4 31 15 91 66 25 96 24 47 39 1 99 33 35 7 56 98 17 53 21 62 78 87 38 97 57 60 45 12
Coste: -2147483643

GENERACION: 205
Mejor Solucion:  40 86 95 37 84 83 11 81 51 49 27 93 26 14 22 44 64 89 75 79 59 19 9 92 69 41 74 88 73 65 85 5 18 20 58 34 29 0 43 10 90 72 36 76 6 67 23 32 30 48 3 52 71 2 63 28 13 50 46 61 54 16 80 42 8 82 70 55 77 94 68 4 31 15 91 66 25 96 24 47 39 1 99 33 35 7 56 98 17 53 21 62 78 87 38 97 57 60 45 12
Coste: -2147483643

GENERACION: 210
Mejor Solucion:  40 86 95 37 84 83 11 81 51 49 27 93 26 14 22 44 64 89 75 79 59 19 9 92 69 41 74 88 73 65 85 5 18 20 58 34 29 0 43 10 90 72 36 76 6 67 23 32 30 48 3 52 71 2 63 28 13 50 46 61 54 16 80 42 8 82 70 55 77 94 68 4 31 15 91 66 25 96 24 47 39 1 99 33 35 7 56 98 17 53 21 62 78 87 38 97 57 60 45 12
Coste: -2147483643

GENERACION: 215
Mejor Solucion:  40 86 95 37 84 83 11 81 51 49 27 93 26 14 22 44 64 89 75 79 59 19 9 92 69 41 74 88 73 65 85 5 18 20 58 34 29 0 43 10 90 72 36 76 6 67 23 32 30 48 3 52 71 2 63 28 13 50 46 61 54 16 80 42 8 82 70 55 77 94 68 4 31 15 91 66 25 96 24 47 39 1 99 33 35 7 56 98 17 53 21 62 78 87 38 97 57 60 45 12
Coste: -2147483643

GENERACION: 220
Mejor Solucion:  40 86 95 37 84 83 11 81 51 49 27 93 26 14 22 44 64 89 75 79 59 19 9 92 69 41 74 88 73 65 85 5 18 20 58 34 29 0 43 10 90 72 36 76 6 67 23 32 30 48 3 52 71 2 63 28 13 50 46 61 54 16 80 42 8 82 70 55 77 94 68 4 31 15 91 66 25 96 24 47 39 1 99 33 35 7 56 98 17 53 21 62 78 87 38 97 57 60 45 12
Coste: -2147483643

GENERACION: 225
Mejor Solucion:  40 86 95 37 84 83 11 81 51 49 27 93 26 14 22 44 64 89 75 79 59 19 9 92 69 41 74 88 73 65 85 5 18 20 58 34 29 0 43 10 90 72 36 76 6 67 23 32 30 48 3 52 71 2 63 28 13 50 46 61 54 16 80 42 8 82 70 55 77 94 68 4 31 15 91 66 25 96 24 47 39 1 99 33 35 7 56 98 17 53 21 62 78 87 38 97 57 60 45 12
Coste: -2147483643

GENERACION: 230
Mejor Solucion:  40 86 95 37 84 83 11 81 51 49 27 93 26 14 22 44 64 89 75 79 59 19 9 92 69 41 74 88 73 65 85 5 18 20 58 34 29 0 43 10 90 72 36 76 6 67 23 32 30 48 3 52 71 2 63 28 13 50 46 61 54 16 80 42 8 82 70 55 77 94 68 4 31 15 91 66 25 96 24 47 39 1 99 33 35 7 56 98 17 53 21 62 78 87 38 97 57 60 45 12
Coste: -2147483643

GENERACION: 235
Mejor Solucion:  40 86 95 37 84 83 11 81 51 49 27 93 26 14 22 44 64 89 75 79 59 19 9 92 69 41 74 88 73 65 85 5 18 20 58 34 29 0 43 10 90 72 36 76 6 67 23 32 30 48 3 52 71 2 63 28 13 50 46 61 54 16 80 42 8 82 70 55 77 94 68 4 31 15 91 66 25 96 24 47 39 1 99 33 35 7 56 98 17 53 21 62 78 87 38 97 57 60 45 12
Coste: -2147483643

GENERACION: 240
Mejor Solucion:  40 86 95 37 84 83 11 81 51 49 27 93 26 14 22 44 64 89 75 79 59 19 9 92 69 41 74 88 73 65 85 5 18 20 58 34 29 0 43 10 90 72 36 76 6 67 23 32 30 48 3 52 71 2 63 28 13 50 46 61 54 16 80 42 8 82 70 55 77 94 68 4 31 15 91 66 25 96 24 47 39 1 99 33 35 7 56 98 17 53 21 62 78 87 38 97 57 60 45 12
Coste: -2147483643

GENERACION: 245
Mejor Solucion:  40 86 95 37 84 83 11 81 51 49 27 93 26 14 22 44 64 89 75 79 59 19 9 92 69 41 74 88 73 65 85 5 18 20 58 34 29 0 43 10 90 72 36 76 6 67 23 32 30 48 3 52 71 2 63 28 13 50 46 61 54 16 80 42 8 82 70 55 77 94 68 4 31 15 91 66 25 96 24 47 39 1 99 33 35 7 56 98 17 53 21 62 78 87 38 97 57 60 45 12
Coste: -2147483643

GENERACION: 250
Mejor Solucion:  40 86 95 37 84 83 11 81 51 49 27 93 26 14 22 44 64 89 75 79 59 19 9 92 69 41 74 88 73 65 85 5 18 20 58 34 29 0 43 10 90 72 36 76 6 67 23 32 30 48 3 52 71 2 63 28 13 50 46 61 54 16 80 42 8 82 70 55 77 94 68 4 31 15 91 66 25 96 24 47 39 1 99 33 35 7 56 98 17 53 21 62 78 87 38 97 57 60 45 12
Coste: -2147483643

GENERACION: 255
Mejor Solucion:  40 86 95 37 84 83 11 81 51 49 27 93 26 14 22 44 64 89 75 79 59 19 9 92 69 41 74 88 73 65 85 5 18 20 58 34 29 0 43 10 90 72 36 76 6 67 23 32 30 48 3 52 71 2 63 28 13 50 46 61 54 16 80 42 8 82 70 55 77 94 68 4 31 15 91 66 25 96 24 47 39 1 99 33 35 7 56 98 17 53 21 62 78 87 38 97 57 60 45 12
Coste: -2147483643

GENERACION: 260
Mejor Solucion:  40 86 95 37 84 83 11 81 51 49 27 93 26 14 22 44 64 89 75 79 59 19 9 92 69 41 74 88 73 65 85 5 18 20 58 34 29 0 43 10 90 72 36 76 6 67 23 32 30 48 3 52 71 2 63 28 13 50 46 61 54 16 80 42 8 82 70 55 77 94 68 4 31 15 91 66 25 96 24 47 39 1 99 33 35 7 56 98 17 53 21 62 78 87 38 97 57 60 45 12
Coste: -2147483643

GENERACION: 265
Mejor Solucion:  40 86 95 37 84 83 11 81 51 49 27 93 26 14 22 44 64 89 75 79 59 19 9 92 69 41 74 88 73 65 85 5 18 20 58 34 29 0 43 10 90 72 36 76 6 67 23 32 30 48 3 52 71 2 63 28 13 50 46 61 54 16 80 42 8 82 70 55 77 94 68 4 31 15 91 66 25 96 24 47 39 1 99 33 35 7 56 98 17 53 21 62 78 87 38 97 57 60 45 12
Coste: -2147483643

GENERACION: 270
Mejor Solucion:  40 86 95 37 84 83 11 81 51 49 27 93 26 14 22 44 64 89 75 79 59 19 9 92 69 41 74 88 73 65 85 5 18 20 58 34 29 0 43 10 90 72 36 76 6 67 23 32 30 48 3 52 71 2 63 28 13 50 46 61 54 16 80 42 8 82 70 55 77 94 68 4 31 15 91 66 25 96 24 47 39 1 99 33 35 7 56 98 17 53 21 62 78 87 38 97 57 60 45 12
Coste: -2147483643

GENERACION: 275
Mejor Solucion:  40 86 95 37 84 83 11 81 51 49 27 93 26 14 22 44 64 89 75 79 59 19 9 92 69 41 74 88 73 65 85 5 18 20 58 34 29 0 43 10 90 72 36 76 6 67 23 32 30 48 3 52 71 2 63 28 13 50 46 61 54 16 80 42 8 82 70 55 77 94 68 4 31 15 91 66 25 96 24 47 39 1 99 33 35 7 56 98 17 53 21 62 78 87 38 97 57 60 45 12
Coste: -2147483643

GENERACION: 280
Mejor Solucion:  40 86 95 37 84 83 11 81 51 49 27 93 26 14 22 44 64 89 75 79 59 19 9 92 69 41 74 88 73 65 85 5 18 20 58 34 29 0 43 10 90 72 36 76 6 67 23 32 30 48 3 52 71 2 63 28 13 50 46 61 54 16 80 42 8 82 70 55 77 94 68 4 31 15 91 66 25 96 24 47 39 1 99 33 35 7 56 98 17 53 21 62 78 87 38 97 57 60 45 12
Coste: -2147483643

GENERACION: 285
Mejor Solucion:  40 86 95 37 84 83 11 81 51 49 27 93 26 14 22 44 64 89 75 79 59 19 9 92 69 41 74 88 73 65 85 5 18 20 58 34 29 0 43 10 90 72 36 76 6 67 23 32 30 48 3 52 71 2 63 28 13 50 46 61 54 16 80 42 8 82 70 55 77 94 68 4 31 15 91 66 25 96 24 47 39 1 99 33 35 7 56 98 17 53 21 62 78 87 38 97 57 60 45 12
Coste: -2147483643

GENERACION: 290
Mejor Solucion:  40 86 95 37 84 83 11 81 51 49 27 93 26 14 22 44 64 89 75 79 59 19 9 92 69 41 74 88 73 65 85 5 18 20 58 34 29 0 43 10 90 72 36 76 6 67 23 32 30 48 3 52 71 2 63 28 13 50 46 61 54 16 80 42 8 82 70 55 77 94 68 4 31 15 91 66 25 96 24 47 39 1 99 33 35 7 56 98 17 53 21 62 78 87 38 97 57 60 45 12
Coste: -2147483643

GENERACION: 295
Mejor Solucion:  40 86 95 37 84 83 11 81 51 49 27 93 26 14 22 44 64 89 75 79 59 19 9 92 69 41 74 88 73 65 85 5 18 20 58 34 29 0 43 10 90 72 36 76 6 67 23 32 30 48 3 52 71 2 63 28 13 50 46 61 54 16 80 42 8 82 70 55 77 94 68 4 31 15 91 66 25 96 24 47 39 1 99 33 35 7 56 98 17 53 21 62 78 87 38 97 57 60 45 12
Coste: -2147483643

GENERACION: 300
Mejor Solucion:  40 86 95 37 84 83 11 81 51 49 27 93 26 14 22 44 64 89 75 79 59 19 9 92 69 41 74 88 73 65 85 5 18 20 58 34 29 0 43 10 90 72 36 76 6 67 23 32 30 48 3 52 71 2 63 28 13 50 46 61 54 16 80 42 8 82 70 55 77 94 68 4 31 15 91 66 25 96 24 47 39 1 99 33 35 7 56 98 17 53 21 62 78 87 38 97 57 60 45 12
Coste: -2147483643

GENERACION: 305
Mejor Solucion:  40 86 95 37 84 83 11 81 51 49 27 93 26 14 22 44 64 89 75 79 59 19 9 92 69 41 74 88 73 65 85 5 18 20 58 34 29 0 43 10 90 72 36 76 6 67 23 32 30 48 3 52 71 2 63 28 13 50 46 61 54 16 80 42 8 82 70 55 77 94 68 4 31 15 91 66 25 96 24 47 39 1 99 33 35 7 56 98 17 53 21 62 78 87 38 97 57 60 45 12
Coste: -2147483643

GENERACION: 310
Mejor Solucion:  40 86 95 37 84 83 11 81 51 49 27 93 26 14 22 44 64 89 75 79 59 19 9 92 69 41 74 88 73 65 85 5 18 20 58 34 29 0 43 10 90 72 36 76 6 67 23 32 30 48 3 52 71 2 63 28 13 50 46 61 54 16 80 42 8 82 70 55 77 94 68 4 31 15 91 66 25 96 24 47 39 1 99 33 35 7 56 98 17 53 21 62 78 87 38 97 57 60 45 12
Coste: -2147483643

GENERACION: 315
Mejor Solucion:  40 86 95 37 84 83 11 81 51 49 27 93 26 14 22 44 64 89 75 79 59 19 9 92 69 41 74 88 73 65 85 5 18 20 58 34 29 0 43 10 90 72 36 76 6 67 23 32 30 48 3 52 71 2 63 28 13 50 46 61 54 16 80 42 8 82 70 55 77 94 68 4 31 15 91 66 25 96 24 47 39 1 99 33 35 7 56 98 17 53 21 62 78 87 38 97 57 60 45 12
Coste: -2147483643

GENERACION: 320
Mejor Solucion:  40 86 95 37 84 83 11 81 51 49 27 93 26 14 22 44 64 89 75 79 59 19 9 92 69 41 74 88 73 65 85 5 18 20 58 34 29 0 43 10 90 72 36 76 6 67 23 32 30 48 3 52 71 2 63 28 13 50 46 61 54 16 80 42 8 82 70 55 77 94 68 4 31 15 91 66 25 96 24 47 39 1 99 33 35 7 56 98 17 53 21 62 78 87 38 97 57 60 45 12
Coste: -2147483643

GENERACION: 325
Mejor Solucion:  40 86 95 37 84 83 11 81 51 49 27 93 26 14 22 44 64 89 75 79 59 19 9 92 69 41 74 88 73 65 85 5 18 20 58 34 29 0 43 10 90 72 36 76 6 67 23 32 30 48 3 52 71 2 63 28 13 50 46 61 54 16 80 42 8 82 70 55 77 94 68 4 31 15 91 66 25 96 24 47 39 1 99 33 35 7 56 98 17 53 21 62 78 87 38 97 57 60 45 12
Coste: -2147483643

GENERACION: 330
Mejor Solucion:  40 86 95 37 84 83 11 81 51 49 27 93 26 14 22 44 64 89 75 79 59 19 9 92 69 41 74 88 73 65 85 5 18 20 58 34 29 0 43 10 90 72 36 76 6 67 23 32 30 48 3 52 71 2 63 28 13 50 46 61 54 16 80 42 8 82 70 55 77 94 68 4 31 15 91 66 25 96 24 47 39 1 99 33 35 7 56 98 17 53 21 62 78 87 38 97 57 60 45 12
Coste: -2147483643

GENERACION: 335
Mejor Solucion:  40 86 95 37 84 83 11 81 51 49 27 93 26 14 22 44 64 89 75 79 59 19 9 92 69 41 74 88 73 65 85 5 18 20 58 34 29 0 43 10 90 72 36 76 6 67 23 32 30 48 3 52 71 2 63 28 13 50 46 61 54 16 80 42 8 82 70 55 77 94 68 4 31 15 91 66 25 96 24 47 39 1 99 33 35 7 56 98 17 53 21 62 78 87 38 97 57 60 45 12
Coste: -2147483643

GENERACION: 340
Mejor Solucion:  40 86 95 37 84 83 11 81 51 49 27 93 26 14 22 44 64 89 75 79 59 19 9 92 69 41 74 88 73 65 85 5 18 20 58 34 29 0 43 10 90 72 36 76 6 67 23 32 30 48 3 52 71 2 63 28 13 50 46 61 54 16 80 42 8 82 70 55 77 94 68 4 31 15 91 66 25 96 24 47 39 1 99 33 35 7 56 98 17 53 21 62 78 87 38 97 57 60 45 12
Coste: -2147483643

GENERACION: 345
Mejor Solucion:  40 86 95 37 84 83 11 81 51 49 27 93 26 14 22 44 64 89 75 79 59 19 9 92 69 41 74 88 73 65 85 5 18 20 58 34 29 0 43 10 90 72 36 76 6 67 23 32 30 48 3 52 71 2 63 28 13 50 46 61 54 16 80 42 8 82 70 55 77 94 68 4 31 15 91 66 25 96 24 47 39 1 99 33 35 7 56 98 17 53 21 62 78 87 38 97 57 60 45 12
Coste: -2147483643

GENERACION: 350
Mejor Solucion:  40 86 95 37 84 83 11 81 51 49 27 93 26 14 22 44 64 89 75 79 59 19 9 92 69 41 74 88 73 65 85 5 18 20 58 34 29 0 43 10 90 72 36 76 6 67 23 32 30 48 3 52 71 2 63 28 13 50 46 61 54 16 80 42 8 82 70 55 77 94 68 4 31 15 91 66 25 96 24 47 39 1 99 33 35 7 56 98 17 53 21 62 78 87 38 97 57 60 45 12
Coste: -2147483643

GENERACION: 355
Mejor Solucion:  40 86 95 37 84 83 11 81 51 49 27 93 26 14 22 44 64 89 75 79 59 19 9 92 69 41 74 88 73 65 85 5 18 20 58 34 29 0 43 10 90 72 36 76 6 67 23 32 30 48 3 52 71 2 63 28 13 50 46 61 54 16 80 42 8 82 70 55 77 94 68 4 31 15 91 66 25 96 24 47 39 1 99 33 35 7 56 98 17 53 21 62 78 87 38 97 57 60 45 12
Coste: -2147483643

GENERACION: 360
Mejor Solucion:  40 86 95 37 84 83 11 81 51 49 27 93 26 14 22 44 64 89 75 79 59 19 9 92 69 41 74 88 73 65 85 5 18 20 58 34 29 0 43 10 90 72 36 76 6 67 23 32 30 48 3 52 71 2 63 28 13 50 46 61 54 16 80 42 8 82 70 55 77 94 68 4 31 15 91 66 25 96 24 47 39 1 99 33 35 7 56 98 17 53 21 62 78 87 38 97 57 60 45 12
Coste: -2147483643

GENERACION: 365
Mejor Solucion:  40 86 95 37 84 83 11 81 51 49 27 93 26 14 22 44 64 89 75 79 59 19 9 92 69 41 74 88 73 65 85 5 18 20 58 34 29 0 43 10 90 72 36 76 6 67 23 32 30 48 3 52 71 2 63 28 13 50 46 61 54 16 80 42 8 82 70 55 77 94 68 4 31 15 91 66 25 96 24 47 39 1 99 33 35 7 56 98 17 53 21 62 78 87 38 97 57 60 45 12
Coste: -2147483643

GENERACION: 370
Mejor Solucion:  40 86 95 37 84 83 11 81 51 49 27 93 26 14 22 44 64 89 75 79 59 19 9 92 69 41 74 88 73 65 85 5 18 20 58 34 29 0 43 10 90 72 36 76 6 67 23 32 30 48 3 52 71 2 63 28 13 50 46 61 54 16 80 42 8 82 70 55 77 94 68 4 31 15 91 66 25 96 24 47 39 1 99 33 35 7 56 98 17 53 21 62 78 87 38 97 57 60 45 12
Coste: -2147483643

GENERACION: 375
Mejor Solucion:  40 86 95 37 84 83 11 81 51 49 27 93 26 14 22 44 64 89 75 79 59 19 9 92 69 41 74 88 73 65 85 5 18 20 58 34 29 0 43 10 90 72 36 76 6 67 23 32 30 48 3 52 71 2 63 28 13 50 46 61 54 16 80 42 8 82 70 55 77 94 68 4 31 15 91 66 25 96 24 47 39 1 99 33 35 7 56 98 17 53 21 62 78 87 38 97 57 60 45 12
Coste: -2147483643

GENERACION: 380
Mejor Solucion:  40 86 95 37 84 83 11 81 51 49 27 93 26 14 22 44 64 89 75 79 59 19 9 92 69 41 74 88 73 65 85 5 18 20 58 34 29 0 43 10 90 72 36 76 6 67 23 32 30 48 3 52 71 2 63 28 13 50 46 61 54 16 80 42 8 82 70 55 77 94 68 4 31 15 91 66 25 96 24 47 39 1 99 33 35 7 56 98 17 53 21 62 78 87 38 97 57 60 45 12
Coste: -2147483643

GENERACION: 385
Mejor Solucion:  40 86 95 37 84 83 11 81 51 49 27 93 26 14 22 44 64 89 75 79 59 19 9 92 69 41 74 88 73 65 85 5 18 20 58 34 29 0 43 10 90 72 36 76 6 67 23 32 30 48 3 52 71 2 63 28 13 50 46 61 54 16 80 42 8 82 70 55 77 94 68 4 31 15 91 66 25 96 24 47 39 1 99 33 35 7 56 98 17 53 21 62 78 87 38 97 57 60 45 12
Coste: -2147483643

GENERACION: 390
Mejor Solucion:  40 86 95 37 84 83 11 81 51 49 27 93 26 14 22 44 64 89 75 79 59 19 9 92 69 41 74 88 73 65 85 5 18 20 58 34 29 0 43 10 90 72 36 76 6 67 23 32 30 48 3 52 71 2 63 28 13 50 46 61 54 16 80 42 8 82 70 55 77 94 68 4 31 15 91 66 25 96 24 47 39 1 99 33 35 7 56 98 17 53 21 62 78 87 38 97 57 60 45 12
Coste: -2147483643

GENERACION: 395
Mejor Solucion:  40 86 95 37 84 83 11 81 51 49 27 93 26 14 22 44 64 89 75 79 59 19 9 92 69 41 74 88 73 65 85 5 18 20 58 34 29 0 43 10 90 72 36 76 6 67 23 32 30 48 3 52 71 2 63 28 13 50 46 61 54 16 80 42 8 82 70 55 77 94 68 4 31 15 91 66 25 96 24 47 39 1 99 33 35 7 56 98 17 53 21 62 78 87 38 97 57 60 45 12
Coste: -2147483643

GENERACION: 400
Mejor Solucion:  40 86 95 37 84 83 11 81 51 49 27 93 26 14 22 44 64 89 75 79 59 19 9 92 69 41 74 88 73 65 85 5 18 20 58 34 29 0 43 10 90 72 36 76 6 67 23 32 30 48 3 52 71 2 63 28 13 50 46 61 54 16 80 42 8 82 70 55 77 94 68 4 31 15 91 66 25 96 24 47 39 1 99 33 35 7 56 98 17 53 21 62 78 87 38 97 57 60 45 12
Coste: -2147483643

GENERACION: 405
Mejor Solucion:  40 86 95 37 84 83 11 81 51 49 27 93 26 14 22 44 64 89 75 79 59 19 9 92 69 41 74 88 73 65 85 5 18 20 58 34 29 0 43 10 90 72 36 76 6 67 23 32 30 48 3 52 71 2 63 28 13 50 46 61 54 16 80 42 8 82 70 55 77 94 68 4 31 15 91 66 25 96 24 47 39 1 99 33 35 7 56 98 17 53 21 62 78 87 38 97 57 60 45 12
Coste: -2147483643

GENERACION: 410
Mejor Solucion:  40 86 95 37 84 83 11 81 51 49 27 93 26 14 22 44 64 89 75 79 59 19 9 92 69 41 74 88 73 65 85 5 18 20 58 34 29 0 43 10 90 72 36 76 6 67 23 32 30 48 3 52 71 2 63 28 13 50 46 61 54 16 80 42 8 82 70 55 77 94 68 4 31 15 91 66 25 96 24 47 39 1 99 33 35 7 56 98 17 53 21 62 78 87 38 97 57 60 45 12
Coste: -2147483643

GENERACION: 415
Mejor Solucion:  40 86 95 37 84 83 11 81 51 49 27 93 26 14 22 44 64 89 75 79 59 19 9 92 69 41 74 88 73 65 85 5 18 20 58 34 29 0 43 10 90 72 36 76 6 67 23 32 30 48 3 52 71 2 63 28 13 50 46 61 54 16 80 42 8 82 70 55 77 94 68 4 31 15 91 66 25 96 24 47 39 1 99 33 35 7 56 98 17 53 21 62 78 87 38 97 57 60 45 12
Coste: -2147483643

GENERACION: 420
Mejor Solucion:  40 86 95 37 84 83 11 81 51 49 27 93 26 14 22 44 64 89 75 79 59 19 9 92 69 41 74 88 73 65 85 5 18 20 58 34 29 0 43 10 90 72 36 76 6 67 23 32 30 48 3 52 71 2 63 28 13 50 46 61 54 16 80 42 8 82 70 55 77 94 68 4 31 15 91 66 25 96 24 47 39 1 99 33 35 7 56 98 17 53 21 62 78 87 38 97 57 60 45 12
Coste: -2147483643

GENERACION: 425
Mejor Solucion:  40 86 95 37 84 83 11 81 51 49 27 93 26 14 22 44 64 89 75 79 59 19 9 92 69 41 74 88 73 65 85 5 18 20 58 34 29 0 43 10 90 72 36 76 6 67 23 32 30 48 3 52 71 2 63 28 13 50 46 61 54 16 80 42 8 82 70 55 77 94 68 4 31 15 91 66 25 96 24 47 39 1 99 33 35 7 56 98 17 53 21 62 78 87 38 97 57 60 45 12
Coste: -2147483643

GENERACION: 430
Mejor Solucion:  40 86 95 37 84 83 11 81 51 49 27 93 26 14 22 44 64 89 75 79 59 19 9 92 69 41 74 88 73 65 85 5 18 20 58 34 29 0 43 10 90 72 36 76 6 67 23 32 30 48 3 52 71 2 63 28 13 50 46 61 54 16 80 42 8 82 70 55 77 94 68 4 31 15 91 66 25 96 24 47 39 1 99 33 35 7 56 98 17 53 21 62 78 87 38 97 57 60 45 12
Coste: -2147483643

GENERACION: 435
Mejor Solucion:  40 86 95 37 84 83 11 81 51 49 27 93 26 14 22 44 64 89 75 79 59 19 9 92 69 41 74 88 73 65 85 5 18 20 58 34 29 0 43 10 90 72 36 76 6 67 23 32 30 48 3 52 71 2 63 28 13 50 46 61 54 16 80 42 8 82 70 55 77 94 68 4 31 15 91 66 25 96 24 47 39 1 99 33 35 7 56 98 17 53 21 62 78 87 38 97 57 60 45 12
Coste: -2147483643

GENERACION: 440
Mejor Solucion:  40 86 95 37 84 83 11 81 51 49 27 93 26 14 22 44 64 89 75 79 59 19 9 92 69 41 74 88 73 65 85 5 18 20 58 34 29 0 43 10 90 72 36 76 6 67 23 32 30 48 3 52 71 2 63 28 13 50 46 61 54 16 80 42 8 82 70 55 77 94 68 4 31 15 91 66 25 96 24 47 39 1 99 33 35 7 56 98 17 53 21 62 78 87 38 97 57 60 45 12
Coste: -2147483643

GENERACION: 445
Mejor Solucion:  40 86 95 37 84 83 11 81 51 49 27 93 26 14 22 44 64 89 75 79 59 19 9 92 69 41 74 88 73 65 85 5 18 20 58 34 29 0 43 10 90 72 36 76 6 67 23 32 30 48 3 52 71 2 63 28 13 50 46 61 54 16 80 42 8 82 70 55 77 94 68 4 31 15 91 66 25 96 24 47 39 1 99 33 35 7 56 98 17 53 21 62 78 87 38 97 57 60 45 12
Coste: -2147483643

GENERACION: 450
Mejor Solucion:  40 86 95 37 84 83 11 81 51 49 27 93 26 14 22 44 64 89 75 79 59 19 9 92 69 41 74 88 73 65 85 5 18 20 58 34 29 0 43 10 90 72 36 76 6 67 23 32 30 48 3 52 71 2 63 28 13 50 46 61 54 16 80 42 8 82 70 55 77 94 68 4 31 15 91 66 25 96 24 47 39 1 99 33 35 7 56 98 17 53 21 62 78 87 38 97 57 60 45 12
Coste: -2147483643

GENERACION: 455
Mejor Solucion:  40 86 95 37 84 83 11 81 51 49 27 93 26 14 22 44 64 89 75 79 59 19 9 92 69 41 74 88 73 65 85 5 18 20 58 34 29 0 43 10 90 72 36 76 6 67 23 32 30 48 3 52 71 2 63 28 13 50 46 61 54 16 80 42 8 82 70 55 77 94 68 4 31 15 91 66 25 96 24 47 39 1 99 33 35 7 56 98 17 53 21 62 78 87 38 97 57 60 45 12
Coste: -2147483643

GENERACION: 460
Mejor Solucion:  40 86 95 37 84 83 11 81 51 49 27 93 26 14 22 44 64 89 75 79 59 19 9 92 69 41 74 88 73 65 85 5 18 20 58 34 29 0 43 10 90 72 36 76 6 67 23 32 30 48 3 52 71 2 63 28 13 50 46 61 54 16 80 42 8 82 70 55 77 94 68 4 31 15 91 66 25 96 24 47 39 1 99 33 35 7 56 98 17 53 21 62 78 87 38 97 57 60 45 12
Coste: -2147483643

GENERACION: 465
Mejor Solucion:  40 86 95 37 84 83 11 81 51 49 27 93 26 14 22 44 64 89 75 79 59 19 9 92 69 41 74 88 73 65 85 5 18 20 58 34 29 0 43 10 90 72 36 76 6 67 23 32 30 48 3 52 71 2 63 28 13 50 46 61 54 16 80 42 8 82 70 55 77 94 68 4 31 15 91 66 25 96 24 47 39 1 99 33 35 7 56 98 17 53 21 62 78 87 38 97 57 60 45 12
Coste: -2147483643

GENERACION: 470
Mejor Solucion:  40 86 95 37 84 83 11 81 51 49 27 93 26 14 22 44 64 89 75 79 59 19 9 92 69 41 74 88 73 65 85 5 18 20 58 34 29 0 43 10 90 72 36 76 6 67 23 32 30 48 3 52 71 2 63 28 13 50 46 61 54 16 80 42 8 82 70 55 77 94 68 4 31 15 91 66 25 96 24 47 39 1 99 33 35 7 56 98 17 53 21 62 78 87 38 97 57 60 45 12
Coste: -2147483643

GENERACION: 475
Mejor Solucion:  40 86 95 37 84 83 11 81 51 49 27 93 26 14 22 44 64 89 75 79 59 19 9 92 69 41 74 88 73 65 85 5 18 20 58 34 29 0 43 10 90 72 36 76 6 67 23 32 30 48 3 52 71 2 63 28 13 50 46 61 54 16 80 42 8 82 70 55 77 94 68 4 31 15 91 66 25 96 24 47 39 1 99 33 35 7 56 98 17 53 21 62 78 87 38 97 57 60 45 12
Coste: -2147483643

GENERACION: 480
Mejor Solucion:  40 86 95 37 84 83 11 81 51 49 27 93 26 14 22 44 64 89 75 79 59 19 9 92 69 41 74 88 73 65 85 5 18 20 58 34 29 0 43 10 90 72 36 76 6 67 23 32 30 48 3 52 71 2 63 28 13 50 46 61 54 16 80 42 8 82 70 55 77 94 68 4 31 15 91 66 25 96 24 47 39 1 99 33 35 7 56 98 17 53 21 62 78 87 38 97 57 60 45 12
Coste: -2147483643

GENERACION: 485
Mejor Solucion:  40 86 95 37 84 83 11 81 51 49 27 93 26 14 22 44 64 89 75 79 59 19 9 92 69 41 74 88 73 65 85 5 18 20 58 34 29 0 43 10 90 72 36 76 6 67 23 32 30 48 3 52 71 2 63 28 13 50 46 61 54 16 80 42 8 82 70 55 77 94 68 4 31 15 91 66 25 96 24 47 39 1 99 33 35 7 56 98 17 53 21 62 78 87 38 97 57 60 45 12
Coste: -2147483643

GENERACION: 490
Mejor Solucion:  9 74 77 42 86 95 19 85 94 73 84 56 21 49 75 51 5 69 67 8 44 4 60 55 90 62 81 30 65 12 88 23 25 18 27 91 58 79 20 7 22 24 41 54 99 26 40 0 59 10 66 33 14 61 17 80 11 36 1 32 46 16 15 39 96 3 31 57 34 43 87 50 76 45 71 35 28 13 64 2 70 37 48 53 89 68 38 82 6 93 52 97 78 72 29 98 63 47 92 83
Coste: -2147483647

GENERACION: 495
Mejor Solucion:  9 74 77 42 86 95 19 85 94 73 84 56 21 49 75 51 5 69 67 8 44 4 60 55 90 62 81 30 65 12 88 23 25 18 27 91 58 79 20 7 22 24 41 54 99 26 40 0 59 10 66 33 14 61 17 80 11 36 1 32 46 16 15 39 96 3 31 57 34 43 87 50 76 45 71 35 28 13 64 2 70 37 48 53 89 68 38 82 6 93 52 97 78 72 29 98 63 47 92 83
Coste: -2147483647

GENERACION: 500
Mejor Solucion:  9 74 77 42 86 95 19 85 94 73 84 56 21 49 75 51 5 69 67 8 44 4 60 55 90 62 81 30 65 12 88 23 25 18 27 91 58 79 20 7 22 24 41 54 99 26 40 0 59 10 66 33 14 61 17 80 11 36 1 32 46 16 15 39 96 3 31 57 34 43 87 50 76 45 71 35 28 13 64 2 70 37 48 53 89 68 38 82 6 93 52 97 78 72 29 98 63 47 92 83
Coste: -2147483647

GENERACION: 505
Mejor Solucion:  9 74 77 42 86 95 19 85 94 73 84 56 21 49 75 51 5 69 67 8 44 4 60 55 90 62 81 30 65 12 88 23 25 18 27 91 58 79 20 7 22 24 41 54 99 26 40 0 59 10 66 33 14 61 17 80 11 36 1 32 46 16 15 39 96 3 31 57 34 43 87 50 76 45 71 35 28 13 64 2 70 37 48 53 89 68 38 82 6 93 52 97 78 72 29 98 63 47 92 83
Coste: -2147483647

GENERACION: 510
Mejor Solucion:  9 74 77 42 86 95 19 85 94 73 84 56 21 49 75 51 5 69 67 8 44 4 60 55 90 62 81 30 65 12 88 23 25 18 27 91 58 79 20 7 22 24 41 54 99 26 40 0 59 10 66 33 14 61 17 80 11 36 1 32 46 16 15 39 96 3 31 57 34 43 87 50 76 45 71 35 28 13 64 2 70 37 48 53 89 68 38 82 6 93 52 97 78 72 29 98 63 47 92 83
Coste: -2147483647

GENERACION: 515
Mejor Solucion:  9 74 77 42 86 95 19 85 94 73 84 56 21 49 75 51 5 69 67 8 44 4 60 55 90 62 81 30 65 12 88 23 25 18 27 91 58 79 20 7 22 24 41 54 99 26 40 0 59 10 66 33 14 61 17 80 11 36 1 32 46 16 15 39 96 3 31 57 34 43 87 50 76 45 71 35 28 13 64 2 70 37 48 53 89 68 38 82 6 93 52 97 78 72 29 98 63 47 92 83
Coste: -2147483647

GENERACION: 520
Mejor Solucion:  9 74 77 42 86 95 19 85 94 73 84 56 21 49 75 51 5 69 67 8 44 4 60 55 90 62 81 30 65 12 88 23 25 18 27 91 58 79 20 7 22 24 41 54 99 26 40 0 59 10 66 33 14 61 17 80 11 36 1 32 46 16 15 39 96 3 31 57 34 43 87 50 76 45 71 35 28 13 64 2 70 37 48 53 89 68 38 82 6 93 52 97 78 72 29 98 63 47 92 83
Coste: -2147483647

GENERACION: 525
Mejor Solucion:  9 74 77 42 86 95 19 85 94 73 84 56 21 49 75 51 5 69 67 8 44 4 60 55 90 62 81 30 65 12 88 23 25 18 27 91 58 79 20 7 22 24 41 54 99 26 40 0 59 10 66 33 14 61 17 80 11 36 1 32 46 16 15 39 96 3 31 57 34 43 87 50 76 45 71 35 28 13 64 2 70 37 48 53 89 68 38 82 6 93 52 97 78 72 29 98 63 47 92 83
Coste: -2147483647

GENERACION: 530
Mejor Solucion:  9 74 77 42 86 95 19 85 94 73 84 56 21 49 75 51 5 69 67 8 44 4 60 55 90 62 81 30 65 12 88 23 25 18 27 91 58 79 20 7 22 24 41 54 99 26 40 0 59 10 66 33 14 61 17 80 11 36 1 32 46 16 15 39 96 3 31 57 34 43 87 50 76 45 71 35 28 13 64 2 70 37 48 53 89 68 38 82 6 93 52 97 78 72 29 98 63 47 92 83
Coste: -2147483647

GENERACION: 535
Mejor Solucion:  9 74 77 42 86 95 19 85 94 73 84 56 21 49 75 51 5 69 67 8 44 4 60 55 90 62 81 30 65 12 88 23 25 18 27 91 58 79 20 7 22 24 41 54 99 26 40 0 59 10 66 33 14 61 17 80 11 36 1 32 46 16 15 39 96 3 31 57 34 43 87 50 76 45 71 35 28 13 64 2 70 37 48 53 89 68 38 82 6 93 52 97 78 72 29 98 63 47 92 83
Coste: -2147483647

GENERACION: 540
Mejor Solucion:  9 74 77 42 86 95 19 85 94 73 84 56 21 49 75 51 5 69 67 8 44 4 60 55 90 62 81 30 65 12 88 23 25 18 27 91 58 79 20 7 22 24 41 54 99 26 40 0 59 10 66 33 14 61 17 80 11 36 1 32 46 16 15 39 96 3 31 57 34 43 87 50 76 45 71 35 28 13 64 2 70 37 48 53 89 68 38 82 6 93 52 97 78 72 29 98 63 47 92 83
Coste: -2147483647

GENERACION: 545
Mejor Solucion:  9 74 77 42 86 95 19 85 94 73 84 56 21 49 75 51 5 69 67 8 44 4 60 55 90 62 81 30 65 12 88 23 25 18 27 91 58 79 20 7 22 24 41 54 99 26 40 0 59 10 66 33 14 61 17 80 11 36 1 32 46 16 15 39 96 3 31 57 34 43 87 50 76 45 71 35 28 13 64 2 70 37 48 53 89 68 38 82 6 93 52 97 78 72 29 98 63 47 92 83
Coste: -2147483647

GENERACION: 550
Mejor Solucion:  9 74 77 42 86 95 19 85 94 73 84 56 21 49 75 51 5 69 67 8 44 4 60 55 90 62 81 30 65 12 88 23 25 18 27 91 58 79 20 7 22 24 41 54 99 26 40 0 59 10 66 33 14 61 17 80 11 36 1 32 46 16 15 39 96 3 31 57 34 43 87 50 76 45 71 35 28 13 64 2 70 37 48 53 89 68 38 82 6 93 52 97 78 72 29 98 63 47 92 83
Coste: -2147483647

GENERACION: 555
Mejor Solucion:  9 74 77 42 86 95 19 85 94 73 84 56 21 49 75 51 5 69 67 8 44 4 60 55 90 62 81 30 65 12 88 23 25 18 27 91 58 79 20 7 22 24 41 54 99 26 40 0 59 10 66 33 14 61 17 80 11 36 1 32 46 16 15 39 96 3 31 57 34 43 87 50 76 45 71 35 28 13 64 2 70 37 48 53 89 68 38 82 6 93 52 97 78 72 29 98 63 47 92 83
Coste: -2147483647

GENERACION: 560
Mejor Solucion:  9 74 77 42 86 95 19 85 94 73 84 56 21 49 75 51 5 69 67 8 44 4 60 55 90 62 81 30 65 12 88 23 25 18 27 91 58 79 20 7 22 24 41 54 99 26 40 0 59 10 66 33 14 61 17 80 11 36 1 32 46 16 15 39 96 3 31 57 34 43 87 50 76 45 71 35 28 13 64 2 70 37 48 53 89 68 38 82 6 93 52 97 78 72 29 98 63 47 92 83
Coste: -2147483647

GENERACION: 565
Mejor Solucion:  9 74 77 42 86 95 19 85 94 73 84 56 21 49 75 51 5 69 67 8 44 4 60 55 90 62 81 30 65 12 88 23 25 18 27 91 58 79 20 7 22 24 41 54 99 26 40 0 59 10 66 33 14 61 17 80 11 36 1 32 46 16 15 39 96 3 31 57 34 43 87 50 76 45 71 35 28 13 64 2 70 37 48 53 89 68 38 82 6 93 52 97 78 72 29 98 63 47 92 83
Coste: -2147483647

GENERACION: 570
Mejor Solucion:  9 74 77 42 86 95 19 85 94 73 84 56 21 49 75 51 5 69 67 8 44 4 60 55 90 62 81 30 65 12 88 23 25 18 27 91 58 79 20 7 22 24 41 54 99 26 40 0 59 10 66 33 14 61 17 80 11 36 1 32 46 16 15 39 96 3 31 57 34 43 87 50 76 45 71 35 28 13 64 2 70 37 48 53 89 68 38 82 6 93 52 97 78 72 29 98 63 47 92 83
Coste: -2147483647

GENERACION: 575
Mejor Solucion:  9 74 77 42 86 95 19 85 94 73 84 56 21 49 75 51 5 69 67 8 44 4 60 55 90 62 81 30 65 12 88 23 25 18 27 91 58 79 20 7 22 24 41 54 99 26 40 0 59 10 66 33 14 61 17 80 11 36 1 32 46 16 15 39 96 3 31 57 34 43 87 50 76 45 71 35 28 13 64 2 70 37 48 53 89 68 38 82 6 93 52 97 78 72 29 98 63 47 92 83
Coste: -2147483647

GENERACION: 580
Mejor Solucion:  9 74 77 42 86 95 19 85 94 73 84 56 21 49 75 51 5 69 67 8 44 4 60 55 90 62 81 30 65 12 88 23 25 18 27 91 58 79 20 7 22 24 41 54 99 26 40 0 59 10 66 33 14 61 17 80 11 36 1 32 46 16 15 39 96 3 31 57 34 43 87 50 76 45 71 35 28 13 64 2 70 37 48 53 89 68 38 82 6 93 52 97 78 72 29 98 63 47 92 83
Coste: -2147483647

GENERACION: 585
Mejor Solucion:  9 74 77 42 86 95 19 85 94 73 84 56 21 49 75 51 5 69 67 8 44 4 60 55 90 62 81 30 65 12 88 23 25 18 27 91 58 79 20 7 22 24 41 54 99 26 40 0 59 10 66 33 14 61 17 80 11 36 1 32 46 16 15 39 96 3 31 57 34 43 87 50 76 45 71 35 28 13 64 2 70 37 48 53 89 68 38 82 6 93 52 97 78 72 29 98 63 47 92 83
Coste: -2147483647

GENERACION: 590
Mejor Solucion:  9 74 77 42 86 95 19 85 94 73 84 56 21 49 75 51 5 69 67 8 44 4 60 55 90 62 81 30 65 12 88 23 25 18 27 91 58 79 20 7 22 24 41 54 99 26 40 0 59 10 66 33 14 61 17 80 11 36 1 32 46 16 15 39 96 3 31 57 34 43 87 50 76 45 71 35 28 13 64 2 70 37 48 53 89 68 38 82 6 93 52 97 78 72 29 98 63 47 92 83
Coste: -2147483647

GENERACION: 595
Mejor Solucion:  9 74 77 42 86 95 19 85 94 73 84 56 21 49 75 51 5 69 67 8 44 4 60 55 90 62 81 30 65 12 88 23 25 18 27 91 58 79 20 7 22 24 41 54 99 26 40 0 59 10 66 33 14 61 17 80 11 36 1 32 46 16 15 39 96 3 31 57 34 43 87 50 76 45 71 35 28 13 64 2 70 37 48 53 89 68 38 82 6 93 52 97 78 72 29 98 63 47 92 83
Coste: -2147483647

GENERACION: 600
Mejor Solucion:  9 74 77 42 86 95 19 85 94 73 84 56 21 49 75 51 5 69 67 8 44 4 60 55 90 62 81 30 65 12 88 23 25 18 27 91 58 79 20 7 22 24 41 54 99 26 40 0 59 10 66 33 14 61 17 80 11 36 1 32 46 16 15 39 96 3 31 57 34 43 87 50 76 45 71 35 28 13 64 2 70 37 48 53 89 68 38 82 6 93 52 97 78 72 29 98 63 47 92 83
Coste: -2147483647

GENERACION: 605
Mejor Solucion:  9 74 77 42 86 95 19 85 94 73 84 56 21 49 75 51 5 69 67 8 44 4 60 55 90 62 81 30 65 12 88 23 25 18 27 91 58 79 20 7 22 24 41 54 99 26 40 0 59 10 66 33 14 61 17 80 11 36 1 32 46 16 15 39 96 3 31 57 34 43 87 50 76 45 71 35 28 13 64 2 70 37 48 53 89 68 38 82 6 93 52 97 78 72 29 98 63 47 92 83
Coste: -2147483647

GENERACION: 610
Mejor Solucion:  9 74 77 42 86 95 19 85 94 73 84 56 21 49 75 51 5 69 67 8 44 4 60 55 90 62 81 30 65 12 88 23 25 18 27 91 58 79 20 7 22 24 41 54 99 26 40 0 59 10 66 33 14 61 17 80 11 36 1 32 46 16 15 39 96 3 31 57 34 43 87 50 76 45 71 35 28 13 64 2 70 37 48 53 89 68 38 82 6 93 52 97 78 72 29 98 63 47 92 83
Coste: -2147483647

GENERACION: 615
Mejor Solucion:  9 74 77 42 86 95 19 85 94 73 84 56 21 49 75 51 5 69 67 8 44 4 60 55 90 62 81 30 65 12 88 23 25 18 27 91 58 79 20 7 22 24 41 54 99 26 40 0 59 10 66 33 14 61 17 80 11 36 1 32 46 16 15 39 96 3 31 57 34 43 87 50 76 45 71 35 28 13 64 2 70 37 48 53 89 68 38 82 6 93 52 97 78 72 29 98 63 47 92 83
Coste: -2147483647

GENERACION: 620
Mejor Solucion:  9 74 77 42 86 95 19 85 94 73 84 56 21 49 75 51 5 69 67 8 44 4 60 55 90 62 81 30 65 12 88 23 25 18 27 91 58 79 20 7 22 24 41 54 99 26 40 0 59 10 66 33 14 61 17 80 11 36 1 32 46 16 15 39 96 3 31 57 34 43 87 50 76 45 71 35 28 13 64 2 70 37 48 53 89 68 38 82 6 93 52 97 78 72 29 98 63 47 92 83
Coste: -2147483647

GENERACION: 625
Mejor Solucion:  9 74 77 42 86 95 19 85 94 73 84 56 21 49 75 51 5 69 67 8 44 4 60 55 90 62 81 30 65 12 88 23 25 18 27 91 58 79 20 7 22 24 41 54 99 26 40 0 59 10 66 33 14 61 17 80 11 36 1 32 46 16 15 39 96 3 31 57 34 43 87 50 76 45 71 35 28 13 64 2 70 37 48 53 89 68 38 82 6 93 52 97 78 72 29 98 63 47 92 83
Coste: -2147483647

GENERACION: 630
Mejor Solucion:  9 74 77 42 86 95 19 85 94 73 84 56 21 49 75 51 5 69 67 8 44 4 60 55 90 62 81 30 65 12 88 23 25 18 27 91 58 79 20 7 22 24 41 54 99 26 40 0 59 10 66 33 14 61 17 80 11 36 1 32 46 16 15 39 96 3 31 57 34 43 87 50 76 45 71 35 28 13 64 2 70 37 48 53 89 68 38 82 6 93 52 97 78 72 29 98 63 47 92 83
Coste: -2147483647

GENERACION: 635
Mejor Solucion:  9 74 77 42 86 95 19 85 94 73 84 56 21 49 75 51 5 69 67 8 44 4 60 55 90 62 81 30 65 12 88 23 25 18 27 91 58 79 20 7 22 24 41 54 99 26 40 0 59 10 66 33 14 61 17 80 11 36 1 32 46 16 15 39 96 3 31 57 34 43 87 50 76 45 71 35 28 13 64 2 70 37 48 53 89 68 38 82 6 93 52 97 78 72 29 98 63 47 92 83
Coste: -2147483647

GENERACION: 640
Mejor Solucion:  9 74 77 42 86 95 19 85 94 73 84 56 21 49 75 51 5 69 67 8 44 4 60 55 90 62 81 30 65 12 88 23 25 18 27 91 58 79 20 7 22 24 41 54 99 26 40 0 59 10 66 33 14 61 17 80 11 36 1 32 46 16 15 39 96 3 31 57 34 43 87 50 76 45 71 35 28 13 64 2 70 37 48 53 89 68 38 82 6 93 52 97 78 72 29 98 63 47 92 83
Coste: -2147483647

GENERACION: 645
Mejor Solucion:  9 74 77 42 86 95 19 85 94 73 84 56 21 49 75 51 5 69 67 8 44 4 60 55 90 62 81 30 65 12 88 23 25 18 27 91 58 79 20 7 22 24 41 54 99 26 40 0 59 10 66 33 14 61 17 80 11 36 1 32 46 16 15 39 96 3 31 57 34 43 87 50 76 45 71 35 28 13 64 2 70 37 48 53 89 68 38 82 6 93 52 97 78 72 29 98 63 47 92 83
Coste: -2147483647

GENERACION: 650
Mejor Solucion:  9 74 77 42 86 95 19 85 94 73 84 56 21 49 75 51 5 69 67 8 44 4 60 55 90 62 81 30 65 12 88 23 25 18 27 91 58 79 20 7 22 24 41 54 99 26 40 0 59 10 66 33 14 61 17 80 11 36 1 32 46 16 15 39 96 3 31 57 34 43 87 50 76 45 71 35 28 13 64 2 70 37 48 53 89 68 38 82 6 93 52 97 78 72 29 98 63 47 92 83
Coste: -2147483647

GENERACION: 655
Mejor Solucion:  9 74 77 42 86 95 19 85 94 73 84 56 21 49 75 51 5 69 67 8 44 4 60 55 90 62 81 30 65 12 88 23 25 18 27 91 58 79 20 7 22 24 41 54 99 26 40 0 59 10 66 33 14 61 17 80 11 36 1 32 46 16 15 39 96 3 31 57 34 43 87 50 76 45 71 35 28 13 64 2 70 37 48 53 89 68 38 82 6 93 52 97 78 72 29 98 63 47 92 83
Coste: -2147483647

GENERACION: 660
Mejor Solucion:  9 74 77 42 86 95 19 85 94 73 84 56 21 49 75 51 5 69 67 8 44 4 60 55 90 62 81 30 65 12 88 23 25 18 27 91 58 79 20 7 22 24 41 54 99 26 40 0 59 10 66 33 14 61 17 80 11 36 1 32 46 16 15 39 96 3 31 57 34 43 87 50 76 45 71 35 28 13 64 2 70 37 48 53 89 68 38 82 6 93 52 97 78 72 29 98 63 47 92 83
Coste: -2147483647

GENERACION: 665
Mejor Solucion:  9 74 77 42 86 95 19 85 94 73 84 56 21 49 75 51 5 69 67 8 44 4 60 55 90 62 81 30 65 12 88 23 25 18 27 91 58 79 20 7 22 24 41 54 99 26 40 0 59 10 66 33 14 61 17 80 11 36 1 32 46 16 15 39 96 3 31 57 34 43 87 50 76 45 71 35 28 13 64 2 70 37 48 53 89 68 38 82 6 93 52 97 78 72 29 98 63 47 92 83
Coste: -2147483647

GENERACION: 670
Mejor Solucion:  9 74 77 42 86 95 19 85 94 73 84 56 21 49 75 51 5 69 67 8 44 4 60 55 90 62 81 30 65 12 88 23 25 18 27 91 58 79 20 7 22 24 41 54 99 26 40 0 59 10 66 33 14 61 17 80 11 36 1 32 46 16 15 39 96 3 31 57 34 43 87 50 76 45 71 35 28 13 64 2 70 37 48 53 89 68 38 82 6 93 52 97 78 72 29 98 63 47 92 83
Coste: -2147483647

GENERACION: 675
Mejor Solucion:  9 74 77 42 86 95 19 85 94 73 84 56 21 49 75 51 5 69 67 8 44 4 60 55 90 62 81 30 65 12 88 23 25 18 27 91 58 79 20 7 22 24 41 54 99 26 40 0 59 10 66 33 14 61 17 80 11 36 1 32 46 16 15 39 96 3 31 57 34 43 87 50 76 45 71 35 28 13 64 2 70 37 48 53 89 68 38 82 6 93 52 97 78 72 29 98 63 47 92 83
Coste: -2147483647

GENERACION: 680
Mejor Solucion:  9 74 77 42 86 95 19 85 94 73 84 56 21 49 75 51 5 69 67 8 44 4 60 55 90 62 81 30 65 12 88 23 25 18 27 91 58 79 20 7 22 24 41 54 99 26 40 0 59 10 66 33 14 61 17 80 11 36 1 32 46 16 15 39 96 3 31 57 34 43 87 50 76 45 71 35 28 13 64 2 70 37 48 53 89 68 38 82 6 93 52 97 78 72 29 98 63 47 92 83
Coste: -2147483647

GENERACION: 685
Mejor Solucion:  9 74 77 42 86 95 19 85 94 73 84 56 21 49 75 51 5 69 67 8 44 4 60 55 90 62 81 30 65 12 88 23 25 18 27 91 58 79 20 7 22 24 41 54 99 26 40 0 59 10 66 33 14 61 17 80 11 36 1 32 46 16 15 39 96 3 31 57 34 43 87 50 76 45 71 35 28 13 64 2 70 37 48 53 89 68 38 82 6 93 52 97 78 72 29 98 63 47 92 83
Coste: -2147483647

GENERACION: 690
Mejor Solucion:  9 74 77 42 86 95 19 85 94 73 84 56 21 49 75 51 5 69 67 8 44 4 60 55 90 62 81 30 65 12 88 23 25 18 27 91 58 79 20 7 22 24 41 54 99 26 40 0 59 10 66 33 14 61 17 80 11 36 1 32 46 16 15 39 96 3 31 57 34 43 87 50 76 45 71 35 28 13 64 2 70 37 48 53 89 68 38 82 6 93 52 97 78 72 29 98 63 47 92 83
Coste: -2147483647

GENERACION: 695
Mejor Solucion:  9 74 77 42 86 95 19 85 94 73 84 56 21 49 75 51 5 69 67 8 44 4 60 55 90 62 81 30 65 12 88 23 25 18 27 91 58 79 20 7 22 24 41 54 99 26 40 0 59 10 66 33 14 61 17 80 11 36 1 32 46 16 15 39 96 3 31 57 34 43 87 50 76 45 71 35 28 13 64 2 70 37 48 53 89 68 38 82 6 93 52 97 78 72 29 98 63 47 92 83
Coste: -2147483647

GENERACION: 700
Mejor Solucion:  9 74 77 42 86 95 19 85 94 73 84 56 21 49 75 51 5 69 67 8 44 4 60 55 90 62 81 30 65 12 88 23 25 18 27 91 58 79 20 7 22 24 41 54 99 26 40 0 59 10 66 33 14 61 17 80 11 36 1 32 46 16 15 39 96 3 31 57 34 43 87 50 76 45 71 35 28 13 64 2 70 37 48 53 89 68 38 82 6 93 52 97 78 72 29 98 63 47 92 83
Coste: -2147483647

GENERACION: 705
Mejor Solucion:  9 74 77 42 86 95 19 85 94 73 84 56 21 49 75 51 5 69 67 8 44 4 60 55 90 62 81 30 65 12 88 23 25 18 27 91 58 79 20 7 22 24 41 54 99 26 40 0 59 10 66 33 14 61 17 80 11 36 1 32 46 16 15 39 96 3 31 57 34 43 87 50 76 45 71 35 28 13 64 2 70 37 48 53 89 68 38 82 6 93 52 97 78 72 29 98 63 47 92 83
Coste: -2147483647

GENERACION: 710
Mejor Solucion:  9 74 77 42 86 95 19 85 94 73 84 56 21 49 75 51 5 69 67 8 44 4 60 55 90 62 81 30 65 12 88 23 25 18 27 91 58 79 20 7 22 24 41 54 99 26 40 0 59 10 66 33 14 61 17 80 11 36 1 32 46 16 15 39 96 3 31 57 34 43 87 50 76 45 71 35 28 13 64 2 70 37 48 53 89 68 38 82 6 93 52 97 78 72 29 98 63 47 92 83
Coste: -2147483647

GENERACION: 715
Mejor Solucion:  9 74 77 42 86 95 19 85 94 73 84 56 21 49 75 51 5 69 67 8 44 4 60 55 90 62 81 30 65 12 88 23 25 18 27 91 58 79 20 7 22 24 41 54 99 26 40 0 59 10 66 33 14 61 17 80 11 36 1 32 46 16 15 39 96 3 31 57 34 43 87 50 76 45 71 35 28 13 64 2 70 37 48 53 89 68 38 82 6 93 52 97 78 72 29 98 63 47 92 83
Coste: -2147483647

GENERACION: 720
Mejor Solucion:  9 74 77 42 86 95 19 85 94 73 84 56 21 49 75 51 5 69 67 8 44 4 60 55 90 62 81 30 65 12 88 23 25 18 27 91 58 79 20 7 22 24 41 54 99 26 40 0 59 10 66 33 14 61 17 80 11 36 1 32 46 16 15 39 96 3 31 57 34 43 87 50 76 45 71 35 28 13 64 2 70 37 48 53 89 68 38 82 6 93 52 97 78 72 29 98 63 47 92 83
Coste: -2147483647

GENERACION: 725
Mejor Solucion:  9 74 77 42 86 95 19 85 94 73 84 56 21 49 75 51 5 69 67 8 44 4 60 55 90 62 81 30 65 12 88 23 25 18 27 91 58 79 20 7 22 24 41 54 99 26 40 0 59 10 66 33 14 61 17 80 11 36 1 32 46 16 15 39 96 3 31 57 34 43 87 50 76 45 71 35 28 13 64 2 70 37 48 53 89 68 38 82 6 93 52 97 78 72 29 98 63 47 92 83
Coste: -2147483647

GENERACION: 730
Mejor Solucion:  9 74 77 42 86 95 19 85 94 73 84 56 21 49 75 51 5 69 67 8 44 4 60 55 90 62 81 30 65 12 88 23 25 18 27 91 58 79 20 7 22 24 41 54 99 26 40 0 59 10 66 33 14 61 17 80 11 36 1 32 46 16 15 39 96 3 31 57 34 43 87 50 76 45 71 35 28 13 64 2 70 37 48 53 89 68 38 82 6 93 52 97 78 72 29 98 63 47 92 83
Coste: -2147483647

GENERACION: 735
Mejor Solucion:  9 74 77 42 86 95 19 85 94 73 84 56 21 49 75 51 5 69 67 8 44 4 60 55 90 62 81 30 65 12 88 23 25 18 27 91 58 79 20 7 22 24 41 54 99 26 40 0 59 10 66 33 14 61 17 80 11 36 1 32 46 16 15 39 96 3 31 57 34 43 87 50 76 45 71 35 28 13 64 2 70 37 48 53 89 68 38 82 6 93 52 97 78 72 29 98 63 47 92 83
Coste: -2147483647

GENERACION: 740
Mejor Solucion:  9 74 77 42 86 95 19 85 94 73 84 56 21 49 75 51 5 69 67 8 44 4 60 55 90 62 81 30 65 12 88 23 25 18 27 91 58 79 20 7 22 24 41 54 99 26 40 0 59 10 66 33 14 61 17 80 11 36 1 32 46 16 15 39 96 3 31 57 34 43 87 50 76 45 71 35 28 13 64 2 70 37 48 53 89 68 38 82 6 93 52 97 78 72 29 98 63 47 92 83
Coste: -2147483647

GENERACION: 745
Mejor Solucion:  9 74 77 42 86 95 19 85 94 73 84 56 21 49 75 51 5 69 67 8 44 4 60 55 90 62 81 30 65 12 88 23 25 18 27 91 58 79 20 7 22 24 41 54 99 26 40 0 59 10 66 33 14 61 17 80 11 36 1 32 46 16 15 39 96 3 31 57 34 43 87 50 76 45 71 35 28 13 64 2 70 37 48 53 89 68 38 82 6 93 52 97 78 72 29 98 63 47 92 83
Coste: -2147483647

GENERACION: 750
Mejor Solucion:  9 74 77 42 86 95 19 85 94 73 84 56 21 49 75 51 5 69 67 8 44 4 60 55 90 62 81 30 65 12 88 23 25 18 27 91 58 79 20 7 22 24 41 54 99 26 40 0 59 10 66 33 14 61 17 80 11 36 1 32 46 16 15 39 96 3 31 57 34 43 87 50 76 45 71 35 28 13 64 2 70 37 48 53 89 68 38 82 6 93 52 97 78 72 29 98 63 47 92 83
Coste: -2147483647

GENERACION: 755
Mejor Solucion:  9 74 77 42 86 95 19 85 94 73 84 56 21 49 75 51 5 69 67 8 44 4 60 55 90 62 81 30 65 12 88 23 25 18 27 91 58 79 20 7 22 24 41 54 99 26 40 0 59 10 66 33 14 61 17 80 11 36 1 32 46 16 15 39 96 3 31 57 34 43 87 50 76 45 71 35 28 13 64 2 70 37 48 53 89 68 38 82 6 93 52 97 78 72 29 98 63 47 92 83
Coste: -2147483647

GENERACION: 760
Mejor Solucion:  9 74 77 42 86 95 19 85 94 73 84 56 21 49 75 51 5 69 67 8 44 4 60 55 90 62 81 30 65 12 88 23 25 18 27 91 58 79 20 7 22 24 41 54 99 26 40 0 59 10 66 33 14 61 17 80 11 36 1 32 46 16 15 39 96 3 31 57 34 43 87 50 76 45 71 35 28 13 64 2 70 37 48 53 89 68 38 82 6 93 52 97 78 72 29 98 63 47 92 83
Coste: -2147483647

GENERACION: 765
Mejor Solucion:  9 74 77 42 86 95 19 85 94 73 84 56 21 49 75 51 5 69 67 8 44 4 60 55 90 62 81 30 65 12 88 23 25 18 27 91 58 79 20 7 22 24 41 54 99 26 40 0 59 10 66 33 14 61 17 80 11 36 1 32 46 16 15 39 96 3 31 57 34 43 87 50 76 45 71 35 28 13 64 2 70 37 48 53 89 68 38 82 6 93 52 97 78 72 29 98 63 47 92 83
Coste: -2147483647

GENERACION: 770
Mejor Solucion:  9 74 77 42 86 95 19 85 94 73 84 56 21 49 75 51 5 69 67 8 44 4 60 55 90 62 81 30 65 12 88 23 25 18 27 91 58 79 20 7 22 24 41 54 99 26 40 0 59 10 66 33 14 61 17 80 11 36 1 32 46 16 15 39 96 3 31 57 34 43 87 50 76 45 71 35 28 13 64 2 70 37 48 53 89 68 38 82 6 93 52 97 78 72 29 98 63 47 92 83
Coste: -2147483647

GENERACION: 775
Mejor Solucion:  9 74 77 42 86 95 19 85 94 73 84 56 21 49 75 51 5 69 67 8 44 4 60 55 90 62 81 30 65 12 88 23 25 18 27 91 58 79 20 7 22 24 41 54 99 26 40 0 59 10 66 33 14 61 17 80 11 36 1 32 46 16 15 39 96 3 31 57 34 43 87 50 76 45 71 35 28 13 64 2 70 37 48 53 89 68 38 82 6 93 52 97 78 72 29 98 63 47 92 83
Coste: -2147483647

GENERACION: 780
Mejor Solucion:  9 74 77 42 86 95 19 85 94 73 84 56 21 49 75 51 5 69 67 8 44 4 60 55 90 62 81 30 65 12 88 23 25 18 27 91 58 79 20 7 22 24 41 54 99 26 40 0 59 10 66 33 14 61 17 80 11 36 1 32 46 16 15 39 96 3 31 57 34 43 87 50 76 45 71 35 28 13 64 2 70 37 48 53 89 68 38 82 6 93 52 97 78 72 29 98 63 47 92 83
Coste: -2147483647

GENERACION: 785
Mejor Solucion:  9 74 77 42 86 95 19 85 94 73 84 56 21 49 75 51 5 69 67 8 44 4 60 55 90 62 81 30 65 12 88 23 25 18 27 91 58 79 20 7 22 24 41 54 99 26 40 0 59 10 66 33 14 61 17 80 11 36 1 32 46 16 15 39 96 3 31 57 34 43 87 50 76 45 71 35 28 13 64 2 70 37 48 53 89 68 38 82 6 93 52 97 78 72 29 98 63 47 92 83
Coste: -2147483647

GENERACION: 790
Mejor Solucion:  9 74 77 42 86 95 19 85 94 73 84 56 21 49 75 51 5 69 67 8 44 4 60 55 90 62 81 30 65 12 88 23 25 18 27 91 58 79 20 7 22 24 41 54 99 26 40 0 59 10 66 33 14 61 17 80 11 36 1 32 46 16 15 39 96 3 31 57 34 43 87 50 76 45 71 35 28 13 64 2 70 37 48 53 89 68 38 82 6 93 52 97 78 72 29 98 63 47 92 83
Coste: -2147483647

GENERACION: 795
Mejor Solucion:  9 74 77 42 86 95 19 85 94 73 84 56 21 49 75 51 5 69 67 8 44 4 60 55 90 62 81 30 65 12 88 23 25 18 27 91 58 79 20 7 22 24 41 54 99 26 40 0 59 10 66 33 14 61 17 80 11 36 1 32 46 16 15 39 96 3 31 57 34 43 87 50 76 45 71 35 28 13 64 2 70 37 48 53 89 68 38 82 6 93 52 97 78 72 29 98 63 47 92 83
Coste: -2147483647

GENERACION: 800
Mejor Solucion:  9 74 77 42 86 95 19 85 94 73 84 56 21 49 75 51 5 69 67 8 44 4 60 55 90 62 81 30 65 12 88 23 25 18 27 91 58 79 20 7 22 24 41 54 99 26 40 0 59 10 66 33 14 61 17 80 11 36 1 32 46 16 15 39 96 3 31 57 34 43 87 50 76 45 71 35 28 13 64 2 70 37 48 53 89 68 38 82 6 93 52 97 78 72 29 98 63 47 92 83
Coste: -2147483647

GENERACION: 805
Mejor Solucion:  9 74 77 42 86 95 19 85 94 73 84 56 21 49 75 51 5 69 67 8 44 4 60 55 90 62 81 30 65 12 88 23 25 18 27 91 58 79 20 7 22 24 41 54 99 26 40 0 59 10 66 33 14 61 17 80 11 36 1 32 46 16 15 39 96 3 31 57 34 43 87 50 76 45 71 35 28 13 64 2 70 37 48 53 89 68 38 82 6 93 52 97 78 72 29 98 63 47 92 83
Coste: -2147483647

GENERACION: 810
Mejor Solucion:  9 74 77 42 86 95 19 85 94 73 84 56 21 49 75 51 5 69 67 8 44 4 60 55 90 62 81 30 65 12 88 23 25 18 27 91 58 79 20 7 22 24 41 54 99 26 40 0 59 10 66 33 14 61 17 80 11 36 1 32 46 16 15 39 96 3 31 57 34 43 87 50 76 45 71 35 28 13 64 2 70 37 48 53 89 68 38 82 6 93 52 97 78 72 29 98 63 47 92 83
Coste: -2147483647

GENERACION: 815
Mejor Solucion:  9 74 77 42 86 95 19 85 94 73 84 56 21 49 75 51 5 69 67 8 44 4 60 55 90 62 81 30 65 12 88 23 25 18 27 91 58 79 20 7 22 24 41 54 99 26 40 0 59 10 66 33 14 61 17 80 11 36 1 32 46 16 15 39 96 3 31 57 34 43 87 50 76 45 71 35 28 13 64 2 70 37 48 53 89 68 38 82 6 93 52 97 78 72 29 98 63 47 92 83
Coste: -2147483647

GENERACION: 820
Mejor Solucion:  9 74 77 42 86 95 19 85 94 73 84 56 21 49 75 51 5 69 67 8 44 4 60 55 90 62 81 30 65 12 88 23 25 18 27 91 58 79 20 7 22 24 41 54 99 26 40 0 59 10 66 33 14 61 17 80 11 36 1 32 46 16 15 39 96 3 31 57 34 43 87 50 76 45 71 35 28 13 64 2 70 37 48 53 89 68 38 82 6 93 52 97 78 72 29 98 63 47 92 83
Coste: -2147483647

GENERACION: 825
Mejor Solucion:  9 74 77 42 86 95 19 85 94 73 84 56 21 49 75 51 5 69 67 8 44 4 60 55 90 62 81 30 65 12 88 23 25 18 27 91 58 79 20 7 22 24 41 54 99 26 40 0 59 10 66 33 14 61 17 80 11 36 1 32 46 16 15 39 96 3 31 57 34 43 87 50 76 45 71 35 28 13 64 2 70 37 48 53 89 68 38 82 6 93 52 97 78 72 29 98 63 47 92 83
Coste: -2147483647

GENERACION: 830
Mejor Solucion:  9 74 77 42 86 95 19 85 94 73 84 56 21 49 75 51 5 69 67 8 44 4 60 55 90 62 81 30 65 12 88 23 25 18 27 91 58 79 20 7 22 24 41 54 99 26 40 0 59 10 66 33 14 61 17 80 11 36 1 32 46 16 15 39 96 3 31 57 34 43 87 50 76 45 71 35 28 13 64 2 70 37 48 53 89 68 38 82 6 93 52 97 78 72 29 98 63 47 92 83
Coste: -2147483647

GENERACION: 835
Mejor Solucion:  9 74 77 42 86 95 19 85 94 73 84 56 21 49 75 51 5 69 67 8 44 4 60 55 90 62 81 30 65 12 88 23 25 18 27 91 58 79 20 7 22 24 41 54 99 26 40 0 59 10 66 33 14 61 17 80 11 36 1 32 46 16 15 39 96 3 31 57 34 43 87 50 76 45 71 35 28 13 64 2 70 37 48 53 89 68 38 82 6 93 52 97 78 72 29 98 63 47 92 83
Coste: -2147483647

GENERACION: 840
Mejor Solucion:  9 74 77 42 86 95 19 85 94 73 84 56 21 49 75 51 5 69 67 8 44 4 60 55 90 62 81 30 65 12 88 23 25 18 27 91 58 79 20 7 22 24 41 54 99 26 40 0 59 10 66 33 14 61 17 80 11 36 1 32 46 16 15 39 96 3 31 57 34 43 87 50 76 45 71 35 28 13 64 2 70 37 48 53 89 68 38 82 6 93 52 97 78 72 29 98 63 47 92 83
Coste: -2147483647

GENERACION: 845
Mejor Solucion:  9 74 77 42 86 95 19 85 94 73 84 56 21 49 75 51 5 69 67 8 44 4 60 55 90 62 81 30 65 12 88 23 25 18 27 91 58 79 20 7 22 24 41 54 99 26 40 0 59 10 66 33 14 61 17 80 11 36 1 32 46 16 15 39 96 3 31 57 34 43 87 50 76 45 71 35 28 13 64 2 70 37 48 53 89 68 38 82 6 93 52 97 78 72 29 98 63 47 92 83
Coste: -2147483647

GENERACION: 850
Mejor Solucion:  9 74 77 42 86 95 19 85 94 73 84 56 21 49 75 51 5 69 67 8 44 4 60 55 90 62 81 30 65 12 88 23 25 18 27 91 58 79 20 7 22 24 41 54 99 26 40 0 59 10 66 33 14 61 17 80 11 36 1 32 46 16 15 39 96 3 31 57 34 43 87 50 76 45 71 35 28 13 64 2 70 37 48 53 89 68 38 82 6 93 52 97 78 72 29 98 63 47 92 83
Coste: -2147483647

GENERACION: 855
Mejor Solucion:  9 74 77 42 86 95 19 85 94 73 84 56 21 49 75 51 5 69 67 8 44 4 60 55 90 62 81 30 65 12 88 23 25 18 27 91 58 79 20 7 22 24 41 54 99 26 40 0 59 10 66 33 14 61 17 80 11 36 1 32 46 16 15 39 96 3 31 57 34 43 87 50 76 45 71 35 28 13 64 2 70 37 48 53 89 68 38 82 6 93 52 97 78 72 29 98 63 47 92 83
Coste: -2147483647

GENERACION: 860
Mejor Solucion:  9 74 77 42 86 95 19 85 94 73 84 56 21 49 75 51 5 69 67 8 44 4 60 55 90 62 81 30 65 12 88 23 25 18 27 91 58 79 20 7 22 24 41 54 99 26 40 0 59 10 66 33 14 61 17 80 11 36 1 32 46 16 15 39 96 3 31 57 34 43 87 50 76 45 71 35 28 13 64 2 70 37 48 53 89 68 38 82 6 93 52 97 78 72 29 98 63 47 92 83
Coste: -2147483647

GENERACION: 865
Mejor Solucion:  9 74 77 42 86 95 19 85 94 73 84 56 21 49 75 51 5 69 67 8 44 4 60 55 90 62 81 30 65 12 88 23 25 18 27 91 58 79 20 7 22 24 41 54 99 26 40 0 59 10 66 33 14 61 17 80 11 36 1 32 46 16 15 39 96 3 31 57 34 43 87 50 76 45 71 35 28 13 64 2 70 37 48 53 89 68 38 82 6 93 52 97 78 72 29 98 63 47 92 83
Coste: -2147483647

GENERACION: 870
Mejor Solucion:  9 74 77 42 86 95 19 85 94 73 84 56 21 49 75 51 5 69 67 8 44 4 60 55 90 62 81 30 65 12 88 23 25 18 27 91 58 79 20 7 22 24 41 54 99 26 40 0 59 10 66 33 14 61 17 80 11 36 1 32 46 16 15 39 96 3 31 57 34 43 87 50 76 45 71 35 28 13 64 2 70 37 48 53 89 68 38 82 6 93 52 97 78 72 29 98 63 47 92 83
Coste: -2147483647

GENERACION: 875
Mejor Solucion:  9 74 77 42 86 95 19 85 94 73 84 56 21 49 75 51 5 69 67 8 44 4 60 55 90 62 81 30 65 12 88 23 25 18 27 91 58 79 20 7 22 24 41 54 99 26 40 0 59 10 66 33 14 61 17 80 11 36 1 32 46 16 15 39 96 3 31 57 34 43 87 50 76 45 71 35 28 13 64 2 70 37 48 53 89 68 38 82 6 93 52 97 78 72 29 98 63 47 92 83
Coste: -2147483647

GENERACION: 880
Mejor Solucion:  9 74 77 42 86 95 19 85 94 73 84 56 21 49 75 51 5 69 67 8 44 4 60 55 90 62 81 30 65 12 88 23 25 18 27 91 58 79 20 7 22 24 41 54 99 26 40 0 59 10 66 33 14 61 17 80 11 36 1 32 46 16 15 39 96 3 31 57 34 43 87 50 76 45 71 35 28 13 64 2 70 37 48 53 89 68 38 82 6 93 52 97 78 72 29 98 63 47 92 83
Coste: -2147483647

GENERACION: 885
Mejor Solucion:  9 74 77 42 86 95 19 85 94 73 84 56 21 49 75 51 5 69 67 8 44 4 60 55 90 62 81 30 65 12 88 23 25 18 27 91 58 79 20 7 22 24 41 54 99 26 40 0 59 10 66 33 14 61 17 80 11 36 1 32 46 16 15 39 96 3 31 57 34 43 87 50 76 45 71 35 28 13 64 2 70 37 48 53 89 68 38 82 6 93 52 97 78 72 29 98 63 47 92 83
Coste: -2147483647

GENERACION: 890
Mejor Solucion:  9 74 77 42 86 95 19 85 94 73 84 56 21 49 75 51 5 69 67 8 44 4 60 55 90 62 81 30 65 12 88 23 25 18 27 91 58 79 20 7 22 24 41 54 99 26 40 0 59 10 66 33 14 61 17 80 11 36 1 32 46 16 15 39 96 3 31 57 34 43 87 50 76 45 71 35 28 13 64 2 70 37 48 53 89 68 38 82 6 93 52 97 78 72 29 98 63 47 92 83
Coste: -2147483647

GENERACION: 895
Mejor Solucion:  9 74 77 42 86 95 19 85 94 73 84 56 21 49 75 51 5 69 67 8 44 4 60 55 90 62 81 30 65 12 88 23 25 18 27 91 58 79 20 7 22 24 41 54 99 26 40 0 59 10 66 33 14 61 17 80 11 36 1 32 46 16 15 39 96 3 31 57 34 43 87 50 76 45 71 35 28 13 64 2 70 37 48 53 89 68 38 82 6 93 52 97 78 72 29 98 63 47 92 83
Coste: -2147483647

GENERACION: 900
Mejor Solucion:  9 74 77 42 86 95 19 85 94 73 84 56 21 49 75 51 5 69 67 8 44 4 60 55 90 62 81 30 65 12 88 23 25 18 27 91 58 79 20 7 22 24 41 54 99 26 40 0 59 10 66 33 14 61 17 80 11 36 1 32 46 16 15 39 96 3 31 57 34 43 87 50 76 45 71 35 28 13 64 2 70 37 48 53 89 68 38 82 6 93 52 97 78 72 29 98 63 47 92 83
Coste: -2147483647

GENERACION: 905
Mejor Solucion:  9 74 77 42 86 95 19 85 94 73 84 56 21 49 75 51 5 69 67 8 44 4 60 55 90 62 81 30 65 12 88 23 25 18 27 91 58 79 20 7 22 24 41 54 99 26 40 0 59 10 66 33 14 61 17 80 11 36 1 32 46 16 15 39 96 3 31 57 34 43 87 50 76 45 71 35 28 13 64 2 70 37 48 53 89 68 38 82 6 93 52 97 78 72 29 98 63 47 92 83
Coste: -2147483647

GENERACION: 910
Mejor Solucion:  9 74 77 42 86 95 19 85 94 73 84 56 21 49 75 51 5 69 67 8 44 4 60 55 90 62 81 30 65 12 88 23 25 18 27 91 58 79 20 7 22 24 41 54 99 26 40 0 59 10 66 33 14 61 17 80 11 36 1 32 46 16 15 39 96 3 31 57 34 43 87 50 76 45 71 35 28 13 64 2 70 37 48 53 89 68 38 82 6 93 52 97 78 72 29 98 63 47 92 83
Coste: -2147483647

GENERACION: 915
Mejor Solucion:  9 74 77 42 86 95 19 85 94 73 84 56 21 49 75 51 5 69 67 8 44 4 60 55 90 62 81 30 65 12 88 23 25 18 27 91 58 79 20 7 22 24 41 54 99 26 40 0 59 10 66 33 14 61 17 80 11 36 1 32 46 16 15 39 96 3 31 57 34 43 87 50 76 45 71 35 28 13 64 2 70 37 48 53 89 68 38 82 6 93 52 97 78 72 29 98 63 47 92 83
Coste: -2147483647

GENERACION: 920
Mejor Solucion:  9 74 77 42 86 95 19 85 94 73 84 56 21 49 75 51 5 69 67 8 44 4 60 55 90 62 81 30 65 12 88 23 25 18 27 91 58 79 20 7 22 24 41 54 99 26 40 0 59 10 66 33 14 61 17 80 11 36 1 32 46 16 15 39 96 3 31 57 34 43 87 50 76 45 71 35 28 13 64 2 70 37 48 53 89 68 38 82 6 93 52 97 78 72 29 98 63 47 92 83
Coste: -2147483647

GENERACION: 925
Mejor Solucion:  9 74 77 42 86 95 19 85 94 73 84 56 21 49 75 51 5 69 67 8 44 4 60 55 90 62 81 30 65 12 88 23 25 18 27 91 58 79 20 7 22 24 41 54 99 26 40 0 59 10 66 33 14 61 17 80 11 36 1 32 46 16 15 39 96 3 31 57 34 43 87 50 76 45 71 35 28 13 64 2 70 37 48 53 89 68 38 82 6 93 52 97 78 72 29 98 63 47 92 83
Coste: -2147483647

GENERACION: 930
Mejor Solucion:  9 74 77 42 86 95 19 85 94 73 84 56 21 49 75 51 5 69 67 8 44 4 60 55 90 62 81 30 65 12 88 23 25 18 27 91 58 79 20 7 22 24 41 54 99 26 40 0 59 10 66 33 14 61 17 80 11 36 1 32 46 16 15 39 96 3 31 57 34 43 87 50 76 45 71 35 28 13 64 2 70 37 48 53 89 68 38 82 6 93 52 97 78 72 29 98 63 47 92 83
Coste: -2147483647

GENERACION: 935
Mejor Solucion:  9 74 77 42 86 95 19 85 94 73 84 56 21 49 75 51 5 69 67 8 44 4 60 55 90 62 81 30 65 12 88 23 25 18 27 91 58 79 20 7 22 24 41 54 99 26 40 0 59 10 66 33 14 61 17 80 11 36 1 32 46 16 15 39 96 3 31 57 34 43 87 50 76 45 71 35 28 13 64 2 70 37 48 53 89 68 38 82 6 93 52 97 78 72 29 98 63 47 92 83
Coste: -2147483647

GENERACION: 940
Mejor Solucion:  9 74 77 42 86 95 19 85 94 73 84 56 21 49 75 51 5 69 67 8 44 4 60 55 90 62 81 30 65 12 88 23 25 18 27 91 58 79 20 7 22 24 41 54 99 26 40 0 59 10 66 33 14 61 17 80 11 36 1 32 46 16 15 39 96 3 31 57 34 43 87 50 76 45 71 35 28 13 64 2 70 37 48 53 89 68 38 82 6 93 52 97 78 72 29 98 63 47 92 83
Coste: -2147483647

GENERACION: 945
Mejor Solucion:  9 74 77 42 86 95 19 85 94 73 84 56 21 49 75 51 5 69 67 8 44 4 60 55 90 62 81 30 65 12 88 23 25 18 27 91 58 79 20 7 22 24 41 54 99 26 40 0 59 10 66 33 14 61 17 80 11 36 1 32 46 16 15 39 96 3 31 57 34 43 87 50 76 45 71 35 28 13 64 2 70 37 48 53 89 68 38 82 6 93 52 97 78 72 29 98 63 47 92 83
Coste: -2147483647

GENERACION: 950
Mejor Solucion:  9 74 77 42 86 95 19 85 94 73 84 56 21 49 75 51 5 69 67 8 44 4 60 55 90 62 81 30 65 12 88 23 25 18 27 91 58 79 20 7 22 24 41 54 99 26 40 0 59 10 66 33 14 61 17 80 11 36 1 32 46 16 15 39 96 3 31 57 34 43 87 50 76 45 71 35 28 13 64 2 70 37 48 53 89 68 38 82 6 93 52 97 78 72 29 98 63 47 92 83
Coste: -2147483647

GENERACION: 955
Mejor Solucion:  9 74 77 42 86 95 19 85 94 73 84 56 21 49 75 51 5 69 67 8 44 4 60 55 90 62 81 30 65 12 88 23 25 18 27 91 58 79 20 7 22 24 41 54 99 26 40 0 59 10 66 33 14 61 17 80 11 36 1 32 46 16 15 39 96 3 31 57 34 43 87 50 76 45 71 35 28 13 64 2 70 37 48 53 89 68 38 82 6 93 52 97 78 72 29 98 63 47 92 83
Coste: -2147483647

GENERACION: 960
Mejor Solucion:  9 74 77 42 86 95 19 85 94 73 84 56 21 49 75 51 5 69 67 8 44 4 60 55 90 62 81 30 65 12 88 23 25 18 27 91 58 79 20 7 22 24 41 54 99 26 40 0 59 10 66 33 14 61 17 80 11 36 1 32 46 16 15 39 96 3 31 57 34 43 87 50 76 45 71 35 28 13 64 2 70 37 48 53 89 68 38 82 6 93 52 97 78 72 29 98 63 47 92 83
Coste: -2147483647

GENERACION: 965
Mejor Solucion:  9 74 77 42 86 95 19 85 94 73 84 56 21 49 75 51 5 69 67 8 44 4 60 55 90 62 81 30 65 12 88 23 25 18 27 91 58 79 20 7 22 24 41 54 99 26 40 0 59 10 66 33 14 61 17 80 11 36 1 32 46 16 15 39 96 3 31 57 34 43 87 50 76 45 71 35 28 13 64 2 70 37 48 53 89 68 38 82 6 93 52 97 78 72 29 98 63 47 92 83
Coste: -2147483647

GENERACION: 970
Mejor Solucion:  9 74 77 42 86 95 19 85 94 73 84 56 21 49 75 51 5 69 67 8 44 4 60 55 90 62 81 30 65 12 88 23 25 18 27 91 58 79 20 7 22 24 41 54 99 26 40 0 59 10 66 33 14 61 17 80 11 36 1 32 46 16 15 39 96 3 31 57 34 43 87 50 76 45 71 35 28 13 64 2 70 37 48 53 89 68 38 82 6 93 52 97 78 72 29 98 63 47 92 83
Coste: -2147483647

GENERACION: 975
Mejor Solucion:  9 74 77 42 86 95 19 85 94 73 84 56 21 49 75 51 5 69 67 8 44 4 60 55 90 62 81 30 65 12 88 23 25 18 27 91 58 79 20 7 22 24 41 54 99 26 40 0 59 10 66 33 14 61 17 80 11 36 1 32 46 16 15 39 96 3 31 57 34 43 87 50 76 45 71 35 28 13 64 2 70 37 48 53 89 68 38 82 6 93 52 97 78 72 29 98 63 47 92 83
Coste: -2147483647

GENERACION: 980
Mejor Solucion:  9 74 77 42 86 95 19 85 94 73 84 56 21 49 75 51 5 69 67 8 44 4 60 55 90 62 81 30 65 12 88 23 25 18 27 91 58 79 20 7 22 24 41 54 99 26 40 0 59 10 66 33 14 61 17 80 11 36 1 32 46 16 15 39 96 3 31 57 34 43 87 50 76 45 71 35 28 13 64 2 70 37 48 53 89 68 38 82 6 93 52 97 78 72 29 98 63 47 92 83
Coste: -2147483647

GENERACION: 985
Mejor Solucion:  9 74 77 42 86 95 19 85 94 73 84 56 21 49 75 51 5 69 67 8 44 4 60 55 90 62 81 30 65 12 88 23 25 18 27 91 58 79 20 7 22 24 41 54 99 26 40 0 59 10 66 33 14 61 17 80 11 36 1 32 46 16 15 39 96 3 31 57 34 43 87 50 76 45 71 35 28 13 64 2 70 37 48 53 89 68 38 82 6 93 52 97 78 72 29 98 63 47 92 83
Coste: -2147483647

GENERACION: 990
Mejor Solucion:  9 74 77 42 86 95 19 85 94 73 84 56 21 49 75 51 5 69 67 8 44 4 60 55 90 62 81 30 65 12 88 23 25 18 27 91 58 79 20 7 22 24 41 54 99 26 40 0 59 10 66 33 14 61 17 80 11 36 1 32 46 16 15 39 96 3 31 57 34 43 87 50 76 45 71 35 28 13 64 2 70 37 48 53 89 68 38 82 6 93 52 97 78 72 29 98 63 47 92 83
Coste: -2147483647

GENERACION: 995
Mejor Solucion:  9 74 77 42 86 95 19 85 94 73 84 56 21 49 75 51 5 69 67 8 44 4 60 55 90 62 81 30 65 12 88 23 25 18 27 91 58 79 20 7 22 24 41 54 99 26 40 0 59 10 66 33 14 61 17 80 11 36 1 32 46 16 15 39 96 3 31 57 34 43 87 50 76 45 71 35 28 13 64 2 70 37 48 53 89 68 38 82 6 93 52 97 78 72 29 98 63 47 92 83
Coste: -2147483647

GENERACION: 1000
Mejor Solucion:  9 74 77 42 86 95 19 85 94 73 84 56 21 49 75 51 5 69 67 8 44 4 60 55 90 62 81 30 65 12 88 23 25 18 27 91 58 79 20 7 22 24 41 54 99 26 40 0 59 10 66 33 14 61 17 80 11 36 1 32 46 16 15 39 96 3 31 57 34 43 87 50 76 45 71 35 28 13 64 2 70 37 48 53 89 68 38 82 6 93 52 97 78 72 29 98 63 47 92 83
Coste: -2147483647

