GENERACION: 5
Mejor Solucion:  67 82 73 12 80 36 19 65 88 87 58 34 72 96 62 91 69 25 37 77 59 9 74 98 57 2 89 97 94 20 68 17 31 53 28 71 39 5 3 30 7 40 84 29 4 55 6 76 11 90 52 32 23 22 81 10 79 43 85 50 33 66 35 42 56 21 60 93 75 48 15 64 0 38 99 45 92 24 1 78 46 13 14 8 18 47 44 86 26 41 27 95 54 16 70 63 49 61 51 83
Coste: 1731319607

GENERACION: 10
Mejor Solucion:  31 80 94 19 37 18 14 74 16 49 83 85 79 32 89 96 51 21 3 11 71 5 12 69 44 91 70 40 42 81 77 34 59 47 43 30 72 68 76 0 6 38 93 27 57 26 4 13 63 88 97 52 23 99 73 25 87 24 58 48 65 61 90 95 56 22 75 7 64 98 53 1 36 2 41 67 66 20 9 86 28 54 15 78 60 92 46 33 82 8 45 35 50 10 55 39 62 17 29 84
Coste: -2147483030

GENERACION: 15
Mejor Solucion:  31 80 94 19 37 18 14 74 16 49 83 85 79 32 89 96 51 21 3 11 71 5 12 69 44 91 70 40 42 81 77 34 59 47 43 30 72 68 76 0 6 38 93 27 57 26 4 13 63 88 97 52 23 99 73 25 87 24 58 48 65 61 90 95 56 22 75 7 64 98 53 1 36 2 41 67 66 20 9 86 28 54 15 78 60 92 46 33 82 8 45 35 50 10 55 39 62 17 29 84
Coste: -2147483030

GENERACION: 20
Mejor Solucion:  43 85 93 71 18 70 91 74 33 13 73 60 88 16 28 47 42 31 52 55 62 11 10 56 54 97 37 86 81 77 84 66 20 65 35 87 99 72 41 14 8 36 76 25 53 27 44 64 46 39 22 40 57 49 3 63 80 34 17 51 45 9 15 32 5 82 83 95 69 75 92 98 19 0 7 1 68 12 78 30 59 67 26 29 50 94 89 61 2 23 48 58 90 38 4 79 6 24 96 21
Coste: -2147483381

GENERACION: 25
Mejor Solucion:  43 85 93 71 18 70 91 74 33 13 73 60 88 16 28 47 42 31 52 55 62 11 10 56 54 97 37 86 81 77 84 66 20 65 35 87 99 72 41 14 8 36 76 25 53 27 44 64 46 39 22 40 57 49 3 63 80 34 17 51 45 9 15 32 5 82 83 95 69 75 92 98 19 0 7 1 68 12 78 30 59 67 26 29 50 94 89 61 2 23 48 58 90 38 4 79 6 24 96 21
Coste: -2147483381

GENERACION: 30
Mejor Solucion:  43 85 93 71 18 70 91 74 33 13 73 60 88 16 28 47 42 31 52 55 62 11 10 56 54 97 37 86 81 77 84 66 20 65 35 87 99 72 41 14 8 36 76 25 53 27 44 64 46 39 22 40 57 49 3 63 80 34 17 51 45 9 15 32 5 82 83 95 69 75 92 98 19 0 7 1 68 12 78 30 59 67 26 29 50 94 89 61 2 23 48 58 90 38 4 79 6 24 96 21
Coste: -2147483381

GENERACION: 35
Mejor Solucion:  43 85 93 71 18 70 91 74 33 13 73 60 88 16 28 47 42 31 52 55 62 11 10 56 54 97 37 86 81 77 84 66 20 65 35 87 99 72 41 14 8 36 76 25 53 27 44 64 46 39 22 40 57 49 3 63 80 34 17 51 45 9 15 32 5 82 83 95 69 75 92 98 19 0 7 1 68 12 78 30 59 67 26 29 50 94 89 61 2 23 48 58 90 38 4 79 6 24 96 21
Coste: -2147483381

GENERACION: 40
Mejor Solucion:  42 0 1 77 51 86 27 37 83 13 91 63 40 70 36 7 60 93 43 62 69 82 66 24 5 10 74 79 85 26 47 9 33 12 92 16 65 64 80 94 25 44 14 48 22 18 32 41 19 75 99 28 68 87 34 56 2 38 53 97 84 11 59 72 58 30 23 21 20 46 61 3 67 54 31 89 29 17 95 81 73 71 57 35 50 90 55 39 15 45 76 6 96 4 52 8 88 98 78 49
Coste: -2147483552

GENERACION: 45
Mejor Solucion:  42 0 1 77 51 86 27 37 83 13 91 63 40 70 36 7 60 93 43 62 69 82 66 24 5 10 74 79 85 26 47 9 33 12 92 16 65 64 80 94 25 44 14 48 22 18 32 41 19 75 99 28 68 87 34 56 2 38 53 97 84 11 59 72 58 30 23 21 20 46 61 3 67 54 31 89 29 17 95 81 73 71 57 35 50 90 55 39 15 45 76 6 96 4 52 8 88 98 78 49
Coste: -2147483552

GENERACION: 50
Mejor Solucion:  35 70 86 40 12 32 42 74 77 16 18 14 59 83 11 44 30 87 84 75 63 94 56 36 19 60 88 26 81 47 49 91 98 93 3 95 34 52 33 0 65 46 68 10 71 37 8 4 92 80 72 28 58 96 20 67 23 41 50 27 76 79 25 43 54 64 73 9 99 13 45 17 1 2 55 39 22 57 38 21 53 24 51 90 7 29 5 97 78 89 31 15 69 6 82 48 61 66 62 85
Coste: -2147483599

GENERACION: 55
Mejor Solucion:  35 70 86 40 12 32 42 74 77 16 18 14 59 83 11 44 30 87 84 75 63 94 56 36 19 60 88 26 81 47 49 91 98 93 3 95 34 52 33 0 65 46 68 10 71 37 8 4 92 80 72 28 58 96 20 67 23 41 50 27 76 79 25 43 54 64 73 9 99 13 45 17 1 2 55 39 22 57 38 21 53 24 51 90 7 29 5 97 78 89 31 15 69 6 82 48 61 66 62 85
Coste: -2147483599

GENERACION: 60
Mejor Solucion:  35 70 86 40 12 32 42 74 77 16 18 14 59 83 11 44 30 87 84 75 63 94 56 36 19 60 88 26 81 47 49 91 98 93 3 95 34 52 33 0 65 46 68 10 71 37 8 4 92 80 72 28 58 96 20 67 23 41 50 27 76 79 25 43 54 64 73 9 99 13 45 17 1 2 55 39 22 57 38 21 53 24 51 90 7 29 5 97 78 89 31 15 69 6 82 48 61 66 62 85
Coste: -2147483599

GENERACION: 65
Mejor Solucion:  35 70 86 40 12 32 42 74 77 16 18 14 59 83 11 44 30 87 84 75 63 94 56 36 19 60 88 26 81 47 49 91 98 93 3 95 34 52 33 0 65 46 68 10 71 37 8 4 92 80 72 28 58 96 20 67 23 41 50 27 76 79 25 43 54 64 73 9 99 13 45 17 1 2 55 39 22 57 38 21 53 24 51 90 7 29 5 97 78 89 31 15 69 6 82 48 61 66 62 85
Coste: -2147483599

GENERACION: 70
Mejor Solucion:  35 70 86 40 12 32 42 74 77 16 18 14 59 83 11 44 30 87 84 75 63 94 56 36 19 60 88 26 81 47 49 91 98 93 3 95 34 52 33 0 65 46 68 10 71 37 8 4 92 80 72 28 58 96 20 67 23 41 50 27 76 79 25 43 54 64 73 9 99 13 45 17 1 2 55 39 22 57 38 21 53 24 51 90 7 29 5 97 78 89 31 15 69 6 82 48 61 66 62 85
Coste: -2147483599

GENERACION: 75
Mejor Solucion:  35 70 86 40 12 32 42 74 77 16 18 14 59 83 11 44 30 87 84 75 63 94 56 36 19 60 88 26 81 47 49 91 98 93 3 95 34 52 33 0 65 46 68 10 71 37 8 4 92 80 72 28 58 96 20 67 23 41 50 27 76 79 25 43 54 64 73 9 99 13 45 17 1 2 55 39 22 57 38 21 53 24 51 90 7 29 5 97 78 89 31 15 69 6 82 48 61 66 62 85
Coste: -2147483599

GENERACION: 80
Mejor Solucion:  35 70 86 40 12 32 42 74 77 16 18 14 59 83 11 44 30 87 84 75 63 94 56 36 19 60 88 26 81 47 49 91 98 93 3 95 34 52 33 0 65 46 68 10 71 37 8 4 92 80 72 28 58 96 20 67 23 41 50 27 76 79 25 43 54 64 73 9 99 13 45 17 1 2 55 39 22 57 38 21 53 24 51 90 7 29 5 97 78 89 31 15 69 6 82 48 61 66 62 85
Coste: -2147483599

GENERACION: 85
Mejor Solucion:  35 70 86 40 12 32 42 74 77 16 18 14 59 83 11 44 30 87 84 75 63 94 56 36 19 60 88 26 81 47 49 91 98 93 3 95 34 52 33 0 65 46 68 10 71 37 8 4 92 80 72 28 58 96 20 67 23 41 50 27 76 79 25 43 54 64 73 9 99 13 45 17 1 2 55 39 22 57 38 21 53 24 51 90 7 29 5 97 78 89 31 15 69 6 82 48 61 66 62 85
Coste: -2147483599

GENERACION: 90
Mejor Solucion:  35 70 86 40 12 32 42 74 77 16 18 14 59 83 11 44 30 87 84 75 63 94 56 36 19 60 88 26 81 47 49 91 98 93 3 95 34 52 33 0 65 46 68 10 71 37 8 4 92 80 72 28 58 96 20 67 23 41 50 27 76 79 25 43 54 64 73 9 99 13 45 17 1 2 55 39 22 57 38 21 53 24 51 90 7 29 5 97 78 89 31 15 69 6 82 48 61 66 62 85
Coste: -2147483599

GENERACION: 95
Mejor Solucion:  35 70 86 40 12 32 42 74 77 16 18 14 59 83 11 44 30 87 84 75 63 94 56 36 19 60 88 26 81 47 49 91 98 93 3 95 34 52 33 0 65 46 68 10 71 37 8 4 92 80 72 28 58 96 20 67 23 41 50 27 76 79 25 43 54 64 73 9 99 13 45 17 1 2 55 39 22 57 38 21 53 24 51 90 7 29 5 97 78 89 31 15 69 6 82 48 61 66 62 85
Coste: -2147483599

GENERACION: 100
Mejor Solucion:  35 70 86 40 12 32 42 74 77 16 18 14 59 83 11 44 30 87 84 75 63 94 56 36 19 60 88 26 81 47 49 91 98 93 3 95 34 52 33 0 65 46 68 10 71 37 8 4 92 80 72 28 58 96 20 67 23 41 50 27 76 79 25 43 54 64 73 9 99 13 45 17 1 2 55 39 22 57 38 21 53 24 51 90 7 29 5 97 78 89 31 15 69 6 82 48 61 66 62 85
Coste: -2147483599

GENERACION: 105
Mejor Solucion:  35 70 86 40 12 32 42 74 77 16 18 14 59 83 11 44 30 87 84 75 63 94 56 36 19 60 88 26 81 47 49 91 98 93 3 95 34 52 33 0 65 46 68 10 71 37 8 4 92 80 72 28 58 96 20 67 23 41 50 27 76 79 25 43 54 64 73 9 99 13 45 17 1 2 55 39 22 57 38 21 53 24 51 90 7 29 5 97 78 89 31 15 69 6 82 48 61 66 62 85
Coste: -2147483599

GENERACION: 110
Mejor Solucion:  35 70 86 40 12 32 42 74 77 16 18 14 59 83 11 44 30 87 84 75 63 94 56 36 19 60 88 26 81 47 49 91 98 93 3 95 34 52 33 0 65 46 68 10 71 37 8 4 92 80 72 28 58 96 20 67 23 41 50 27 76 79 25 43 54 64 73 9 99 13 45 17 1 2 55 39 22 57 38 21 53 24 51 90 7 29 5 97 78 89 31 15 69 6 82 48 61 66 62 85
Coste: -2147483599

GENERACION: 115
Mejor Solucion:  35 70 86 40 12 32 42 74 77 16 18 14 59 83 11 44 30 87 84 75 63 94 56 36 19 60 88 26 81 47 49 91 98 93 3 95 34 52 33 0 65 46 68 10 71 37 8 4 92 80 72 28 58 96 20 67 23 41 50 27 76 79 25 43 54 64 73 9 99 13 45 17 1 2 55 39 22 57 38 21 53 24 51 90 7 29 5 97 78 89 31 15 69 6 82 48 61 66 62 85
Coste: -2147483599

GENERACION: 120
Mejor Solucion:  35 70 86 40 12 32 42 74 77 16 18 14 59 83 11 44 30 87 84 75 63 94 56 36 19 60 88 26 81 47 49 91 98 93 3 95 34 52 33 0 65 46 68 10 71 37 8 4 92 80 72 28 58 96 20 67 23 41 50 27 76 79 25 43 54 64 73 9 99 13 45 17 1 2 55 39 22 57 38 21 53 24 51 90 7 29 5 97 78 89 31 15 69 6 82 48 61 66 62 85
Coste: -2147483599

GENERACION: 125
Mejor Solucion:  35 70 86 40 12 32 42 74 77 16 18 14 59 83 11 44 30 87 84 75 63 94 56 36 19 60 88 26 81 47 49 91 98 93 3 95 34 52 33 0 65 46 68 10 71 37 8 4 92 80 72 28 58 96 20 67 23 41 50 27 76 79 25 43 54 64 73 9 99 13 45 17 1 2 55 39 22 57 38 21 53 24 51 90 7 29 5 97 78 89 31 15 69 6 82 48 61 66 62 85
Coste: -2147483599

GENERACION: 130
Mejor Solucion:  35 70 86 40 12 32 42 74 77 16 18 14 59 83 11 44 30 87 84 75 63 94 56 36 19 60 88 26 81 47 49 91 98 93 3 95 34 52 33 0 65 46 68 10 71 37 8 4 92 80 72 28 58 96 20 67 23 41 50 27 76 79 25 43 54 64 73 9 99 13 45 17 1 2 55 39 22 57 38 21 53 24 51 90 7 29 5 97 78 89 31 15 69 6 82 48 61 66 62 85
Coste: -2147483599

GENERACION: 135
Mejor Solucion:  35 70 86 40 12 32 42 74 77 16 18 14 59 83 11 44 30 87 84 75 63 94 56 36 19 60 88 26 81 47 49 91 98 93 3 95 34 52 33 0 65 46 68 10 71 37 8 4 92 80 72 28 58 96 20 67 23 41 50 27 76 79 25 43 54 64 73 9 99 13 45 17 1 2 55 39 22 57 38 21 53 24 51 90 7 29 5 97 78 89 31 15 69 6 82 48 61 66 62 85
Coste: -2147483599

GENERACION: 140
Mejor Solucion:  18 42 19 49 85 30 9 74 86 14 77 80 16 79 45 38 94 84 26 81 95 62 65 60 13 43 91 67 73 37 33 99 83 52 6 28 47 88 4 61 92 8 64 36 24 72 57 46 0 44 3 93 68 58 40 5 75 23 31 29 89 10 90 76 71 98 34 63 70 1 17 2 22 27 12 87 21 59 53 56 41 20 15 39 55 97 48 69 82 32 11 78 66 50 7 54 25 35 96 51
Coste: -2147483606

GENERACION: 145
Mejor Solucion:  18 42 19 49 85 30 9 74 86 14 77 80 16 79 45 38 94 84 26 81 95 62 65 60 13 43 91 67 73 37 33 99 83 52 6 28 47 88 4 61 92 8 64 36 24 72 57 46 0 44 3 93 68 58 40 5 75 23 31 29 89 10 90 76 71 98 34 63 70 1 17 2 22 27 12 87 21 59 53 56 41 20 15 39 55 97 48 69 82 32 11 78 66 50 7 54 25 35 96 51
Coste: -2147483606

GENERACION: 150
Mejor Solucion:  18 42 19 49 85 30 9 74 86 14 77 80 16 79 45 38 94 84 26 81 95 62 65 60 13 43 91 67 73 37 33 99 83 52 6 28 47 88 4 61 92 8 64 36 24 72 57 46 0 44 3 93 68 58 40 5 75 23 31 29 89 10 90 76 71 98 34 63 70 1 17 2 22 27 12 87 21 59 53 56 41 20 15 39 55 97 48 69 82 32 11 78 66 50 7 54 25 35 96 51
Coste: -2147483606

GENERACION: 155
Mejor Solucion:  18 42 19 49 85 30 9 74 86 14 77 80 16 79 45 38 94 84 26 81 95 62 65 60 13 43 91 67 73 37 33 99 83 52 6 28 47 88 4 61 92 8 64 36 24 72 57 46 0 44 3 93 68 58 40 5 75 23 31 29 89 10 90 76 71 98 34 63 70 1 17 2 22 27 12 87 21 59 53 56 41 20 15 39 55 97 48 69 82 32 11 78 66 50 7 54 25 35 96 51
Coste: -2147483606

GENERACION: 160
Mejor Solucion:  18 42 19 49 85 30 9 74 86 14 77 80 16 79 45 38 94 84 26 81 95 62 65 60 13 43 91 67 73 37 33 99 83 52 6 28 47 88 4 61 92 8 64 36 24 72 57 46 0 44 3 93 68 58 40 5 75 23 31 29 89 10 90 76 71 98 34 63 70 1 17 2 22 27 12 87 21 59 53 56 41 20 15 39 55 97 48 69 82 32 11 78 66 50 7 54 25 35 96 51
Coste: -2147483606

GENERACION: 165
Mejor Solucion:  18 42 19 49 85 30 9 74 86 14 77 80 16 79 45 38 94 84 26 81 95 62 65 60 13 43 91 67 73 37 33 99 83 52 6 28 47 88 4 61 92 8 64 36 24 72 57 46 0 44 3 93 68 58 40 5 75 23 31 29 89 10 90 76 71 98 34 63 70 1 17 2 22 27 12 87 21 59 53 56 41 20 15 39 55 97 48 69 82 32 11 78 66 50 7 54 25 35 96 51
Coste: -2147483606

GENERACION: 170
Mejor Solucion:  26 94 42 81 84 37 40 85 86 47 77 18 95 32 28 71 72 0 36 52 9 55 6 90 92 82 74 30 88 67 79 15 3 63 10 83 46 64 44 12 13 34 43 7 45 91 99 70 93 31 89 68 11 69 8 19 56 96 5 14 75 41 51 20 57 98 65 50 59 76 39 58 23 29 87 49 27 22 80 21 16 2 38 61 53 24 62 33 1 48 60 35 4 78 97 17 54 25 66 73
Coste: -2147483624

GENERACION: 175
Mejor Solucion:  26 94 42 81 84 37 40 85 86 47 77 18 95 32 28 71 72 0 36 52 9 55 6 90 92 82 74 30 88 67 79 15 3 63 10 83 46 64 44 12 13 34 43 7 45 91 99 70 93 31 89 68 11 69 8 19 56 96 5 14 75 41 51 20 57 98 65 50 59 76 39 58 23 29 87 49 27 22 80 21 16 2 38 61 53 24 62 33 1 48 60 35 4 78 97 17 54 25 66 73
Coste: -2147483624

GENERACION: 180
Mejor Solucion:  26 94 42 81 84 37 40 85 86 47 77 18 95 32 28 71 72 0 36 52 9 55 6 90 92 82 74 30 88 67 79 15 3 63 10 83 46 64 44 12 13 34 43 7 45 91 99 70 93 31 89 68 11 69 8 19 56 96 5 14 75 41 51 20 57 98 65 50 59 76 39 58 23 29 87 49 27 22 80 21 16 2 38 61 53 24 62 33 1 48 60 35 4 78 97 17 54 25 66 73
Coste: -2147483624

GENERACION: 185
Mejor Solucion:  26 94 42 81 84 37 40 85 86 47 77 18 95 32 28 71 72 0 36 52 9 55 6 90 92 82 74 30 88 67 79 15 3 63 10 83 46 64 44 12 13 34 43 7 45 91 99 70 93 31 89 68 11 69 8 19 56 96 5 14 75 41 51 20 57 98 65 50 59 76 39 58 23 29 87 49 27 22 80 21 16 2 38 61 53 24 62 33 1 48 60 35 4 78 97 17 54 25 66 73
Coste: -2147483624

GENERACION: 190
Mejor Solucion:  26 94 42 81 84 37 40 85 86 47 77 18 95 32 28 71 72 0 36 52 9 55 6 90 92 82 74 30 88 67 79 15 3 63 10 83 46 64 44 12 13 34 43 7 45 91 99 70 93 31 89 68 11 69 8 19 56 96 5 14 75 41 51 20 57 98 65 50 59 76 39 58 23 29 87 49 27 22 80 21 16 2 38 61 53 24 62 33 1 48 60 35 4 78 97 17 54 25 66 73
Coste: -2147483624

GENERACION: 195
Mejor Solucion:  26 94 42 81 84 37 40 85 86 47 77 18 95 32 28 71 72 0 36 52 9 55 6 90 92 82 74 30 88 67 79 15 3 63 10 83 46 64 44 12 13 34 43 7 45 91 99 70 93 31 89 68 11 69 8 19 56 96 5 14 75 41 51 20 57 98 65 50 59 76 39 58 23 29 87 49 27 22 80 21 16 2 38 61 53 24 62 33 1 48 60 35 4 78 97 17 54 25 66 73
Coste: -2147483624

GENERACION: 200
Mejor Solucion:  26 94 42 81 84 37 40 85 86 47 77 18 95 32 28 71 72 0 36 52 9 55 6 90 92 82 74 30 88 67 79 15 3 63 10 83 46 64 44 12 13 34 43 7 45 91 99 70 93 31 89 68 11 69 8 19 56 96 5 14 75 41 51 20 57 98 65 50 59 76 39 58 23 29 87 49 27 22 80 21 16 2 38 61 53 24 62 33 1 48 60 35 4 78 97 17 54 25 66 73
Coste: -2147483624

GENERACION: 205
Mejor Solucion:  26 94 42 81 84 37 40 85 86 47 77 18 95 32 28 71 72 0 36 52 9 55 6 90 92 82 74 30 88 67 79 15 3 63 10 83 46 64 44 12 13 34 43 7 45 91 99 70 93 31 89 68 11 69 8 19 56 96 5 14 75 41 51 20 57 98 65 50 59 76 39 58 23 29 87 49 27 22 80 21 16 2 38 61 53 24 62 33 1 48 60 35 4 78 97 17 54 25 66 73
Coste: -2147483624

GENERACION: 210
Mejor Solucion:  26 94 42 81 84 37 40 85 86 47 77 18 95 32 28 71 72 0 36 52 9 55 6 90 92 82 74 30 88 67 79 15 3 63 10 83 46 64 44 12 13 34 43 7 45 91 99 70 93 31 89 68 11 69 8 19 56 96 5 14 75 41 51 20 57 98 65 50 59 76 39 58 23 29 87 49 27 22 80 21 16 2 38 61 53 24 62 33 1 48 60 35 4 78 97 17 54 25 66 73
Coste: -2147483624

GENERACION: 215
Mejor Solucion:  26 94 42 81 84 37 40 85 86 47 77 18 95 32 28 71 72 0 36 52 9 55 6 90 92 82 74 30 88 67 79 15 3 63 10 83 46 64 44 12 13 34 43 7 45 91 99 70 93 31 89 68 11 69 8 19 56 96 5 14 75 41 51 20 57 98 65 50 59 76 39 58 23 29 87 49 27 22 80 21 16 2 38 61 53 24 62 33 1 48 60 35 4 78 97 17 54 25 66 73
Coste: -2147483624

GENERACION: 220
Mejor Solucion:  26 94 42 81 84 37 40 85 86 47 77 18 95 32 28 71 72 0 36 52 9 55 6 90 92 82 74 30 88 67 79 15 3 63 10 83 46 64 44 12 13 34 43 7 45 91 99 70 93 31 89 68 11 69 8 19 56 96 5 14 75 41 51 20 57 98 65 50 59 76 39 58 23 29 87 49 27 22 80 21 16 2 38 61 53 24 62 33 1 48 60 35 4 78 97 17 54 25 66 73
Coste: -2147483624

GENERACION: 225
Mejor Solucion:  26 94 42 81 84 37 40 85 86 47 77 18 95 32 28 71 72 0 36 52 9 55 6 90 92 82 74 30 88 67 79 15 3 63 10 83 46 64 44 12 13 34 43 7 45 91 99 70 93 31 89 68 11 69 8 19 56 96 5 14 75 41 51 20 57 98 65 50 59 76 39 58 23 29 87 49 27 22 80 21 16 2 38 61 53 24 62 33 1 48 60 35 4 78 97 17 54 25 66 73
Coste: -2147483624

GENERACION: 230
Mejor Solucion:  26 94 42 81 84 37 40 85 86 47 77 18 95 32 28 71 72 0 36 52 9 55 6 90 92 82 74 30 88 67 79 15 3 63 10 83 46 64 44 12 13 34 43 7 45 91 99 70 93 31 89 68 11 69 8 19 56 96 5 14 75 41 51 20 57 98 65 50 59 76 39 58 23 29 87 49 27 22 80 21 16 2 38 61 53 24 62 33 1 48 60 35 4 78 97 17 54 25 66 73
Coste: -2147483624

GENERACION: 235
Mejor Solucion:  26 94 42 81 84 37 40 85 86 47 77 18 95 32 28 71 72 0 36 52 9 55 6 90 92 82 74 30 88 67 79 15 3 63 10 83 46 64 44 12 13 34 43 7 45 91 99 70 93 31 89 68 11 69 8 19 56 96 5 14 75 41 51 20 57 98 65 50 59 76 39 58 23 29 87 49 27 22 80 21 16 2 38 61 53 24 62 33 1 48 60 35 4 78 97 17 54 25 66 73
Coste: -2147483624

GENERACION: 240
Mejor Solucion:  26 94 42 81 84 37 40 85 86 47 77 18 95 32 28 71 72 0 36 52 9 55 6 90 92 82 74 30 88 67 79 15 3 63 10 83 46 64 44 12 13 34 43 7 45 91 99 70 93 31 89 68 11 69 8 19 56 96 5 14 75 41 51 20 57 98 65 50 59 76 39 58 23 29 87 49 27 22 80 21 16 2 38 61 53 24 62 33 1 48 60 35 4 78 97 17 54 25 66 73
Coste: -2147483624

GENERACION: 245
Mejor Solucion:  26 94 42 81 84 37 40 85 86 47 77 18 95 32 28 71 72 0 36 52 9 55 6 90 92 82 74 30 88 67 79 15 3 63 10 83 46 64 44 12 13 34 43 7 45 91 99 70 93 31 89 68 11 69 8 19 56 96 5 14 75 41 51 20 57 98 65 50 59 76 39 58 23 29 87 49 27 22 80 21 16 2 38 61 53 24 62 33 1 48 60 35 4 78 97 17 54 25 66 73
Coste: -2147483624

GENERACION: 250
Mejor Solucion:  26 94 42 81 84 37 40 85 86 47 77 18 95 32 28 71 72 0 36 52 9 55 6 90 92 82 74 30 88 67 79 15 3 63 10 83 46 64 44 12 13 34 43 7 45 91 99 70 93 31 89 68 11 69 8 19 56 96 5 14 75 41 51 20 57 98 65 50 59 76 39 58 23 29 87 49 27 22 80 21 16 2 38 61 53 24 62 33 1 48 60 35 4 78 97 17 54 25 66 73
Coste: -2147483624

GENERACION: 255
Mejor Solucion:  26 94 42 81 84 37 40 85 86 47 77 18 95 32 28 71 72 0 36 52 9 55 6 90 92 82 74 30 88 67 79 15 3 63 10 83 46 64 44 12 13 34 43 7 45 91 99 70 93 31 89 68 11 69 8 19 56 96 5 14 75 41 51 20 57 98 65 50 59 76 39 58 23 29 87 49 27 22 80 21 16 2 38 61 53 24 62 33 1 48 60 35 4 78 97 17 54 25 66 73
Coste: -2147483624

GENERACION: 260
Mejor Solucion:  26 94 42 81 84 37 40 85 86 47 77 18 95 32 28 71 72 0 36 52 9 55 6 90 92 82 74 30 88 67 79 15 3 63 10 83 46 64 44 12 13 34 43 7 45 91 99 70 93 31 89 68 11 69 8 19 56 96 5 14 75 41 51 20 57 98 65 50 59 76 39 58 23 29 87 49 27 22 80 21 16 2 38 61 53 24 62 33 1 48 60 35 4 78 97 17 54 25 66 73
Coste: -2147483624

GENERACION: 265
Mejor Solucion:  26 94 42 81 84 37 40 85 86 47 77 18 95 32 28 71 72 0 36 52 9 55 6 90 92 82 74 30 88 67 79 15 3 63 10 83 46 64 44 12 13 34 43 7 45 91 99 70 93 31 89 68 11 69 8 19 56 96 5 14 75 41 51 20 57 98 65 50 59 76 39 58 23 29 87 49 27 22 80 21 16 2 38 61 53 24 62 33 1 48 60 35 4 78 97 17 54 25 66 73
Coste: -2147483624

GENERACION: 270
Mejor Solucion:  26 94 42 81 84 37 40 85 86 47 77 18 95 32 28 71 72 0 36 52 9 55 6 90 92 82 74 30 88 67 79 15 3 63 10 83 46 64 44 12 13 34 43 7 45 91 99 70 93 31 89 68 11 69 8 19 56 96 5 14 75 41 51 20 57 98 65 50 59 76 39 58 23 29 87 49 27 22 80 21 16 2 38 61 53 24 62 33 1 48 60 35 4 78 97 17 54 25 66 73
Coste: -2147483624

GENERACION: 275
Mejor Solucion:  26 94 42 81 84 37 40 85 86 47 77 18 95 32 28 71 72 0 36 52 9 55 6 90 92 82 74 30 88 67 79 15 3 63 10 83 46 64 44 12 13 34 43 7 45 91 99 70 93 31 89 68 11 69 8 19 56 96 5 14 75 41 51 20 57 98 65 50 59 76 39 58 23 29 87 49 27 22 80 21 16 2 38 61 53 24 62 33 1 48 60 35 4 78 97 17 54 25 66 73
Coste: -2147483624

GENERACION: 280
Mejor Solucion:  26 94 42 81 84 37 40 85 86 47 77 18 95 32 28 71 72 0 36 52 9 55 6 90 92 82 74 30 88 67 79 15 3 63 10 83 46 64 44 12 13 34 43 7 45 91 99 70 93 31 89 68 11 69 8 19 56 96 5 14 75 41 51 20 57 98 65 50 59 76 39 58 23 29 87 49 27 22 80 21 16 2 38 61 53 24 62 33 1 48 60 35 4 78 97 17 54 25 66 73
Coste: -2147483624

GENERACION: 285
Mejor Solucion:  26 94 42 81 84 37 40 85 86 47 77 18 95 32 28 71 72 0 36 52 9 55 6 90 92 82 74 30 88 67 79 15 3 63 10 83 46 64 44 12 13 34 43 7 45 91 99 70 93 31 89 68 11 69 8 19 56 96 5 14 75 41 51 20 57 98 65 50 59 76 39 58 23 29 87 49 27 22 80 21 16 2 38 61 53 24 62 33 1 48 60 35 4 78 97 17 54 25 66 73
Coste: -2147483624

GENERACION: 290
Mejor Solucion:  26 94 42 81 84 37 40 85 86 47 77 18 95 32 28 71 72 0 36 52 9 55 6 90 92 82 74 30 88 67 79 15 3 63 10 83 46 64 44 12 13 34 43 7 45 91 99 70 93 31 89 68 11 69 8 19 56 96 5 14 75 41 51 20 57 98 65 50 59 76 39 58 23 29 87 49 27 22 80 21 16 2 38 61 53 24 62 33 1 48 60 35 4 78 97 17 54 25 66 73
Coste: -2147483624

GENERACION: 295
Mejor Solucion:  26 94 42 81 84 37 40 85 86 47 77 18 95 32 28 71 72 0 36 52 9 55 6 90 92 82 74 30 88 67 79 15 3 63 10 83 46 64 44 12 13 34 43 7 45 91 99 70 93 31 89 68 11 69 8 19 56 96 5 14 75 41 51 20 57 98 65 50 59 76 39 58 23 29 87 49 27 22 80 21 16 2 38 61 53 24 62 33 1 48 60 35 4 78 97 17 54 25 66 73
Coste: -2147483624

GENERACION: 300
Mejor Solucion:  26 94 42 81 84 37 40 85 86 47 77 18 95 32 28 71 72 0 36 52 9 55 6 90 92 82 74 30 88 67 79 15 3 63 10 83 46 64 44 12 13 34 43 7 45 91 99 70 93 31 89 68 11 69 8 19 56 96 5 14 75 41 51 20 57 98 65 50 59 76 39 58 23 29 87 49 27 22 80 21 16 2 38 61 53 24 62 33 1 48 60 35 4 78 97 17 54 25 66 73
Coste: -2147483624

GENERACION: 305
Mejor Solucion:  26 94 42 81 84 37 40 85 86 47 77 18 95 32 28 71 72 0 36 52 9 55 6 90 92 82 74 30 88 67 79 15 3 63 10 83 46 64 44 12 13 34 43 7 45 91 99 70 93 31 89 68 11 69 8 19 56 96 5 14 75 41 51 20 57 98 65 50 59 76 39 58 23 29 87 49 27 22 80 21 16 2 38 61 53 24 62 33 1 48 60 35 4 78 97 17 54 25 66 73
Coste: -2147483624

GENERACION: 310
Mejor Solucion:  26 94 42 81 84 37 40 85 86 47 77 18 95 32 28 71 72 0 36 52 9 55 6 90 92 82 74 30 88 67 79 15 3 63 10 83 46 64 44 12 13 34 43 7 45 91 99 70 93 31 89 68 11 69 8 19 56 96 5 14 75 41 51 20 57 98 65 50 59 76 39 58 23 29 87 49 27 22 80 21 16 2 38 61 53 24 62 33 1 48 60 35 4 78 97 17 54 25 66 73
Coste: -2147483624

GENERACION: 315
Mejor Solucion:  26 94 42 81 84 37 40 85 86 47 77 18 95 32 28 71 72 0 36 52 9 55 6 90 92 82 74 30 88 67 79 15 3 63 10 83 46 64 44 12 13 34 43 7 45 91 99 70 93 31 89 68 11 69 8 19 56 96 5 14 75 41 51 20 57 98 65 50 59 76 39 58 23 29 87 49 27 22 80 21 16 2 38 61 53 24 62 33 1 48 60 35 4 78 97 17 54 25 66 73
Coste: -2147483624

GENERACION: 320
Mejor Solucion:  83 84 93 51 40 42 37 81 77 26 49 95 11 16 65 80 0 33 18 31 61 9 63 14 78 3 74 73 85 88 94 55 99 12 35 44 57 64 20 72 91 29 97 34 68 67 79 92 89 59 23 32 2 13 56 19 71 8 90 70 17 47 45 52 48 43 86 10 38 53 76 4 87 82 28 46 5 60 27 69 36 1 50 15 22 98 66 41 96 39 21 7 58 25 62 24 54 6 75 30
Coste: -2147483625

GENERACION: 325
Mejor Solucion:  83 84 93 51 40 42 37 81 77 26 49 95 11 16 65 80 0 33 18 31 61 9 63 14 78 3 74 73 85 88 94 55 99 12 35 44 57 64 20 72 91 29 97 34 68 67 79 92 89 59 23 32 2 13 56 19 71 8 90 70 17 47 45 52 48 43 86 10 38 53 76 4 87 82 28 46 5 60 27 69 36 1 50 15 22 98 66 41 96 39 21 7 58 25 62 24 54 6 75 30
Coste: -2147483625

GENERACION: 330
Mejor Solucion:  83 84 93 51 40 42 37 81 77 26 49 95 11 16 65 80 0 33 18 31 61 9 63 14 78 3 74 73 85 88 94 55 99 12 35 44 57 64 20 72 91 29 97 34 68 67 79 92 89 59 23 32 2 13 56 19 71 8 90 70 17 47 45 52 48 43 86 10 38 53 76 4 87 82 28 46 5 60 27 69 36 1 50 15 22 98 66 41 96 39 21 7 58 25 62 24 54 6 75 30
Coste: -2147483625

GENERACION: 335
Mejor Solucion:  83 84 93 51 40 42 37 81 77 26 49 95 11 16 65 80 0 33 18 31 61 9 63 14 78 3 74 73 85 88 94 55 99 12 35 44 57 64 20 72 91 29 97 34 68 67 79 92 89 59 23 32 2 13 56 19 71 8 90 70 17 47 45 52 48 43 86 10 38 53 76 4 87 82 28 46 5 60 27 69 36 1 50 15 22 98 66 41 96 39 21 7 58 25 62 24 54 6 75 30
Coste: -2147483625

GENERACION: 340
Mejor Solucion:  83 84 93 51 40 42 37 81 77 26 49 95 11 16 65 80 0 33 18 31 61 9 63 14 78 3 74 73 85 88 94 55 99 12 35 44 57 64 20 72 91 29 97 34 68 67 79 92 89 59 23 32 2 13 56 19 71 8 90 70 17 47 45 52 48 43 86 10 38 53 76 4 87 82 28 46 5 60 27 69 36 1 50 15 22 98 66 41 96 39 21 7 58 25 62 24 54 6 75 30
Coste: -2147483625

GENERACION: 345
Mejor Solucion:  83 84 93 51 40 42 37 81 77 26 49 95 11 16 65 80 0 33 18 31 61 9 63 14 78 3 74 73 85 88 94 55 99 12 35 44 57 64 20 72 91 29 97 34 68 67 79 92 89 59 23 32 2 13 56 19 71 8 90 70 17 47 45 52 48 43 86 10 38 53 76 4 87 82 28 46 5 60 27 69 36 1 50 15 22 98 66 41 96 39 21 7 58 25 62 24 54 6 75 30
Coste: -2147483625

GENERACION: 350
Mejor Solucion:  83 84 93 51 40 42 37 81 77 26 49 95 11 16 65 80 0 33 18 31 61 9 63 14 78 3 74 73 85 88 94 55 99 12 35 44 57 64 20 72 91 29 97 34 68 67 79 92 89 59 23 32 2 13 56 19 71 8 90 70 17 47 45 52 48 43 86 10 38 53 76 4 87 82 28 46 5 60 27 69 36 1 50 15 22 98 66 41 96 39 21 7 58 25 62 24 54 6 75 30
Coste: -2147483625

GENERACION: 355
Mejor Solucion:  83 84 93 51 40 42 37 81 77 26 49 95 11 16 65 80 0 33 18 31 61 9 63 14 78 3 74 73 85 88 94 55 99 12 35 44 57 64 20 72 91 29 97 34 68 67 79 92 89 59 23 32 2 13 56 19 71 8 90 70 17 47 45 52 48 43 86 10 38 53 76 4 87 82 28 46 5 60 27 69 36 1 50 15 22 98 66 41 96 39 21 7 58 25 62 24 54 6 75 30
Coste: -2147483625

GENERACION: 360
Mejor Solucion:  83 84 93 51 40 42 37 81 77 26 49 95 11 16 65 80 0 33 18 31 61 9 63 14 78 3 74 73 85 88 94 55 99 12 35 44 57 64 20 72 91 29 97 34 68 67 79 92 89 59 23 32 2 13 56 19 71 8 90 70 17 47 45 52 48 43 86 10 38 53 76 4 87 82 28 46 5 60 27 69 36 1 50 15 22 98 66 41 96 39 21 7 58 25 62 24 54 6 75 30
Coste: -2147483625

GENERACION: 365
Mejor Solucion:  83 84 93 51 40 42 37 81 77 26 49 95 11 16 65 80 0 33 18 31 61 9 63 14 78 3 74 73 85 88 94 55 99 12 35 44 57 64 20 72 91 29 97 34 68 67 79 92 89 59 23 32 2 13 56 19 71 8 90 70 17 47 45 52 48 43 86 10 38 53 76 4 87 82 28 46 5 60 27 69 36 1 50 15 22 98 66 41 96 39 21 7 58 25 62 24 54 6 75 30
Coste: -2147483625

GENERACION: 370
Mejor Solucion:  83 84 93 51 40 42 37 81 77 26 49 95 11 16 65 80 0 33 18 31 61 9 63 14 78 3 74 73 85 88 94 55 99 12 35 44 57 64 20 72 91 29 97 34 68 67 79 92 89 59 23 32 2 13 56 19 71 8 90 70 17 47 45 52 48 43 86 10 38 53 76 4 87 82 28 46 5 60 27 69 36 1 50 15 22 98 66 41 96 39 21 7 58 25 62 24 54 6 75 30
Coste: -2147483625

GENERACION: 375
Mejor Solucion:  83 84 93 51 40 42 37 81 77 26 49 95 11 16 65 80 0 33 18 31 61 9 63 14 78 3 74 73 85 88 94 55 99 12 35 44 57 64 20 72 91 29 97 34 68 67 79 92 89 59 23 32 2 13 56 19 71 8 90 70 17 47 45 52 48 43 86 10 38 53 76 4 87 82 28 46 5 60 27 69 36 1 50 15 22 98 66 41 96 39 21 7 58 25 62 24 54 6 75 30
Coste: -2147483625

GENERACION: 380
Mejor Solucion:  83 84 93 51 40 42 37 81 77 26 49 95 11 16 65 80 0 33 18 31 61 9 63 14 78 3 74 73 85 88 94 55 99 12 35 44 57 64 20 72 91 29 97 34 68 67 79 92 89 59 23 32 2 13 56 19 71 8 90 70 17 47 45 52 48 43 86 10 38 53 76 4 87 82 28 46 5 60 27 69 36 1 50 15 22 98 66 41 96 39 21 7 58 25 62 24 54 6 75 30
Coste: -2147483625

GENERACION: 385
Mejor Solucion:  83 84 93 51 40 42 37 81 77 26 49 95 11 16 65 80 0 33 18 31 61 9 63 14 78 3 74 73 85 88 94 55 99 12 35 44 57 64 20 72 91 29 97 34 68 67 79 92 89 59 23 32 2 13 56 19 71 8 90 70 17 47 45 52 48 43 86 10 38 53 76 4 87 82 28 46 5 60 27 69 36 1 50 15 22 98 66 41 96 39 21 7 58 25 62 24 54 6 75 30
Coste: -2147483625

GENERACION: 390
Mejor Solucion:  11 21 83 42 81 77 84 95 37 40 51 79 70 15 30 60 66 14 65 31 59 9 52 10 43 34 74 86 85 88 73 45 47 89 3 26 44 29 92 72 76 64 91 12 87 0 49 33 93 4 23 19 8 24 39 25 54 2 67 80 18 71 48 56 38 97 75 63 20 32 78 7 5 69 61 16 28 13 46 1 35 36 57 6 68 55 58 99 53 22 98 17 27 50 96 82 62 41 90 94
Coste: -2147483636

GENERACION: 395
Mejor Solucion:  11 21 83 42 81 77 84 95 37 40 51 79 70 15 30 60 66 14 65 31 59 9 52 10 43 34 74 86 85 88 73 45 47 89 3 26 44 29 92 72 76 64 91 12 87 0 49 33 93 4 23 19 8 24 39 25 54 2 67 80 18 71 48 56 38 97 75 63 20 32 78 7 5 69 61 16 28 13 46 1 35 36 57 6 68 55 58 99 53 22 98 17 27 50 96 82 62 41 90 94
Coste: -2147483636

GENERACION: 400
Mejor Solucion:  40 81 51 49 83 47 93 37 26 95 84 33 1 62 52 29 79 69 98 27 0 30 48 87 36 78 74 88 85 86 73 10 67 60 5 19 65 20 76 7 68 18 21 42 2 28 32 14 41 75 82 94 63 35 16 70 8 46 59 44 80 31 77 12 58 15 89 92 72 99 38 57 55 66 71 13 34 64 25 11 43 91 53 39 61 3 4 56 45 24 22 96 23 50 54 17 6 90 97 9
Coste: -2147483646

GENERACION: 405
Mejor Solucion:  40 81 51 49 83 47 93 37 26 95 84 33 1 62 52 29 79 69 98 27 0 30 48 87 36 78 74 88 85 86 73 10 67 60 5 19 65 20 76 7 68 18 21 42 2 28 32 14 41 75 82 94 63 35 16 70 8 46 59 44 80 31 77 12 58 15 89 92 72 99 38 57 55 66 71 13 34 64 25 11 43 91 53 39 61 3 4 56 45 24 22 96 23 50 54 17 6 90 97 9
Coste: -2147483646

GENERACION: 410
Mejor Solucion:  40 81 51 49 83 47 93 37 26 95 84 33 1 62 52 29 79 69 98 27 0 30 48 87 36 78 74 88 85 86 73 10 67 60 5 19 65 20 76 7 68 18 21 42 2 28 32 14 41 75 82 94 63 35 16 70 8 46 59 44 80 31 77 12 58 15 89 92 72 99 38 57 55 66 71 13 34 64 25 11 43 91 53 39 61 3 4 56 45 24 22 96 23 50 54 17 6 90 97 9
Coste: -2147483646

GENERACION: 415
Mejor Solucion:  40 81 51 49 83 47 93 37 26 95 84 33 1 62 52 29 79 69 98 27 0 30 48 87 36 78 74 88 85 86 73 10 67 60 5 19 65 20 76 7 68 18 21 42 2 28 32 14 41 75 82 94 63 35 16 70 8 46 59 44 80 31 77 12 58 15 89 92 72 99 38 57 55 66 71 13 34 64 25 11 43 91 53 39 61 3 4 56 45 24 22 96 23 50 54 17 6 90 97 9
Coste: -2147483646

GENERACION: 420
Mejor Solucion:  40 81 51 49 83 47 93 37 26 95 84 33 1 62 52 29 79 69 98 27 0 30 48 87 36 78 74 88 85 86 73 10 67 60 5 19 65 20 76 7 68 18 21 42 2 28 32 14 41 75 82 94 63 35 16 70 8 46 59 44 80 31 77 12 58 15 89 92 72 99 38 57 55 66 71 13 34 64 25 11 43 91 53 39 61 3 4 56 45 24 22 96 23 50 54 17 6 90 97 9
Coste: -2147483646

GENERACION: 425
Mejor Solucion:  40 81 51 49 83 47 93 37 26 95 84 33 1 62 52 29 79 69 98 27 0 30 48 87 36 78 74 88 85 86 73 10 67 60 5 19 65 20 76 7 68 18 21 42 2 28 32 14 41 75 82 94 63 35 16 70 8 46 59 44 80 31 77 12 58 15 89 92 72 99 38 57 55 66 71 13 34 64 25 11 43 91 53 39 61 3 4 56 45 24 22 96 23 50 54 17 6 90 97 9
Coste: -2147483646

GENERACION: 430
Mejor Solucion:  40 81 51 49 83 47 93 37 26 95 84 33 1 62 52 29 79 69 98 27 0 30 48 87 36 78 74 88 85 86 73 10 67 60 5 19 65 20 76 7 68 18 21 42 2 28 32 14 41 75 82 94 63 35 16 70 8 46 59 44 80 31 77 12 58 15 89 92 72 99 38 57 55 66 71 13 34 64 25 11 43 91 53 39 61 3 4 56 45 24 22 96 23 50 54 17 6 90 97 9
Coste: -2147483646

GENERACION: 435
Mejor Solucion:  40 81 51 49 83 47 93 37 26 95 84 33 1 62 52 29 79 69 98 27 0 30 48 87 36 78 74 88 85 86 73 10 67 60 5 19 65 20 76 7 68 18 21 42 2 28 32 14 41 75 82 94 63 35 16 70 8 46 59 44 80 31 77 12 58 15 89 92 72 99 38 57 55 66 71 13 34 64 25 11 43 91 53 39 61 3 4 56 45 24 22 96 23 50 54 17 6 90 97 9
Coste: -2147483646

GENERACION: 440
Mejor Solucion:  40 81 51 49 83 47 93 37 26 95 84 33 1 62 52 29 79 69 98 27 0 30 48 87 36 78 74 88 85 86 73 10 67 60 5 19 65 20 76 7 68 18 21 42 2 28 32 14 41 75 82 94 63 35 16 70 8 46 59 44 80 31 77 12 58 15 89 92 72 99 38 57 55 66 71 13 34 64 25 11 43 91 53 39 61 3 4 56 45 24 22 96 23 50 54 17 6 90 97 9
Coste: -2147483646

GENERACION: 445
Mejor Solucion:  40 81 51 49 83 47 93 37 26 95 84 33 1 62 52 29 79 69 98 27 0 30 48 87 36 78 74 88 85 86 73 10 67 60 5 19 65 20 76 7 68 18 21 42 2 28 32 14 41 75 82 94 63 35 16 70 8 46 59 44 80 31 77 12 58 15 89 92 72 99 38 57 55 66 71 13 34 64 25 11 43 91 53 39 61 3 4 56 45 24 22 96 23 50 54 17 6 90 97 9
Coste: -2147483646

GENERACION: 450
Mejor Solucion:  40 81 51 49 83 47 93 37 26 95 84 33 1 62 52 29 79 69 98 27 0 30 48 87 36 78 74 88 85 86 73 10 67 60 5 19 65 20 76 7 68 18 21 42 2 28 32 14 41 75 82 94 63 35 16 70 8 46 59 44 80 31 77 12 58 15 89 92 72 99 38 57 55 66 71 13 34 64 25 11 43 91 53 39 61 3 4 56 45 24 22 96 23 50 54 17 6 90 97 9
Coste: -2147483646

GENERACION: 455
Mejor Solucion:  40 81 51 49 83 47 93 37 26 95 84 33 1 62 52 29 79 69 98 27 0 30 48 87 36 78 74 88 85 86 73 10 67 60 5 19 65 20 76 7 68 18 21 42 2 28 32 14 41 75 82 94 63 35 16 70 8 46 59 44 80 31 77 12 58 15 89 92 72 99 38 57 55 66 71 13 34 64 25 11 43 91 53 39 61 3 4 56 45 24 22 96 23 50 54 17 6 90 97 9
Coste: -2147483646

GENERACION: 460
Mejor Solucion:  40 81 51 49 83 47 93 37 26 95 84 33 1 62 52 29 79 69 98 27 0 30 48 87 36 78 74 88 85 86 73 10 67 60 5 19 65 20 76 7 68 18 21 42 2 28 32 14 41 75 82 94 63 35 16 70 8 46 59 44 80 31 77 12 58 15 89 92 72 99 38 57 55 66 71 13 34 64 25 11 43 91 53 39 61 3 4 56 45 24 22 96 23 50 54 17 6 90 97 9
Coste: -2147483646

GENERACION: 465
Mejor Solucion:  40 81 51 49 83 47 93 37 26 95 84 33 1 62 52 29 79 69 98 27 0 30 48 87 36 78 74 88 85 86 73 10 67 60 5 19 65 20 76 7 68 18 21 42 2 28 32 14 41 75 82 94 63 35 16 70 8 46 59 44 80 31 77 12 58 15 89 92 72 99 38 57 55 66 71 13 34 64 25 11 43 91 53 39 61 3 4 56 45 24 22 96 23 50 54 17 6 90 97 9
Coste: -2147483646

GENERACION: 470
Mejor Solucion:  40 81 51 49 83 47 93 37 26 95 84 33 1 62 52 29 79 69 98 27 0 30 48 87 36 78 74 88 85 86 73 10 67 60 5 19 65 20 76 7 68 18 21 42 2 28 32 14 41 75 82 94 63 35 16 70 8 46 59 44 80 31 77 12 58 15 89 92 72 99 38 57 55 66 71 13 34 64 25 11 43 91 53 39 61 3 4 56 45 24 22 96 23 50 54 17 6 90 97 9
Coste: -2147483646

GENERACION: 475
Mejor Solucion:  40 81 51 49 83 47 93 37 26 95 84 33 1 62 52 29 79 69 98 27 0 30 48 87 36 78 74 88 85 86 73 10 67 60 5 19 65 20 76 7 68 18 21 42 2 28 32 14 41 75 82 94 63 35 16 70 8 46 59 44 80 31 77 12 58 15 89 92 72 99 38 57 55 66 71 13 34 64 25 11 43 91 53 39 61 3 4 56 45 24 22 96 23 50 54 17 6 90 97 9
Coste: -2147483646

GENERACION: 480
Mejor Solucion:  40 81 51 49 83 47 93 37 26 95 84 33 1 62 52 29 79 69 98 27 0 30 48 87 36 78 74 88 85 86 73 10 67 60 5 19 65 20 76 7 68 18 21 42 2 28 32 14 41 75 82 94 63 35 16 70 8 46 59 44 80 31 77 12 58 15 89 92 72 99 38 57 55 66 71 13 34 64 25 11 43 91 53 39 61 3 4 56 45 24 22 96 23 50 54 17 6 90 97 9
Coste: -2147483646

GENERACION: 485
Mejor Solucion:  40 81 51 49 83 47 93 37 26 95 84 33 1 62 52 29 79 69 98 27 0 30 48 87 36 78 74 88 85 86 73 10 67 60 5 19 65 20 76 7 68 18 21 42 2 28 32 14 41 75 82 94 63 35 16 70 8 46 59 44 80 31 77 12 58 15 89 92 72 99 38 57 55 66 71 13 34 64 25 11 43 91 53 39 61 3 4 56 45 24 22 96 23 50 54 17 6 90 97 9
Coste: -2147483646

GENERACION: 490
Mejor Solucion:  40 81 51 49 83 47 93 37 26 95 84 33 1 62 52 29 79 69 98 27 0 30 48 87 36 78 74 88 85 86 73 10 67 60 5 19 65 20 76 7 68 18 21 42 2 28 32 14 41 75 82 94 63 35 16 70 8 46 59 44 80 31 77 12 58 15 89 92 72 99 38 57 55 66 71 13 34 64 25 11 43 91 53 39 61 3 4 56 45 24 22 96 23 50 54 17 6 90 97 9
Coste: -2147483646

GENERACION: 495
Mejor Solucion:  40 81 51 49 83 47 93 37 26 95 84 33 1 62 52 29 79 69 98 27 0 30 48 87 36 78 74 88 85 86 73 10 67 60 5 19 65 20 76 7 68 18 21 42 2 28 32 14 41 75 82 94 63 35 16 70 8 46 59 44 80 31 77 12 58 15 89 92 72 99 38 57 55 66 71 13 34 64 25 11 43 91 53 39 61 3 4 56 45 24 22 96 23 50 54 17 6 90 97 9
Coste: -2147483646

GENERACION: 500
Mejor Solucion:  40 81 51 49 83 47 93 37 26 95 84 33 1 62 52 29 79 69 98 27 0 30 48 87 36 78 74 88 85 86 73 10 67 60 5 19 65 20 76 7 68 18 21 42 2 28 32 14 41 75 82 94 63 35 16 70 8 46 59 44 80 31 77 12 58 15 89 92 72 99 38 57 55 66 71 13 34 64 25 11 43 91 53 39 61 3 4 56 45 24 22 96 23 50 54 17 6 90 97 9
Coste: -2147483646

GENERACION: 505
Mejor Solucion:  40 81 51 49 83 47 93 37 26 95 84 33 1 62 52 29 79 69 98 27 0 30 48 87 36 78 74 88 85 86 73 10 67 60 5 19 65 20 76 7 68 18 21 42 2 28 32 14 41 75 82 94 63 35 16 70 8 46 59 44 80 31 77 12 58 15 89 92 72 99 38 57 55 66 71 13 34 64 25 11 43 91 53 39 61 3 4 56 45 24 22 96 23 50 54 17 6 90 97 9
Coste: -2147483646

GENERACION: 510
Mejor Solucion:  40 81 51 49 83 47 93 37 26 95 84 33 1 62 52 29 79 69 98 27 0 30 48 87 36 78 74 88 85 86 73 10 67 60 5 19 65 20 76 7 68 18 21 42 2 28 32 14 41 75 82 94 63 35 16 70 8 46 59 44 80 31 77 12 58 15 89 92 72 99 38 57 55 66 71 13 34 64 25 11 43 91 53 39 61 3 4 56 45 24 22 96 23 50 54 17 6 90 97 9
Coste: -2147483646

GENERACION: 515
Mejor Solucion:  40 81 51 49 83 47 93 37 26 95 84 33 1 62 52 29 79 69 98 27 0 30 48 87 36 78 74 88 85 86 73 10 67 60 5 19 65 20 76 7 68 18 21 42 2 28 32 14 41 75 82 94 63 35 16 70 8 46 59 44 80 31 77 12 58 15 89 92 72 99 38 57 55 66 71 13 34 64 25 11 43 91 53 39 61 3 4 56 45 24 22 96 23 50 54 17 6 90 97 9
Coste: -2147483646

GENERACION: 520
Mejor Solucion:  40 81 51 49 83 47 93 37 26 95 84 33 1 62 52 29 79 69 98 27 0 30 48 87 36 78 74 88 85 86 73 10 67 60 5 19 65 20 76 7 68 18 21 42 2 28 32 14 41 75 82 94 63 35 16 70 8 46 59 44 80 31 77 12 58 15 89 92 72 99 38 57 55 66 71 13 34 64 25 11 43 91 53 39 61 3 4 56 45 24 22 96 23 50 54 17 6 90 97 9
Coste: -2147483646

GENERACION: 525
Mejor Solucion:  40 81 51 49 83 47 93 37 26 95 84 33 1 62 52 29 79 69 98 27 0 30 48 87 36 78 74 88 85 86 73 10 67 60 5 19 65 20 76 7 68 18 21 42 2 28 32 14 41 75 82 94 63 35 16 70 8 46 59 44 80 31 77 12 58 15 89 92 72 99 38 57 55 66 71 13 34 64 25 11 43 91 53 39 61 3 4 56 45 24 22 96 23 50 54 17 6 90 97 9
Coste: -2147483646

GENERACION: 530
Mejor Solucion:  40 81 51 49 83 47 93 37 26 95 84 33 1 62 52 29 79 69 98 27 0 30 48 87 36 78 74 88 85 86 73 10 67 60 5 19 65 20 76 7 68 18 21 42 2 28 32 14 41 75 82 94 63 35 16 70 8 46 59 44 80 31 77 12 58 15 89 92 72 99 38 57 55 66 71 13 34 64 25 11 43 91 53 39 61 3 4 56 45 24 22 96 23 50 54 17 6 90 97 9
Coste: -2147483646

GENERACION: 535
Mejor Solucion:  40 81 51 49 83 47 93 37 26 95 84 33 1 62 52 29 79 69 98 27 0 30 48 87 36 78 74 88 85 86 73 10 67 60 5 19 65 20 76 7 68 18 21 42 2 28 32 14 41 75 82 94 63 35 16 70 8 46 59 44 80 31 77 12 58 15 89 92 72 99 38 57 55 66 71 13 34 64 25 11 43 91 53 39 61 3 4 56 45 24 22 96 23 50 54 17 6 90 97 9
Coste: -2147483646

GENERACION: 540
Mejor Solucion:  40 81 51 49 83 47 93 37 26 95 84 33 1 62 52 29 79 69 98 27 0 30 48 87 36 78 74 88 85 86 73 10 67 60 5 19 65 20 76 7 68 18 21 42 2 28 32 14 41 75 82 94 63 35 16 70 8 46 59 44 80 31 77 12 58 15 89 92 72 99 38 57 55 66 71 13 34 64 25 11 43 91 53 39 61 3 4 56 45 24 22 96 23 50 54 17 6 90 97 9
Coste: -2147483646

GENERACION: 545
Mejor Solucion:  40 81 51 49 83 47 93 37 26 95 84 33 1 62 52 29 79 69 98 27 0 30 48 87 36 78 74 88 85 86 73 10 67 60 5 19 65 20 76 7 68 18 21 42 2 28 32 14 41 75 82 94 63 35 16 70 8 46 59 44 80 31 77 12 58 15 89 92 72 99 38 57 55 66 71 13 34 64 25 11 43 91 53 39 61 3 4 56 45 24 22 96 23 50 54 17 6 90 97 9
Coste: -2147483646

GENERACION: 550
Mejor Solucion:  40 81 51 49 83 47 93 37 26 95 84 33 1 62 52 29 79 69 98 27 0 30 48 87 36 78 74 88 85 86 73 10 67 60 5 19 65 20 76 7 68 18 21 42 2 28 32 14 41 75 82 94 63 35 16 70 8 46 59 44 80 31 77 12 58 15 89 92 72 99 38 57 55 66 71 13 34 64 25 11 43 91 53 39 61 3 4 56 45 24 22 96 23 50 54 17 6 90 97 9
Coste: -2147483646

GENERACION: 555
Mejor Solucion:  40 81 51 49 83 47 93 37 26 95 84 33 1 62 52 29 79 69 98 27 0 30 48 87 36 78 74 88 85 86 73 10 67 60 5 19 65 20 76 7 68 18 21 42 2 28 32 14 41 75 82 94 63 35 16 70 8 46 59 44 80 31 77 12 58 15 89 92 72 99 38 57 55 66 71 13 34 64 25 11 43 91 53 39 61 3 4 56 45 24 22 96 23 50 54 17 6 90 97 9
Coste: -2147483646

GENERACION: 560
Mejor Solucion:  40 81 51 49 83 47 93 37 26 95 84 33 1 62 52 29 79 69 98 27 0 30 48 87 36 78 74 88 85 86 73 10 67 60 5 19 65 20 76 7 68 18 21 42 2 28 32 14 41 75 82 94 63 35 16 70 8 46 59 44 80 31 77 12 58 15 89 92 72 99 38 57 55 66 71 13 34 64 25 11 43 91 53 39 61 3 4 56 45 24 22 96 23 50 54 17 6 90 97 9
Coste: -2147483646

GENERACION: 565
Mejor Solucion:  40 81 51 49 83 47 93 37 26 95 84 33 1 62 52 29 79 69 98 27 0 30 48 87 36 78 74 88 85 86 73 10 67 60 5 19 65 20 76 7 68 18 21 42 2 28 32 14 41 75 82 94 63 35 16 70 8 46 59 44 80 31 77 12 58 15 89 92 72 99 38 57 55 66 71 13 34 64 25 11 43 91 53 39 61 3 4 56 45 24 22 96 23 50 54 17 6 90 97 9
Coste: -2147483646

GENERACION: 570
Mejor Solucion:  40 81 51 49 83 47 93 37 26 95 84 33 1 62 52 29 79 69 98 27 0 30 48 87 36 78 74 88 85 86 73 10 67 60 5 19 65 20 76 7 68 18 21 42 2 28 32 14 41 75 82 94 63 35 16 70 8 46 59 44 80 31 77 12 58 15 89 92 72 99 38 57 55 66 71 13 34 64 25 11 43 91 53 39 61 3 4 56 45 24 22 96 23 50 54 17 6 90 97 9
Coste: -2147483646

GENERACION: 575
Mejor Solucion:  40 81 51 49 83 47 93 37 26 95 84 33 1 62 52 29 79 69 98 27 0 30 48 87 36 78 74 88 85 86 73 10 67 60 5 19 65 20 76 7 68 18 21 42 2 28 32 14 41 75 82 94 63 35 16 70 8 46 59 44 80 31 77 12 58 15 89 92 72 99 38 57 55 66 71 13 34 64 25 11 43 91 53 39 61 3 4 56 45 24 22 96 23 50 54 17 6 90 97 9
Coste: -2147483646

GENERACION: 580
Mejor Solucion:  40 81 51 49 83 47 93 37 26 95 84 33 1 62 52 29 79 69 98 27 0 30 48 87 36 78 74 88 85 86 73 10 67 60 5 19 65 20 76 7 68 18 21 42 2 28 32 14 41 75 82 94 63 35 16 70 8 46 59 44 80 31 77 12 58 15 89 92 72 99 38 57 55 66 71 13 34 64 25 11 43 91 53 39 61 3 4 56 45 24 22 96 23 50 54 17 6 90 97 9
Coste: -2147483646

GENERACION: 585
Mejor Solucion:  40 81 51 49 83 47 93 37 26 95 84 33 1 62 52 29 79 69 98 27 0 30 48 87 36 78 74 88 85 86 73 10 67 60 5 19 65 20 76 7 68 18 21 42 2 28 32 14 41 75 82 94 63 35 16 70 8 46 59 44 80 31 77 12 58 15 89 92 72 99 38 57 55 66 71 13 34 64 25 11 43 91 53 39 61 3 4 56 45 24 22 96 23 50 54 17 6 90 97 9
Coste: -2147483646

GENERACION: 590
Mejor Solucion:  40 81 51 49 83 47 93 37 26 95 84 33 1 62 52 29 79 69 98 27 0 30 48 87 36 78 74 88 85 86 73 10 67 60 5 19 65 20 76 7 68 18 21 42 2 28 32 14 41 75 82 94 63 35 16 70 8 46 59 44 80 31 77 12 58 15 89 92 72 99 38 57 55 66 71 13 34 64 25 11 43 91 53 39 61 3 4 56 45 24 22 96 23 50 54 17 6 90 97 9
Coste: -2147483646

GENERACION: 595
Mejor Solucion:  40 81 51 49 83 47 93 37 26 95 84 33 1 62 52 29 79 69 98 27 0 30 48 87 36 78 74 88 85 86 73 10 67 60 5 19 65 20 76 7 68 18 21 42 2 28 32 14 41 75 82 94 63 35 16 70 8 46 59 44 80 31 77 12 58 15 89 92 72 99 38 57 55 66 71 13 34 64 25 11 43 91 53 39 61 3 4 56 45 24 22 96 23 50 54 17 6 90 97 9
Coste: -2147483646

GENERACION: 600
Mejor Solucion:  40 81 51 49 83 47 93 37 26 95 84 33 1 62 52 29 79 69 98 27 0 30 48 87 36 78 74 88 85 86 73 10 67 60 5 19 65 20 76 7 68 18 21 42 2 28 32 14 41 75 82 94 63 35 16 70 8 46 59 44 80 31 77 12 58 15 89 92 72 99 38 57 55 66 71 13 34 64 25 11 43 91 53 39 61 3 4 56 45 24 22 96 23 50 54 17 6 90 97 9
Coste: -2147483646

GENERACION: 605
Mejor Solucion:  40 81 51 49 83 47 93 37 26 95 84 33 1 62 52 29 79 69 98 27 0 30 48 87 36 78 74 88 85 86 73 10 67 60 5 19 65 20 76 7 68 18 21 42 2 28 32 14 41 75 82 94 63 35 16 70 8 46 59 44 80 31 77 12 58 15 89 92 72 99 38 57 55 66 71 13 34 64 25 11 43 91 53 39 61 3 4 56 45 24 22 96 23 50 54 17 6 90 97 9
Coste: -2147483646

GENERACION: 610
Mejor Solucion:  40 81 51 49 83 47 93 37 26 95 84 33 1 62 52 29 79 69 98 27 0 30 48 87 36 78 74 88 85 86 73 10 67 60 5 19 65 20 76 7 68 18 21 42 2 28 32 14 41 75 82 94 63 35 16 70 8 46 59 44 80 31 77 12 58 15 89 92 72 99 38 57 55 66 71 13 34 64 25 11 43 91 53 39 61 3 4 56 45 24 22 96 23 50 54 17 6 90 97 9
Coste: -2147483646

GENERACION: 615
Mejor Solucion:  40 81 51 49 83 47 93 37 26 95 84 33 1 62 52 29 79 69 98 27 0 30 48 87 36 78 74 88 85 86 73 10 67 60 5 19 65 20 76 7 68 18 21 42 2 28 32 14 41 75 82 94 63 35 16 70 8 46 59 44 80 31 77 12 58 15 89 92 72 99 38 57 55 66 71 13 34 64 25 11 43 91 53 39 61 3 4 56 45 24 22 96 23 50 54 17 6 90 97 9
Coste: -2147483646

GENERACION: 620
Mejor Solucion:  40 81 51 49 83 47 93 37 26 95 84 33 1 62 52 29 79 69 98 27 0 30 48 87 36 78 74 88 85 86 73 10 67 60 5 19 65 20 76 7 68 18 21 42 2 28 32 14 41 75 82 94 63 35 16 70 8 46 59 44 80 31 77 12 58 15 89 92 72 99 38 57 55 66 71 13 34 64 25 11 43 91 53 39 61 3 4 56 45 24 22 96 23 50 54 17 6 90 97 9
Coste: -2147483646

GENERACION: 625
Mejor Solucion:  40 81 51 49 83 47 93 37 26 95 84 33 1 62 52 29 79 69 98 27 0 30 48 87 36 78 74 88 85 86 73 10 67 60 5 19 65 20 76 7 68 18 21 42 2 28 32 14 41 75 82 94 63 35 16 70 8 46 59 44 80 31 77 12 58 15 89 92 72 99 38 57 55 66 71 13 34 64 25 11 43 91 53 39 61 3 4 56 45 24 22 96 23 50 54 17 6 90 97 9
Coste: -2147483646

GENERACION: 630
Mejor Solucion:  40 81 51 49 83 47 93 37 26 95 84 33 1 62 52 29 79 69 98 27 0 30 48 87 36 78 74 88 85 86 73 10 67 60 5 19 65 20 76 7 68 18 21 42 2 28 32 14 41 75 82 94 63 35 16 70 8 46 59 44 80 31 77 12 58 15 89 92 72 99 38 57 55 66 71 13 34 64 25 11 43 91 53 39 61 3 4 56 45 24 22 96 23 50 54 17 6 90 97 9
Coste: -2147483646

GENERACION: 635
Mejor Solucion:  40 81 51 49 83 47 93 37 26 95 84 33 1 62 52 29 79 69 98 27 0 30 48 87 36 78 74 88 85 86 73 10 67 60 5 19 65 20 76 7 68 18 21 42 2 28 32 14 41 75 82 94 63 35 16 70 8 46 59 44 80 31 77 12 58 15 89 92 72 99 38 57 55 66 71 13 34 64 25 11 43 91 53 39 61 3 4 56 45 24 22 96 23 50 54 17 6 90 97 9
Coste: -2147483646

GENERACION: 640
Mejor Solucion:  40 81 51 49 83 47 93 37 26 95 84 33 1 62 52 29 79 69 98 27 0 30 48 87 36 78 74 88 85 86 73 10 67 60 5 19 65 20 76 7 68 18 21 42 2 28 32 14 41 75 82 94 63 35 16 70 8 46 59 44 80 31 77 12 58 15 89 92 72 99 38 57 55 66 71 13 34 64 25 11 43 91 53 39 61 3 4 56 45 24 22 96 23 50 54 17 6 90 97 9
Coste: -2147483646

GENERACION: 645
Mejor Solucion:  40 81 51 49 83 47 93 37 26 95 84 33 1 62 52 29 79 69 98 27 0 30 48 87 36 78 74 88 85 86 73 10 67 60 5 19 65 20 76 7 68 18 21 42 2 28 32 14 41 75 82 94 63 35 16 70 8 46 59 44 80 31 77 12 58 15 89 92 72 99 38 57 55 66 71 13 34 64 25 11 43 91 53 39 61 3 4 56 45 24 22 96 23 50 54 17 6 90 97 9
Coste: -2147483646

GENERACION: 650
Mejor Solucion:  40 81 51 49 83 47 93 37 26 95 84 33 1 62 52 29 79 69 98 27 0 30 48 87 36 78 74 88 85 86 73 10 67 60 5 19 65 20 76 7 68 18 21 42 2 28 32 14 41 75 82 94 63 35 16 70 8 46 59 44 80 31 77 12 58 15 89 92 72 99 38 57 55 66 71 13 34 64 25 11 43 91 53 39 61 3 4 56 45 24 22 96 23 50 54 17 6 90 97 9
Coste: -2147483646

GENERACION: 655
Mejor Solucion:  40 81 51 49 83 47 93 37 26 95 84 33 1 62 52 29 79 69 98 27 0 30 48 87 36 78 74 88 85 86 73 10 67 60 5 19 65 20 76 7 68 18 21 42 2 28 32 14 41 75 82 94 63 35 16 70 8 46 59 44 80 31 77 12 58 15 89 92 72 99 38 57 55 66 71 13 34 64 25 11 43 91 53 39 61 3 4 56 45 24 22 96 23 50 54 17 6 90 97 9
Coste: -2147483646

GENERACION: 660
Mejor Solucion:  40 81 51 49 83 47 93 37 26 95 84 33 1 62 52 29 79 69 98 27 0 30 48 87 36 78 74 88 85 86 73 10 67 60 5 19 65 20 76 7 68 18 21 42 2 28 32 14 41 75 82 94 63 35 16 70 8 46 59 44 80 31 77 12 58 15 89 92 72 99 38 57 55 66 71 13 34 64 25 11 43 91 53 39 61 3 4 56 45 24 22 96 23 50 54 17 6 90 97 9
Coste: -2147483646

GENERACION: 665
Mejor Solucion:  40 81 51 49 83 47 93 37 26 95 84 33 1 62 52 29 79 69 98 27 0 30 48 87 36 78 74 88 85 86 73 10 67 60 5 19 65 20 76 7 68 18 21 42 2 28 32 14 41 75 82 94 63 35 16 70 8 46 59 44 80 31 77 12 58 15 89 92 72 99 38 57 55 66 71 13 34 64 25 11 43 91 53 39 61 3 4 56 45 24 22 96 23 50 54 17 6 90 97 9
Coste: -2147483646

GENERACION: 670
Mejor Solucion:  40 81 51 49 83 47 93 37 26 95 84 33 1 62 52 29 79 69 98 27 0 30 48 87 36 78 74 88 85 86 73 10 67 60 5 19 65 20 76 7 68 18 21 42 2 28 32 14 41 75 82 94 63 35 16 70 8 46 59 44 80 31 77 12 58 15 89 92 72 99 38 57 55 66 71 13 34 64 25 11 43 91 53 39 61 3 4 56 45 24 22 96 23 50 54 17 6 90 97 9
Coste: -2147483646

GENERACION: 675
Mejor Solucion:  40 81 51 49 83 47 93 37 26 95 84 33 1 62 52 29 79 69 98 27 0 30 48 87 36 78 74 88 85 86 73 10 67 60 5 19 65 20 76 7 68 18 21 42 2 28 32 14 41 75 82 94 63 35 16 70 8 46 59 44 80 31 77 12 58 15 89 92 72 99 38 57 55 66 71 13 34 64 25 11 43 91 53 39 61 3 4 56 45 24 22 96 23 50 54 17 6 90 97 9
Coste: -2147483646

GENERACION: 680
Mejor Solucion:  40 81 51 49 83 47 93 37 26 95 84 33 1 62 52 29 79 69 98 27 0 30 48 87 36 78 74 88 85 86 73 10 67 60 5 19 65 20 76 7 68 18 21 42 2 28 32 14 41 75 82 94 63 35 16 70 8 46 59 44 80 31 77 12 58 15 89 92 72 99 38 57 55 66 71 13 34 64 25 11 43 91 53 39 61 3 4 56 45 24 22 96 23 50 54 17 6 90 97 9
Coste: -2147483646

GENERACION: 685
Mejor Solucion:  40 81 51 49 83 47 93 37 26 95 84 33 1 62 52 29 79 69 98 27 0 30 48 87 36 78 74 88 85 86 73 10 67 60 5 19 65 20 76 7 68 18 21 42 2 28 32 14 41 75 82 94 63 35 16 70 8 46 59 44 80 31 77 12 58 15 89 92 72 99 38 57 55 66 71 13 34 64 25 11 43 91 53 39 61 3 4 56 45 24 22 96 23 50 54 17 6 90 97 9
Coste: -2147483646

GENERACION: 690
Mejor Solucion:  40 81 51 49 83 47 93 37 26 95 84 33 1 62 52 29 79 69 98 27 0 30 48 87 36 78 74 88 85 86 73 10 67 60 5 19 65 20 76 7 68 18 21 42 2 28 32 14 41 75 82 94 63 35 16 70 8 46 59 44 80 31 77 12 58 15 89 92 72 99 38 57 55 66 71 13 34 64 25 11 43 91 53 39 61 3 4 56 45 24 22 96 23 50 54 17 6 90 97 9
Coste: -2147483646

GENERACION: 695
Mejor Solucion:  40 81 51 49 83 47 93 37 26 95 84 33 1 62 52 29 79 69 98 27 0 30 48 87 36 78 74 88 85 86 73 10 67 60 5 19 65 20 76 7 68 18 21 42 2 28 32 14 41 75 82 94 63 35 16 70 8 46 59 44 80 31 77 12 58 15 89 92 72 99 38 57 55 66 71 13 34 64 25 11 43 91 53 39 61 3 4 56 45 24 22 96 23 50 54 17 6 90 97 9
Coste: -2147483646

GENERACION: 700
Mejor Solucion:  40 81 51 49 83 47 93 37 26 95 84 33 1 62 52 29 79 69 98 27 0 30 48 87 36 78 74 88 85 86 73 10 67 60 5 19 65 20 76 7 68 18 21 42 2 28 32 14 41 75 82 94 63 35 16 70 8 46 59 44 80 31 77 12 58 15 89 92 72 99 38 57 55 66 71 13 34 64 25 11 43 91 53 39 61 3 4 56 45 24 22 96 23 50 54 17 6 90 97 9
Coste: -2147483646

GENERACION: 705
Mejor Solucion:  40 81 51 49 83 47 93 37 26 95 84 33 1 62 52 29 79 69 98 27 0 30 48 87 36 78 74 88 85 86 73 10 67 60 5 19 65 20 76 7 68 18 21 42 2 28 32 14 41 75 82 94 63 35 16 70 8 46 59 44 80 31 77 12 58 15 89 92 72 99 38 57 55 66 71 13 34 64 25 11 43 91 53 39 61 3 4 56 45 24 22 96 23 50 54 17 6 90 97 9
Coste: -2147483646

GENERACION: 710
Mejor Solucion:  40 81 51 49 83 47 93 37 26 95 84 33 1 62 52 29 79 69 98 27 0 30 48 87 36 78 74 88 85 86 73 10 67 60 5 19 65 20 76 7 68 18 21 42 2 28 32 14 41 75 82 94 63 35 16 70 8 46 59 44 80 31 77 12 58 15 89 92 72 99 38 57 55 66 71 13 34 64 25 11 43 91 53 39 61 3 4 56 45 24 22 96 23 50 54 17 6 90 97 9
Coste: -2147483646

GENERACION: 715
Mejor Solucion:  40 81 51 49 83 47 93 37 26 95 84 33 1 62 52 29 79 69 98 27 0 30 48 87 36 78 74 88 85 86 73 10 67 60 5 19 65 20 76 7 68 18 21 42 2 28 32 14 41 75 82 94 63 35 16 70 8 46 59 44 80 31 77 12 58 15 89 92 72 99 38 57 55 66 71 13 34 64 25 11 43 91 53 39 61 3 4 56 45 24 22 96 23 50 54 17 6 90 97 9
Coste: -2147483646

GENERACION: 720
Mejor Solucion:  40 81 51 49 83 47 93 37 26 95 84 33 1 62 52 29 79 69 98 27 0 30 48 87 36 78 74 88 85 86 73 10 67 60 5 19 65 20 76 7 68 18 21 42 2 28 32 14 41 75 82 94 63 35 16 70 8 46 59 44 80 31 77 12 58 15 89 92 72 99 38 57 55 66 71 13 34 64 25 11 43 91 53 39 61 3 4 56 45 24 22 96 23 50 54 17 6 90 97 9
Coste: -2147483646

GENERACION: 725
Mejor Solucion:  40 81 51 49 83 47 93 37 26 95 84 33 1 62 52 29 79 69 98 27 0 30 48 87 36 78 74 88 85 86 73 10 67 60 5 19 65 20 76 7 68 18 21 42 2 28 32 14 41 75 82 94 63 35 16 70 8 46 59 44 80 31 77 12 58 15 89 92 72 99 38 57 55 66 71 13 34 64 25 11 43 91 53 39 61 3 4 56 45 24 22 96 23 50 54 17 6 90 97 9
Coste: -2147483646

GENERACION: 730
Mejor Solucion:  40 81 51 49 83 47 93 37 26 95 84 33 1 62 52 29 79 69 98 27 0 30 48 87 36 78 74 88 85 86 73 10 67 60 5 19 65 20 76 7 68 18 21 42 2 28 32 14 41 75 82 94 63 35 16 70 8 46 59 44 80 31 77 12 58 15 89 92 72 99 38 57 55 66 71 13 34 64 25 11 43 91 53 39 61 3 4 56 45 24 22 96 23 50 54 17 6 90 97 9
Coste: -2147483646

GENERACION: 735
Mejor Solucion:  40 81 51 49 83 47 93 37 26 95 84 33 1 62 52 29 79 69 98 27 0 30 48 87 36 78 74 88 85 86 73 10 67 60 5 19 65 20 76 7 68 18 21 42 2 28 32 14 41 75 82 94 63 35 16 70 8 46 59 44 80 31 77 12 58 15 89 92 72 99 38 57 55 66 71 13 34 64 25 11 43 91 53 39 61 3 4 56 45 24 22 96 23 50 54 17 6 90 97 9
Coste: -2147483646

GENERACION: 740
Mejor Solucion:  40 81 51 49 83 47 93 37 26 95 84 33 1 62 52 29 79 69 98 27 0 30 48 87 36 78 74 88 85 86 73 10 67 60 5 19 65 20 76 7 68 18 21 42 2 28 32 14 41 75 82 94 63 35 16 70 8 46 59 44 80 31 77 12 58 15 89 92 72 99 38 57 55 66 71 13 34 64 25 11 43 91 53 39 61 3 4 56 45 24 22 96 23 50 54 17 6 90 97 9
Coste: -2147483646

GENERACION: 745
Mejor Solucion:  40 81 51 49 83 47 93 37 26 95 84 33 1 62 52 29 79 69 98 27 0 30 48 87 36 78 74 88 85 86 73 10 67 60 5 19 65 20 76 7 68 18 21 42 2 28 32 14 41 75 82 94 63 35 16 70 8 46 59 44 80 31 77 12 58 15 89 92 72 99 38 57 55 66 71 13 34 64 25 11 43 91 53 39 61 3 4 56 45 24 22 96 23 50 54 17 6 90 97 9
Coste: -2147483646

GENERACION: 750
Mejor Solucion:  40 81 51 49 83 47 93 37 26 95 84 33 1 62 52 29 79 69 98 27 0 30 48 87 36 78 74 88 85 86 73 10 67 60 5 19 65 20 76 7 68 18 21 42 2 28 32 14 41 75 82 94 63 35 16 70 8 46 59 44 80 31 77 12 58 15 89 92 72 99 38 57 55 66 71 13 34 64 25 11 43 91 53 39 61 3 4 56 45 24 22 96 23 50 54 17 6 90 97 9
Coste: -2147483646

GENERACION: 755
Mejor Solucion:  40 81 51 49 83 47 93 37 26 95 84 33 1 62 52 29 79 69 98 27 0 30 48 87 36 78 74 88 85 86 73 10 67 60 5 19 65 20 76 7 68 18 21 42 2 28 32 14 41 75 82 94 63 35 16 70 8 46 59 44 80 31 77 12 58 15 89 92 72 99 38 57 55 66 71 13 34 64 25 11 43 91 53 39 61 3 4 56 45 24 22 96 23 50 54 17 6 90 97 9
Coste: -2147483646

GENERACION: 760
Mejor Solucion:  40 81 51 49 83 47 93 37 26 95 84 33 1 62 52 29 79 69 98 27 0 30 48 87 36 78 74 88 85 86 73 10 67 60 5 19 65 20 76 7 68 18 21 42 2 28 32 14 41 75 82 94 63 35 16 70 8 46 59 44 80 31 77 12 58 15 89 92 72 99 38 57 55 66 71 13 34 64 25 11 43 91 53 39 61 3 4 56 45 24 22 96 23 50 54 17 6 90 97 9
Coste: -2147483646

GENERACION: 765
Mejor Solucion:  40 81 51 49 83 47 93 37 26 95 84 33 1 62 52 29 79 69 98 27 0 30 48 87 36 78 74 88 85 86 73 10 67 60 5 19 65 20 76 7 68 18 21 42 2 28 32 14 41 75 82 94 63 35 16 70 8 46 59 44 80 31 77 12 58 15 89 92 72 99 38 57 55 66 71 13 34 64 25 11 43 91 53 39 61 3 4 56 45 24 22 96 23 50 54 17 6 90 97 9
Coste: -2147483646

GENERACION: 770
Mejor Solucion:  40 81 51 49 83 47 93 37 26 95 84 33 1 62 52 29 79 69 98 27 0 30 48 87 36 78 74 88 85 86 73 10 67 60 5 19 65 20 76 7 68 18 21 42 2 28 32 14 41 75 82 94 63 35 16 70 8 46 59 44 80 31 77 12 58 15 89 92 72 99 38 57 55 66 71 13 34 64 25 11 43 91 53 39 61 3 4 56 45 24 22 96 23 50 54 17 6 90 97 9
Coste: -2147483646

GENERACION: 775
Mejor Solucion:  40 81 51 49 83 47 93 37 26 95 84 33 1 62 52 29 79 69 98 27 0 30 48 87 36 78 74 88 85 86 73 10 67 60 5 19 65 20 76 7 68 18 21 42 2 28 32 14 41 75 82 94 63 35 16 70 8 46 59 44 80 31 77 12 58 15 89 92 72 99 38 57 55 66 71 13 34 64 25 11 43 91 53 39 61 3 4 56 45 24 22 96 23 50 54 17 6 90 97 9
Coste: -2147483646

GENERACION: 780
Mejor Solucion:  40 81 51 49 83 47 93 37 26 95 84 33 1 62 52 29 79 69 98 27 0 30 48 87 36 78 74 88 85 86 73 10 67 60 5 19 65 20 76 7 68 18 21 42 2 28 32 14 41 75 82 94 63 35 16 70 8 46 59 44 80 31 77 12 58 15 89 92 72 99 38 57 55 66 71 13 34 64 25 11 43 91 53 39 61 3 4 56 45 24 22 96 23 50 54 17 6 90 97 9
Coste: -2147483646

GENERACION: 785
Mejor Solucion:  40 81 51 49 83 47 93 37 26 95 84 33 1 62 52 29 79 69 98 27 0 30 48 87 36 78 74 88 85 86 73 10 67 60 5 19 65 20 76 7 68 18 21 42 2 28 32 14 41 75 82 94 63 35 16 70 8 46 59 44 80 31 77 12 58 15 89 92 72 99 38 57 55 66 71 13 34 64 25 11 43 91 53 39 61 3 4 56 45 24 22 96 23 50 54 17 6 90 97 9
Coste: -2147483646

GENERACION: 790
Mejor Solucion:  40 81 51 49 83 47 93 37 26 95 84 33 1 62 52 29 79 69 98 27 0 30 48 87 36 78 74 88 85 86 73 10 67 60 5 19 65 20 76 7 68 18 21 42 2 28 32 14 41 75 82 94 63 35 16 70 8 46 59 44 80 31 77 12 58 15 89 92 72 99 38 57 55 66 71 13 34 64 25 11 43 91 53 39 61 3 4 56 45 24 22 96 23 50 54 17 6 90 97 9
Coste: -2147483646

GENERACION: 795
Mejor Solucion:  40 81 51 49 83 47 93 37 26 95 84 33 1 62 52 29 79 69 98 27 0 30 48 87 36 78 74 88 85 86 73 10 67 60 5 19 65 20 76 7 68 18 21 42 2 28 32 14 41 75 82 94 63 35 16 70 8 46 59 44 80 31 77 12 58 15 89 92 72 99 38 57 55 66 71 13 34 64 25 11 43 91 53 39 61 3 4 56 45 24 22 96 23 50 54 17 6 90 97 9
Coste: -2147483646

GENERACION: 800
Mejor Solucion:  40 81 51 49 83 47 93 37 26 95 84 33 1 62 52 29 79 69 98 27 0 30 48 87 36 78 74 88 85 86 73 10 67 60 5 19 65 20 76 7 68 18 21 42 2 28 32 14 41 75 82 94 63 35 16 70 8 46 59 44 80 31 77 12 58 15 89 92 72 99 38 57 55 66 71 13 34 64 25 11 43 91 53 39 61 3 4 56 45 24 22 96 23 50 54 17 6 90 97 9
Coste: -2147483646

GENERACION: 805
Mejor Solucion:  40 81 51 49 83 47 93 37 26 95 84 33 1 62 52 29 79 69 98 27 0 30 48 87 36 78 74 88 85 86 73 10 67 60 5 19 65 20 76 7 68 18 21 42 2 28 32 14 41 75 82 94 63 35 16 70 8 46 59 44 80 31 77 12 58 15 89 92 72 99 38 57 55 66 71 13 34 64 25 11 43 91 53 39 61 3 4 56 45 24 22 96 23 50 54 17 6 90 97 9
Coste: -2147483646

GENERACION: 810
Mejor Solucion:  40 81 51 49 83 47 93 37 26 95 84 33 1 62 52 29 79 69 98 27 0 30 48 87 36 78 74 88 85 86 73 10 67 60 5 19 65 20 76 7 68 18 21 42 2 28 32 14 41 75 82 94 63 35 16 70 8 46 59 44 80 31 77 12 58 15 89 92 72 99 38 57 55 66 71 13 34 64 25 11 43 91 53 39 61 3 4 56 45 24 22 96 23 50 54 17 6 90 97 9
Coste: -2147483646

GENERACION: 815
Mejor Solucion:  40 81 51 49 83 47 93 37 26 95 84 33 1 62 52 29 79 69 98 27 0 30 48 87 36 78 74 88 85 86 73 10 67 60 5 19 65 20 76 7 68 18 21 42 2 28 32 14 41 75 82 94 63 35 16 70 8 46 59 44 80 31 77 12 58 15 89 92 72 99 38 57 55 66 71 13 34 64 25 11 43 91 53 39 61 3 4 56 45 24 22 96 23 50 54 17 6 90 97 9
Coste: -2147483646

GENERACION: 820
Mejor Solucion:  40 81 51 49 83 47 93 37 26 95 84 33 1 62 52 29 79 69 98 27 0 30 48 87 36 78 74 88 85 86 73 10 67 60 5 19 65 20 76 7 68 18 21 42 2 28 32 14 41 75 82 94 63 35 16 70 8 46 59 44 80 31 77 12 58 15 89 92 72 99 38 57 55 66 71 13 34 64 25 11 43 91 53 39 61 3 4 56 45 24 22 96 23 50 54 17 6 90 97 9
Coste: -2147483646

GENERACION: 825
Mejor Solucion:  40 81 51 49 83 47 93 37 26 95 84 33 1 62 52 29 79 69 98 27 0 30 48 87 36 78 74 88 85 86 73 10 67 60 5 19 65 20 76 7 68 18 21 42 2 28 32 14 41 75 82 94 63 35 16 70 8 46 59 44 80 31 77 12 58 15 89 92 72 99 38 57 55 66 71 13 34 64 25 11 43 91 53 39 61 3 4 56 45 24 22 96 23 50 54 17 6 90 97 9
Coste: -2147483646

GENERACION: 830
Mejor Solucion:  40 81 51 49 83 47 93 37 26 95 84 33 1 62 52 29 79 69 98 27 0 30 48 87 36 78 74 88 85 86 73 10 67 60 5 19 65 20 76 7 68 18 21 42 2 28 32 14 41 75 82 94 63 35 16 70 8 46 59 44 80 31 77 12 58 15 89 92 72 99 38 57 55 66 71 13 34 64 25 11 43 91 53 39 61 3 4 56 45 24 22 96 23 50 54 17 6 90 97 9
Coste: -2147483646

GENERACION: 835
Mejor Solucion:  40 81 51 49 83 47 93 37 26 95 84 33 1 62 52 29 79 69 98 27 0 30 48 87 36 78 74 88 85 86 73 10 67 60 5 19 65 20 76 7 68 18 21 42 2 28 32 14 41 75 82 94 63 35 16 70 8 46 59 44 80 31 77 12 58 15 89 92 72 99 38 57 55 66 71 13 34 64 25 11 43 91 53 39 61 3 4 56 45 24 22 96 23 50 54 17 6 90 97 9
Coste: -2147483646

GENERACION: 840
Mejor Solucion:  40 81 51 49 83 47 93 37 26 95 84 33 1 62 52 29 79 69 98 27 0 30 48 87 36 78 74 88 85 86 73 10 67 60 5 19 65 20 76 7 68 18 21 42 2 28 32 14 41 75 82 94 63 35 16 70 8 46 59 44 80 31 77 12 58 15 89 92 72 99 38 57 55 66 71 13 34 64 25 11 43 91 53 39 61 3 4 56 45 24 22 96 23 50 54 17 6 90 97 9
Coste: -2147483646

GENERACION: 845
Mejor Solucion:  40 81 51 49 83 47 93 37 26 95 84 33 1 62 52 29 79 69 98 27 0 30 48 87 36 78 74 88 85 86 73 10 67 60 5 19 65 20 76 7 68 18 21 42 2 28 32 14 41 75 82 94 63 35 16 70 8 46 59 44 80 31 77 12 58 15 89 92 72 99 38 57 55 66 71 13 34 64 25 11 43 91 53 39 61 3 4 56 45 24 22 96 23 50 54 17 6 90 97 9
Coste: -2147483646

GENERACION: 850
Mejor Solucion:  40 81 51 49 83 47 93 37 26 95 84 33 1 62 52 29 79 69 98 27 0 30 48 87 36 78 74 88 85 86 73 10 67 60 5 19 65 20 76 7 68 18 21 42 2 28 32 14 41 75 82 94 63 35 16 70 8 46 59 44 80 31 77 12 58 15 89 92 72 99 38 57 55 66 71 13 34 64 25 11 43 91 53 39 61 3 4 56 45 24 22 96 23 50 54 17 6 90 97 9
Coste: -2147483646

GENERACION: 855
Mejor Solucion:  40 81 51 49 83 47 93 37 26 95 84 33 1 62 52 29 79 69 98 27 0 30 48 87 36 78 74 88 85 86 73 10 67 60 5 19 65 20 76 7 68 18 21 42 2 28 32 14 41 75 82 94 63 35 16 70 8 46 59 44 80 31 77 12 58 15 89 92 72 99 38 57 55 66 71 13 34 64 25 11 43 91 53 39 61 3 4 56 45 24 22 96 23 50 54 17 6 90 97 9
Coste: -2147483646

GENERACION: 860
Mejor Solucion:  40 81 51 49 83 47 93 37 26 95 84 33 1 62 52 29 79 69 98 27 0 30 48 87 36 78 74 88 85 86 73 10 67 60 5 19 65 20 76 7 68 18 21 42 2 28 32 14 41 75 82 94 63 35 16 70 8 46 59 44 80 31 77 12 58 15 89 92 72 99 38 57 55 66 71 13 34 64 25 11 43 91 53 39 61 3 4 56 45 24 22 96 23 50 54 17 6 90 97 9
Coste: -2147483646

GENERACION: 865
Mejor Solucion:  40 81 51 49 83 47 93 37 26 95 84 33 1 62 52 29 79 69 98 27 0 30 48 87 36 78 74 88 85 86 73 10 67 60 5 19 65 20 76 7 68 18 21 42 2 28 32 14 41 75 82 94 63 35 16 70 8 46 59 44 80 31 77 12 58 15 89 92 72 99 38 57 55 66 71 13 34 64 25 11 43 91 53 39 61 3 4 56 45 24 22 96 23 50 54 17 6 90 97 9
Coste: -2147483646

GENERACION: 870
Mejor Solucion:  40 81 51 49 83 47 93 37 26 95 84 33 1 62 52 29 79 69 98 27 0 30 48 87 36 78 74 88 85 86 73 10 67 60 5 19 65 20 76 7 68 18 21 42 2 28 32 14 41 75 82 94 63 35 16 70 8 46 59 44 80 31 77 12 58 15 89 92 72 99 38 57 55 66 71 13 34 64 25 11 43 91 53 39 61 3 4 56 45 24 22 96 23 50 54 17 6 90 97 9
Coste: -2147483646

GENERACION: 875
Mejor Solucion:  40 81 51 49 83 47 93 37 26 95 84 33 1 62 52 29 79 69 98 27 0 30 48 87 36 78 74 88 85 86 73 10 67 60 5 19 65 20 76 7 68 18 21 42 2 28 32 14 41 75 82 94 63 35 16 70 8 46 59 44 80 31 77 12 58 15 89 92 72 99 38 57 55 66 71 13 34 64 25 11 43 91 53 39 61 3 4 56 45 24 22 96 23 50 54 17 6 90 97 9
Coste: -2147483646

GENERACION: 880
Mejor Solucion:  40 81 51 49 83 47 93 37 26 95 84 33 1 62 52 29 79 69 98 27 0 30 48 87 36 78 74 88 85 86 73 10 67 60 5 19 65 20 76 7 68 18 21 42 2 28 32 14 41 75 82 94 63 35 16 70 8 46 59 44 80 31 77 12 58 15 89 92 72 99 38 57 55 66 71 13 34 64 25 11 43 91 53 39 61 3 4 56 45 24 22 96 23 50 54 17 6 90 97 9
Coste: -2147483646

GENERACION: 885
Mejor Solucion:  40 81 51 49 83 47 93 37 26 95 84 33 1 62 52 29 79 69 98 27 0 30 48 87 36 78 74 88 85 86 73 10 67 60 5 19 65 20 76 7 68 18 21 42 2 28 32 14 41 75 82 94 63 35 16 70 8 46 59 44 80 31 77 12 58 15 89 92 72 99 38 57 55 66 71 13 34 64 25 11 43 91 53 39 61 3 4 56 45 24 22 96 23 50 54 17 6 90 97 9
Coste: -2147483646

GENERACION: 890
Mejor Solucion:  40 81 51 49 83 47 93 37 26 95 84 33 1 62 52 29 79 69 98 27 0 30 48 87 36 78 74 88 85 86 73 10 67 60 5 19 65 20 76 7 68 18 21 42 2 28 32 14 41 75 82 94 63 35 16 70 8 46 59 44 80 31 77 12 58 15 89 92 72 99 38 57 55 66 71 13 34 64 25 11 43 91 53 39 61 3 4 56 45 24 22 96 23 50 54 17 6 90 97 9
Coste: -2147483646

GENERACION: 895
Mejor Solucion:  40 81 51 49 83 47 93 37 26 95 84 33 1 62 52 29 79 69 98 27 0 30 48 87 36 78 74 88 85 86 73 10 67 60 5 19 65 20 76 7 68 18 21 42 2 28 32 14 41 75 82 94 63 35 16 70 8 46 59 44 80 31 77 12 58 15 89 92 72 99 38 57 55 66 71 13 34 64 25 11 43 91 53 39 61 3 4 56 45 24 22 96 23 50 54 17 6 90 97 9
Coste: -2147483646

GENERACION: 900
Mejor Solucion:  40 81 51 49 83 47 93 37 26 95 84 33 1 62 52 29 79 69 98 27 0 30 48 87 36 78 74 88 85 86 73 10 67 60 5 19 65 20 76 7 68 18 21 42 2 28 32 14 41 75 82 94 63 35 16 70 8 46 59 44 80 31 77 12 58 15 89 92 72 99 38 57 55 66 71 13 34 64 25 11 43 91 53 39 61 3 4 56 45 24 22 96 23 50 54 17 6 90 97 9
Coste: -2147483646

GENERACION: 905
Mejor Solucion:  40 81 51 49 83 47 93 37 26 95 84 33 1 62 52 29 79 69 98 27 0 30 48 87 36 78 74 88 85 86 73 10 67 60 5 19 65 20 76 7 68 18 21 42 2 28 32 14 41 75 82 94 63 35 16 70 8 46 59 44 80 31 77 12 58 15 89 92 72 99 38 57 55 66 71 13 34 64 25 11 43 91 53 39 61 3 4 56 45 24 22 96 23 50 54 17 6 90 97 9
Coste: -2147483646

GENERACION: 910
Mejor Solucion:  40 81 51 49 83 47 93 37 26 95 84 33 1 62 52 29 79 69 98 27 0 30 48 87 36 78 74 88 85 86 73 10 67 60 5 19 65 20 76 7 68 18 21 42 2 28 32 14 41 75 82 94 63 35 16 70 8 46 59 44 80 31 77 12 58 15 89 92 72 99 38 57 55 66 71 13 34 64 25 11 43 91 53 39 61 3 4 56 45 24 22 96 23 50 54 17 6 90 97 9
Coste: -2147483646

GENERACION: 915
Mejor Solucion:  40 81 51 49 83 47 93 37 26 95 84 33 1 62 52 29 79 69 98 27 0 30 48 87 36 78 74 88 85 86 73 10 67 60 5 19 65 20 76 7 68 18 21 42 2 28 32 14 41 75 82 94 63 35 16 70 8 46 59 44 80 31 77 12 58 15 89 92 72 99 38 57 55 66 71 13 34 64 25 11 43 91 53 39 61 3 4 56 45 24 22 96 23 50 54 17 6 90 97 9
Coste: -2147483646

GENERACION: 920
Mejor Solucion:  40 81 51 49 83 47 93 37 26 95 84 33 1 62 52 29 79 69 98 27 0 30 48 87 36 78 74 88 85 86 73 10 67 60 5 19 65 20 76 7 68 18 21 42 2 28 32 14 41 75 82 94 63 35 16 70 8 46 59 44 80 31 77 12 58 15 89 92 72 99 38 57 55 66 71 13 34 64 25 11 43 91 53 39 61 3 4 56 45 24 22 96 23 50 54 17 6 90 97 9
Coste: -2147483646

GENERACION: 925
Mejor Solucion:  40 81 51 49 83 47 93 37 26 95 84 33 1 62 52 29 79 69 98 27 0 30 48 87 36 78 74 88 85 86 73 10 67 60 5 19 65 20 76 7 68 18 21 42 2 28 32 14 41 75 82 94 63 35 16 70 8 46 59 44 80 31 77 12 58 15 89 92 72 99 38 57 55 66 71 13 34 64 25 11 43 91 53 39 61 3 4 56 45 24 22 96 23 50 54 17 6 90 97 9
Coste: -2147483646

GENERACION: 930
Mejor Solucion:  40 81 51 49 83 47 93 37 26 95 84 33 1 62 52 29 79 69 98 27 0 30 48 87 36 78 74 88 85 86 73 10 67 60 5 19 65 20 76 7 68 18 21 42 2 28 32 14 41 75 82 94 63 35 16 70 8 46 59 44 80 31 77 12 58 15 89 92 72 99 38 57 55 66 71 13 34 64 25 11 43 91 53 39 61 3 4 56 45 24 22 96 23 50 54 17 6 90 97 9
Coste: -2147483646

GENERACION: 935
Mejor Solucion:  40 81 51 49 83 47 93 37 26 95 84 33 1 62 52 29 79 69 98 27 0 30 48 87 36 78 74 88 85 86 73 10 67 60 5 19 65 20 76 7 68 18 21 42 2 28 32 14 41 75 82 94 63 35 16 70 8 46 59 44 80 31 77 12 58 15 89 92 72 99 38 57 55 66 71 13 34 64 25 11 43 91 53 39 61 3 4 56 45 24 22 96 23 50 54 17 6 90 97 9
Coste: -2147483646

GENERACION: 940
Mejor Solucion:  40 81 51 49 83 47 93 37 26 95 84 33 1 62 52 29 79 69 98 27 0 30 48 87 36 78 74 88 85 86 73 10 67 60 5 19 65 20 76 7 68 18 21 42 2 28 32 14 41 75 82 94 63 35 16 70 8 46 59 44 80 31 77 12 58 15 89 92 72 99 38 57 55 66 71 13 34 64 25 11 43 91 53 39 61 3 4 56 45 24 22 96 23 50 54 17 6 90 97 9
Coste: -2147483646

GENERACION: 945
Mejor Solucion:  40 81 51 49 83 47 93 37 26 95 84 33 1 62 52 29 79 69 98 27 0 30 48 87 36 78 74 88 85 86 73 10 67 60 5 19 65 20 76 7 68 18 21 42 2 28 32 14 41 75 82 94 63 35 16 70 8 46 59 44 80 31 77 12 58 15 89 92 72 99 38 57 55 66 71 13 34 64 25 11 43 91 53 39 61 3 4 56 45 24 22 96 23 50 54 17 6 90 97 9
Coste: -2147483646

GENERACION: 950
Mejor Solucion:  40 81 51 49 83 47 93 37 26 95 84 33 1 62 52 29 79 69 98 27 0 30 48 87 36 78 74 88 85 86 73 10 67 60 5 19 65 20 76 7 68 18 21 42 2 28 32 14 41 75 82 94 63 35 16 70 8 46 59 44 80 31 77 12 58 15 89 92 72 99 38 57 55 66 71 13 34 64 25 11 43 91 53 39 61 3 4 56 45 24 22 96 23 50 54 17 6 90 97 9
Coste: -2147483646

GENERACION: 955
Mejor Solucion:  40 81 51 49 83 47 93 37 26 95 84 33 1 62 52 29 79 69 98 27 0 30 48 87 36 78 74 88 85 86 73 10 67 60 5 19 65 20 76 7 68 18 21 42 2 28 32 14 41 75 82 94 63 35 16 70 8 46 59 44 80 31 77 12 58 15 89 92 72 99 38 57 55 66 71 13 34 64 25 11 43 91 53 39 61 3 4 56 45 24 22 96 23 50 54 17 6 90 97 9
Coste: -2147483646

GENERACION: 960
Mejor Solucion:  40 81 51 49 83 47 93 37 26 95 84 33 1 62 52 29 79 69 98 27 0 30 48 87 36 78 74 88 85 86 73 10 67 60 5 19 65 20 76 7 68 18 21 42 2 28 32 14 41 75 82 94 63 35 16 70 8 46 59 44 80 31 77 12 58 15 89 92 72 99 38 57 55 66 71 13 34 64 25 11 43 91 53 39 61 3 4 56 45 24 22 96 23 50 54 17 6 90 97 9
Coste: -2147483646

GENERACION: 965
Mejor Solucion:  40 81 51 49 83 47 93 37 26 95 84 33 1 62 52 29 79 69 98 27 0 30 48 87 36 78 74 88 85 86 73 10 67 60 5 19 65 20 76 7 68 18 21 42 2 28 32 14 41 75 82 94 63 35 16 70 8 46 59 44 80 31 77 12 58 15 89 92 72 99 38 57 55 66 71 13 34 64 25 11 43 91 53 39 61 3 4 56 45 24 22 96 23 50 54 17 6 90 97 9
Coste: -2147483646

GENERACION: 970
Mejor Solucion:  40 81 51 49 83 47 93 37 26 95 84 33 1 62 52 29 79 69 98 27 0 30 48 87 36 78 74 88 85 86 73 10 67 60 5 19 65 20 76 7 68 18 21 42 2 28 32 14 41 75 82 94 63 35 16 70 8 46 59 44 80 31 77 12 58 15 89 92 72 99 38 57 55 66 71 13 34 64 25 11 43 91 53 39 61 3 4 56 45 24 22 96 23 50 54 17 6 90 97 9
Coste: -2147483646

GENERACION: 975
Mejor Solucion:  40 81 51 49 83 47 93 37 26 95 84 33 1 62 52 29 79 69 98 27 0 30 48 87 36 78 74 88 85 86 73 10 67 60 5 19 65 20 76 7 68 18 21 42 2 28 32 14 41 75 82 94 63 35 16 70 8 46 59 44 80 31 77 12 58 15 89 92 72 99 38 57 55 66 71 13 34 64 25 11 43 91 53 39 61 3 4 56 45 24 22 96 23 50 54 17 6 90 97 9
Coste: -2147483646

GENERACION: 980
Mejor Solucion:  40 81 51 49 83 47 93 37 26 95 84 33 1 62 52 29 79 69 98 27 0 30 48 87 36 78 74 88 85 86 73 10 67 60 5 19 65 20 76 7 68 18 21 42 2 28 32 14 41 75 82 94 63 35 16 70 8 46 59 44 80 31 77 12 58 15 89 92 72 99 38 57 55 66 71 13 34 64 25 11 43 91 53 39 61 3 4 56 45 24 22 96 23 50 54 17 6 90 97 9
Coste: -2147483646

GENERACION: 985
Mejor Solucion:  40 81 51 49 83 47 93 37 26 95 84 33 1 62 52 29 79 69 98 27 0 30 48 87 36 78 74 88 85 86 73 10 67 60 5 19 65 20 76 7 68 18 21 42 2 28 32 14 41 75 82 94 63 35 16 70 8 46 59 44 80 31 77 12 58 15 89 92 72 99 38 57 55 66 71 13 34 64 25 11 43 91 53 39 61 3 4 56 45 24 22 96 23 50 54 17 6 90 97 9
Coste: -2147483646

GENERACION: 990
Mejor Solucion:  40 81 51 49 83 47 93 37 26 95 84 33 1 62 52 29 79 69 98 27 0 30 48 87 36 78 74 88 85 86 73 10 67 60 5 19 65 20 76 7 68 18 21 42 2 28 32 14 41 75 82 94 63 35 16 70 8 46 59 44 80 31 77 12 58 15 89 92 72 99 38 57 55 66 71 13 34 64 25 11 43 91 53 39 61 3 4 56 45 24 22 96 23 50 54 17 6 90 97 9
Coste: -2147483646

GENERACION: 995
Mejor Solucion:  40 81 51 49 83 47 93 37 26 95 84 33 1 62 52 29 79 69 98 27 0 30 48 87 36 78 74 88 85 86 73 10 67 60 5 19 65 20 76 7 68 18 21 42 2 28 32 14 41 75 82 94 63 35 16 70 8 46 59 44 80 31 77 12 58 15 89 92 72 99 38 57 55 66 71 13 34 64 25 11 43 91 53 39 61 3 4 56 45 24 22 96 23 50 54 17 6 90 97 9
Coste: -2147483646

GENERACION: 1000
Mejor Solucion:  40 81 51 49 83 47 93 37 26 95 84 33 1 62 52 29 79 69 98 27 0 30 48 87 36 78 74 88 85 86 73 10 67 60 5 19 65 20 76 7 68 18 21 42 2 28 32 14 41 75 82 94 63 35 16 70 8 46 59 44 80 31 77 12 58 15 89 92 72 99 38 57 55 66 71 13 34 64 25 11 43 91 53 39 61 3 4 56 45 24 22 96 23 50 54 17 6 90 97 9
Coste: -2147483646

