GENERACION: 5
Mejor Solucion:  96 23 95 75 49 50 11 97 76 85 40 80 71 43 25 41 86 35 31 92 10 33 19 68 38 60 79 61 98 13 51 64 18 81 46 7 62 12 34 14 87 36 42 63 53 3 93 84 45 55 72 29 0 24 20 39 4 94 88 67 83 78 1 9 58 56 26 70 30 90 82 2 91 16 27 28 59 48 37 69 74 57 89 6 15 5 44 73 77 52 47 8 65 99 54 21 17 66 22 32
Coste: 1664168241

GENERACION: 10
Mejor Solucion:  42 36 2 70 37 83 40 28 85 46 86 16 73 39 72 67 24 23 34 11 17 19 95 10 38 64 74 77 93 88 84 43 90 91 51 49 29 62 18 7 1 0 26 98 61 52 47 65 33 75 25 94 9 76 69 71 27 82 54 97 8 78 5 59 89 80 12 15 92 79 57 13 56 35 14 44 20 87 96 21 99 60 45 3 63 55 6 22 30 48 41 58 68 50 66 53 32 31 4 81
Coste: -2147483315

GENERACION: 15
Mejor Solucion:  42 36 2 70 37 83 40 28 85 46 86 16 73 39 72 67 24 23 34 11 17 19 95 10 38 64 74 77 93 88 84 43 90 91 51 49 29 62 18 7 1 0 26 98 61 52 47 65 33 75 25 94 9 76 69 71 27 82 54 97 8 78 5 59 89 80 12 15 92 79 57 13 56 35 14 44 20 87 96 21 99 60 45 3 63 55 6 22 30 48 41 58 68 50 66 53 32 31 4 81
Coste: -2147483315

GENERACION: 20
Mejor Solucion:  42 36 2 70 37 83 40 28 85 46 86 16 73 39 72 67 24 23 34 11 17 19 95 10 38 64 74 77 93 88 84 43 90 91 51 49 29 62 18 7 1 0 26 98 61 52 47 65 33 75 25 94 9 76 69 71 27 82 54 97 8 78 5 59 89 80 12 15 92 79 57 13 56 35 14 44 20 87 96 21 99 60 45 3 63 55 6 22 30 48 41 58 68 50 66 53 32 31 4 81
Coste: -2147483315

GENERACION: 25
Mejor Solucion:  42 36 2 70 37 83 40 28 85 46 86 16 73 39 72 67 24 23 34 11 17 19 95 10 38 64 74 77 93 88 84 43 90 91 51 49 29 62 18 7 1 0 26 98 61 52 47 65 33 75 25 94 9 76 69 71 27 82 54 97 8 78 5 59 89 80 12 15 92 79 57 13 56 35 14 44 20 87 96 21 99 60 45 3 63 55 6 22 30 48 41 58 68 50 66 53 32 31 4 81
Coste: -2147483315

GENERACION: 30
Mejor Solucion:  93 40 11 70 81 51 95 84 37 83 77 42 16 56 91 88 27 73 33 64 30 79 49 67 10 76 74 94 85 19 86 18 72 21 61 57 41 23 32 34 80 46 28 63 9 48 65 2 75 58 3 8 7 52 98 71 53 43 29 90 31 87 78 17 89 68 47 38 26 99 92 36 45 12 69 60 59 35 5 1 4 13 14 96 62 50 24 44 54 6 15 66 82 25 0 39 22 97 55 20
Coste: -2147483502

GENERACION: 35
Mejor Solucion:  93 40 11 70 81 51 95 84 37 83 77 42 16 56 91 88 27 73 33 64 30 79 49 67 10 76 74 94 85 19 86 18 72 21 61 57 41 23 32 34 80 46 28 63 9 48 65 2 75 58 3 8 7 52 98 71 53 43 29 90 31 87 78 17 89 68 47 38 26 99 92 36 45 12 69 60 59 35 5 1 4 13 14 96 62 50 24 44 54 6 15 66 82 25 0 39 22 97 55 20
Coste: -2147483502

GENERACION: 40
Mejor Solucion:  95 81 49 47 83 77 26 37 40 51 84 42 11 34 72 55 43 65 90 88 73 38 15 61 68 64 74 19 85 28 94 3 30 9 41 14 67 12 18 23 92 58 32 82 6 48 20 86 4 10 46 52 93 35 59 56 53 70 57 13 29 99 75 16 45 36 79 17 80 54 76 25 60 8 89 98 27 69 91 33 1 5 97 96 31 21 22 24 63 39 50 66 87 0 2 78 7 71 62 44
Coste: -2147483627

GENERACION: 45
Mejor Solucion:  95 81 49 47 83 77 26 37 40 51 84 42 11 34 72 55 43 65 90 88 73 38 15 61 68 64 74 19 85 28 94 3 30 9 41 14 67 12 18 23 92 58 32 82 6 48 20 86 4 10 46 52 93 35 59 56 53 70 57 13 29 99 75 16 45 36 79 17 80 54 76 25 60 8 89 98 27 69 91 33 1 5 97 96 31 21 22 24 63 39 50 66 87 0 2 78 7 71 62 44
Coste: -2147483627

GENERACION: 50
Mejor Solucion:  95 81 49 47 83 77 26 37 40 51 84 42 11 34 72 55 43 65 90 88 73 38 15 61 68 64 74 19 85 28 94 3 30 9 41 14 67 12 18 23 92 58 32 82 6 48 20 86 4 10 46 52 93 35 59 56 53 70 57 13 29 99 75 16 45 36 79 17 80 54 76 25 60 8 89 98 27 69 91 33 1 5 97 96 31 21 22 24 63 39 50 66 87 0 2 78 7 71 62 44
Coste: -2147483627

GENERACION: 55
Mejor Solucion:  95 81 49 47 83 77 26 37 40 51 84 42 11 34 72 55 43 65 90 88 73 38 15 61 68 64 74 19 85 28 94 3 30 9 41 14 67 12 18 23 92 58 32 82 6 48 20 86 4 10 46 52 93 35 59 56 53 70 57 13 29 99 75 16 45 36 79 17 80 54 76 25 60 8 89 98 27 69 91 33 1 5 97 96 31 21 22 24 63 39 50 66 87 0 2 78 7 71 62 44
Coste: -2147483627

GENERACION: 60
Mejor Solucion:  95 81 49 47 83 77 26 37 40 51 84 42 11 34 72 55 43 65 90 88 73 38 15 61 68 64 74 19 85 28 94 3 30 9 41 14 67 12 18 23 92 58 32 82 6 48 20 86 4 10 46 52 93 35 59 56 53 70 57 13 29 99 75 16 45 36 79 17 80 54 76 25 60 8 89 98 27 69 91 33 1 5 97 96 31 21 22 24 63 39 50 66 87 0 2 78 7 71 62 44
Coste: -2147483627

GENERACION: 65
Mejor Solucion:  95 81 49 47 83 77 26 37 40 51 84 42 11 34 72 55 43 65 90 88 73 38 15 61 68 64 74 19 85 28 94 3 30 9 41 14 67 12 18 23 92 58 32 82 6 48 20 86 4 10 46 52 93 35 59 56 53 70 57 13 29 99 75 16 45 36 79 17 80 54 76 25 60 8 89 98 27 69 91 33 1 5 97 96 31 21 22 24 63 39 50 66 87 0 2 78 7 71 62 44
Coste: -2147483627

GENERACION: 70
Mejor Solucion:  95 81 49 47 83 77 26 37 40 51 84 42 11 34 72 55 43 65 90 88 73 38 15 61 68 64 74 19 85 28 94 3 30 9 41 14 67 12 18 23 92 58 32 82 6 48 20 86 4 10 46 52 93 35 59 56 53 70 57 13 29 99 75 16 45 36 79 17 80 54 76 25 60 8 89 98 27 69 91 33 1 5 97 96 31 21 22 24 63 39 50 66 87 0 2 78 7 71 62 44
Coste: -2147483627

GENERACION: 75
Mejor Solucion:  95 81 49 47 83 77 26 37 40 51 84 42 11 34 72 55 43 65 90 88 73 38 15 61 68 64 74 19 85 28 94 3 30 9 41 14 67 12 18 23 92 58 32 82 6 48 20 86 4 10 46 52 93 35 59 56 53 70 57 13 29 99 75 16 45 36 79 17 80 54 76 25 60 8 89 98 27 69 91 33 1 5 97 96 31 21 22 24 63 39 50 66 87 0 2 78 7 71 62 44
Coste: -2147483627

GENERACION: 80
Mejor Solucion:  95 81 49 47 83 77 26 37 40 51 84 42 11 34 72 55 43 65 90 88 73 38 15 61 68 64 74 19 85 28 94 3 30 9 41 14 67 12 18 23 92 58 32 82 6 48 20 86 4 10 46 52 93 35 59 56 53 70 57 13 29 99 75 16 45 36 79 17 80 54 76 25 60 8 89 98 27 69 91 33 1 5 97 96 31 21 22 24 63 39 50 66 87 0 2 78 7 71 62 44
Coste: -2147483627

GENERACION: 85
Mejor Solucion:  95 81 49 47 83 77 26 37 40 51 84 42 11 34 72 55 43 65 90 88 73 38 15 61 68 64 74 19 85 28 94 3 30 9 41 14 67 12 18 23 92 58 32 82 6 48 20 86 4 10 46 52 93 35 59 56 53 70 57 13 29 99 75 16 45 36 79 17 80 54 76 25 60 8 89 98 27 69 91 33 1 5 97 96 31 21 22 24 63 39 50 66 87 0 2 78 7 71 62 44
Coste: -2147483627

GENERACION: 90
Mejor Solucion:  95 81 49 47 83 77 26 37 40 51 84 42 11 34 72 55 43 65 90 88 73 38 15 61 68 64 74 19 85 28 94 3 30 9 41 14 67 12 18 23 92 58 32 82 6 48 20 86 4 10 46 52 93 35 59 56 53 70 57 13 29 99 75 16 45 36 79 17 80 54 76 25 60 8 89 98 27 69 91 33 1 5 97 96 31 21 22 24 63 39 50 66 87 0 2 78 7 71 62 44
Coste: -2147483627

GENERACION: 95
Mejor Solucion:  95 81 49 47 83 77 26 37 40 51 84 42 11 34 72 55 43 65 90 88 73 38 15 61 68 64 74 19 85 28 94 3 30 9 41 14 67 12 18 23 92 58 32 82 6 48 20 86 4 10 46 52 93 35 59 56 53 70 57 13 29 99 75 16 45 36 79 17 80 54 76 25 60 8 89 98 27 69 91 33 1 5 97 96 31 21 22 24 63 39 50 66 87 0 2 78 7 71 62 44
Coste: -2147483627

GENERACION: 100
Mejor Solucion:  95 81 49 47 83 77 26 37 40 51 84 42 11 34 72 55 43 65 90 88 73 38 15 61 68 64 74 19 85 28 94 3 30 9 41 14 67 12 18 23 92 58 32 82 6 48 20 86 4 10 46 52 93 35 59 56 53 70 57 13 29 99 75 16 45 36 79 17 80 54 76 25 60 8 89 98 27 69 91 33 1 5 97 96 31 21 22 24 63 39 50 66 87 0 2 78 7 71 62 44
Coste: -2147483627

GENERACION: 105
Mejor Solucion:  95 81 49 47 83 77 26 37 40 51 84 42 11 34 72 55 43 65 90 88 73 38 15 61 68 64 74 19 85 28 94 3 30 9 41 14 67 12 18 23 92 58 32 82 6 48 20 86 4 10 46 52 93 35 59 56 53 70 57 13 29 99 75 16 45 36 79 17 80 54 76 25 60 8 89 98 27 69 91 33 1 5 97 96 31 21 22 24 63 39 50 66 87 0 2 78 7 71 62 44
Coste: -2147483627

GENERACION: 110
Mejor Solucion:  95 81 49 47 83 77 26 37 40 51 84 42 11 34 72 55 43 65 90 88 73 38 15 61 68 64 74 19 85 28 94 3 30 9 41 14 67 12 18 23 92 58 32 82 6 48 20 86 4 10 46 52 93 35 59 56 53 70 57 13 29 99 75 16 45 36 79 17 80 54 76 25 60 8 89 98 27 69 91 33 1 5 97 96 31 21 22 24 63 39 50 66 87 0 2 78 7 71 62 44
Coste: -2147483627

GENERACION: 115
Mejor Solucion:  95 81 49 47 83 77 26 37 40 51 84 42 11 34 72 55 43 65 90 88 73 38 15 61 68 64 74 19 85 28 94 3 30 9 41 14 67 12 18 23 92 58 32 82 6 48 20 86 4 10 46 52 93 35 59 56 53 70 57 13 29 99 75 16 45 36 79 17 80 54 76 25 60 8 89 98 27 69 91 33 1 5 97 96 31 21 22 24 63 39 50 66 87 0 2 78 7 71 62 44
Coste: -2147483627

GENERACION: 120
Mejor Solucion:  95 81 49 47 83 77 26 37 40 51 84 42 11 34 72 55 43 65 90 88 73 38 15 61 68 64 74 19 85 28 94 3 30 9 41 14 67 12 18 23 92 58 32 82 6 48 20 86 4 10 46 52 93 35 59 56 53 70 57 13 29 99 75 16 45 36 79 17 80 54 76 25 60 8 89 98 27 69 91 33 1 5 97 96 31 21 22 24 63 39 50 66 87 0 2 78 7 71 62 44
Coste: -2147483627

GENERACION: 125
Mejor Solucion:  95 81 49 47 83 77 26 37 40 51 84 42 11 34 72 55 43 65 90 88 73 38 15 61 68 64 74 19 85 28 94 3 30 9 41 14 67 12 18 23 92 58 32 82 6 48 20 86 4 10 46 52 93 35 59 56 53 70 57 13 29 99 75 16 45 36 79 17 80 54 76 25 60 8 89 98 27 69 91 33 1 5 97 96 31 21 22 24 63 39 50 66 87 0 2 78 7 71 62 44
Coste: -2147483627

GENERACION: 130
Mejor Solucion:  95 81 49 47 83 77 26 37 40 51 84 42 11 34 72 55 43 65 90 88 73 38 15 61 68 64 74 19 85 28 94 3 30 9 41 14 67 12 18 23 92 58 32 82 6 48 20 86 4 10 46 52 93 35 59 56 53 70 57 13 29 99 75 16 45 36 79 17 80 54 76 25 60 8 89 98 27 69 91 33 1 5 97 96 31 21 22 24 63 39 50 66 87 0 2 78 7 71 62 44
Coste: -2147483627

GENERACION: 135
Mejor Solucion:  95 81 49 47 83 77 26 37 40 51 84 42 11 34 72 55 43 65 90 88 73 38 15 61 68 64 74 19 85 28 94 3 30 9 41 14 67 12 18 23 92 58 32 82 6 48 20 86 4 10 46 52 93 35 59 56 53 70 57 13 29 99 75 16 45 36 79 17 80 54 76 25 60 8 89 98 27 69 91 33 1 5 97 96 31 21 22 24 63 39 50 66 87 0 2 78 7 71 62 44
Coste: -2147483627

GENERACION: 140
Mejor Solucion:  95 81 49 47 83 77 26 37 40 51 84 42 11 34 72 55 43 65 90 88 73 38 15 61 68 64 74 19 85 28 94 3 30 9 41 14 67 12 18 23 92 58 32 82 6 48 20 86 4 10 46 52 93 35 59 56 53 70 57 13 29 99 75 16 45 36 79 17 80 54 76 25 60 8 89 98 27 69 91 33 1 5 97 96 31 21 22 24 63 39 50 66 87 0 2 78 7 71 62 44
Coste: -2147483627

GENERACION: 145
Mejor Solucion:  95 81 49 47 83 77 26 37 40 51 84 42 11 34 72 55 43 65 90 88 73 38 15 61 68 64 74 19 85 28 94 3 30 9 41 14 67 12 18 23 92 58 32 82 6 48 20 86 4 10 46 52 93 35 59 56 53 70 57 13 29 99 75 16 45 36 79 17 80 54 76 25 60 8 89 98 27 69 91 33 1 5 97 96 31 21 22 24 63 39 50 66 87 0 2 78 7 71 62 44
Coste: -2147483627

GENERACION: 150
Mejor Solucion:  70 16 1 37 83 12 77 74 51 95 81 11 44 61 0 64 80 40 43 65 3 88 84 9 47 33 85 32 86 94 19 75 28 93 97 42 13 46 92 67 5 36 2 45 38 69 56 30 26 17 8 49 58 18 41 22 24 14 54 23 39 66 29 20 72 98 52 48 99 10 91 4 90 89 35 63 25 34 96 79 59 21 50 6 31 71 78 76 53 7 27 82 62 57 15 60 87 55 68 73
Coste: -2147483647

GENERACION: 155
Mejor Solucion:  70 16 1 37 83 12 77 74 51 95 81 11 44 61 0 64 80 40 43 65 3 88 84 9 47 33 85 32 86 94 19 75 28 93 97 42 13 46 92 67 5 36 2 45 38 69 56 30 26 17 8 49 58 18 41 22 24 14 54 23 39 66 29 20 72 98 52 48 99 10 91 4 90 89 35 63 25 34 96 79 59 21 50 6 31 71 78 76 53 7 27 82 62 57 15 60 87 55 68 73
Coste: -2147483647

GENERACION: 160
Mejor Solucion:  70 16 1 37 83 12 77 74 51 95 81 11 44 61 0 64 80 40 43 65 3 88 84 9 47 33 85 32 86 94 19 75 28 93 97 42 13 46 92 67 5 36 2 45 38 69 56 30 26 17 8 49 58 18 41 22 24 14 54 23 39 66 29 20 72 98 52 48 99 10 91 4 90 89 35 63 25 34 96 79 59 21 50 6 31 71 78 76 53 7 27 82 62 57 15 60 87 55 68 73
Coste: -2147483647

GENERACION: 165
Mejor Solucion:  70 16 1 37 83 12 77 74 51 95 81 11 44 61 0 64 80 40 43 65 3 88 84 9 47 33 85 32 86 94 19 75 28 93 97 42 13 46 92 67 5 36 2 45 38 69 56 30 26 17 8 49 58 18 41 22 24 14 54 23 39 66 29 20 72 98 52 48 99 10 91 4 90 89 35 63 25 34 96 79 59 21 50 6 31 71 78 76 53 7 27 82 62 57 15 60 87 55 68 73
Coste: -2147483647

GENERACION: 170
Mejor Solucion:  70 16 1 37 83 12 77 74 51 95 81 11 44 61 0 64 80 40 43 65 3 88 84 9 47 33 85 32 86 94 19 75 28 93 97 42 13 46 92 67 5 36 2 45 38 69 56 30 26 17 8 49 58 18 41 22 24 14 54 23 39 66 29 20 72 98 52 48 99 10 91 4 90 89 35 63 25 34 96 79 59 21 50 6 31 71 78 76 53 7 27 82 62 57 15 60 87 55 68 73
Coste: -2147483647

GENERACION: 175
Mejor Solucion:  70 16 1 37 83 12 77 74 51 95 81 11 44 61 0 64 80 40 43 65 3 88 84 9 47 33 85 32 86 94 19 75 28 93 97 42 13 46 92 67 5 36 2 45 38 69 56 30 26 17 8 49 58 18 41 22 24 14 54 23 39 66 29 20 72 98 52 48 99 10 91 4 90 89 35 63 25 34 96 79 59 21 50 6 31 71 78 76 53 7 27 82 62 57 15 60 87 55 68 73
Coste: -2147483647

GENERACION: 180
Mejor Solucion:  70 16 1 37 83 12 77 74 51 95 81 11 44 61 0 64 80 40 43 65 3 88 84 9 47 33 85 32 86 94 19 75 28 93 97 42 13 46 92 67 5 36 2 45 38 69 56 30 26 17 8 49 58 18 41 22 24 14 54 23 39 66 29 20 72 98 52 48 99 10 91 4 90 89 35 63 25 34 96 79 59 21 50 6 31 71 78 76 53 7 27 82 62 57 15 60 87 55 68 73
Coste: -2147483647

GENERACION: 185
Mejor Solucion:  70 16 1 37 83 12 77 74 51 95 81 11 44 61 0 64 80 40 43 65 3 88 84 9 47 33 85 32 86 94 19 75 28 93 97 42 13 46 92 67 5 36 2 45 38 69 56 30 26 17 8 49 58 18 41 22 24 14 54 23 39 66 29 20 72 98 52 48 99 10 91 4 90 89 35 63 25 34 96 79 59 21 50 6 31 71 78 76 53 7 27 82 62 57 15 60 87 55 68 73
Coste: -2147483647

GENERACION: 190
Mejor Solucion:  70 16 1 37 83 12 77 74 51 95 81 11 44 61 0 64 80 40 43 65 3 88 84 9 47 33 85 32 86 94 19 75 28 93 97 42 13 46 92 67 5 36 2 45 38 69 56 30 26 17 8 49 58 18 41 22 24 14 54 23 39 66 29 20 72 98 52 48 99 10 91 4 90 89 35 63 25 34 96 79 59 21 50 6 31 71 78 76 53 7 27 82 62 57 15 60 87 55 68 73
Coste: -2147483647

GENERACION: 195
Mejor Solucion:  70 16 1 37 83 12 77 74 51 95 81 11 44 61 0 64 80 40 43 65 3 88 84 9 47 33 85 32 86 94 19 75 28 93 97 42 13 46 92 67 5 36 2 45 38 69 56 30 26 17 8 49 58 18 41 22 24 14 54 23 39 66 29 20 72 98 52 48 99 10 91 4 90 89 35 63 25 34 96 79 59 21 50 6 31 71 78 76 53 7 27 82 62 57 15 60 87 55 68 73
Coste: -2147483647

GENERACION: 200
Mejor Solucion:  70 16 1 37 83 12 77 74 51 95 81 11 44 61 0 64 80 40 43 65 3 88 84 9 47 33 85 32 86 94 19 75 28 93 97 42 13 46 92 67 5 36 2 45 38 69 56 30 26 17 8 49 58 18 41 22 24 14 54 23 39 66 29 20 72 98 52 48 99 10 91 4 90 89 35 63 25 34 96 79 59 21 50 6 31 71 78 76 53 7 27 82 62 57 15 60 87 55 68 73
Coste: -2147483647

GENERACION: 205
Mejor Solucion:  70 16 1 37 83 12 77 74 51 95 81 11 44 61 0 64 80 40 43 65 3 88 84 9 47 33 85 32 86 94 19 75 28 93 97 42 13 46 92 67 5 36 2 45 38 69 56 30 26 17 8 49 58 18 41 22 24 14 54 23 39 66 29 20 72 98 52 48 99 10 91 4 90 89 35 63 25 34 96 79 59 21 50 6 31 71 78 76 53 7 27 82 62 57 15 60 87 55 68 73
Coste: -2147483647

GENERACION: 210
Mejor Solucion:  70 16 1 37 83 12 77 74 51 95 81 11 44 61 0 64 80 40 43 65 3 88 84 9 47 33 85 32 86 94 19 75 28 93 97 42 13 46 92 67 5 36 2 45 38 69 56 30 26 17 8 49 58 18 41 22 24 14 54 23 39 66 29 20 72 98 52 48 99 10 91 4 90 89 35 63 25 34 96 79 59 21 50 6 31 71 78 76 53 7 27 82 62 57 15 60 87 55 68 73
Coste: -2147483647

GENERACION: 215
Mejor Solucion:  70 16 1 37 83 12 77 74 51 95 81 11 44 61 0 64 80 40 43 65 3 88 84 9 47 33 85 32 86 94 19 75 28 93 97 42 13 46 92 67 5 36 2 45 38 69 56 30 26 17 8 49 58 18 41 22 24 14 54 23 39 66 29 20 72 98 52 48 99 10 91 4 90 89 35 63 25 34 96 79 59 21 50 6 31 71 78 76 53 7 27 82 62 57 15 60 87 55 68 73
Coste: -2147483647

GENERACION: 220
Mejor Solucion:  70 16 1 37 83 12 77 74 51 95 81 11 44 61 0 64 80 40 43 65 3 88 84 9 47 33 85 32 86 94 19 75 28 93 97 42 13 46 92 67 5 36 2 45 38 69 56 30 26 17 8 49 58 18 41 22 24 14 54 23 39 66 29 20 72 98 52 48 99 10 91 4 90 89 35 63 25 34 96 79 59 21 50 6 31 71 78 76 53 7 27 82 62 57 15 60 87 55 68 73
Coste: -2147483647

GENERACION: 225
Mejor Solucion:  70 16 1 37 83 12 77 74 51 95 81 11 44 61 0 64 80 40 43 65 3 88 84 9 47 33 85 32 86 94 19 75 28 93 97 42 13 46 92 67 5 36 2 45 38 69 56 30 26 17 8 49 58 18 41 22 24 14 54 23 39 66 29 20 72 98 52 48 99 10 91 4 90 89 35 63 25 34 96 79 59 21 50 6 31 71 78 76 53 7 27 82 62 57 15 60 87 55 68 73
Coste: -2147483647

GENERACION: 230
Mejor Solucion:  70 16 1 37 83 12 77 74 51 95 81 11 44 61 0 64 80 40 43 65 3 88 84 9 47 33 85 32 86 94 19 75 28 93 97 42 13 46 92 67 5 36 2 45 38 69 56 30 26 17 8 49 58 18 41 22 24 14 54 23 39 66 29 20 72 98 52 48 99 10 91 4 90 89 35 63 25 34 96 79 59 21 50 6 31 71 78 76 53 7 27 82 62 57 15 60 87 55 68 73
Coste: -2147483647

GENERACION: 235
Mejor Solucion:  70 16 1 37 83 12 77 74 51 95 81 11 44 61 0 64 80 40 43 65 3 88 84 9 47 33 85 32 86 94 19 75 28 93 97 42 13 46 92 67 5 36 2 45 38 69 56 30 26 17 8 49 58 18 41 22 24 14 54 23 39 66 29 20 72 98 52 48 99 10 91 4 90 89 35 63 25 34 96 79 59 21 50 6 31 71 78 76 53 7 27 82 62 57 15 60 87 55 68 73
Coste: -2147483647

GENERACION: 240
Mejor Solucion:  70 16 1 37 83 12 77 74 51 95 81 11 44 61 0 64 80 40 43 65 3 88 84 9 47 33 85 32 86 94 19 75 28 93 97 42 13 46 92 67 5 36 2 45 38 69 56 30 26 17 8 49 58 18 41 22 24 14 54 23 39 66 29 20 72 98 52 48 99 10 91 4 90 89 35 63 25 34 96 79 59 21 50 6 31 71 78 76 53 7 27 82 62 57 15 60 87 55 68 73
Coste: -2147483647

GENERACION: 245
Mejor Solucion:  70 16 1 37 83 12 77 74 51 95 81 11 44 61 0 64 80 40 43 65 3 88 84 9 47 33 85 32 86 94 19 75 28 93 97 42 13 46 92 67 5 36 2 45 38 69 56 30 26 17 8 49 58 18 41 22 24 14 54 23 39 66 29 20 72 98 52 48 99 10 91 4 90 89 35 63 25 34 96 79 59 21 50 6 31 71 78 76 53 7 27 82 62 57 15 60 87 55 68 73
Coste: -2147483647

GENERACION: 250
Mejor Solucion:  70 16 1 37 83 12 77 74 51 95 81 11 44 61 0 64 80 40 43 65 3 88 84 9 47 33 85 32 86 94 19 75 28 93 97 42 13 46 92 67 5 36 2 45 38 69 56 30 26 17 8 49 58 18 41 22 24 14 54 23 39 66 29 20 72 98 52 48 99 10 91 4 90 89 35 63 25 34 96 79 59 21 50 6 31 71 78 76 53 7 27 82 62 57 15 60 87 55 68 73
Coste: -2147483647

GENERACION: 255
Mejor Solucion:  70 16 1 37 83 12 77 74 51 95 81 11 44 61 0 64 80 40 43 65 3 88 84 9 47 33 85 32 86 94 19 75 28 93 97 42 13 46 92 67 5 36 2 45 38 69 56 30 26 17 8 49 58 18 41 22 24 14 54 23 39 66 29 20 72 98 52 48 99 10 91 4 90 89 35 63 25 34 96 79 59 21 50 6 31 71 78 76 53 7 27 82 62 57 15 60 87 55 68 73
Coste: -2147483647

GENERACION: 260
Mejor Solucion:  70 16 1 37 83 12 77 74 51 95 81 11 44 61 0 64 80 40 43 65 3 88 84 9 47 33 85 32 86 94 19 75 28 93 97 42 13 46 92 67 5 36 2 45 38 69 56 30 26 17 8 49 58 18 41 22 24 14 54 23 39 66 29 20 72 98 52 48 99 10 91 4 90 89 35 63 25 34 96 79 59 21 50 6 31 71 78 76 53 7 27 82 62 57 15 60 87 55 68 73
Coste: -2147483647

GENERACION: 265
Mejor Solucion:  70 16 1 37 83 12 77 74 51 95 81 11 44 61 0 64 80 40 43 65 3 88 84 9 47 33 85 32 86 94 19 75 28 93 97 42 13 46 92 67 5 36 2 45 38 69 56 30 26 17 8 49 58 18 41 22 24 14 54 23 39 66 29 20 72 98 52 48 99 10 91 4 90 89 35 63 25 34 96 79 59 21 50 6 31 71 78 76 53 7 27 82 62 57 15 60 87 55 68 73
Coste: -2147483647

GENERACION: 270
Mejor Solucion:  70 16 1 37 83 12 77 74 51 95 81 11 44 61 0 64 80 40 43 65 3 88 84 9 47 33 85 32 86 94 19 75 28 93 97 42 13 46 92 67 5 36 2 45 38 69 56 30 26 17 8 49 58 18 41 22 24 14 54 23 39 66 29 20 72 98 52 48 99 10 91 4 90 89 35 63 25 34 96 79 59 21 50 6 31 71 78 76 53 7 27 82 62 57 15 60 87 55 68 73
Coste: -2147483647

GENERACION: 275
Mejor Solucion:  70 16 1 37 83 12 77 74 51 95 81 11 44 61 0 64 80 40 43 65 3 88 84 9 47 33 85 32 86 94 19 75 28 93 97 42 13 46 92 67 5 36 2 45 38 69 56 30 26 17 8 49 58 18 41 22 24 14 54 23 39 66 29 20 72 98 52 48 99 10 91 4 90 89 35 63 25 34 96 79 59 21 50 6 31 71 78 76 53 7 27 82 62 57 15 60 87 55 68 73
Coste: -2147483647

GENERACION: 280
Mejor Solucion:  70 16 1 37 83 12 77 74 51 95 81 11 44 61 0 64 80 40 43 65 3 88 84 9 47 33 85 32 86 94 19 75 28 93 97 42 13 46 92 67 5 36 2 45 38 69 56 30 26 17 8 49 58 18 41 22 24 14 54 23 39 66 29 20 72 98 52 48 99 10 91 4 90 89 35 63 25 34 96 79 59 21 50 6 31 71 78 76 53 7 27 82 62 57 15 60 87 55 68 73
Coste: -2147483647

GENERACION: 285
Mejor Solucion:  70 16 1 37 83 12 77 74 51 95 81 11 44 61 0 64 80 40 43 65 3 88 84 9 47 33 85 32 86 94 19 75 28 93 97 42 13 46 92 67 5 36 2 45 38 69 56 30 26 17 8 49 58 18 41 22 24 14 54 23 39 66 29 20 72 98 52 48 99 10 91 4 90 89 35 63 25 34 96 79 59 21 50 6 31 71 78 76 53 7 27 82 62 57 15 60 87 55 68 73
Coste: -2147483647

GENERACION: 290
Mejor Solucion:  70 16 1 37 83 12 77 74 51 95 81 11 44 61 0 64 80 40 43 65 3 88 84 9 47 33 85 32 86 94 19 75 28 93 97 42 13 46 92 67 5 36 2 45 38 69 56 30 26 17 8 49 58 18 41 22 24 14 54 23 39 66 29 20 72 98 52 48 99 10 91 4 90 89 35 63 25 34 96 79 59 21 50 6 31 71 78 76 53 7 27 82 62 57 15 60 87 55 68 73
Coste: -2147483647

GENERACION: 295
Mejor Solucion:  70 16 1 37 83 12 77 74 51 95 81 11 44 61 0 64 80 40 43 65 3 88 84 9 47 33 85 32 86 94 19 75 28 93 97 42 13 46 92 67 5 36 2 45 38 69 56 30 26 17 8 49 58 18 41 22 24 14 54 23 39 66 29 20 72 98 52 48 99 10 91 4 90 89 35 63 25 34 96 79 59 21 50 6 31 71 78 76 53 7 27 82 62 57 15 60 87 55 68 73
Coste: -2147483647

GENERACION: 300
Mejor Solucion:  70 16 1 37 83 12 77 74 51 95 81 11 44 61 0 64 80 40 43 65 3 88 84 9 47 33 85 32 86 94 19 75 28 93 97 42 13 46 92 67 5 36 2 45 38 69 56 30 26 17 8 49 58 18 41 22 24 14 54 23 39 66 29 20 72 98 52 48 99 10 91 4 90 89 35 63 25 34 96 79 59 21 50 6 31 71 78 76 53 7 27 82 62 57 15 60 87 55 68 73
Coste: -2147483647

GENERACION: 305
Mejor Solucion:  70 16 1 37 83 12 77 74 51 95 81 11 44 61 0 64 80 40 43 65 3 88 84 9 47 33 85 32 86 94 19 75 28 93 97 42 13 46 92 67 5 36 2 45 38 69 56 30 26 17 8 49 58 18 41 22 24 14 54 23 39 66 29 20 72 98 52 48 99 10 91 4 90 89 35 63 25 34 96 79 59 21 50 6 31 71 78 76 53 7 27 82 62 57 15 60 87 55 68 73
Coste: -2147483647

GENERACION: 310
Mejor Solucion:  70 16 1 37 83 12 77 74 51 95 81 11 44 61 0 64 80 40 43 65 3 88 84 9 47 33 85 32 86 94 19 75 28 93 97 42 13 46 92 67 5 36 2 45 38 69 56 30 26 17 8 49 58 18 41 22 24 14 54 23 39 66 29 20 72 98 52 48 99 10 91 4 90 89 35 63 25 34 96 79 59 21 50 6 31 71 78 76 53 7 27 82 62 57 15 60 87 55 68 73
Coste: -2147483647

GENERACION: 315
Mejor Solucion:  70 16 1 37 83 12 77 74 51 95 81 11 44 61 0 64 80 40 43 65 3 88 84 9 47 33 85 32 86 94 19 75 28 93 97 42 13 46 92 67 5 36 2 45 38 69 56 30 26 17 8 49 58 18 41 22 24 14 54 23 39 66 29 20 72 98 52 48 99 10 91 4 90 89 35 63 25 34 96 79 59 21 50 6 31 71 78 76 53 7 27 82 62 57 15 60 87 55 68 73
Coste: -2147483647

GENERACION: 320
Mejor Solucion:  70 16 1 37 83 12 77 74 51 95 81 11 44 61 0 64 80 40 43 65 3 88 84 9 47 33 85 32 86 94 19 75 28 93 97 42 13 46 92 67 5 36 2 45 38 69 56 30 26 17 8 49 58 18 41 22 24 14 54 23 39 66 29 20 72 98 52 48 99 10 91 4 90 89 35 63 25 34 96 79 59 21 50 6 31 71 78 76 53 7 27 82 62 57 15 60 87 55 68 73
Coste: -2147483647

GENERACION: 325
Mejor Solucion:  70 16 1 37 83 12 77 74 51 95 81 11 44 61 0 64 80 40 43 65 3 88 84 9 47 33 85 32 86 94 19 75 28 93 97 42 13 46 92 67 5 36 2 45 38 69 56 30 26 17 8 49 58 18 41 22 24 14 54 23 39 66 29 20 72 98 52 48 99 10 91 4 90 89 35 63 25 34 96 79 59 21 50 6 31 71 78 76 53 7 27 82 62 57 15 60 87 55 68 73
Coste: -2147483647

GENERACION: 330
Mejor Solucion:  70 16 1 37 83 12 77 74 51 95 81 11 44 61 0 64 80 40 43 65 3 88 84 9 47 33 85 32 86 94 19 75 28 93 97 42 13 46 92 67 5 36 2 45 38 69 56 30 26 17 8 49 58 18 41 22 24 14 54 23 39 66 29 20 72 98 52 48 99 10 91 4 90 89 35 63 25 34 96 79 59 21 50 6 31 71 78 76 53 7 27 82 62 57 15 60 87 55 68 73
Coste: -2147483647

GENERACION: 335
Mejor Solucion:  70 16 1 37 83 12 77 74 51 95 81 11 44 61 0 64 80 40 43 65 3 88 84 9 47 33 85 32 86 94 19 75 28 93 97 42 13 46 92 67 5 36 2 45 38 69 56 30 26 17 8 49 58 18 41 22 24 14 54 23 39 66 29 20 72 98 52 48 99 10 91 4 90 89 35 63 25 34 96 79 59 21 50 6 31 71 78 76 53 7 27 82 62 57 15 60 87 55 68 73
Coste: -2147483647

GENERACION: 340
Mejor Solucion:  70 16 1 37 83 12 77 74 51 95 81 11 44 61 0 64 80 40 43 65 3 88 84 9 47 33 85 32 86 94 19 75 28 93 97 42 13 46 92 67 5 36 2 45 38 69 56 30 26 17 8 49 58 18 41 22 24 14 54 23 39 66 29 20 72 98 52 48 99 10 91 4 90 89 35 63 25 34 96 79 59 21 50 6 31 71 78 76 53 7 27 82 62 57 15 60 87 55 68 73
Coste: -2147483647

GENERACION: 345
Mejor Solucion:  70 16 1 37 83 12 77 74 51 95 81 11 44 61 0 64 80 40 43 65 3 88 84 9 47 33 85 32 86 94 19 75 28 93 97 42 13 46 92 67 5 36 2 45 38 69 56 30 26 17 8 49 58 18 41 22 24 14 54 23 39 66 29 20 72 98 52 48 99 10 91 4 90 89 35 63 25 34 96 79 59 21 50 6 31 71 78 76 53 7 27 82 62 57 15 60 87 55 68 73
Coste: -2147483647

GENERACION: 350
Mejor Solucion:  70 16 1 37 83 12 77 74 51 95 81 11 44 61 0 64 80 40 43 65 3 88 84 9 47 33 85 32 86 94 19 75 28 93 97 42 13 46 92 67 5 36 2 45 38 69 56 30 26 17 8 49 58 18 41 22 24 14 54 23 39 66 29 20 72 98 52 48 99 10 91 4 90 89 35 63 25 34 96 79 59 21 50 6 31 71 78 76 53 7 27 82 62 57 15 60 87 55 68 73
Coste: -2147483647

GENERACION: 355
Mejor Solucion:  70 16 1 37 83 12 77 74 51 95 81 11 44 61 0 64 80 40 43 65 3 88 84 9 47 33 85 32 86 94 19 75 28 93 97 42 13 46 92 67 5 36 2 45 38 69 56 30 26 17 8 49 58 18 41 22 24 14 54 23 39 66 29 20 72 98 52 48 99 10 91 4 90 89 35 63 25 34 96 79 59 21 50 6 31 71 78 76 53 7 27 82 62 57 15 60 87 55 68 73
Coste: -2147483647

GENERACION: 360
Mejor Solucion:  70 16 1 37 83 12 77 74 51 95 81 11 44 61 0 64 80 40 43 65 3 88 84 9 47 33 85 32 86 94 19 75 28 93 97 42 13 46 92 67 5 36 2 45 38 69 56 30 26 17 8 49 58 18 41 22 24 14 54 23 39 66 29 20 72 98 52 48 99 10 91 4 90 89 35 63 25 34 96 79 59 21 50 6 31 71 78 76 53 7 27 82 62 57 15 60 87 55 68 73
Coste: -2147483647

GENERACION: 365
Mejor Solucion:  70 16 1 37 83 12 77 74 51 95 81 11 44 61 0 64 80 40 43 65 3 88 84 9 47 33 85 32 86 94 19 75 28 93 97 42 13 46 92 67 5 36 2 45 38 69 56 30 26 17 8 49 58 18 41 22 24 14 54 23 39 66 29 20 72 98 52 48 99 10 91 4 90 89 35 63 25 34 96 79 59 21 50 6 31 71 78 76 53 7 27 82 62 57 15 60 87 55 68 73
Coste: -2147483647

GENERACION: 370
Mejor Solucion:  70 16 1 37 83 12 77 74 51 95 81 11 44 61 0 64 80 40 43 65 3 88 84 9 47 33 85 32 86 94 19 75 28 93 97 42 13 46 92 67 5 36 2 45 38 69 56 30 26 17 8 49 58 18 41 22 24 14 54 23 39 66 29 20 72 98 52 48 99 10 91 4 90 89 35 63 25 34 96 79 59 21 50 6 31 71 78 76 53 7 27 82 62 57 15 60 87 55 68 73
Coste: -2147483647

GENERACION: 375
Mejor Solucion:  70 16 1 37 83 12 77 74 51 95 81 11 44 61 0 64 80 40 43 65 3 88 84 9 47 33 85 32 86 94 19 75 28 93 97 42 13 46 92 67 5 36 2 45 38 69 56 30 26 17 8 49 58 18 41 22 24 14 54 23 39 66 29 20 72 98 52 48 99 10 91 4 90 89 35 63 25 34 96 79 59 21 50 6 31 71 78 76 53 7 27 82 62 57 15 60 87 55 68 73
Coste: -2147483647

GENERACION: 380
Mejor Solucion:  70 16 1 37 83 12 77 74 51 95 81 11 44 61 0 64 80 40 43 65 3 88 84 9 47 33 85 32 86 94 19 75 28 93 97 42 13 46 92 67 5 36 2 45 38 69 56 30 26 17 8 49 58 18 41 22 24 14 54 23 39 66 29 20 72 98 52 48 99 10 91 4 90 89 35 63 25 34 96 79 59 21 50 6 31 71 78 76 53 7 27 82 62 57 15 60 87 55 68 73
Coste: -2147483647

GENERACION: 385
Mejor Solucion:  70 16 1 37 83 12 77 74 51 95 81 11 44 61 0 64 80 40 43 65 3 88 84 9 47 33 85 32 86 94 19 75 28 93 97 42 13 46 92 67 5 36 2 45 38 69 56 30 26 17 8 49 58 18 41 22 24 14 54 23 39 66 29 20 72 98 52 48 99 10 91 4 90 89 35 63 25 34 96 79 59 21 50 6 31 71 78 76 53 7 27 82 62 57 15 60 87 55 68 73
Coste: -2147483647

GENERACION: 390
Mejor Solucion:  70 16 1 37 83 12 77 74 51 95 81 11 44 61 0 64 80 40 43 65 3 88 84 9 47 33 85 32 86 94 19 75 28 93 97 42 13 46 92 67 5 36 2 45 38 69 56 30 26 17 8 49 58 18 41 22 24 14 54 23 39 66 29 20 72 98 52 48 99 10 91 4 90 89 35 63 25 34 96 79 59 21 50 6 31 71 78 76 53 7 27 82 62 57 15 60 87 55 68 73
Coste: -2147483647

GENERACION: 395
Mejor Solucion:  70 16 1 37 83 12 77 74 51 95 81 11 44 61 0 64 80 40 43 65 3 88 84 9 47 33 85 32 86 94 19 75 28 93 97 42 13 46 92 67 5 36 2 45 38 69 56 30 26 17 8 49 58 18 41 22 24 14 54 23 39 66 29 20 72 98 52 48 99 10 91 4 90 89 35 63 25 34 96 79 59 21 50 6 31 71 78 76 53 7 27 82 62 57 15 60 87 55 68 73
Coste: -2147483647

GENERACION: 400
Mejor Solucion:  70 16 1 37 83 12 77 74 51 95 81 11 44 61 0 64 80 40 43 65 3 88 84 9 47 33 85 32 86 94 19 75 28 93 97 42 13 46 92 67 5 36 2 45 38 69 56 30 26 17 8 49 58 18 41 22 24 14 54 23 39 66 29 20 72 98 52 48 99 10 91 4 90 89 35 63 25 34 96 79 59 21 50 6 31 71 78 76 53 7 27 82 62 57 15 60 87 55 68 73
Coste: -2147483647

GENERACION: 405
Mejor Solucion:  70 16 1 37 83 12 77 74 51 95 81 11 44 61 0 64 80 40 43 65 3 88 84 9 47 33 85 32 86 94 19 75 28 93 97 42 13 46 92 67 5 36 2 45 38 69 56 30 26 17 8 49 58 18 41 22 24 14 54 23 39 66 29 20 72 98 52 48 99 10 91 4 90 89 35 63 25 34 96 79 59 21 50 6 31 71 78 76 53 7 27 82 62 57 15 60 87 55 68 73
Coste: -2147483647

GENERACION: 410
Mejor Solucion:  70 16 1 37 83 12 77 74 51 95 81 11 44 61 0 64 80 40 43 65 3 88 84 9 47 33 85 32 86 94 19 75 28 93 97 42 13 46 92 67 5 36 2 45 38 69 56 30 26 17 8 49 58 18 41 22 24 14 54 23 39 66 29 20 72 98 52 48 99 10 91 4 90 89 35 63 25 34 96 79 59 21 50 6 31 71 78 76 53 7 27 82 62 57 15 60 87 55 68 73
Coste: -2147483647

GENERACION: 415
Mejor Solucion:  70 16 1 37 83 12 77 74 51 95 81 11 44 61 0 64 80 40 43 65 3 88 84 9 47 33 85 32 86 94 19 75 28 93 97 42 13 46 92 67 5 36 2 45 38 69 56 30 26 17 8 49 58 18 41 22 24 14 54 23 39 66 29 20 72 98 52 48 99 10 91 4 90 89 35 63 25 34 96 79 59 21 50 6 31 71 78 76 53 7 27 82 62 57 15 60 87 55 68 73
Coste: -2147483647

GENERACION: 420
Mejor Solucion:  70 16 1 37 83 12 77 74 51 95 81 11 44 61 0 64 80 40 43 65 3 88 84 9 47 33 85 32 86 94 19 75 28 93 97 42 13 46 92 67 5 36 2 45 38 69 56 30 26 17 8 49 58 18 41 22 24 14 54 23 39 66 29 20 72 98 52 48 99 10 91 4 90 89 35 63 25 34 96 79 59 21 50 6 31 71 78 76 53 7 27 82 62 57 15 60 87 55 68 73
Coste: -2147483647

GENERACION: 425
Mejor Solucion:  70 16 1 37 83 12 77 74 51 95 81 11 44 61 0 64 80 40 43 65 3 88 84 9 47 33 85 32 86 94 19 75 28 93 97 42 13 46 92 67 5 36 2 45 38 69 56 30 26 17 8 49 58 18 41 22 24 14 54 23 39 66 29 20 72 98 52 48 99 10 91 4 90 89 35 63 25 34 96 79 59 21 50 6 31 71 78 76 53 7 27 82 62 57 15 60 87 55 68 73
Coste: -2147483647

GENERACION: 430
Mejor Solucion:  70 16 1 37 83 12 77 74 51 95 81 11 44 61 0 64 80 40 43 65 3 88 84 9 47 33 85 32 86 94 19 75 28 93 97 42 13 46 92 67 5 36 2 45 38 69 56 30 26 17 8 49 58 18 41 22 24 14 54 23 39 66 29 20 72 98 52 48 99 10 91 4 90 89 35 63 25 34 96 79 59 21 50 6 31 71 78 76 53 7 27 82 62 57 15 60 87 55 68 73
Coste: -2147483647

GENERACION: 435
Mejor Solucion:  70 16 1 37 83 12 77 74 51 95 81 11 44 61 0 64 80 40 43 65 3 88 84 9 47 33 85 32 86 94 19 75 28 93 97 42 13 46 92 67 5 36 2 45 38 69 56 30 26 17 8 49 58 18 41 22 24 14 54 23 39 66 29 20 72 98 52 48 99 10 91 4 90 89 35 63 25 34 96 79 59 21 50 6 31 71 78 76 53 7 27 82 62 57 15 60 87 55 68 73
Coste: -2147483647

GENERACION: 440
Mejor Solucion:  70 16 1 37 83 12 77 74 51 95 81 11 44 61 0 64 80 40 43 65 3 88 84 9 47 33 85 32 86 94 19 75 28 93 97 42 13 46 92 67 5 36 2 45 38 69 56 30 26 17 8 49 58 18 41 22 24 14 54 23 39 66 29 20 72 98 52 48 99 10 91 4 90 89 35 63 25 34 96 79 59 21 50 6 31 71 78 76 53 7 27 82 62 57 15 60 87 55 68 73
Coste: -2147483647

GENERACION: 445
Mejor Solucion:  70 16 1 37 83 12 77 74 51 95 81 11 44 61 0 64 80 40 43 65 3 88 84 9 47 33 85 32 86 94 19 75 28 93 97 42 13 46 92 67 5 36 2 45 38 69 56 30 26 17 8 49 58 18 41 22 24 14 54 23 39 66 29 20 72 98 52 48 99 10 91 4 90 89 35 63 25 34 96 79 59 21 50 6 31 71 78 76 53 7 27 82 62 57 15 60 87 55 68 73
Coste: -2147483647

GENERACION: 450
Mejor Solucion:  70 16 1 37 83 12 77 74 51 95 81 11 44 61 0 64 80 40 43 65 3 88 84 9 47 33 85 32 86 94 19 75 28 93 97 42 13 46 92 67 5 36 2 45 38 69 56 30 26 17 8 49 58 18 41 22 24 14 54 23 39 66 29 20 72 98 52 48 99 10 91 4 90 89 35 63 25 34 96 79 59 21 50 6 31 71 78 76 53 7 27 82 62 57 15 60 87 55 68 73
Coste: -2147483647

GENERACION: 455
Mejor Solucion:  70 16 1 37 83 12 77 74 51 95 81 11 44 61 0 64 80 40 43 65 3 88 84 9 47 33 85 32 86 94 19 75 28 93 97 42 13 46 92 67 5 36 2 45 38 69 56 30 26 17 8 49 58 18 41 22 24 14 54 23 39 66 29 20 72 98 52 48 99 10 91 4 90 89 35 63 25 34 96 79 59 21 50 6 31 71 78 76 53 7 27 82 62 57 15 60 87 55 68 73
Coste: -2147483647

GENERACION: 460
Mejor Solucion:  70 16 1 37 83 12 77 74 51 95 81 11 44 61 0 64 80 40 43 65 3 88 84 9 47 33 85 32 86 94 19 75 28 93 97 42 13 46 92 67 5 36 2 45 38 69 56 30 26 17 8 49 58 18 41 22 24 14 54 23 39 66 29 20 72 98 52 48 99 10 91 4 90 89 35 63 25 34 96 79 59 21 50 6 31 71 78 76 53 7 27 82 62 57 15 60 87 55 68 73
Coste: -2147483647

GENERACION: 465
Mejor Solucion:  70 16 1 37 83 12 77 74 51 95 81 11 44 61 0 64 80 40 43 65 3 88 84 9 47 33 85 32 86 94 19 75 28 93 97 42 13 46 92 67 5 36 2 45 38 69 56 30 26 17 8 49 58 18 41 22 24 14 54 23 39 66 29 20 72 98 52 48 99 10 91 4 90 89 35 63 25 34 96 79 59 21 50 6 31 71 78 76 53 7 27 82 62 57 15 60 87 55 68 73
Coste: -2147483647

GENERACION: 470
Mejor Solucion:  70 16 1 37 83 12 77 74 51 95 81 11 44 61 0 64 80 40 43 65 3 88 84 9 47 33 85 32 86 94 19 75 28 93 97 42 13 46 92 67 5 36 2 45 38 69 56 30 26 17 8 49 58 18 41 22 24 14 54 23 39 66 29 20 72 98 52 48 99 10 91 4 90 89 35 63 25 34 96 79 59 21 50 6 31 71 78 76 53 7 27 82 62 57 15 60 87 55 68 73
Coste: -2147483647

GENERACION: 475
Mejor Solucion:  70 16 1 37 83 12 77 74 51 95 81 11 44 61 0 64 80 40 43 65 3 88 84 9 47 33 85 32 86 94 19 75 28 93 97 42 13 46 92 67 5 36 2 45 38 69 56 30 26 17 8 49 58 18 41 22 24 14 54 23 39 66 29 20 72 98 52 48 99 10 91 4 90 89 35 63 25 34 96 79 59 21 50 6 31 71 78 76 53 7 27 82 62 57 15 60 87 55 68 73
Coste: -2147483647

GENERACION: 480
Mejor Solucion:  70 16 1 37 83 12 77 74 51 95 81 11 44 61 0 64 80 40 43 65 3 88 84 9 47 33 85 32 86 94 19 75 28 93 97 42 13 46 92 67 5 36 2 45 38 69 56 30 26 17 8 49 58 18 41 22 24 14 54 23 39 66 29 20 72 98 52 48 99 10 91 4 90 89 35 63 25 34 96 79 59 21 50 6 31 71 78 76 53 7 27 82 62 57 15 60 87 55 68 73
Coste: -2147483647

GENERACION: 485
Mejor Solucion:  70 16 1 37 83 12 77 74 51 95 81 11 44 61 0 64 80 40 43 65 3 88 84 9 47 33 85 32 86 94 19 75 28 93 97 42 13 46 92 67 5 36 2 45 38 69 56 30 26 17 8 49 58 18 41 22 24 14 54 23 39 66 29 20 72 98 52 48 99 10 91 4 90 89 35 63 25 34 96 79 59 21 50 6 31 71 78 76 53 7 27 82 62 57 15 60 87 55 68 73
Coste: -2147483647

GENERACION: 490
Mejor Solucion:  70 16 1 37 83 12 77 74 51 95 81 11 44 61 0 64 80 40 43 65 3 88 84 9 47 33 85 32 86 94 19 75 28 93 97 42 13 46 92 67 5 36 2 45 38 69 56 30 26 17 8 49 58 18 41 22 24 14 54 23 39 66 29 20 72 98 52 48 99 10 91 4 90 89 35 63 25 34 96 79 59 21 50 6 31 71 78 76 53 7 27 82 62 57 15 60 87 55 68 73
Coste: -2147483647

GENERACION: 495
Mejor Solucion:  70 16 1 37 83 12 77 74 51 95 81 11 44 61 0 64 80 40 43 65 3 88 84 9 47 33 85 32 86 94 19 75 28 93 97 42 13 46 92 67 5 36 2 45 38 69 56 30 26 17 8 49 58 18 41 22 24 14 54 23 39 66 29 20 72 98 52 48 99 10 91 4 90 89 35 63 25 34 96 79 59 21 50 6 31 71 78 76 53 7 27 82 62 57 15 60 87 55 68 73
Coste: -2147483647

GENERACION: 500
Mejor Solucion:  70 16 1 37 83 12 77 74 51 95 81 11 44 61 0 64 80 40 43 65 3 88 84 9 47 33 85 32 86 94 19 75 28 93 97 42 13 46 92 67 5 36 2 45 38 69 56 30 26 17 8 49 58 18 41 22 24 14 54 23 39 66 29 20 72 98 52 48 99 10 91 4 90 89 35 63 25 34 96 79 59 21 50 6 31 71 78 76 53 7 27 82 62 57 15 60 87 55 68 73
Coste: -2147483647

GENERACION: 505
Mejor Solucion:  70 16 1 37 83 12 77 74 51 95 81 11 44 61 0 64 80 40 43 65 3 88 84 9 47 33 85 32 86 94 19 75 28 93 97 42 13 46 92 67 5 36 2 45 38 69 56 30 26 17 8 49 58 18 41 22 24 14 54 23 39 66 29 20 72 98 52 48 99 10 91 4 90 89 35 63 25 34 96 79 59 21 50 6 31 71 78 76 53 7 27 82 62 57 15 60 87 55 68 73
Coste: -2147483647

GENERACION: 510
Mejor Solucion:  70 16 1 37 83 12 77 74 51 95 81 11 44 61 0 64 80 40 43 65 3 88 84 9 47 33 85 32 86 94 19 75 28 93 97 42 13 46 92 67 5 36 2 45 38 69 56 30 26 17 8 49 58 18 41 22 24 14 54 23 39 66 29 20 72 98 52 48 99 10 91 4 90 89 35 63 25 34 96 79 59 21 50 6 31 71 78 76 53 7 27 82 62 57 15 60 87 55 68 73
Coste: -2147483647

GENERACION: 515
Mejor Solucion:  70 16 1 37 83 12 77 74 51 95 81 11 44 61 0 64 80 40 43 65 3 88 84 9 47 33 85 32 86 94 19 75 28 93 97 42 13 46 92 67 5 36 2 45 38 69 56 30 26 17 8 49 58 18 41 22 24 14 54 23 39 66 29 20 72 98 52 48 99 10 91 4 90 89 35 63 25 34 96 79 59 21 50 6 31 71 78 76 53 7 27 82 62 57 15 60 87 55 68 73
Coste: -2147483647

GENERACION: 520
Mejor Solucion:  70 16 1 37 83 12 77 74 51 95 81 11 44 61 0 64 80 40 43 65 3 88 84 9 47 33 85 32 86 94 19 75 28 93 97 42 13 46 92 67 5 36 2 45 38 69 56 30 26 17 8 49 58 18 41 22 24 14 54 23 39 66 29 20 72 98 52 48 99 10 91 4 90 89 35 63 25 34 96 79 59 21 50 6 31 71 78 76 53 7 27 82 62 57 15 60 87 55 68 73
Coste: -2147483647

GENERACION: 525
Mejor Solucion:  70 16 1 37 83 12 77 74 51 95 81 11 44 61 0 64 80 40 43 65 3 88 84 9 47 33 85 32 86 94 19 75 28 93 97 42 13 46 92 67 5 36 2 45 38 69 56 30 26 17 8 49 58 18 41 22 24 14 54 23 39 66 29 20 72 98 52 48 99 10 91 4 90 89 35 63 25 34 96 79 59 21 50 6 31 71 78 76 53 7 27 82 62 57 15 60 87 55 68 73
Coste: -2147483647

GENERACION: 530
Mejor Solucion:  70 16 1 37 83 12 77 74 51 95 81 11 44 61 0 64 80 40 43 65 3 88 84 9 47 33 85 32 86 94 19 75 28 93 97 42 13 46 92 67 5 36 2 45 38 69 56 30 26 17 8 49 58 18 41 22 24 14 54 23 39 66 29 20 72 98 52 48 99 10 91 4 90 89 35 63 25 34 96 79 59 21 50 6 31 71 78 76 53 7 27 82 62 57 15 60 87 55 68 73
Coste: -2147483647

GENERACION: 535
Mejor Solucion:  70 16 1 37 83 12 77 74 51 95 81 11 44 61 0 64 80 40 43 65 3 88 84 9 47 33 85 32 86 94 19 75 28 93 97 42 13 46 92 67 5 36 2 45 38 69 56 30 26 17 8 49 58 18 41 22 24 14 54 23 39 66 29 20 72 98 52 48 99 10 91 4 90 89 35 63 25 34 96 79 59 21 50 6 31 71 78 76 53 7 27 82 62 57 15 60 87 55 68 73
Coste: -2147483647

GENERACION: 540
Mejor Solucion:  70 16 1 37 83 12 77 74 51 95 81 11 44 61 0 64 80 40 43 65 3 88 84 9 47 33 85 32 86 94 19 75 28 93 97 42 13 46 92 67 5 36 2 45 38 69 56 30 26 17 8 49 58 18 41 22 24 14 54 23 39 66 29 20 72 98 52 48 99 10 91 4 90 89 35 63 25 34 96 79 59 21 50 6 31 71 78 76 53 7 27 82 62 57 15 60 87 55 68 73
Coste: -2147483647

GENERACION: 545
Mejor Solucion:  70 16 1 37 83 12 77 74 51 95 81 11 44 61 0 64 80 40 43 65 3 88 84 9 47 33 85 32 86 94 19 75 28 93 97 42 13 46 92 67 5 36 2 45 38 69 56 30 26 17 8 49 58 18 41 22 24 14 54 23 39 66 29 20 72 98 52 48 99 10 91 4 90 89 35 63 25 34 96 79 59 21 50 6 31 71 78 76 53 7 27 82 62 57 15 60 87 55 68 73
Coste: -2147483647

GENERACION: 550
Mejor Solucion:  70 16 1 37 83 12 77 74 51 95 81 11 44 61 0 64 80 40 43 65 3 88 84 9 47 33 85 32 86 94 19 75 28 93 97 42 13 46 92 67 5 36 2 45 38 69 56 30 26 17 8 49 58 18 41 22 24 14 54 23 39 66 29 20 72 98 52 48 99 10 91 4 90 89 35 63 25 34 96 79 59 21 50 6 31 71 78 76 53 7 27 82 62 57 15 60 87 55 68 73
Coste: -2147483647

GENERACION: 555
Mejor Solucion:  70 16 1 37 83 12 77 74 51 95 81 11 44 61 0 64 80 40 43 65 3 88 84 9 47 33 85 32 86 94 19 75 28 93 97 42 13 46 92 67 5 36 2 45 38 69 56 30 26 17 8 49 58 18 41 22 24 14 54 23 39 66 29 20 72 98 52 48 99 10 91 4 90 89 35 63 25 34 96 79 59 21 50 6 31 71 78 76 53 7 27 82 62 57 15 60 87 55 68 73
Coste: -2147483647

GENERACION: 560
Mejor Solucion:  70 16 1 37 83 12 77 74 51 95 81 11 44 61 0 64 80 40 43 65 3 88 84 9 47 33 85 32 86 94 19 75 28 93 97 42 13 46 92 67 5 36 2 45 38 69 56 30 26 17 8 49 58 18 41 22 24 14 54 23 39 66 29 20 72 98 52 48 99 10 91 4 90 89 35 63 25 34 96 79 59 21 50 6 31 71 78 76 53 7 27 82 62 57 15 60 87 55 68 73
Coste: -2147483647

GENERACION: 565
Mejor Solucion:  70 16 1 37 83 12 77 74 51 95 81 11 44 61 0 64 80 40 43 65 3 88 84 9 47 33 85 32 86 94 19 75 28 93 97 42 13 46 92 67 5 36 2 45 38 69 56 30 26 17 8 49 58 18 41 22 24 14 54 23 39 66 29 20 72 98 52 48 99 10 91 4 90 89 35 63 25 34 96 79 59 21 50 6 31 71 78 76 53 7 27 82 62 57 15 60 87 55 68 73
Coste: -2147483647

GENERACION: 570
Mejor Solucion:  70 16 1 37 83 12 77 74 51 95 81 11 44 61 0 64 80 40 43 65 3 88 84 9 47 33 85 32 86 94 19 75 28 93 97 42 13 46 92 67 5 36 2 45 38 69 56 30 26 17 8 49 58 18 41 22 24 14 54 23 39 66 29 20 72 98 52 48 99 10 91 4 90 89 35 63 25 34 96 79 59 21 50 6 31 71 78 76 53 7 27 82 62 57 15 60 87 55 68 73
Coste: -2147483647

GENERACION: 575
Mejor Solucion:  70 16 1 37 83 12 77 74 51 95 81 11 44 61 0 64 80 40 43 65 3 88 84 9 47 33 85 32 86 94 19 75 28 93 97 42 13 46 92 67 5 36 2 45 38 69 56 30 26 17 8 49 58 18 41 22 24 14 54 23 39 66 29 20 72 98 52 48 99 10 91 4 90 89 35 63 25 34 96 79 59 21 50 6 31 71 78 76 53 7 27 82 62 57 15 60 87 55 68 73
Coste: -2147483647

GENERACION: 580
Mejor Solucion:  70 16 1 37 83 12 77 74 51 95 81 11 44 61 0 64 80 40 43 65 3 88 84 9 47 33 85 32 86 94 19 75 28 93 97 42 13 46 92 67 5 36 2 45 38 69 56 30 26 17 8 49 58 18 41 22 24 14 54 23 39 66 29 20 72 98 52 48 99 10 91 4 90 89 35 63 25 34 96 79 59 21 50 6 31 71 78 76 53 7 27 82 62 57 15 60 87 55 68 73
Coste: -2147483647

GENERACION: 585
Mejor Solucion:  70 16 1 37 83 12 77 74 51 95 81 11 44 61 0 64 80 40 43 65 3 88 84 9 47 33 85 32 86 94 19 75 28 93 97 42 13 46 92 67 5 36 2 45 38 69 56 30 26 17 8 49 58 18 41 22 24 14 54 23 39 66 29 20 72 98 52 48 99 10 91 4 90 89 35 63 25 34 96 79 59 21 50 6 31 71 78 76 53 7 27 82 62 57 15 60 87 55 68 73
Coste: -2147483647

GENERACION: 590
Mejor Solucion:  70 16 1 37 83 12 77 74 51 95 81 11 44 61 0 64 80 40 43 65 3 88 84 9 47 33 85 32 86 94 19 75 28 93 97 42 13 46 92 67 5 36 2 45 38 69 56 30 26 17 8 49 58 18 41 22 24 14 54 23 39 66 29 20 72 98 52 48 99 10 91 4 90 89 35 63 25 34 96 79 59 21 50 6 31 71 78 76 53 7 27 82 62 57 15 60 87 55 68 73
Coste: -2147483647

GENERACION: 595
Mejor Solucion:  70 16 1 37 83 12 77 74 51 95 81 11 44 61 0 64 80 40 43 65 3 88 84 9 47 33 85 32 86 94 19 75 28 93 97 42 13 46 92 67 5 36 2 45 38 69 56 30 26 17 8 49 58 18 41 22 24 14 54 23 39 66 29 20 72 98 52 48 99 10 91 4 90 89 35 63 25 34 96 79 59 21 50 6 31 71 78 76 53 7 27 82 62 57 15 60 87 55 68 73
Coste: -2147483647

GENERACION: 600
Mejor Solucion:  70 16 1 37 83 12 77 74 51 95 81 11 44 61 0 64 80 40 43 65 3 88 84 9 47 33 85 32 86 94 19 75 28 93 97 42 13 46 92 67 5 36 2 45 38 69 56 30 26 17 8 49 58 18 41 22 24 14 54 23 39 66 29 20 72 98 52 48 99 10 91 4 90 89 35 63 25 34 96 79 59 21 50 6 31 71 78 76 53 7 27 82 62 57 15 60 87 55 68 73
Coste: -2147483647

GENERACION: 605
Mejor Solucion:  70 16 1 37 83 12 77 74 51 95 81 11 44 61 0 64 80 40 43 65 3 88 84 9 47 33 85 32 86 94 19 75 28 93 97 42 13 46 92 67 5 36 2 45 38 69 56 30 26 17 8 49 58 18 41 22 24 14 54 23 39 66 29 20 72 98 52 48 99 10 91 4 90 89 35 63 25 34 96 79 59 21 50 6 31 71 78 76 53 7 27 82 62 57 15 60 87 55 68 73
Coste: -2147483647

GENERACION: 610
Mejor Solucion:  70 16 1 37 83 12 77 74 51 95 81 11 44 61 0 64 80 40 43 65 3 88 84 9 47 33 85 32 86 94 19 75 28 93 97 42 13 46 92 67 5 36 2 45 38 69 56 30 26 17 8 49 58 18 41 22 24 14 54 23 39 66 29 20 72 98 52 48 99 10 91 4 90 89 35 63 25 34 96 79 59 21 50 6 31 71 78 76 53 7 27 82 62 57 15 60 87 55 68 73
Coste: -2147483647

GENERACION: 615
Mejor Solucion:  70 16 1 37 83 12 77 74 51 95 81 11 44 61 0 64 80 40 43 65 3 88 84 9 47 33 85 32 86 94 19 75 28 93 97 42 13 46 92 67 5 36 2 45 38 69 56 30 26 17 8 49 58 18 41 22 24 14 54 23 39 66 29 20 72 98 52 48 99 10 91 4 90 89 35 63 25 34 96 79 59 21 50 6 31 71 78 76 53 7 27 82 62 57 15 60 87 55 68 73
Coste: -2147483647

GENERACION: 620
Mejor Solucion:  70 16 1 37 83 12 77 74 51 95 81 11 44 61 0 64 80 40 43 65 3 88 84 9 47 33 85 32 86 94 19 75 28 93 97 42 13 46 92 67 5 36 2 45 38 69 56 30 26 17 8 49 58 18 41 22 24 14 54 23 39 66 29 20 72 98 52 48 99 10 91 4 90 89 35 63 25 34 96 79 59 21 50 6 31 71 78 76 53 7 27 82 62 57 15 60 87 55 68 73
Coste: -2147483647

GENERACION: 625
Mejor Solucion:  70 16 1 37 83 12 77 74 51 95 81 11 44 61 0 64 80 40 43 65 3 88 84 9 47 33 85 32 86 94 19 75 28 93 97 42 13 46 92 67 5 36 2 45 38 69 56 30 26 17 8 49 58 18 41 22 24 14 54 23 39 66 29 20 72 98 52 48 99 10 91 4 90 89 35 63 25 34 96 79 59 21 50 6 31 71 78 76 53 7 27 82 62 57 15 60 87 55 68 73
Coste: -2147483647

GENERACION: 630
Mejor Solucion:  70 16 1 37 83 12 77 74 51 95 81 11 44 61 0 64 80 40 43 65 3 88 84 9 47 33 85 32 86 94 19 75 28 93 97 42 13 46 92 67 5 36 2 45 38 69 56 30 26 17 8 49 58 18 41 22 24 14 54 23 39 66 29 20 72 98 52 48 99 10 91 4 90 89 35 63 25 34 96 79 59 21 50 6 31 71 78 76 53 7 27 82 62 57 15 60 87 55 68 73
Coste: -2147483647

GENERACION: 635
Mejor Solucion:  70 16 1 37 83 12 77 74 51 95 81 11 44 61 0 64 80 40 43 65 3 88 84 9 47 33 85 32 86 94 19 75 28 93 97 42 13 46 92 67 5 36 2 45 38 69 56 30 26 17 8 49 58 18 41 22 24 14 54 23 39 66 29 20 72 98 52 48 99 10 91 4 90 89 35 63 25 34 96 79 59 21 50 6 31 71 78 76 53 7 27 82 62 57 15 60 87 55 68 73
Coste: -2147483647

GENERACION: 640
Mejor Solucion:  70 16 1 37 83 12 77 74 51 95 81 11 44 61 0 64 80 40 43 65 3 88 84 9 47 33 85 32 86 94 19 75 28 93 97 42 13 46 92 67 5 36 2 45 38 69 56 30 26 17 8 49 58 18 41 22 24 14 54 23 39 66 29 20 72 98 52 48 99 10 91 4 90 89 35 63 25 34 96 79 59 21 50 6 31 71 78 76 53 7 27 82 62 57 15 60 87 55 68 73
Coste: -2147483647

GENERACION: 645
Mejor Solucion:  70 16 1 37 83 12 77 74 51 95 81 11 44 61 0 64 80 40 43 65 3 88 84 9 47 33 85 32 86 94 19 75 28 93 97 42 13 46 92 67 5 36 2 45 38 69 56 30 26 17 8 49 58 18 41 22 24 14 54 23 39 66 29 20 72 98 52 48 99 10 91 4 90 89 35 63 25 34 96 79 59 21 50 6 31 71 78 76 53 7 27 82 62 57 15 60 87 55 68 73
Coste: -2147483647

GENERACION: 650
Mejor Solucion:  70 16 1 37 83 12 77 74 51 95 81 11 44 61 0 64 80 40 43 65 3 88 84 9 47 33 85 32 86 94 19 75 28 93 97 42 13 46 92 67 5 36 2 45 38 69 56 30 26 17 8 49 58 18 41 22 24 14 54 23 39 66 29 20 72 98 52 48 99 10 91 4 90 89 35 63 25 34 96 79 59 21 50 6 31 71 78 76 53 7 27 82 62 57 15 60 87 55 68 73
Coste: -2147483647

GENERACION: 655
Mejor Solucion:  70 16 1 37 83 12 77 74 51 95 81 11 44 61 0 64 80 40 43 65 3 88 84 9 47 33 85 32 86 94 19 75 28 93 97 42 13 46 92 67 5 36 2 45 38 69 56 30 26 17 8 49 58 18 41 22 24 14 54 23 39 66 29 20 72 98 52 48 99 10 91 4 90 89 35 63 25 34 96 79 59 21 50 6 31 71 78 76 53 7 27 82 62 57 15 60 87 55 68 73
Coste: -2147483647

GENERACION: 660
Mejor Solucion:  70 16 1 37 83 12 77 74 51 95 81 11 44 61 0 64 80 40 43 65 3 88 84 9 47 33 85 32 86 94 19 75 28 93 97 42 13 46 92 67 5 36 2 45 38 69 56 30 26 17 8 49 58 18 41 22 24 14 54 23 39 66 29 20 72 98 52 48 99 10 91 4 90 89 35 63 25 34 96 79 59 21 50 6 31 71 78 76 53 7 27 82 62 57 15 60 87 55 68 73
Coste: -2147483647

GENERACION: 665
Mejor Solucion:  70 16 1 37 83 12 77 74 51 95 81 11 44 61 0 64 80 40 43 65 3 88 84 9 47 33 85 32 86 94 19 75 28 93 97 42 13 46 92 67 5 36 2 45 38 69 56 30 26 17 8 49 58 18 41 22 24 14 54 23 39 66 29 20 72 98 52 48 99 10 91 4 90 89 35 63 25 34 96 79 59 21 50 6 31 71 78 76 53 7 27 82 62 57 15 60 87 55 68 73
Coste: -2147483647

GENERACION: 670
Mejor Solucion:  70 16 1 37 83 12 77 74 51 95 81 11 44 61 0 64 80 40 43 65 3 88 84 9 47 33 85 32 86 94 19 75 28 93 97 42 13 46 92 67 5 36 2 45 38 69 56 30 26 17 8 49 58 18 41 22 24 14 54 23 39 66 29 20 72 98 52 48 99 10 91 4 90 89 35 63 25 34 96 79 59 21 50 6 31 71 78 76 53 7 27 82 62 57 15 60 87 55 68 73
Coste: -2147483647

GENERACION: 675
Mejor Solucion:  70 16 1 37 83 12 77 74 51 95 81 11 44 61 0 64 80 40 43 65 3 88 84 9 47 33 85 32 86 94 19 75 28 93 97 42 13 46 92 67 5 36 2 45 38 69 56 30 26 17 8 49 58 18 41 22 24 14 54 23 39 66 29 20 72 98 52 48 99 10 91 4 90 89 35 63 25 34 96 79 59 21 50 6 31 71 78 76 53 7 27 82 62 57 15 60 87 55 68 73
Coste: -2147483647

GENERACION: 680
Mejor Solucion:  70 16 1 37 83 12 77 74 51 95 81 11 44 61 0 64 80 40 43 65 3 88 84 9 47 33 85 32 86 94 19 75 28 93 97 42 13 46 92 67 5 36 2 45 38 69 56 30 26 17 8 49 58 18 41 22 24 14 54 23 39 66 29 20 72 98 52 48 99 10 91 4 90 89 35 63 25 34 96 79 59 21 50 6 31 71 78 76 53 7 27 82 62 57 15 60 87 55 68 73
Coste: -2147483647

GENERACION: 685
Mejor Solucion:  70 16 1 37 83 12 77 74 51 95 81 11 44 61 0 64 80 40 43 65 3 88 84 9 47 33 85 32 86 94 19 75 28 93 97 42 13 46 92 67 5 36 2 45 38 69 56 30 26 17 8 49 58 18 41 22 24 14 54 23 39 66 29 20 72 98 52 48 99 10 91 4 90 89 35 63 25 34 96 79 59 21 50 6 31 71 78 76 53 7 27 82 62 57 15 60 87 55 68 73
Coste: -2147483647

GENERACION: 690
Mejor Solucion:  70 16 1 37 83 12 77 74 51 95 81 11 44 61 0 64 80 40 43 65 3 88 84 9 47 33 85 32 86 94 19 75 28 93 97 42 13 46 92 67 5 36 2 45 38 69 56 30 26 17 8 49 58 18 41 22 24 14 54 23 39 66 29 20 72 98 52 48 99 10 91 4 90 89 35 63 25 34 96 79 59 21 50 6 31 71 78 76 53 7 27 82 62 57 15 60 87 55 68 73
Coste: -2147483647

GENERACION: 695
Mejor Solucion:  70 16 1 37 83 12 77 74 51 95 81 11 44 61 0 64 80 40 43 65 3 88 84 9 47 33 85 32 86 94 19 75 28 93 97 42 13 46 92 67 5 36 2 45 38 69 56 30 26 17 8 49 58 18 41 22 24 14 54 23 39 66 29 20 72 98 52 48 99 10 91 4 90 89 35 63 25 34 96 79 59 21 50 6 31 71 78 76 53 7 27 82 62 57 15 60 87 55 68 73
Coste: -2147483647

GENERACION: 700
Mejor Solucion:  70 16 1 37 83 12 77 74 51 95 81 11 44 61 0 64 80 40 43 65 3 88 84 9 47 33 85 32 86 94 19 75 28 93 97 42 13 46 92 67 5 36 2 45 38 69 56 30 26 17 8 49 58 18 41 22 24 14 54 23 39 66 29 20 72 98 52 48 99 10 91 4 90 89 35 63 25 34 96 79 59 21 50 6 31 71 78 76 53 7 27 82 62 57 15 60 87 55 68 73
Coste: -2147483647

GENERACION: 705
Mejor Solucion:  70 16 1 37 83 12 77 74 51 95 81 11 44 61 0 64 80 40 43 65 3 88 84 9 47 33 85 32 86 94 19 75 28 93 97 42 13 46 92 67 5 36 2 45 38 69 56 30 26 17 8 49 58 18 41 22 24 14 54 23 39 66 29 20 72 98 52 48 99 10 91 4 90 89 35 63 25 34 96 79 59 21 50 6 31 71 78 76 53 7 27 82 62 57 15 60 87 55 68 73
Coste: -2147483647

GENERACION: 710
Mejor Solucion:  70 16 1 37 83 12 77 74 51 95 81 11 44 61 0 64 80 40 43 65 3 88 84 9 47 33 85 32 86 94 19 75 28 93 97 42 13 46 92 67 5 36 2 45 38 69 56 30 26 17 8 49 58 18 41 22 24 14 54 23 39 66 29 20 72 98 52 48 99 10 91 4 90 89 35 63 25 34 96 79 59 21 50 6 31 71 78 76 53 7 27 82 62 57 15 60 87 55 68 73
Coste: -2147483647

GENERACION: 715
Mejor Solucion:  70 16 1 37 83 12 77 74 51 95 81 11 44 61 0 64 80 40 43 65 3 88 84 9 47 33 85 32 86 94 19 75 28 93 97 42 13 46 92 67 5 36 2 45 38 69 56 30 26 17 8 49 58 18 41 22 24 14 54 23 39 66 29 20 72 98 52 48 99 10 91 4 90 89 35 63 25 34 96 79 59 21 50 6 31 71 78 76 53 7 27 82 62 57 15 60 87 55 68 73
Coste: -2147483647

GENERACION: 720
Mejor Solucion:  70 16 1 37 83 12 77 74 51 95 81 11 44 61 0 64 80 40 43 65 3 88 84 9 47 33 85 32 86 94 19 75 28 93 97 42 13 46 92 67 5 36 2 45 38 69 56 30 26 17 8 49 58 18 41 22 24 14 54 23 39 66 29 20 72 98 52 48 99 10 91 4 90 89 35 63 25 34 96 79 59 21 50 6 31 71 78 76 53 7 27 82 62 57 15 60 87 55 68 73
Coste: -2147483647

GENERACION: 725
Mejor Solucion:  70 16 1 37 83 12 77 74 51 95 81 11 44 61 0 64 80 40 43 65 3 88 84 9 47 33 85 32 86 94 19 75 28 93 97 42 13 46 92 67 5 36 2 45 38 69 56 30 26 17 8 49 58 18 41 22 24 14 54 23 39 66 29 20 72 98 52 48 99 10 91 4 90 89 35 63 25 34 96 79 59 21 50 6 31 71 78 76 53 7 27 82 62 57 15 60 87 55 68 73
Coste: -2147483647

GENERACION: 730
Mejor Solucion:  70 16 1 37 83 12 77 74 51 95 81 11 44 61 0 64 80 40 43 65 3 88 84 9 47 33 85 32 86 94 19 75 28 93 97 42 13 46 92 67 5 36 2 45 38 69 56 30 26 17 8 49 58 18 41 22 24 14 54 23 39 66 29 20 72 98 52 48 99 10 91 4 90 89 35 63 25 34 96 79 59 21 50 6 31 71 78 76 53 7 27 82 62 57 15 60 87 55 68 73
Coste: -2147483647

GENERACION: 735
Mejor Solucion:  70 16 1 37 83 12 77 74 51 95 81 11 44 61 0 64 80 40 43 65 3 88 84 9 47 33 85 32 86 94 19 75 28 93 97 42 13 46 92 67 5 36 2 45 38 69 56 30 26 17 8 49 58 18 41 22 24 14 54 23 39 66 29 20 72 98 52 48 99 10 91 4 90 89 35 63 25 34 96 79 59 21 50 6 31 71 78 76 53 7 27 82 62 57 15 60 87 55 68 73
Coste: -2147483647

GENERACION: 740
Mejor Solucion:  70 16 1 37 83 12 77 74 51 95 81 11 44 61 0 64 80 40 43 65 3 88 84 9 47 33 85 32 86 94 19 75 28 93 97 42 13 46 92 67 5 36 2 45 38 69 56 30 26 17 8 49 58 18 41 22 24 14 54 23 39 66 29 20 72 98 52 48 99 10 91 4 90 89 35 63 25 34 96 79 59 21 50 6 31 71 78 76 53 7 27 82 62 57 15 60 87 55 68 73
Coste: -2147483647

GENERACION: 745
Mejor Solucion:  70 16 1 37 83 12 77 74 51 95 81 11 44 61 0 64 80 40 43 65 3 88 84 9 47 33 85 32 86 94 19 75 28 93 97 42 13 46 92 67 5 36 2 45 38 69 56 30 26 17 8 49 58 18 41 22 24 14 54 23 39 66 29 20 72 98 52 48 99 10 91 4 90 89 35 63 25 34 96 79 59 21 50 6 31 71 78 76 53 7 27 82 62 57 15 60 87 55 68 73
Coste: -2147483647

GENERACION: 750
Mejor Solucion:  70 16 1 37 83 12 77 74 51 95 81 11 44 61 0 64 80 40 43 65 3 88 84 9 47 33 85 32 86 94 19 75 28 93 97 42 13 46 92 67 5 36 2 45 38 69 56 30 26 17 8 49 58 18 41 22 24 14 54 23 39 66 29 20 72 98 52 48 99 10 91 4 90 89 35 63 25 34 96 79 59 21 50 6 31 71 78 76 53 7 27 82 62 57 15 60 87 55 68 73
Coste: -2147483647

GENERACION: 755
Mejor Solucion:  70 16 1 37 83 12 77 74 51 95 81 11 44 61 0 64 80 40 43 65 3 88 84 9 47 33 85 32 86 94 19 75 28 93 97 42 13 46 92 67 5 36 2 45 38 69 56 30 26 17 8 49 58 18 41 22 24 14 54 23 39 66 29 20 72 98 52 48 99 10 91 4 90 89 35 63 25 34 96 79 59 21 50 6 31 71 78 76 53 7 27 82 62 57 15 60 87 55 68 73
Coste: -2147483647

GENERACION: 760
Mejor Solucion:  70 16 1 37 83 12 77 74 51 95 81 11 44 61 0 64 80 40 43 65 3 88 84 9 47 33 85 32 86 94 19 75 28 93 97 42 13 46 92 67 5 36 2 45 38 69 56 30 26 17 8 49 58 18 41 22 24 14 54 23 39 66 29 20 72 98 52 48 99 10 91 4 90 89 35 63 25 34 96 79 59 21 50 6 31 71 78 76 53 7 27 82 62 57 15 60 87 55 68 73
Coste: -2147483647

GENERACION: 765
Mejor Solucion:  70 16 1 37 83 12 77 74 51 95 81 11 44 61 0 64 80 40 43 65 3 88 84 9 47 33 85 32 86 94 19 75 28 93 97 42 13 46 92 67 5 36 2 45 38 69 56 30 26 17 8 49 58 18 41 22 24 14 54 23 39 66 29 20 72 98 52 48 99 10 91 4 90 89 35 63 25 34 96 79 59 21 50 6 31 71 78 76 53 7 27 82 62 57 15 60 87 55 68 73
Coste: -2147483647

GENERACION: 770
Mejor Solucion:  70 16 1 37 83 12 77 74 51 95 81 11 44 61 0 64 80 40 43 65 3 88 84 9 47 33 85 32 86 94 19 75 28 93 97 42 13 46 92 67 5 36 2 45 38 69 56 30 26 17 8 49 58 18 41 22 24 14 54 23 39 66 29 20 72 98 52 48 99 10 91 4 90 89 35 63 25 34 96 79 59 21 50 6 31 71 78 76 53 7 27 82 62 57 15 60 87 55 68 73
Coste: -2147483647

GENERACION: 775
Mejor Solucion:  70 16 1 37 83 12 77 74 51 95 81 11 44 61 0 64 80 40 43 65 3 88 84 9 47 33 85 32 86 94 19 75 28 93 97 42 13 46 92 67 5 36 2 45 38 69 56 30 26 17 8 49 58 18 41 22 24 14 54 23 39 66 29 20 72 98 52 48 99 10 91 4 90 89 35 63 25 34 96 79 59 21 50 6 31 71 78 76 53 7 27 82 62 57 15 60 87 55 68 73
Coste: -2147483647

GENERACION: 780
Mejor Solucion:  70 16 1 37 83 12 77 74 51 95 81 11 44 61 0 64 80 40 43 65 3 88 84 9 47 33 85 32 86 94 19 75 28 93 97 42 13 46 92 67 5 36 2 45 38 69 56 30 26 17 8 49 58 18 41 22 24 14 54 23 39 66 29 20 72 98 52 48 99 10 91 4 90 89 35 63 25 34 96 79 59 21 50 6 31 71 78 76 53 7 27 82 62 57 15 60 87 55 68 73
Coste: -2147483647

GENERACION: 785
Mejor Solucion:  70 16 1 37 83 12 77 74 51 95 81 11 44 61 0 64 80 40 43 65 3 88 84 9 47 33 85 32 86 94 19 75 28 93 97 42 13 46 92 67 5 36 2 45 38 69 56 30 26 17 8 49 58 18 41 22 24 14 54 23 39 66 29 20 72 98 52 48 99 10 91 4 90 89 35 63 25 34 96 79 59 21 50 6 31 71 78 76 53 7 27 82 62 57 15 60 87 55 68 73
Coste: -2147483647

GENERACION: 790
Mejor Solucion:  70 16 1 37 83 12 77 74 51 95 81 11 44 61 0 64 80 40 43 65 3 88 84 9 47 33 85 32 86 94 19 75 28 93 97 42 13 46 92 67 5 36 2 45 38 69 56 30 26 17 8 49 58 18 41 22 24 14 54 23 39 66 29 20 72 98 52 48 99 10 91 4 90 89 35 63 25 34 96 79 59 21 50 6 31 71 78 76 53 7 27 82 62 57 15 60 87 55 68 73
Coste: -2147483647

GENERACION: 795
Mejor Solucion:  70 16 1 37 83 12 77 74 51 95 81 11 44 61 0 64 80 40 43 65 3 88 84 9 47 33 85 32 86 94 19 75 28 93 97 42 13 46 92 67 5 36 2 45 38 69 56 30 26 17 8 49 58 18 41 22 24 14 54 23 39 66 29 20 72 98 52 48 99 10 91 4 90 89 35 63 25 34 96 79 59 21 50 6 31 71 78 76 53 7 27 82 62 57 15 60 87 55 68 73
Coste: -2147483647

GENERACION: 800
Mejor Solucion:  70 16 1 37 83 12 77 74 51 95 81 11 44 61 0 64 80 40 43 65 3 88 84 9 47 33 85 32 86 94 19 75 28 93 97 42 13 46 92 67 5 36 2 45 38 69 56 30 26 17 8 49 58 18 41 22 24 14 54 23 39 66 29 20 72 98 52 48 99 10 91 4 90 89 35 63 25 34 96 79 59 21 50 6 31 71 78 76 53 7 27 82 62 57 15 60 87 55 68 73
Coste: -2147483647

GENERACION: 805
Mejor Solucion:  70 16 1 37 83 12 77 74 51 95 81 11 44 61 0 64 80 40 43 65 3 88 84 9 47 33 85 32 86 94 19 75 28 93 97 42 13 46 92 67 5 36 2 45 38 69 56 30 26 17 8 49 58 18 41 22 24 14 54 23 39 66 29 20 72 98 52 48 99 10 91 4 90 89 35 63 25 34 96 79 59 21 50 6 31 71 78 76 53 7 27 82 62 57 15 60 87 55 68 73
Coste: -2147483647

GENERACION: 810
Mejor Solucion:  70 16 1 37 83 12 77 74 51 95 81 11 44 61 0 64 80 40 43 65 3 88 84 9 47 33 85 32 86 94 19 75 28 93 97 42 13 46 92 67 5 36 2 45 38 69 56 30 26 17 8 49 58 18 41 22 24 14 54 23 39 66 29 20 72 98 52 48 99 10 91 4 90 89 35 63 25 34 96 79 59 21 50 6 31 71 78 76 53 7 27 82 62 57 15 60 87 55 68 73
Coste: -2147483647

GENERACION: 815
Mejor Solucion:  70 16 1 37 83 12 77 74 51 95 81 11 44 61 0 64 80 40 43 65 3 88 84 9 47 33 85 32 86 94 19 75 28 93 97 42 13 46 92 67 5 36 2 45 38 69 56 30 26 17 8 49 58 18 41 22 24 14 54 23 39 66 29 20 72 98 52 48 99 10 91 4 90 89 35 63 25 34 96 79 59 21 50 6 31 71 78 76 53 7 27 82 62 57 15 60 87 55 68 73
Coste: -2147483647

GENERACION: 820
Mejor Solucion:  70 16 1 37 83 12 77 74 51 95 81 11 44 61 0 64 80 40 43 65 3 88 84 9 47 33 85 32 86 94 19 75 28 93 97 42 13 46 92 67 5 36 2 45 38 69 56 30 26 17 8 49 58 18 41 22 24 14 54 23 39 66 29 20 72 98 52 48 99 10 91 4 90 89 35 63 25 34 96 79 59 21 50 6 31 71 78 76 53 7 27 82 62 57 15 60 87 55 68 73
Coste: -2147483647

GENERACION: 825
Mejor Solucion:  70 16 1 37 83 12 77 74 51 95 81 11 44 61 0 64 80 40 43 65 3 88 84 9 47 33 85 32 86 94 19 75 28 93 97 42 13 46 92 67 5 36 2 45 38 69 56 30 26 17 8 49 58 18 41 22 24 14 54 23 39 66 29 20 72 98 52 48 99 10 91 4 90 89 35 63 25 34 96 79 59 21 50 6 31 71 78 76 53 7 27 82 62 57 15 60 87 55 68 73
Coste: -2147483647

GENERACION: 830
Mejor Solucion:  70 16 1 37 83 12 77 74 51 95 81 11 44 61 0 64 80 40 43 65 3 88 84 9 47 33 85 32 86 94 19 75 28 93 97 42 13 46 92 67 5 36 2 45 38 69 56 30 26 17 8 49 58 18 41 22 24 14 54 23 39 66 29 20 72 98 52 48 99 10 91 4 90 89 35 63 25 34 96 79 59 21 50 6 31 71 78 76 53 7 27 82 62 57 15 60 87 55 68 73
Coste: -2147483647

GENERACION: 835
Mejor Solucion:  70 16 1 37 83 12 77 74 51 95 81 11 44 61 0 64 80 40 43 65 3 88 84 9 47 33 85 32 86 94 19 75 28 93 97 42 13 46 92 67 5 36 2 45 38 69 56 30 26 17 8 49 58 18 41 22 24 14 54 23 39 66 29 20 72 98 52 48 99 10 91 4 90 89 35 63 25 34 96 79 59 21 50 6 31 71 78 76 53 7 27 82 62 57 15 60 87 55 68 73
Coste: -2147483647

GENERACION: 840
Mejor Solucion:  70 16 1 37 83 12 77 74 51 95 81 11 44 61 0 64 80 40 43 65 3 88 84 9 47 33 85 32 86 94 19 75 28 93 97 42 13 46 92 67 5 36 2 45 38 69 56 30 26 17 8 49 58 18 41 22 24 14 54 23 39 66 29 20 72 98 52 48 99 10 91 4 90 89 35 63 25 34 96 79 59 21 50 6 31 71 78 76 53 7 27 82 62 57 15 60 87 55 68 73
Coste: -2147483647

GENERACION: 845
Mejor Solucion:  70 16 1 37 83 12 77 74 51 95 81 11 44 61 0 64 80 40 43 65 3 88 84 9 47 33 85 32 86 94 19 75 28 93 97 42 13 46 92 67 5 36 2 45 38 69 56 30 26 17 8 49 58 18 41 22 24 14 54 23 39 66 29 20 72 98 52 48 99 10 91 4 90 89 35 63 25 34 96 79 59 21 50 6 31 71 78 76 53 7 27 82 62 57 15 60 87 55 68 73
Coste: -2147483647

GENERACION: 850
Mejor Solucion:  70 16 1 37 83 12 77 74 51 95 81 11 44 61 0 64 80 40 43 65 3 88 84 9 47 33 85 32 86 94 19 75 28 93 97 42 13 46 92 67 5 36 2 45 38 69 56 30 26 17 8 49 58 18 41 22 24 14 54 23 39 66 29 20 72 98 52 48 99 10 91 4 90 89 35 63 25 34 96 79 59 21 50 6 31 71 78 76 53 7 27 82 62 57 15 60 87 55 68 73
Coste: -2147483647

GENERACION: 855
Mejor Solucion:  70 16 1 37 83 12 77 74 51 95 81 11 44 61 0 64 80 40 43 65 3 88 84 9 47 33 85 32 86 94 19 75 28 93 97 42 13 46 92 67 5 36 2 45 38 69 56 30 26 17 8 49 58 18 41 22 24 14 54 23 39 66 29 20 72 98 52 48 99 10 91 4 90 89 35 63 25 34 96 79 59 21 50 6 31 71 78 76 53 7 27 82 62 57 15 60 87 55 68 73
Coste: -2147483647

GENERACION: 860
Mejor Solucion:  70 16 1 37 83 12 77 74 51 95 81 11 44 61 0 64 80 40 43 65 3 88 84 9 47 33 85 32 86 94 19 75 28 93 97 42 13 46 92 67 5 36 2 45 38 69 56 30 26 17 8 49 58 18 41 22 24 14 54 23 39 66 29 20 72 98 52 48 99 10 91 4 90 89 35 63 25 34 96 79 59 21 50 6 31 71 78 76 53 7 27 82 62 57 15 60 87 55 68 73
Coste: -2147483647

GENERACION: 865
Mejor Solucion:  70 16 1 37 83 12 77 74 51 95 81 11 44 61 0 64 80 40 43 65 3 88 84 9 47 33 85 32 86 94 19 75 28 93 97 42 13 46 92 67 5 36 2 45 38 69 56 30 26 17 8 49 58 18 41 22 24 14 54 23 39 66 29 20 72 98 52 48 99 10 91 4 90 89 35 63 25 34 96 79 59 21 50 6 31 71 78 76 53 7 27 82 62 57 15 60 87 55 68 73
Coste: -2147483647

GENERACION: 870
Mejor Solucion:  70 16 1 37 83 12 77 74 51 95 81 11 44 61 0 64 80 40 43 65 3 88 84 9 47 33 85 32 86 94 19 75 28 93 97 42 13 46 92 67 5 36 2 45 38 69 56 30 26 17 8 49 58 18 41 22 24 14 54 23 39 66 29 20 72 98 52 48 99 10 91 4 90 89 35 63 25 34 96 79 59 21 50 6 31 71 78 76 53 7 27 82 62 57 15 60 87 55 68 73
Coste: -2147483647

GENERACION: 875
Mejor Solucion:  70 16 1 37 83 12 77 74 51 95 81 11 44 61 0 64 80 40 43 65 3 88 84 9 47 33 85 32 86 94 19 75 28 93 97 42 13 46 92 67 5 36 2 45 38 69 56 30 26 17 8 49 58 18 41 22 24 14 54 23 39 66 29 20 72 98 52 48 99 10 91 4 90 89 35 63 25 34 96 79 59 21 50 6 31 71 78 76 53 7 27 82 62 57 15 60 87 55 68 73
Coste: -2147483647

GENERACION: 880
Mejor Solucion:  70 16 1 37 83 12 77 74 51 95 81 11 44 61 0 64 80 40 43 65 3 88 84 9 47 33 85 32 86 94 19 75 28 93 97 42 13 46 92 67 5 36 2 45 38 69 56 30 26 17 8 49 58 18 41 22 24 14 54 23 39 66 29 20 72 98 52 48 99 10 91 4 90 89 35 63 25 34 96 79 59 21 50 6 31 71 78 76 53 7 27 82 62 57 15 60 87 55 68 73
Coste: -2147483647

GENERACION: 885
Mejor Solucion:  70 16 1 37 83 12 77 74 51 95 81 11 44 61 0 64 80 40 43 65 3 88 84 9 47 33 85 32 86 94 19 75 28 93 97 42 13 46 92 67 5 36 2 45 38 69 56 30 26 17 8 49 58 18 41 22 24 14 54 23 39 66 29 20 72 98 52 48 99 10 91 4 90 89 35 63 25 34 96 79 59 21 50 6 31 71 78 76 53 7 27 82 62 57 15 60 87 55 68 73
Coste: -2147483647

GENERACION: 890
Mejor Solucion:  70 16 1 37 83 12 77 74 51 95 81 11 44 61 0 64 80 40 43 65 3 88 84 9 47 33 85 32 86 94 19 75 28 93 97 42 13 46 92 67 5 36 2 45 38 69 56 30 26 17 8 49 58 18 41 22 24 14 54 23 39 66 29 20 72 98 52 48 99 10 91 4 90 89 35 63 25 34 96 79 59 21 50 6 31 71 78 76 53 7 27 82 62 57 15 60 87 55 68 73
Coste: -2147483647

GENERACION: 895
Mejor Solucion:  70 16 1 37 83 12 77 74 51 95 81 11 44 61 0 64 80 40 43 65 3 88 84 9 47 33 85 32 86 94 19 75 28 93 97 42 13 46 92 67 5 36 2 45 38 69 56 30 26 17 8 49 58 18 41 22 24 14 54 23 39 66 29 20 72 98 52 48 99 10 91 4 90 89 35 63 25 34 96 79 59 21 50 6 31 71 78 76 53 7 27 82 62 57 15 60 87 55 68 73
Coste: -2147483647

GENERACION: 900
Mejor Solucion:  70 16 1 37 83 12 77 74 51 95 81 11 44 61 0 64 80 40 43 65 3 88 84 9 47 33 85 32 86 94 19 75 28 93 97 42 13 46 92 67 5 36 2 45 38 69 56 30 26 17 8 49 58 18 41 22 24 14 54 23 39 66 29 20 72 98 52 48 99 10 91 4 90 89 35 63 25 34 96 79 59 21 50 6 31 71 78 76 53 7 27 82 62 57 15 60 87 55 68 73
Coste: -2147483647

GENERACION: 905
Mejor Solucion:  70 16 1 37 83 12 77 74 51 95 81 11 44 61 0 64 80 40 43 65 3 88 84 9 47 33 85 32 86 94 19 75 28 93 97 42 13 46 92 67 5 36 2 45 38 69 56 30 26 17 8 49 58 18 41 22 24 14 54 23 39 66 29 20 72 98 52 48 99 10 91 4 90 89 35 63 25 34 96 79 59 21 50 6 31 71 78 76 53 7 27 82 62 57 15 60 87 55 68 73
Coste: -2147483647

GENERACION: 910
Mejor Solucion:  70 16 1 37 83 12 77 74 51 95 81 11 44 61 0 64 80 40 43 65 3 88 84 9 47 33 85 32 86 94 19 75 28 93 97 42 13 46 92 67 5 36 2 45 38 69 56 30 26 17 8 49 58 18 41 22 24 14 54 23 39 66 29 20 72 98 52 48 99 10 91 4 90 89 35 63 25 34 96 79 59 21 50 6 31 71 78 76 53 7 27 82 62 57 15 60 87 55 68 73
Coste: -2147483647

GENERACION: 915
Mejor Solucion:  70 16 1 37 83 12 77 74 51 95 81 11 44 61 0 64 80 40 43 65 3 88 84 9 47 33 85 32 86 94 19 75 28 93 97 42 13 46 92 67 5 36 2 45 38 69 56 30 26 17 8 49 58 18 41 22 24 14 54 23 39 66 29 20 72 98 52 48 99 10 91 4 90 89 35 63 25 34 96 79 59 21 50 6 31 71 78 76 53 7 27 82 62 57 15 60 87 55 68 73
Coste: -2147483647

GENERACION: 920
Mejor Solucion:  70 16 1 37 83 12 77 74 51 95 81 11 44 61 0 64 80 40 43 65 3 88 84 9 47 33 85 32 86 94 19 75 28 93 97 42 13 46 92 67 5 36 2 45 38 69 56 30 26 17 8 49 58 18 41 22 24 14 54 23 39 66 29 20 72 98 52 48 99 10 91 4 90 89 35 63 25 34 96 79 59 21 50 6 31 71 78 76 53 7 27 82 62 57 15 60 87 55 68 73
Coste: -2147483647

GENERACION: 925
Mejor Solucion:  70 16 1 37 83 12 77 74 51 95 81 11 44 61 0 64 80 40 43 65 3 88 84 9 47 33 85 32 86 94 19 75 28 93 97 42 13 46 92 67 5 36 2 45 38 69 56 30 26 17 8 49 58 18 41 22 24 14 54 23 39 66 29 20 72 98 52 48 99 10 91 4 90 89 35 63 25 34 96 79 59 21 50 6 31 71 78 76 53 7 27 82 62 57 15 60 87 55 68 73
Coste: -2147483647

GENERACION: 930
Mejor Solucion:  70 16 1 37 83 12 77 74 51 95 81 11 44 61 0 64 80 40 43 65 3 88 84 9 47 33 85 32 86 94 19 75 28 93 97 42 13 46 92 67 5 36 2 45 38 69 56 30 26 17 8 49 58 18 41 22 24 14 54 23 39 66 29 20 72 98 52 48 99 10 91 4 90 89 35 63 25 34 96 79 59 21 50 6 31 71 78 76 53 7 27 82 62 57 15 60 87 55 68 73
Coste: -2147483647

GENERACION: 935
Mejor Solucion:  70 16 1 37 83 12 77 74 51 95 81 11 44 61 0 64 80 40 43 65 3 88 84 9 47 33 85 32 86 94 19 75 28 93 97 42 13 46 92 67 5 36 2 45 38 69 56 30 26 17 8 49 58 18 41 22 24 14 54 23 39 66 29 20 72 98 52 48 99 10 91 4 90 89 35 63 25 34 96 79 59 21 50 6 31 71 78 76 53 7 27 82 62 57 15 60 87 55 68 73
Coste: -2147483647

GENERACION: 940
Mejor Solucion:  70 16 1 37 83 12 77 74 51 95 81 11 44 61 0 64 80 40 43 65 3 88 84 9 47 33 85 32 86 94 19 75 28 93 97 42 13 46 92 67 5 36 2 45 38 69 56 30 26 17 8 49 58 18 41 22 24 14 54 23 39 66 29 20 72 98 52 48 99 10 91 4 90 89 35 63 25 34 96 79 59 21 50 6 31 71 78 76 53 7 27 82 62 57 15 60 87 55 68 73
Coste: -2147483647

GENERACION: 945
Mejor Solucion:  70 16 1 37 83 12 77 74 51 95 81 11 44 61 0 64 80 40 43 65 3 88 84 9 47 33 85 32 86 94 19 75 28 93 97 42 13 46 92 67 5 36 2 45 38 69 56 30 26 17 8 49 58 18 41 22 24 14 54 23 39 66 29 20 72 98 52 48 99 10 91 4 90 89 35 63 25 34 96 79 59 21 50 6 31 71 78 76 53 7 27 82 62 57 15 60 87 55 68 73
Coste: -2147483647

GENERACION: 950
Mejor Solucion:  70 16 1 37 83 12 77 74 51 95 81 11 44 61 0 64 80 40 43 65 3 88 84 9 47 33 85 32 86 94 19 75 28 93 97 42 13 46 92 67 5 36 2 45 38 69 56 30 26 17 8 49 58 18 41 22 24 14 54 23 39 66 29 20 72 98 52 48 99 10 91 4 90 89 35 63 25 34 96 79 59 21 50 6 31 71 78 76 53 7 27 82 62 57 15 60 87 55 68 73
Coste: -2147483647

GENERACION: 955
Mejor Solucion:  70 16 1 37 83 12 77 74 51 95 81 11 44 61 0 64 80 40 43 65 3 88 84 9 47 33 85 32 86 94 19 75 28 93 97 42 13 46 92 67 5 36 2 45 38 69 56 30 26 17 8 49 58 18 41 22 24 14 54 23 39 66 29 20 72 98 52 48 99 10 91 4 90 89 35 63 25 34 96 79 59 21 50 6 31 71 78 76 53 7 27 82 62 57 15 60 87 55 68 73
Coste: -2147483647

GENERACION: 960
Mejor Solucion:  70 16 1 37 83 12 77 74 51 95 81 11 44 61 0 64 80 40 43 65 3 88 84 9 47 33 85 32 86 94 19 75 28 93 97 42 13 46 92 67 5 36 2 45 38 69 56 30 26 17 8 49 58 18 41 22 24 14 54 23 39 66 29 20 72 98 52 48 99 10 91 4 90 89 35 63 25 34 96 79 59 21 50 6 31 71 78 76 53 7 27 82 62 57 15 60 87 55 68 73
Coste: -2147483647

GENERACION: 965
Mejor Solucion:  70 16 1 37 83 12 77 74 51 95 81 11 44 61 0 64 80 40 43 65 3 88 84 9 47 33 85 32 86 94 19 75 28 93 97 42 13 46 92 67 5 36 2 45 38 69 56 30 26 17 8 49 58 18 41 22 24 14 54 23 39 66 29 20 72 98 52 48 99 10 91 4 90 89 35 63 25 34 96 79 59 21 50 6 31 71 78 76 53 7 27 82 62 57 15 60 87 55 68 73
Coste: -2147483647

GENERACION: 970
Mejor Solucion:  70 16 1 37 83 12 77 74 51 95 81 11 44 61 0 64 80 40 43 65 3 88 84 9 47 33 85 32 86 94 19 75 28 93 97 42 13 46 92 67 5 36 2 45 38 69 56 30 26 17 8 49 58 18 41 22 24 14 54 23 39 66 29 20 72 98 52 48 99 10 91 4 90 89 35 63 25 34 96 79 59 21 50 6 31 71 78 76 53 7 27 82 62 57 15 60 87 55 68 73
Coste: -2147483647

GENERACION: 975
Mejor Solucion:  70 16 1 37 83 12 77 74 51 95 81 11 44 61 0 64 80 40 43 65 3 88 84 9 47 33 85 32 86 94 19 75 28 93 97 42 13 46 92 67 5 36 2 45 38 69 56 30 26 17 8 49 58 18 41 22 24 14 54 23 39 66 29 20 72 98 52 48 99 10 91 4 90 89 35 63 25 34 96 79 59 21 50 6 31 71 78 76 53 7 27 82 62 57 15 60 87 55 68 73
Coste: -2147483647

GENERACION: 980
Mejor Solucion:  70 16 1 37 83 12 77 74 51 95 81 11 44 61 0 64 80 40 43 65 3 88 84 9 47 33 85 32 86 94 19 75 28 93 97 42 13 46 92 67 5 36 2 45 38 69 56 30 26 17 8 49 58 18 41 22 24 14 54 23 39 66 29 20 72 98 52 48 99 10 91 4 90 89 35 63 25 34 96 79 59 21 50 6 31 71 78 76 53 7 27 82 62 57 15 60 87 55 68 73
Coste: -2147483647

GENERACION: 985
Mejor Solucion:  70 16 1 37 83 12 77 74 51 95 81 11 44 61 0 64 80 40 43 65 3 88 84 9 47 33 85 32 86 94 19 75 28 93 97 42 13 46 92 67 5 36 2 45 38 69 56 30 26 17 8 49 58 18 41 22 24 14 54 23 39 66 29 20 72 98 52 48 99 10 91 4 90 89 35 63 25 34 96 79 59 21 50 6 31 71 78 76 53 7 27 82 62 57 15 60 87 55 68 73
Coste: -2147483647

GENERACION: 990
Mejor Solucion:  70 16 1 37 83 12 77 74 51 95 81 11 44 61 0 64 80 40 43 65 3 88 84 9 47 33 85 32 86 94 19 75 28 93 97 42 13 46 92 67 5 36 2 45 38 69 56 30 26 17 8 49 58 18 41 22 24 14 54 23 39 66 29 20 72 98 52 48 99 10 91 4 90 89 35 63 25 34 96 79 59 21 50 6 31 71 78 76 53 7 27 82 62 57 15 60 87 55 68 73
Coste: -2147483647

GENERACION: 995
Mejor Solucion:  70 16 1 37 83 12 77 74 51 95 81 11 44 61 0 64 80 40 43 65 3 88 84 9 47 33 85 32 86 94 19 75 28 93 97 42 13 46 92 67 5 36 2 45 38 69 56 30 26 17 8 49 58 18 41 22 24 14 54 23 39 66 29 20 72 98 52 48 99 10 91 4 90 89 35 63 25 34 96 79 59 21 50 6 31 71 78 76 53 7 27 82 62 57 15 60 87 55 68 73
Coste: -2147483647

GENERACION: 1000
Mejor Solucion:  70 16 1 37 83 12 77 74 51 95 81 11 44 61 0 64 80 40 43 65 3 88 84 9 47 33 85 32 86 94 19 75 28 93 97 42 13 46 92 67 5 36 2 45 38 69 56 30 26 17 8 49 58 18 41 22 24 14 54 23 39 66 29 20 72 98 52 48 99 10 91 4 90 89 35 63 25 34 96 79 59 21 50 6 31 71 78 76 53 7 27 82 62 57 15 60 87 55 68 73
Coste: -2147483647

