GENERACION: 5
Mejor Solucion:  49 88 80 48 91 25 81 76 63 20 30 22 12 73 74 77 60 17 53 14 70 15 56 27 57 85 41 58 37 29 94 87 21 18 7 32 5 64 95 96 51 1 46 65 52 82 93 72 39 11 34 61 28 40 71 0 47 16 97 79 38 44 36 26 68 84 75 2 42 92 89 99 54 83 3 13 98 33 90 8 67 45 19 23 43 31 55 6 35 9 4 50 86 78 69 66 62 59 10 24
Coste: 1667307375

GENERACION: 10
Mejor Solucion:  86 92 33 65 51 37 44 85 49 12 95 94 19 27 35 52 14 40 10 34 57 53 97 9 68 23 74 21 79 77 70 50 54 18 83 5 25 20 0 75 58 76 32 31 22 88 30 29 63 46 38 67 26 7 43 99 72 4 59 6 80 47 78 89 16 87 2 56 36 3 17 73 1 98 28 45 93 84 81 64 69 91 55 39 90 71 60 66 15 41 82 61 62 48 13 11 24 8 96 42
Coste: -2147483269

GENERACION: 15
Mejor Solucion:  86 92 33 65 51 37 44 85 49 12 95 94 19 27 35 52 14 40 10 34 57 53 97 9 68 23 74 21 79 77 70 50 54 18 83 5 25 20 0 75 58 76 32 31 22 88 30 29 63 46 38 67 26 7 43 99 72 4 59 6 80 47 78 89 16 87 2 56 36 3 17 73 1 98 28 45 93 84 81 64 69 91 55 39 90 71 60 66 15 41 82 61 62 48 13 11 24 8 96 42
Coste: -2147483269

GENERACION: 20
Mejor Solucion:  86 37 83 70 79 51 21 74 16 67 11 77 49 24 3 14 26 41 12 31 56 43 15 62 44 17 85 33 73 88 93 4 2 72 47 55 52 92 18 69 89 75 34 10 23 99 36 5 20 48 45 9 57 22 66 61 8 90 53 87 35 25 78 71 6 13 68 38 30 60 32 63 28 19 80 84 42 54 29 40 94 81 65 98 76 64 96 0 82 97 39 46 7 1 59 95 50 27 58 91
Coste: -2147483450

GENERACION: 25
Mejor Solucion:  86 37 83 70 79 51 21 74 16 67 11 77 49 24 3 14 26 41 12 31 56 43 15 62 44 17 85 33 73 88 93 4 2 72 47 55 52 92 18 69 89 75 34 10 23 99 36 5 20 48 45 9 57 22 66 61 8 90 53 87 35 25 78 71 6 13 68 38 30 60 32 63 28 19 80 84 42 54 29 40 94 81 65 98 76 64 96 0 82 97 39 46 7 1 59 95 50 27 58 91
Coste: -2147483450

GENERACION: 30
Mejor Solucion:  80 81 90 18 65 49 51 33 1 70 84 85 37 83 4 12 38 52 32 91 77 26 7 78 93 89 74 94 86 88 73 95 43 58 17 44 79 14 34 2 23 45 24 72 71 67 48 20 76 97 10 9 16 27 59 47 28 29 87 92 61 66 68 56 30 3 69 41 42 13 31 0 8 11 35 21 98 5 15 40 64 82 75 55 36 96 6 39 62 22 63 46 57 50 53 60 54 25 99 19
Coste: -2147483530

GENERACION: 35
Mejor Solucion:  80 81 90 18 65 49 51 33 1 70 84 85 37 83 4 12 38 52 32 91 77 26 7 78 93 89 74 94 86 88 73 95 43 58 17 44 79 14 34 2 23 45 24 72 71 67 48 20 76 97 10 9 16 27 59 47 28 29 87 92 61 66 68 56 30 3 69 41 42 13 31 0 8 11 35 21 98 5 15 40 64 82 75 55 36 96 6 39 62 22 63 46 57 50 53 60 54 25 99 19
Coste: -2147483530

GENERACION: 40
Mejor Solucion:  80 81 90 18 65 49 51 33 1 70 84 85 37 83 4 12 38 52 32 91 77 26 7 78 93 89 74 94 86 88 73 95 43 58 17 44 79 14 34 2 23 45 24 72 71 67 48 20 76 97 10 9 16 27 59 47 28 29 87 92 61 66 68 56 30 3 69 41 42 13 31 0 8 11 35 21 98 5 15 40 64 82 75 55 36 96 6 39 62 22 63 46 57 50 53 60 54 25 99 19
Coste: -2147483530

GENERACION: 45
Mejor Solucion:  80 81 90 18 65 49 51 33 1 70 84 85 37 83 4 12 38 52 32 91 77 26 7 78 93 89 74 94 86 88 73 95 43 58 17 44 79 14 34 2 23 45 24 72 71 67 48 20 76 97 10 9 16 27 59 47 28 29 87 92 61 66 68 56 30 3 69 41 42 13 31 0 8 11 35 21 98 5 15 40 64 82 75 55 36 96 6 39 62 22 63 46 57 50 53 60 54 25 99 19
Coste: -2147483530

GENERACION: 50
Mejor Solucion:  11 86 35 70 42 94 75 74 85 16 80 69 18 5 3 21 65 95 93 14 88 83 45 7 0 38 40 84 37 49 26 78 32 73 44 52 64 57 58 41 50 87 71 92 23 12 67 10 51 76 6 20 68 82 1 28 9 33 30 13 56 34 17 53 91 98 81 77 59 46 63 36 61 60 15 4 29 79 72 2 8 19 31 48 25 97 90 24 89 96 22 55 43 39 54 66 27 62 99 47
Coste: -2147483553

GENERACION: 55
Mejor Solucion:  11 86 35 70 42 94 75 74 85 16 80 69 18 5 3 21 65 95 93 14 88 83 45 7 0 38 40 84 37 49 26 78 32 73 44 52 64 57 58 41 50 87 71 92 23 12 67 10 51 76 6 20 68 82 1 28 9 33 30 13 56 34 17 53 91 98 81 77 59 46 63 36 61 60 15 4 29 79 72 2 8 19 31 48 25 97 90 24 89 96 22 55 43 39 54 66 27 62 99 47
Coste: -2147483553

GENERACION: 60
Mejor Solucion:  37 28 26 40 79 77 42 74 18 83 36 75 14 24 2 16 27 47 10 5 82 98 11 78 9 46 85 19 73 30 88 41 43 49 45 69 21 64 91 94 52 63 3 95 1 84 35 93 34 4 25 51 58 54 7 65 55 31 86 62 20 70 8 61 56 67 22 38 76 87 32 99 72 33 15 44 12 80 90 92 89 29 0 39 50 66 53 13 6 17 23 48 97 96 59 57 71 60 68 81
Coste: -2147483584

GENERACION: 65
Mejor Solucion:  37 28 26 40 79 77 42 74 18 83 36 75 14 24 2 16 27 47 10 5 82 98 11 78 9 46 85 19 73 30 88 41 43 49 45 69 21 64 91 94 52 63 3 95 1 84 35 93 34 4 25 51 58 54 7 65 55 31 86 62 20 70 8 61 56 67 22 38 76 87 32 99 72 33 15 44 12 80 90 92 89 29 0 39 50 66 53 13 6 17 23 48 97 96 59 57 71 60 68 81
Coste: -2147483584

GENERACION: 70
Mejor Solucion:  33 83 42 51 40 77 79 65 37 86 12 81 74 98 80 44 49 63 69 71 7 19 38 13 14 18 85 67 94 70 88 34 76 20 43 75 16 55 87 17 57 25 99 58 3 9 96 41 73 23 22 47 89 68 90 35 5 92 56 11 8 6 61 93 48 24 29 60 21 26 66 10 36 0 64 27 31 84 59 95 91 1 82 32 2 62 53 97 39 78 28 4 45 54 15 72 50 46 52 30
Coste: -2147483588

GENERACION: 75
Mejor Solucion:  33 83 42 51 40 77 79 65 37 86 12 81 74 98 80 44 49 63 69 71 7 19 38 13 14 18 85 67 94 70 88 34 76 20 43 75 16 55 87 17 57 25 99 58 3 9 96 41 73 23 22 47 89 68 90 35 5 92 56 11 8 6 61 93 48 24 29 60 21 26 66 10 36 0 64 27 31 84 59 95 91 1 82 32 2 62 53 97 39 78 28 4 45 54 15 72 50 46 52 30
Coste: -2147483588

GENERACION: 80
Mejor Solucion:  33 83 42 51 40 77 79 65 37 86 12 81 74 98 80 44 49 63 69 71 7 19 38 13 14 18 85 67 94 70 88 34 76 20 43 75 16 55 87 17 57 25 99 58 3 9 96 41 73 23 22 47 89 68 90 35 5 92 56 11 8 6 61 93 48 24 29 60 21 26 66 10 36 0 64 27 31 84 59 95 91 1 82 32 2 62 53 97 39 78 28 4 45 54 15 72 50 46 52 30
Coste: -2147483588

GENERACION: 85
Mejor Solucion:  33 83 42 51 40 77 79 65 37 86 12 81 74 98 80 44 49 63 69 71 7 19 38 13 14 18 85 67 94 70 88 34 76 20 43 75 16 55 87 17 57 25 99 58 3 9 96 41 73 23 22 47 89 68 90 35 5 92 56 11 8 6 61 93 48 24 29 60 21 26 66 10 36 0 64 27 31 84 59 95 91 1 82 32 2 62 53 97 39 78 28 4 45 54 15 72 50 46 52 30
Coste: -2147483588

GENERACION: 90
Mejor Solucion:  33 83 42 51 40 77 79 65 37 86 12 81 74 98 80 44 49 63 69 71 7 19 38 13 14 18 85 67 94 70 88 34 76 20 43 75 16 55 87 17 57 25 99 58 3 9 96 41 73 23 22 47 89 68 90 35 5 92 56 11 8 6 61 93 48 24 29 60 21 26 66 10 36 0 64 27 31 84 59 95 91 1 82 32 2 62 53 97 39 78 28 4 45 54 15 72 50 46 52 30
Coste: -2147483588

GENERACION: 95
Mejor Solucion:  33 83 42 51 40 77 79 65 37 86 12 81 74 98 80 44 49 63 69 71 7 19 38 13 14 18 85 67 94 70 88 34 76 20 43 75 16 55 87 17 57 25 99 58 3 9 96 41 73 23 22 47 89 68 90 35 5 92 56 11 8 6 61 93 48 24 29 60 21 26 66 10 36 0 64 27 31 84 59 95 91 1 82 32 2 62 53 97 39 78 28 4 45 54 15 72 50 46 52 30
Coste: -2147483588

GENERACION: 100
Mejor Solucion:  33 83 42 51 40 77 79 65 37 86 12 81 74 98 80 44 49 63 69 71 7 19 38 13 14 18 85 67 94 70 88 34 76 20 43 75 16 55 87 17 57 25 99 58 3 9 96 41 73 23 22 47 89 68 90 35 5 92 56 11 8 6 61 93 48 24 29 60 21 26 66 10 36 0 64 27 31 84 59 95 91 1 82 32 2 62 53 97 39 78 28 4 45 54 15 72 50 46 52 30
Coste: -2147483588

GENERACION: 105
Mejor Solucion:  33 83 42 51 40 77 79 65 37 86 12 81 74 98 80 44 49 63 69 71 7 19 38 13 14 18 85 67 94 70 88 34 76 20 43 75 16 55 87 17 57 25 99 58 3 9 96 41 73 23 22 47 89 68 90 35 5 92 56 11 8 6 61 93 48 24 29 60 21 26 66 10 36 0 64 27 31 84 59 95 91 1 82 32 2 62 53 97 39 78 28 4 45 54 15 72 50 46 52 30
Coste: -2147483588

GENERACION: 110
Mejor Solucion:  33 83 42 51 40 77 79 65 37 86 12 81 74 98 80 44 49 63 69 71 7 19 38 13 14 18 85 67 94 70 88 34 76 20 43 75 16 55 87 17 57 25 99 58 3 9 96 41 73 23 22 47 89 68 90 35 5 92 56 11 8 6 61 93 48 24 29 60 21 26 66 10 36 0 64 27 31 84 59 95 91 1 82 32 2 62 53 97 39 78 28 4 45 54 15 72 50 46 52 30
Coste: -2147483588

GENERACION: 115
Mejor Solucion:  33 83 42 51 40 77 79 65 37 86 12 81 74 98 80 44 49 63 69 71 7 19 38 13 14 18 85 67 94 70 88 34 76 20 43 75 16 55 87 17 57 25 99 58 3 9 96 41 73 23 22 47 89 68 90 35 5 92 56 11 8 6 61 93 48 24 29 60 21 26 66 10 36 0 64 27 31 84 59 95 91 1 82 32 2 62 53 97 39 78 28 4 45 54 15 72 50 46 52 30
Coste: -2147483588

GENERACION: 120
Mejor Solucion:  33 83 42 51 40 77 79 65 37 86 12 81 74 98 80 44 49 63 69 71 7 19 38 13 14 18 85 67 94 70 88 34 76 20 43 75 16 55 87 17 57 25 99 58 3 9 96 41 73 23 22 47 89 68 90 35 5 92 56 11 8 6 61 93 48 24 29 60 21 26 66 10 36 0 64 27 31 84 59 95 91 1 82 32 2 62 53 97 39 78 28 4 45 54 15 72 50 46 52 30
Coste: -2147483588

GENERACION: 125
Mejor Solucion:  33 83 42 51 40 77 79 65 37 86 12 81 74 98 80 44 49 63 69 71 7 19 38 13 14 18 85 67 94 70 88 34 76 20 43 75 16 55 87 17 57 25 99 58 3 9 96 41 73 23 22 47 89 68 90 35 5 92 56 11 8 6 61 93 48 24 29 60 21 26 66 10 36 0 64 27 31 84 59 95 91 1 82 32 2 62 53 97 39 78 28 4 45 54 15 72 50 46 52 30
Coste: -2147483588

GENERACION: 130
Mejor Solucion:  33 51 40 49 81 83 86 37 42 65 26 27 84 30 70 47 54 32 61 38 8 28 39 7 75 23 74 79 85 67 94 46 14 36 82 21 19 35 34 2 17 90 76 59 48 58 3 20 10 60 15 44 80 43 69 63 68 88 89 25 93 5 62 72 9 24 52 95 98 4 41 12 29 92 71 31 56 13 53 1 77 91 66 45 50 0 16 64 87 55 18 97 11 99 57 78 96 22 6 73
Coste: -2147483629

GENERACION: 135
Mejor Solucion:  33 51 40 49 81 83 86 37 42 65 26 27 84 30 70 47 54 32 61 38 8 28 39 7 75 23 74 79 85 67 94 46 14 36 82 21 19 35 34 2 17 90 76 59 48 58 3 20 10 60 15 44 80 43 69 63 68 88 89 25 93 5 62 72 9 24 52 95 98 4 41 12 29 92 71 31 56 13 53 1 77 91 66 45 50 0 16 64 87 55 18 97 11 99 57 78 96 22 6 73
Coste: -2147483629

GENERACION: 140
Mejor Solucion:  33 51 40 49 81 83 86 37 42 65 26 27 84 30 70 47 54 32 61 38 8 28 39 7 75 23 74 79 85 67 94 46 14 36 82 21 19 35 34 2 17 90 76 59 48 58 3 20 10 60 15 44 80 43 69 63 68 88 89 25 93 5 62 72 9 24 52 95 98 4 41 12 29 92 71 31 56 13 53 1 77 91 66 45 50 0 16 64 87 55 18 97 11 99 57 78 96 22 6 73
Coste: -2147483629

GENERACION: 145
Mejor Solucion:  33 51 40 49 81 83 86 37 42 65 26 27 84 30 70 47 54 32 61 38 8 28 39 7 75 23 74 79 85 67 94 46 14 36 82 21 19 35 34 2 17 90 76 59 48 58 3 20 10 60 15 44 80 43 69 63 68 88 89 25 93 5 62 72 9 24 52 95 98 4 41 12 29 92 71 31 56 13 53 1 77 91 66 45 50 0 16 64 87 55 18 97 11 99 57 78 96 22 6 73
Coste: -2147483629

GENERACION: 150
Mejor Solucion:  33 51 40 49 81 83 86 37 42 65 26 27 84 30 70 47 54 32 61 38 8 28 39 7 75 23 74 79 85 67 94 46 14 36 82 21 19 35 34 2 17 90 76 59 48 58 3 20 10 60 15 44 80 43 69 63 68 88 89 25 93 5 62 72 9 24 52 95 98 4 41 12 29 92 71 31 56 13 53 1 77 91 66 45 50 0 16 64 87 55 18 97 11 99 57 78 96 22 6 73
Coste: -2147483629

GENERACION: 155
Mejor Solucion:  33 51 40 49 81 83 86 37 42 65 26 27 84 30 70 47 54 32 61 38 8 28 39 7 75 23 74 79 85 67 94 46 14 36 82 21 19 35 34 2 17 90 76 59 48 58 3 20 10 60 15 44 80 43 69 63 68 88 89 25 93 5 62 72 9 24 52 95 98 4 41 12 29 92 71 31 56 13 53 1 77 91 66 45 50 0 16 64 87 55 18 97 11 99 57 78 96 22 6 73
Coste: -2147483629

GENERACION: 160
Mejor Solucion:  33 51 40 49 81 83 86 37 42 65 26 27 84 30 70 47 54 32 61 38 8 28 39 7 75 23 74 79 85 67 94 46 14 36 82 21 19 35 34 2 17 90 76 59 48 58 3 20 10 60 15 44 80 43 69 63 68 88 89 25 93 5 62 72 9 24 52 95 98 4 41 12 29 92 71 31 56 13 53 1 77 91 66 45 50 0 16 64 87 55 18 97 11 99 57 78 96 22 6 73
Coste: -2147483629

GENERACION: 165
Mejor Solucion:  33 51 40 49 81 83 86 37 42 65 26 27 84 30 70 47 54 32 61 38 8 28 39 7 75 23 74 79 85 67 94 46 14 36 82 21 19 35 34 2 17 90 76 59 48 58 3 20 10 60 15 44 80 43 69 63 68 88 89 25 93 5 62 72 9 24 52 95 98 4 41 12 29 92 71 31 56 13 53 1 77 91 66 45 50 0 16 64 87 55 18 97 11 99 57 78 96 22 6 73
Coste: -2147483629

GENERACION: 170
Mejor Solucion:  33 51 40 49 81 83 86 37 42 65 26 27 84 30 70 47 54 32 61 38 8 28 39 7 75 23 74 79 85 67 94 46 14 36 82 21 19 35 34 2 17 90 76 59 48 58 3 20 10 60 15 44 80 43 69 63 68 88 89 25 93 5 62 72 9 24 52 95 98 4 41 12 29 92 71 31 56 13 53 1 77 91 66 45 50 0 16 64 87 55 18 97 11 99 57 78 96 22 6 73
Coste: -2147483629

GENERACION: 175
Mejor Solucion:  33 51 40 49 81 83 86 37 42 65 26 27 84 30 70 47 54 32 61 38 8 28 39 7 75 23 74 79 85 67 94 46 14 36 82 21 19 35 34 2 17 90 76 59 48 58 3 20 10 60 15 44 80 43 69 63 68 88 89 25 93 5 62 72 9 24 52 95 98 4 41 12 29 92 71 31 56 13 53 1 77 91 66 45 50 0 16 64 87 55 18 97 11 99 57 78 96 22 6 73
Coste: -2147483629

GENERACION: 180
Mejor Solucion:  33 51 40 49 81 83 86 37 42 65 26 27 84 30 70 47 54 32 61 38 8 28 39 7 75 23 74 79 85 67 94 46 14 36 82 21 19 35 34 2 17 90 76 59 48 58 3 20 10 60 15 44 80 43 69 63 68 88 89 25 93 5 62 72 9 24 52 95 98 4 41 12 29 92 71 31 56 13 53 1 77 91 66 45 50 0 16 64 87 55 18 97 11 99 57 78 96 22 6 73
Coste: -2147483629

GENERACION: 185
Mejor Solucion:  33 51 40 49 81 83 86 37 42 65 26 27 84 30 70 47 54 32 61 38 8 28 39 7 75 23 74 79 85 67 94 46 14 36 82 21 19 35 34 2 17 90 76 59 48 58 3 20 10 60 15 44 80 43 69 63 68 88 89 25 93 5 62 72 9 24 52 95 98 4 41 12 29 92 71 31 56 13 53 1 77 91 66 45 50 0 16 64 87 55 18 97 11 99 57 78 96 22 6 73
Coste: -2147483629

GENERACION: 190
Mejor Solucion:  33 51 40 49 81 83 86 37 42 65 26 27 84 30 70 47 54 32 61 38 8 28 39 7 75 23 74 79 85 67 94 46 14 36 82 21 19 35 34 2 17 90 76 59 48 58 3 20 10 60 15 44 80 43 69 63 68 88 89 25 93 5 62 72 9 24 52 95 98 4 41 12 29 92 71 31 56 13 53 1 77 91 66 45 50 0 16 64 87 55 18 97 11 99 57 78 96 22 6 73
Coste: -2147483629

GENERACION: 195
Mejor Solucion:  33 51 40 49 81 83 86 37 42 65 26 27 84 30 70 47 54 32 61 38 8 28 39 7 75 23 74 79 85 67 94 46 14 36 82 21 19 35 34 2 17 90 76 59 48 58 3 20 10 60 15 44 80 43 69 63 68 88 89 25 93 5 62 72 9 24 52 95 98 4 41 12 29 92 71 31 56 13 53 1 77 91 66 45 50 0 16 64 87 55 18 97 11 99 57 78 96 22 6 73
Coste: -2147483629

GENERACION: 200
Mejor Solucion:  33 51 40 49 81 83 86 37 42 65 26 27 84 30 70 47 54 32 61 38 8 28 39 7 75 23 74 79 85 67 94 46 14 36 82 21 19 35 34 2 17 90 76 59 48 58 3 20 10 60 15 44 80 43 69 63 68 88 89 25 93 5 62 72 9 24 52 95 98 4 41 12 29 92 71 31 56 13 53 1 77 91 66 45 50 0 16 64 87 55 18 97 11 99 57 78 96 22 6 73
Coste: -2147483629

GENERACION: 205
Mejor Solucion:  33 51 40 49 81 83 86 37 42 65 26 27 84 30 70 47 54 32 61 38 8 28 39 7 75 23 74 79 85 67 94 46 14 36 82 21 19 35 34 2 17 90 76 59 48 58 3 20 10 60 15 44 80 43 69 63 68 88 89 25 93 5 62 72 9 24 52 95 98 4 41 12 29 92 71 31 56 13 53 1 77 91 66 45 50 0 16 64 87 55 18 97 11 99 57 78 96 22 6 73
Coste: -2147483629

GENERACION: 210
Mejor Solucion:  77 81 47 93 83 40 33 37 51 26 84 42 49 70 92 24 86 36 25 32 68 20 59 28 10 67 74 94 85 19 73 6 52 30 75 79 99 44 3 4 35 15 38 9 48 14 21 41 34 45 82 76 29 17 89 13 0 80 71 31 60 90 43 18 23 7 63 64 65 62 12 58 50 57 5 27 56 69 91 95 11 1 66 97 22 46 78 8 87 54 61 72 96 39 16 98 55 53 2 88
Coste: -2147483642

GENERACION: 215
Mejor Solucion:  77 81 47 93 83 40 33 37 51 26 84 42 49 70 92 24 86 36 25 32 68 20 59 28 10 67 74 94 85 19 73 6 52 30 75 79 99 44 3 4 35 15 38 9 48 14 21 41 34 45 82 76 29 17 89 13 0 80 71 31 60 90 43 18 23 7 63 64 65 62 12 58 50 57 5 27 56 69 91 95 11 1 66 97 22 46 78 8 87 54 61 72 96 39 16 98 55 53 2 88
Coste: -2147483642

GENERACION: 220
Mejor Solucion:  77 81 47 93 83 40 33 37 51 26 84 42 49 70 92 24 86 36 25 32 68 20 59 28 10 67 74 94 85 19 73 6 52 30 75 79 99 44 3 4 35 15 38 9 48 14 21 41 34 45 82 76 29 17 89 13 0 80 71 31 60 90 43 18 23 7 63 64 65 62 12 58 50 57 5 27 56 69 91 95 11 1 66 97 22 46 78 8 87 54 61 72 96 39 16 98 55 53 2 88
Coste: -2147483642

GENERACION: 225
Mejor Solucion:  77 81 47 93 83 40 33 37 51 26 84 42 49 70 92 24 86 36 25 32 68 20 59 28 10 67 74 94 85 19 73 6 52 30 75 79 99 44 3 4 35 15 38 9 48 14 21 41 34 45 82 76 29 17 89 13 0 80 71 31 60 90 43 18 23 7 63 64 65 62 12 58 50 57 5 27 56 69 91 95 11 1 66 97 22 46 78 8 87 54 61 72 96 39 16 98 55 53 2 88
Coste: -2147483642

GENERACION: 230
Mejor Solucion:  77 81 47 93 83 40 33 37 51 26 84 42 49 70 92 24 86 36 25 32 68 20 59 28 10 67 74 94 85 19 73 6 52 30 75 79 99 44 3 4 35 15 38 9 48 14 21 41 34 45 82 76 29 17 89 13 0 80 71 31 60 90 43 18 23 7 63 64 65 62 12 58 50 57 5 27 56 69 91 95 11 1 66 97 22 46 78 8 87 54 61 72 96 39 16 98 55 53 2 88
Coste: -2147483642

GENERACION: 235
Mejor Solucion:  77 81 47 93 83 40 33 37 51 26 84 42 49 70 92 24 86 36 25 32 68 20 59 28 10 67 74 94 85 19 73 6 52 30 75 79 99 44 3 4 35 15 38 9 48 14 21 41 34 45 82 76 29 17 89 13 0 80 71 31 60 90 43 18 23 7 63 64 65 62 12 58 50 57 5 27 56 69 91 95 11 1 66 97 22 46 78 8 87 54 61 72 96 39 16 98 55 53 2 88
Coste: -2147483642

GENERACION: 240
Mejor Solucion:  77 81 47 93 83 40 33 37 51 26 84 42 49 70 92 24 86 36 25 32 68 20 59 28 10 67 74 94 85 19 73 6 52 30 75 79 99 44 3 4 35 15 38 9 48 14 21 41 34 45 82 76 29 17 89 13 0 80 71 31 60 90 43 18 23 7 63 64 65 62 12 58 50 57 5 27 56 69 91 95 11 1 66 97 22 46 78 8 87 54 61 72 96 39 16 98 55 53 2 88
Coste: -2147483642

GENERACION: 245
Mejor Solucion:  77 81 47 93 83 40 33 37 51 26 84 42 49 70 92 24 86 36 25 32 68 20 59 28 10 67 74 94 85 19 73 6 52 30 75 79 99 44 3 4 35 15 38 9 48 14 21 41 34 45 82 76 29 17 89 13 0 80 71 31 60 90 43 18 23 7 63 64 65 62 12 58 50 57 5 27 56 69 91 95 11 1 66 97 22 46 78 8 87 54 61 72 96 39 16 98 55 53 2 88
Coste: -2147483642

GENERACION: 250
Mejor Solucion:  77 81 47 93 83 40 33 37 51 26 84 42 49 70 92 24 86 36 25 32 68 20 59 28 10 67 74 94 85 19 73 6 52 30 75 79 99 44 3 4 35 15 38 9 48 14 21 41 34 45 82 76 29 17 89 13 0 80 71 31 60 90 43 18 23 7 63 64 65 62 12 58 50 57 5 27 56 69 91 95 11 1 66 97 22 46 78 8 87 54 61 72 96 39 16 98 55 53 2 88
Coste: -2147483642

GENERACION: 255
Mejor Solucion:  77 81 47 93 83 40 33 37 51 26 84 42 49 70 92 24 86 36 25 32 68 20 59 28 10 67 74 94 85 19 73 6 52 30 75 79 99 44 3 4 35 15 38 9 48 14 21 41 34 45 82 76 29 17 89 13 0 80 71 31 60 90 43 18 23 7 63 64 65 62 12 58 50 57 5 27 56 69 91 95 11 1 66 97 22 46 78 8 87 54 61 72 96 39 16 98 55 53 2 88
Coste: -2147483642

GENERACION: 260
Mejor Solucion:  77 81 47 93 83 40 33 37 51 26 84 42 49 70 92 24 86 36 25 32 68 20 59 28 10 67 74 94 85 19 73 6 52 30 75 79 99 44 3 4 35 15 38 9 48 14 21 41 34 45 82 76 29 17 89 13 0 80 71 31 60 90 43 18 23 7 63 64 65 62 12 58 50 57 5 27 56 69 91 95 11 1 66 97 22 46 78 8 87 54 61 72 96 39 16 98 55 53 2 88
Coste: -2147483642

GENERACION: 265
Mejor Solucion:  77 81 47 93 83 40 33 37 51 26 84 42 49 70 92 24 86 36 25 32 68 20 59 28 10 67 74 94 85 19 73 6 52 30 75 79 99 44 3 4 35 15 38 9 48 14 21 41 34 45 82 76 29 17 89 13 0 80 71 31 60 90 43 18 23 7 63 64 65 62 12 58 50 57 5 27 56 69 91 95 11 1 66 97 22 46 78 8 87 54 61 72 96 39 16 98 55 53 2 88
Coste: -2147483642

GENERACION: 270
Mejor Solucion:  77 81 47 93 83 40 33 37 51 26 84 42 49 70 92 24 86 36 25 32 68 20 59 28 10 67 74 94 85 19 73 6 52 30 75 79 99 44 3 4 35 15 38 9 48 14 21 41 34 45 82 76 29 17 89 13 0 80 71 31 60 90 43 18 23 7 63 64 65 62 12 58 50 57 5 27 56 69 91 95 11 1 66 97 22 46 78 8 87 54 61 72 96 39 16 98 55 53 2 88
Coste: -2147483642

GENERACION: 275
Mejor Solucion:  77 81 47 93 83 40 33 37 51 26 84 42 49 70 92 24 86 36 25 32 68 20 59 28 10 67 74 94 85 19 73 6 52 30 75 79 99 44 3 4 35 15 38 9 48 14 21 41 34 45 82 76 29 17 89 13 0 80 71 31 60 90 43 18 23 7 63 64 65 62 12 58 50 57 5 27 56 69 91 95 11 1 66 97 22 46 78 8 87 54 61 72 96 39 16 98 55 53 2 88
Coste: -2147483642

GENERACION: 280
Mejor Solucion:  77 81 47 93 83 40 33 37 51 26 84 42 49 70 92 24 86 36 25 32 68 20 59 28 10 67 74 94 85 19 73 6 52 30 75 79 99 44 3 4 35 15 38 9 48 14 21 41 34 45 82 76 29 17 89 13 0 80 71 31 60 90 43 18 23 7 63 64 65 62 12 58 50 57 5 27 56 69 91 95 11 1 66 97 22 46 78 8 87 54 61 72 96 39 16 98 55 53 2 88
Coste: -2147483642

GENERACION: 285
Mejor Solucion:  77 81 47 93 83 40 33 37 51 26 84 42 49 70 92 24 86 36 25 32 68 20 59 28 10 67 74 94 85 19 73 6 52 30 75 79 99 44 3 4 35 15 38 9 48 14 21 41 34 45 82 76 29 17 89 13 0 80 71 31 60 90 43 18 23 7 63 64 65 62 12 58 50 57 5 27 56 69 91 95 11 1 66 97 22 46 78 8 87 54 61 72 96 39 16 98 55 53 2 88
Coste: -2147483642

GENERACION: 290
Mejor Solucion:  77 81 47 93 83 40 33 37 51 26 84 42 49 70 92 24 86 36 25 32 68 20 59 28 10 67 74 94 85 19 73 6 52 30 75 79 99 44 3 4 35 15 38 9 48 14 21 41 34 45 82 76 29 17 89 13 0 80 71 31 60 90 43 18 23 7 63 64 65 62 12 58 50 57 5 27 56 69 91 95 11 1 66 97 22 46 78 8 87 54 61 72 96 39 16 98 55 53 2 88
Coste: -2147483642

GENERACION: 295
Mejor Solucion:  77 81 47 93 83 40 33 37 51 26 84 42 49 70 92 24 86 36 25 32 68 20 59 28 10 67 74 94 85 19 73 6 52 30 75 79 99 44 3 4 35 15 38 9 48 14 21 41 34 45 82 76 29 17 89 13 0 80 71 31 60 90 43 18 23 7 63 64 65 62 12 58 50 57 5 27 56 69 91 95 11 1 66 97 22 46 78 8 87 54 61 72 96 39 16 98 55 53 2 88
Coste: -2147483642

GENERACION: 300
Mejor Solucion:  77 81 47 93 83 40 33 37 51 26 84 42 49 70 92 24 86 36 25 32 68 20 59 28 10 67 74 94 85 19 73 6 52 30 75 79 99 44 3 4 35 15 38 9 48 14 21 41 34 45 82 76 29 17 89 13 0 80 71 31 60 90 43 18 23 7 63 64 65 62 12 58 50 57 5 27 56 69 91 95 11 1 66 97 22 46 78 8 87 54 61 72 96 39 16 98 55 53 2 88
Coste: -2147483642

GENERACION: 305
Mejor Solucion:  77 81 47 93 83 40 33 37 51 26 84 42 49 70 92 24 86 36 25 32 68 20 59 28 10 67 74 94 85 19 73 6 52 30 75 79 99 44 3 4 35 15 38 9 48 14 21 41 34 45 82 76 29 17 89 13 0 80 71 31 60 90 43 18 23 7 63 64 65 62 12 58 50 57 5 27 56 69 91 95 11 1 66 97 22 46 78 8 87 54 61 72 96 39 16 98 55 53 2 88
Coste: -2147483642

GENERACION: 310
Mejor Solucion:  77 81 47 93 83 40 33 37 51 26 84 42 49 70 92 24 86 36 25 32 68 20 59 28 10 67 74 94 85 19 73 6 52 30 75 79 99 44 3 4 35 15 38 9 48 14 21 41 34 45 82 76 29 17 89 13 0 80 71 31 60 90 43 18 23 7 63 64 65 62 12 58 50 57 5 27 56 69 91 95 11 1 66 97 22 46 78 8 87 54 61 72 96 39 16 98 55 53 2 88
Coste: -2147483642

GENERACION: 315
Mejor Solucion:  77 81 47 93 83 40 33 37 51 26 84 42 49 70 92 24 86 36 25 32 68 20 59 28 10 67 74 94 85 19 73 6 52 30 75 79 99 44 3 4 35 15 38 9 48 14 21 41 34 45 82 76 29 17 89 13 0 80 71 31 60 90 43 18 23 7 63 64 65 62 12 58 50 57 5 27 56 69 91 95 11 1 66 97 22 46 78 8 87 54 61 72 96 39 16 98 55 53 2 88
Coste: -2147483642

GENERACION: 320
Mejor Solucion:  77 81 47 93 83 40 33 37 51 26 84 42 49 70 92 24 86 36 25 32 68 20 59 28 10 67 74 94 85 19 73 6 52 30 75 79 99 44 3 4 35 15 38 9 48 14 21 41 34 45 82 76 29 17 89 13 0 80 71 31 60 90 43 18 23 7 63 64 65 62 12 58 50 57 5 27 56 69 91 95 11 1 66 97 22 46 78 8 87 54 61 72 96 39 16 98 55 53 2 88
Coste: -2147483642

GENERACION: 325
Mejor Solucion:  77 81 47 93 83 40 33 37 51 26 84 42 49 70 92 24 86 36 25 32 68 20 59 28 10 67 74 94 85 19 73 6 52 30 75 79 99 44 3 4 35 15 38 9 48 14 21 41 34 45 82 76 29 17 89 13 0 80 71 31 60 90 43 18 23 7 63 64 65 62 12 58 50 57 5 27 56 69 91 95 11 1 66 97 22 46 78 8 87 54 61 72 96 39 16 98 55 53 2 88
Coste: -2147483642

GENERACION: 330
Mejor Solucion:  77 81 47 93 83 40 33 37 51 26 84 42 49 70 92 24 86 36 25 32 68 20 59 28 10 67 74 94 85 19 73 6 52 30 75 79 99 44 3 4 35 15 38 9 48 14 21 41 34 45 82 76 29 17 89 13 0 80 71 31 60 90 43 18 23 7 63 64 65 62 12 58 50 57 5 27 56 69 91 95 11 1 66 97 22 46 78 8 87 54 61 72 96 39 16 98 55 53 2 88
Coste: -2147483642

GENERACION: 335
Mejor Solucion:  77 81 47 93 83 40 33 37 51 26 84 42 49 70 92 24 86 36 25 32 68 20 59 28 10 67 74 94 85 19 73 6 52 30 75 79 99 44 3 4 35 15 38 9 48 14 21 41 34 45 82 76 29 17 89 13 0 80 71 31 60 90 43 18 23 7 63 64 65 62 12 58 50 57 5 27 56 69 91 95 11 1 66 97 22 46 78 8 87 54 61 72 96 39 16 98 55 53 2 88
Coste: -2147483642

GENERACION: 340
Mejor Solucion:  77 81 47 93 83 40 33 37 51 26 84 42 49 70 92 24 86 36 25 32 68 20 59 28 10 67 74 94 85 19 73 6 52 30 75 79 99 44 3 4 35 15 38 9 48 14 21 41 34 45 82 76 29 17 89 13 0 80 71 31 60 90 43 18 23 7 63 64 65 62 12 58 50 57 5 27 56 69 91 95 11 1 66 97 22 46 78 8 87 54 61 72 96 39 16 98 55 53 2 88
Coste: -2147483642

GENERACION: 345
Mejor Solucion:  77 81 47 93 83 40 33 37 51 26 84 42 49 70 92 24 86 36 25 32 68 20 59 28 10 67 74 94 85 19 73 6 52 30 75 79 99 44 3 4 35 15 38 9 48 14 21 41 34 45 82 76 29 17 89 13 0 80 71 31 60 90 43 18 23 7 63 64 65 62 12 58 50 57 5 27 56 69 91 95 11 1 66 97 22 46 78 8 87 54 61 72 96 39 16 98 55 53 2 88
Coste: -2147483642

GENERACION: 350
Mejor Solucion:  77 81 47 93 83 40 33 37 51 26 84 42 49 70 92 24 86 36 25 32 68 20 59 28 10 67 74 94 85 19 73 6 52 30 75 79 99 44 3 4 35 15 38 9 48 14 21 41 34 45 82 76 29 17 89 13 0 80 71 31 60 90 43 18 23 7 63 64 65 62 12 58 50 57 5 27 56 69 91 95 11 1 66 97 22 46 78 8 87 54 61 72 96 39 16 98 55 53 2 88
Coste: -2147483642

GENERACION: 355
Mejor Solucion:  77 81 47 93 83 40 33 37 51 26 84 42 49 70 92 24 86 36 25 32 68 20 59 28 10 67 74 94 85 19 73 6 52 30 75 79 99 44 3 4 35 15 38 9 48 14 21 41 34 45 82 76 29 17 89 13 0 80 71 31 60 90 43 18 23 7 63 64 65 62 12 58 50 57 5 27 56 69 91 95 11 1 66 97 22 46 78 8 87 54 61 72 96 39 16 98 55 53 2 88
Coste: -2147483642

GENERACION: 360
Mejor Solucion:  77 81 47 93 83 40 33 37 51 26 84 42 49 70 92 24 86 36 25 32 68 20 59 28 10 67 74 94 85 19 73 6 52 30 75 79 99 44 3 4 35 15 38 9 48 14 21 41 34 45 82 76 29 17 89 13 0 80 71 31 60 90 43 18 23 7 63 64 65 62 12 58 50 57 5 27 56 69 91 95 11 1 66 97 22 46 78 8 87 54 61 72 96 39 16 98 55 53 2 88
Coste: -2147483642

GENERACION: 365
Mejor Solucion:  77 81 47 93 83 40 33 37 51 26 84 42 49 70 92 24 86 36 25 32 68 20 59 28 10 67 74 94 85 19 73 6 52 30 75 79 99 44 3 4 35 15 38 9 48 14 21 41 34 45 82 76 29 17 89 13 0 80 71 31 60 90 43 18 23 7 63 64 65 62 12 58 50 57 5 27 56 69 91 95 11 1 66 97 22 46 78 8 87 54 61 72 96 39 16 98 55 53 2 88
Coste: -2147483642

GENERACION: 370
Mejor Solucion:  77 81 47 93 83 40 33 37 51 26 84 42 49 70 92 24 86 36 25 32 68 20 59 28 10 67 74 94 85 19 73 6 52 30 75 79 99 44 3 4 35 15 38 9 48 14 21 41 34 45 82 76 29 17 89 13 0 80 71 31 60 90 43 18 23 7 63 64 65 62 12 58 50 57 5 27 56 69 91 95 11 1 66 97 22 46 78 8 87 54 61 72 96 39 16 98 55 53 2 88
Coste: -2147483642

GENERACION: 375
Mejor Solucion:  77 81 47 93 83 40 33 37 51 26 84 42 49 70 92 24 86 36 25 32 68 20 59 28 10 67 74 94 85 19 73 6 52 30 75 79 99 44 3 4 35 15 38 9 48 14 21 41 34 45 82 76 29 17 89 13 0 80 71 31 60 90 43 18 23 7 63 64 65 62 12 58 50 57 5 27 56 69 91 95 11 1 66 97 22 46 78 8 87 54 61 72 96 39 16 98 55 53 2 88
Coste: -2147483642

GENERACION: 380
Mejor Solucion:  77 81 47 93 83 40 33 37 51 26 84 42 49 70 92 24 86 36 25 32 68 20 59 28 10 67 74 94 85 19 73 6 52 30 75 79 99 44 3 4 35 15 38 9 48 14 21 41 34 45 82 76 29 17 89 13 0 80 71 31 60 90 43 18 23 7 63 64 65 62 12 58 50 57 5 27 56 69 91 95 11 1 66 97 22 46 78 8 87 54 61 72 96 39 16 98 55 53 2 88
Coste: -2147483642

GENERACION: 385
Mejor Solucion:  77 81 47 93 83 40 33 37 51 26 84 42 49 70 92 24 86 36 25 32 68 20 59 28 10 67 74 94 85 19 73 6 52 30 75 79 99 44 3 4 35 15 38 9 48 14 21 41 34 45 82 76 29 17 89 13 0 80 71 31 60 90 43 18 23 7 63 64 65 62 12 58 50 57 5 27 56 69 91 95 11 1 66 97 22 46 78 8 87 54 61 72 96 39 16 98 55 53 2 88
Coste: -2147483642

GENERACION: 390
Mejor Solucion:  77 81 47 93 83 40 33 37 51 26 84 42 49 70 92 24 86 36 25 32 68 20 59 28 10 67 74 94 85 19 73 6 52 30 75 79 99 44 3 4 35 15 38 9 48 14 21 41 34 45 82 76 29 17 89 13 0 80 71 31 60 90 43 18 23 7 63 64 65 62 12 58 50 57 5 27 56 69 91 95 11 1 66 97 22 46 78 8 87 54 61 72 96 39 16 98 55 53 2 88
Coste: -2147483642

GENERACION: 395
Mejor Solucion:  77 81 47 93 83 40 33 37 51 26 84 42 49 70 92 24 86 36 25 32 68 20 59 28 10 67 74 94 85 19 73 6 52 30 75 79 99 44 3 4 35 15 38 9 48 14 21 41 34 45 82 76 29 17 89 13 0 80 71 31 60 90 43 18 23 7 63 64 65 62 12 58 50 57 5 27 56 69 91 95 11 1 66 97 22 46 78 8 87 54 61 72 96 39 16 98 55 53 2 88
Coste: -2147483642

GENERACION: 400
Mejor Solucion:  77 81 47 93 83 40 33 37 51 26 84 42 49 70 92 24 86 36 25 32 68 20 59 28 10 67 74 94 85 19 73 6 52 30 75 79 99 44 3 4 35 15 38 9 48 14 21 41 34 45 82 76 29 17 89 13 0 80 71 31 60 90 43 18 23 7 63 64 65 62 12 58 50 57 5 27 56 69 91 95 11 1 66 97 22 46 78 8 87 54 61 72 96 39 16 98 55 53 2 88
Coste: -2147483642

GENERACION: 405
Mejor Solucion:  77 81 47 93 83 40 33 37 51 26 84 42 49 70 92 24 86 36 25 32 68 20 59 28 10 67 74 94 85 19 73 6 52 30 75 79 99 44 3 4 35 15 38 9 48 14 21 41 34 45 82 76 29 17 89 13 0 80 71 31 60 90 43 18 23 7 63 64 65 62 12 58 50 57 5 27 56 69 91 95 11 1 66 97 22 46 78 8 87 54 61 72 96 39 16 98 55 53 2 88
Coste: -2147483642

GENERACION: 410
Mejor Solucion:  47 37 84 33 49 88 26 81 40 95 51 93 1 69 54 46 2 21 61 28 13 19 4 45 76 0 86 85 74 12 79 55 8 35 60 20 67 91 36 75 68 96 52 62 64 99 82 66 71 65 24 29 63 57 50 44 14 34 41 22 25 11 9 70 78 53 7 98 38 87 15 92 43 59 77 56 30 32 18 16 42 83 17 89 3 6 97 27 90 48 31 10 23 5 73 72 80 39 58 94
Coste: -2147483643

GENERACION: 415
Mejor Solucion:  47 37 84 33 49 88 26 81 40 95 51 93 1 69 54 46 2 21 61 28 13 19 4 45 76 0 86 85 74 12 79 55 8 35 60 20 67 91 36 75 68 96 52 62 64 99 82 66 71 65 24 29 63 57 50 44 14 34 41 22 25 11 9 70 78 53 7 98 38 87 15 92 43 59 77 56 30 32 18 16 42 83 17 89 3 6 97 27 90 48 31 10 23 5 73 72 80 39 58 94
Coste: -2147483643

GENERACION: 420
Mejor Solucion:  26 81 93 33 40 51 49 37 95 84 83 70 27 64 67 55 44 25 54 98 22 32 15 82 9 38 74 94 85 86 19 14 17 48 59 36 21 69 41 23 58 96 73 71 87 20 75 2 60 97 10 28 5 0 80 65 46 8 34 66 35 43 52 68 56 92 29 45 42 12 90 76 89 72 31 77 79 11 30 91 16 47 62 53 13 99 61 4 63 6 3 57 39 7 18 78 24 1 50 88
Coste: -2147483646

GENERACION: 425
Mejor Solucion:  26 81 93 33 40 51 49 37 95 84 83 70 27 64 67 55 44 25 54 98 22 32 15 82 9 38 74 94 85 86 19 14 17 48 59 36 21 69 41 23 58 96 73 71 87 20 75 2 60 97 10 28 5 0 80 65 46 8 34 66 35 43 52 68 56 92 29 45 42 12 90 76 89 72 31 77 79 11 30 91 16 47 62 53 13 99 61 4 63 6 3 57 39 7 18 78 24 1 50 88
Coste: -2147483646

GENERACION: 430
Mejor Solucion:  26 81 93 33 40 51 49 37 95 84 83 70 27 64 67 55 44 25 54 98 22 32 15 82 9 38 74 94 85 86 19 14 17 48 59 36 21 69 41 23 58 96 73 71 87 20 75 2 60 97 10 28 5 0 80 65 46 8 34 66 35 43 52 68 56 92 29 45 42 12 90 76 89 72 31 77 79 11 30 91 16 47 62 53 13 99 61 4 63 6 3 57 39 7 18 78 24 1 50 88
Coste: -2147483646

GENERACION: 435
Mejor Solucion:  26 81 93 33 40 51 49 37 95 84 83 70 27 64 67 55 44 25 54 98 22 32 15 82 9 38 74 94 85 86 19 14 17 48 59 36 21 69 41 23 58 96 73 71 87 20 75 2 60 97 10 28 5 0 80 65 46 8 34 66 35 43 52 68 56 92 29 45 42 12 90 76 89 72 31 77 79 11 30 91 16 47 62 53 13 99 61 4 63 6 3 57 39 7 18 78 24 1 50 88
Coste: -2147483646

GENERACION: 440
Mejor Solucion:  26 81 93 33 40 51 49 37 95 84 83 70 27 64 67 55 44 25 54 98 22 32 15 82 9 38 74 94 85 86 19 14 17 48 59 36 21 69 41 23 58 96 73 71 87 20 75 2 60 97 10 28 5 0 80 65 46 8 34 66 35 43 52 68 56 92 29 45 42 12 90 76 89 72 31 77 79 11 30 91 16 47 62 53 13 99 61 4 63 6 3 57 39 7 18 78 24 1 50 88
Coste: -2147483646

GENERACION: 445
Mejor Solucion:  26 81 93 33 40 51 49 37 95 84 83 70 27 64 67 55 44 25 54 98 22 32 15 82 9 38 74 94 85 86 19 14 17 48 59 36 21 69 41 23 58 96 73 71 87 20 75 2 60 97 10 28 5 0 80 65 46 8 34 66 35 43 52 68 56 92 29 45 42 12 90 76 89 72 31 77 79 11 30 91 16 47 62 53 13 99 61 4 63 6 3 57 39 7 18 78 24 1 50 88
Coste: -2147483646

GENERACION: 450
Mejor Solucion:  26 81 93 33 40 51 49 37 95 84 83 70 27 64 67 55 44 25 54 98 22 32 15 82 9 38 74 94 85 86 19 14 17 48 59 36 21 69 41 23 58 96 73 71 87 20 75 2 60 97 10 28 5 0 80 65 46 8 34 66 35 43 52 68 56 92 29 45 42 12 90 76 89 72 31 77 79 11 30 91 16 47 62 53 13 99 61 4 63 6 3 57 39 7 18 78 24 1 50 88
Coste: -2147483646

GENERACION: 455
Mejor Solucion:  26 81 93 33 40 51 49 37 95 84 83 70 27 64 67 55 44 25 54 98 22 32 15 82 9 38 74 94 85 86 19 14 17 48 59 36 21 69 41 23 58 96 73 71 87 20 75 2 60 97 10 28 5 0 80 65 46 8 34 66 35 43 52 68 56 92 29 45 42 12 90 76 89 72 31 77 79 11 30 91 16 47 62 53 13 99 61 4 63 6 3 57 39 7 18 78 24 1 50 88
Coste: -2147483646

GENERACION: 460
Mejor Solucion:  26 81 93 33 40 51 49 37 95 84 83 70 27 64 67 55 44 25 54 98 22 32 15 82 9 38 74 94 85 86 19 14 17 48 59 36 21 69 41 23 58 96 73 71 87 20 75 2 60 97 10 28 5 0 80 65 46 8 34 66 35 43 52 68 56 92 29 45 42 12 90 76 89 72 31 77 79 11 30 91 16 47 62 53 13 99 61 4 63 6 3 57 39 7 18 78 24 1 50 88
Coste: -2147483646

GENERACION: 465
Mejor Solucion:  26 81 93 33 40 51 49 37 95 84 83 70 27 64 67 55 44 25 54 98 22 32 15 82 9 38 74 94 85 86 19 14 17 48 59 36 21 69 41 23 58 96 73 71 87 20 75 2 60 97 10 28 5 0 80 65 46 8 34 66 35 43 52 68 56 92 29 45 42 12 90 76 89 72 31 77 79 11 30 91 16 47 62 53 13 99 61 4 63 6 3 57 39 7 18 78 24 1 50 88
Coste: -2147483646

GENERACION: 470
Mejor Solucion:  26 81 93 33 40 51 49 37 95 84 83 70 27 64 67 55 44 25 54 98 22 32 15 82 9 38 74 94 85 86 19 14 17 48 59 36 21 69 41 23 58 96 73 71 87 20 75 2 60 97 10 28 5 0 80 65 46 8 34 66 35 43 52 68 56 92 29 45 42 12 90 76 89 72 31 77 79 11 30 91 16 47 62 53 13 99 61 4 63 6 3 57 39 7 18 78 24 1 50 88
Coste: -2147483646

GENERACION: 475
Mejor Solucion:  26 81 93 33 40 51 49 37 95 84 83 70 27 64 67 55 44 25 54 98 22 32 15 82 9 38 74 94 85 86 19 14 17 48 59 36 21 69 41 23 58 96 73 71 87 20 75 2 60 97 10 28 5 0 80 65 46 8 34 66 35 43 52 68 56 92 29 45 42 12 90 76 89 72 31 77 79 11 30 91 16 47 62 53 13 99 61 4 63 6 3 57 39 7 18 78 24 1 50 88
Coste: -2147483646

GENERACION: 480
Mejor Solucion:  26 81 93 33 40 51 49 37 95 84 83 70 27 64 67 55 44 25 54 98 22 32 15 82 9 38 74 94 85 86 19 14 17 48 59 36 21 69 41 23 58 96 73 71 87 20 75 2 60 97 10 28 5 0 80 65 46 8 34 66 35 43 52 68 56 92 29 45 42 12 90 76 89 72 31 77 79 11 30 91 16 47 62 53 13 99 61 4 63 6 3 57 39 7 18 78 24 1 50 88
Coste: -2147483646

GENERACION: 485
Mejor Solucion:  26 81 93 33 40 51 49 37 95 84 83 70 27 64 67 55 44 25 54 98 22 32 15 82 9 38 74 94 85 86 19 14 17 48 59 36 21 69 41 23 58 96 73 71 87 20 75 2 60 97 10 28 5 0 80 65 46 8 34 66 35 43 52 68 56 92 29 45 42 12 90 76 89 72 31 77 79 11 30 91 16 47 62 53 13 99 61 4 63 6 3 57 39 7 18 78 24 1 50 88
Coste: -2147483646

GENERACION: 490
Mejor Solucion:  26 81 93 33 40 51 49 37 95 84 83 70 27 64 67 55 44 25 54 98 22 32 15 82 9 38 74 94 85 86 19 14 17 48 59 36 21 69 41 23 58 96 73 71 87 20 75 2 60 97 10 28 5 0 80 65 46 8 34 66 35 43 52 68 56 92 29 45 42 12 90 76 89 72 31 77 79 11 30 91 16 47 62 53 13 99 61 4 63 6 3 57 39 7 18 78 24 1 50 88
Coste: -2147483646

GENERACION: 495
Mejor Solucion:  26 81 93 33 40 51 49 37 95 84 83 70 27 64 67 55 44 25 54 98 22 32 15 82 9 38 74 94 85 86 19 14 17 48 59 36 21 69 41 23 58 96 73 71 87 20 75 2 60 97 10 28 5 0 80 65 46 8 34 66 35 43 52 68 56 92 29 45 42 12 90 76 89 72 31 77 79 11 30 91 16 47 62 53 13 99 61 4 63 6 3 57 39 7 18 78 24 1 50 88
Coste: -2147483646

GENERACION: 500
Mejor Solucion:  26 81 93 33 40 51 49 37 95 84 83 70 27 64 67 55 44 25 54 98 22 32 15 82 9 38 74 94 85 86 19 14 17 48 59 36 21 69 41 23 58 96 73 71 87 20 75 2 60 97 10 28 5 0 80 65 46 8 34 66 35 43 52 68 56 92 29 45 42 12 90 76 89 72 31 77 79 11 30 91 16 47 62 53 13 99 61 4 63 6 3 57 39 7 18 78 24 1 50 88
Coste: -2147483646

GENERACION: 505
Mejor Solucion:  26 81 93 33 40 51 49 37 95 84 83 70 27 64 67 55 44 25 54 98 22 32 15 82 9 38 74 94 85 86 19 14 17 48 59 36 21 69 41 23 58 96 73 71 87 20 75 2 60 97 10 28 5 0 80 65 46 8 34 66 35 43 52 68 56 92 29 45 42 12 90 76 89 72 31 77 79 11 30 91 16 47 62 53 13 99 61 4 63 6 3 57 39 7 18 78 24 1 50 88
Coste: -2147483646

GENERACION: 510
Mejor Solucion:  26 81 93 33 40 51 49 37 95 84 83 70 27 64 67 55 44 25 54 98 22 32 15 82 9 38 74 94 85 86 19 14 17 48 59 36 21 69 41 23 58 96 73 71 87 20 75 2 60 97 10 28 5 0 80 65 46 8 34 66 35 43 52 68 56 92 29 45 42 12 90 76 89 72 31 77 79 11 30 91 16 47 62 53 13 99 61 4 63 6 3 57 39 7 18 78 24 1 50 88
Coste: -2147483646

GENERACION: 515
Mejor Solucion:  26 81 93 33 40 51 49 37 95 84 83 70 27 64 67 55 44 25 54 98 22 32 15 82 9 38 74 94 85 86 19 14 17 48 59 36 21 69 41 23 58 96 73 71 87 20 75 2 60 97 10 28 5 0 80 65 46 8 34 66 35 43 52 68 56 92 29 45 42 12 90 76 89 72 31 77 79 11 30 91 16 47 62 53 13 99 61 4 63 6 3 57 39 7 18 78 24 1 50 88
Coste: -2147483646

GENERACION: 520
Mejor Solucion:  26 81 93 33 40 51 49 37 95 84 83 70 27 64 67 55 44 25 54 98 22 32 15 82 9 38 74 94 85 86 19 14 17 48 59 36 21 69 41 23 58 96 73 71 87 20 75 2 60 97 10 28 5 0 80 65 46 8 34 66 35 43 52 68 56 92 29 45 42 12 90 76 89 72 31 77 79 11 30 91 16 47 62 53 13 99 61 4 63 6 3 57 39 7 18 78 24 1 50 88
Coste: -2147483646

GENERACION: 525
Mejor Solucion:  26 81 93 33 40 51 49 37 95 84 83 70 27 64 67 55 44 25 54 98 22 32 15 82 9 38 74 94 85 86 19 14 17 48 59 36 21 69 41 23 58 96 73 71 87 20 75 2 60 97 10 28 5 0 80 65 46 8 34 66 35 43 52 68 56 92 29 45 42 12 90 76 89 72 31 77 79 11 30 91 16 47 62 53 13 99 61 4 63 6 3 57 39 7 18 78 24 1 50 88
Coste: -2147483646

GENERACION: 530
Mejor Solucion:  26 81 93 33 40 51 49 37 95 84 83 70 27 64 67 55 44 25 54 98 22 32 15 82 9 38 74 94 85 86 19 14 17 48 59 36 21 69 41 23 58 96 73 71 87 20 75 2 60 97 10 28 5 0 80 65 46 8 34 66 35 43 52 68 56 92 29 45 42 12 90 76 89 72 31 77 79 11 30 91 16 47 62 53 13 99 61 4 63 6 3 57 39 7 18 78 24 1 50 88
Coste: -2147483646

GENERACION: 535
Mejor Solucion:  26 81 93 33 40 51 49 37 95 84 83 70 27 64 67 55 44 25 54 98 22 32 15 82 9 38 74 94 85 86 19 14 17 48 59 36 21 69 41 23 58 96 73 71 87 20 75 2 60 97 10 28 5 0 80 65 46 8 34 66 35 43 52 68 56 92 29 45 42 12 90 76 89 72 31 77 79 11 30 91 16 47 62 53 13 99 61 4 63 6 3 57 39 7 18 78 24 1 50 88
Coste: -2147483646

GENERACION: 540
Mejor Solucion:  26 81 93 33 40 51 49 37 95 84 83 70 27 64 67 55 44 25 54 98 22 32 15 82 9 38 74 94 85 86 19 14 17 48 59 36 21 69 41 23 58 96 73 71 87 20 75 2 60 97 10 28 5 0 80 65 46 8 34 66 35 43 52 68 56 92 29 45 42 12 90 76 89 72 31 77 79 11 30 91 16 47 62 53 13 99 61 4 63 6 3 57 39 7 18 78 24 1 50 88
Coste: -2147483646

GENERACION: 545
Mejor Solucion:  26 81 93 33 40 51 49 37 95 84 83 70 27 64 67 55 44 25 54 98 22 32 15 82 9 38 74 94 85 86 19 14 17 48 59 36 21 69 41 23 58 96 73 71 87 20 75 2 60 97 10 28 5 0 80 65 46 8 34 66 35 43 52 68 56 92 29 45 42 12 90 76 89 72 31 77 79 11 30 91 16 47 62 53 13 99 61 4 63 6 3 57 39 7 18 78 24 1 50 88
Coste: -2147483646

GENERACION: 550
Mejor Solucion:  26 81 93 33 40 51 49 37 95 84 83 70 27 64 67 55 44 25 54 98 22 32 15 82 9 38 74 94 85 86 19 14 17 48 59 36 21 69 41 23 58 96 73 71 87 20 75 2 60 97 10 28 5 0 80 65 46 8 34 66 35 43 52 68 56 92 29 45 42 12 90 76 89 72 31 77 79 11 30 91 16 47 62 53 13 99 61 4 63 6 3 57 39 7 18 78 24 1 50 88
Coste: -2147483646

GENERACION: 555
Mejor Solucion:  26 81 93 33 40 51 49 37 95 84 83 70 27 64 67 55 44 25 54 98 22 32 15 82 9 38 74 94 85 86 19 14 17 48 59 36 21 69 41 23 58 96 73 71 87 20 75 2 60 97 10 28 5 0 80 65 46 8 34 66 35 43 52 68 56 92 29 45 42 12 90 76 89 72 31 77 79 11 30 91 16 47 62 53 13 99 61 4 63 6 3 57 39 7 18 78 24 1 50 88
Coste: -2147483646

GENERACION: 560
Mejor Solucion:  79 83 37 93 84 77 51 21 95 40 81 74 49 16 89 0 47 20 22 67 57 9 53 69 8 76 85 19 94 56 42 15 6 14 13 72 30 88 68 92 4 32 18 60 31 52 99 44 46 10 75 36 63 73 34 27 17 43 64 1 62 90 23 98 2 80 38 5 70 66 45 82 87 96 7 12 11 26 29 91 33 86 61 3 39 78 41 54 58 97 55 48 71 65 25 59 35 50 24 28
Coste: -2147483647

GENERACION: 565
Mejor Solucion:  79 83 37 93 84 77 51 21 95 40 81 74 49 16 89 0 47 20 22 67 57 9 53 69 8 76 85 19 94 56 42 15 6 14 13 72 30 88 68 92 4 32 18 60 31 52 99 44 46 10 75 36 63 73 34 27 17 43 64 1 62 90 23 98 2 80 38 5 70 66 45 82 87 96 7 12 11 26 29 91 33 86 61 3 39 78 41 54 58 97 55 48 71 65 25 59 35 50 24 28
Coste: -2147483647

GENERACION: 570
Mejor Solucion:  79 83 37 93 84 77 51 21 95 40 81 74 49 16 89 0 47 20 22 67 57 9 53 69 8 76 85 19 94 56 42 15 6 14 13 72 30 88 68 92 4 32 18 60 31 52 99 44 46 10 75 36 63 73 34 27 17 43 64 1 62 90 23 98 2 80 38 5 70 66 45 82 87 96 7 12 11 26 29 91 33 86 61 3 39 78 41 54 58 97 55 48 71 65 25 59 35 50 24 28
Coste: -2147483647

GENERACION: 575
Mejor Solucion:  79 83 37 93 84 77 51 21 95 40 81 74 49 16 89 0 47 20 22 67 57 9 53 69 8 76 85 19 94 56 42 15 6 14 13 72 30 88 68 92 4 32 18 60 31 52 99 44 46 10 75 36 63 73 34 27 17 43 64 1 62 90 23 98 2 80 38 5 70 66 45 82 87 96 7 12 11 26 29 91 33 86 61 3 39 78 41 54 58 97 55 48 71 65 25 59 35 50 24 28
Coste: -2147483647

GENERACION: 580
Mejor Solucion:  79 83 37 93 84 77 51 21 95 40 81 74 49 16 89 0 47 20 22 67 57 9 53 69 8 76 85 19 94 56 42 15 6 14 13 72 30 88 68 92 4 32 18 60 31 52 99 44 46 10 75 36 63 73 34 27 17 43 64 1 62 90 23 98 2 80 38 5 70 66 45 82 87 96 7 12 11 26 29 91 33 86 61 3 39 78 41 54 58 97 55 48 71 65 25 59 35 50 24 28
Coste: -2147483647

GENERACION: 585
Mejor Solucion:  79 83 37 93 84 77 51 21 95 40 81 74 49 16 89 0 47 20 22 67 57 9 53 69 8 76 85 19 94 56 42 15 6 14 13 72 30 88 68 92 4 32 18 60 31 52 99 44 46 10 75 36 63 73 34 27 17 43 64 1 62 90 23 98 2 80 38 5 70 66 45 82 87 96 7 12 11 26 29 91 33 86 61 3 39 78 41 54 58 97 55 48 71 65 25 59 35 50 24 28
Coste: -2147483647

GENERACION: 590
Mejor Solucion:  79 83 37 93 84 77 51 21 95 40 81 74 49 16 89 0 47 20 22 67 57 9 53 69 8 76 85 19 94 56 42 15 6 14 13 72 30 88 68 92 4 32 18 60 31 52 99 44 46 10 75 36 63 73 34 27 17 43 64 1 62 90 23 98 2 80 38 5 70 66 45 82 87 96 7 12 11 26 29 91 33 86 61 3 39 78 41 54 58 97 55 48 71 65 25 59 35 50 24 28
Coste: -2147483647

GENERACION: 595
Mejor Solucion:  79 83 37 93 84 77 51 21 95 40 81 74 49 16 89 0 47 20 22 67 57 9 53 69 8 76 85 19 94 56 42 15 6 14 13 72 30 88 68 92 4 32 18 60 31 52 99 44 46 10 75 36 63 73 34 27 17 43 64 1 62 90 23 98 2 80 38 5 70 66 45 82 87 96 7 12 11 26 29 91 33 86 61 3 39 78 41 54 58 97 55 48 71 65 25 59 35 50 24 28
Coste: -2147483647

GENERACION: 600
Mejor Solucion:  79 83 37 93 84 77 51 21 95 40 81 74 49 16 89 0 47 20 22 67 57 9 53 69 8 76 85 19 94 56 42 15 6 14 13 72 30 88 68 92 4 32 18 60 31 52 99 44 46 10 75 36 63 73 34 27 17 43 64 1 62 90 23 98 2 80 38 5 70 66 45 82 87 96 7 12 11 26 29 91 33 86 61 3 39 78 41 54 58 97 55 48 71 65 25 59 35 50 24 28
Coste: -2147483647

GENERACION: 605
Mejor Solucion:  79 83 37 93 84 77 51 21 95 40 81 74 49 16 89 0 47 20 22 67 57 9 53 69 8 76 85 19 94 56 42 15 6 14 13 72 30 88 68 92 4 32 18 60 31 52 99 44 46 10 75 36 63 73 34 27 17 43 64 1 62 90 23 98 2 80 38 5 70 66 45 82 87 96 7 12 11 26 29 91 33 86 61 3 39 78 41 54 58 97 55 48 71 65 25 59 35 50 24 28
Coste: -2147483647

GENERACION: 610
Mejor Solucion:  79 83 37 93 84 77 51 21 95 40 81 74 49 16 89 0 47 20 22 67 57 9 53 69 8 76 85 19 94 56 42 15 6 14 13 72 30 88 68 92 4 32 18 60 31 52 99 44 46 10 75 36 63 73 34 27 17 43 64 1 62 90 23 98 2 80 38 5 70 66 45 82 87 96 7 12 11 26 29 91 33 86 61 3 39 78 41 54 58 97 55 48 71 65 25 59 35 50 24 28
Coste: -2147483647

GENERACION: 615
Mejor Solucion:  79 83 37 93 84 77 51 21 95 40 81 74 49 16 89 0 47 20 22 67 57 9 53 69 8 76 85 19 94 56 42 15 6 14 13 72 30 88 68 92 4 32 18 60 31 52 99 44 46 10 75 36 63 73 34 27 17 43 64 1 62 90 23 98 2 80 38 5 70 66 45 82 87 96 7 12 11 26 29 91 33 86 61 3 39 78 41 54 58 97 55 48 71 65 25 59 35 50 24 28
Coste: -2147483647

GENERACION: 620
Mejor Solucion:  79 83 37 93 84 77 51 21 95 40 81 74 49 16 89 0 47 20 22 67 57 9 53 69 8 76 85 19 94 56 42 15 6 14 13 72 30 88 68 92 4 32 18 60 31 52 99 44 46 10 75 36 63 73 34 27 17 43 64 1 62 90 23 98 2 80 38 5 70 66 45 82 87 96 7 12 11 26 29 91 33 86 61 3 39 78 41 54 58 97 55 48 71 65 25 59 35 50 24 28
Coste: -2147483647

GENERACION: 625
Mejor Solucion:  79 83 37 93 84 77 51 21 95 40 81 74 49 16 89 0 47 20 22 67 57 9 53 69 8 76 85 19 94 56 42 15 6 14 13 72 30 88 68 92 4 32 18 60 31 52 99 44 46 10 75 36 63 73 34 27 17 43 64 1 62 90 23 98 2 80 38 5 70 66 45 82 87 96 7 12 11 26 29 91 33 86 61 3 39 78 41 54 58 97 55 48 71 65 25 59 35 50 24 28
Coste: -2147483647

GENERACION: 630
Mejor Solucion:  79 83 37 93 84 77 51 21 95 40 81 74 49 16 89 0 47 20 22 67 57 9 53 69 8 76 85 19 94 56 42 15 6 14 13 72 30 88 68 92 4 32 18 60 31 52 99 44 46 10 75 36 63 73 34 27 17 43 64 1 62 90 23 98 2 80 38 5 70 66 45 82 87 96 7 12 11 26 29 91 33 86 61 3 39 78 41 54 58 97 55 48 71 65 25 59 35 50 24 28
Coste: -2147483647

GENERACION: 635
Mejor Solucion:  79 83 37 93 84 77 51 21 95 40 81 74 49 16 89 0 47 20 22 67 57 9 53 69 8 76 85 19 94 56 42 15 6 14 13 72 30 88 68 92 4 32 18 60 31 52 99 44 46 10 75 36 63 73 34 27 17 43 64 1 62 90 23 98 2 80 38 5 70 66 45 82 87 96 7 12 11 26 29 91 33 86 61 3 39 78 41 54 58 97 55 48 71 65 25 59 35 50 24 28
Coste: -2147483647

GENERACION: 640
Mejor Solucion:  79 83 37 93 84 77 51 21 95 40 81 74 49 16 89 0 47 20 22 67 57 9 53 69 8 76 85 19 94 56 42 15 6 14 13 72 30 88 68 92 4 32 18 60 31 52 99 44 46 10 75 36 63 73 34 27 17 43 64 1 62 90 23 98 2 80 38 5 70 66 45 82 87 96 7 12 11 26 29 91 33 86 61 3 39 78 41 54 58 97 55 48 71 65 25 59 35 50 24 28
Coste: -2147483647

GENERACION: 645
Mejor Solucion:  79 83 37 93 84 77 51 21 95 40 81 74 49 16 89 0 47 20 22 67 57 9 53 69 8 76 85 19 94 56 42 15 6 14 13 72 30 88 68 92 4 32 18 60 31 52 99 44 46 10 75 36 63 73 34 27 17 43 64 1 62 90 23 98 2 80 38 5 70 66 45 82 87 96 7 12 11 26 29 91 33 86 61 3 39 78 41 54 58 97 55 48 71 65 25 59 35 50 24 28
Coste: -2147483647

GENERACION: 650
Mejor Solucion:  79 83 37 93 84 77 51 21 95 40 81 74 49 16 89 0 47 20 22 67 57 9 53 69 8 76 85 19 94 56 42 15 6 14 13 72 30 88 68 92 4 32 18 60 31 52 99 44 46 10 75 36 63 73 34 27 17 43 64 1 62 90 23 98 2 80 38 5 70 66 45 82 87 96 7 12 11 26 29 91 33 86 61 3 39 78 41 54 58 97 55 48 71 65 25 59 35 50 24 28
Coste: -2147483647

GENERACION: 655
Mejor Solucion:  79 83 37 93 84 77 51 21 95 40 81 74 49 16 89 0 47 20 22 67 57 9 53 69 8 76 85 19 94 56 42 15 6 14 13 72 30 88 68 92 4 32 18 60 31 52 99 44 46 10 75 36 63 73 34 27 17 43 64 1 62 90 23 98 2 80 38 5 70 66 45 82 87 96 7 12 11 26 29 91 33 86 61 3 39 78 41 54 58 97 55 48 71 65 25 59 35 50 24 28
Coste: -2147483647

GENERACION: 660
Mejor Solucion:  79 83 37 93 84 77 51 21 95 40 81 74 49 16 89 0 47 20 22 67 57 9 53 69 8 76 85 19 94 56 42 15 6 14 13 72 30 88 68 92 4 32 18 60 31 52 99 44 46 10 75 36 63 73 34 27 17 43 64 1 62 90 23 98 2 80 38 5 70 66 45 82 87 96 7 12 11 26 29 91 33 86 61 3 39 78 41 54 58 97 55 48 71 65 25 59 35 50 24 28
Coste: -2147483647

GENERACION: 665
Mejor Solucion:  79 83 37 93 84 77 51 21 95 40 81 74 49 16 89 0 47 20 22 67 57 9 53 69 8 76 85 19 94 56 42 15 6 14 13 72 30 88 68 92 4 32 18 60 31 52 99 44 46 10 75 36 63 73 34 27 17 43 64 1 62 90 23 98 2 80 38 5 70 66 45 82 87 96 7 12 11 26 29 91 33 86 61 3 39 78 41 54 58 97 55 48 71 65 25 59 35 50 24 28
Coste: -2147483647

GENERACION: 670
Mejor Solucion:  79 83 37 93 84 77 51 21 95 40 81 74 49 16 89 0 47 20 22 67 57 9 53 69 8 76 85 19 94 56 42 15 6 14 13 72 30 88 68 92 4 32 18 60 31 52 99 44 46 10 75 36 63 73 34 27 17 43 64 1 62 90 23 98 2 80 38 5 70 66 45 82 87 96 7 12 11 26 29 91 33 86 61 3 39 78 41 54 58 97 55 48 71 65 25 59 35 50 24 28
Coste: -2147483647

GENERACION: 675
Mejor Solucion:  79 83 37 93 84 77 51 21 95 40 81 74 49 16 89 0 47 20 22 67 57 9 53 69 8 76 85 19 94 56 42 15 6 14 13 72 30 88 68 92 4 32 18 60 31 52 99 44 46 10 75 36 63 73 34 27 17 43 64 1 62 90 23 98 2 80 38 5 70 66 45 82 87 96 7 12 11 26 29 91 33 86 61 3 39 78 41 54 58 97 55 48 71 65 25 59 35 50 24 28
Coste: -2147483647

GENERACION: 680
Mejor Solucion:  79 83 37 93 84 77 51 21 95 40 81 74 49 16 89 0 47 20 22 67 57 9 53 69 8 76 85 19 94 56 42 15 6 14 13 72 30 88 68 92 4 32 18 60 31 52 99 44 46 10 75 36 63 73 34 27 17 43 64 1 62 90 23 98 2 80 38 5 70 66 45 82 87 96 7 12 11 26 29 91 33 86 61 3 39 78 41 54 58 97 55 48 71 65 25 59 35 50 24 28
Coste: -2147483647

GENERACION: 685
Mejor Solucion:  79 83 37 93 84 77 51 21 95 40 81 74 49 16 89 0 47 20 22 67 57 9 53 69 8 76 85 19 94 56 42 15 6 14 13 72 30 88 68 92 4 32 18 60 31 52 99 44 46 10 75 36 63 73 34 27 17 43 64 1 62 90 23 98 2 80 38 5 70 66 45 82 87 96 7 12 11 26 29 91 33 86 61 3 39 78 41 54 58 97 55 48 71 65 25 59 35 50 24 28
Coste: -2147483647

GENERACION: 690
Mejor Solucion:  79 83 37 93 84 77 51 21 95 40 81 74 49 16 89 0 47 20 22 67 57 9 53 69 8 76 85 19 94 56 42 15 6 14 13 72 30 88 68 92 4 32 18 60 31 52 99 44 46 10 75 36 63 73 34 27 17 43 64 1 62 90 23 98 2 80 38 5 70 66 45 82 87 96 7 12 11 26 29 91 33 86 61 3 39 78 41 54 58 97 55 48 71 65 25 59 35 50 24 28
Coste: -2147483647

GENERACION: 695
Mejor Solucion:  79 83 37 93 84 77 51 21 95 40 81 74 49 16 89 0 47 20 22 67 57 9 53 69 8 76 85 19 94 56 42 15 6 14 13 72 30 88 68 92 4 32 18 60 31 52 99 44 46 10 75 36 63 73 34 27 17 43 64 1 62 90 23 98 2 80 38 5 70 66 45 82 87 96 7 12 11 26 29 91 33 86 61 3 39 78 41 54 58 97 55 48 71 65 25 59 35 50 24 28
Coste: -2147483647

GENERACION: 700
Mejor Solucion:  79 83 37 93 84 77 51 21 95 40 81 74 49 16 89 0 47 20 22 67 57 9 53 69 8 76 85 19 94 56 42 15 6 14 13 72 30 88 68 92 4 32 18 60 31 52 99 44 46 10 75 36 63 73 34 27 17 43 64 1 62 90 23 98 2 80 38 5 70 66 45 82 87 96 7 12 11 26 29 91 33 86 61 3 39 78 41 54 58 97 55 48 71 65 25 59 35 50 24 28
Coste: -2147483647

GENERACION: 705
Mejor Solucion:  79 83 37 93 84 77 51 21 95 40 81 74 49 16 89 0 47 20 22 67 57 9 53 69 8 76 85 19 94 56 42 15 6 14 13 72 30 88 68 92 4 32 18 60 31 52 99 44 46 10 75 36 63 73 34 27 17 43 64 1 62 90 23 98 2 80 38 5 70 66 45 82 87 96 7 12 11 26 29 91 33 86 61 3 39 78 41 54 58 97 55 48 71 65 25 59 35 50 24 28
Coste: -2147483647

GENERACION: 710
Mejor Solucion:  79 83 37 93 84 77 51 21 95 40 81 74 49 16 89 0 47 20 22 67 57 9 53 69 8 76 85 19 94 56 42 15 6 14 13 72 30 88 68 92 4 32 18 60 31 52 99 44 46 10 75 36 63 73 34 27 17 43 64 1 62 90 23 98 2 80 38 5 70 66 45 82 87 96 7 12 11 26 29 91 33 86 61 3 39 78 41 54 58 97 55 48 71 65 25 59 35 50 24 28
Coste: -2147483647

GENERACION: 715
Mejor Solucion:  79 83 37 93 84 77 51 21 95 40 81 74 49 16 89 0 47 20 22 67 57 9 53 69 8 76 85 19 94 56 42 15 6 14 13 72 30 88 68 92 4 32 18 60 31 52 99 44 46 10 75 36 63 73 34 27 17 43 64 1 62 90 23 98 2 80 38 5 70 66 45 82 87 96 7 12 11 26 29 91 33 86 61 3 39 78 41 54 58 97 55 48 71 65 25 59 35 50 24 28
Coste: -2147483647

GENERACION: 720
Mejor Solucion:  79 83 37 93 84 77 51 21 95 40 81 74 49 16 89 0 47 20 22 67 57 9 53 69 8 76 85 19 94 56 42 15 6 14 13 72 30 88 68 92 4 32 18 60 31 52 99 44 46 10 75 36 63 73 34 27 17 43 64 1 62 90 23 98 2 80 38 5 70 66 45 82 87 96 7 12 11 26 29 91 33 86 61 3 39 78 41 54 58 97 55 48 71 65 25 59 35 50 24 28
Coste: -2147483647

GENERACION: 725
Mejor Solucion:  79 83 37 93 84 77 51 21 95 40 81 74 49 16 89 0 47 20 22 67 57 9 53 69 8 76 85 19 94 56 42 15 6 14 13 72 30 88 68 92 4 32 18 60 31 52 99 44 46 10 75 36 63 73 34 27 17 43 64 1 62 90 23 98 2 80 38 5 70 66 45 82 87 96 7 12 11 26 29 91 33 86 61 3 39 78 41 54 58 97 55 48 71 65 25 59 35 50 24 28
Coste: -2147483647

GENERACION: 730
Mejor Solucion:  79 83 37 93 84 77 51 21 95 40 81 74 49 16 89 0 47 20 22 67 57 9 53 69 8 76 85 19 94 56 42 15 6 14 13 72 30 88 68 92 4 32 18 60 31 52 99 44 46 10 75 36 63 73 34 27 17 43 64 1 62 90 23 98 2 80 38 5 70 66 45 82 87 96 7 12 11 26 29 91 33 86 61 3 39 78 41 54 58 97 55 48 71 65 25 59 35 50 24 28
Coste: -2147483647

GENERACION: 735
Mejor Solucion:  79 83 37 93 84 77 51 21 95 40 81 74 49 16 89 0 47 20 22 67 57 9 53 69 8 76 85 19 94 56 42 15 6 14 13 72 30 88 68 92 4 32 18 60 31 52 99 44 46 10 75 36 63 73 34 27 17 43 64 1 62 90 23 98 2 80 38 5 70 66 45 82 87 96 7 12 11 26 29 91 33 86 61 3 39 78 41 54 58 97 55 48 71 65 25 59 35 50 24 28
Coste: -2147483647

GENERACION: 740
Mejor Solucion:  79 83 37 93 84 77 51 21 95 40 81 74 49 16 89 0 47 20 22 67 57 9 53 69 8 76 85 19 94 56 42 15 6 14 13 72 30 88 68 92 4 32 18 60 31 52 99 44 46 10 75 36 63 73 34 27 17 43 64 1 62 90 23 98 2 80 38 5 70 66 45 82 87 96 7 12 11 26 29 91 33 86 61 3 39 78 41 54 58 97 55 48 71 65 25 59 35 50 24 28
Coste: -2147483647

GENERACION: 745
Mejor Solucion:  79 83 37 93 84 77 51 21 95 40 81 74 49 16 89 0 47 20 22 67 57 9 53 69 8 76 85 19 94 56 42 15 6 14 13 72 30 88 68 92 4 32 18 60 31 52 99 44 46 10 75 36 63 73 34 27 17 43 64 1 62 90 23 98 2 80 38 5 70 66 45 82 87 96 7 12 11 26 29 91 33 86 61 3 39 78 41 54 58 97 55 48 71 65 25 59 35 50 24 28
Coste: -2147483647

GENERACION: 750
Mejor Solucion:  79 83 37 93 84 77 51 21 95 40 81 74 49 16 89 0 47 20 22 67 57 9 53 69 8 76 85 19 94 56 42 15 6 14 13 72 30 88 68 92 4 32 18 60 31 52 99 44 46 10 75 36 63 73 34 27 17 43 64 1 62 90 23 98 2 80 38 5 70 66 45 82 87 96 7 12 11 26 29 91 33 86 61 3 39 78 41 54 58 97 55 48 71 65 25 59 35 50 24 28
Coste: -2147483647

GENERACION: 755
Mejor Solucion:  79 83 37 93 84 77 51 21 95 40 81 74 49 16 89 0 47 20 22 67 57 9 53 69 8 76 85 19 94 56 42 15 6 14 13 72 30 88 68 92 4 32 18 60 31 52 99 44 46 10 75 36 63 73 34 27 17 43 64 1 62 90 23 98 2 80 38 5 70 66 45 82 87 96 7 12 11 26 29 91 33 86 61 3 39 78 41 54 58 97 55 48 71 65 25 59 35 50 24 28
Coste: -2147483647

GENERACION: 760
Mejor Solucion:  79 83 37 93 84 77 51 21 95 40 81 74 49 16 89 0 47 20 22 67 57 9 53 69 8 76 85 19 94 56 42 15 6 14 13 72 30 88 68 92 4 32 18 60 31 52 99 44 46 10 75 36 63 73 34 27 17 43 64 1 62 90 23 98 2 80 38 5 70 66 45 82 87 96 7 12 11 26 29 91 33 86 61 3 39 78 41 54 58 97 55 48 71 65 25 59 35 50 24 28
Coste: -2147483647

GENERACION: 765
Mejor Solucion:  79 83 37 93 84 77 51 21 95 40 81 74 49 16 89 0 47 20 22 67 57 9 53 69 8 76 85 19 94 56 42 15 6 14 13 72 30 88 68 92 4 32 18 60 31 52 99 44 46 10 75 36 63 73 34 27 17 43 64 1 62 90 23 98 2 80 38 5 70 66 45 82 87 96 7 12 11 26 29 91 33 86 61 3 39 78 41 54 58 97 55 48 71 65 25 59 35 50 24 28
Coste: -2147483647

GENERACION: 770
Mejor Solucion:  79 83 37 93 84 77 51 21 95 40 81 74 49 16 89 0 47 20 22 67 57 9 53 69 8 76 85 19 94 56 42 15 6 14 13 72 30 88 68 92 4 32 18 60 31 52 99 44 46 10 75 36 63 73 34 27 17 43 64 1 62 90 23 98 2 80 38 5 70 66 45 82 87 96 7 12 11 26 29 91 33 86 61 3 39 78 41 54 58 97 55 48 71 65 25 59 35 50 24 28
Coste: -2147483647

GENERACION: 775
Mejor Solucion:  79 83 37 93 84 77 51 21 95 40 81 74 49 16 89 0 47 20 22 67 57 9 53 69 8 76 85 19 94 56 42 15 6 14 13 72 30 88 68 92 4 32 18 60 31 52 99 44 46 10 75 36 63 73 34 27 17 43 64 1 62 90 23 98 2 80 38 5 70 66 45 82 87 96 7 12 11 26 29 91 33 86 61 3 39 78 41 54 58 97 55 48 71 65 25 59 35 50 24 28
Coste: -2147483647

GENERACION: 780
Mejor Solucion:  79 83 37 93 84 77 51 21 95 40 81 74 49 16 89 0 47 20 22 67 57 9 53 69 8 76 85 19 94 56 42 15 6 14 13 72 30 88 68 92 4 32 18 60 31 52 99 44 46 10 75 36 63 73 34 27 17 43 64 1 62 90 23 98 2 80 38 5 70 66 45 82 87 96 7 12 11 26 29 91 33 86 61 3 39 78 41 54 58 97 55 48 71 65 25 59 35 50 24 28
Coste: -2147483647

GENERACION: 785
Mejor Solucion:  79 83 37 93 84 77 51 21 95 40 81 74 49 16 89 0 47 20 22 67 57 9 53 69 8 76 85 19 94 56 42 15 6 14 13 72 30 88 68 92 4 32 18 60 31 52 99 44 46 10 75 36 63 73 34 27 17 43 64 1 62 90 23 98 2 80 38 5 70 66 45 82 87 96 7 12 11 26 29 91 33 86 61 3 39 78 41 54 58 97 55 48 71 65 25 59 35 50 24 28
Coste: -2147483647

GENERACION: 790
Mejor Solucion:  79 83 37 93 84 77 51 21 95 40 81 74 49 16 89 0 47 20 22 67 57 9 53 69 8 76 85 19 94 56 42 15 6 14 13 72 30 88 68 92 4 32 18 60 31 52 99 44 46 10 75 36 63 73 34 27 17 43 64 1 62 90 23 98 2 80 38 5 70 66 45 82 87 96 7 12 11 26 29 91 33 86 61 3 39 78 41 54 58 97 55 48 71 65 25 59 35 50 24 28
Coste: -2147483647

GENERACION: 795
Mejor Solucion:  79 83 37 93 84 77 51 21 95 40 81 74 49 16 89 0 47 20 22 67 57 9 53 69 8 76 85 19 94 56 42 15 6 14 13 72 30 88 68 92 4 32 18 60 31 52 99 44 46 10 75 36 63 73 34 27 17 43 64 1 62 90 23 98 2 80 38 5 70 66 45 82 87 96 7 12 11 26 29 91 33 86 61 3 39 78 41 54 58 97 55 48 71 65 25 59 35 50 24 28
Coste: -2147483647

GENERACION: 800
Mejor Solucion:  79 83 37 93 84 77 51 21 95 40 81 74 49 16 89 0 47 20 22 67 57 9 53 69 8 76 85 19 94 56 42 15 6 14 13 72 30 88 68 92 4 32 18 60 31 52 99 44 46 10 75 36 63 73 34 27 17 43 64 1 62 90 23 98 2 80 38 5 70 66 45 82 87 96 7 12 11 26 29 91 33 86 61 3 39 78 41 54 58 97 55 48 71 65 25 59 35 50 24 28
Coste: -2147483647

GENERACION: 805
Mejor Solucion:  79 83 37 93 84 77 51 21 95 40 81 74 49 16 89 0 47 20 22 67 57 9 53 69 8 76 85 19 94 56 42 15 6 14 13 72 30 88 68 92 4 32 18 60 31 52 99 44 46 10 75 36 63 73 34 27 17 43 64 1 62 90 23 98 2 80 38 5 70 66 45 82 87 96 7 12 11 26 29 91 33 86 61 3 39 78 41 54 58 97 55 48 71 65 25 59 35 50 24 28
Coste: -2147483647

GENERACION: 810
Mejor Solucion:  79 83 37 93 84 77 51 21 95 40 81 74 49 16 89 0 47 20 22 67 57 9 53 69 8 76 85 19 94 56 42 15 6 14 13 72 30 88 68 92 4 32 18 60 31 52 99 44 46 10 75 36 63 73 34 27 17 43 64 1 62 90 23 98 2 80 38 5 70 66 45 82 87 96 7 12 11 26 29 91 33 86 61 3 39 78 41 54 58 97 55 48 71 65 25 59 35 50 24 28
Coste: -2147483647

GENERACION: 815
Mejor Solucion:  79 83 37 93 84 77 51 21 95 40 81 74 49 16 89 0 47 20 22 67 57 9 53 69 8 76 85 19 94 56 42 15 6 14 13 72 30 88 68 92 4 32 18 60 31 52 99 44 46 10 75 36 63 73 34 27 17 43 64 1 62 90 23 98 2 80 38 5 70 66 45 82 87 96 7 12 11 26 29 91 33 86 61 3 39 78 41 54 58 97 55 48 71 65 25 59 35 50 24 28
Coste: -2147483647

GENERACION: 820
Mejor Solucion:  79 83 37 93 84 77 51 21 95 40 81 74 49 16 89 0 47 20 22 67 57 9 53 69 8 76 85 19 94 56 42 15 6 14 13 72 30 88 68 92 4 32 18 60 31 52 99 44 46 10 75 36 63 73 34 27 17 43 64 1 62 90 23 98 2 80 38 5 70 66 45 82 87 96 7 12 11 26 29 91 33 86 61 3 39 78 41 54 58 97 55 48 71 65 25 59 35 50 24 28
Coste: -2147483647

GENERACION: 825
Mejor Solucion:  79 83 37 93 84 77 51 21 95 40 81 74 49 16 89 0 47 20 22 67 57 9 53 69 8 76 85 19 94 56 42 15 6 14 13 72 30 88 68 92 4 32 18 60 31 52 99 44 46 10 75 36 63 73 34 27 17 43 64 1 62 90 23 98 2 80 38 5 70 66 45 82 87 96 7 12 11 26 29 91 33 86 61 3 39 78 41 54 58 97 55 48 71 65 25 59 35 50 24 28
Coste: -2147483647

GENERACION: 830
Mejor Solucion:  79 83 37 93 84 77 51 21 95 40 81 74 49 16 89 0 47 20 22 67 57 9 53 69 8 76 85 19 94 56 42 15 6 14 13 72 30 88 68 92 4 32 18 60 31 52 99 44 46 10 75 36 63 73 34 27 17 43 64 1 62 90 23 98 2 80 38 5 70 66 45 82 87 96 7 12 11 26 29 91 33 86 61 3 39 78 41 54 58 97 55 48 71 65 25 59 35 50 24 28
Coste: -2147483647

GENERACION: 835
Mejor Solucion:  79 83 37 93 84 77 51 21 95 40 81 74 49 16 89 0 47 20 22 67 57 9 53 69 8 76 85 19 94 56 42 15 6 14 13 72 30 88 68 92 4 32 18 60 31 52 99 44 46 10 75 36 63 73 34 27 17 43 64 1 62 90 23 98 2 80 38 5 70 66 45 82 87 96 7 12 11 26 29 91 33 86 61 3 39 78 41 54 58 97 55 48 71 65 25 59 35 50 24 28
Coste: -2147483647

GENERACION: 840
Mejor Solucion:  79 83 37 93 84 77 51 21 95 40 81 74 49 16 89 0 47 20 22 67 57 9 53 69 8 76 85 19 94 56 42 15 6 14 13 72 30 88 68 92 4 32 18 60 31 52 99 44 46 10 75 36 63 73 34 27 17 43 64 1 62 90 23 98 2 80 38 5 70 66 45 82 87 96 7 12 11 26 29 91 33 86 61 3 39 78 41 54 58 97 55 48 71 65 25 59 35 50 24 28
Coste: -2147483647

GENERACION: 845
Mejor Solucion:  79 83 37 93 84 77 51 21 95 40 81 74 49 16 89 0 47 20 22 67 57 9 53 69 8 76 85 19 94 56 42 15 6 14 13 72 30 88 68 92 4 32 18 60 31 52 99 44 46 10 75 36 63 73 34 27 17 43 64 1 62 90 23 98 2 80 38 5 70 66 45 82 87 96 7 12 11 26 29 91 33 86 61 3 39 78 41 54 58 97 55 48 71 65 25 59 35 50 24 28
Coste: -2147483647

GENERACION: 850
Mejor Solucion:  79 83 37 93 84 77 51 21 95 40 81 74 49 16 89 0 47 20 22 67 57 9 53 69 8 76 85 19 94 56 42 15 6 14 13 72 30 88 68 92 4 32 18 60 31 52 99 44 46 10 75 36 63 73 34 27 17 43 64 1 62 90 23 98 2 80 38 5 70 66 45 82 87 96 7 12 11 26 29 91 33 86 61 3 39 78 41 54 58 97 55 48 71 65 25 59 35 50 24 28
Coste: -2147483647

GENERACION: 855
Mejor Solucion:  79 83 37 93 84 77 51 21 95 40 81 74 49 16 89 0 47 20 22 67 57 9 53 69 8 76 85 19 94 56 42 15 6 14 13 72 30 88 68 92 4 32 18 60 31 52 99 44 46 10 75 36 63 73 34 27 17 43 64 1 62 90 23 98 2 80 38 5 70 66 45 82 87 96 7 12 11 26 29 91 33 86 61 3 39 78 41 54 58 97 55 48 71 65 25 59 35 50 24 28
Coste: -2147483647

GENERACION: 860
Mejor Solucion:  79 83 37 93 84 77 51 21 95 40 81 74 49 16 89 0 47 20 22 67 57 9 53 69 8 76 85 19 94 56 42 15 6 14 13 72 30 88 68 92 4 32 18 60 31 52 99 44 46 10 75 36 63 73 34 27 17 43 64 1 62 90 23 98 2 80 38 5 70 66 45 82 87 96 7 12 11 26 29 91 33 86 61 3 39 78 41 54 58 97 55 48 71 65 25 59 35 50 24 28
Coste: -2147483647

GENERACION: 865
Mejor Solucion:  79 83 37 93 84 77 51 21 95 40 81 74 49 16 89 0 47 20 22 67 57 9 53 69 8 76 85 19 94 56 42 15 6 14 13 72 30 88 68 92 4 32 18 60 31 52 99 44 46 10 75 36 63 73 34 27 17 43 64 1 62 90 23 98 2 80 38 5 70 66 45 82 87 96 7 12 11 26 29 91 33 86 61 3 39 78 41 54 58 97 55 48 71 65 25 59 35 50 24 28
Coste: -2147483647

GENERACION: 870
Mejor Solucion:  79 83 37 93 84 77 51 21 95 40 81 74 49 16 89 0 47 20 22 67 57 9 53 69 8 76 85 19 94 56 42 15 6 14 13 72 30 88 68 92 4 32 18 60 31 52 99 44 46 10 75 36 63 73 34 27 17 43 64 1 62 90 23 98 2 80 38 5 70 66 45 82 87 96 7 12 11 26 29 91 33 86 61 3 39 78 41 54 58 97 55 48 71 65 25 59 35 50 24 28
Coste: -2147483647

GENERACION: 875
Mejor Solucion:  79 83 37 93 84 77 51 21 95 40 81 74 49 16 89 0 47 20 22 67 57 9 53 69 8 76 85 19 94 56 42 15 6 14 13 72 30 88 68 92 4 32 18 60 31 52 99 44 46 10 75 36 63 73 34 27 17 43 64 1 62 90 23 98 2 80 38 5 70 66 45 82 87 96 7 12 11 26 29 91 33 86 61 3 39 78 41 54 58 97 55 48 71 65 25 59 35 50 24 28
Coste: -2147483647

GENERACION: 880
Mejor Solucion:  79 83 37 93 84 77 51 21 95 40 81 74 49 16 89 0 47 20 22 67 57 9 53 69 8 76 85 19 94 56 42 15 6 14 13 72 30 88 68 92 4 32 18 60 31 52 99 44 46 10 75 36 63 73 34 27 17 43 64 1 62 90 23 98 2 80 38 5 70 66 45 82 87 96 7 12 11 26 29 91 33 86 61 3 39 78 41 54 58 97 55 48 71 65 25 59 35 50 24 28
Coste: -2147483647

GENERACION: 885
Mejor Solucion:  79 83 37 93 84 77 51 21 95 40 81 74 49 16 89 0 47 20 22 67 57 9 53 69 8 76 85 19 94 56 42 15 6 14 13 72 30 88 68 92 4 32 18 60 31 52 99 44 46 10 75 36 63 73 34 27 17 43 64 1 62 90 23 98 2 80 38 5 70 66 45 82 87 96 7 12 11 26 29 91 33 86 61 3 39 78 41 54 58 97 55 48 71 65 25 59 35 50 24 28
Coste: -2147483647

GENERACION: 890
Mejor Solucion:  79 83 37 93 84 77 51 21 95 40 81 74 49 16 89 0 47 20 22 67 57 9 53 69 8 76 85 19 94 56 42 15 6 14 13 72 30 88 68 92 4 32 18 60 31 52 99 44 46 10 75 36 63 73 34 27 17 43 64 1 62 90 23 98 2 80 38 5 70 66 45 82 87 96 7 12 11 26 29 91 33 86 61 3 39 78 41 54 58 97 55 48 71 65 25 59 35 50 24 28
Coste: -2147483647

GENERACION: 895
Mejor Solucion:  79 83 37 93 84 77 51 21 95 40 81 74 49 16 89 0 47 20 22 67 57 9 53 69 8 76 85 19 94 56 42 15 6 14 13 72 30 88 68 92 4 32 18 60 31 52 99 44 46 10 75 36 63 73 34 27 17 43 64 1 62 90 23 98 2 80 38 5 70 66 45 82 87 96 7 12 11 26 29 91 33 86 61 3 39 78 41 54 58 97 55 48 71 65 25 59 35 50 24 28
Coste: -2147483647

GENERACION: 900
Mejor Solucion:  79 83 37 93 84 77 51 21 95 40 81 74 49 16 89 0 47 20 22 67 57 9 53 69 8 76 85 19 94 56 42 15 6 14 13 72 30 88 68 92 4 32 18 60 31 52 99 44 46 10 75 36 63 73 34 27 17 43 64 1 62 90 23 98 2 80 38 5 70 66 45 82 87 96 7 12 11 26 29 91 33 86 61 3 39 78 41 54 58 97 55 48 71 65 25 59 35 50 24 28
Coste: -2147483647

GENERACION: 905
Mejor Solucion:  79 83 37 93 84 77 51 21 95 40 81 74 49 16 89 0 47 20 22 67 57 9 53 69 8 76 85 19 94 56 42 15 6 14 13 72 30 88 68 92 4 32 18 60 31 52 99 44 46 10 75 36 63 73 34 27 17 43 64 1 62 90 23 98 2 80 38 5 70 66 45 82 87 96 7 12 11 26 29 91 33 86 61 3 39 78 41 54 58 97 55 48 71 65 25 59 35 50 24 28
Coste: -2147483647

GENERACION: 910
Mejor Solucion:  79 83 37 93 84 77 51 21 95 40 81 74 49 16 89 0 47 20 22 67 57 9 53 69 8 76 85 19 94 56 42 15 6 14 13 72 30 88 68 92 4 32 18 60 31 52 99 44 46 10 75 36 63 73 34 27 17 43 64 1 62 90 23 98 2 80 38 5 70 66 45 82 87 96 7 12 11 26 29 91 33 86 61 3 39 78 41 54 58 97 55 48 71 65 25 59 35 50 24 28
Coste: -2147483647

GENERACION: 915
Mejor Solucion:  79 83 37 93 84 77 51 21 95 40 81 74 49 16 89 0 47 20 22 67 57 9 53 69 8 76 85 19 94 56 42 15 6 14 13 72 30 88 68 92 4 32 18 60 31 52 99 44 46 10 75 36 63 73 34 27 17 43 64 1 62 90 23 98 2 80 38 5 70 66 45 82 87 96 7 12 11 26 29 91 33 86 61 3 39 78 41 54 58 97 55 48 71 65 25 59 35 50 24 28
Coste: -2147483647

GENERACION: 920
Mejor Solucion:  79 83 37 93 84 77 51 21 95 40 81 74 49 16 89 0 47 20 22 67 57 9 53 69 8 76 85 19 94 56 42 15 6 14 13 72 30 88 68 92 4 32 18 60 31 52 99 44 46 10 75 36 63 73 34 27 17 43 64 1 62 90 23 98 2 80 38 5 70 66 45 82 87 96 7 12 11 26 29 91 33 86 61 3 39 78 41 54 58 97 55 48 71 65 25 59 35 50 24 28
Coste: -2147483647

GENERACION: 925
Mejor Solucion:  79 83 37 93 84 77 51 21 95 40 81 74 49 16 89 0 47 20 22 67 57 9 53 69 8 76 85 19 94 56 42 15 6 14 13 72 30 88 68 92 4 32 18 60 31 52 99 44 46 10 75 36 63 73 34 27 17 43 64 1 62 90 23 98 2 80 38 5 70 66 45 82 87 96 7 12 11 26 29 91 33 86 61 3 39 78 41 54 58 97 55 48 71 65 25 59 35 50 24 28
Coste: -2147483647

GENERACION: 930
Mejor Solucion:  79 83 37 93 84 77 51 21 95 40 81 74 49 16 89 0 47 20 22 67 57 9 53 69 8 76 85 19 94 56 42 15 6 14 13 72 30 88 68 92 4 32 18 60 31 52 99 44 46 10 75 36 63 73 34 27 17 43 64 1 62 90 23 98 2 80 38 5 70 66 45 82 87 96 7 12 11 26 29 91 33 86 61 3 39 78 41 54 58 97 55 48 71 65 25 59 35 50 24 28
Coste: -2147483647

GENERACION: 935
Mejor Solucion:  79 83 37 93 84 77 51 21 95 40 81 74 49 16 89 0 47 20 22 67 57 9 53 69 8 76 85 19 94 56 42 15 6 14 13 72 30 88 68 92 4 32 18 60 31 52 99 44 46 10 75 36 63 73 34 27 17 43 64 1 62 90 23 98 2 80 38 5 70 66 45 82 87 96 7 12 11 26 29 91 33 86 61 3 39 78 41 54 58 97 55 48 71 65 25 59 35 50 24 28
Coste: -2147483647

GENERACION: 940
Mejor Solucion:  79 83 37 93 84 77 51 21 95 40 81 74 49 16 89 0 47 20 22 67 57 9 53 69 8 76 85 19 94 56 42 15 6 14 13 72 30 88 68 92 4 32 18 60 31 52 99 44 46 10 75 36 63 73 34 27 17 43 64 1 62 90 23 98 2 80 38 5 70 66 45 82 87 96 7 12 11 26 29 91 33 86 61 3 39 78 41 54 58 97 55 48 71 65 25 59 35 50 24 28
Coste: -2147483647

GENERACION: 945
Mejor Solucion:  79 83 37 93 84 77 51 21 95 40 81 74 49 16 89 0 47 20 22 67 57 9 53 69 8 76 85 19 94 56 42 15 6 14 13 72 30 88 68 92 4 32 18 60 31 52 99 44 46 10 75 36 63 73 34 27 17 43 64 1 62 90 23 98 2 80 38 5 70 66 45 82 87 96 7 12 11 26 29 91 33 86 61 3 39 78 41 54 58 97 55 48 71 65 25 59 35 50 24 28
Coste: -2147483647

GENERACION: 950
Mejor Solucion:  79 83 37 93 84 77 51 21 95 40 81 74 49 16 89 0 47 20 22 67 57 9 53 69 8 76 85 19 94 56 42 15 6 14 13 72 30 88 68 92 4 32 18 60 31 52 99 44 46 10 75 36 63 73 34 27 17 43 64 1 62 90 23 98 2 80 38 5 70 66 45 82 87 96 7 12 11 26 29 91 33 86 61 3 39 78 41 54 58 97 55 48 71 65 25 59 35 50 24 28
Coste: -2147483647

GENERACION: 955
Mejor Solucion:  79 83 37 93 84 77 51 21 95 40 81 74 49 16 89 0 47 20 22 67 57 9 53 69 8 76 85 19 94 56 42 15 6 14 13 72 30 88 68 92 4 32 18 60 31 52 99 44 46 10 75 36 63 73 34 27 17 43 64 1 62 90 23 98 2 80 38 5 70 66 45 82 87 96 7 12 11 26 29 91 33 86 61 3 39 78 41 54 58 97 55 48 71 65 25 59 35 50 24 28
Coste: -2147483647

GENERACION: 960
Mejor Solucion:  79 83 37 93 84 77 51 21 95 40 81 74 49 16 89 0 47 20 22 67 57 9 53 69 8 76 85 19 94 56 42 15 6 14 13 72 30 88 68 92 4 32 18 60 31 52 99 44 46 10 75 36 63 73 34 27 17 43 64 1 62 90 23 98 2 80 38 5 70 66 45 82 87 96 7 12 11 26 29 91 33 86 61 3 39 78 41 54 58 97 55 48 71 65 25 59 35 50 24 28
Coste: -2147483647

GENERACION: 965
Mejor Solucion:  79 83 37 93 84 77 51 21 95 40 81 74 49 16 89 0 47 20 22 67 57 9 53 69 8 76 85 19 94 56 42 15 6 14 13 72 30 88 68 92 4 32 18 60 31 52 99 44 46 10 75 36 63 73 34 27 17 43 64 1 62 90 23 98 2 80 38 5 70 66 45 82 87 96 7 12 11 26 29 91 33 86 61 3 39 78 41 54 58 97 55 48 71 65 25 59 35 50 24 28
Coste: -2147483647

GENERACION: 970
Mejor Solucion:  79 83 37 93 84 77 51 21 95 40 81 74 49 16 89 0 47 20 22 67 57 9 53 69 8 76 85 19 94 56 42 15 6 14 13 72 30 88 68 92 4 32 18 60 31 52 99 44 46 10 75 36 63 73 34 27 17 43 64 1 62 90 23 98 2 80 38 5 70 66 45 82 87 96 7 12 11 26 29 91 33 86 61 3 39 78 41 54 58 97 55 48 71 65 25 59 35 50 24 28
Coste: -2147483647

GENERACION: 975
Mejor Solucion:  79 83 37 93 84 77 51 21 95 40 81 74 49 16 89 0 47 20 22 67 57 9 53 69 8 76 85 19 94 56 42 15 6 14 13 72 30 88 68 92 4 32 18 60 31 52 99 44 46 10 75 36 63 73 34 27 17 43 64 1 62 90 23 98 2 80 38 5 70 66 45 82 87 96 7 12 11 26 29 91 33 86 61 3 39 78 41 54 58 97 55 48 71 65 25 59 35 50 24 28
Coste: -2147483647

GENERACION: 980
Mejor Solucion:  79 83 37 93 84 77 51 21 95 40 81 74 49 16 89 0 47 20 22 67 57 9 53 69 8 76 85 19 94 56 42 15 6 14 13 72 30 88 68 92 4 32 18 60 31 52 99 44 46 10 75 36 63 73 34 27 17 43 64 1 62 90 23 98 2 80 38 5 70 66 45 82 87 96 7 12 11 26 29 91 33 86 61 3 39 78 41 54 58 97 55 48 71 65 25 59 35 50 24 28
Coste: -2147483647

GENERACION: 985
Mejor Solucion:  79 83 37 93 84 77 51 21 95 40 81 74 49 16 89 0 47 20 22 67 57 9 53 69 8 76 85 19 94 56 42 15 6 14 13 72 30 88 68 92 4 32 18 60 31 52 99 44 46 10 75 36 63 73 34 27 17 43 64 1 62 90 23 98 2 80 38 5 70 66 45 82 87 96 7 12 11 26 29 91 33 86 61 3 39 78 41 54 58 97 55 48 71 65 25 59 35 50 24 28
Coste: -2147483647

GENERACION: 990
Mejor Solucion:  63 84 43 94 88 19 16 30 42 80 56 36 9 78 10 52 70 51 4 13 97 81 75 54 26 46 40 37 74 86 49 38 83 91 8 98 47 79 99 87 95 59 92 90 96 11 5 65 25 66 62 61 17 22 64 76 27 14 44 71 34 32 24 33 18 55 31 77 1 0 15 29 73 39 20 2 93 41 60 69 28 57 68 3 53 12 21 48 58 89 45 35 7 72 23 82 6 67 50 85
Coste: -2147483648

GENERACION: 995
Mejor Solucion:  63 84 43 94 88 19 16 30 42 80 56 36 9 78 10 52 70 51 4 13 97 81 75 54 26 46 40 37 74 86 49 38 83 91 8 98 47 79 99 87 95 59 92 90 96 11 5 65 25 66 62 61 17 22 64 76 27 14 44 71 34 32 24 33 18 55 31 77 1 0 15 29 73 39 20 2 93 41 60 69 28 57 68 3 53 12 21 48 58 89 45 35 7 72 23 82 6 67 50 85
Coste: -2147483648

GENERACION: 1000
Mejor Solucion:  63 84 43 94 88 19 16 30 42 80 56 36 9 78 10 52 70 51 4 13 97 81 75 54 26 46 40 37 74 86 49 38 83 91 8 98 47 79 99 87 95 59 92 90 96 11 5 65 25 66 62 61 17 22 64 76 27 14 44 71 34 32 24 33 18 55 31 77 1 0 15 29 73 39 20 2 93 41 60 69 28 57 68 3 53 12 21 48 58 89 45 35 7 72 23 82 6 67 50 85
Coste: -2147483648

