GENERACION: 5
Mejor Solucion:  54 40 84 76 93 87 21 2 33 65 55 80 35 25 62 64 99 47 83 15 67 27 49 31 18 28 92 5 12 13 72 89 51 90 63 75 37 11 61 29 96 77 57 38 20 94 10 98 14 42 43 26 52 48 53 95 81 41 70 17 22 32 1 78 50 82 34 97 9 0 3 39 44 30 73 86 6 24 8 7 23 85 68 56 45 60 88 46 71 4 59 16 36 74 69 58 91 19 79 66
Coste: 23771940

GENERACION: 10
Mejor Solucion:  12 66 81 9 96 80 92 39 99 91 70 36 2 33 78 64 85 3 54 14 0 87 10 17 41 51 43 48 32 59 68 77 84 31 57 37 16 46 89 62 13 38 5 44 86 79 34 27 11 28 22 53 23 4 82 55 30 35 83 7 73 25 72 97 1 56 67 52 93 21 42 90 20 94 75 71 98 24 50 19 58 69 74 65 47 40 49 6 76 63 61 45 15 8 26 18 60 29 88 95
Coste: 22820094

GENERACION: 15
Mejor Solucion:  2 54 12 1 80 45 17 6 76 39 81 59 13 75 58 77 32 7 91 4 68 22 83 88 57 19 36 89 67 20 37 94 31 99 87 78 53 5 43 74 30 27 97 49 92 21 65 61 72 90 73 82 40 33 28 96 16 46 79 10 9 52 70 34 29 42 60 55 56 15 23 84 85 62 48 71 98 24 50 25 3 11 14 8 66 47 38 93 69 63 18 0 35 95 26 44 51 41 64 86
Coste: 22398104

GENERACION: 20
Mejor Solucion:  61 79 30 65 54 80 36 39 71 91 70 92 2 33 78 64 62 3 8 14 0 87 10 17 41 51 43 48 32 31 68 74 96 82 69 37 77 66 89 81 13 38 5 44 86 9 34 27 59 12 99 53 85 28 1 55 22 35 73 7 19 25 72 97 50 56 49 95 93 21 42 90 20 94 75 84 98 24 11 83 58 52 67 23 47 40 57 6 76 63 46 45 15 16 26 18 60 29 88 4
Coste: 22023595

GENERACION: 25
Mejor Solucion:  61 79 30 65 54 80 36 39 71 91 70 92 2 33 78 64 62 3 8 14 0 87 10 17 41 51 43 48 32 31 68 74 96 82 69 37 77 66 89 81 13 38 5 44 86 9 34 27 59 12 99 53 85 28 1 55 22 35 73 7 19 25 72 97 50 56 49 95 93 21 42 90 20 94 75 84 98 24 11 83 58 52 67 23 47 40 57 6 76 63 46 45 15 16 26 18 60 29 88 4
Coste: 22023595

GENERACION: 30
Mejor Solucion:  61 79 30 65 54 80 36 39 71 91 70 92 2 33 78 64 62 3 8 14 0 87 10 17 41 51 43 48 32 31 68 74 96 82 69 37 77 66 89 81 13 38 5 44 86 9 34 27 59 12 99 53 85 28 1 55 22 35 73 7 19 25 72 97 50 56 49 95 93 21 42 90 20 94 75 84 98 24 11 83 58 52 67 23 47 40 57 6 76 63 46 45 15 16 26 18 60 29 88 4
Coste: 22023595

GENERACION: 35
Mejor Solucion:  61 79 30 65 54 80 36 39 71 91 70 92 2 33 78 64 62 3 8 14 0 87 10 17 41 51 43 48 32 31 68 74 96 82 69 37 77 66 89 81 13 38 5 44 86 9 34 27 59 12 99 53 85 28 1 55 22 35 73 7 19 25 72 97 50 56 49 95 93 21 42 90 20 94 75 84 98 24 11 83 58 52 67 23 47 40 57 6 76 63 46 45 15 16 26 18 60 29 88 4
Coste: 22023595

GENERACION: 40
Mejor Solucion:  3 74 4 84 63 62 11 21 52 97 58 93 25 18 27 87 12 5 15 95 36 22 60 7 20 16 67 78 8 23 96 40 51 9 39 55 34 0 13 72 98 48 61 2 80 91 66 26 92 69 44 53 85 73 45 14 75 71 33 46 79 37 99 19 38 86 68 56 50 35 17 10 41 94 59 1 54 88 42 57 29 30 81 32 47 28 90 31 6 24 65 83 76 43 77 70 82 64 89 49
Coste: 21912576

GENERACION: 45
Mejor Solucion:  3 74 4 84 63 62 11 21 52 97 58 93 25 18 27 87 12 5 15 95 36 22 60 7 20 16 67 78 8 23 96 40 51 9 39 55 34 0 13 72 98 48 61 2 80 91 66 26 92 69 44 53 85 73 45 14 75 71 33 46 79 37 99 19 38 86 68 56 50 35 17 10 41 94 59 1 54 88 42 57 29 30 81 32 47 28 90 31 6 24 65 83 76 43 77 70 82 64 89 49
Coste: 21912576

GENERACION: 50
Mejor Solucion:  3 74 4 84 63 62 11 21 52 97 58 93 25 18 27 87 12 5 15 95 36 22 60 7 20 16 67 78 8 23 96 40 51 9 39 55 34 0 13 72 98 48 61 2 80 91 66 26 92 69 44 53 85 73 45 14 75 71 33 46 79 37 99 19 38 86 68 56 50 35 17 10 41 94 59 1 54 88 42 57 29 30 81 32 47 28 90 31 6 24 65 83 76 43 77 70 82 64 89 49
Coste: 21912576

GENERACION: 55
Mejor Solucion:  3 74 4 84 63 62 11 21 52 97 58 93 25 18 27 87 12 5 15 95 36 22 60 7 20 16 67 78 8 23 96 40 51 9 39 55 34 0 13 72 98 48 61 2 80 91 66 26 92 69 44 53 85 73 45 14 75 71 33 46 79 37 99 19 38 86 68 56 50 35 17 10 41 94 59 1 54 88 42 57 29 30 81 32 47 28 90 31 6 24 65 83 76 43 77 70 82 64 89 49
Coste: 21912576

GENERACION: 60
Mejor Solucion:  61 82 29 44 15 66 75 24 93 69 8 18 22 76 4 57 74 72 9 95 14 63 60 90 20 16 67 62 65 78 96 49 51 30 99 38 34 5 13 68 37 85 6 52 80 19 11 59 55 54 53 91 7 97 84 58 42 46 23 94 86 27 87 98 12 50 35 56 17 45 88 10 41 77 40 1 32 21 73 92 70 39 81 47 0 26 25 3 33 48 79 71 2 43 36 83 31 64 89 28
Coste: 21807004

GENERACION: 65
Mejor Solucion:  61 82 29 44 15 66 75 24 93 69 8 18 22 76 4 57 74 72 9 95 14 63 60 90 20 16 67 62 65 78 96 49 51 30 99 38 34 5 13 68 37 85 6 52 80 19 11 59 55 54 53 91 7 97 84 58 42 46 23 94 86 27 87 98 12 50 35 56 17 45 88 10 41 77 40 1 32 21 73 92 70 39 81 47 0 26 25 3 33 48 79 71 2 43 36 83 31 64 89 28
Coste: 21807004

GENERACION: 70
Mejor Solucion:  61 82 29 44 15 66 75 24 93 69 8 18 22 76 4 57 74 72 9 95 14 63 60 90 20 16 67 62 65 78 96 49 51 30 99 38 34 5 13 68 37 85 6 52 80 19 11 59 55 54 53 91 7 97 84 58 42 46 23 94 86 27 87 98 12 50 35 56 17 45 88 10 41 77 40 1 32 21 73 92 70 39 81 47 0 26 25 3 33 48 79 71 2 43 36 83 31 64 89 28
Coste: 21807004

GENERACION: 75
Mejor Solucion:  61 82 29 44 15 66 75 24 93 69 8 18 22 76 4 57 74 72 9 95 14 63 60 90 20 16 67 62 65 78 96 49 51 30 99 38 34 5 13 68 37 85 6 52 80 19 11 59 55 54 53 91 7 97 84 58 42 46 23 94 86 27 87 98 12 50 35 56 17 45 88 10 41 77 40 1 32 21 73 92 70 39 81 47 0 26 25 3 33 48 79 71 2 43 36 83 31 64 89 28
Coste: 21807004

GENERACION: 80
Mejor Solucion:  61 82 29 44 15 66 75 24 93 69 8 18 22 76 4 57 74 72 9 95 14 63 60 90 20 16 67 62 65 78 96 49 51 30 99 38 34 5 13 68 37 85 6 52 80 19 11 59 55 54 53 91 7 97 84 58 42 46 23 94 86 27 87 98 12 50 35 56 17 45 88 10 41 77 40 1 32 21 73 92 70 39 81 47 0 26 25 3 33 48 79 71 2 43 36 83 31 64 89 28
Coste: 21807004

GENERACION: 85
Mejor Solucion:  61 82 29 44 15 66 75 24 93 69 8 18 22 76 4 57 74 72 9 95 14 63 60 90 20 16 67 62 65 78 96 49 51 30 99 38 34 5 13 68 37 85 6 52 80 19 11 59 55 54 53 91 7 97 84 58 42 46 23 94 86 27 87 98 12 50 35 56 17 45 88 10 41 77 40 1 32 21 73 92 70 39 81 47 0 26 25 3 33 48 79 71 2 43 36 83 31 64 89 28
Coste: 21807004

GENERACION: 90
Mejor Solucion:  72 1 60 29 86 27 57 24 40 61 56 26 59 20 52 91 76 7 83 95 14 79 75 19 54 73 21 66 65 67 96 49 77 44 94 9 34 8 37 81 6 85 23 18 69 89 11 33 39 90 16 88 43 53 84 55 25 93 92 5 32 41 87 74 13 50 35 63 98 45 10 17 99 68 58 48 80 97 42 31 70 78 30 47 0 28 22 4 62 51 12 71 2 82 36 3 46 64 15 38
Coste: 21804985

GENERACION: 95
Mejor Solucion:  72 1 60 29 86 27 57 24 40 61 56 26 59 20 52 91 76 7 83 95 14 79 75 19 54 73 21 66 65 67 96 49 77 44 94 9 34 8 37 81 6 85 23 18 69 89 11 33 39 90 16 88 43 53 84 55 25 93 92 5 32 41 87 74 13 50 35 63 98 45 10 17 99 68 58 48 80 97 42 31 70 78 30 47 0 28 22 4 62 51 12 71 2 82 36 3 46 64 15 38
Coste: 21804985

GENERACION: 100
Mejor Solucion:  72 1 48 29 86 96 57 24 40 73 85 26 59 20 52 91 10 55 83 21 14 18 75 19 54 37 28 16 32 67 80 49 77 44 94 95 34 65 90 81 6 46 23 79 69 89 11 33 39 12 98 88 43 31 84 61 25 93 92 68 62 41 87 74 13 50 35 63 99 45 56 17 51 8 58 64 66 97 42 53 70 78 27 47 0 60 22 4 9 30 5 71 2 82 36 3 7 76 15 38
Coste: 21755719

GENERACION: 105
Mejor Solucion:  72 1 48 29 86 96 57 24 40 73 85 26 59 20 52 91 10 55 83 21 14 18 75 19 54 37 28 16 32 67 80 49 77 44 94 95 34 65 90 81 6 46 23 79 69 89 11 33 39 12 98 88 43 31 84 61 25 93 92 68 62 41 87 74 13 50 35 63 99 45 56 17 51 8 58 64 66 97 42 53 70 78 27 47 0 60 22 4 9 30 5 71 2 82 36 3 7 76 15 38
Coste: 21755719

GENERACION: 110
Mejor Solucion:  72 1 48 29 86 96 57 24 40 73 85 26 59 20 52 91 10 55 83 21 14 18 75 19 54 37 28 16 32 67 80 49 77 44 94 95 34 65 90 81 6 46 23 79 69 89 11 33 39 12 98 88 43 31 84 61 25 93 92 68 62 41 87 74 13 50 35 63 99 45 56 17 51 8 58 64 66 97 42 53 70 78 27 47 0 60 22 4 9 30 5 71 2 82 36 3 7 76 15 38
Coste: 21755719

GENERACION: 115
Mejor Solucion:  72 1 48 29 86 96 57 24 40 73 85 26 59 20 52 91 10 55 83 21 14 18 75 19 54 37 28 16 32 67 80 49 77 44 94 95 34 65 90 81 6 46 23 79 69 89 11 33 39 12 98 88 43 31 84 61 25 93 92 68 62 41 87 74 13 50 35 63 99 45 56 17 51 8 58 64 66 97 42 53 70 78 27 47 0 60 22 4 9 30 5 71 2 82 36 3 7 76 15 38
Coste: 21755719

GENERACION: 120
Mejor Solucion:  72 1 48 29 86 96 57 24 40 73 85 26 59 20 52 91 10 55 83 21 14 18 75 19 54 37 28 16 32 67 80 49 77 44 94 95 34 65 90 81 6 46 23 79 69 89 11 33 39 12 98 88 43 31 84 61 25 93 92 68 62 41 87 74 13 50 35 63 99 45 56 17 51 8 58 64 66 97 42 53 70 78 27 47 0 60 22 4 9 30 5 71 2 82 36 3 7 76 15 38
Coste: 21755719

GENERACION: 125
Mejor Solucion:  72 1 48 29 86 96 57 24 40 73 85 26 59 20 52 91 10 55 83 21 14 18 75 19 54 37 28 16 32 67 80 49 77 44 94 95 34 65 90 81 6 46 23 79 69 89 11 33 39 12 98 88 43 31 84 61 25 93 92 68 62 41 87 74 13 50 35 63 99 45 56 17 51 8 58 64 66 97 42 53 70 78 27 47 0 60 22 4 9 30 5 71 2 82 36 3 7 76 15 38
Coste: 21755719

GENERACION: 130
Mejor Solucion:  72 1 48 29 86 96 57 24 40 73 85 26 59 20 52 91 10 55 83 21 14 18 75 19 54 37 28 16 32 67 80 49 77 44 94 95 34 65 90 81 6 46 23 79 69 89 11 33 39 12 98 88 43 31 84 61 25 93 92 68 62 41 87 74 13 50 35 63 99 45 56 17 51 8 58 64 66 97 42 53 70 78 27 47 0 60 22 4 9 30 5 71 2 82 36 3 7 76 15 38
Coste: 21755719

GENERACION: 135
Mejor Solucion:  72 1 48 29 86 96 57 24 40 73 85 26 59 20 52 91 10 55 83 21 14 18 75 19 54 37 28 16 32 67 80 49 77 44 94 95 34 65 90 81 6 46 23 79 69 89 11 33 39 12 98 88 43 31 84 61 25 93 92 68 62 41 87 74 13 50 35 63 99 45 56 17 51 8 58 64 66 97 42 53 70 78 27 47 0 60 22 4 9 30 5 71 2 82 36 3 7 76 15 38
Coste: 21755719

GENERACION: 140
Mejor Solucion:  72 1 48 29 86 96 57 24 40 73 85 26 59 20 52 91 10 55 83 21 14 18 75 19 54 37 28 16 32 67 80 49 77 44 94 95 34 65 90 81 6 46 23 79 69 89 11 33 39 12 98 88 43 31 84 61 25 93 92 68 62 41 87 74 13 50 35 63 99 45 56 17 51 8 58 64 66 97 42 53 70 78 27 47 0 60 22 4 9 30 5 71 2 82 36 3 7 76 15 38
Coste: 21755719

GENERACION: 145
Mejor Solucion:  72 1 48 29 86 96 57 24 40 73 85 26 59 20 52 91 10 55 83 21 14 18 75 19 54 37 28 16 32 67 80 49 77 44 94 95 34 65 90 81 6 46 23 79 69 89 11 33 39 12 98 88 43 31 84 61 25 93 92 68 62 41 87 74 13 50 35 63 99 45 56 17 51 8 58 64 66 97 42 53 70 78 27 47 0 60 22 4 9 30 5 71 2 82 36 3 7 76 15 38
Coste: 21755719

GENERACION: 150
Mejor Solucion:  72 1 48 29 86 96 57 24 40 73 85 26 59 20 52 91 10 55 83 21 14 18 75 19 54 37 28 16 32 67 80 49 77 44 94 95 34 65 90 81 6 46 23 79 69 89 11 33 39 12 98 88 43 31 84 61 25 93 92 68 62 41 87 74 13 50 35 63 99 45 56 17 51 8 58 64 66 97 42 53 70 78 27 47 0 60 22 4 9 30 5 71 2 82 36 3 7 76 15 38
Coste: 21755719

GENERACION: 155
Mejor Solucion:  72 1 48 29 86 96 57 24 40 73 85 26 59 20 52 91 10 55 83 21 14 18 75 19 54 37 28 16 32 67 80 49 77 44 94 95 34 65 90 81 6 46 23 79 69 89 11 33 39 12 98 88 43 31 84 61 25 93 92 68 62 41 87 74 13 50 35 63 99 45 56 17 51 8 58 64 66 97 42 53 70 78 27 47 0 60 22 4 9 30 5 71 2 82 36 3 7 76 15 38
Coste: 21755719

GENERACION: 160
Mejor Solucion:  72 1 48 29 86 96 57 24 40 73 85 26 59 20 52 91 10 55 83 21 14 18 75 19 54 37 28 16 32 67 80 49 77 44 94 95 34 65 90 81 6 46 23 79 69 89 11 33 39 12 98 88 43 31 84 61 25 93 92 68 62 41 87 74 13 50 35 63 99 45 56 17 51 8 58 64 66 97 42 53 70 78 27 47 0 60 22 4 9 30 5 71 2 82 36 3 7 76 15 38
Coste: 21755719

GENERACION: 165
Mejor Solucion:  72 1 48 29 86 96 57 24 40 73 85 26 59 20 52 91 10 55 83 21 14 18 75 19 54 37 28 16 32 67 80 49 77 44 94 95 34 65 90 81 6 46 23 79 69 89 11 33 39 12 98 88 43 31 84 61 25 93 92 68 62 41 87 74 13 50 35 63 99 45 56 17 51 8 58 64 66 97 42 53 70 78 27 47 0 60 22 4 9 30 5 71 2 82 36 3 7 76 15 38
Coste: 21755719

GENERACION: 170
Mejor Solucion:  72 1 48 29 86 96 57 24 40 73 85 26 59 20 52 91 10 55 83 21 14 18 75 19 54 37 28 16 32 67 80 49 77 44 94 95 34 65 90 81 6 46 23 79 69 89 11 33 39 12 98 88 43 31 84 61 25 93 92 68 62 41 87 74 13 50 35 63 99 45 56 17 51 8 58 64 66 97 42 53 70 78 27 47 0 60 22 4 9 30 5 71 2 82 36 3 7 76 15 38
Coste: 21755719

GENERACION: 175
Mejor Solucion:  72 1 48 29 86 96 57 24 40 73 85 26 59 20 52 91 10 55 83 21 14 18 75 19 54 37 28 16 32 67 80 49 77 44 94 95 34 65 90 81 6 46 23 79 69 89 11 33 39 12 98 88 43 31 84 61 25 93 92 68 62 41 87 74 13 50 35 63 99 45 56 17 51 8 58 64 66 97 42 53 70 78 27 47 0 60 22 4 9 30 5 71 2 82 36 3 7 76 15 38
Coste: 21755719

GENERACION: 180
Mejor Solucion:  72 1 48 29 86 96 57 24 40 73 85 26 59 20 52 91 10 55 83 21 14 18 75 19 54 37 28 16 32 67 80 49 77 44 94 95 34 65 90 81 6 46 23 79 69 89 11 33 39 12 98 88 43 31 84 61 25 93 92 68 62 41 87 74 13 50 35 63 99 45 56 17 51 8 58 64 66 97 42 53 70 78 27 47 0 60 22 4 9 30 5 71 2 82 36 3 7 76 15 38
Coste: 21755719

GENERACION: 185
Mejor Solucion:  72 1 48 29 86 96 57 24 40 73 85 26 59 20 52 91 10 55 83 21 14 18 75 19 54 37 28 16 32 67 80 49 77 44 94 95 34 65 90 81 6 46 23 79 69 89 11 33 39 12 98 88 43 31 84 61 25 93 92 68 62 41 87 74 13 50 35 63 99 45 56 17 51 8 58 64 66 97 42 53 70 78 27 47 0 60 22 4 9 30 5 71 2 82 36 3 7 76 15 38
Coste: 21755719

GENERACION: 190
Mejor Solucion:  72 1 48 29 86 96 57 24 40 73 85 26 59 20 52 91 10 55 83 21 14 18 75 19 54 37 28 16 32 67 80 49 77 44 94 95 34 65 90 81 6 46 23 79 69 89 11 33 39 12 98 88 43 31 84 61 25 93 92 68 62 41 87 74 13 50 35 63 99 45 56 17 51 8 58 64 66 97 42 53 70 78 27 47 0 60 22 4 9 30 5 71 2 82 36 3 7 76 15 38
Coste: 21755719

GENERACION: 195
Mejor Solucion:  72 1 48 29 86 96 57 24 40 73 85 26 59 20 52 91 10 55 83 21 14 18 75 19 54 37 28 16 32 67 80 49 77 44 94 95 34 65 90 81 6 46 23 79 69 89 11 33 39 12 98 88 43 31 84 61 25 93 92 68 62 41 87 74 13 50 35 63 99 45 56 17 51 8 58 64 66 97 42 53 70 78 27 47 0 60 22 4 9 30 5 71 2 82 36 3 7 76 15 38
Coste: 21755719

GENERACION: 200
Mejor Solucion:  72 1 48 29 86 96 57 24 40 73 85 26 59 20 52 91 10 55 83 21 14 18 75 19 54 37 28 16 32 67 80 49 77 44 94 95 34 65 90 81 6 46 23 79 69 89 11 33 39 12 98 88 43 31 84 61 25 93 92 68 62 41 87 74 13 50 35 63 99 45 56 17 51 8 58 64 66 97 42 53 70 78 27 47 0 60 22 4 9 30 5 71 2 82 36 3 7 76 15 38
Coste: 21755719

GENERACION: 205
Mejor Solucion:  72 1 48 29 86 96 57 24 40 73 85 26 59 20 52 91 10 55 83 21 14 18 75 19 54 37 28 16 32 67 80 49 77 44 94 95 34 65 90 81 6 46 23 79 69 89 11 33 39 12 98 88 43 31 84 61 25 93 92 68 62 41 87 74 13 50 35 63 99 45 56 17 51 8 58 64 66 97 42 53 70 78 27 47 0 60 22 4 9 30 5 71 2 82 36 3 7 76 15 38
Coste: 21755719

GENERACION: 210
Mejor Solucion:  72 1 48 29 86 96 57 24 40 73 85 26 59 20 52 91 10 55 83 21 14 18 75 19 54 37 28 16 32 67 80 49 77 44 94 95 34 65 90 81 6 46 23 79 69 89 11 33 39 12 98 88 43 31 84 61 25 93 92 68 62 41 87 74 13 50 35 63 99 45 56 17 51 8 58 64 66 97 42 53 70 78 27 47 0 60 22 4 9 30 5 71 2 82 36 3 7 76 15 38
Coste: 21755719

GENERACION: 215
Mejor Solucion:  72 1 48 29 86 96 57 24 40 73 85 26 59 20 52 91 10 55 83 21 14 18 75 19 54 37 28 16 32 67 80 49 77 44 94 95 34 65 90 81 6 46 23 79 69 89 11 33 39 12 98 88 43 31 84 61 25 93 92 68 62 41 87 74 13 50 35 63 99 45 56 17 51 8 58 64 66 97 42 53 70 78 27 47 0 60 22 4 9 30 5 71 2 82 36 3 7 76 15 38
Coste: 21755719

GENERACION: 220
Mejor Solucion:  72 1 48 29 86 96 57 24 40 73 85 26 59 20 52 91 10 55 83 21 14 18 75 19 54 37 28 16 32 67 80 49 77 44 94 95 34 65 90 81 6 46 23 79 69 89 11 33 39 12 98 88 43 31 84 61 25 93 92 68 62 41 87 74 13 50 35 63 99 45 56 17 51 8 58 64 66 97 42 53 70 78 27 47 0 60 22 4 9 30 5 71 2 82 36 3 7 76 15 38
Coste: 21755719

GENERACION: 225
Mejor Solucion:  72 1 48 29 86 96 57 24 40 73 85 26 59 20 52 91 10 55 83 21 14 18 75 19 54 37 28 16 32 67 80 49 77 44 94 95 34 65 90 81 6 46 23 79 69 89 11 33 39 12 98 88 43 31 84 61 25 93 92 68 62 41 87 74 13 50 35 63 99 45 56 17 51 8 58 64 66 97 42 53 70 78 27 47 0 60 22 4 9 30 5 71 2 82 36 3 7 76 15 38
Coste: 21755719

GENERACION: 230
Mejor Solucion:  72 1 48 29 86 96 57 24 40 73 85 26 59 20 52 91 10 55 83 21 14 18 75 19 54 37 28 16 32 67 80 49 77 44 94 95 34 65 90 81 6 46 23 79 69 89 11 33 39 12 98 88 43 31 84 61 25 93 92 68 62 41 87 74 13 50 35 63 99 45 56 17 51 8 58 64 66 97 42 53 70 78 27 47 0 60 22 4 9 30 5 71 2 82 36 3 7 76 15 38
Coste: 21755719

GENERACION: 235
Mejor Solucion:  72 1 48 29 86 96 57 24 40 73 85 26 59 20 52 91 10 55 83 21 14 18 75 19 54 37 28 16 32 67 80 49 77 44 94 95 34 65 90 81 6 46 23 79 69 89 11 33 39 12 98 88 43 31 84 61 25 93 92 68 62 41 87 74 13 50 35 63 99 45 56 17 51 8 58 64 66 97 42 53 70 78 27 47 0 60 22 4 9 30 5 71 2 82 36 3 7 76 15 38
Coste: 21755719

GENERACION: 240
Mejor Solucion:  72 1 48 29 86 96 57 24 40 73 85 26 59 20 52 91 10 55 83 21 14 18 75 19 54 37 28 16 32 67 80 49 77 44 94 95 34 65 90 81 6 46 23 79 69 89 11 33 39 12 98 88 43 31 84 61 25 93 92 68 62 41 87 74 13 50 35 63 99 45 56 17 51 8 58 64 66 97 42 53 70 78 27 47 0 60 22 4 9 30 5 71 2 82 36 3 7 76 15 38
Coste: 21755719

GENERACION: 245
Mejor Solucion:  72 1 48 29 86 96 57 24 40 73 85 26 59 20 52 91 10 55 83 21 14 18 75 19 54 37 28 16 32 67 80 49 77 44 94 95 34 65 90 81 6 46 23 79 69 89 11 33 39 12 98 88 43 31 84 61 25 93 92 68 62 41 87 74 13 50 35 63 99 45 56 17 51 8 58 64 66 97 42 53 70 78 27 47 0 60 22 4 9 30 5 71 2 82 36 3 7 76 15 38
Coste: 21755719

GENERACION: 250
Mejor Solucion:  72 1 48 29 86 96 57 24 40 73 85 26 59 20 52 91 10 55 83 21 14 18 75 19 54 37 28 16 32 67 80 49 77 44 94 95 34 65 90 81 6 46 23 79 69 89 11 33 39 12 98 88 43 31 84 61 25 93 92 68 62 41 87 74 13 50 35 63 99 45 56 17 51 8 58 64 66 97 42 53 70 78 27 47 0 60 22 4 9 30 5 71 2 82 36 3 7 76 15 38
Coste: 21755719

GENERACION: 255
Mejor Solucion:  72 1 48 29 86 96 57 24 40 73 85 26 59 20 52 91 10 55 83 21 14 18 75 19 54 37 28 16 32 67 80 49 77 44 94 95 34 65 90 81 6 46 23 79 69 89 11 33 39 12 98 88 43 31 84 61 25 93 92 68 62 41 87 74 13 50 35 63 99 45 56 17 51 8 58 64 66 97 42 53 70 78 27 47 0 60 22 4 9 30 5 71 2 82 36 3 7 76 15 38
Coste: 21755719

GENERACION: 260
Mejor Solucion:  72 1 48 29 86 96 57 24 40 73 85 26 59 20 52 91 10 55 83 21 14 18 75 19 54 37 28 16 32 67 80 49 77 44 94 95 34 65 90 81 6 46 23 79 69 89 11 33 39 12 98 88 43 31 84 61 25 93 92 68 62 41 87 74 13 50 35 63 99 45 56 17 51 8 58 64 66 97 42 53 70 78 27 47 0 60 22 4 9 30 5 71 2 82 36 3 7 76 15 38
Coste: 21755719

GENERACION: 265
Mejor Solucion:  72 1 48 29 86 96 57 24 40 73 85 26 59 20 52 91 10 55 83 21 14 18 75 19 54 37 28 16 32 67 80 49 77 44 94 95 34 65 90 81 6 46 23 79 69 89 11 33 39 12 98 88 43 31 84 61 25 93 92 68 62 41 87 74 13 50 35 63 99 45 56 17 51 8 58 64 66 97 42 53 70 78 27 47 0 60 22 4 9 30 5 71 2 82 36 3 7 76 15 38
Coste: 21755719

GENERACION: 270
Mejor Solucion:  72 1 48 29 86 96 57 24 40 73 85 26 59 20 52 91 10 55 83 21 14 18 75 19 54 37 28 16 32 67 80 49 77 44 94 95 34 65 90 81 6 46 23 79 69 89 11 33 39 12 98 88 43 31 84 61 25 93 92 68 62 41 87 74 13 50 35 63 99 45 56 17 51 8 58 64 66 97 42 53 70 78 27 47 0 60 22 4 9 30 5 71 2 82 36 3 7 76 15 38
Coste: 21755719

GENERACION: 275
Mejor Solucion:  72 1 48 29 86 96 57 24 40 73 85 26 59 20 52 91 10 55 83 21 14 18 75 19 54 37 28 16 32 67 80 49 77 44 94 95 34 65 90 81 6 46 23 79 69 89 11 33 39 12 98 88 43 31 84 61 25 93 92 68 62 41 87 74 13 50 35 63 99 45 56 17 51 8 58 64 66 97 42 53 70 78 27 47 0 60 22 4 9 30 5 71 2 82 36 3 7 76 15 38
Coste: 21755719

GENERACION: 280
Mejor Solucion:  72 1 48 29 86 96 57 24 40 73 85 26 59 20 52 91 10 55 83 21 14 18 75 19 54 37 28 16 32 67 80 49 77 44 94 95 34 65 90 81 6 46 23 79 69 89 11 33 39 12 98 88 43 31 84 61 25 93 92 68 62 41 87 74 13 50 35 63 99 45 56 17 51 8 58 64 66 97 42 53 70 78 27 47 0 60 22 4 9 30 5 71 2 82 36 3 7 76 15 38
Coste: 21755719

GENERACION: 285
Mejor Solucion:  72 1 48 29 86 96 57 24 40 73 85 26 59 20 52 91 10 55 83 21 14 18 75 19 54 37 28 16 32 67 80 49 77 44 94 95 34 65 90 81 6 46 23 79 69 89 11 33 39 12 98 88 43 31 84 61 25 93 92 68 62 41 87 74 13 50 35 63 99 45 56 17 51 8 58 64 66 97 42 53 70 78 27 47 0 60 22 4 9 30 5 71 2 82 36 3 7 76 15 38
Coste: 21755719

GENERACION: 290
Mejor Solucion:  72 1 48 29 86 96 57 24 40 73 85 26 59 20 52 91 10 55 83 21 14 18 75 19 54 37 28 16 32 67 80 49 77 44 94 95 34 65 90 81 6 46 23 79 69 89 11 33 39 12 98 88 43 31 84 61 25 93 92 68 62 41 87 74 13 50 35 63 99 45 56 17 51 8 58 64 66 97 42 53 70 78 27 47 0 60 22 4 9 30 5 71 2 82 36 3 7 76 15 38
Coste: 21755719

GENERACION: 295
Mejor Solucion:  72 1 48 29 86 96 57 24 40 73 85 26 59 20 52 91 10 55 83 21 14 18 75 19 54 37 28 16 32 67 80 49 77 44 94 95 34 65 90 81 6 46 23 79 69 89 11 33 39 12 98 88 43 31 84 61 25 93 92 68 62 41 87 74 13 50 35 63 99 45 56 17 51 8 58 64 66 97 42 53 70 78 27 47 0 60 22 4 9 30 5 71 2 82 36 3 7 76 15 38
Coste: 21755719

GENERACION: 300
Mejor Solucion:  72 1 48 29 86 96 57 24 40 73 85 26 59 20 52 91 10 55 83 21 14 18 75 19 54 37 28 16 32 67 80 49 77 44 94 95 34 65 90 81 6 46 23 79 69 89 11 33 39 12 98 88 43 31 84 61 25 93 92 68 62 41 87 74 13 50 35 63 99 45 56 17 51 8 58 64 66 97 42 53 70 78 27 47 0 60 22 4 9 30 5 71 2 82 36 3 7 76 15 38
Coste: 21755719

GENERACION: 305
Mejor Solucion:  72 1 48 29 86 96 57 24 40 73 85 26 59 20 52 91 10 55 83 21 14 18 75 19 54 37 28 16 32 67 80 49 77 44 94 95 34 65 90 81 6 46 23 79 69 89 11 33 39 12 98 88 43 31 84 61 25 93 92 68 62 41 87 74 13 50 35 63 99 45 56 17 51 8 58 64 66 97 42 53 70 78 27 47 0 60 22 4 9 30 5 71 2 82 36 3 7 76 15 38
Coste: 21755719

GENERACION: 310
Mejor Solucion:  72 1 48 29 86 96 57 24 40 73 85 26 59 20 52 91 10 55 83 21 14 18 75 19 54 37 28 16 32 67 80 49 77 44 94 95 34 65 90 81 6 46 23 79 69 89 11 33 39 12 98 88 43 31 84 61 25 93 92 68 62 41 87 74 13 50 35 63 99 45 56 17 51 8 58 64 66 97 42 53 70 78 27 47 0 60 22 4 9 30 5 71 2 82 36 3 7 76 15 38
Coste: 21755719

GENERACION: 315
Mejor Solucion:  72 1 48 29 86 96 57 24 40 73 85 26 59 20 52 91 10 55 83 21 14 18 75 19 54 37 28 16 32 67 80 49 77 44 94 95 34 65 90 81 6 46 23 79 69 89 11 33 39 12 98 88 43 31 84 61 25 93 92 68 62 41 87 74 13 50 35 63 99 45 56 17 51 8 58 64 66 97 42 53 70 78 27 47 0 60 22 4 9 30 5 71 2 82 36 3 7 76 15 38
Coste: 21755719

GENERACION: 320
Mejor Solucion:  72 1 48 29 86 96 57 24 40 73 85 26 59 20 52 91 10 55 83 21 14 18 75 19 54 37 28 16 32 67 80 49 77 44 94 95 34 65 90 81 6 46 23 79 69 89 11 33 39 12 98 88 43 31 84 61 25 93 92 68 62 41 87 74 13 50 35 63 99 45 56 17 51 8 58 64 66 97 42 53 70 78 27 47 0 60 22 4 9 30 5 71 2 82 36 3 7 76 15 38
Coste: 21755719

GENERACION: 325
Mejor Solucion:  72 1 48 29 86 96 57 24 40 73 85 26 59 20 52 91 10 55 83 21 14 18 75 19 54 37 28 16 32 67 80 49 77 44 94 95 34 65 90 81 6 46 23 79 69 89 11 33 39 12 98 88 43 31 84 61 25 93 92 68 62 41 87 74 13 50 35 63 99 45 56 17 51 8 58 64 66 97 42 53 70 78 27 47 0 60 22 4 9 30 5 71 2 82 36 3 7 76 15 38
Coste: 21755719

GENERACION: 330
Mejor Solucion:  72 1 48 29 86 96 57 24 40 73 85 26 59 20 52 91 10 55 83 21 14 18 75 19 54 37 28 16 32 67 80 49 77 44 94 95 34 65 90 81 6 46 23 79 69 89 11 33 39 12 98 88 43 31 84 61 25 93 92 68 62 41 87 74 13 50 35 63 99 45 56 17 51 8 58 64 66 97 42 53 70 78 27 47 0 60 22 4 9 30 5 71 2 82 36 3 7 76 15 38
Coste: 21755719

GENERACION: 335
Mejor Solucion:  72 1 48 29 86 96 57 24 40 73 85 26 59 20 52 91 10 55 83 21 14 18 75 19 54 37 28 16 32 67 80 49 77 44 94 95 34 65 90 81 6 46 23 79 69 89 11 33 39 12 98 88 43 31 84 61 25 93 92 68 62 41 87 74 13 50 35 63 99 45 56 17 51 8 58 64 66 97 42 53 70 78 27 47 0 60 22 4 9 30 5 71 2 82 36 3 7 76 15 38
Coste: 21755719

GENERACION: 340
Mejor Solucion:  72 1 48 29 86 96 57 24 40 73 85 26 59 20 52 91 10 55 83 21 14 18 75 19 54 37 28 16 32 67 80 49 77 44 94 95 34 65 90 81 6 46 23 79 69 89 11 33 39 12 98 88 43 31 84 61 25 93 92 68 62 41 87 74 13 50 35 63 99 45 56 17 51 8 58 64 66 97 42 53 70 78 27 47 0 60 22 4 9 30 5 71 2 82 36 3 7 76 15 38
Coste: 21755719

GENERACION: 345
Mejor Solucion:  72 1 48 29 86 96 57 24 40 73 85 26 59 20 52 91 10 55 83 21 14 18 75 19 54 37 28 16 32 67 80 49 77 44 94 95 34 65 90 81 6 46 23 79 69 89 11 33 39 12 98 88 43 31 84 61 25 93 92 68 62 41 87 74 13 50 35 63 99 45 56 17 51 8 58 64 66 97 42 53 70 78 27 47 0 60 22 4 9 30 5 71 2 82 36 3 7 76 15 38
Coste: 21755719

GENERACION: 350
Mejor Solucion:  72 1 48 29 86 96 57 24 40 73 85 26 59 20 52 91 10 55 83 21 14 18 75 19 54 37 28 16 32 67 80 49 77 44 94 95 34 65 90 81 6 46 23 79 69 89 11 33 39 12 98 88 43 31 84 61 25 93 92 68 62 41 87 74 13 50 35 63 99 45 56 17 51 8 58 64 66 97 42 53 70 78 27 47 0 60 22 4 9 30 5 71 2 82 36 3 7 76 15 38
Coste: 21755719

GENERACION: 355
Mejor Solucion:  72 1 48 29 86 96 57 24 40 73 85 26 59 20 52 91 10 55 83 21 14 18 75 19 54 37 28 16 32 67 80 49 77 44 94 95 34 65 90 81 6 46 23 79 69 89 11 33 39 12 98 88 43 31 84 61 25 93 92 68 62 41 87 74 13 50 35 63 99 45 56 17 51 8 58 64 66 97 42 53 70 78 27 47 0 60 22 4 9 30 5 71 2 82 36 3 7 76 15 38
Coste: 21755719

GENERACION: 360
Mejor Solucion:  72 1 48 29 86 96 57 24 40 73 85 26 59 20 52 91 10 55 83 21 14 18 75 19 54 37 28 16 32 67 80 49 77 44 94 95 34 65 90 81 6 46 23 79 69 89 11 33 39 12 98 88 43 31 84 61 25 93 92 68 62 41 87 74 13 50 35 63 99 45 56 17 51 8 58 64 66 97 42 53 70 78 27 47 0 60 22 4 9 30 5 71 2 82 36 3 7 76 15 38
Coste: 21755719

GENERACION: 365
Mejor Solucion:  72 1 48 29 86 96 57 24 40 73 85 26 59 20 52 91 10 55 83 21 14 18 75 19 54 37 28 16 32 67 80 49 77 44 94 95 34 65 90 81 6 46 23 79 69 89 11 33 39 12 98 88 43 31 84 61 25 93 92 68 62 41 87 74 13 50 35 63 99 45 56 17 51 8 58 64 66 97 42 53 70 78 27 47 0 60 22 4 9 30 5 71 2 82 36 3 7 76 15 38
Coste: 21755719

GENERACION: 370
Mejor Solucion:  72 1 48 29 86 96 57 24 40 73 85 26 59 20 52 91 10 55 83 21 14 18 75 19 54 37 28 16 32 67 80 49 77 44 94 95 34 65 90 81 6 46 23 79 69 89 11 33 39 12 98 88 43 31 84 61 25 93 92 68 62 41 87 74 13 50 35 63 99 45 56 17 51 8 58 64 66 97 42 53 70 78 27 47 0 60 22 4 9 30 5 71 2 82 36 3 7 76 15 38
Coste: 21755719

GENERACION: 375
Mejor Solucion:  72 1 48 29 86 96 57 24 40 73 85 26 59 20 52 91 10 55 83 21 14 18 75 19 54 37 28 16 32 67 80 49 77 44 94 95 34 65 90 81 6 46 23 79 69 89 11 33 39 12 98 88 43 31 84 61 25 93 92 68 62 41 87 74 13 50 35 63 99 45 56 17 51 8 58 64 66 97 42 53 70 78 27 47 0 60 22 4 9 30 5 71 2 82 36 3 7 76 15 38
Coste: 21755719

GENERACION: 380
Mejor Solucion:  72 1 48 29 86 96 57 24 40 73 85 26 59 20 52 91 10 55 83 21 14 18 75 19 54 37 28 16 32 67 80 49 77 44 94 95 34 65 90 81 6 46 23 79 69 89 11 33 39 12 98 88 43 31 84 61 25 93 92 68 62 41 87 74 13 50 35 63 99 45 56 17 51 8 58 64 66 97 42 53 70 78 27 47 0 60 22 4 9 30 5 71 2 82 36 3 7 76 15 38
Coste: 21755719

GENERACION: 385
Mejor Solucion:  72 1 48 29 86 96 57 24 40 73 85 26 59 20 52 91 10 55 83 21 14 18 75 19 54 37 28 16 32 67 80 49 77 44 94 95 34 65 90 81 6 46 23 79 69 89 11 33 39 12 98 88 43 31 84 61 25 93 92 68 62 41 87 74 13 50 35 63 99 45 56 17 51 8 58 64 66 97 42 53 70 78 27 47 0 60 22 4 9 30 5 71 2 82 36 3 7 76 15 38
Coste: 21755719

GENERACION: 390
Mejor Solucion:  12 51 81 58 30 39 73 62 6 78 0 37 7 90 32 55 69 47 83 86 87 52 14 96 15 79 60 36 44 19 8 89 54 94 46 50 24 98 42 28 48 43 76 23 18 4 41 71 49 63 35 68 45 16 17 13 92 56 93 97 9 11 99 31 84 61 65 75 40 29 72 26 10 1 88 67 57 80 95 59 5 77 82 70 64 33 22 25 91 34 66 2 21 20 38 53 74 85 27 3
Coste: 21738981

GENERACION: 395
Mejor Solucion:  12 51 81 58 30 39 73 62 6 78 0 37 7 90 32 55 69 47 83 86 87 52 14 96 15 79 60 36 44 19 8 89 54 94 46 50 24 98 42 28 48 43 76 23 18 4 41 71 49 63 35 68 45 16 17 13 92 56 93 97 9 11 99 31 84 61 65 75 40 29 72 26 10 1 88 67 57 80 95 59 5 77 82 70 64 33 22 25 91 34 66 2 21 20 38 53 74 85 27 3
Coste: 21738981

GENERACION: 400
Mejor Solucion:  12 16 81 58 78 39 98 21 23 1 80 37 7 90 32 55 69 47 97 86 30 14 63 99 15 79 31 36 68 19 71 89 54 0 46 50 40 20 42 28 3 43 84 11 18 4 41 60 49 73 33 53 27 88 17 10 92 57 93 72 9 45 83 67 34 61 76 75 24 29 65 26 91 94 52 51 56 87 8 59 5 77 82 70 64 13 22 25 96 62 66 2 6 35 38 44 74 85 48 95
Coste: 21721090

GENERACION: 405
Mejor Solucion:  12 16 81 58 78 39 98 21 23 1 80 37 7 90 32 55 69 47 97 86 30 14 63 99 15 79 31 36 68 19 71 89 54 0 46 50 40 20 42 28 3 43 84 11 18 4 41 60 49 73 33 53 27 88 17 10 92 57 93 72 9 45 83 67 34 61 76 75 24 29 65 26 91 94 52 51 56 87 8 59 5 77 82 70 64 13 22 25 96 62 66 2 6 35 38 44 74 85 48 95
Coste: 21721090

GENERACION: 410
Mejor Solucion:  12 16 81 58 78 39 98 21 23 1 80 37 7 90 32 55 69 47 97 86 30 14 63 99 15 79 31 36 68 19 71 89 54 0 46 50 40 20 42 28 3 43 84 11 18 4 41 60 49 73 33 53 27 88 17 10 92 57 93 72 9 45 83 67 34 61 76 75 24 29 65 26 91 94 52 51 56 87 8 59 5 77 82 70 64 13 22 25 96 62 66 2 6 35 38 44 74 85 48 95
Coste: 21721090

GENERACION: 415
Mejor Solucion:  12 16 81 58 78 39 98 21 23 1 80 37 7 90 32 55 69 47 97 86 30 14 63 99 15 79 31 36 68 19 71 89 54 0 46 50 40 20 42 28 3 43 84 11 18 4 41 60 49 73 33 53 27 88 17 10 92 57 93 72 9 45 83 67 34 61 76 75 24 29 65 26 91 94 52 51 56 87 8 59 5 77 82 70 64 13 22 25 96 62 66 2 6 35 38 44 74 85 48 95
Coste: 21721090

GENERACION: 420
Mejor Solucion:  12 16 81 58 78 39 98 21 23 1 80 37 7 90 32 55 69 47 97 86 30 14 63 99 15 79 31 36 68 19 71 89 54 0 46 50 40 20 42 28 3 43 84 11 18 4 41 60 49 73 33 53 27 88 17 10 92 57 93 72 9 45 83 67 34 61 76 75 24 29 65 26 91 94 52 51 56 87 8 59 5 77 82 70 64 13 22 25 96 62 66 2 6 35 38 44 74 85 48 95
Coste: 21721090

GENERACION: 425
Mejor Solucion:  12 16 81 58 78 39 98 21 23 1 80 37 7 90 32 55 69 47 97 86 30 14 63 99 15 79 31 36 68 19 71 89 54 0 46 50 40 20 42 28 3 43 84 11 18 4 41 60 49 73 33 53 27 88 17 10 92 57 93 72 9 45 83 67 34 61 76 75 24 29 65 26 91 94 52 51 56 87 8 59 5 77 82 70 64 13 22 25 96 62 66 2 6 35 38 44 74 85 48 95
Coste: 21721090

GENERACION: 430
Mejor Solucion:  12 16 81 58 78 39 98 21 23 1 80 37 7 90 32 55 69 47 97 86 30 14 63 99 15 79 31 36 68 19 71 89 54 0 46 50 40 20 42 28 3 43 84 11 18 4 41 60 49 73 33 53 27 88 17 10 92 57 93 72 9 45 83 67 34 61 76 75 24 29 65 26 91 94 52 51 56 87 8 59 5 77 82 70 64 13 22 25 96 62 66 2 6 35 38 44 74 85 48 95
Coste: 21721090

GENERACION: 435
Mejor Solucion:  12 16 81 58 78 39 98 21 23 1 80 37 7 90 32 55 69 47 97 86 30 14 63 99 15 79 31 36 68 19 71 89 54 0 46 50 40 20 42 28 3 43 84 11 18 4 41 60 49 73 33 53 27 88 17 10 92 57 93 72 9 45 83 67 34 61 76 75 24 29 65 26 91 94 52 51 56 87 8 59 5 77 82 70 64 13 22 25 96 62 66 2 6 35 38 44 74 85 48 95
Coste: 21721090

GENERACION: 440
Mejor Solucion:  12 16 81 58 78 39 98 21 23 1 80 37 7 90 32 55 69 47 97 86 30 14 63 99 15 79 31 36 68 19 71 89 54 0 46 50 40 20 42 28 3 43 84 11 18 4 41 60 49 73 33 53 27 88 17 10 92 57 93 72 9 45 83 67 34 61 76 75 24 29 65 26 91 94 52 51 56 87 8 59 5 77 82 70 64 13 22 25 96 62 66 2 6 35 38 44 74 85 48 95
Coste: 21721090

GENERACION: 445
Mejor Solucion:  12 16 81 58 78 39 98 21 23 1 80 37 7 90 32 55 69 47 97 86 30 14 63 99 15 79 31 36 68 19 71 89 54 0 46 50 40 20 42 28 3 43 84 11 18 4 41 60 49 73 33 53 27 88 17 10 92 57 93 72 9 45 83 67 34 61 76 75 24 29 65 26 91 94 52 51 56 87 8 59 5 77 82 70 64 13 22 25 96 62 66 2 6 35 38 44 74 85 48 95
Coste: 21721090

GENERACION: 450
Mejor Solucion:  12 16 81 58 78 39 98 21 23 1 80 37 7 90 32 55 69 47 97 86 30 14 63 99 15 79 31 36 68 19 71 89 54 0 46 50 40 20 42 28 3 43 84 11 18 4 41 60 49 73 33 53 27 88 17 10 92 57 93 72 9 45 83 67 34 61 76 75 24 29 65 26 91 94 52 51 56 87 8 59 5 77 82 70 64 13 22 25 96 62 66 2 6 35 38 44 74 85 48 95
Coste: 21721090

GENERACION: 455
Mejor Solucion:  12 16 81 58 78 39 98 21 23 1 80 37 7 90 32 55 69 47 97 86 30 14 63 99 15 79 31 36 68 19 71 89 54 0 46 50 40 20 42 28 3 43 84 11 18 4 41 60 49 73 33 53 27 88 17 10 92 57 93 72 9 45 83 67 34 61 76 75 24 29 65 26 91 94 52 51 56 87 8 59 5 77 82 70 64 13 22 25 96 62 66 2 6 35 38 44 74 85 48 95
Coste: 21721090

GENERACION: 460
Mejor Solucion:  12 16 81 58 78 39 98 21 23 1 80 37 7 90 32 55 69 47 97 86 30 14 63 99 15 79 31 36 68 19 71 89 54 0 46 50 40 20 42 28 3 43 84 11 18 4 41 60 49 73 33 53 27 88 17 10 92 57 93 72 9 45 83 67 34 61 76 75 24 29 65 26 91 94 52 51 56 87 8 59 5 77 82 70 64 13 22 25 96 62 66 2 6 35 38 44 74 85 48 95
Coste: 21721090

GENERACION: 465
Mejor Solucion:  12 16 81 58 78 39 98 21 23 1 80 37 7 90 32 55 69 47 97 86 30 14 63 99 15 79 31 36 68 19 71 89 54 0 46 50 40 20 42 28 3 43 84 11 18 4 41 60 49 73 33 53 27 88 17 10 92 57 93 72 9 45 83 67 34 61 76 75 24 29 65 26 91 94 52 51 56 87 8 59 5 77 82 70 64 13 22 25 96 62 66 2 6 35 38 44 74 85 48 95
Coste: 21721090

GENERACION: 470
Mejor Solucion:  12 16 81 58 78 39 98 21 23 1 80 37 7 90 32 55 69 47 97 86 30 14 63 99 15 79 31 36 68 19 71 89 54 0 46 50 40 20 42 28 3 43 84 11 18 4 41 60 49 73 33 53 27 88 17 10 92 57 93 72 9 45 83 67 34 61 76 75 24 29 65 26 91 94 52 51 56 87 8 59 5 77 82 70 64 13 22 25 96 62 66 2 6 35 38 44 74 85 48 95
Coste: 21721090

GENERACION: 475
Mejor Solucion:  12 16 81 58 78 39 98 21 23 1 80 37 7 90 32 55 69 47 97 86 30 14 63 99 15 79 31 36 68 19 71 89 54 0 46 50 40 20 42 28 3 43 84 11 18 4 41 60 49 73 33 53 27 88 17 10 92 57 93 72 9 45 83 67 34 61 76 75 24 29 65 26 91 94 52 51 56 87 8 59 5 77 82 70 64 13 22 25 96 62 66 2 6 35 38 44 74 85 48 95
Coste: 21721090

GENERACION: 480
Mejor Solucion:  12 16 81 58 78 39 98 21 23 1 80 37 7 90 32 55 69 47 97 86 30 14 63 99 15 79 31 36 68 19 71 89 54 0 46 50 40 20 42 28 3 43 84 11 18 4 41 60 49 73 33 53 27 88 17 10 92 57 93 72 9 45 83 67 34 61 76 75 24 29 65 26 91 94 52 51 56 87 8 59 5 77 82 70 64 13 22 25 96 62 66 2 6 35 38 44 74 85 48 95
Coste: 21721090

GENERACION: 485
Mejor Solucion:  12 16 81 58 78 39 98 21 23 1 80 37 7 90 32 55 69 47 97 86 30 14 63 99 15 79 31 36 68 19 71 89 54 0 46 50 40 20 42 28 3 43 84 11 18 4 41 60 49 73 33 53 27 88 17 10 92 57 93 72 9 45 83 67 34 61 76 75 24 29 65 26 91 94 52 51 56 87 8 59 5 77 82 70 64 13 22 25 96 62 66 2 6 35 38 44 74 85 48 95
Coste: 21721090

GENERACION: 490
Mejor Solucion:  12 16 81 58 78 39 98 21 23 1 80 37 7 90 32 55 69 47 97 86 30 14 63 99 15 79 31 36 68 19 71 89 54 0 46 50 40 20 42 28 3 43 84 11 18 4 41 60 49 73 33 53 27 88 17 10 92 57 93 72 9 45 83 67 34 61 76 75 24 29 65 26 91 94 52 51 56 87 8 59 5 77 82 70 64 13 22 25 96 62 66 2 6 35 38 44 74 85 48 95
Coste: 21721090

GENERACION: 495
Mejor Solucion:  12 16 81 58 78 39 98 21 23 1 80 37 7 90 32 55 69 47 97 86 30 14 63 99 15 79 31 36 68 19 71 89 54 0 46 50 40 20 42 28 3 43 84 11 18 4 41 60 49 73 33 53 27 88 17 10 92 57 93 72 9 45 83 67 34 61 76 75 24 29 65 26 91 94 52 51 56 87 8 59 5 77 82 70 64 13 22 25 96 62 66 2 6 35 38 44 74 85 48 95
Coste: 21721090

GENERACION: 500
Mejor Solucion:  12 16 81 58 78 39 98 21 23 1 80 37 7 90 32 55 69 47 97 86 30 14 63 99 15 79 31 36 68 19 71 89 54 0 46 50 40 20 42 28 3 43 84 11 18 4 41 60 49 73 33 53 27 88 17 10 92 57 93 72 9 45 83 67 34 61 76 75 24 29 65 26 91 94 52 51 56 87 8 59 5 77 82 70 64 13 22 25 96 62 66 2 6 35 38 44 74 85 48 95
Coste: 21721090

GENERACION: 505
Mejor Solucion:  12 16 81 58 78 39 98 21 23 1 80 37 7 90 32 55 69 47 97 86 30 14 63 99 15 79 31 36 68 19 71 89 54 0 46 50 40 20 42 28 3 43 84 11 18 4 41 60 49 73 33 53 27 88 17 10 92 57 93 72 9 45 83 67 34 61 76 75 24 29 65 26 91 94 52 51 56 87 8 59 5 77 82 70 64 13 22 25 96 62 66 2 6 35 38 44 74 85 48 95
Coste: 21721090

GENERACION: 510
Mejor Solucion:  12 16 81 58 78 39 98 21 23 1 80 37 7 90 32 55 69 47 97 86 30 14 63 99 15 79 31 36 68 19 71 89 54 0 46 50 40 20 42 28 3 43 84 11 18 4 41 60 49 73 33 53 27 88 17 10 92 57 93 72 9 45 83 67 34 61 76 75 24 29 65 26 91 94 52 51 56 87 8 59 5 77 82 70 64 13 22 25 96 62 66 2 6 35 38 44 74 85 48 95
Coste: 21721090

GENERACION: 515
Mejor Solucion:  12 16 81 58 78 39 98 21 23 1 80 37 7 90 32 55 69 47 97 86 30 14 63 99 15 79 31 36 68 19 71 89 54 0 46 50 40 20 42 28 3 43 84 11 18 4 41 60 49 73 33 53 27 88 17 10 92 57 93 72 9 45 83 67 34 61 76 75 24 29 65 26 91 94 52 51 56 87 8 59 5 77 82 70 64 13 22 25 96 62 66 2 6 35 38 44 74 85 48 95
Coste: 21721090

GENERACION: 520
Mejor Solucion:  12 16 81 58 78 39 98 21 23 1 80 37 7 90 32 55 69 47 97 86 30 14 63 99 15 79 31 36 68 19 71 89 54 0 46 50 40 20 42 28 3 43 84 11 18 4 41 60 49 73 33 53 27 88 17 10 92 57 93 72 9 45 83 67 34 61 76 75 24 29 65 26 91 94 52 51 56 87 8 59 5 77 82 70 64 13 22 25 96 62 66 2 6 35 38 44 74 85 48 95
Coste: 21721090

GENERACION: 525
Mejor Solucion:  12 16 81 58 78 39 98 21 23 1 80 37 7 90 32 55 69 47 97 86 30 14 63 99 15 79 31 36 68 19 71 89 54 0 46 50 40 20 42 28 3 43 84 11 18 4 41 60 49 73 33 53 27 88 17 10 92 57 93 72 9 45 83 67 34 61 76 75 24 29 65 26 91 94 52 51 56 87 8 59 5 77 82 70 64 13 22 25 96 62 66 2 6 35 38 44 74 85 48 95
Coste: 21721090

GENERACION: 530
Mejor Solucion:  12 16 81 58 78 39 98 21 23 1 80 37 7 90 32 55 69 47 97 86 30 14 63 99 15 79 31 36 68 19 71 89 54 0 46 50 40 20 42 28 3 43 84 11 18 4 41 60 49 73 33 53 27 88 17 10 92 57 93 72 9 45 83 67 34 61 76 75 24 29 65 26 91 94 52 51 56 87 8 59 5 77 82 70 64 13 22 25 96 62 66 2 6 35 38 44 74 85 48 95
Coste: 21721090

GENERACION: 535
Mejor Solucion:  12 16 81 58 78 39 98 21 23 1 80 37 7 90 32 55 69 47 97 86 30 14 63 99 15 79 31 36 68 19 71 89 54 0 46 50 40 20 42 28 3 43 84 11 18 4 41 60 49 73 33 53 27 88 17 10 92 57 93 72 9 45 83 67 34 61 76 75 24 29 65 26 91 94 52 51 56 87 8 59 5 77 82 70 64 13 22 25 96 62 66 2 6 35 38 44 74 85 48 95
Coste: 21721090

GENERACION: 540
Mejor Solucion:  12 16 81 58 78 39 98 21 23 1 80 37 7 90 32 55 69 47 97 86 30 14 63 99 15 79 31 36 68 19 71 89 54 0 46 50 40 20 42 28 3 43 84 11 18 4 41 60 49 73 33 53 27 88 17 10 92 57 93 72 9 45 83 67 34 61 76 75 24 29 65 26 91 94 52 51 56 87 8 59 5 77 82 70 64 13 22 25 96 62 66 2 6 35 38 44 74 85 48 95
Coste: 21721090

GENERACION: 545
Mejor Solucion:  12 16 81 58 78 39 98 21 23 1 80 37 7 90 32 55 69 47 97 86 30 14 63 99 15 79 31 36 68 19 71 89 54 0 46 50 40 20 42 28 3 43 84 11 18 4 41 60 49 73 33 53 27 88 17 10 92 57 93 72 9 45 83 67 34 61 76 75 24 29 65 26 91 94 52 51 56 87 8 59 5 77 82 70 64 13 22 25 96 62 66 2 6 35 38 44 74 85 48 95
Coste: 21721090

GENERACION: 550
Mejor Solucion:  12 16 81 58 78 39 98 21 23 1 80 37 7 90 32 55 69 47 97 86 30 14 63 99 15 79 31 36 68 19 71 89 54 0 46 50 40 20 42 28 3 43 84 11 18 4 41 60 49 73 33 53 27 88 17 10 92 57 93 72 9 45 83 67 34 61 76 75 24 29 65 26 91 94 52 51 56 87 8 59 5 77 82 70 64 13 22 25 96 62 66 2 6 35 38 44 74 85 48 95
Coste: 21721090

GENERACION: 555
Mejor Solucion:  12 16 81 58 78 39 98 21 23 1 80 37 7 90 32 55 69 47 97 86 30 14 63 99 15 79 31 36 68 19 71 89 54 0 46 50 40 20 42 28 3 43 84 11 18 4 41 60 49 73 33 53 27 88 17 10 92 57 93 72 9 45 83 67 34 61 76 75 24 29 65 26 91 94 52 51 56 87 8 59 5 77 82 70 64 13 22 25 96 62 66 2 6 35 38 44 74 85 48 95
Coste: 21721090

GENERACION: 560
Mejor Solucion:  12 16 81 58 78 39 98 21 23 1 80 37 7 90 32 55 69 47 97 86 30 14 63 99 15 79 31 36 68 19 71 89 54 0 46 50 40 20 42 28 3 43 84 11 18 4 41 60 49 73 33 53 27 88 17 10 92 57 93 72 9 45 83 67 34 61 76 75 24 29 65 26 91 94 52 51 56 87 8 59 5 77 82 70 64 13 22 25 96 62 66 2 6 35 38 44 74 85 48 95
Coste: 21721090

GENERACION: 565
Mejor Solucion:  12 16 81 58 78 39 98 21 23 1 80 37 7 90 32 55 69 47 97 86 30 14 63 99 15 79 31 36 68 19 71 89 54 0 46 50 40 20 42 28 3 43 84 11 18 4 41 60 49 73 33 53 27 88 17 10 92 57 93 72 9 45 83 67 34 61 76 75 24 29 65 26 91 94 52 51 56 87 8 59 5 77 82 70 64 13 22 25 96 62 66 2 6 35 38 44 74 85 48 95
Coste: 21721090

GENERACION: 570
Mejor Solucion:  12 16 81 58 78 39 98 21 23 1 80 37 7 90 32 55 69 47 97 86 30 14 63 99 15 79 31 36 68 19 71 89 54 0 46 50 40 20 42 28 3 43 84 11 18 4 41 60 49 73 33 53 27 88 17 10 92 57 93 72 9 45 83 67 34 61 76 75 24 29 65 26 91 94 52 51 56 87 8 59 5 77 82 70 64 13 22 25 96 62 66 2 6 35 38 44 74 85 48 95
Coste: 21721090

GENERACION: 575
Mejor Solucion:  12 16 81 58 78 39 98 21 23 1 80 37 7 90 32 55 69 47 97 86 30 14 63 99 15 79 31 36 68 19 71 89 54 0 46 50 40 20 42 28 3 43 84 11 18 4 41 60 49 73 33 53 27 88 17 10 92 57 93 72 9 45 83 67 34 61 76 75 24 29 65 26 91 94 52 51 56 87 8 59 5 77 82 70 64 13 22 25 96 62 66 2 6 35 38 44 74 85 48 95
Coste: 21721090

GENERACION: 580
Mejor Solucion:  12 16 81 58 78 39 98 21 23 1 80 37 7 90 32 55 69 47 97 86 30 14 63 99 15 79 31 36 68 19 71 89 54 0 46 50 40 20 42 28 3 43 84 11 18 4 41 60 49 73 33 53 27 88 17 10 92 57 93 72 9 45 83 67 34 61 76 75 24 29 65 26 91 94 52 51 56 87 8 59 5 77 82 70 64 13 22 25 96 62 66 2 6 35 38 44 74 85 48 95
Coste: 21721090

GENERACION: 585
Mejor Solucion:  12 16 81 58 78 39 98 21 23 1 80 37 7 90 32 55 69 47 97 86 30 14 63 99 15 79 31 36 68 19 71 89 54 0 46 50 40 20 42 28 3 43 84 11 18 4 41 60 49 73 33 53 27 88 17 10 92 57 93 72 9 45 83 67 34 61 76 75 24 29 65 26 91 94 52 51 56 87 8 59 5 77 82 70 64 13 22 25 96 62 66 2 6 35 38 44 74 85 48 95
Coste: 21721090

GENERACION: 590
Mejor Solucion:  12 16 81 58 78 39 98 21 23 1 80 37 7 90 32 55 69 47 97 86 30 14 63 99 15 79 31 36 68 19 71 89 54 0 46 50 40 20 42 28 3 43 84 11 18 4 41 60 49 73 33 53 27 88 17 10 92 57 93 72 9 45 83 67 34 61 76 75 24 29 65 26 91 94 52 51 56 87 8 59 5 77 82 70 64 13 22 25 96 62 66 2 6 35 38 44 74 85 48 95
Coste: 21721090

GENERACION: 595
Mejor Solucion:  12 16 81 58 78 39 98 21 23 1 80 37 7 90 32 55 69 47 97 86 30 14 63 99 15 79 31 36 68 19 71 89 54 0 46 50 40 20 42 28 3 43 84 11 18 4 41 60 49 73 33 53 27 88 17 10 92 57 93 72 9 45 83 67 34 61 76 75 24 29 65 26 91 94 52 51 56 87 8 59 5 77 82 70 64 13 22 25 96 62 66 2 6 35 38 44 74 85 48 95
Coste: 21721090

GENERACION: 600
Mejor Solucion:  12 16 81 58 78 39 98 21 23 1 80 37 7 90 32 55 69 47 97 86 30 14 63 99 15 79 31 36 68 19 71 89 54 0 46 50 40 20 42 28 3 43 84 11 18 4 41 60 49 73 33 53 27 88 17 10 92 57 93 72 9 45 83 67 34 61 76 75 24 29 65 26 91 94 52 51 56 87 8 59 5 77 82 70 64 13 22 25 96 62 66 2 6 35 38 44 74 85 48 95
Coste: 21721090

GENERACION: 605
Mejor Solucion:  12 16 81 58 78 39 98 21 23 1 80 37 7 90 32 55 69 47 97 86 30 14 63 99 15 79 31 36 68 19 71 89 54 0 46 50 40 20 42 28 3 43 84 11 18 4 41 60 49 73 33 53 27 88 17 10 92 57 93 72 9 45 83 67 34 61 76 75 24 29 65 26 91 94 52 51 56 87 8 59 5 77 82 70 64 13 22 25 96 62 66 2 6 35 38 44 74 85 48 95
Coste: 21721090

GENERACION: 610
Mejor Solucion:  12 16 81 58 78 39 98 21 23 1 80 37 7 90 32 55 69 47 97 86 30 14 63 99 15 79 31 36 68 19 71 89 54 0 46 50 40 20 42 28 3 43 84 11 18 4 41 60 49 73 33 53 27 88 17 10 92 57 93 72 9 45 83 67 34 61 76 75 24 29 65 26 91 94 52 51 56 87 8 59 5 77 82 70 64 13 22 25 96 62 66 2 6 35 38 44 74 85 48 95
Coste: 21721090

GENERACION: 615
Mejor Solucion:  12 16 81 58 78 39 98 21 23 1 80 37 7 90 32 55 69 47 97 86 30 14 63 99 15 79 31 36 68 19 71 89 54 0 46 50 40 20 42 28 3 43 84 11 18 4 41 60 49 73 33 53 27 88 17 10 92 57 93 72 9 45 83 67 34 61 76 75 24 29 65 26 91 94 52 51 56 87 8 59 5 77 82 70 64 13 22 25 96 62 66 2 6 35 38 44 74 85 48 95
Coste: 21721090

GENERACION: 620
Mejor Solucion:  12 16 81 58 78 39 98 21 23 1 80 37 7 90 32 55 69 47 97 86 30 14 63 99 15 79 31 36 68 19 71 89 54 0 46 50 40 20 42 28 3 43 84 11 18 4 41 60 49 73 33 53 27 88 17 10 92 57 93 72 9 45 83 67 34 61 76 75 24 29 65 26 91 94 52 51 56 87 8 59 5 77 82 70 64 13 22 25 96 62 66 2 6 35 38 44 74 85 48 95
Coste: 21721090

GENERACION: 625
Mejor Solucion:  12 16 81 58 78 39 98 21 23 1 80 37 7 90 32 55 69 47 97 86 30 14 63 99 15 79 31 36 68 19 71 89 54 0 46 50 40 20 42 28 3 43 84 11 18 4 41 60 49 73 33 53 27 88 17 10 92 57 93 72 9 45 83 67 34 61 76 75 24 29 65 26 91 94 52 51 56 87 8 59 5 77 82 70 64 13 22 25 96 62 66 2 6 35 38 44 74 85 48 95
Coste: 21721090

GENERACION: 630
Mejor Solucion:  12 16 81 58 78 39 98 21 23 1 80 37 7 90 32 55 69 47 97 86 30 14 63 99 15 79 31 36 68 19 71 89 54 0 46 50 40 20 42 28 3 43 84 11 18 4 41 60 49 73 33 53 27 88 17 10 92 57 93 72 9 45 83 67 34 61 76 75 24 29 65 26 91 94 52 51 56 87 8 59 5 77 82 70 64 13 22 25 96 62 66 2 6 35 38 44 74 85 48 95
Coste: 21721090

GENERACION: 635
Mejor Solucion:  12 16 81 58 78 39 98 21 23 1 80 37 7 90 32 55 69 47 97 86 30 14 63 99 15 79 31 36 68 19 71 89 54 0 46 50 40 20 42 28 3 43 84 11 18 4 41 60 49 73 33 53 27 88 17 10 92 57 93 72 9 45 83 67 34 61 76 75 24 29 65 26 91 94 52 51 56 87 8 59 5 77 82 70 64 13 22 25 96 62 66 2 6 35 38 44 74 85 48 95
Coste: 21721090

GENERACION: 640
Mejor Solucion:  12 16 81 58 78 39 98 21 23 1 80 37 7 90 32 55 69 47 97 86 30 14 63 99 15 79 31 36 68 19 71 89 54 0 46 50 40 20 42 28 3 43 84 11 18 4 41 60 49 73 33 53 27 88 17 10 92 57 93 72 9 45 83 67 34 61 76 75 24 29 65 26 91 94 52 51 56 87 8 59 5 77 82 70 64 13 22 25 96 62 66 2 6 35 38 44 74 85 48 95
Coste: 21721090

GENERACION: 645
Mejor Solucion:  12 16 81 58 78 39 98 21 23 1 80 37 7 90 32 55 69 47 97 86 30 14 63 99 15 79 31 36 68 19 71 89 54 0 46 50 40 20 42 28 3 43 84 11 18 4 41 60 49 73 33 53 27 88 17 10 92 57 93 72 9 45 83 67 34 61 76 75 24 29 65 26 91 94 52 51 56 87 8 59 5 77 82 70 64 13 22 25 96 62 66 2 6 35 38 44 74 85 48 95
Coste: 21721090

GENERACION: 650
Mejor Solucion:  12 16 81 58 78 39 98 21 23 1 80 37 7 90 32 55 69 47 97 86 30 14 63 99 15 79 31 36 68 19 71 89 54 0 46 50 40 20 42 28 3 43 84 11 18 4 41 60 49 73 33 53 27 88 17 10 92 57 93 72 9 45 83 67 34 61 76 75 24 29 65 26 91 94 52 51 56 87 8 59 5 77 82 70 64 13 22 25 96 62 66 2 6 35 38 44 74 85 48 95
Coste: 21721090

GENERACION: 655
Mejor Solucion:  12 16 81 58 78 39 98 21 23 1 80 37 7 90 32 55 69 47 97 86 30 14 63 99 15 79 31 36 68 19 71 89 54 0 46 50 40 20 42 28 3 43 84 11 18 4 41 60 49 73 33 53 27 88 17 10 92 57 93 72 9 45 83 67 34 61 76 75 24 29 65 26 91 94 52 51 56 87 8 59 5 77 82 70 64 13 22 25 96 62 66 2 6 35 38 44 74 85 48 95
Coste: 21721090

GENERACION: 660
Mejor Solucion:  12 16 81 58 78 39 98 21 23 1 80 37 7 90 32 55 69 47 97 86 30 14 63 99 15 79 31 36 68 19 71 89 54 0 46 50 40 20 42 28 3 43 84 11 18 4 41 60 49 73 33 53 27 88 17 10 92 57 93 72 9 45 83 67 34 61 76 75 24 29 65 26 91 94 52 51 56 87 8 59 5 77 82 70 64 13 22 25 96 62 66 2 6 35 38 44 74 85 48 95
Coste: 21721090

GENERACION: 665
Mejor Solucion:  12 16 81 58 78 39 98 21 23 1 80 37 7 90 32 55 69 47 97 86 30 14 63 99 15 79 31 36 68 19 71 89 54 0 46 50 40 20 42 28 3 43 84 11 18 4 41 60 49 73 33 53 27 88 17 10 92 57 93 72 9 45 83 67 34 61 76 75 24 29 65 26 91 94 52 51 56 87 8 59 5 77 82 70 64 13 22 25 96 62 66 2 6 35 38 44 74 85 48 95
Coste: 21721090

GENERACION: 670
Mejor Solucion:  12 16 81 58 78 39 98 21 23 1 80 37 7 90 32 55 69 47 97 86 30 14 63 99 15 79 31 36 68 19 71 89 54 0 46 50 40 20 42 28 3 43 84 11 18 4 41 60 49 73 33 53 27 88 17 10 92 57 93 72 9 45 83 67 34 61 76 75 24 29 65 26 91 94 52 51 56 87 8 59 5 77 82 70 64 13 22 25 96 62 66 2 6 35 38 44 74 85 48 95
Coste: 21721090

GENERACION: 675
Mejor Solucion:  12 16 81 58 78 39 98 21 23 1 80 37 7 90 32 55 69 47 97 86 30 14 63 99 15 79 31 36 68 19 71 89 54 0 46 50 40 20 42 28 3 43 84 11 18 4 41 60 49 73 33 53 27 88 17 10 92 57 93 72 9 45 83 67 34 61 76 75 24 29 65 26 91 94 52 51 56 87 8 59 5 77 82 70 64 13 22 25 96 62 66 2 6 35 38 44 74 85 48 95
Coste: 21721090

GENERACION: 680
Mejor Solucion:  12 16 81 58 78 39 98 21 23 1 80 37 7 90 32 55 69 47 97 86 30 14 63 99 15 79 31 36 68 19 71 89 54 0 46 50 40 20 42 28 3 43 84 11 18 4 41 60 49 73 33 53 27 88 17 10 92 57 93 72 9 45 83 67 34 61 76 75 24 29 65 26 91 94 52 51 56 87 8 59 5 77 82 70 64 13 22 25 96 62 66 2 6 35 38 44 74 85 48 95
Coste: 21721090

GENERACION: 685
Mejor Solucion:  12 16 81 58 78 39 98 21 23 1 80 37 7 90 32 55 69 47 97 86 30 14 63 99 15 79 31 36 68 19 71 89 54 0 46 50 40 20 42 28 3 43 84 11 18 4 41 60 49 73 33 53 27 88 17 10 92 57 93 72 9 45 83 67 34 61 76 75 24 29 65 26 91 94 52 51 56 87 8 59 5 77 82 70 64 13 22 25 96 62 66 2 6 35 38 44 74 85 48 95
Coste: 21721090

GENERACION: 690
Mejor Solucion:  12 16 81 58 78 39 98 21 23 1 80 37 7 90 32 55 69 47 97 86 30 14 63 99 15 79 31 36 68 19 71 89 54 0 46 50 40 20 42 28 3 43 84 11 18 4 41 60 49 73 33 53 27 88 17 10 92 57 93 72 9 45 83 67 34 61 76 75 24 29 65 26 91 94 52 51 56 87 8 59 5 77 82 70 64 13 22 25 96 62 66 2 6 35 38 44 74 85 48 95
Coste: 21721090

GENERACION: 695
Mejor Solucion:  12 16 81 58 78 39 98 21 23 1 80 37 7 90 32 55 69 47 97 86 30 14 63 99 15 79 31 36 68 19 71 89 54 0 46 50 40 20 42 28 3 43 84 11 18 4 41 60 49 73 33 53 27 88 17 10 92 57 93 72 9 45 83 67 34 61 76 75 24 29 65 26 91 94 52 51 56 87 8 59 5 77 82 70 64 13 22 25 96 62 66 2 6 35 38 44 74 85 48 95
Coste: 21721090

GENERACION: 700
Mejor Solucion:  12 16 81 58 78 39 98 21 23 1 80 37 7 90 32 55 69 47 97 86 30 14 63 99 15 79 31 36 68 19 71 89 54 0 46 50 40 20 42 28 3 43 84 11 18 4 41 60 49 73 33 53 27 88 17 10 92 57 93 72 9 45 83 67 34 61 76 75 24 29 65 26 91 94 52 51 56 87 8 59 5 77 82 70 64 13 22 25 96 62 66 2 6 35 38 44 74 85 48 95
Coste: 21721090

GENERACION: 705
Mejor Solucion:  12 16 81 58 78 39 98 21 23 1 80 37 7 90 32 55 69 47 97 86 30 14 63 99 15 79 31 36 68 19 71 89 54 0 46 50 40 20 42 28 3 43 84 11 18 4 41 60 49 73 33 53 27 88 17 10 92 57 93 72 9 45 83 67 34 61 76 75 24 29 65 26 91 94 52 51 56 87 8 59 5 77 82 70 64 13 22 25 96 62 66 2 6 35 38 44 74 85 48 95
Coste: 21721090

GENERACION: 710
Mejor Solucion:  12 16 81 58 78 39 98 21 23 1 80 37 7 90 32 55 69 47 97 86 30 14 63 99 15 79 31 36 68 19 71 89 54 0 46 50 40 20 42 28 3 43 84 11 18 4 41 60 49 73 33 53 27 88 17 10 92 57 93 72 9 45 83 67 34 61 76 75 24 29 65 26 91 94 52 51 56 87 8 59 5 77 82 70 64 13 22 25 96 62 66 2 6 35 38 44 74 85 48 95
Coste: 21721090

GENERACION: 715
Mejor Solucion:  12 16 81 58 78 39 98 21 23 1 80 37 7 90 32 55 69 47 97 86 30 14 63 99 15 79 31 36 68 19 71 89 54 0 46 50 40 20 42 28 3 43 84 11 18 4 41 60 49 73 33 53 27 88 17 10 92 57 93 72 9 45 83 67 34 61 76 75 24 29 65 26 91 94 52 51 56 87 8 59 5 77 82 70 64 13 22 25 96 62 66 2 6 35 38 44 74 85 48 95
Coste: 21721090

GENERACION: 720
Mejor Solucion:  12 16 81 58 78 39 98 21 23 1 80 37 7 90 32 55 69 47 97 86 30 14 63 99 15 79 31 36 68 19 71 89 54 0 46 50 40 20 42 28 3 43 84 11 18 4 41 60 49 73 33 53 27 88 17 10 92 57 93 72 9 45 83 67 34 61 76 75 24 29 65 26 91 94 52 51 56 87 8 59 5 77 82 70 64 13 22 25 96 62 66 2 6 35 38 44 74 85 48 95
Coste: 21721090

GENERACION: 725
Mejor Solucion:  12 16 81 58 78 39 98 21 23 1 80 37 7 90 32 55 69 47 97 86 30 14 63 99 15 79 31 36 68 19 71 89 54 0 46 50 40 20 42 28 3 43 84 11 18 4 41 60 49 73 33 53 27 88 17 10 92 57 93 72 9 45 83 67 34 61 76 75 24 29 65 26 91 94 52 51 56 87 8 59 5 77 82 70 64 13 22 25 96 62 66 2 6 35 38 44 74 85 48 95
Coste: 21721090

GENERACION: 730
Mejor Solucion:  12 16 81 58 78 39 98 21 23 1 80 37 7 90 32 55 69 47 97 86 30 14 63 99 15 79 31 36 68 19 71 89 54 0 46 50 40 20 42 28 3 43 84 11 18 4 41 60 49 73 33 53 27 88 17 10 92 57 93 72 9 45 83 67 34 61 76 75 24 29 65 26 91 94 52 51 56 87 8 59 5 77 82 70 64 13 22 25 96 62 66 2 6 35 38 44 74 85 48 95
Coste: 21721090

GENERACION: 735
Mejor Solucion:  12 16 81 58 78 39 98 21 23 1 80 37 7 90 32 55 69 47 97 86 30 14 63 99 15 79 31 36 68 19 71 89 54 0 46 50 40 20 42 28 3 43 84 11 18 4 41 60 49 73 33 53 27 88 17 10 92 57 93 72 9 45 83 67 34 61 76 75 24 29 65 26 91 94 52 51 56 87 8 59 5 77 82 70 64 13 22 25 96 62 66 2 6 35 38 44 74 85 48 95
Coste: 21721090

GENERACION: 740
Mejor Solucion:  12 16 81 58 78 39 98 21 23 1 80 37 7 90 32 55 69 47 97 86 30 14 63 99 15 79 31 36 68 19 71 89 54 0 46 50 40 20 42 28 3 43 84 11 18 4 41 60 49 73 33 53 27 88 17 10 92 57 93 72 9 45 83 67 34 61 76 75 24 29 65 26 91 94 52 51 56 87 8 59 5 77 82 70 64 13 22 25 96 62 66 2 6 35 38 44 74 85 48 95
Coste: 21721090

GENERACION: 745
Mejor Solucion:  12 16 81 58 78 39 98 21 23 1 80 37 7 90 32 55 69 47 97 86 30 14 63 99 15 79 31 36 68 19 71 89 54 0 46 50 40 20 42 28 3 43 84 11 18 4 41 60 49 73 33 53 27 88 17 10 92 57 93 72 9 45 83 67 34 61 76 75 24 29 65 26 91 94 52 51 56 87 8 59 5 77 82 70 64 13 22 25 96 62 66 2 6 35 38 44 74 85 48 95
Coste: 21721090

GENERACION: 750
Mejor Solucion:  12 16 81 58 78 39 98 21 23 1 80 37 7 90 32 55 69 47 97 86 30 14 63 99 15 79 31 36 68 19 71 89 54 0 46 50 40 20 42 28 3 43 84 11 18 4 41 60 49 73 33 53 27 88 17 10 92 57 93 72 9 45 83 67 34 61 76 75 24 29 65 26 91 94 52 51 56 87 8 59 5 77 82 70 64 13 22 25 96 62 66 2 6 35 38 44 74 85 48 95
Coste: 21721090

GENERACION: 755
Mejor Solucion:  12 16 81 58 78 39 98 21 23 1 80 37 7 90 32 55 69 47 97 86 30 14 63 99 15 79 31 36 68 19 71 89 54 0 46 50 40 20 42 28 3 43 84 11 18 4 41 60 49 73 33 53 27 88 17 10 92 57 93 72 9 45 83 67 34 61 76 75 24 29 65 26 91 94 52 51 56 87 8 59 5 77 82 70 64 13 22 25 96 62 66 2 6 35 38 44 74 85 48 95
Coste: 21721090

GENERACION: 760
Mejor Solucion:  12 16 81 58 78 39 98 21 23 1 80 37 7 90 32 55 69 47 97 86 30 14 63 99 15 79 31 36 68 19 71 89 54 0 46 50 40 20 42 28 3 43 84 11 18 4 41 60 49 73 33 53 27 88 17 10 92 57 93 72 9 45 83 67 34 61 76 75 24 29 65 26 91 94 52 51 56 87 8 59 5 77 82 70 64 13 22 25 96 62 66 2 6 35 38 44 74 85 48 95
Coste: 21721090

GENERACION: 765
Mejor Solucion:  12 16 81 58 78 39 98 21 23 1 80 37 7 90 32 55 69 47 97 86 30 14 63 99 15 79 31 36 68 19 71 89 54 0 46 50 40 20 42 28 3 43 84 11 18 4 41 60 49 73 33 53 27 88 17 10 92 57 93 72 9 45 83 67 34 61 76 75 24 29 65 26 91 94 52 51 56 87 8 59 5 77 82 70 64 13 22 25 96 62 66 2 6 35 38 44 74 85 48 95
Coste: 21721090

GENERACION: 770
Mejor Solucion:  12 16 81 58 78 39 98 21 23 1 80 37 7 90 32 55 69 47 97 86 30 14 63 99 15 79 31 36 68 19 71 89 54 0 46 50 40 20 42 28 3 43 84 11 18 4 41 60 49 73 33 53 27 88 17 10 92 57 93 72 9 45 83 67 34 61 76 75 24 29 65 26 91 94 52 51 56 87 8 59 5 77 82 70 64 13 22 25 96 62 66 2 6 35 38 44 74 85 48 95
Coste: 21721090

GENERACION: 775
Mejor Solucion:  12 16 81 58 78 39 98 21 23 1 80 37 7 90 32 55 69 47 97 86 30 14 63 99 15 79 31 36 68 19 71 89 54 0 46 50 40 20 42 28 3 43 84 11 18 4 41 60 49 73 33 53 27 88 17 10 92 57 93 72 9 45 83 67 34 61 76 75 24 29 65 26 91 94 52 51 56 87 8 59 5 77 82 70 64 13 22 25 96 62 66 2 6 35 38 44 74 85 48 95
Coste: 21721090

GENERACION: 780
Mejor Solucion:  12 16 81 58 78 39 98 21 23 1 80 37 7 90 32 55 69 47 97 86 30 14 63 99 15 79 31 36 68 19 71 89 54 0 46 50 40 20 42 28 3 43 84 11 18 4 41 60 49 73 33 53 27 88 17 10 92 57 93 72 9 45 83 67 34 61 76 75 24 29 65 26 91 94 52 51 56 87 8 59 5 77 82 70 64 13 22 25 96 62 66 2 6 35 38 44 74 85 48 95
Coste: 21721090

GENERACION: 785
Mejor Solucion:  12 16 81 58 78 39 98 21 23 1 80 37 7 90 32 55 69 47 97 86 30 14 63 99 15 79 31 36 68 19 71 89 54 0 46 50 40 20 42 28 3 43 84 11 18 4 41 60 49 73 33 53 27 88 17 10 92 57 93 72 9 45 83 67 34 61 76 75 24 29 65 26 91 94 52 51 56 87 8 59 5 77 82 70 64 13 22 25 96 62 66 2 6 35 38 44 74 85 48 95
Coste: 21721090

GENERACION: 790
Mejor Solucion:  12 16 81 58 78 39 98 21 23 1 80 37 7 90 32 55 69 47 97 86 30 14 63 99 15 79 31 36 68 19 71 89 54 0 46 50 40 20 42 28 3 43 84 11 18 4 41 60 49 73 33 53 27 88 17 10 92 57 93 72 9 45 83 67 34 61 76 75 24 29 65 26 91 94 52 51 56 87 8 59 5 77 82 70 64 13 22 25 96 62 66 2 6 35 38 44 74 85 48 95
Coste: 21721090

GENERACION: 795
Mejor Solucion:  12 16 81 58 78 39 98 21 23 1 80 37 7 90 32 55 69 47 97 86 30 14 63 99 15 79 31 36 68 19 71 89 54 0 46 50 40 20 42 28 3 43 84 11 18 4 41 60 49 73 33 53 27 88 17 10 92 57 93 72 9 45 83 67 34 61 76 75 24 29 65 26 91 94 52 51 56 87 8 59 5 77 82 70 64 13 22 25 96 62 66 2 6 35 38 44 74 85 48 95
Coste: 21721090

GENERACION: 800
Mejor Solucion:  12 16 81 58 78 39 98 21 23 1 80 37 7 90 32 55 69 47 97 86 30 14 63 99 15 79 31 36 68 19 71 89 54 0 46 50 40 20 42 28 3 43 84 11 18 4 41 60 49 73 33 53 27 88 17 10 92 57 93 72 9 45 83 67 34 61 76 75 24 29 65 26 91 94 52 51 56 87 8 59 5 77 82 70 64 13 22 25 96 62 66 2 6 35 38 44 74 85 48 95
Coste: 21721090

GENERACION: 805
Mejor Solucion:  12 16 81 58 78 39 98 21 23 1 80 37 7 90 32 55 69 47 97 86 30 14 63 99 15 79 31 36 68 19 71 89 54 0 46 50 40 20 42 28 3 43 84 11 18 4 41 60 49 73 33 53 27 88 17 10 92 57 93 72 9 45 83 67 34 61 76 75 24 29 65 26 91 94 52 51 56 87 8 59 5 77 82 70 64 13 22 25 96 62 66 2 6 35 38 44 74 85 48 95
Coste: 21721090

GENERACION: 810
Mejor Solucion:  12 16 81 58 78 39 98 21 23 1 80 37 7 90 32 55 69 47 97 86 30 14 63 99 15 79 31 36 68 19 71 89 54 0 46 50 40 20 42 28 3 43 84 11 18 4 41 60 49 73 33 53 27 88 17 10 92 57 93 72 9 45 83 67 34 61 76 75 24 29 65 26 91 94 52 51 56 87 8 59 5 77 82 70 64 13 22 25 96 62 66 2 6 35 38 44 74 85 48 95
Coste: 21721090

GENERACION: 815
Mejor Solucion:  12 16 81 58 78 39 98 21 23 1 80 37 7 90 32 55 69 47 97 86 30 14 63 99 15 79 31 36 68 19 71 89 54 0 46 50 40 20 42 28 3 43 84 11 18 4 41 60 49 73 33 53 27 88 17 10 92 57 93 72 9 45 83 67 34 61 76 75 24 29 65 26 91 94 52 51 56 87 8 59 5 77 82 70 64 13 22 25 96 62 66 2 6 35 38 44 74 85 48 95
Coste: 21721090

GENERACION: 820
Mejor Solucion:  12 16 81 58 78 39 98 21 23 1 80 37 7 90 32 55 69 47 97 86 30 14 63 99 15 79 31 36 68 19 71 89 54 0 46 50 40 20 42 28 3 43 84 11 18 4 41 60 49 73 33 53 27 88 17 10 92 57 93 72 9 45 83 67 34 61 76 75 24 29 65 26 91 94 52 51 56 87 8 59 5 77 82 70 64 13 22 25 96 62 66 2 6 35 38 44 74 85 48 95
Coste: 21721090

GENERACION: 825
Mejor Solucion:  12 16 81 58 78 39 98 21 23 1 80 37 7 90 32 55 69 47 97 86 30 14 63 99 15 79 31 36 68 19 71 89 54 0 46 50 40 20 42 28 3 43 84 11 18 4 41 60 49 73 33 53 27 88 17 10 92 57 93 72 9 45 83 67 34 61 76 75 24 29 65 26 91 94 52 51 56 87 8 59 5 77 82 70 64 13 22 25 96 62 66 2 6 35 38 44 74 85 48 95
Coste: 21721090

GENERACION: 830
Mejor Solucion:  12 16 81 58 78 39 98 21 23 1 80 37 7 90 32 55 69 47 97 86 30 14 63 99 15 79 31 36 68 19 71 89 54 0 46 50 40 20 42 28 3 43 84 11 18 4 41 60 49 73 33 53 27 88 17 10 92 57 93 72 9 45 83 67 34 61 76 75 24 29 65 26 91 94 52 51 56 87 8 59 5 77 82 70 64 13 22 25 96 62 66 2 6 35 38 44 74 85 48 95
Coste: 21721090

GENERACION: 835
Mejor Solucion:  12 16 81 58 78 39 98 21 23 1 80 37 7 90 32 55 69 47 97 86 30 14 63 99 15 79 31 36 68 19 71 89 54 0 46 50 40 20 42 28 3 43 84 11 18 4 41 60 49 73 33 53 27 88 17 10 92 57 93 72 9 45 83 67 34 61 76 75 24 29 65 26 91 94 52 51 56 87 8 59 5 77 82 70 64 13 22 25 96 62 66 2 6 35 38 44 74 85 48 95
Coste: 21721090

GENERACION: 840
Mejor Solucion:  12 16 81 58 78 39 98 21 23 1 80 37 7 90 32 55 69 47 97 86 30 14 63 99 15 79 31 36 68 19 71 89 54 0 46 50 40 20 42 28 3 43 84 11 18 4 41 60 49 73 33 53 27 88 17 10 92 57 93 72 9 45 83 67 34 61 76 75 24 29 65 26 91 94 52 51 56 87 8 59 5 77 82 70 64 13 22 25 96 62 66 2 6 35 38 44 74 85 48 95
Coste: 21721090

GENERACION: 845
Mejor Solucion:  12 16 81 58 78 39 98 21 23 1 80 37 7 90 32 55 69 47 97 86 30 14 63 99 15 79 31 36 68 19 71 89 54 0 46 50 40 20 42 28 3 43 84 11 18 4 41 60 49 73 33 53 27 88 17 10 92 57 93 72 9 45 83 67 34 61 76 75 24 29 65 26 91 94 52 51 56 87 8 59 5 77 82 70 64 13 22 25 96 62 66 2 6 35 38 44 74 85 48 95
Coste: 21721090

GENERACION: 850
Mejor Solucion:  12 16 81 58 78 39 98 21 23 1 80 37 7 90 32 55 69 47 97 86 30 14 63 99 15 79 31 36 68 19 71 89 54 0 46 50 40 20 42 28 3 43 84 11 18 4 41 60 49 73 33 53 27 88 17 10 92 57 93 72 9 45 83 67 34 61 76 75 24 29 65 26 91 94 52 51 56 87 8 59 5 77 82 70 64 13 22 25 96 62 66 2 6 35 38 44 74 85 48 95
Coste: 21721090

GENERACION: 855
Mejor Solucion:  12 16 81 58 78 39 98 21 23 1 80 37 7 90 32 55 69 47 97 86 30 14 63 99 15 79 31 36 68 19 71 89 54 0 46 50 40 20 42 28 3 43 84 11 18 4 41 60 49 73 33 53 27 88 17 10 92 57 93 72 9 45 83 67 34 61 76 75 24 29 65 26 91 94 52 51 56 87 8 59 5 77 82 70 64 13 22 25 96 62 66 2 6 35 38 44 74 85 48 95
Coste: 21721090

GENERACION: 860
Mejor Solucion:  75 38 15 51 20 63 19 82 77 16 57 61 90 80 83 3 96 0 1 28 17 10 41 31 88 14 76 73 62 29 43 42 50 30 46 78 99 97 7 91 93 81 6 25 72 69 52 94 89 21 45 85 13 56 71 58 36 55 26 9 87 74 54 39 23 95 79 33 24 11 47 84 4 70 5 22 48 35 59 67 53 66 34 32 86 49 37 65 60 12 98 8 92 68 44 18 27 2 40 64
Coste: 21710555

GENERACION: 865
Mejor Solucion:  75 38 15 51 20 63 19 82 77 16 57 61 90 80 83 3 96 0 1 28 17 10 41 31 88 14 76 73 62 29 43 42 50 30 46 78 99 97 7 91 93 81 6 25 72 69 52 94 89 21 45 85 13 56 71 58 36 55 26 9 87 74 54 39 23 95 79 33 24 11 47 84 4 70 5 22 48 35 59 67 53 66 34 32 86 49 37 65 60 12 98 8 92 68 44 18 27 2 40 64
Coste: 21710555

GENERACION: 870
Mejor Solucion:  75 38 15 51 20 63 19 82 77 16 57 61 90 80 83 3 96 0 1 28 17 10 41 31 88 14 76 73 62 29 43 42 50 30 46 78 99 97 7 91 93 81 6 25 72 69 52 94 89 21 45 85 13 56 71 58 36 55 26 9 87 74 54 39 23 95 79 33 24 11 47 84 4 70 5 22 48 35 59 67 53 66 34 32 86 49 37 65 60 12 98 8 92 68 44 18 27 2 40 64
Coste: 21710555

GENERACION: 875
Mejor Solucion:  75 38 15 51 20 63 19 82 77 16 57 61 90 80 83 3 96 0 1 28 17 10 41 31 88 14 76 73 62 29 43 42 50 30 46 78 99 97 7 91 93 81 6 25 72 69 52 94 89 21 45 85 13 56 71 58 36 55 26 9 87 74 54 39 23 95 79 33 24 11 47 84 4 70 5 22 48 35 59 67 53 66 34 32 86 49 37 65 60 12 98 8 92 68 44 18 27 2 40 64
Coste: 21710555

GENERACION: 880
Mejor Solucion:  75 38 15 51 20 63 19 82 77 16 57 61 90 80 83 3 96 0 1 28 17 10 41 31 88 14 76 73 62 29 43 42 50 30 46 78 99 97 7 91 93 81 6 25 72 69 52 94 89 21 45 85 13 56 71 58 36 55 26 9 87 74 54 39 23 95 79 33 24 11 47 84 4 70 5 22 48 35 59 67 53 66 34 32 86 49 37 65 60 12 98 8 92 68 44 18 27 2 40 64
Coste: 21710555

GENERACION: 885
Mejor Solucion:  75 38 15 51 20 63 19 82 77 16 57 61 90 80 83 3 96 0 1 28 17 10 41 31 88 14 76 73 62 29 43 42 50 30 46 78 99 97 7 91 93 81 6 25 72 69 52 94 89 21 45 85 13 56 71 58 36 55 26 9 87 74 54 39 23 95 79 33 24 11 47 84 4 70 5 22 48 35 59 67 53 66 34 32 86 49 37 65 60 12 98 8 92 68 44 18 27 2 40 64
Coste: 21710555

GENERACION: 890
Mejor Solucion:  75 38 15 51 20 63 19 82 77 16 57 61 90 80 83 3 96 0 1 28 17 10 41 31 88 14 76 73 62 29 43 42 50 30 46 78 99 97 7 91 93 81 6 25 72 69 52 94 89 21 45 85 13 56 71 58 36 55 26 9 87 74 54 39 23 95 79 33 24 11 47 84 4 70 5 22 48 35 59 67 53 66 34 32 86 49 37 65 60 12 98 8 92 68 44 18 27 2 40 64
Coste: 21710555

GENERACION: 895
Mejor Solucion:  75 38 15 51 20 63 19 82 77 16 57 61 90 80 83 3 96 0 1 28 17 10 41 31 88 14 76 73 62 29 43 42 50 30 46 78 99 97 7 91 93 81 6 25 72 69 52 94 89 21 45 85 13 56 71 58 36 55 26 9 87 74 54 39 23 95 79 33 24 11 47 84 4 70 5 22 48 35 59 67 53 66 34 32 86 49 37 65 60 12 98 8 92 68 44 18 27 2 40 64
Coste: 21710555

GENERACION: 900
Mejor Solucion:  75 38 15 51 20 63 19 82 77 16 57 61 90 80 83 3 96 0 1 28 17 10 41 31 88 14 76 73 62 29 43 42 50 30 46 78 99 97 7 91 93 81 6 25 72 69 52 94 89 21 45 85 13 56 71 58 36 55 26 9 87 74 54 39 23 95 79 33 24 11 47 84 4 70 5 22 48 35 59 67 53 66 34 32 86 49 37 65 60 12 98 8 92 68 44 18 27 2 40 64
Coste: 21710555

GENERACION: 905
Mejor Solucion:  75 38 15 51 20 63 19 82 77 16 57 61 90 80 83 3 96 0 1 28 17 10 41 31 88 14 76 73 62 29 43 42 50 30 46 78 99 97 7 91 93 81 6 25 72 69 52 94 89 21 45 85 13 56 71 58 36 55 26 9 87 74 54 39 23 95 79 33 24 11 47 84 4 70 5 22 48 35 59 67 53 66 34 32 86 49 37 65 60 12 98 8 92 68 44 18 27 2 40 64
Coste: 21710555

GENERACION: 910
Mejor Solucion:  75 38 15 51 20 63 19 82 77 16 57 61 90 80 83 3 96 0 1 28 17 10 41 31 88 14 76 73 62 29 43 42 50 30 46 78 99 97 7 91 93 81 6 25 72 69 52 94 89 21 45 85 13 56 71 58 36 55 26 9 87 74 54 39 23 95 79 33 24 11 47 84 4 70 5 22 48 35 59 67 53 66 34 32 86 49 37 65 60 12 98 8 92 68 44 18 27 2 40 64
Coste: 21710555

GENERACION: 915
Mejor Solucion:  75 38 15 51 20 63 19 82 77 16 57 61 90 80 83 3 96 0 1 28 17 10 41 31 88 14 76 73 62 29 43 42 50 30 46 78 99 97 7 91 93 81 6 25 72 69 52 94 89 21 45 85 13 56 71 58 36 55 26 9 87 74 54 39 23 95 79 33 24 11 47 84 4 70 5 22 48 35 59 67 53 66 34 32 86 49 37 65 60 12 98 8 92 68 44 18 27 2 40 64
Coste: 21710555

GENERACION: 920
Mejor Solucion:  75 38 15 51 20 63 19 82 77 16 57 61 90 80 83 3 96 0 1 28 17 10 41 31 88 14 76 73 62 29 43 42 50 30 46 78 99 97 7 91 93 81 6 25 72 69 52 94 89 21 45 85 13 56 71 58 36 55 26 9 87 74 54 39 23 95 79 33 24 11 47 84 4 70 5 22 48 35 59 67 53 66 34 32 86 49 37 65 60 12 98 8 92 68 44 18 27 2 40 64
Coste: 21710555

GENERACION: 925
Mejor Solucion:  75 38 15 51 20 63 19 82 77 16 57 61 90 80 83 3 96 0 1 28 17 10 41 31 88 14 76 73 62 29 43 42 50 30 46 78 99 97 7 91 93 81 6 25 72 69 52 94 89 21 45 85 13 56 71 58 36 55 26 9 87 74 54 39 23 95 79 33 24 11 47 84 4 70 5 22 48 35 59 67 53 66 34 32 86 49 37 65 60 12 98 8 92 68 44 18 27 2 40 64
Coste: 21710555

GENERACION: 930
Mejor Solucion:  75 38 15 51 20 63 19 82 77 16 57 61 90 80 83 3 96 0 1 28 17 10 41 31 88 14 76 73 62 29 43 42 50 30 46 78 99 97 7 91 93 81 6 25 72 69 52 94 89 21 45 85 13 56 71 58 36 55 26 9 87 74 54 39 23 95 79 33 24 11 47 84 4 70 5 22 48 35 59 67 53 66 34 32 86 49 37 65 60 12 98 8 92 68 44 18 27 2 40 64
Coste: 21710555

GENERACION: 935
Mejor Solucion:  75 38 15 51 20 63 19 82 77 16 57 61 90 80 83 3 96 0 1 28 17 10 41 31 88 14 76 73 62 29 43 42 50 30 46 78 99 97 7 91 93 81 6 25 72 69 52 94 89 21 45 85 13 56 71 58 36 55 26 9 87 74 54 39 23 95 79 33 24 11 47 84 4 70 5 22 48 35 59 67 53 66 34 32 86 49 37 65 60 12 98 8 92 68 44 18 27 2 40 64
Coste: 21710555

GENERACION: 940
Mejor Solucion:  75 38 15 51 20 63 19 82 77 16 57 61 90 80 83 3 96 0 1 28 17 10 41 31 88 14 76 73 62 29 43 42 50 30 46 78 99 97 7 91 93 81 6 25 72 69 52 94 89 21 45 85 13 56 71 58 36 55 26 9 87 74 54 39 23 95 79 33 24 11 47 84 4 70 5 22 48 35 59 67 53 66 34 32 86 49 37 65 60 12 98 8 92 68 44 18 27 2 40 64
Coste: 21710555

GENERACION: 945
Mejor Solucion:  75 38 15 51 20 63 19 82 77 16 57 61 90 80 83 3 96 0 1 28 17 10 41 31 88 14 76 73 62 29 43 42 50 30 46 78 99 97 7 91 93 81 6 25 72 69 52 94 89 21 45 85 13 56 71 58 36 55 26 9 87 74 54 39 23 95 79 33 24 11 47 84 4 70 5 22 48 35 59 67 53 66 34 32 86 49 37 65 60 12 98 8 92 68 44 18 27 2 40 64
Coste: 21710555

GENERACION: 950
Mejor Solucion:  75 38 15 51 20 63 19 82 77 16 57 61 90 80 83 3 96 0 1 28 17 10 41 31 88 14 76 73 62 29 43 42 50 30 46 78 99 97 7 91 93 81 6 25 72 69 52 94 89 21 45 85 13 56 71 58 36 55 26 9 87 74 54 39 23 95 79 33 24 11 47 84 4 70 5 22 48 35 59 67 53 66 34 32 86 49 37 65 60 12 98 8 92 68 44 18 27 2 40 64
Coste: 21710555

GENERACION: 955
Mejor Solucion:  75 38 15 51 20 63 19 82 77 16 57 61 90 80 83 3 96 0 1 28 17 10 41 31 88 14 76 73 62 29 43 42 50 30 46 78 99 97 7 91 93 81 6 25 72 69 52 94 89 21 45 85 13 56 71 58 36 55 26 9 87 74 54 39 23 95 79 33 24 11 47 84 4 70 5 22 48 35 59 67 53 66 34 32 86 49 37 65 60 12 98 8 92 68 44 18 27 2 40 64
Coste: 21710555

GENERACION: 960
Mejor Solucion:  75 38 15 51 20 63 19 82 77 16 57 61 90 80 83 3 96 0 1 28 17 10 41 31 88 14 76 73 62 29 43 42 50 30 46 78 99 97 7 91 93 81 6 25 72 69 52 94 89 21 45 85 13 56 71 58 36 55 26 9 87 74 54 39 23 95 79 33 24 11 47 84 4 70 5 22 48 35 59 67 53 66 34 32 86 49 37 65 60 12 98 8 92 68 44 18 27 2 40 64
Coste: 21710555

GENERACION: 965
Mejor Solucion:  75 38 15 51 20 63 19 82 77 16 57 61 90 80 83 3 96 0 1 28 17 10 41 31 88 14 76 73 62 29 43 42 50 30 46 78 99 97 7 91 93 81 6 25 72 69 52 94 89 21 45 85 13 56 71 58 36 55 26 9 87 74 54 39 23 95 79 33 24 11 47 84 4 70 5 22 48 35 59 67 53 66 34 32 86 49 37 65 60 12 98 8 92 68 44 18 27 2 40 64
Coste: 21710555

GENERACION: 970
Mejor Solucion:  75 38 15 51 20 63 19 82 77 16 57 61 90 80 83 3 96 0 1 28 17 10 41 31 88 14 76 73 62 29 43 42 50 30 46 78 99 97 7 91 93 81 6 25 72 69 52 94 89 21 45 85 13 56 71 58 36 55 26 9 87 74 54 39 23 95 79 33 24 11 47 84 4 70 5 22 48 35 59 67 53 66 34 32 86 49 37 65 60 12 98 8 92 68 44 18 27 2 40 64
Coste: 21710555

GENERACION: 975
Mejor Solucion:  75 38 15 51 20 63 19 82 77 16 57 61 90 80 83 3 96 0 1 28 17 10 41 31 88 14 76 73 62 29 43 42 50 30 46 78 99 97 7 91 93 81 6 25 72 69 52 94 89 21 45 85 13 56 71 58 36 55 26 9 87 74 54 39 23 95 79 33 24 11 47 84 4 70 5 22 48 35 59 67 53 66 34 32 86 49 37 65 60 12 98 8 92 68 44 18 27 2 40 64
Coste: 21710555

GENERACION: 980
Mejor Solucion:  75 38 15 51 20 63 19 82 77 16 57 61 90 80 83 3 96 0 1 28 17 10 41 31 88 14 76 73 62 29 43 42 50 30 46 78 99 97 7 91 93 81 6 25 72 69 52 94 89 21 45 85 13 56 71 58 36 55 26 9 87 74 54 39 23 95 79 33 24 11 47 84 4 70 5 22 48 35 59 67 53 66 34 32 86 49 37 65 60 12 98 8 92 68 44 18 27 2 40 64
Coste: 21710555

GENERACION: 985
Mejor Solucion:  75 38 15 51 20 63 19 82 77 16 57 61 90 80 83 3 96 0 1 28 17 10 41 31 88 14 76 73 62 29 43 42 50 30 46 78 99 97 7 91 93 81 6 25 72 69 52 94 89 21 45 85 13 56 71 58 36 55 26 9 87 74 54 39 23 95 79 33 24 11 47 84 4 70 5 22 48 35 59 67 53 66 34 32 86 49 37 65 60 12 98 8 92 68 44 18 27 2 40 64
Coste: 21710555

GENERACION: 990
Mejor Solucion:  75 38 15 51 20 63 19 82 77 16 57 61 90 80 83 3 96 0 1 28 17 10 41 31 88 14 76 73 62 29 43 42 50 30 46 78 99 97 7 91 93 81 6 25 72 69 52 94 89 21 45 85 13 56 71 58 36 55 26 9 87 74 54 39 23 95 79 33 24 11 47 84 4 70 5 22 48 35 59 67 53 66 34 32 86 49 37 65 60 12 98 8 92 68 44 18 27 2 40 64
Coste: 21710555

GENERACION: 995
Mejor Solucion:  75 38 15 51 20 63 19 82 77 16 57 61 90 80 83 3 96 0 1 28 17 10 41 31 88 14 76 73 62 29 43 42 50 30 46 78 99 97 7 91 93 81 6 25 72 69 52 94 89 21 45 85 13 56 71 58 36 55 26 9 87 74 54 39 23 95 79 33 24 11 47 84 4 70 5 22 48 35 59 67 53 66 34 32 86 49 37 65 60 12 98 8 92 68 44 18 27 2 40 64
Coste: 21710555

GENERACION: 1000
Mejor Solucion:  75 38 15 51 20 63 19 82 77 16 57 61 90 80 83 3 96 0 1 28 17 10 41 31 88 14 76 73 62 29 43 42 50 30 46 78 99 97 7 91 93 81 6 25 72 69 52 94 89 21 45 85 13 56 71 58 36 55 26 9 87 74 54 39 23 95 79 33 24 11 47 84 4 70 5 22 48 35 59 67 53 66 34 32 86 49 37 65 60 12 98 8 92 68 44 18 27 2 40 64
Coste: 21710555

