GENERACION: 5
Mejor Solucion:  54 40 84 76 93 87 21 2 33 65 55 80 35 25 62 64 99 47 83 15 67 27 49 31 18 28 92 5 12 13 72 89 51 90 63 75 37 11 61 29 96 77 57 38 20 94 10 98 14 42 43 26 52 48 53 95 81 41 70 17 22 32 1 78 50 82 34 97 9 0 3 39 44 30 73 86 6 24 8 7 23 85 68 56 45 60 88 46 71 4 59 16 36 74 69 58 91 19 79 66
Coste: 23771940

GENERACION: 10
Mejor Solucion:  12 16 81 94 96 80 92 39 99 91 70 36 2 33 78 64 85 3 54 14 0 87 72 17 41 51 43 48 32 59 68 77 84 31 57 37 82 46 89 62 13 38 5 44 86 9 34 27 11 28 22 53 23 4 10 55 30 35 83 7 73 25 66 97 1 56 67 52 93 21 42 90 20 79 75 71 98 24 50 19 58 69 74 65 47 40 49 6 76 63 61 45 15 8 26 18 60 29 88 95
Coste: 22821966

GENERACION: 15
Mejor Solucion:  2 54 12 92 80 45 17 6 76 39 81 59 13 75 58 77 32 7 48 4 68 22 10 88 57 19 36 49 67 20 37 94 31 99 87 78 53 5 43 74 30 27 97 15 1 21 65 61 72 90 73 82 40 33 28 96 16 46 79 83 9 52 70 34 29 42 60 55 56 89 23 84 85 62 91 71 98 24 50 25 3 11 14 8 66 47 38 93 69 63 18 0 35 95 26 44 51 41 64 86
Coste: 22359438

GENERACION: 20
Mejor Solucion:  32 62 12 83 4 96 67 34 35 39 81 59 78 75 45 77 2 58 48 91 37 22 1 88 57 19 36 98 89 20 65 94 31 95 87 71 53 5 43 74 30 27 51 49 92 21 99 76 72 86 73 82 40 33 24 41 16 6 90 68 9 52 70 97 29 42 66 55 56 28 54 84 85 46 61 60 64 23 50 25 3 11 14 8 7 47 38 93 69 63 18 0 10 44 17 80 79 15 26 13
Coste: 22006399

GENERACION: 25
Mejor Solucion:  32 62 12 83 4 96 67 34 35 39 81 59 78 75 45 77 2 58 48 91 37 22 1 88 57 19 36 98 89 20 65 94 31 95 87 71 53 5 43 74 30 27 51 49 92 21 99 76 72 86 73 82 40 33 24 41 16 6 90 68 9 52 70 97 29 42 66 55 56 28 54 84 85 46 61 60 64 23 50 25 3 11 14 8 7 47 38 93 69 63 18 0 10 44 17 80 79 15 26 13
Coste: 22006399

GENERACION: 30
Mejor Solucion:  32 62 12 83 4 96 67 34 35 39 81 59 78 75 45 77 2 58 48 91 37 22 1 88 57 19 36 98 89 20 65 94 31 95 87 71 53 5 43 74 30 27 51 49 92 21 99 76 72 86 73 82 40 33 24 41 16 6 90 68 9 52 70 97 29 42 66 55 56 28 54 84 85 46 61 60 64 23 50 25 3 11 14 8 7 47 38 93 69 63 18 0 10 44 17 80 79 15 26 13
Coste: 22006399

GENERACION: 35
Mejor Solucion:  32 62 12 83 4 96 67 34 35 39 81 59 78 75 45 77 2 58 48 91 37 22 1 88 57 19 36 98 89 20 65 94 31 95 87 71 53 5 43 74 30 27 51 49 92 21 99 76 72 86 73 82 40 33 24 41 16 6 90 68 9 52 70 97 29 42 66 55 56 28 54 84 85 46 61 60 64 23 50 25 3 11 14 8 7 47 38 93 69 63 18 0 10 44 17 80 79 15 26 13
Coste: 22006399

GENERACION: 40
Mejor Solucion:  85 88 19 65 26 41 56 15 46 17 32 44 58 49 29 28 21 43 92 73 3 0 24 14 8 31 45 34 13 62 16 94 35 98 61 1 48 57 74 90 39 71 10 89 79 38 25 93 80 83 96 7 40 67 81 2 55 23 82 87 4 69 37 42 99 70 75 84 30 63 53 50 47 20 91 59 64 6 52 36 77 78 9 11 54 12 68 60 76 72 86 51 22 27 33 5 97 95 66 18
Coste: 21735222

GENERACION: 45
Mejor Solucion:  85 88 19 65 26 41 56 15 46 17 32 44 58 49 29 28 21 43 92 73 3 0 24 14 8 31 45 34 13 62 16 94 35 98 61 1 48 57 74 90 39 71 10 89 79 38 25 93 80 83 96 7 40 67 81 2 55 23 82 87 4 69 37 42 99 70 75 84 30 63 53 50 47 20 91 59 64 6 52 36 77 78 9 11 54 12 68 60 76 72 86 51 22 27 33 5 97 95 66 18
Coste: 21735222

GENERACION: 50
Mejor Solucion:  85 88 19 65 26 41 56 15 46 17 32 44 58 49 29 28 21 43 92 73 3 0 24 14 8 31 45 34 13 62 16 94 35 98 61 1 48 57 74 90 39 71 10 89 79 38 25 93 80 83 96 7 40 67 81 2 55 23 82 87 4 69 37 42 99 70 75 84 30 63 53 50 47 20 91 59 64 6 52 36 77 78 9 11 54 12 68 60 76 72 86 51 22 27 33 5 97 95 66 18
Coste: 21735222

GENERACION: 55
Mejor Solucion:  85 88 19 65 26 41 56 15 46 17 32 44 58 49 29 28 21 43 92 73 3 0 24 14 8 31 45 34 13 62 16 94 35 98 61 1 48 57 74 90 39 71 10 89 79 38 25 93 80 83 96 7 40 67 81 2 55 23 82 87 4 69 37 42 99 70 75 84 30 63 53 50 47 20 91 59 64 6 52 36 77 78 9 11 54 12 68 60 76 72 86 51 22 27 33 5 97 95 66 18
Coste: 21735222

GENERACION: 60
Mejor Solucion:  85 88 19 65 26 41 56 15 46 17 32 44 58 49 29 28 21 43 92 73 3 0 24 14 8 31 45 34 13 62 16 94 35 98 61 1 48 57 74 90 39 71 10 89 79 38 25 93 80 83 96 7 40 67 81 2 55 23 82 87 4 69 37 42 99 70 75 84 30 63 53 50 47 20 91 59 64 6 52 36 77 78 9 11 54 12 68 60 76 72 86 51 22 27 33 5 97 95 66 18
Coste: 21735222

GENERACION: 65
Mejor Solucion:  85 88 19 65 26 41 56 15 46 17 32 44 58 49 29 28 21 43 92 73 3 0 24 14 8 31 45 34 13 62 16 94 35 98 61 1 48 57 74 90 39 71 10 89 79 38 25 93 80 83 96 7 40 67 81 2 55 23 82 87 4 69 37 42 99 70 75 84 30 63 53 50 47 20 91 59 64 6 52 36 77 78 9 11 54 12 68 60 76 72 86 51 22 27 33 5 97 95 66 18
Coste: 21735222

GENERACION: 70
Mejor Solucion:  85 88 19 65 26 41 56 15 46 17 32 44 58 49 29 28 21 43 92 73 3 0 24 14 8 31 45 34 13 62 16 94 35 98 61 1 48 57 74 90 39 71 10 89 79 38 25 93 80 83 96 7 40 67 81 2 55 23 82 87 4 69 37 42 99 70 75 84 30 63 53 50 47 20 91 59 64 6 52 36 77 78 9 11 54 12 68 60 76 72 86 51 22 27 33 5 97 95 66 18
Coste: 21735222

GENERACION: 75
Mejor Solucion:  85 88 19 65 26 41 56 15 46 17 32 44 58 49 29 28 21 43 92 73 3 0 24 14 8 31 45 34 13 62 16 94 35 98 61 1 48 57 74 90 39 71 10 89 79 38 25 93 80 83 96 7 40 67 81 2 55 23 82 87 4 69 37 42 99 70 75 84 30 63 53 50 47 20 91 59 64 6 52 36 77 78 9 11 54 12 68 60 76 72 86 51 22 27 33 5 97 95 66 18
Coste: 21735222

GENERACION: 80
Mejor Solucion:  85 88 19 65 26 41 56 15 46 17 32 44 58 49 29 28 21 43 92 73 3 0 24 14 8 31 45 34 13 62 16 94 35 98 61 1 48 57 74 90 39 71 10 89 79 38 25 93 80 83 96 7 40 67 81 2 55 23 82 87 4 69 37 42 99 70 75 84 30 63 53 50 47 20 91 59 64 6 52 36 77 78 9 11 54 12 68 60 76 72 86 51 22 27 33 5 97 95 66 18
Coste: 21735222

GENERACION: 85
Mejor Solucion:  85 88 19 65 26 41 56 15 46 17 32 44 58 49 29 28 21 43 92 73 3 0 24 14 8 31 45 34 13 62 16 94 35 98 61 1 48 57 74 90 39 71 10 89 79 38 25 93 80 83 96 7 40 67 81 2 55 23 82 87 4 69 37 42 99 70 75 84 30 63 53 50 47 20 91 59 64 6 52 36 77 78 9 11 54 12 68 60 76 72 86 51 22 27 33 5 97 95 66 18
Coste: 21735222

GENERACION: 90
Mejor Solucion:  85 88 19 65 26 41 56 15 46 17 32 44 58 49 29 28 21 43 92 73 3 0 24 14 8 31 45 34 13 62 16 94 35 98 61 1 48 57 74 90 39 71 10 89 79 38 25 93 80 83 96 7 40 67 81 2 55 23 82 87 4 69 37 42 99 70 75 84 30 63 53 50 47 20 91 59 64 6 52 36 77 78 9 11 54 12 68 60 76 72 86 51 22 27 33 5 97 95 66 18
Coste: 21735222

GENERACION: 95
Mejor Solucion:  85 88 19 65 26 41 56 15 46 17 32 44 58 49 29 28 21 43 92 73 3 0 24 14 8 31 45 34 13 62 16 94 35 98 61 1 48 57 74 90 39 71 10 89 79 38 25 93 80 83 96 7 40 67 81 2 55 23 82 87 4 69 37 42 99 70 75 84 30 63 53 50 47 20 91 59 64 6 52 36 77 78 9 11 54 12 68 60 76 72 86 51 22 27 33 5 97 95 66 18
Coste: 21735222

GENERACION: 100
Mejor Solucion:  85 88 19 65 26 41 56 15 46 17 32 44 58 49 29 28 21 43 92 73 3 0 24 14 8 31 45 34 13 62 16 94 35 98 61 1 48 57 74 90 39 71 10 89 79 38 25 93 80 83 96 7 40 67 81 2 55 23 82 87 4 69 37 42 99 70 75 84 30 63 53 50 47 20 91 59 64 6 52 36 77 78 9 11 54 12 68 60 76 72 86 51 22 27 33 5 97 95 66 18
Coste: 21735222

GENERACION: 105
Mejor Solucion:  85 88 19 65 26 41 56 15 46 17 32 44 58 49 29 28 21 43 92 73 3 0 24 14 8 31 45 34 13 62 16 94 35 98 61 1 48 57 74 90 39 71 10 89 79 38 25 93 80 83 96 7 40 67 81 2 55 23 82 87 4 69 37 42 99 70 75 84 30 63 53 50 47 20 91 59 64 6 52 36 77 78 9 11 54 12 68 60 76 72 86 51 22 27 33 5 97 95 66 18
Coste: 21735222

GENERACION: 110
Mejor Solucion:  85 88 19 65 26 41 56 15 46 17 32 44 58 49 29 28 21 43 92 73 3 0 24 14 8 31 45 34 13 62 16 94 35 98 61 1 48 57 74 90 39 71 10 89 79 38 25 93 80 83 96 7 40 67 81 2 55 23 82 87 4 69 37 42 99 70 75 84 30 63 53 50 47 20 91 59 64 6 52 36 77 78 9 11 54 12 68 60 76 72 86 51 22 27 33 5 97 95 66 18
Coste: 21735222

GENERACION: 115
Mejor Solucion:  85 88 19 65 26 41 56 15 46 17 32 44 58 49 29 28 21 43 92 73 3 0 24 14 8 31 45 34 13 62 16 94 35 98 61 1 48 57 74 90 39 71 10 89 79 38 25 93 80 83 96 7 40 67 81 2 55 23 82 87 4 69 37 42 99 70 75 84 30 63 53 50 47 20 91 59 64 6 52 36 77 78 9 11 54 12 68 60 76 72 86 51 22 27 33 5 97 95 66 18
Coste: 21735222

GENERACION: 120
Mejor Solucion:  85 88 19 65 26 41 56 15 46 17 32 44 58 49 29 28 21 43 92 73 3 0 24 14 8 31 45 34 13 62 16 94 35 98 61 1 48 57 74 90 39 71 10 89 79 38 25 93 80 83 96 7 40 67 81 2 55 23 82 87 4 69 37 42 99 70 75 84 30 63 53 50 47 20 91 59 64 6 52 36 77 78 9 11 54 12 68 60 76 72 86 51 22 27 33 5 97 95 66 18
Coste: 21735222

GENERACION: 125
Mejor Solucion:  85 88 19 65 26 41 56 15 46 17 32 44 58 49 29 28 21 43 92 73 3 0 24 14 8 31 45 34 13 62 16 94 35 98 61 1 48 57 74 90 39 71 10 89 79 38 25 93 80 83 96 7 40 67 81 2 55 23 82 87 4 69 37 42 99 70 75 84 30 63 53 50 47 20 91 59 64 6 52 36 77 78 9 11 54 12 68 60 76 72 86 51 22 27 33 5 97 95 66 18
Coste: 21735222

GENERACION: 130
Mejor Solucion:  85 88 19 65 26 41 56 15 46 17 32 44 58 49 29 28 21 43 92 73 3 0 24 14 8 31 45 34 13 62 16 94 35 98 61 1 48 57 74 90 39 71 10 89 79 38 25 93 80 83 96 7 40 67 81 2 55 23 82 87 4 69 37 42 99 70 75 84 30 63 53 50 47 20 91 59 64 6 52 36 77 78 9 11 54 12 68 60 76 72 86 51 22 27 33 5 97 95 66 18
Coste: 21735222

GENERACION: 135
Mejor Solucion:  85 88 19 65 26 41 56 15 46 17 32 44 58 49 29 28 21 43 92 73 3 0 24 14 8 31 45 34 13 62 16 94 35 98 61 1 48 57 74 90 39 71 10 89 79 38 25 93 80 83 96 7 40 67 81 2 55 23 82 87 4 69 37 42 99 70 75 84 30 63 53 50 47 20 91 59 64 6 52 36 77 78 9 11 54 12 68 60 76 72 86 51 22 27 33 5 97 95 66 18
Coste: 21735222

GENERACION: 140
Mejor Solucion:  85 88 19 65 26 41 56 15 46 17 32 44 58 49 29 28 21 43 92 73 3 0 24 14 8 31 45 34 13 62 16 94 35 98 61 1 48 57 74 90 39 71 10 89 79 38 25 93 80 83 96 7 40 67 81 2 55 23 82 87 4 69 37 42 99 70 75 84 30 63 53 50 47 20 91 59 64 6 52 36 77 78 9 11 54 12 68 60 76 72 86 51 22 27 33 5 97 95 66 18
Coste: 21735222

GENERACION: 145
Mejor Solucion:  85 88 19 65 26 41 56 15 46 17 32 44 58 49 29 28 21 43 92 73 3 0 24 14 8 31 45 34 13 62 16 94 35 98 61 1 48 57 74 90 39 71 10 89 79 38 25 93 80 83 96 7 40 67 81 2 55 23 82 87 4 69 37 42 99 70 75 84 30 63 53 50 47 20 91 59 64 6 52 36 77 78 9 11 54 12 68 60 76 72 86 51 22 27 33 5 97 95 66 18
Coste: 21735222

GENERACION: 150
Mejor Solucion:  85 88 19 65 26 41 56 15 46 17 32 44 58 49 29 28 21 43 92 73 3 0 24 14 8 31 45 34 13 62 16 94 35 98 61 1 48 57 74 90 39 71 10 89 79 38 25 93 80 83 96 7 40 67 81 2 55 23 82 87 4 69 37 42 99 70 75 84 30 63 53 50 47 20 91 59 64 6 52 36 77 78 9 11 54 12 68 60 76 72 86 51 22 27 33 5 97 95 66 18
Coste: 21735222

GENERACION: 155
Mejor Solucion:  85 88 19 65 26 41 56 15 46 17 32 44 58 49 29 28 21 43 92 73 3 0 24 14 8 31 45 34 13 62 16 94 35 98 61 1 48 57 74 90 39 71 10 89 79 38 25 93 80 83 96 7 40 67 81 2 55 23 82 87 4 69 37 42 99 70 75 84 30 63 53 50 47 20 91 59 64 6 52 36 77 78 9 11 54 12 68 60 76 72 86 51 22 27 33 5 97 95 66 18
Coste: 21735222

GENERACION: 160
Mejor Solucion:  85 88 19 65 26 41 56 15 46 17 32 44 58 49 29 28 21 43 92 73 3 0 24 14 8 31 45 34 13 62 16 94 35 98 61 1 48 57 74 90 39 71 10 89 79 38 25 93 80 83 96 7 40 67 81 2 55 23 82 87 4 69 37 42 99 70 75 84 30 63 53 50 47 20 91 59 64 6 52 36 77 78 9 11 54 12 68 60 76 72 86 51 22 27 33 5 97 95 66 18
Coste: 21735222

GENERACION: 165
Mejor Solucion:  85 88 19 65 26 41 56 15 46 17 32 44 58 49 29 28 21 43 92 73 3 0 24 14 8 31 45 34 13 62 16 94 35 98 61 1 48 57 74 90 39 71 10 89 79 38 25 93 80 83 96 7 40 67 81 2 55 23 82 87 4 69 37 42 99 70 75 84 30 63 53 50 47 20 91 59 64 6 52 36 77 78 9 11 54 12 68 60 76 72 86 51 22 27 33 5 97 95 66 18
Coste: 21735222

GENERACION: 170
Mejor Solucion:  85 88 19 65 26 41 56 15 46 17 32 44 58 49 29 28 21 43 92 73 3 0 24 14 8 31 45 34 13 62 16 94 35 98 61 1 48 57 74 90 39 71 10 89 79 38 25 93 80 83 96 7 40 67 81 2 55 23 82 87 4 69 37 42 99 70 75 84 30 63 53 50 47 20 91 59 64 6 52 36 77 78 9 11 54 12 68 60 76 72 86 51 22 27 33 5 97 95 66 18
Coste: 21735222

GENERACION: 175
Mejor Solucion:  85 88 19 65 26 41 56 15 46 17 32 44 58 49 29 28 21 43 92 73 3 0 24 14 8 31 45 34 13 62 16 94 35 98 61 1 48 57 74 90 39 71 10 89 79 38 25 93 80 83 96 7 40 67 81 2 55 23 82 87 4 69 37 42 99 70 75 84 30 63 53 50 47 20 91 59 64 6 52 36 77 78 9 11 54 12 68 60 76 72 86 51 22 27 33 5 97 95 66 18
Coste: 21735222

GENERACION: 180
Mejor Solucion:  85 88 19 65 26 41 56 15 46 17 32 44 58 49 29 28 21 43 92 73 3 0 24 14 8 31 45 34 13 62 16 94 35 98 61 1 48 57 74 90 39 71 10 89 79 38 25 93 80 83 96 7 40 67 81 2 55 23 82 87 4 69 37 42 99 70 75 84 30 63 53 50 47 20 91 59 64 6 52 36 77 78 9 11 54 12 68 60 76 72 86 51 22 27 33 5 97 95 66 18
Coste: 21735222

GENERACION: 185
Mejor Solucion:  85 88 19 65 26 41 56 15 46 17 32 44 58 49 29 28 21 43 92 73 3 0 24 14 8 31 45 34 13 62 16 94 35 98 61 1 48 57 74 90 39 71 10 89 79 38 25 93 80 83 96 7 40 67 81 2 55 23 82 87 4 69 37 42 99 70 75 84 30 63 53 50 47 20 91 59 64 6 52 36 77 78 9 11 54 12 68 60 76 72 86 51 22 27 33 5 97 95 66 18
Coste: 21735222

GENERACION: 190
Mejor Solucion:  85 88 19 65 26 41 56 15 46 17 32 44 58 49 29 28 21 43 92 73 3 0 24 14 8 31 45 34 13 62 16 94 35 98 61 1 48 57 74 90 39 71 10 89 79 38 25 93 80 83 96 7 40 67 81 2 55 23 82 87 4 69 37 42 99 70 75 84 30 63 53 50 47 20 91 59 64 6 52 36 77 78 9 11 54 12 68 60 76 72 86 51 22 27 33 5 97 95 66 18
Coste: 21735222

GENERACION: 195
Mejor Solucion:  85 88 19 65 26 41 56 15 46 17 32 44 58 49 29 28 21 43 92 73 3 0 24 14 8 31 45 34 13 62 16 94 35 98 61 1 48 57 74 90 39 71 10 89 79 38 25 93 80 83 96 7 40 67 81 2 55 23 82 87 4 69 37 42 99 70 75 84 30 63 53 50 47 20 91 59 64 6 52 36 77 78 9 11 54 12 68 60 76 72 86 51 22 27 33 5 97 95 66 18
Coste: 21735222

GENERACION: 200
Mejor Solucion:  85 88 19 65 26 41 56 15 46 17 32 44 58 49 29 28 21 43 92 73 3 0 24 14 8 31 45 34 13 62 16 94 35 98 61 1 48 57 74 90 39 71 10 89 79 38 25 93 80 83 96 7 40 67 81 2 55 23 82 87 4 69 37 42 99 70 75 84 30 63 53 50 47 20 91 59 64 6 52 36 77 78 9 11 54 12 68 60 76 72 86 51 22 27 33 5 97 95 66 18
Coste: 21735222

GENERACION: 205
Mejor Solucion:  85 88 19 65 26 41 56 15 46 17 32 44 58 49 29 28 21 43 92 73 3 0 24 14 8 31 45 34 13 62 16 94 35 98 61 1 48 57 74 90 39 71 10 89 79 38 25 93 80 83 96 7 40 67 81 2 55 23 82 87 4 69 37 42 99 70 75 84 30 63 53 50 47 20 91 59 64 6 52 36 77 78 9 11 54 12 68 60 76 72 86 51 22 27 33 5 97 95 66 18
Coste: 21735222

GENERACION: 210
Mejor Solucion:  85 88 19 65 26 41 56 15 46 17 32 44 58 49 29 28 21 43 92 73 3 0 24 14 8 31 45 34 13 62 16 94 35 98 61 1 48 57 74 90 39 71 10 89 79 38 25 93 80 83 96 7 40 67 81 2 55 23 82 87 4 69 37 42 99 70 75 84 30 63 53 50 47 20 91 59 64 6 52 36 77 78 9 11 54 12 68 60 76 72 86 51 22 27 33 5 97 95 66 18
Coste: 21735222

GENERACION: 215
Mejor Solucion:  85 88 19 65 26 41 56 15 46 17 32 44 58 49 29 28 21 43 92 73 3 0 24 14 8 31 45 34 13 62 16 94 35 98 61 1 48 57 74 90 39 71 10 89 79 38 25 93 80 83 96 7 40 67 81 2 55 23 82 87 4 69 37 42 99 70 75 84 30 63 53 50 47 20 91 59 64 6 52 36 77 78 9 11 54 12 68 60 76 72 86 51 22 27 33 5 97 95 66 18
Coste: 21735222

GENERACION: 220
Mejor Solucion:  85 88 19 65 26 41 56 15 46 17 32 44 58 49 29 28 21 43 92 73 3 0 24 14 8 31 45 34 13 62 16 94 35 98 61 1 48 57 74 90 39 71 10 89 79 38 25 93 80 83 96 7 40 67 81 2 55 23 82 87 4 69 37 42 99 70 75 84 30 63 53 50 47 20 91 59 64 6 52 36 77 78 9 11 54 12 68 60 76 72 86 51 22 27 33 5 97 95 66 18
Coste: 21735222

GENERACION: 225
Mejor Solucion:  85 88 19 65 26 41 56 15 46 17 32 44 58 49 29 28 21 43 92 73 3 0 24 14 8 31 45 34 13 62 16 94 35 98 61 1 48 57 74 90 39 71 10 89 79 38 25 93 80 83 96 7 40 67 81 2 55 23 82 87 4 69 37 42 99 70 75 84 30 63 53 50 47 20 91 59 64 6 52 36 77 78 9 11 54 12 68 60 76 72 86 51 22 27 33 5 97 95 66 18
Coste: 21735222

GENERACION: 230
Mejor Solucion:  85 88 19 65 26 41 56 15 46 17 32 44 58 49 29 28 21 43 92 73 3 0 24 14 8 31 45 34 13 62 16 94 35 98 61 1 48 57 74 90 39 71 10 89 79 38 25 93 80 83 96 7 40 67 81 2 55 23 82 87 4 69 37 42 99 70 75 84 30 63 53 50 47 20 91 59 64 6 52 36 77 78 9 11 54 12 68 60 76 72 86 51 22 27 33 5 97 95 66 18
Coste: 21735222

GENERACION: 235
Mejor Solucion:  85 88 19 65 26 41 56 15 46 17 32 44 58 49 29 28 21 43 92 73 3 0 24 14 8 31 45 34 13 62 16 94 35 98 61 1 48 57 74 90 39 71 10 89 79 38 25 93 80 83 96 7 40 67 81 2 55 23 82 87 4 69 37 42 99 70 75 84 30 63 53 50 47 20 91 59 64 6 52 36 77 78 9 11 54 12 68 60 76 72 86 51 22 27 33 5 97 95 66 18
Coste: 21735222

GENERACION: 240
Mejor Solucion:  85 88 19 65 26 41 56 15 46 17 32 44 58 49 29 28 21 43 92 73 3 0 24 14 8 31 45 34 13 62 16 94 35 98 61 1 48 57 74 90 39 71 10 89 79 38 25 93 80 83 96 7 40 67 81 2 55 23 82 87 4 69 37 42 99 70 75 84 30 63 53 50 47 20 91 59 64 6 52 36 77 78 9 11 54 12 68 60 76 72 86 51 22 27 33 5 97 95 66 18
Coste: 21735222

GENERACION: 245
Mejor Solucion:  85 88 19 65 26 41 56 15 46 17 32 44 58 49 29 28 21 43 92 73 3 0 24 14 8 31 45 34 13 62 16 94 35 98 61 1 48 57 74 90 39 71 10 89 79 38 25 93 80 83 96 7 40 67 81 2 55 23 82 87 4 69 37 42 99 70 75 84 30 63 53 50 47 20 91 59 64 6 52 36 77 78 9 11 54 12 68 60 76 72 86 51 22 27 33 5 97 95 66 18
Coste: 21735222

GENERACION: 250
Mejor Solucion:  85 88 19 65 26 41 56 15 46 17 32 44 58 49 29 28 21 43 92 73 3 0 24 14 8 31 45 34 13 62 16 94 35 98 61 1 48 57 74 90 39 71 10 89 79 38 25 93 80 83 96 7 40 67 81 2 55 23 82 87 4 69 37 42 99 70 75 84 30 63 53 50 47 20 91 59 64 6 52 36 77 78 9 11 54 12 68 60 76 72 86 51 22 27 33 5 97 95 66 18
Coste: 21735222

GENERACION: 255
Mejor Solucion:  85 88 19 65 26 41 56 15 46 17 32 44 58 49 29 28 21 43 92 73 3 0 24 14 8 31 45 34 13 62 16 94 35 98 61 1 48 57 74 90 39 71 10 89 79 38 25 93 80 83 96 7 40 67 81 2 55 23 82 87 4 69 37 42 99 70 75 84 30 63 53 50 47 20 91 59 64 6 52 36 77 78 9 11 54 12 68 60 76 72 86 51 22 27 33 5 97 95 66 18
Coste: 21735222

GENERACION: 260
Mejor Solucion:  85 88 19 65 26 41 56 15 46 17 32 44 58 49 29 28 21 43 92 73 3 0 24 14 8 31 45 34 13 62 16 94 35 98 61 1 48 57 74 90 39 71 10 89 79 38 25 93 80 83 96 7 40 67 81 2 55 23 82 87 4 69 37 42 99 70 75 84 30 63 53 50 47 20 91 59 64 6 52 36 77 78 9 11 54 12 68 60 76 72 86 51 22 27 33 5 97 95 66 18
Coste: 21735222

GENERACION: 265
Mejor Solucion:  85 88 19 65 26 41 56 15 46 17 32 44 58 49 29 28 21 43 92 73 3 0 24 14 8 31 45 34 13 62 16 94 35 98 61 1 48 57 74 90 39 71 10 89 79 38 25 93 80 83 96 7 40 67 81 2 55 23 82 87 4 69 37 42 99 70 75 84 30 63 53 50 47 20 91 59 64 6 52 36 77 78 9 11 54 12 68 60 76 72 86 51 22 27 33 5 97 95 66 18
Coste: 21735222

GENERACION: 270
Mejor Solucion:  85 88 19 65 26 41 56 15 46 17 32 44 58 49 29 28 21 43 92 73 3 0 24 14 8 31 45 34 13 62 16 94 35 98 61 1 48 57 74 90 39 71 10 89 79 38 25 93 80 83 96 7 40 67 81 2 55 23 82 87 4 69 37 42 99 70 75 84 30 63 53 50 47 20 91 59 64 6 52 36 77 78 9 11 54 12 68 60 76 72 86 51 22 27 33 5 97 95 66 18
Coste: 21735222

GENERACION: 275
Mejor Solucion:  85 88 19 65 26 41 56 15 46 17 32 44 58 49 29 28 21 43 92 73 3 0 24 14 8 31 45 34 13 62 16 94 35 98 61 1 48 57 74 90 39 71 10 89 79 38 25 93 80 83 96 7 40 67 81 2 55 23 82 87 4 69 37 42 99 70 75 84 30 63 53 50 47 20 91 59 64 6 52 36 77 78 9 11 54 12 68 60 76 72 86 51 22 27 33 5 97 95 66 18
Coste: 21735222

GENERACION: 280
Mejor Solucion:  85 88 19 65 26 41 56 15 46 17 32 44 58 49 29 28 21 43 92 73 3 0 24 14 8 31 45 34 13 62 16 94 35 98 61 1 48 57 74 90 39 71 10 89 79 38 25 93 80 83 96 7 40 67 81 2 55 23 82 87 4 69 37 42 99 70 75 84 30 63 53 50 47 20 91 59 64 6 52 36 77 78 9 11 54 12 68 60 76 72 86 51 22 27 33 5 97 95 66 18
Coste: 21735222

GENERACION: 285
Mejor Solucion:  85 88 19 65 26 41 56 15 46 17 32 44 58 49 29 28 21 43 92 73 3 0 24 14 8 31 45 34 13 62 16 94 35 98 61 1 48 57 74 90 39 71 10 89 79 38 25 93 80 83 96 7 40 67 81 2 55 23 82 87 4 69 37 42 99 70 75 84 30 63 53 50 47 20 91 59 64 6 52 36 77 78 9 11 54 12 68 60 76 72 86 51 22 27 33 5 97 95 66 18
Coste: 21735222

GENERACION: 290
Mejor Solucion:  85 88 19 65 26 41 56 15 46 17 32 44 58 49 29 28 21 43 92 73 3 0 24 14 8 31 45 34 13 62 16 94 35 98 61 1 48 57 74 90 39 71 10 89 79 38 25 93 80 83 96 7 40 67 81 2 55 23 82 87 4 69 37 42 99 70 75 84 30 63 53 50 47 20 91 59 64 6 52 36 77 78 9 11 54 12 68 60 76 72 86 51 22 27 33 5 97 95 66 18
Coste: 21735222

GENERACION: 295
Mejor Solucion:  85 88 19 65 26 41 56 15 46 17 32 44 58 49 29 28 21 43 92 73 3 0 24 14 8 31 45 34 13 62 16 94 35 98 61 1 48 57 74 90 39 71 10 89 79 38 25 93 80 83 96 7 40 67 81 2 55 23 82 87 4 69 37 42 99 70 75 84 30 63 53 50 47 20 91 59 64 6 52 36 77 78 9 11 54 12 68 60 76 72 86 51 22 27 33 5 97 95 66 18
Coste: 21735222

GENERACION: 300
Mejor Solucion:  85 88 19 65 26 41 56 15 46 17 32 44 58 49 29 28 21 43 92 73 3 0 24 14 8 31 45 34 13 62 16 94 35 98 61 1 48 57 74 90 39 71 10 89 79 38 25 93 80 83 96 7 40 67 81 2 55 23 82 87 4 69 37 42 99 70 75 84 30 63 53 50 47 20 91 59 64 6 52 36 77 78 9 11 54 12 68 60 76 72 86 51 22 27 33 5 97 95 66 18
Coste: 21735222

GENERACION: 305
Mejor Solucion:  85 88 19 65 26 41 56 15 46 17 32 44 58 49 29 28 21 43 92 73 3 0 24 14 8 31 45 34 13 62 16 94 35 98 61 1 48 57 74 90 39 71 10 89 79 38 25 93 80 83 96 7 40 67 81 2 55 23 82 87 4 69 37 42 99 70 75 84 30 63 53 50 47 20 91 59 64 6 52 36 77 78 9 11 54 12 68 60 76 72 86 51 22 27 33 5 97 95 66 18
Coste: 21735222

GENERACION: 310
Mejor Solucion:  85 88 19 65 26 41 56 15 46 17 32 44 58 49 29 28 21 43 92 73 3 0 24 14 8 31 45 34 13 62 16 94 35 98 61 1 48 57 74 90 39 71 10 89 79 38 25 93 80 83 96 7 40 67 81 2 55 23 82 87 4 69 37 42 99 70 75 84 30 63 53 50 47 20 91 59 64 6 52 36 77 78 9 11 54 12 68 60 76 72 86 51 22 27 33 5 97 95 66 18
Coste: 21735222

GENERACION: 315
Mejor Solucion:  85 88 19 65 26 41 56 15 46 17 32 44 58 49 29 28 21 43 92 73 3 0 24 14 8 31 45 34 13 62 16 94 35 98 61 1 48 57 74 90 39 71 10 89 79 38 25 93 80 83 96 7 40 67 81 2 55 23 82 87 4 69 37 42 99 70 75 84 30 63 53 50 47 20 91 59 64 6 52 36 77 78 9 11 54 12 68 60 76 72 86 51 22 27 33 5 97 95 66 18
Coste: 21735222

GENERACION: 320
Mejor Solucion:  85 88 19 65 26 41 56 15 46 17 32 44 58 49 29 28 21 43 92 73 3 0 24 14 8 31 45 34 13 62 16 94 35 98 61 1 48 57 74 90 39 71 10 89 79 38 25 93 80 83 96 7 40 67 81 2 55 23 82 87 4 69 37 42 99 70 75 84 30 63 53 50 47 20 91 59 64 6 52 36 77 78 9 11 54 12 68 60 76 72 86 51 22 27 33 5 97 95 66 18
Coste: 21735222

GENERACION: 325
Mejor Solucion:  85 88 19 65 26 41 56 15 46 17 32 44 58 49 29 28 21 43 92 73 3 0 24 14 8 31 45 34 13 62 16 94 35 98 61 1 48 57 74 90 39 71 10 89 79 38 25 93 80 83 96 7 40 67 81 2 55 23 82 87 4 69 37 42 99 70 75 84 30 63 53 50 47 20 91 59 64 6 52 36 77 78 9 11 54 12 68 60 76 72 86 51 22 27 33 5 97 95 66 18
Coste: 21735222

GENERACION: 330
Mejor Solucion:  85 88 19 65 26 41 56 15 46 17 32 44 58 49 29 28 21 43 92 73 3 0 24 14 8 31 45 34 13 62 16 94 35 98 61 1 48 57 74 90 39 71 10 89 79 38 25 93 80 83 96 7 40 67 81 2 55 23 82 87 4 69 37 42 99 70 75 84 30 63 53 50 47 20 91 59 64 6 52 36 77 78 9 11 54 12 68 60 76 72 86 51 22 27 33 5 97 95 66 18
Coste: 21735222

GENERACION: 335
Mejor Solucion:  85 88 19 65 26 41 56 15 46 17 32 44 58 49 29 28 21 43 92 73 3 0 24 14 8 31 45 34 13 62 16 94 35 98 61 1 48 57 74 90 39 71 10 89 79 38 25 93 80 83 96 7 40 67 81 2 55 23 82 87 4 69 37 42 99 70 75 84 30 63 53 50 47 20 91 59 64 6 52 36 77 78 9 11 54 12 68 60 76 72 86 51 22 27 33 5 97 95 66 18
Coste: 21735222

GENERACION: 340
Mejor Solucion:  85 88 19 65 26 41 56 15 46 17 32 44 58 49 29 28 21 43 92 73 3 0 24 14 8 31 45 34 13 62 16 94 35 98 61 1 48 57 74 90 39 71 10 89 79 38 25 93 80 83 96 7 40 67 81 2 55 23 82 87 4 69 37 42 99 70 75 84 30 63 53 50 47 20 91 59 64 6 52 36 77 78 9 11 54 12 68 60 76 72 86 51 22 27 33 5 97 95 66 18
Coste: 21735222

GENERACION: 345
Mejor Solucion:  85 88 19 65 26 41 56 15 46 17 32 44 58 49 29 28 21 43 92 73 3 0 24 14 8 31 45 34 13 62 16 94 35 98 61 1 48 57 74 90 39 71 10 89 79 38 25 93 80 83 96 7 40 67 81 2 55 23 82 87 4 69 37 42 99 70 75 84 30 63 53 50 47 20 91 59 64 6 52 36 77 78 9 11 54 12 68 60 76 72 86 51 22 27 33 5 97 95 66 18
Coste: 21735222

GENERACION: 350
Mejor Solucion:  85 88 19 65 26 41 56 15 46 17 32 44 58 49 29 28 21 43 92 73 3 0 24 14 8 31 45 34 13 62 16 94 35 98 61 1 48 57 74 90 39 71 10 89 79 38 25 93 80 83 96 7 40 67 81 2 55 23 82 87 4 69 37 42 99 70 75 84 30 63 53 50 47 20 91 59 64 6 52 36 77 78 9 11 54 12 68 60 76 72 86 51 22 27 33 5 97 95 66 18
Coste: 21735222

GENERACION: 355
Mejor Solucion:  85 88 19 65 26 41 56 15 46 17 32 44 58 49 29 28 21 43 92 73 3 0 24 14 8 31 45 34 13 62 16 94 35 98 61 1 48 57 74 90 39 71 10 89 79 38 25 93 80 83 96 7 40 67 81 2 55 23 82 87 4 69 37 42 99 70 75 84 30 63 53 50 47 20 91 59 64 6 52 36 77 78 9 11 54 12 68 60 76 72 86 51 22 27 33 5 97 95 66 18
Coste: 21735222

GENERACION: 360
Mejor Solucion:  44 58 9 91 96 78 74 29 86 13 57 50 99 28 20 80 7 38 30 26 41 97 14 5 75 67 21 23 6 62 19 87 98 31 43 37 85 11 64 33 81 54 25 71 34 89 55 18 0 94 77 73 42 48 22 4 17 35 88 12 52 10 46 56 27 90 53 69 16 66 92 24 32 93 79 1 8 65 47 63 68 61 60 95 39 70 76 36 49 3 59 84 45 51 2 83 82 15 40 72
Coste: 21712250

GENERACION: 365
Mejor Solucion:  44 58 9 91 96 78 74 29 86 13 57 50 99 28 20 80 7 38 30 26 41 97 14 5 75 67 21 23 6 62 19 87 98 31 43 37 85 11 64 33 81 54 25 71 34 89 55 18 0 94 77 73 42 48 22 4 17 35 88 12 52 10 46 56 27 90 53 69 16 66 92 24 32 93 79 1 8 65 47 63 68 61 60 95 39 70 76 36 49 3 59 84 45 51 2 83 82 15 40 72
Coste: 21712250

GENERACION: 370
Mejor Solucion:  44 58 9 91 96 78 74 29 86 13 57 50 99 28 20 73 7 38 30 26 41 97 14 5 75 67 21 23 6 62 19 87 98 31 43 37 85 11 64 33 81 54 25 71 34 89 55 18 0 94 77 80 42 48 22 4 17 35 88 12 52 10 46 56 27 90 53 69 16 66 92 24 32 93 79 1 8 65 47 63 68 61 60 95 39 70 76 36 49 3 59 84 45 51 2 83 82 15 40 72
Coste: 21711204

GENERACION: 375
Mejor Solucion:  44 58 9 91 96 78 74 29 86 13 57 50 99 28 20 73 7 38 30 26 41 97 14 5 75 67 21 23 6 62 19 87 98 31 43 37 85 11 64 33 81 54 25 71 34 89 55 18 0 94 77 80 42 48 22 4 17 35 88 12 52 10 46 56 27 90 53 69 16 66 92 24 32 93 79 1 8 65 47 63 68 61 60 95 39 70 76 36 49 3 59 84 45 51 2 83 82 15 40 72
Coste: 21711204

GENERACION: 380
Mejor Solucion:  44 58 9 91 96 78 74 29 86 13 57 50 99 28 20 73 7 38 30 26 41 97 14 5 75 67 21 23 6 62 19 87 98 31 43 37 85 11 64 33 81 54 25 71 34 89 55 18 0 94 77 80 42 48 22 4 17 35 88 12 52 10 46 56 27 90 53 69 16 66 92 24 32 93 79 1 8 65 47 63 68 61 60 95 39 70 76 36 49 3 59 84 45 51 2 83 82 15 40 72
Coste: 21711204

GENERACION: 385
Mejor Solucion:  44 58 9 91 96 78 74 29 86 13 57 50 99 28 20 73 7 38 30 26 41 97 14 5 75 67 21 23 6 62 19 87 98 31 43 37 85 11 64 33 81 54 25 71 34 89 55 18 0 94 77 80 42 48 22 4 17 35 88 12 52 10 46 56 27 90 53 69 16 66 92 24 32 93 79 1 8 65 47 63 68 61 60 95 39 70 76 36 49 3 59 84 45 51 2 83 82 15 40 72
Coste: 21711204

GENERACION: 390
Mejor Solucion:  44 58 9 91 96 78 74 29 86 13 57 50 99 28 20 73 7 38 30 26 41 97 14 5 75 67 21 23 6 62 19 87 98 31 43 37 85 11 64 33 81 54 25 71 34 89 55 18 0 94 77 80 42 48 22 4 17 35 88 12 52 10 46 56 27 90 53 69 16 66 92 24 32 93 79 1 8 65 47 63 68 61 60 95 39 70 76 36 49 3 59 84 45 51 2 83 82 15 40 72
Coste: 21711204

GENERACION: 395
Mejor Solucion:  44 58 9 91 96 78 74 29 86 13 57 50 99 28 20 73 7 38 30 26 41 97 14 5 75 67 21 23 6 62 19 87 98 31 43 37 85 11 64 33 81 54 25 71 34 89 55 18 0 94 77 80 42 48 22 4 17 35 88 12 52 10 46 56 27 90 53 69 16 66 92 24 32 93 79 1 8 65 47 63 68 61 60 95 39 70 76 36 49 3 59 84 45 51 2 83 82 15 40 72
Coste: 21711204

GENERACION: 400
Mejor Solucion:  44 58 9 91 96 78 74 29 86 13 57 50 99 28 20 73 7 38 30 26 41 97 14 5 75 67 21 23 6 62 19 87 98 31 43 37 85 11 64 33 81 54 25 71 34 89 55 18 0 94 77 80 42 48 22 4 17 35 88 12 52 10 46 56 27 90 53 69 16 66 92 24 32 93 79 1 8 65 47 63 68 61 60 95 39 70 76 36 49 3 59 84 45 51 2 83 82 15 40 72
Coste: 21711204

GENERACION: 405
Mejor Solucion:  44 58 9 91 96 78 74 29 86 13 57 50 99 28 20 73 7 38 30 26 41 97 14 5 75 67 21 23 6 62 19 87 98 31 43 37 85 11 64 33 81 54 25 71 34 89 55 18 0 94 77 80 42 48 22 4 17 35 88 12 52 10 46 56 27 90 53 69 16 66 92 24 32 93 79 1 8 65 47 63 68 61 60 95 39 70 76 36 49 3 59 84 45 51 2 83 82 15 40 72
Coste: 21711204

GENERACION: 410
Mejor Solucion:  44 58 9 91 96 78 74 29 86 13 57 50 99 28 20 73 7 38 30 26 41 97 14 5 75 67 21 23 6 62 19 87 98 31 43 37 85 11 64 33 81 54 25 71 34 89 55 18 0 94 77 80 42 48 22 4 17 35 88 12 52 10 46 56 27 90 53 69 16 66 92 24 32 93 79 1 8 65 47 63 68 61 60 95 39 70 76 36 49 3 59 84 45 51 2 83 82 15 40 72
Coste: 21711204

GENERACION: 415
Mejor Solucion:  44 58 9 91 96 78 74 29 86 13 57 50 99 28 20 73 7 38 30 26 41 97 14 5 75 67 21 23 6 62 19 87 98 31 43 37 85 11 64 33 81 54 25 71 34 89 55 18 0 94 77 80 42 48 22 4 17 35 88 12 52 10 46 56 27 90 53 69 16 66 92 24 32 93 79 1 8 65 47 63 68 61 60 95 39 70 76 36 49 3 59 84 45 51 2 83 82 15 40 72
Coste: 21711204

GENERACION: 420
Mejor Solucion:  44 58 9 91 96 78 74 29 86 13 57 50 99 28 20 73 7 38 30 26 41 97 14 5 75 67 21 23 6 62 19 87 98 31 43 37 85 11 64 33 81 54 25 71 34 89 55 18 0 94 77 80 42 48 22 4 17 35 88 12 52 10 46 56 27 90 53 69 16 66 92 24 32 93 79 1 8 65 47 63 68 61 60 95 39 70 76 36 49 3 59 84 45 51 2 83 82 15 40 72
Coste: 21711204

GENERACION: 425
Mejor Solucion:  44 58 9 91 96 78 74 29 86 13 57 50 99 28 20 73 7 38 30 26 41 97 14 5 75 67 21 23 6 62 19 87 98 31 43 37 85 11 64 33 81 54 25 71 34 89 55 18 0 94 77 80 42 48 22 4 17 35 88 12 52 10 46 56 27 90 53 69 16 66 92 24 32 93 79 1 8 65 47 63 68 61 60 95 39 70 76 36 49 3 59 84 45 51 2 83 82 15 40 72
Coste: 21711204

GENERACION: 430
Mejor Solucion:  44 58 9 91 96 78 74 29 86 13 57 50 99 28 20 73 7 38 30 26 41 97 14 5 75 67 21 23 6 62 19 87 98 31 43 37 85 11 64 33 81 54 25 71 34 89 55 18 0 94 77 80 42 48 22 4 17 35 88 12 52 10 46 56 27 90 53 69 16 66 92 24 32 93 79 1 8 65 47 63 68 61 60 95 39 70 76 36 49 3 59 84 45 51 2 83 82 15 40 72
Coste: 21711204

GENERACION: 435
Mejor Solucion:  44 58 9 91 96 78 74 29 86 13 57 50 99 28 20 73 7 38 30 26 41 97 14 5 75 67 21 23 6 62 19 87 98 31 43 37 85 11 64 33 81 54 25 71 34 89 55 18 0 94 77 80 42 48 22 4 17 35 88 12 52 10 46 56 27 90 53 69 16 66 92 24 32 93 79 1 8 65 47 63 68 61 60 95 39 70 76 36 49 3 59 84 45 51 2 83 82 15 40 72
Coste: 21711204

GENERACION: 440
Mejor Solucion:  44 58 9 91 96 78 74 29 86 13 57 50 99 28 20 73 7 38 30 26 41 97 14 5 75 67 21 23 6 62 19 87 98 31 43 37 85 11 64 33 81 54 25 71 34 89 55 18 0 94 77 80 42 48 22 4 17 35 88 12 52 10 46 56 27 90 53 69 16 66 92 24 32 93 79 1 8 65 47 63 68 61 60 95 39 70 76 36 49 3 59 84 45 51 2 83 82 15 40 72
Coste: 21711204

GENERACION: 445
Mejor Solucion:  44 58 9 91 96 78 74 29 86 13 57 50 99 28 20 73 7 38 30 26 41 97 14 5 75 67 21 23 6 62 19 87 98 31 43 37 85 11 64 33 81 54 25 71 34 89 55 18 0 94 77 80 42 48 22 4 17 35 88 12 52 10 46 56 27 90 53 69 16 66 92 24 32 93 79 1 8 65 47 63 68 61 60 95 39 70 76 36 49 3 59 84 45 51 2 83 82 15 40 72
Coste: 21711204

GENERACION: 450
Mejor Solucion:  44 58 9 91 96 78 74 29 86 13 57 50 99 28 20 73 7 38 30 26 41 97 14 5 75 67 21 23 6 62 19 87 98 31 43 37 85 11 64 33 81 54 25 71 34 89 55 18 0 94 77 80 42 48 22 4 17 35 88 12 52 10 46 56 27 90 53 69 16 66 92 24 32 93 79 1 8 65 47 63 68 61 60 95 39 70 76 36 49 3 59 84 45 51 2 83 82 15 40 72
Coste: 21711204

GENERACION: 455
Mejor Solucion:  44 58 9 91 96 78 74 29 86 13 57 50 99 28 20 73 7 38 30 26 41 97 14 5 75 67 21 23 6 62 19 87 98 31 43 37 85 11 64 33 81 54 25 71 34 89 55 18 0 94 77 80 42 48 22 4 17 35 88 12 52 10 46 56 27 90 53 69 16 66 92 24 32 93 79 1 8 65 47 63 68 61 60 95 39 70 76 36 49 3 59 84 45 51 2 83 82 15 40 72
Coste: 21711204

GENERACION: 460
Mejor Solucion:  44 58 9 91 96 78 74 29 86 13 57 50 99 28 20 73 7 38 30 26 41 97 14 5 75 67 21 23 6 62 19 87 98 31 43 37 85 11 64 33 81 54 25 71 34 89 55 18 0 94 77 80 42 48 22 4 17 35 88 12 52 10 46 56 27 90 53 69 16 66 92 24 32 93 79 1 8 65 47 63 68 61 60 95 39 70 76 36 49 3 59 84 45 51 2 83 82 15 40 72
Coste: 21711204

GENERACION: 465
Mejor Solucion:  44 58 9 91 96 78 74 29 86 13 57 50 99 28 20 73 7 38 30 26 41 97 14 5 75 67 21 23 6 62 19 87 98 31 43 37 85 11 64 33 81 54 25 71 34 89 55 18 0 94 77 80 42 48 22 4 17 35 88 12 52 10 46 56 27 90 53 69 16 66 92 24 32 93 79 1 8 65 47 63 68 61 60 95 39 70 76 36 49 3 59 84 45 51 2 83 82 15 40 72
Coste: 21711204

GENERACION: 470
Mejor Solucion:  44 58 9 91 96 78 74 29 86 13 57 50 99 28 20 73 7 38 30 26 41 97 14 5 75 67 21 23 6 62 19 87 98 31 43 37 85 11 64 33 81 54 25 71 34 89 55 18 0 94 77 80 42 48 22 4 17 35 88 12 52 10 46 56 27 90 53 69 16 66 92 24 32 93 79 1 8 65 47 63 68 61 60 95 39 70 76 36 49 3 59 84 45 51 2 83 82 15 40 72
Coste: 21711204

GENERACION: 475
Mejor Solucion:  44 58 9 91 96 78 74 29 86 13 57 50 99 28 20 73 7 38 30 26 41 97 14 5 75 67 21 23 6 62 19 87 98 31 43 37 85 11 64 33 81 54 25 71 34 89 55 18 0 94 77 80 42 48 22 4 17 35 88 12 52 10 46 56 27 90 53 69 16 66 92 24 32 93 79 1 8 65 47 63 68 61 60 95 39 70 76 36 49 3 59 84 45 51 2 83 82 15 40 72
Coste: 21711204

GENERACION: 480
Mejor Solucion:  44 58 9 91 96 78 74 29 86 13 57 50 99 28 20 73 7 38 30 26 41 97 14 5 75 67 21 23 6 62 19 87 98 31 43 37 85 11 64 33 81 54 25 71 34 89 55 18 0 94 77 80 42 48 22 4 17 35 88 12 52 10 46 56 27 90 53 69 16 66 92 24 32 93 79 1 8 65 47 63 68 61 60 95 39 70 76 36 49 3 59 84 45 51 2 83 82 15 40 72
Coste: 21711204

GENERACION: 485
Mejor Solucion:  44 58 9 91 96 78 74 29 86 13 57 50 99 28 20 73 7 38 30 26 41 97 14 5 75 67 21 23 6 62 19 87 98 31 43 37 85 11 64 33 81 54 25 71 34 89 55 18 0 94 77 80 42 48 22 4 17 35 88 12 52 10 46 56 27 90 53 69 16 66 92 24 32 93 79 1 8 65 47 63 68 61 60 95 39 70 76 36 49 3 59 84 45 51 2 83 82 15 40 72
Coste: 21711204

GENERACION: 490
Mejor Solucion:  44 58 9 91 96 78 74 29 86 13 57 50 99 28 20 73 7 38 30 26 41 97 14 5 75 67 21 23 6 62 19 87 98 31 43 37 85 11 64 33 81 54 25 71 34 89 55 18 0 94 77 80 42 48 22 4 17 35 88 12 52 10 46 56 27 90 53 69 16 66 92 24 32 93 79 1 8 65 47 63 68 61 60 95 39 70 76 36 49 3 59 84 45 51 2 83 82 15 40 72
Coste: 21711204

GENERACION: 495
Mejor Solucion:  44 58 9 91 96 78 74 29 86 13 57 50 99 28 20 73 7 38 30 26 41 97 14 5 75 67 21 23 6 62 19 87 98 31 43 37 85 11 64 33 81 54 25 71 34 89 55 18 0 94 77 80 42 48 22 4 17 35 88 12 52 10 46 56 27 90 53 69 16 66 92 24 32 93 79 1 8 65 47 63 68 61 60 95 39 70 76 36 49 3 59 84 45 51 2 83 82 15 40 72
Coste: 21711204

GENERACION: 500
Mejor Solucion:  44 58 9 91 96 78 74 29 86 13 57 50 99 28 20 73 7 38 30 26 41 97 14 5 75 67 21 23 6 62 19 87 98 31 43 37 85 11 64 33 81 54 25 71 34 89 55 18 0 94 77 80 42 48 22 4 17 35 88 12 52 10 46 56 27 90 53 69 16 66 92 24 32 93 79 1 8 65 47 63 68 61 60 95 39 70 76 36 49 3 59 84 45 51 2 83 82 15 40 72
Coste: 21711204

GENERACION: 505
Mejor Solucion:  44 58 9 91 96 78 74 29 86 13 57 50 99 28 20 73 7 38 30 26 41 97 14 5 75 67 21 23 6 62 19 87 98 31 43 37 85 11 64 33 81 54 25 71 34 89 55 18 0 94 77 80 42 48 22 4 17 35 88 12 52 10 46 56 27 90 53 69 16 66 92 24 32 93 79 1 8 65 47 63 68 61 60 95 39 70 76 36 49 3 59 84 45 51 2 83 82 15 40 72
Coste: 21711204

GENERACION: 510
Mejor Solucion:  44 58 9 91 96 78 74 29 86 13 57 50 99 28 20 73 7 38 30 26 41 97 14 5 75 67 21 23 6 62 19 87 98 31 43 37 85 11 64 33 81 54 25 71 34 89 55 18 0 94 77 80 42 48 22 4 17 35 88 12 52 10 46 56 27 90 53 69 16 66 92 24 32 93 79 1 8 65 47 63 68 61 60 95 39 70 76 36 49 3 59 84 45 51 2 83 82 15 40 72
Coste: 21711204

GENERACION: 515
Mejor Solucion:  44 58 9 91 96 78 74 29 86 13 57 50 99 28 20 73 7 38 30 26 41 97 14 5 75 67 21 23 6 62 19 87 98 31 43 37 85 11 64 33 81 54 25 71 34 89 55 18 0 94 77 80 42 48 22 4 17 35 88 12 52 10 46 56 27 90 53 69 16 66 92 24 32 93 79 1 8 65 47 63 68 61 60 95 39 70 76 36 49 3 59 84 45 51 2 83 82 15 40 72
Coste: 21711204

GENERACION: 520
Mejor Solucion:  98 42 95 4 34 33 3 82 38 83 24 15 55 89 68 66 90 81 19 16 30 84 52 21 45 61 23 73 75 17 59 32 28 85 70 80 63 94 37 18 36 31 0 71 58 46 48 92 47 74 69 53 77 97 11 6 87 54 25 72 5 12 10 13 1 49 27 65 64 99 96 91 51 57 9 29 40 43 86 7 79 39 8 78 62 50 41 60 26 20 35 44 88 76 93 14 2 56 67 22
Coste: 21670859

GENERACION: 525
Mejor Solucion:  98 42 95 4 34 33 3 82 38 83 24 15 55 89 68 66 90 81 19 16 30 84 52 21 45 61 23 73 75 17 59 32 28 85 70 80 63 94 37 18 36 31 0 71 58 46 48 92 47 74 69 53 77 97 11 6 87 54 25 72 5 12 10 13 1 49 27 65 64 99 96 91 51 57 9 29 40 43 86 7 79 39 8 78 62 50 41 60 26 20 35 44 88 76 93 14 2 56 67 22
Coste: 21670859

GENERACION: 530
Mejor Solucion:  76 42 88 32 45 33 35 52 38 83 4 34 55 89 44 71 90 81 19 79 30 84 82 21 68 5 23 73 47 17 59 0 3 85 63 80 70 37 26 18 36 31 16 15 14 50 96 95 67 57 69 53 48 97 11 94 87 54 25 72 28 12 10 13 1 49 27 65 64 99 78 91 93 74 9 29 40 43 86 7 75 6 8 58 62 61 41 60 46 20 24 98 92 39 51 77 2 56 66 22
Coste: 21667218

GENERACION: 535
Mejor Solucion:  76 42 88 32 45 33 35 52 38 83 4 34 55 89 44 71 90 81 19 79 30 84 82 21 68 5 23 73 47 17 59 0 3 85 63 80 70 37 26 18 36 31 16 15 14 50 96 95 67 57 69 53 48 97 11 94 87 54 25 72 28 12 10 13 1 49 27 65 64 99 78 91 93 74 9 29 40 43 86 7 75 6 8 58 62 61 41 60 46 20 24 98 92 39 51 77 2 56 66 22
Coste: 21667218

GENERACION: 540
Mejor Solucion:  76 42 88 32 45 33 35 52 38 83 4 34 55 89 44 71 90 81 19 79 30 84 82 21 68 5 23 73 47 17 59 0 3 85 63 80 70 37 26 18 36 31 16 15 14 50 96 95 67 57 69 53 48 97 11 94 87 54 25 72 28 12 10 13 1 49 27 65 64 99 78 91 93 74 9 29 40 43 86 7 75 6 8 58 62 61 41 60 46 20 24 98 92 39 51 77 2 56 66 22
Coste: 21667218

GENERACION: 545
Mejor Solucion:  76 42 88 32 45 33 35 52 38 83 4 34 55 89 44 71 90 81 19 79 30 84 82 21 68 5 23 73 47 17 59 0 3 85 63 80 70 37 26 18 36 31 16 15 14 50 96 95 67 57 69 53 48 97 11 94 87 54 25 72 28 12 10 13 1 49 27 65 64 99 78 91 93 74 9 29 40 43 86 7 75 6 8 58 62 61 41 60 46 20 24 98 92 39 51 77 2 56 66 22
Coste: 21667218

GENERACION: 550
Mejor Solucion:  76 42 88 32 45 33 35 52 38 83 4 34 55 89 44 71 90 81 19 79 30 84 82 21 68 5 23 73 47 17 59 0 3 85 63 80 70 37 26 18 36 31 16 15 14 50 96 95 67 57 69 53 48 97 11 94 87 54 25 72 28 12 10 13 1 49 27 65 64 99 78 91 93 74 9 29 40 43 86 7 75 6 8 58 62 61 41 60 46 20 24 98 92 39 51 77 2 56 66 22
Coste: 21667218

GENERACION: 555
Mejor Solucion:  76 42 88 32 45 33 35 52 38 83 4 34 55 89 44 71 90 81 19 79 30 84 82 21 68 5 23 73 47 17 59 0 3 85 63 80 70 37 26 18 36 31 16 15 14 50 96 95 67 57 69 53 48 97 11 94 87 54 25 72 28 12 10 13 1 49 27 65 64 99 78 91 93 74 9 29 40 43 86 7 75 6 8 58 62 61 41 60 46 20 24 98 92 39 51 77 2 56 66 22
Coste: 21667218

GENERACION: 560
Mejor Solucion:  28 66 95 32 91 33 0 74 38 83 94 34 85 89 44 55 90 81 19 79 30 84 82 21 68 4 23 73 61 17 59 5 3 75 49 80 78 6 37 18 36 31 16 15 14 50 48 47 67 57 76 53 45 97 11 41 12 54 25 72 98 27 10 13 1 63 70 65 64 99 96 88 93 35 9 40 71 43 87 7 52 42 8 86 62 29 58 60 46 20 24 69 92 39 51 77 2 56 26 22
Coste: 21640762

GENERACION: 565
Mejor Solucion:  28 66 95 32 91 33 0 74 38 83 94 34 85 89 44 55 90 81 19 79 30 84 82 21 68 4 23 73 61 17 59 5 3 75 49 80 78 6 37 18 36 31 16 15 14 50 48 47 67 57 76 53 45 97 11 41 12 54 25 72 98 27 10 13 1 63 70 65 64 99 96 88 93 35 9 40 71 43 87 7 52 42 8 86 62 29 58 60 46 20 24 69 92 39 51 77 2 56 26 22
Coste: 21640762

GENERACION: 570
Mejor Solucion:  28 66 95 32 91 33 0 74 38 83 94 34 85 89 44 55 90 81 19 79 30 84 82 21 68 4 23 73 61 17 59 5 3 75 49 80 78 6 37 18 36 31 16 15 14 50 48 47 67 57 76 53 45 97 11 41 12 54 25 72 98 27 10 13 1 63 70 65 64 99 96 88 93 35 9 40 71 43 87 7 52 42 8 86 62 29 58 60 46 20 24 69 92 39 51 77 2 56 26 22
Coste: 21640762

GENERACION: 575
Mejor Solucion:  28 66 95 32 91 33 0 74 38 83 94 34 85 89 44 55 90 81 19 79 30 84 82 21 68 4 23 73 61 17 59 5 3 75 49 80 78 6 37 18 36 31 16 15 14 50 48 47 67 57 76 53 45 97 11 41 12 54 25 72 98 27 10 13 1 63 70 65 64 99 96 88 93 35 9 40 71 43 87 7 52 42 8 86 62 29 58 60 46 20 24 69 92 39 51 77 2 56 26 22
Coste: 21640762

GENERACION: 580
Mejor Solucion:  28 66 95 32 91 33 0 74 38 83 94 34 85 89 44 55 90 81 19 79 30 84 82 21 68 4 23 73 61 17 59 5 3 75 49 80 78 6 37 18 36 31 16 15 14 50 48 47 67 57 76 53 45 97 11 41 12 54 25 72 98 27 10 13 1 63 70 65 64 99 96 88 93 35 9 40 71 43 87 7 52 42 8 86 62 29 58 60 46 20 24 69 92 39 51 77 2 56 26 22
Coste: 21640762

GENERACION: 585
Mejor Solucion:  28 66 95 32 91 33 0 74 38 83 94 34 85 89 44 55 90 81 19 79 30 84 82 21 68 4 23 73 61 17 59 5 3 75 49 80 78 6 37 18 36 31 16 15 14 50 48 47 67 57 76 53 45 97 11 41 12 54 25 72 98 27 10 13 1 63 70 65 64 99 96 88 93 35 9 40 71 43 87 7 52 42 8 86 62 29 58 60 46 20 24 69 92 39 51 77 2 56 26 22
Coste: 21640762

GENERACION: 590
Mejor Solucion:  28 66 95 32 91 33 0 74 38 83 94 34 85 89 44 55 90 81 19 79 30 84 82 21 68 4 23 73 61 17 59 5 3 75 49 80 78 6 37 18 36 31 16 15 14 50 48 47 67 57 76 53 45 97 11 41 12 54 25 72 98 27 10 13 1 63 70 65 64 99 96 88 93 35 9 40 71 43 87 7 52 42 8 86 62 29 58 60 46 20 24 69 92 39 51 77 2 56 26 22
Coste: 21640762

GENERACION: 595
Mejor Solucion:  28 66 95 32 91 33 0 74 38 83 94 34 85 89 44 55 90 81 19 79 30 84 82 21 68 4 23 73 61 17 59 5 3 75 49 80 78 6 37 18 36 31 16 15 14 50 48 47 67 57 76 53 45 97 11 41 12 54 25 72 98 27 10 13 1 63 70 65 64 99 96 88 93 35 9 40 71 43 87 7 52 42 8 86 62 29 58 60 46 20 24 69 92 39 51 77 2 56 26 22
Coste: 21640762

GENERACION: 600
Mejor Solucion:  28 66 95 32 91 33 0 74 38 83 94 34 85 89 44 55 90 81 19 79 30 84 82 21 68 4 23 73 61 17 59 5 3 75 49 80 78 6 37 18 36 31 16 15 14 50 48 47 67 57 76 53 45 97 11 41 12 54 25 72 98 27 10 13 1 63 70 65 64 99 96 88 93 35 9 40 71 43 87 7 52 42 8 86 62 29 58 60 46 20 24 69 92 39 51 77 2 56 26 22
Coste: 21640762

GENERACION: 605
Mejor Solucion:  28 66 95 32 91 33 0 74 38 83 94 34 85 89 44 55 90 81 19 79 30 84 82 21 68 4 23 73 61 17 59 5 3 75 49 80 78 6 37 18 36 31 16 15 14 50 48 47 67 57 76 53 45 97 11 41 12 54 25 72 98 27 10 13 1 63 70 65 64 99 96 88 93 35 9 40 71 43 87 7 52 42 8 86 62 29 58 60 46 20 24 69 92 39 51 77 2 56 26 22
Coste: 21640762

GENERACION: 610
Mejor Solucion:  28 66 95 32 91 33 0 74 38 83 94 34 85 89 44 55 90 81 19 79 30 84 82 21 68 4 23 73 61 17 59 5 3 75 49 80 78 6 37 18 36 31 16 15 14 50 48 47 67 57 76 53 45 97 11 41 12 54 25 72 98 27 10 13 1 63 70 65 64 99 96 88 93 35 9 40 71 43 87 7 52 42 8 86 62 29 58 60 46 20 24 69 92 39 51 77 2 56 26 22
Coste: 21640762

GENERACION: 615
Mejor Solucion:  28 66 95 32 91 33 0 74 38 83 94 34 85 89 44 55 90 81 19 79 30 84 82 21 68 4 23 73 61 17 59 5 3 75 49 80 78 6 37 18 36 31 16 15 14 50 48 47 67 57 76 53 45 97 11 41 12 54 25 72 98 27 10 13 1 63 70 65 64 99 96 88 93 35 9 40 71 43 87 7 52 42 8 86 62 29 58 60 46 20 24 69 92 39 51 77 2 56 26 22
Coste: 21640762

GENERACION: 620
Mejor Solucion:  28 66 95 32 91 33 0 74 38 83 94 34 85 89 44 55 90 81 19 79 30 84 82 21 68 4 23 73 61 17 59 5 3 75 49 80 78 6 37 18 36 31 16 15 14 50 48 47 67 57 76 53 45 97 11 41 12 54 25 72 98 27 10 13 1 63 70 65 64 99 96 88 93 35 9 40 71 43 87 7 52 42 8 86 62 29 58 60 46 20 24 69 92 39 51 77 2 56 26 22
Coste: 21640762

GENERACION: 625
Mejor Solucion:  28 66 95 32 91 33 0 74 38 83 94 34 85 89 44 55 90 81 19 79 30 84 82 21 68 4 23 73 61 17 59 5 3 75 49 80 78 6 37 18 36 31 16 15 14 50 48 47 67 57 76 53 45 97 11 41 12 54 25 72 98 27 10 13 1 63 70 65 64 99 96 88 93 35 9 40 71 43 87 7 52 42 8 86 62 29 58 60 46 20 24 69 92 39 51 77 2 56 26 22
Coste: 21640762

GENERACION: 630
Mejor Solucion:  28 66 95 32 91 33 0 74 38 83 94 34 85 89 44 55 90 81 19 79 30 84 82 21 68 4 23 73 61 17 59 5 3 75 49 80 78 6 37 18 36 31 16 15 14 50 48 47 67 57 76 53 45 97 11 41 12 54 25 72 98 27 10 13 1 63 70 65 64 99 96 88 93 35 9 40 71 43 87 7 52 42 8 86 62 29 58 60 46 20 24 69 92 39 51 77 2 56 26 22
Coste: 21640762

GENERACION: 635
Mejor Solucion:  28 66 95 32 91 33 0 74 38 83 94 34 85 89 44 55 90 81 19 79 30 84 82 21 68 4 23 73 61 17 59 5 3 75 49 80 78 6 37 18 36 31 16 15 14 50 48 47 67 57 76 53 45 97 11 41 12 54 25 72 98 27 10 13 1 63 70 65 64 99 96 88 93 35 9 40 71 43 87 7 52 42 8 86 62 29 58 60 46 20 24 69 92 39 51 77 2 56 26 22
Coste: 21640762

GENERACION: 640
Mejor Solucion:  28 66 95 32 91 33 0 74 38 83 94 34 85 89 44 55 90 81 19 79 30 84 82 21 68 4 23 73 61 17 59 5 3 75 49 80 78 6 37 18 36 31 16 15 14 50 48 47 67 57 76 53 45 97 11 41 12 54 25 72 98 27 10 13 1 63 70 65 64 99 96 88 93 35 9 40 71 43 87 7 52 42 8 86 62 29 58 60 46 20 24 69 92 39 51 77 2 56 26 22
Coste: 21640762

GENERACION: 645
Mejor Solucion:  28 66 95 32 91 33 0 74 38 83 94 34 85 89 44 55 90 81 19 79 30 84 82 21 68 4 23 73 61 17 59 5 3 75 49 80 78 6 37 18 36 31 16 15 14 50 48 47 67 57 76 53 45 97 11 41 12 54 25 72 98 27 10 13 1 63 70 65 64 99 96 88 93 35 9 40 71 43 87 7 52 42 8 86 62 29 58 60 46 20 24 69 92 39 51 77 2 56 26 22
Coste: 21640762

GENERACION: 650
Mejor Solucion:  28 66 95 32 91 33 0 74 38 83 94 34 85 89 44 55 90 81 19 79 30 84 82 21 68 4 23 73 61 17 59 5 3 75 49 80 78 6 37 18 36 31 16 15 14 50 48 47 67 57 76 53 45 97 11 41 12 54 25 72 98 27 10 13 1 63 70 65 64 99 96 88 93 35 9 40 71 43 87 7 52 42 8 86 62 29 58 60 46 20 24 69 92 39 51 77 2 56 26 22
Coste: 21640762

GENERACION: 655
Mejor Solucion:  28 66 95 32 91 33 0 74 38 83 94 34 85 89 44 55 90 81 19 79 30 84 82 21 68 4 23 73 61 17 59 5 3 75 49 80 78 6 37 18 36 31 16 15 14 50 48 47 67 57 76 53 45 97 11 41 12 54 25 72 98 27 10 13 1 63 70 65 64 99 96 88 93 35 9 40 71 43 87 7 52 42 8 86 62 29 58 60 46 20 24 69 92 39 51 77 2 56 26 22
Coste: 21640762

GENERACION: 660
Mejor Solucion:  28 66 95 32 91 33 0 74 38 83 94 34 85 89 44 55 90 81 19 79 30 84 82 21 68 4 23 73 61 17 59 5 3 75 49 80 78 6 37 18 36 31 16 15 14 50 48 47 67 57 76 53 45 97 11 41 12 54 25 72 98 27 10 13 1 63 70 65 64 99 96 88 93 35 9 40 71 43 87 7 52 42 8 86 62 29 58 60 46 20 24 69 92 39 51 77 2 56 26 22
Coste: 21640762

GENERACION: 665
Mejor Solucion:  28 66 95 32 91 33 0 74 38 83 94 34 85 89 44 55 90 81 19 79 30 84 82 21 68 4 23 73 61 17 59 5 3 75 49 80 78 6 37 18 36 31 16 15 14 50 48 47 67 57 76 53 45 97 11 41 12 54 25 72 98 27 10 13 1 63 70 65 64 99 96 88 93 35 9 40 71 43 87 7 52 42 8 86 62 29 58 60 46 20 24 69 92 39 51 77 2 56 26 22
Coste: 21640762

GENERACION: 670
Mejor Solucion:  28 66 95 32 91 33 0 74 38 83 94 34 85 89 44 55 90 81 19 79 30 84 82 21 68 4 23 73 61 17 59 5 3 75 49 80 78 6 37 18 36 31 16 15 14 50 48 47 67 57 76 53 45 97 11 41 12 54 25 72 98 27 10 13 1 63 70 65 64 99 96 88 93 35 9 40 71 43 87 7 52 42 8 86 62 29 58 60 46 20 24 69 92 39 51 77 2 56 26 22
Coste: 21640762

GENERACION: 675
Mejor Solucion:  28 66 95 32 91 33 0 74 38 83 94 34 85 89 44 55 90 81 19 79 30 84 82 21 68 4 23 73 61 17 59 5 3 75 49 80 78 6 37 18 36 31 16 15 14 50 48 47 67 57 76 53 45 97 11 41 12 54 25 72 98 27 10 13 1 63 70 65 64 99 96 88 93 35 9 40 71 43 87 7 52 42 8 86 62 29 58 60 46 20 24 69 92 39 51 77 2 56 26 22
Coste: 21640762

GENERACION: 680
Mejor Solucion:  28 66 95 32 91 33 0 74 38 83 94 34 85 89 44 55 90 81 19 79 30 84 82 21 68 4 23 73 61 17 59 5 3 75 49 80 78 6 37 18 36 31 16 15 14 50 48 47 67 57 76 53 45 97 11 41 12 54 25 72 98 27 10 13 1 63 70 65 64 99 96 88 93 35 9 40 71 43 87 7 52 42 8 86 62 29 58 60 46 20 24 69 92 39 51 77 2 56 26 22
Coste: 21640762

GENERACION: 685
Mejor Solucion:  28 66 95 32 91 33 0 74 38 83 94 34 85 89 44 55 90 81 19 79 30 84 82 21 68 4 23 73 61 17 59 5 3 75 49 80 78 6 37 18 36 31 16 15 14 50 48 47 67 57 76 53 45 97 11 41 12 54 25 72 98 27 10 13 1 63 70 65 64 99 96 88 93 35 9 40 71 43 87 7 52 42 8 86 62 29 58 60 46 20 24 69 92 39 51 77 2 56 26 22
Coste: 21640762

GENERACION: 690
Mejor Solucion:  28 66 95 32 91 33 0 74 38 83 94 34 85 89 44 55 90 81 19 79 30 84 82 21 68 4 23 73 61 17 59 5 3 75 49 80 78 6 37 18 36 31 16 15 14 50 48 47 67 57 76 53 45 97 11 41 12 54 25 72 98 27 10 13 1 63 70 65 64 99 96 88 93 35 9 40 71 43 87 7 52 42 8 86 62 29 58 60 46 20 24 69 92 39 51 77 2 56 26 22
Coste: 21640762

GENERACION: 695
Mejor Solucion:  28 66 95 32 91 33 0 74 38 83 94 34 85 89 44 55 90 81 19 79 30 84 82 21 68 4 23 73 61 17 59 5 3 75 49 80 78 6 37 18 36 31 16 15 14 50 48 47 67 57 76 53 45 97 11 41 12 54 25 72 98 27 10 13 1 63 70 65 64 99 96 88 93 35 9 40 71 43 87 7 52 42 8 86 62 29 58 60 46 20 24 69 92 39 51 77 2 56 26 22
Coste: 21640762

GENERACION: 700
Mejor Solucion:  28 66 95 32 91 33 0 74 38 83 94 34 85 89 44 55 90 81 19 79 30 84 82 21 68 4 23 73 61 17 59 5 3 75 49 80 78 6 37 18 36 31 16 15 14 50 48 47 67 57 76 53 45 97 11 41 12 54 25 72 98 27 10 13 1 63 70 65 64 99 96 88 93 35 9 40 71 43 87 7 52 42 8 86 62 29 58 60 46 20 24 69 92 39 51 77 2 56 26 22
Coste: 21640762

GENERACION: 705
Mejor Solucion:  28 66 95 32 91 33 0 74 38 83 94 34 85 89 44 55 90 81 19 79 30 84 82 21 68 4 23 73 61 17 59 5 3 75 49 80 78 6 37 18 36 31 16 15 14 50 48 47 67 57 76 53 45 97 11 41 12 54 25 72 98 27 10 13 1 63 70 65 64 99 96 88 93 35 9 40 71 43 87 7 52 42 8 86 62 29 58 60 46 20 24 69 92 39 51 77 2 56 26 22
Coste: 21640762

GENERACION: 710
Mejor Solucion:  28 66 95 32 91 33 0 74 38 83 94 34 85 89 44 55 90 81 19 79 30 84 82 21 68 4 23 73 61 17 59 5 3 75 49 80 78 6 37 18 36 31 16 15 14 50 48 47 67 57 76 53 45 97 11 41 12 54 25 72 98 27 10 13 1 63 70 65 64 99 96 88 93 35 9 40 71 43 87 7 52 42 8 86 62 29 58 60 46 20 24 69 92 39 51 77 2 56 26 22
Coste: 21640762

GENERACION: 715
Mejor Solucion:  28 66 95 32 91 33 0 74 38 83 94 34 85 89 44 55 90 81 19 79 30 84 82 21 68 4 23 73 61 17 59 5 3 75 49 80 78 6 37 18 36 31 16 15 14 50 48 47 67 57 76 53 45 97 11 41 12 54 25 72 98 27 10 13 1 63 70 65 64 99 96 88 93 35 9 40 71 43 87 7 52 42 8 86 62 29 58 60 46 20 24 69 92 39 51 77 2 56 26 22
Coste: 21640762

GENERACION: 720
Mejor Solucion:  28 66 95 32 91 33 0 74 38 83 94 34 85 89 44 55 90 81 19 79 30 84 82 21 68 4 23 73 61 17 59 5 3 75 49 80 78 6 37 18 36 31 16 15 14 50 48 47 67 57 76 53 45 97 11 41 12 54 25 72 98 27 10 13 1 63 70 65 64 99 96 88 93 35 9 40 71 43 87 7 52 42 8 86 62 29 58 60 46 20 24 69 92 39 51 77 2 56 26 22
Coste: 21640762

GENERACION: 725
Mejor Solucion:  28 66 95 32 91 33 0 74 38 83 94 34 85 89 44 55 90 81 19 79 30 84 82 21 68 4 23 73 61 17 59 5 3 75 49 80 78 6 37 18 36 31 16 15 14 50 48 47 67 57 76 53 45 97 11 41 12 54 25 72 98 27 10 13 1 63 70 65 64 99 96 88 93 35 9 40 71 43 87 7 52 42 8 86 62 29 58 60 46 20 24 69 92 39 51 77 2 56 26 22
Coste: 21640762

GENERACION: 730
Mejor Solucion:  28 66 95 32 91 33 0 74 38 83 94 34 85 89 44 55 90 81 19 79 30 84 82 21 68 4 23 73 61 17 59 5 3 75 49 80 78 6 37 18 36 31 16 15 14 50 48 47 67 57 76 53 45 97 11 41 12 54 25 72 98 27 10 13 1 63 70 65 64 99 96 88 93 35 9 40 71 43 87 7 52 42 8 86 62 29 58 60 46 20 24 69 92 39 51 77 2 56 26 22
Coste: 21640762

GENERACION: 735
Mejor Solucion:  28 66 95 32 91 33 0 74 38 83 94 34 85 89 44 55 90 81 19 79 30 84 82 21 68 4 23 73 61 17 59 5 3 75 49 80 78 6 37 18 36 31 16 15 14 50 48 47 67 57 76 53 45 97 11 41 12 54 25 72 98 27 10 13 1 63 70 65 64 99 96 88 93 35 9 40 71 43 87 7 52 42 8 86 62 29 58 60 46 20 24 69 92 39 51 77 2 56 26 22
Coste: 21640762

GENERACION: 740
Mejor Solucion:  28 66 95 32 91 33 0 74 38 83 94 34 85 89 44 55 90 81 19 79 30 84 82 21 68 4 23 73 61 17 59 5 3 75 49 80 78 6 37 18 36 31 16 15 14 50 48 47 67 57 76 53 45 97 11 41 12 54 25 72 98 27 10 13 1 63 70 65 64 99 96 88 93 35 9 40 71 43 87 7 52 42 8 86 62 29 58 60 46 20 24 69 92 39 51 77 2 56 26 22
Coste: 21640762

GENERACION: 745
Mejor Solucion:  28 66 95 32 91 33 0 74 38 83 94 34 85 89 44 55 90 81 19 79 30 84 82 21 68 4 23 73 61 17 59 5 3 75 49 80 78 6 37 18 36 31 16 15 14 50 48 47 67 57 76 53 45 97 11 41 12 54 25 72 98 27 10 13 1 63 70 65 64 99 96 88 93 35 9 40 71 43 87 7 52 42 8 86 62 29 58 60 46 20 24 69 92 39 51 77 2 56 26 22
Coste: 21640762

GENERACION: 750
Mejor Solucion:  28 66 95 32 91 33 0 74 38 83 94 34 85 89 44 55 90 81 19 79 30 84 82 21 68 4 23 73 61 17 59 5 3 75 49 80 78 6 37 18 36 31 16 15 14 50 48 47 67 57 76 53 45 97 11 41 12 54 25 72 98 27 10 13 1 63 70 65 64 99 96 88 93 35 9 40 71 43 87 7 52 42 8 86 62 29 58 60 46 20 24 69 92 39 51 77 2 56 26 22
Coste: 21640762

GENERACION: 755
Mejor Solucion:  28 66 95 32 91 33 0 74 38 83 94 34 85 89 44 55 90 81 19 79 30 84 82 21 68 4 23 73 61 17 59 5 3 75 49 80 78 6 37 18 36 31 16 15 14 50 48 47 67 57 76 53 45 97 11 41 12 54 25 72 98 27 10 13 1 63 70 65 64 99 96 88 93 35 9 40 71 43 87 7 52 42 8 86 62 29 58 60 46 20 24 69 92 39 51 77 2 56 26 22
Coste: 21640762

GENERACION: 760
Mejor Solucion:  28 66 95 32 91 33 0 74 38 83 94 34 85 89 44 55 90 81 19 79 30 84 82 21 68 4 23 73 61 17 59 5 3 75 49 80 78 6 37 18 36 31 16 15 14 50 48 47 67 57 76 53 45 97 11 41 12 54 25 72 98 27 10 13 1 63 70 65 64 99 96 88 93 35 9 40 71 43 87 7 52 42 8 86 62 29 58 60 46 20 24 69 92 39 51 77 2 56 26 22
Coste: 21640762

GENERACION: 765
Mejor Solucion:  28 66 95 32 91 33 0 74 38 83 94 34 85 89 44 55 90 81 19 79 30 84 82 21 68 4 23 73 61 17 59 5 3 75 49 80 78 6 37 18 36 31 16 15 14 50 48 47 67 57 76 53 45 97 11 41 12 54 25 72 98 27 10 13 1 63 70 65 64 99 96 88 93 35 9 40 71 43 87 7 52 42 8 86 62 29 58 60 46 20 24 69 92 39 51 77 2 56 26 22
Coste: 21640762

GENERACION: 770
Mejor Solucion:  28 66 95 32 91 33 0 74 38 83 94 34 85 89 44 55 90 81 19 79 30 84 82 21 68 4 23 73 61 17 59 5 3 75 49 80 78 6 37 18 36 31 16 15 14 50 48 47 67 57 76 53 45 97 11 41 12 54 25 72 98 27 10 13 1 63 70 65 64 99 96 88 93 35 9 40 71 43 87 7 52 42 8 86 62 29 58 60 46 20 24 69 92 39 51 77 2 56 26 22
Coste: 21640762

GENERACION: 775
Mejor Solucion:  28 66 95 32 91 33 0 74 38 83 94 34 85 89 44 55 90 81 19 79 30 84 82 21 68 4 23 73 61 17 59 5 3 75 49 80 78 6 37 18 36 31 16 15 14 50 48 47 67 57 76 53 45 97 11 41 12 54 25 72 98 27 10 13 1 63 70 65 64 99 96 88 93 35 9 40 71 43 87 7 52 42 8 86 62 29 58 60 46 20 24 69 92 39 51 77 2 56 26 22
Coste: 21640762

GENERACION: 780
Mejor Solucion:  28 66 95 32 91 33 0 74 38 83 94 34 85 89 44 55 90 81 19 79 30 84 82 21 68 4 23 73 61 17 59 5 3 75 49 80 78 6 37 18 36 31 16 15 14 50 48 47 67 57 76 53 45 97 11 41 12 54 25 72 98 27 10 13 1 63 70 65 64 99 96 88 93 35 9 40 71 43 87 7 52 42 8 86 62 29 58 60 46 20 24 69 92 39 51 77 2 56 26 22
Coste: 21640762

GENERACION: 785
Mejor Solucion:  28 66 95 32 91 33 0 74 38 83 94 34 85 89 44 55 90 81 19 79 30 84 82 21 68 4 23 73 61 17 59 5 3 75 49 80 78 6 37 18 36 31 16 15 14 50 48 47 67 57 76 53 45 97 11 41 12 54 25 72 98 27 10 13 1 63 70 65 64 99 96 88 93 35 9 40 71 43 87 7 52 42 8 86 62 29 58 60 46 20 24 69 92 39 51 77 2 56 26 22
Coste: 21640762

GENERACION: 790
Mejor Solucion:  28 66 95 32 91 33 0 74 38 83 94 34 85 89 44 55 90 81 19 79 30 84 82 21 68 4 23 73 61 17 59 5 3 75 49 80 78 6 37 18 36 31 16 15 14 50 48 47 67 57 76 53 45 97 11 41 12 54 25 72 98 27 10 13 1 63 70 65 64 99 96 88 93 35 9 40 71 43 87 7 52 42 8 86 62 29 58 60 46 20 24 69 92 39 51 77 2 56 26 22
Coste: 21640762

GENERACION: 795
Mejor Solucion:  28 66 95 32 91 33 0 74 38 83 94 34 85 89 44 55 90 81 19 79 30 84 82 21 68 4 23 73 61 17 59 5 3 75 49 80 78 6 37 18 36 31 16 15 14 50 48 47 67 57 76 53 45 97 11 41 12 54 25 72 98 27 10 13 1 63 70 65 64 99 96 88 93 35 9 40 71 43 87 7 52 42 8 86 62 29 58 60 46 20 24 69 92 39 51 77 2 56 26 22
Coste: 21640762

GENERACION: 800
Mejor Solucion:  28 66 95 32 91 33 0 74 38 83 94 34 85 89 44 55 90 81 19 79 30 84 82 21 68 4 23 73 61 17 59 5 3 75 49 80 78 6 37 18 36 31 16 15 14 50 48 47 67 57 76 53 45 97 11 41 12 54 25 72 98 27 10 13 1 63 70 65 64 99 96 88 93 35 9 40 71 43 87 7 52 42 8 86 62 29 58 60 46 20 24 69 92 39 51 77 2 56 26 22
Coste: 21640762

GENERACION: 805
Mejor Solucion:  28 66 95 32 91 33 0 74 38 83 94 34 85 89 44 55 90 81 19 79 30 84 82 21 68 4 23 73 61 17 59 5 3 75 49 80 78 6 37 18 36 31 16 15 14 50 48 47 67 57 76 53 45 97 11 41 12 54 25 72 98 27 10 13 1 63 70 65 64 99 96 88 93 35 9 40 71 43 87 7 52 42 8 86 62 29 58 60 46 20 24 69 92 39 51 77 2 56 26 22
Coste: 21640762

GENERACION: 810
Mejor Solucion:  28 66 95 32 91 33 0 74 38 83 94 34 85 89 44 55 90 81 19 79 30 84 82 21 68 4 23 73 61 17 59 5 3 75 49 80 78 6 37 18 36 31 16 15 14 50 48 47 67 57 76 53 45 97 11 41 12 54 25 72 98 27 10 13 1 63 70 65 64 99 96 88 93 35 9 40 71 43 87 7 52 42 8 86 62 29 58 60 46 20 24 69 92 39 51 77 2 56 26 22
Coste: 21640762

GENERACION: 815
Mejor Solucion:  28 66 95 32 91 33 0 74 38 83 94 34 85 89 44 55 90 81 19 79 30 84 82 21 68 4 23 73 61 17 59 5 3 75 49 80 78 6 37 18 36 31 16 15 14 50 48 47 67 57 76 53 45 97 11 41 12 54 25 72 98 27 10 13 1 63 70 65 64 99 96 88 93 35 9 40 71 43 87 7 52 42 8 86 62 29 58 60 46 20 24 69 92 39 51 77 2 56 26 22
Coste: 21640762

GENERACION: 820
Mejor Solucion:  28 66 95 32 91 33 0 74 38 83 94 34 85 89 44 55 90 81 19 79 30 84 82 21 68 4 23 73 61 17 59 5 3 75 49 80 78 6 37 18 36 31 16 15 14 50 48 47 67 57 76 53 45 97 11 41 12 54 25 72 98 27 10 13 1 63 70 65 64 99 96 88 93 35 9 40 71 43 87 7 52 42 8 86 62 29 58 60 46 20 24 69 92 39 51 77 2 56 26 22
Coste: 21640762

GENERACION: 825
Mejor Solucion:  28 66 95 32 91 33 0 74 38 83 94 34 85 89 44 55 90 81 19 79 30 84 82 21 68 4 23 73 61 17 59 5 3 75 49 80 78 6 37 18 36 31 16 15 14 50 48 47 67 57 76 53 45 97 11 41 12 54 25 72 98 27 10 13 1 63 70 65 64 99 96 88 93 35 9 40 71 43 87 7 52 42 8 86 62 29 58 60 46 20 24 69 92 39 51 77 2 56 26 22
Coste: 21640762

GENERACION: 830
Mejor Solucion:  28 66 95 32 91 33 0 74 38 83 94 34 85 89 44 55 90 81 19 79 30 84 82 21 68 4 23 73 61 17 59 5 3 75 49 80 78 6 37 18 36 31 16 15 14 50 48 47 67 57 76 53 45 97 11 41 12 54 25 72 98 27 10 13 1 63 70 65 64 99 96 88 93 35 9 40 71 43 87 7 52 42 8 86 62 29 58 60 46 20 24 69 92 39 51 77 2 56 26 22
Coste: 21640762

GENERACION: 835
Mejor Solucion:  28 66 95 32 91 33 0 74 38 83 94 34 85 89 44 55 90 81 19 79 30 84 82 21 68 4 23 73 61 17 59 5 3 75 49 80 78 6 37 18 36 31 16 15 14 50 48 47 67 57 76 53 45 97 11 41 12 54 25 72 98 27 10 13 1 63 70 65 64 99 96 88 93 35 9 40 71 43 87 7 52 42 8 86 62 29 58 60 46 20 24 69 92 39 51 77 2 56 26 22
Coste: 21640762

GENERACION: 840
Mejor Solucion:  28 66 95 32 91 33 0 74 38 83 94 34 85 89 44 55 90 81 19 79 30 84 82 21 68 4 23 73 61 17 59 5 3 75 49 80 78 6 37 18 36 31 16 15 14 50 48 47 67 57 76 53 45 97 11 41 12 54 25 72 98 27 10 13 1 63 70 65 64 99 96 88 93 35 9 40 71 43 87 7 52 42 8 86 62 29 58 60 46 20 24 69 92 39 51 77 2 56 26 22
Coste: 21640762

GENERACION: 845
Mejor Solucion:  28 66 95 32 91 33 0 74 38 83 94 34 85 89 44 55 90 81 19 79 30 84 82 21 68 4 23 73 61 17 59 5 3 75 49 80 78 6 37 18 36 31 16 15 14 50 48 47 67 57 76 53 45 97 11 41 12 54 25 72 98 27 10 13 1 63 70 65 64 99 96 88 93 35 9 40 71 43 87 7 52 42 8 86 62 29 58 60 46 20 24 69 92 39 51 77 2 56 26 22
Coste: 21640762

GENERACION: 850
Mejor Solucion:  28 66 95 32 91 33 0 74 38 83 94 34 85 89 44 55 90 81 19 79 30 84 82 21 68 4 23 73 61 17 59 5 3 75 49 80 78 6 37 18 36 31 16 15 14 50 48 47 67 57 76 53 45 97 11 41 12 54 25 72 98 27 10 13 1 63 70 65 64 99 96 88 93 35 9 40 71 43 87 7 52 42 8 86 62 29 58 60 46 20 24 69 92 39 51 77 2 56 26 22
Coste: 21640762

GENERACION: 855
Mejor Solucion:  28 66 95 32 91 33 0 74 38 83 94 34 85 89 44 55 90 81 19 79 30 84 82 21 68 4 23 73 61 17 59 5 3 75 49 80 78 6 37 18 36 31 16 15 14 50 48 47 67 57 76 53 45 97 11 41 12 54 25 72 98 27 10 13 1 63 70 65 64 99 96 88 93 35 9 40 71 43 87 7 52 42 8 86 62 29 58 60 46 20 24 69 92 39 51 77 2 56 26 22
Coste: 21640762

GENERACION: 860
Mejor Solucion:  28 66 95 32 91 33 0 74 38 83 94 34 85 89 44 55 90 81 19 79 30 84 82 21 68 4 23 73 61 17 59 5 3 75 49 80 78 6 37 18 36 31 16 15 14 50 48 47 67 57 76 53 45 97 11 41 12 54 25 72 98 27 10 13 1 63 70 65 64 99 96 88 93 35 9 40 71 43 87 7 52 42 8 86 62 29 58 60 46 20 24 69 92 39 51 77 2 56 26 22
Coste: 21640762

GENERACION: 865
Mejor Solucion:  28 66 95 32 91 33 0 74 38 83 94 34 85 89 44 55 90 81 19 79 30 84 82 21 68 4 23 73 61 17 59 5 3 75 49 80 78 6 37 18 36 31 16 15 14 50 48 47 67 57 76 53 45 97 11 41 12 54 25 72 98 27 10 13 1 63 70 65 64 99 96 88 93 35 9 40 71 43 87 7 52 42 8 86 62 29 58 60 46 20 24 69 92 39 51 77 2 56 26 22
Coste: 21640762

GENERACION: 870
Mejor Solucion:  28 66 95 32 91 33 0 74 38 83 94 34 85 89 44 55 90 81 19 79 30 84 82 21 68 4 23 73 61 17 59 5 3 75 49 80 78 6 37 18 36 31 16 15 14 50 48 47 67 57 76 53 45 97 11 41 12 54 25 72 98 27 10 13 1 63 70 65 64 99 96 88 93 35 9 40 71 43 87 7 52 42 8 86 62 29 58 60 46 20 24 69 92 39 51 77 2 56 26 22
Coste: 21640762

GENERACION: 875
Mejor Solucion:  28 66 95 32 91 33 0 74 38 83 94 34 85 89 44 55 90 81 19 79 30 84 82 21 68 4 23 73 61 17 59 5 3 75 49 80 78 6 37 18 36 31 16 15 14 50 48 47 67 57 76 53 45 97 11 41 12 54 25 72 98 27 10 13 1 63 70 65 64 99 96 88 93 35 9 40 71 43 87 7 52 42 8 86 62 29 58 60 46 20 24 69 92 39 51 77 2 56 26 22
Coste: 21640762

GENERACION: 880
Mejor Solucion:  28 66 95 32 91 33 0 74 38 83 94 34 85 89 44 55 90 81 19 79 30 84 82 21 68 4 23 73 61 17 59 5 3 75 49 80 78 6 37 18 36 31 16 15 14 50 48 47 67 57 76 53 45 97 11 41 12 54 25 72 98 27 10 13 1 63 70 65 64 99 96 88 93 35 9 40 71 43 87 7 52 42 8 86 62 29 58 60 46 20 24 69 92 39 51 77 2 56 26 22
Coste: 21640762

GENERACION: 885
Mejor Solucion:  28 66 95 32 91 33 0 74 38 83 94 34 85 89 44 55 90 81 19 79 30 84 82 21 68 4 23 73 61 17 59 5 3 75 49 80 78 6 37 18 36 31 16 15 14 50 48 47 67 57 76 53 45 97 11 41 12 54 25 72 98 27 10 13 1 63 70 65 64 99 96 88 93 35 9 40 71 43 87 7 52 42 8 86 62 29 58 60 46 20 24 69 92 39 51 77 2 56 26 22
Coste: 21640762

GENERACION: 890
Mejor Solucion:  28 66 95 32 91 33 0 74 38 83 94 34 85 89 44 55 90 81 19 79 30 84 82 21 68 4 23 73 61 17 59 5 3 75 49 80 78 6 37 18 36 31 16 15 14 50 48 47 67 57 76 53 45 97 11 41 12 54 25 72 98 27 10 13 1 63 70 65 64 99 96 88 93 35 9 40 71 43 87 7 52 42 8 86 62 29 58 60 46 20 24 69 92 39 51 77 2 56 26 22
Coste: 21640762

GENERACION: 895
Mejor Solucion:  28 66 95 32 91 33 0 74 38 83 94 34 85 89 44 55 90 81 19 79 30 84 82 21 68 4 23 73 61 17 59 5 3 75 49 80 78 6 37 18 36 31 16 15 14 50 48 47 67 57 76 53 45 97 11 41 12 54 25 72 98 27 10 13 1 63 70 65 64 99 96 88 93 35 9 40 71 43 87 7 52 42 8 86 62 29 58 60 46 20 24 69 92 39 51 77 2 56 26 22
Coste: 21640762

GENERACION: 900
Mejor Solucion:  28 66 95 32 91 33 0 74 38 83 94 34 85 89 44 55 90 81 19 79 30 84 82 21 68 4 23 73 61 17 59 5 3 75 49 80 78 6 37 18 36 31 16 15 14 50 48 47 67 57 76 53 45 97 11 41 12 54 25 72 98 27 10 13 1 63 70 65 64 99 96 88 93 35 9 40 71 43 87 7 52 42 8 86 62 29 58 60 46 20 24 69 92 39 51 77 2 56 26 22
Coste: 21640762

GENERACION: 905
Mejor Solucion:  28 66 95 32 91 33 0 74 38 83 94 34 85 89 44 55 90 81 19 79 30 84 82 21 68 4 23 73 61 17 59 5 3 75 49 80 78 6 37 18 36 31 16 15 14 50 48 47 67 57 76 53 45 97 11 41 12 54 25 72 98 27 10 13 1 63 70 65 64 99 96 88 93 35 9 40 71 43 87 7 52 42 8 86 62 29 58 60 46 20 24 69 92 39 51 77 2 56 26 22
Coste: 21640762

GENERACION: 910
Mejor Solucion:  25 75 9 20 50 54 7 46 22 19 86 90 93 83 40 89 57 12 41 92 30 5 6 38 13 36 45 88 33 17 96 95 48 42 74 58 70 80 47 85 18 39 51 84 29 8 34 61 73 10 53 3 59 63 32 2 76 82 67 68 79 1 28 31 15 21 27 44 77 4 71 26 64 37 0 87 55 78 91 24 49 62 56 81 99 23 72 94 66 60 11 97 16 35 43 52 14 98 65 69
Coste: 21618132

GENERACION: 915
Mejor Solucion:  25 75 9 20 50 54 7 46 22 19 86 90 93 83 40 89 57 12 41 92 30 5 6 38 13 36 45 88 33 17 96 95 48 42 74 58 70 80 47 85 18 39 51 84 29 8 34 61 73 10 53 3 59 63 32 2 76 82 67 68 79 1 28 31 15 21 27 44 77 4 71 26 64 37 0 87 55 78 91 24 49 62 56 81 99 23 72 94 66 60 11 97 16 35 43 52 14 98 65 69
Coste: 21618132

GENERACION: 920
Mejor Solucion:  25 75 9 20 50 54 7 46 22 19 86 90 93 83 40 89 57 12 41 92 30 5 6 38 13 36 45 88 33 17 96 95 48 42 74 58 70 80 47 85 18 39 51 84 29 8 34 61 73 10 53 3 59 63 14 2 76 82 67 68 79 1 28 31 15 21 27 44 77 4 71 26 64 35 0 87 55 78 91 24 49 62 56 81 99 23 72 94 66 60 11 97 16 37 43 52 32 98 65 69
Coste: 21615813

GENERACION: 925
Mejor Solucion:  25 75 9 20 50 54 7 46 22 19 86 90 93 83 40 89 57 12 41 92 30 5 6 38 13 36 45 88 33 17 96 95 48 42 74 58 70 80 47 85 18 39 51 84 29 8 34 61 73 10 53 3 59 63 14 2 76 82 67 68 79 1 28 31 15 21 27 44 77 4 71 26 64 35 0 87 55 78 91 24 49 62 56 81 99 23 72 94 66 60 11 97 16 37 43 52 32 98 65 69
Coste: 21615813

GENERACION: 930
Mejor Solucion:  25 75 9 20 50 54 7 46 22 19 86 90 93 83 40 89 57 12 41 92 30 5 6 38 13 36 45 88 33 17 96 95 48 42 74 58 70 80 47 85 18 39 51 84 29 8 34 61 73 10 53 3 59 63 14 2 76 82 67 68 79 1 28 31 15 21 27 44 77 4 71 26 64 35 0 87 55 78 91 24 49 62 56 81 99 23 72 94 66 60 11 97 16 37 43 52 32 98 65 69
Coste: 21615813

GENERACION: 935
Mejor Solucion:  25 75 9 20 50 54 7 46 22 19 86 90 93 83 40 89 57 12 41 92 30 5 6 38 13 36 45 88 33 17 96 95 48 42 74 58 70 80 47 85 18 39 51 84 29 8 34 61 73 10 53 3 59 63 14 2 76 82 67 68 79 1 28 31 15 21 27 44 77 4 71 26 64 35 0 87 55 78 91 24 49 62 56 81 99 23 72 94 66 60 11 97 16 37 43 52 32 98 65 69
Coste: 21615813

GENERACION: 940
Mejor Solucion:  25 75 9 20 50 54 7 46 22 19 86 90 93 83 40 89 57 12 41 92 30 5 6 38 13 36 45 88 33 17 96 95 48 42 74 58 70 80 47 85 18 39 51 84 29 8 34 61 73 10 53 3 59 63 14 2 76 82 67 68 79 1 28 31 15 21 27 44 77 4 71 26 64 35 0 87 55 78 91 24 49 62 56 81 99 23 72 94 66 60 11 97 16 37 43 52 32 98 65 69
Coste: 21615813

GENERACION: 945
Mejor Solucion:  25 75 9 20 50 54 7 46 22 19 86 90 93 83 40 89 57 12 41 92 30 5 6 38 13 36 45 88 33 17 96 95 48 42 74 58 70 80 47 85 18 39 51 84 29 8 34 61 73 10 53 3 59 63 14 2 76 82 67 68 79 1 28 31 15 21 27 44 77 4 71 26 64 35 0 87 55 78 91 24 49 62 56 81 99 23 72 94 66 60 11 97 16 37 43 52 32 98 65 69
Coste: 21615813

GENERACION: 950
Mejor Solucion:  25 75 9 20 50 54 7 46 22 19 86 90 93 83 40 89 57 12 41 92 30 5 6 38 13 36 45 88 33 17 96 95 48 42 74 58 70 80 47 85 18 39 51 84 29 8 34 61 73 10 53 3 59 63 14 2 76 82 67 68 79 1 28 31 15 21 27 44 77 4 71 26 64 35 0 87 55 78 91 24 49 62 56 81 99 23 72 94 66 60 11 97 16 37 43 52 32 98 65 69
Coste: 21615813

GENERACION: 955
Mejor Solucion:  25 75 9 20 50 54 7 46 22 19 86 90 93 83 40 89 57 12 41 92 30 5 6 38 13 36 45 88 33 17 96 95 48 42 74 58 70 80 47 85 18 39 51 84 29 8 34 61 73 10 53 3 59 63 14 2 76 82 67 68 79 1 28 31 15 21 27 44 77 4 71 26 64 35 0 87 55 78 91 24 49 62 56 81 99 23 72 94 66 60 11 97 16 37 43 52 32 98 65 69
Coste: 21615813

GENERACION: 960
Mejor Solucion:  25 75 9 20 50 54 7 46 22 19 86 90 93 83 40 89 57 12 41 92 30 5 6 38 13 36 45 88 33 17 96 95 48 42 74 58 70 80 47 85 18 39 51 84 29 8 34 61 73 10 53 3 59 63 14 2 76 82 67 68 79 1 28 31 15 21 27 44 77 4 71 26 64 35 0 87 55 78 91 24 49 62 56 81 99 23 72 94 66 60 11 97 16 37 43 52 32 98 65 69
Coste: 21615813

GENERACION: 965
Mejor Solucion:  25 75 9 20 50 54 7 46 22 19 86 90 93 83 40 89 57 12 41 92 30 5 6 38 13 36 45 88 33 17 96 95 48 42 74 58 70 80 47 85 18 39 51 84 29 8 34 61 73 10 53 3 59 63 14 2 76 82 67 68 79 1 28 31 15 21 27 44 77 4 71 26 64 35 0 87 55 78 91 24 49 62 56 81 99 23 72 94 66 60 11 97 16 37 43 52 32 98 65 69
Coste: 21615813

GENERACION: 970
Mejor Solucion:  25 75 9 20 50 54 7 46 22 19 86 90 93 83 40 89 57 12 41 92 30 5 6 38 13 36 45 88 33 17 96 95 48 42 74 58 70 80 47 85 18 39 51 84 29 8 34 61 73 10 53 3 59 63 14 2 76 82 67 68 79 1 28 31 15 21 27 44 77 4 71 26 64 35 0 87 55 78 91 24 49 62 56 81 99 23 72 94 66 60 11 97 16 37 43 52 32 98 65 69
Coste: 21615813

GENERACION: 975
Mejor Solucion:  25 75 9 20 50 54 7 46 22 19 86 90 93 83 40 89 57 12 41 92 30 5 6 38 13 36 45 88 33 17 96 95 48 42 74 58 70 80 47 85 18 39 51 84 29 8 34 61 73 10 53 3 59 63 14 2 76 82 67 68 79 1 28 31 15 21 27 44 77 4 71 26 64 35 0 87 55 78 91 24 49 62 56 81 99 23 72 94 66 60 11 97 16 37 43 52 32 98 65 69
Coste: 21615813

GENERACION: 980
Mejor Solucion:  25 75 9 20 50 54 7 46 22 19 86 90 93 83 40 89 57 12 41 92 30 5 6 38 13 36 45 88 33 17 96 95 48 42 74 58 70 80 47 85 18 39 51 84 29 8 34 61 73 10 53 3 59 63 14 2 76 82 67 68 79 1 28 31 15 21 27 44 77 4 71 26 64 35 0 87 55 78 91 24 49 62 56 81 99 23 72 94 66 60 11 97 16 37 43 52 32 98 65 69
Coste: 21615813

GENERACION: 985
Mejor Solucion:  25 75 9 20 50 54 7 46 22 19 86 90 93 83 40 89 57 12 41 92 30 5 6 38 13 36 45 88 33 17 96 95 48 42 74 58 70 80 47 85 18 39 51 84 29 8 34 61 73 10 53 3 59 63 14 2 76 82 67 68 79 1 28 31 15 21 27 44 77 4 71 26 64 35 0 87 55 78 91 24 49 62 56 81 99 23 72 94 66 60 11 97 16 37 43 52 32 98 65 69
Coste: 21615813

GENERACION: 990
Mejor Solucion:  25 75 9 20 50 54 7 46 22 19 86 90 93 83 40 89 57 12 41 92 30 5 6 38 13 36 45 88 33 17 96 95 48 42 74 58 70 80 47 85 18 39 51 84 29 8 34 61 73 10 53 3 59 63 14 2 76 82 67 68 79 1 28 31 15 21 27 44 77 4 71 26 64 35 0 87 55 78 91 24 49 62 56 81 99 23 72 94 66 60 11 97 16 37 43 52 32 98 65 69
Coste: 21615813

GENERACION: 995
Mejor Solucion:  25 75 9 20 50 54 7 46 22 19 86 90 93 83 40 89 57 12 41 92 30 5 6 38 13 36 45 88 33 17 96 95 48 42 74 58 70 80 47 85 18 39 51 84 29 8 34 61 73 10 53 3 59 63 14 2 76 82 67 68 79 1 28 31 15 21 27 44 77 4 71 26 64 35 0 87 55 78 91 24 49 62 56 81 99 23 72 94 66 60 11 97 16 37 43 52 32 98 65 69
Coste: 21615813

GENERACION: 1000
Mejor Solucion:  25 75 9 20 50 54 7 46 22 19 86 90 93 83 40 89 57 12 41 92 30 5 6 38 13 36 45 88 33 17 96 95 48 42 74 58 70 80 47 85 18 39 51 84 29 8 34 61 73 10 53 3 59 63 14 2 76 82 67 68 79 1 28 31 15 21 27 44 77 4 71 26 64 35 0 87 55 78 91 24 49 62 56 81 99 23 72 94 66 60 11 97 16 37 43 52 32 98 65 69
Coste: 21615813

