GENERACION: 5
Mejor Solucion:  39 76 93 33 0 95 38 87 81 13 63 24 40 49 46 84 20 17 30 5 53 1 50 8 67 70 41 72 65 88 86 64 59 42 44 80 82 14 98 47 34 92 75 37 29 21 18 73 83 31 36 61 51 4 90 60 11 23 28 55 66 26 2 97 10 74 12 52 91 19 43 22 94 69 9 45 96 78 85 68 27 58 32 35 3 79 6 77 62 89 7 48 99 16 25 15 56 71 57 54
Coste: 23827275

GENERACION: 10
Mejor Solucion:  54 78 37 83 53 65 6 7 42 59 14 82 17 93 62 2 28 64 72 11 70 38 50 8 16 63 12 74 99 52 86 18 20 44 76 88 41 33 67 13 49 66 81 61 85 21 71 84 73 55 23 24 26 98 90 45 32 68 9 40 91 92 25 0 43 4 51 15 5 34 97 69 57 95 47 48 79 75 1 39 60 29 94 35 58 96 80 36 27 89 46 10 22 77 30 19 56 3 87 31
Coste: 22776586

GENERACION: 15
Mejor Solucion:  54 78 37 83 53 65 6 7 42 59 14 82 17 93 62 2 28 64 72 11 70 38 50 8 16 63 12 74 99 52 86 18 20 44 76 88 41 33 67 13 49 66 81 61 85 21 71 84 73 55 23 24 26 98 90 45 32 68 9 40 91 92 25 0 43 4 51 15 5 34 97 69 57 95 47 48 79 75 1 39 60 29 94 35 58 96 80 36 27 89 46 10 22 77 30 19 56 3 87 31
Coste: 22776586

GENERACION: 20
Mejor Solucion:  68 84 94 33 55 58 36 45 48 82 92 60 22 97 28 21 69 75 72 13 42 83 4 17 16 59 12 66 30 96 11 98 52 50 90 44 70 43 9 51 77 64 81 71 34 79 20 37 8 47 73 5 40 39 29 67 74 27 19 14 6 85 41 93 63 57 23 86 26 62 15 87 61 95 65 24 91 2 1 32 88 76 80 0 49 3 89 18 25 54 35 10 99 31 78 46 56 53 38 7
Coste: 22574158

GENERACION: 25
Mejor Solucion:  68 84 94 1 55 74 36 45 48 5 19 60 22 97 28 21 69 75 72 13 56 31 4 17 16 71 12 66 30 96 11 77 52 50 90 44 70 43 9 51 98 64 81 59 34 79 20 37 8 47 73 24 40 39 29 67 58 27 92 14 6 85 41 93 63 57 23 86 26 62 15 87 61 95 65 82 91 2 33 32 88 76 80 0 49 3 83 18 25 54 35 10 99 89 78 46 42 53 38 7
Coste: 22088336

GENERACION: 30
Mejor Solucion:  68 2 1 72 36 84 45 42 14 19 92 66 47 97 28 21 69 75 23 82 22 83 4 17 16 59 35 62 30 96 11 77 52 89 90 44 70 12 9 51 13 64 81 55 34 79 20 37 8 85 73 5 40 56 29 67 24 61 27 48 6 39 41 93 43 57 98 86 26 31 15 87 0 95 65 63 91 71 53 32 88 76 80 58 49 3 50 18 25 54 74 10 99 94 78 46 60 33 38 7
Coste: 21808919

GENERACION: 35
Mejor Solucion:  68 2 1 72 36 84 45 42 14 19 92 66 47 97 28 21 69 75 23 82 22 83 4 17 16 59 35 62 30 96 11 77 52 89 90 44 70 12 9 51 13 64 81 55 34 79 20 37 8 85 73 5 40 56 29 67 24 61 27 48 6 39 41 93 43 57 98 86 26 31 15 87 0 95 65 63 91 71 53 32 88 76 80 58 49 3 50 18 25 54 74 10 99 94 78 46 60 33 38 7
Coste: 21808919

GENERACION: 40
Mejor Solucion:  68 2 1 72 36 84 45 42 14 19 92 66 47 97 28 21 69 75 23 82 22 83 4 17 16 59 35 62 30 96 11 77 52 89 90 44 70 12 9 51 13 64 81 55 34 79 20 37 8 85 73 5 40 56 29 67 24 61 27 48 6 39 41 93 43 57 98 86 26 31 15 87 0 95 65 63 91 71 53 32 88 76 80 58 49 3 50 18 25 54 74 10 99 94 78 46 60 33 38 7
Coste: 21808919

GENERACION: 45
Mejor Solucion:  68 2 1 72 36 84 45 42 14 19 92 66 47 97 28 21 69 75 23 82 22 83 4 17 16 59 35 62 30 96 11 77 52 89 90 44 70 12 9 51 13 64 81 55 34 79 20 37 8 85 73 5 40 56 29 67 24 61 27 48 6 39 41 93 43 57 98 86 26 31 15 87 0 95 65 63 91 71 53 32 88 76 80 58 49 3 50 18 25 54 74 10 99 94 78 46 60 33 38 7
Coste: 21808919

GENERACION: 50
Mejor Solucion:  6 24 28 57 92 43 36 55 48 80 37 35 19 97 69 54 44 12 18 82 65 75 91 17 99 78 1 73 9 96 11 14 52 25 45 94 70 39 21 63 13 64 81 60 2 16 20 47 5 29 62 89 40 33 90 68 8 59 27 61 79 85 41 51 26 46 98 77 22 84 15 87 0 95 72 76 93 71 53 67 3 50 88 58 49 32 83 86 74 4 31 10 7 66 34 23 56 42 38 30
Coste: 21728782

GENERACION: 55
Mejor Solucion:  6 24 28 57 92 43 36 55 48 80 37 35 19 97 69 54 44 12 18 82 65 75 91 17 99 78 1 73 9 96 11 14 52 25 45 94 70 39 21 63 13 64 81 60 2 16 20 47 5 29 62 89 40 33 90 68 8 59 27 61 79 85 41 51 26 46 98 77 22 84 15 87 0 95 72 76 93 71 53 67 3 50 88 58 49 32 83 86 74 4 31 10 7 66 34 23 56 42 38 30
Coste: 21728782

GENERACION: 60
Mejor Solucion:  6 24 28 57 92 43 36 55 48 80 37 35 19 97 69 54 44 12 18 82 65 75 91 17 99 78 1 73 9 96 11 14 52 25 45 94 70 39 21 63 13 64 81 60 2 16 20 47 5 29 62 89 40 33 90 68 8 59 27 61 79 85 41 51 26 46 98 77 22 84 15 87 0 95 72 76 93 71 53 67 3 50 88 58 49 32 83 86 74 4 31 10 7 66 34 23 56 42 38 30
Coste: 21728782

GENERACION: 65
Mejor Solucion:  6 24 28 57 92 43 36 55 48 80 37 35 19 97 69 54 44 12 18 82 65 75 91 17 99 78 1 73 9 96 11 14 52 25 45 94 70 39 21 63 13 64 81 60 2 16 20 47 5 29 62 89 40 33 90 68 8 59 27 61 79 85 41 51 26 46 98 77 22 84 15 87 0 95 72 76 93 71 53 67 3 50 88 58 49 32 83 86 74 4 31 10 7 66 34 23 56 42 38 30
Coste: 21728782

GENERACION: 70
Mejor Solucion:  6 24 28 57 92 43 36 55 48 80 37 35 19 97 69 54 44 12 18 82 65 75 91 17 99 78 1 73 9 96 11 14 52 25 45 94 70 39 21 63 13 64 81 60 2 16 20 47 5 29 62 89 40 33 90 68 8 59 27 61 79 85 41 51 26 46 98 77 22 84 15 87 0 95 72 76 93 71 53 67 3 50 88 58 49 32 83 86 74 4 31 10 7 66 34 23 56 42 38 30
Coste: 21728782

GENERACION: 75
Mejor Solucion:  6 24 28 57 92 43 36 55 48 80 37 35 19 97 69 54 44 12 18 82 65 75 91 17 99 78 1 73 9 96 11 14 52 25 45 94 70 39 21 63 13 64 81 60 2 16 20 47 5 29 62 89 40 33 90 68 8 59 27 61 79 85 41 51 26 46 98 77 22 84 15 87 0 95 72 76 93 71 53 67 3 50 88 58 49 32 83 86 74 4 31 10 7 66 34 23 56 42 38 30
Coste: 21728782

GENERACION: 80
Mejor Solucion:  6 24 28 57 92 43 36 55 48 80 37 35 19 97 69 54 44 12 18 82 65 75 91 17 99 78 1 73 9 96 11 14 52 25 45 94 70 39 21 63 13 64 81 60 2 16 20 47 5 29 62 89 40 33 90 68 8 59 27 61 79 85 41 51 26 46 98 77 22 84 15 87 0 95 72 76 93 71 53 67 3 50 88 58 49 32 83 86 74 4 31 10 7 66 34 23 56 42 38 30
Coste: 21728782

GENERACION: 85
Mejor Solucion:  6 24 28 57 92 43 36 55 48 80 37 35 19 97 69 54 44 12 18 82 65 75 91 17 99 78 1 73 9 96 11 14 52 25 45 94 70 39 21 63 13 64 81 60 2 16 20 47 5 29 62 89 40 33 90 68 8 59 27 61 79 85 41 51 26 46 98 77 22 84 15 87 0 95 72 76 93 71 53 67 3 50 88 58 49 32 83 86 74 4 31 10 7 66 34 23 56 42 38 30
Coste: 21728782

GENERACION: 90
Mejor Solucion:  6 24 28 57 92 43 36 55 48 80 37 35 19 97 69 54 44 12 18 82 65 75 91 17 99 78 1 73 9 96 11 14 52 25 45 94 70 39 21 63 13 64 81 60 2 16 20 47 5 29 62 89 40 33 90 68 8 59 27 61 79 85 41 51 26 46 98 77 22 84 15 87 0 95 72 76 93 71 53 67 3 50 88 58 49 32 83 86 74 4 31 10 7 66 34 23 56 42 38 30
Coste: 21728782

GENERACION: 95
Mejor Solucion:  6 24 28 57 92 43 36 55 48 80 37 35 19 97 69 54 44 12 18 82 65 75 91 17 99 78 1 73 9 96 11 14 52 25 45 94 70 39 21 63 13 64 81 60 2 16 20 47 5 29 62 89 40 33 90 68 8 59 27 61 79 85 41 51 26 46 98 77 22 84 15 87 0 95 72 76 93 71 53 67 3 50 88 58 49 32 83 86 74 4 31 10 7 66 34 23 56 42 38 30
Coste: 21728782

GENERACION: 100
Mejor Solucion:  6 24 28 57 92 43 36 55 48 80 37 35 19 97 69 54 44 12 18 82 65 75 91 17 99 78 1 73 9 96 11 14 52 25 45 94 70 39 21 63 13 64 81 60 2 16 20 47 5 29 62 89 40 33 90 68 8 59 27 61 79 85 41 51 26 46 98 77 22 84 15 87 0 95 72 76 93 71 53 67 3 50 88 58 49 32 83 86 74 4 31 10 7 66 34 23 56 42 38 30
Coste: 21728782

GENERACION: 105
Mejor Solucion:  6 24 28 57 92 43 36 55 48 80 37 35 19 97 69 54 44 12 18 82 65 75 91 17 99 78 1 73 9 96 11 14 52 25 45 94 70 39 21 63 13 64 81 60 2 16 20 47 5 29 62 89 40 33 90 68 8 59 27 61 79 85 41 51 26 46 98 77 22 84 15 87 0 95 72 76 93 71 53 67 3 50 88 58 49 32 83 86 74 4 31 10 7 66 34 23 56 42 38 30
Coste: 21728782

GENERACION: 110
Mejor Solucion:  6 24 28 57 92 43 36 55 48 80 37 35 19 97 69 54 44 12 18 82 65 75 91 17 99 78 1 73 9 96 11 14 52 25 45 94 70 39 21 63 13 64 81 60 2 16 20 47 5 29 62 89 40 33 90 68 8 59 27 61 79 85 41 51 26 46 98 77 22 84 15 87 0 95 72 76 93 71 53 67 3 50 88 58 49 32 83 86 74 4 31 10 7 66 34 23 56 42 38 30
Coste: 21728782

GENERACION: 115
Mejor Solucion:  6 24 28 57 92 43 36 55 48 80 37 35 19 97 69 54 44 12 18 82 65 75 91 17 99 78 1 73 9 96 11 14 52 25 45 94 70 39 21 63 13 64 81 60 2 16 20 47 5 29 62 89 40 33 90 68 8 59 27 61 79 85 41 51 26 46 98 77 22 84 15 87 0 95 72 76 93 71 53 67 3 50 88 58 49 32 83 86 74 4 31 10 7 66 34 23 56 42 38 30
Coste: 21728782

GENERACION: 120
Mejor Solucion:  6 24 28 57 92 43 36 55 48 80 37 35 19 97 69 54 44 12 18 82 65 75 91 17 99 78 1 73 9 96 11 14 52 25 45 94 70 39 21 63 13 64 81 60 2 16 20 47 5 29 62 89 40 33 90 68 8 59 27 61 79 85 41 51 26 46 98 77 22 84 15 87 0 95 72 76 93 71 53 67 3 50 88 58 49 32 83 86 74 4 31 10 7 66 34 23 56 42 38 30
Coste: 21728782

GENERACION: 125
Mejor Solucion:  6 24 28 57 92 43 36 55 48 80 37 35 19 97 69 54 44 12 18 82 65 75 91 17 99 78 1 73 9 96 11 14 52 25 45 94 70 39 21 63 13 64 81 60 2 16 20 47 5 29 62 89 40 33 90 68 8 59 27 61 79 85 41 51 26 46 98 77 22 84 15 87 0 95 72 76 93 71 53 67 3 50 88 58 49 32 83 86 74 4 31 10 7 66 34 23 56 42 38 30
Coste: 21728782

GENERACION: 130
Mejor Solucion:  6 24 28 57 92 43 36 55 48 80 37 35 19 97 69 54 44 12 18 82 65 75 91 17 99 78 1 73 9 96 11 14 52 25 45 94 70 39 21 63 13 64 81 60 2 16 20 47 5 29 62 89 40 33 90 68 8 59 27 61 79 85 41 51 26 46 98 77 22 84 15 87 0 95 72 76 93 71 53 67 3 50 88 58 49 32 83 86 74 4 31 10 7 66 34 23 56 42 38 30
Coste: 21728782

GENERACION: 135
Mejor Solucion:  6 24 28 57 92 43 36 55 48 80 37 35 19 97 69 54 44 12 18 82 65 75 91 17 99 78 1 73 9 96 11 14 52 25 45 94 70 39 21 63 13 64 81 60 2 16 20 47 5 29 62 89 40 33 90 68 8 59 27 61 79 85 41 51 26 46 98 77 22 84 15 87 0 95 72 76 93 71 53 67 3 50 88 58 49 32 83 86 74 4 31 10 7 66 34 23 56 42 38 30
Coste: 21728782

GENERACION: 140
Mejor Solucion:  6 24 28 57 92 43 36 55 48 80 37 35 19 97 69 54 44 12 18 82 65 75 91 17 99 78 1 73 9 96 11 14 52 25 45 94 70 39 21 63 13 64 81 60 2 16 20 47 5 29 62 89 40 33 90 68 8 59 27 61 79 85 41 51 26 46 98 77 22 84 15 87 0 95 72 76 93 71 53 67 3 50 88 58 49 32 83 86 74 4 31 10 7 66 34 23 56 42 38 30
Coste: 21728782

GENERACION: 145
Mejor Solucion:  6 24 28 57 92 43 36 55 48 80 37 35 19 97 69 54 44 12 18 82 65 75 91 17 99 78 1 73 9 96 11 14 52 25 45 94 70 39 21 63 13 64 81 60 2 16 20 47 5 29 62 89 40 33 90 68 8 59 27 61 79 85 41 51 26 46 98 77 22 84 15 87 0 95 72 76 93 71 53 67 3 50 88 58 49 32 83 86 74 4 31 10 7 66 34 23 56 42 38 30
Coste: 21728782

GENERACION: 150
Mejor Solucion:  6 24 28 57 92 43 36 55 48 80 37 35 19 97 69 54 44 12 18 82 65 75 91 17 99 78 1 73 9 96 11 14 52 25 45 94 70 39 21 63 13 64 81 60 2 16 20 47 5 29 62 89 40 33 90 68 8 59 27 61 79 85 41 51 26 46 98 77 22 84 15 87 0 95 72 76 93 71 53 67 3 50 88 58 49 32 83 86 74 4 31 10 7 66 34 23 56 42 38 30
Coste: 21728782

GENERACION: 155
Mejor Solucion:  6 24 28 57 92 43 36 55 48 80 37 35 19 97 69 54 44 12 18 82 65 75 91 17 99 78 1 73 9 96 11 14 52 25 45 94 70 39 21 63 13 64 81 60 2 16 20 47 5 29 62 89 40 33 90 68 8 59 27 61 79 85 41 51 26 46 98 77 22 84 15 87 0 95 72 76 93 71 53 67 3 50 88 58 49 32 83 86 74 4 31 10 7 66 34 23 56 42 38 30
Coste: 21728782

GENERACION: 160
Mejor Solucion:  6 24 28 57 92 43 36 55 48 80 37 35 19 97 69 54 44 12 18 82 65 75 91 17 99 78 1 73 9 96 11 14 52 25 45 94 70 39 21 63 13 64 81 60 2 16 20 47 5 29 62 89 40 33 90 68 8 59 27 61 79 85 41 51 26 46 98 77 22 84 15 87 0 95 72 76 93 71 53 67 3 50 88 58 49 32 83 86 74 4 31 10 7 66 34 23 56 42 38 30
Coste: 21728782

GENERACION: 165
Mejor Solucion:  6 24 28 57 92 43 36 55 48 80 37 35 19 97 69 54 44 12 18 82 65 75 91 17 99 78 1 73 9 96 11 14 52 25 45 94 70 39 21 63 13 64 81 60 2 16 20 47 5 29 62 89 40 33 90 68 8 59 27 61 79 85 41 51 26 46 98 77 22 84 15 87 0 95 72 76 93 71 53 67 3 50 88 58 49 32 83 86 74 4 31 10 7 66 34 23 56 42 38 30
Coste: 21728782

GENERACION: 170
Mejor Solucion:  6 24 28 57 92 43 36 55 48 80 37 35 19 97 69 54 44 12 18 82 65 75 91 17 99 78 1 73 9 96 11 14 52 25 45 94 70 39 21 63 13 64 81 60 2 16 20 47 5 29 62 89 40 33 90 68 8 59 27 61 79 85 41 51 26 46 98 77 22 84 15 87 0 95 72 76 93 71 53 67 3 50 88 58 49 32 83 86 74 4 31 10 7 66 34 23 56 42 38 30
Coste: 21728782

GENERACION: 175
Mejor Solucion:  6 24 28 57 92 43 36 55 48 80 37 35 19 97 69 54 44 12 18 82 65 75 91 17 99 78 1 73 9 96 11 14 52 25 45 94 70 39 21 63 13 64 81 60 2 16 20 47 5 29 62 89 40 33 90 68 8 59 27 61 79 85 41 51 26 46 98 77 22 84 15 87 0 95 72 76 93 71 53 67 3 50 88 58 49 32 83 86 74 4 31 10 7 66 34 23 56 42 38 30
Coste: 21728782

GENERACION: 180
Mejor Solucion:  6 24 28 57 92 43 36 55 48 80 37 35 19 97 69 54 44 12 18 82 65 75 91 17 99 78 1 73 9 96 11 14 52 25 45 94 70 39 21 63 13 64 81 60 2 16 20 47 5 29 62 89 40 33 90 68 8 59 27 61 79 85 41 51 26 46 98 77 22 84 15 87 0 95 72 76 93 71 53 67 3 50 88 58 49 32 83 86 74 4 31 10 7 66 34 23 56 42 38 30
Coste: 21728782

GENERACION: 185
Mejor Solucion:  6 24 28 57 92 43 36 55 48 80 37 35 19 97 69 54 44 12 18 82 65 75 91 17 99 78 1 73 9 96 11 14 52 25 45 94 70 39 21 63 13 64 81 60 2 16 20 47 5 29 62 89 40 33 90 68 8 59 27 61 79 85 41 51 26 46 98 77 22 84 15 87 0 95 72 76 93 71 53 67 3 50 88 58 49 32 83 86 74 4 31 10 7 66 34 23 56 42 38 30
Coste: 21728782

GENERACION: 190
Mejor Solucion:  6 24 28 57 92 43 36 55 48 80 37 35 19 97 69 54 44 12 18 82 65 75 91 17 99 78 1 73 9 96 11 14 52 25 45 94 70 39 21 63 13 64 81 60 2 16 20 47 5 29 62 89 40 33 90 68 8 59 27 61 79 85 41 51 26 46 98 77 22 84 15 87 0 95 72 76 93 71 53 67 3 50 88 58 49 32 83 86 74 4 31 10 7 66 34 23 56 42 38 30
Coste: 21728782

GENERACION: 195
Mejor Solucion:  6 24 28 57 92 43 36 55 48 80 37 35 19 97 69 54 44 12 18 82 65 75 91 17 99 78 1 73 9 96 11 14 52 25 45 94 70 39 21 63 13 64 81 60 2 16 20 47 5 29 62 89 40 33 90 68 8 59 27 61 79 85 41 51 26 46 98 77 22 84 15 87 0 95 72 76 93 71 53 67 3 50 88 58 49 32 83 86 74 4 31 10 7 66 34 23 56 42 38 30
Coste: 21728782

GENERACION: 200
Mejor Solucion:  6 24 28 57 92 43 36 55 48 80 37 35 19 97 69 54 44 12 18 82 65 75 91 17 99 78 1 73 9 96 11 14 52 25 45 94 70 39 21 63 13 64 81 60 2 16 20 47 5 29 62 89 40 33 90 68 8 59 27 61 79 85 41 51 26 46 98 77 22 84 15 87 0 95 72 76 93 71 53 67 3 50 88 58 49 32 83 86 74 4 31 10 7 66 34 23 56 42 38 30
Coste: 21728782

GENERACION: 205
Mejor Solucion:  6 24 28 57 92 43 36 55 48 80 37 35 19 97 69 54 44 12 18 82 65 75 91 17 99 78 1 73 9 96 11 14 52 25 45 94 70 39 21 63 13 64 81 60 2 16 20 47 5 29 62 89 40 33 90 68 8 59 27 61 79 85 41 51 26 46 98 77 22 84 15 87 0 95 72 76 93 71 53 67 3 50 88 58 49 32 83 86 74 4 31 10 7 66 34 23 56 42 38 30
Coste: 21728782

GENERACION: 210
Mejor Solucion:  6 24 28 57 92 43 36 55 48 80 37 35 19 97 69 54 44 12 18 82 65 75 91 17 99 78 1 73 9 96 11 14 52 25 45 94 70 39 21 63 13 64 81 60 2 16 20 47 5 29 62 89 40 33 90 68 8 59 27 61 79 85 41 51 26 46 98 77 22 84 15 87 0 95 72 76 93 71 53 67 3 50 88 58 49 32 83 86 74 4 31 10 7 66 34 23 56 42 38 30
Coste: 21728782

GENERACION: 215
Mejor Solucion:  6 24 28 57 92 43 36 55 48 80 37 35 19 97 69 54 44 12 18 82 65 75 91 17 99 78 1 73 9 96 11 14 52 25 45 94 70 39 21 63 13 64 81 60 2 16 20 47 5 29 62 89 40 33 90 68 8 59 27 61 79 85 41 51 26 46 98 77 22 84 15 87 0 95 72 76 93 71 53 67 3 50 88 58 49 32 83 86 74 4 31 10 7 66 34 23 56 42 38 30
Coste: 21728782

GENERACION: 220
Mejor Solucion:  6 24 28 57 92 43 36 55 48 80 37 35 19 97 69 54 44 12 18 82 65 75 91 17 99 78 1 73 9 96 11 14 52 25 45 94 70 39 21 63 13 64 81 60 2 16 20 47 5 29 62 89 40 33 90 68 8 59 27 61 79 85 41 51 26 46 98 77 22 84 15 87 0 95 72 76 93 71 53 67 3 50 88 58 49 32 83 86 74 4 31 10 7 66 34 23 56 42 38 30
Coste: 21728782

GENERACION: 225
Mejor Solucion:  6 24 28 57 92 43 36 55 48 80 37 35 19 97 69 54 44 12 18 82 65 75 91 17 99 78 1 73 9 96 11 14 52 25 45 94 70 39 21 63 13 64 81 60 2 16 20 47 5 29 62 89 40 33 90 68 8 59 27 61 79 85 41 51 26 46 98 77 22 84 15 87 0 95 72 76 93 71 53 67 3 50 88 58 49 32 83 86 74 4 31 10 7 66 34 23 56 42 38 30
Coste: 21728782

GENERACION: 230
Mejor Solucion:  6 24 28 57 92 43 36 55 48 80 37 35 19 97 69 54 44 12 18 82 65 75 91 17 99 78 1 73 9 96 11 14 52 25 45 94 70 39 21 63 13 64 81 60 2 16 20 47 5 29 62 89 40 33 90 68 8 59 27 61 79 85 41 51 26 46 98 77 22 84 15 87 0 95 72 76 93 71 53 67 3 50 88 58 49 32 83 86 74 4 31 10 7 66 34 23 56 42 38 30
Coste: 21728782

GENERACION: 235
Mejor Solucion:  6 24 28 57 92 43 36 55 48 80 37 35 19 97 69 54 44 12 18 82 65 75 91 17 99 78 1 73 9 96 11 14 52 25 45 94 70 39 21 63 13 64 81 60 2 16 20 47 5 29 62 89 40 33 90 68 8 59 27 61 79 85 41 51 26 46 98 77 22 84 15 87 0 95 72 76 93 71 53 67 3 50 88 58 49 32 83 86 74 4 31 10 7 66 34 23 56 42 38 30
Coste: 21728782

GENERACION: 240
Mejor Solucion:  6 24 28 57 92 43 36 55 48 80 37 35 19 97 69 54 44 12 18 82 65 75 91 17 99 78 1 73 9 96 11 14 52 25 45 94 70 39 21 63 13 64 81 60 2 16 20 47 5 29 62 89 40 33 90 68 8 59 27 61 79 85 41 51 26 46 98 77 22 84 15 87 0 95 72 76 93 71 53 67 3 50 88 58 49 32 83 86 74 4 31 10 7 66 34 23 56 42 38 30
Coste: 21728782

GENERACION: 245
Mejor Solucion:  6 24 28 57 92 43 36 55 48 80 37 35 19 97 69 54 44 12 18 82 65 75 91 17 99 78 1 73 9 96 11 14 52 25 45 94 70 39 21 63 13 64 81 60 2 16 20 47 5 29 62 89 40 33 90 68 8 59 27 61 79 85 41 51 26 46 98 77 22 84 15 87 0 95 72 76 93 71 53 67 3 50 88 58 49 32 83 86 74 4 31 10 7 66 34 23 56 42 38 30
Coste: 21728782

GENERACION: 250
Mejor Solucion:  6 24 28 57 92 43 36 55 48 80 37 35 19 97 69 54 44 12 18 82 65 75 91 17 99 78 1 73 9 96 11 14 52 25 45 94 70 39 21 63 13 64 81 60 2 16 20 47 5 29 62 89 40 33 90 68 8 59 27 61 79 85 41 51 26 46 98 77 22 84 15 87 0 95 72 76 93 71 53 67 3 50 88 58 49 32 83 86 74 4 31 10 7 66 34 23 56 42 38 30
Coste: 21728782

GENERACION: 255
Mejor Solucion:  6 24 28 57 92 43 36 55 48 80 37 35 19 97 69 54 44 12 18 82 65 75 91 17 99 78 1 73 9 96 11 14 52 25 45 94 70 39 21 63 13 64 81 60 2 16 20 47 5 29 62 89 40 33 90 68 8 59 27 61 79 85 41 51 26 46 98 77 22 84 15 87 0 95 72 76 93 71 53 67 3 50 88 58 49 32 83 86 74 4 31 10 7 66 34 23 56 42 38 30
Coste: 21728782

GENERACION: 260
Mejor Solucion:  6 24 28 57 92 43 36 55 48 80 37 35 19 97 69 54 44 12 18 82 65 75 91 17 99 78 1 73 9 96 11 14 52 25 45 94 70 39 21 63 13 64 81 60 2 16 20 47 5 29 62 89 40 33 90 68 8 59 27 61 79 85 41 51 26 46 98 77 22 84 15 87 0 95 72 76 93 71 53 67 3 50 88 58 49 32 83 86 74 4 31 10 7 66 34 23 56 42 38 30
Coste: 21728782

GENERACION: 265
Mejor Solucion:  6 24 28 57 92 43 36 55 48 80 37 35 19 97 69 54 44 12 18 82 65 75 91 17 99 78 1 73 9 96 11 14 52 25 45 94 70 39 21 63 13 64 81 60 2 16 20 47 5 29 62 89 40 33 90 68 8 59 27 61 79 85 41 51 26 46 98 77 22 84 15 87 0 95 72 76 93 71 53 67 3 50 88 58 49 32 83 86 74 4 31 10 7 66 34 23 56 42 38 30
Coste: 21728782

GENERACION: 5
Mejor Solucion:  39 76 93 33 0 95 38 87 81 13 63 24 40 49 46 84 20 17 30 5 53 1 50 8 67 70 41 72 65 88 86 64 59 42 44 80 82 14 98 47 34 92 75 37 29 21 18 73 83 31 36 61 51 4 90 60 11 23 28 55 66 26 2 97 10 74 12 52 91 19 43 22 94 69 9 45 96 78 85 68 27 58 32 35 3 79 6 77 62 89 7 48 99 16 25 15 56 71 57 54
Coste: 23827275

GENERACION: 10
Mejor Solucion:  54 78 37 83 53 65 6 7 42 59 14 82 17 93 62 2 28 64 72 11 70 38 50 8 16 63 12 74 99 52 86 18 20 44 76 88 41 33 67 13 49 66 81 61 85 21 71 84 73 55 23 24 26 98 90 45 32 68 9 40 91 92 25 0 43 4 51 15 5 34 97 69 57 95 47 48 79 75 1 39 60 29 94 35 58 96 80 36 27 89 46 10 22 77 30 19 56 3 87 31
Coste: 22776586

GENERACION: 15
Mejor Solucion:  54 78 37 83 53 65 6 7 42 59 14 82 17 93 62 2 28 64 72 11 70 38 50 8 16 63 12 74 99 52 86 18 20 44 76 88 41 33 67 13 49 66 81 61 85 21 71 84 73 55 23 24 26 98 90 45 32 68 9 40 91 92 25 0 43 4 51 15 5 34 97 69 57 95 47 48 79 75 1 39 60 29 94 35 58 96 80 36 27 89 46 10 22 77 30 19 56 3 87 31
Coste: 22776586

GENERACION: 20
Mejor Solucion:  68 84 94 33 55 58 36 45 48 82 92 60 22 97 28 21 69 75 72 13 42 83 4 17 16 59 12 66 30 96 11 98 52 50 90 44 70 43 9 51 77 64 81 71 34 79 20 37 8 47 73 5 40 39 29 67 74 27 19 14 6 85 41 93 63 57 23 86 26 62 15 87 61 95 65 24 91 2 1 32 88 76 80 0 49 3 89 18 25 54 35 10 99 31 78 46 56 53 38 7
Coste: 22574158

GENERACION: 25
Mejor Solucion:  68 84 94 1 55 74 36 45 48 5 19 60 22 97 28 21 69 75 72 13 56 31 4 17 16 71 12 66 30 96 11 77 52 50 90 44 70 43 9 51 98 64 81 59 34 79 20 37 8 47 73 24 40 39 29 67 58 27 92 14 6 85 41 93 63 57 23 86 26 62 15 87 61 95 65 82 91 2 33 32 88 76 80 0 49 3 83 18 25 54 35 10 99 89 78 46 42 53 38 7
Coste: 22088336

GENERACION: 30
Mejor Solucion:  68 2 1 72 36 84 45 42 14 19 92 66 47 97 28 21 69 75 23 82 22 83 4 17 16 59 35 62 30 96 11 77 52 89 90 44 70 12 9 51 13 64 81 55 34 79 20 37 8 85 73 5 40 56 29 67 24 61 27 48 6 39 41 93 43 57 98 86 26 31 15 87 0 95 65 63 91 71 53 32 88 76 80 58 49 3 50 18 25 54 74 10 99 94 78 46 60 33 38 7
Coste: 21808919

GENERACION: 35
Mejor Solucion:  68 2 1 72 36 84 45 42 14 19 92 66 47 97 28 21 69 75 23 82 22 83 4 17 16 59 35 62 30 96 11 77 52 89 90 44 70 12 9 51 13 64 81 55 34 79 20 37 8 85 73 5 40 56 29 67 24 61 27 48 6 39 41 93 43 57 98 86 26 31 15 87 0 95 65 63 91 71 53 32 88 76 80 58 49 3 50 18 25 54 74 10 99 94 78 46 60 33 38 7
Coste: 21808919

GENERACION: 40
Mejor Solucion:  68 2 1 72 36 84 45 42 14 19 92 66 47 97 28 21 69 75 23 82 22 83 4 17 16 59 35 62 30 96 11 77 52 89 90 44 70 12 9 51 13 64 81 55 34 79 20 37 8 85 73 5 40 56 29 67 24 61 27 48 6 39 41 93 43 57 98 86 26 31 15 87 0 95 65 63 91 71 53 32 88 76 80 58 49 3 50 18 25 54 74 10 99 94 78 46 60 33 38 7
Coste: 21808919

GENERACION: 45
Mejor Solucion:  68 2 1 72 36 84 45 42 14 19 92 66 47 97 28 21 69 75 23 82 22 83 4 17 16 59 35 62 30 96 11 77 52 89 90 44 70 12 9 51 13 64 81 55 34 79 20 37 8 85 73 5 40 56 29 67 24 61 27 48 6 39 41 93 43 57 98 86 26 31 15 87 0 95 65 63 91 71 53 32 88 76 80 58 49 3 50 18 25 54 74 10 99 94 78 46 60 33 38 7
Coste: 21808919

GENERACION: 50
Mejor Solucion:  6 24 28 57 92 43 36 55 48 80 37 35 19 97 69 54 44 12 18 82 65 75 91 17 99 78 1 73 9 96 11 14 52 25 45 94 70 39 21 63 13 64 81 60 2 16 20 47 5 29 62 89 40 33 90 68 8 59 27 61 79 85 41 51 26 46 98 77 22 84 15 87 0 95 72 76 93 71 53 67 3 50 88 58 49 32 83 86 74 4 31 10 7 66 34 23 56 42 38 30
Coste: 21728782

GENERACION: 55
Mejor Solucion:  6 24 28 57 92 43 36 55 48 80 37 35 19 97 69 54 44 12 18 82 65 75 91 17 99 78 1 73 9 96 11 14 52 25 45 94 70 39 21 63 13 64 81 60 2 16 20 47 5 29 62 89 40 33 90 68 8 59 27 61 79 85 41 51 26 46 98 77 22 84 15 87 0 95 72 76 93 71 53 67 3 50 88 58 49 32 83 86 74 4 31 10 7 66 34 23 56 42 38 30
Coste: 21728782

GENERACION: 60
Mejor Solucion:  6 24 28 57 92 43 36 55 48 80 37 35 19 97 69 54 44 12 18 82 65 75 91 17 99 78 1 73 9 96 11 14 52 25 45 94 70 39 21 63 13 64 81 60 2 16 20 47 5 29 62 89 40 33 90 68 8 59 27 61 79 85 41 51 26 46 98 77 22 84 15 87 0 95 72 76 93 71 53 67 3 50 88 58 49 32 83 86 74 4 31 10 7 66 34 23 56 42 38 30
Coste: 21728782

GENERACION: 65
Mejor Solucion:  6 24 28 57 92 43 36 55 48 80 37 35 19 97 69 54 44 12 18 82 65 75 91 17 99 78 1 73 9 96 11 14 52 25 45 94 70 39 21 63 13 64 81 60 2 16 20 47 5 29 62 89 40 33 90 68 8 59 27 61 79 85 41 51 26 46 98 77 22 84 15 87 0 95 72 76 93 71 53 67 3 50 88 58 49 32 83 86 74 4 31 10 7 66 34 23 56 42 38 30
Coste: 21728782

GENERACION: 70
Mejor Solucion:  6 24 28 57 92 43 36 55 48 80 37 35 19 97 69 54 44 12 18 82 65 75 91 17 99 78 1 73 9 96 11 14 52 25 45 94 70 39 21 63 13 64 81 60 2 16 20 47 5 29 62 89 40 33 90 68 8 59 27 61 79 85 41 51 26 46 98 77 22 84 15 87 0 95 72 76 93 71 53 67 3 50 88 58 49 32 83 86 74 4 31 10 7 66 34 23 56 42 38 30
Coste: 21728782

GENERACION: 75
Mejor Solucion:  6 24 28 57 92 43 36 55 48 80 37 35 19 97 69 54 44 12 18 82 65 75 91 17 99 78 1 73 9 96 11 14 52 25 45 94 70 39 21 63 13 64 81 60 2 16 20 47 5 29 62 89 40 33 90 68 8 59 27 61 79 85 41 51 26 46 98 77 22 84 15 87 0 95 72 76 93 71 53 67 3 50 88 58 49 32 83 86 74 4 31 10 7 66 34 23 56 42 38 30
Coste: 21728782

GENERACION: 80
Mejor Solucion:  6 24 28 57 92 43 36 55 48 80 37 35 19 97 69 54 44 12 18 82 65 75 91 17 99 78 1 73 9 96 11 14 52 25 45 94 70 39 21 63 13 64 81 60 2 16 20 47 5 29 62 89 40 33 90 68 8 59 27 61 79 85 41 51 26 46 98 77 22 84 15 87 0 95 72 76 93 71 53 67 3 50 88 58 49 32 83 86 74 4 31 10 7 66 34 23 56 42 38 30
Coste: 21728782

GENERACION: 85
Mejor Solucion:  6 24 28 57 92 43 36 55 48 80 37 35 19 97 69 54 44 12 18 82 65 75 91 17 99 78 1 73 9 96 11 14 52 25 45 94 70 39 21 63 13 64 81 60 2 16 20 47 5 29 62 89 40 33 90 68 8 59 27 61 79 85 41 51 26 46 98 77 22 84 15 87 0 95 72 76 93 71 53 67 3 50 88 58 49 32 83 86 74 4 31 10 7 66 34 23 56 42 38 30
Coste: 21728782

GENERACION: 90
Mejor Solucion:  6 24 28 57 92 43 36 55 48 80 37 35 19 97 69 54 44 12 18 82 65 75 91 17 99 78 1 73 9 96 11 14 52 25 45 94 70 39 21 63 13 64 81 60 2 16 20 47 5 29 62 89 40 33 90 68 8 59 27 61 79 85 41 51 26 46 98 77 22 84 15 87 0 95 72 76 93 71 53 67 3 50 88 58 49 32 83 86 74 4 31 10 7 66 34 23 56 42 38 30
Coste: 21728782

GENERACION: 95
Mejor Solucion:  6 24 28 57 92 43 36 55 48 80 37 35 19 97 69 54 44 12 18 82 65 75 91 17 99 78 1 73 9 96 11 14 52 25 45 94 70 39 21 63 13 64 81 60 2 16 20 47 5 29 62 89 40 33 90 68 8 59 27 61 79 85 41 51 26 46 98 77 22 84 15 87 0 95 72 76 93 71 53 67 3 50 88 58 49 32 83 86 74 4 31 10 7 66 34 23 56 42 38 30
Coste: 21728782

GENERACION: 100
Mejor Solucion:  6 24 28 57 92 43 36 55 48 80 37 35 19 97 69 54 44 12 18 82 65 75 91 17 99 78 1 73 9 96 11 14 52 25 45 94 70 39 21 63 13 64 81 60 2 16 20 47 5 29 62 89 40 33 90 68 8 59 27 61 79 85 41 51 26 46 98 77 22 84 15 87 0 95 72 76 93 71 53 67 3 50 88 58 49 32 83 86 74 4 31 10 7 66 34 23 56 42 38 30
Coste: 21728782

GENERACION: 105
Mejor Solucion:  6 24 28 57 92 43 36 55 48 80 37 35 19 97 69 54 44 12 18 82 65 75 91 17 99 78 1 73 9 96 11 14 52 25 45 94 70 39 21 63 13 64 81 60 2 16 20 47 5 29 62 89 40 33 90 68 8 59 27 61 79 85 41 51 26 46 98 77 22 84 15 87 0 95 72 76 93 71 53 67 3 50 88 58 49 32 83 86 74 4 31 10 7 66 34 23 56 42 38 30
Coste: 21728782

GENERACION: 110
Mejor Solucion:  6 24 28 57 92 43 36 55 48 80 37 35 19 97 69 54 44 12 18 82 65 75 91 17 99 78 1 73 9 96 11 14 52 25 45 94 70 39 21 63 13 64 81 60 2 16 20 47 5 29 62 89 40 33 90 68 8 59 27 61 79 85 41 51 26 46 98 77 22 84 15 87 0 95 72 76 93 71 53 67 3 50 88 58 49 32 83 86 74 4 31 10 7 66 34 23 56 42 38 30
Coste: 21728782

GENERACION: 115
Mejor Solucion:  6 24 28 57 92 43 36 55 48 80 37 35 19 97 69 54 44 12 18 82 65 75 91 17 99 78 1 73 9 96 11 14 52 25 45 94 70 39 21 63 13 64 81 60 2 16 20 47 5 29 62 89 40 33 90 68 8 59 27 61 79 85 41 51 26 46 98 77 22 84 15 87 0 95 72 76 93 71 53 67 3 50 88 58 49 32 83 86 74 4 31 10 7 66 34 23 56 42 38 30
Coste: 21728782

GENERACION: 120
Mejor Solucion:  6 24 28 57 92 43 36 55 48 80 37 35 19 97 69 54 44 12 18 82 65 75 91 17 99 78 1 73 9 96 11 14 52 25 45 94 70 39 21 63 13 64 81 60 2 16 20 47 5 29 62 89 40 33 90 68 8 59 27 61 79 85 41 51 26 46 98 77 22 84 15 87 0 95 72 76 93 71 53 67 3 50 88 58 49 32 83 86 74 4 31 10 7 66 34 23 56 42 38 30
Coste: 21728782

GENERACION: 125
Mejor Solucion:  6 24 28 57 92 43 36 55 48 80 37 35 19 97 69 54 44 12 18 82 65 75 91 17 99 78 1 73 9 96 11 14 52 25 45 94 70 39 21 63 13 64 81 60 2 16 20 47 5 29 62 89 40 33 90 68 8 59 27 61 79 85 41 51 26 46 98 77 22 84 15 87 0 95 72 76 93 71 53 67 3 50 88 58 49 32 83 86 74 4 31 10 7 66 34 23 56 42 38 30
Coste: 21728782

GENERACION: 130
Mejor Solucion:  6 24 28 57 92 43 36 55 48 80 37 35 19 97 69 54 44 12 18 82 65 75 91 17 99 78 1 73 9 96 11 14 52 25 45 94 70 39 21 63 13 64 81 60 2 16 20 47 5 29 62 89 40 33 90 68 8 59 27 61 79 85 41 51 26 46 98 77 22 84 15 87 0 95 72 76 93 71 53 67 3 50 88 58 49 32 83 86 74 4 31 10 7 66 34 23 56 42 38 30
Coste: 21728782

GENERACION: 135
Mejor Solucion:  6 24 28 57 92 43 36 55 48 80 37 35 19 97 69 54 44 12 18 82 65 75 91 17 99 78 1 73 9 96 11 14 52 25 45 94 70 39 21 63 13 64 81 60 2 16 20 47 5 29 62 89 40 33 90 68 8 59 27 61 79 85 41 51 26 46 98 77 22 84 15 87 0 95 72 76 93 71 53 67 3 50 88 58 49 32 83 86 74 4 31 10 7 66 34 23 56 42 38 30
Coste: 21728782

GENERACION: 140
Mejor Solucion:  6 24 28 57 92 43 36 55 48 80 37 35 19 97 69 54 44 12 18 82 65 75 91 17 99 78 1 73 9 96 11 14 52 25 45 94 70 39 21 63 13 64 81 60 2 16 20 47 5 29 62 89 40 33 90 68 8 59 27 61 79 85 41 51 26 46 98 77 22 84 15 87 0 95 72 76 93 71 53 67 3 50 88 58 49 32 83 86 74 4 31 10 7 66 34 23 56 42 38 30
Coste: 21728782

GENERACION: 145
Mejor Solucion:  6 24 28 57 92 43 36 55 48 80 37 35 19 97 69 54 44 12 18 82 65 75 91 17 99 78 1 73 9 96 11 14 52 25 45 94 70 39 21 63 13 64 81 60 2 16 20 47 5 29 62 89 40 33 90 68 8 59 27 61 79 85 41 51 26 46 98 77 22 84 15 87 0 95 72 76 93 71 53 67 3 50 88 58 49 32 83 86 74 4 31 10 7 66 34 23 56 42 38 30
Coste: 21728782

GENERACION: 150
Mejor Solucion:  6 24 28 57 92 43 36 55 48 80 37 35 19 97 69 54 44 12 18 82 65 75 91 17 99 78 1 73 9 96 11 14 52 25 45 94 70 39 21 63 13 64 81 60 2 16 20 47 5 29 62 89 40 33 90 68 8 59 27 61 79 85 41 51 26 46 98 77 22 84 15 87 0 95 72 76 93 71 53 67 3 50 88 58 49 32 83 86 74 4 31 10 7 66 34 23 56 42 38 30
Coste: 21728782

GENERACION: 155
Mejor Solucion:  6 24 28 57 92 43 36 55 48 80 37 35 19 97 69 54 44 12 18 82 65 75 91 17 99 78 1 73 9 96 11 14 52 25 45 94 70 39 21 63 13 64 81 60 2 16 20 47 5 29 62 89 40 33 90 68 8 59 27 61 79 85 41 51 26 46 98 77 22 84 15 87 0 95 72 76 93 71 53 67 3 50 88 58 49 32 83 86 74 4 31 10 7 66 34 23 56 42 38 30
Coste: 21728782

GENERACION: 160
Mejor Solucion:  6 24 28 57 92 43 36 55 48 80 37 35 19 97 69 54 44 12 18 82 65 75 91 17 99 78 1 73 9 96 11 14 52 25 45 94 70 39 21 63 13 64 81 60 2 16 20 47 5 29 62 89 40 33 90 68 8 59 27 61 79 85 41 51 26 46 98 77 22 84 15 87 0 95 72 76 93 71 53 67 3 50 88 58 49 32 83 86 74 4 31 10 7 66 34 23 56 42 38 30
Coste: 21728782

GENERACION: 165
Mejor Solucion:  6 24 28 57 92 43 36 55 48 80 37 35 19 97 69 54 44 12 18 82 65 75 91 17 99 78 1 73 9 96 11 14 52 25 45 94 70 39 21 63 13 64 81 60 2 16 20 47 5 29 62 89 40 33 90 68 8 59 27 61 79 85 41 51 26 46 98 77 22 84 15 87 0 95 72 76 93 71 53 67 3 50 88 58 49 32 83 86 74 4 31 10 7 66 34 23 56 42 38 30
Coste: 21728782

GENERACION: 170
Mejor Solucion:  6 24 28 57 92 43 36 55 48 80 37 35 19 97 69 54 44 12 18 82 65 75 91 17 99 78 1 73 9 96 11 14 52 25 45 94 70 39 21 63 13 64 81 60 2 16 20 47 5 29 62 89 40 33 90 68 8 59 27 61 79 85 41 51 26 46 98 77 22 84 15 87 0 95 72 76 93 71 53 67 3 50 88 58 49 32 83 86 74 4 31 10 7 66 34 23 56 42 38 30
Coste: 21728782

GENERACION: 175
Mejor Solucion:  6 24 28 57 92 43 36 55 48 80 37 35 19 97 69 54 44 12 18 82 65 75 91 17 99 78 1 73 9 96 11 14 52 25 45 94 70 39 21 63 13 64 81 60 2 16 20 47 5 29 62 89 40 33 90 68 8 59 27 61 79 85 41 51 26 46 98 77 22 84 15 87 0 95 72 76 93 71 53 67 3 50 88 58 49 32 83 86 74 4 31 10 7 66 34 23 56 42 38 30
Coste: 21728782

GENERACION: 180
Mejor Solucion:  6 24 28 57 92 43 36 55 48 80 37 35 19 97 69 54 44 12 18 82 65 75 91 17 99 78 1 73 9 96 11 14 52 25 45 94 70 39 21 63 13 64 81 60 2 16 20 47 5 29 62 89 40 33 90 68 8 59 27 61 79 85 41 51 26 46 98 77 22 84 15 87 0 95 72 76 93 71 53 67 3 50 88 58 49 32 83 86 74 4 31 10 7 66 34 23 56 42 38 30
Coste: 21728782

GENERACION: 185
Mejor Solucion:  6 24 28 57 92 43 36 55 48 80 37 35 19 97 69 54 44 12 18 82 65 75 91 17 99 78 1 73 9 96 11 14 52 25 45 94 70 39 21 63 13 64 81 60 2 16 20 47 5 29 62 89 40 33 90 68 8 59 27 61 79 85 41 51 26 46 98 77 22 84 15 87 0 95 72 76 93 71 53 67 3 50 88 58 49 32 83 86 74 4 31 10 7 66 34 23 56 42 38 30
Coste: 21728782

GENERACION: 190
Mejor Solucion:  6 24 28 57 92 43 36 55 48 80 37 35 19 97 69 54 44 12 18 82 65 75 91 17 99 78 1 73 9 96 11 14 52 25 45 94 70 39 21 63 13 64 81 60 2 16 20 47 5 29 62 89 40 33 90 68 8 59 27 61 79 85 41 51 26 46 98 77 22 84 15 87 0 95 72 76 93 71 53 67 3 50 88 58 49 32 83 86 74 4 31 10 7 66 34 23 56 42 38 30
Coste: 21728782

GENERACION: 195
Mejor Solucion:  6 24 28 57 92 43 36 55 48 80 37 35 19 97 69 54 44 12 18 82 65 75 91 17 99 78 1 73 9 96 11 14 52 25 45 94 70 39 21 63 13 64 81 60 2 16 20 47 5 29 62 89 40 33 90 68 8 59 27 61 79 85 41 51 26 46 98 77 22 84 15 87 0 95 72 76 93 71 53 67 3 50 88 58 49 32 83 86 74 4 31 10 7 66 34 23 56 42 38 30
Coste: 21728782

GENERACION: 200
Mejor Solucion:  6 24 28 57 92 43 36 55 48 80 37 35 19 97 69 54 44 12 18 82 65 75 91 17 99 78 1 73 9 96 11 14 52 25 45 94 70 39 21 63 13 64 81 60 2 16 20 47 5 29 62 89 40 33 90 68 8 59 27 61 79 85 41 51 26 46 98 77 22 84 15 87 0 95 72 76 93 71 53 67 3 50 88 58 49 32 83 86 74 4 31 10 7 66 34 23 56 42 38 30
Coste: 21728782

GENERACION: 205
Mejor Solucion:  6 24 28 57 92 43 36 55 48 80 37 35 19 97 69 54 44 12 18 82 65 75 91 17 99 78 1 73 9 96 11 14 52 25 45 94 70 39 21 63 13 64 81 60 2 16 20 47 5 29 62 89 40 33 90 68 8 59 27 61 79 85 41 51 26 46 98 77 22 84 15 87 0 95 72 76 93 71 53 67 3 50 88 58 49 32 83 86 74 4 31 10 7 66 34 23 56 42 38 30
Coste: 21728782

GENERACION: 210
Mejor Solucion:  6 24 28 57 92 43 36 55 48 80 37 35 19 97 69 54 44 12 18 82 65 75 91 17 99 78 1 73 9 96 11 14 52 25 45 94 70 39 21 63 13 64 81 60 2 16 20 47 5 29 62 89 40 33 90 68 8 59 27 61 79 85 41 51 26 46 98 77 22 84 15 87 0 95 72 76 93 71 53 67 3 50 88 58 49 32 83 86 74 4 31 10 7 66 34 23 56 42 38 30
Coste: 21728782

GENERACION: 215
Mejor Solucion:  6 24 28 57 92 43 36 55 48 80 37 35 19 97 69 54 44 12 18 82 65 75 91 17 99 78 1 73 9 96 11 14 52 25 45 94 70 39 21 63 13 64 81 60 2 16 20 47 5 29 62 89 40 33 90 68 8 59 27 61 79 85 41 51 26 46 98 77 22 84 15 87 0 95 72 76 93 71 53 67 3 50 88 58 49 32 83 86 74 4 31 10 7 66 34 23 56 42 38 30
Coste: 21728782

GENERACION: 220
Mejor Solucion:  6 24 28 57 92 43 36 55 48 80 37 35 19 97 69 54 44 12 18 82 65 75 91 17 99 78 1 73 9 96 11 14 52 25 45 94 70 39 21 63 13 64 81 60 2 16 20 47 5 29 62 89 40 33 90 68 8 59 27 61 79 85 41 51 26 46 98 77 22 84 15 87 0 95 72 76 93 71 53 67 3 50 88 58 49 32 83 86 74 4 31 10 7 66 34 23 56 42 38 30
Coste: 21728782

GENERACION: 225
Mejor Solucion:  6 24 28 57 92 43 36 55 48 80 37 35 19 97 69 54 44 12 18 82 65 75 91 17 99 78 1 73 9 96 11 14 52 25 45 94 70 39 21 63 13 64 81 60 2 16 20 47 5 29 62 89 40 33 90 68 8 59 27 61 79 85 41 51 26 46 98 77 22 84 15 87 0 95 72 76 93 71 53 67 3 50 88 58 49 32 83 86 74 4 31 10 7 66 34 23 56 42 38 30
Coste: 21728782

GENERACION: 230
Mejor Solucion:  6 24 28 57 92 43 36 55 48 80 37 35 19 97 69 54 44 12 18 82 65 75 91 17 99 78 1 73 9 96 11 14 52 25 45 94 70 39 21 63 13 64 81 60 2 16 20 47 5 29 62 89 40 33 90 68 8 59 27 61 79 85 41 51 26 46 98 77 22 84 15 87 0 95 72 76 93 71 53 67 3 50 88 58 49 32 83 86 74 4 31 10 7 66 34 23 56 42 38 30
Coste: 21728782

GENERACION: 235
Mejor Solucion:  6 24 28 57 92 43 36 55 48 80 37 35 19 97 69 54 44 12 18 82 65 75 91 17 99 78 1 73 9 96 11 14 52 25 45 94 70 39 21 63 13 64 81 60 2 16 20 47 5 29 62 89 40 33 90 68 8 59 27 61 79 85 41 51 26 46 98 77 22 84 15 87 0 95 72 76 93 71 53 67 3 50 88 58 49 32 83 86 74 4 31 10 7 66 34 23 56 42 38 30
Coste: 21728782

GENERACION: 240
Mejor Solucion:  6 24 28 57 92 43 36 55 48 80 37 35 19 97 69 54 44 12 18 82 65 75 91 17 99 78 1 73 9 96 11 14 52 25 45 94 70 39 21 63 13 64 81 60 2 16 20 47 5 29 62 89 40 33 90 68 8 59 27 61 79 85 41 51 26 46 98 77 22 84 15 87 0 95 72 76 93 71 53 67 3 50 88 58 49 32 83 86 74 4 31 10 7 66 34 23 56 42 38 30
Coste: 21728782

GENERACION: 245
Mejor Solucion:  6 24 28 57 92 43 36 55 48 80 37 35 19 97 69 54 44 12 18 82 65 75 91 17 99 78 1 73 9 96 11 14 52 25 45 94 70 39 21 63 13 64 81 60 2 16 20 47 5 29 62 89 40 33 90 68 8 59 27 61 79 85 41 51 26 46 98 77 22 84 15 87 0 95 72 76 93 71 53 67 3 50 88 58 49 32 83 86 74 4 31 10 7 66 34 23 56 42 38 30
Coste: 21728782

GENERACION: 250
Mejor Solucion:  6 24 28 57 92 43 36 55 48 80 37 35 19 97 69 54 44 12 18 82 65 75 91 17 99 78 1 73 9 96 11 14 52 25 45 94 70 39 21 63 13 64 81 60 2 16 20 47 5 29 62 89 40 33 90 68 8 59 27 61 79 85 41 51 26 46 98 77 22 84 15 87 0 95 72 76 93 71 53 67 3 50 88 58 49 32 83 86 74 4 31 10 7 66 34 23 56 42 38 30
Coste: 21728782

GENERACION: 255
Mejor Solucion:  6 24 28 57 92 43 36 55 48 80 37 35 19 97 69 54 44 12 18 82 65 75 91 17 99 78 1 73 9 96 11 14 52 25 45 94 70 39 21 63 13 64 81 60 2 16 20 47 5 29 62 89 40 33 90 68 8 59 27 61 79 85 41 51 26 46 98 77 22 84 15 87 0 95 72 76 93 71 53 67 3 50 88 58 49 32 83 86 74 4 31 10 7 66 34 23 56 42 38 30
Coste: 21728782

GENERACION: 260
Mejor Solucion:  6 24 28 57 92 43 36 55 48 80 37 35 19 97 69 54 44 12 18 82 65 75 91 17 99 78 1 73 9 96 11 14 52 25 45 94 70 39 21 63 13 64 81 60 2 16 20 47 5 29 62 89 40 33 90 68 8 59 27 61 79 85 41 51 26 46 98 77 22 84 15 87 0 95 72 76 93 71 53 67 3 50 88 58 49 32 83 86 74 4 31 10 7 66 34 23 56 42 38 30
Coste: 21728782

GENERACION: 265
Mejor Solucion:  6 24 28 57 92 43 36 55 48 80 37 35 19 97 69 54 44 12 18 82 65 75 91 17 99 78 1 73 9 96 11 14 52 25 45 94 70 39 21 63 13 64 81 60 2 16 20 47 5 29 62 89 40 33 90 68 8 59 27 61 79 85 41 51 26 46 98 77 22 84 15 87 0 95 72 76 93 71 53 67 3 50 88 58 49 32 83 86 74 4 31 10 7 66 34 23 56 42 38 30
Coste: 21728782

GENERACION: 270
Mejor Solucion:  6 24 28 57 92 43 36 55 48 80 37 35 19 97 69 54 44 12 18 82 65 75 91 17 99 78 1 73 9 96 11 14 52 25 45 94 70 39 21 63 13 64 81 60 2 16 20 47 5 29 62 89 40 33 90 68 8 59 27 61 79 85 41 51 26 46 98 77 22 84 15 87 0 95 72 76 93 71 53 67 3 50 88 58 49 32 83 86 74 4 31 10 7 66 34 23 56 42 38 30
Coste: 21728782

GENERACION: 275
Mejor Solucion:  6 24 28 57 92 43 36 55 48 80 37 35 19 97 69 54 44 12 18 82 65 75 91 17 99 78 1 73 9 96 11 14 52 25 45 94 70 39 21 63 13 64 81 60 2 16 20 47 5 29 62 89 40 33 90 68 8 59 27 61 79 85 41 51 26 46 98 77 22 84 15 87 0 95 72 76 93 71 53 67 3 50 88 58 49 32 83 86 74 4 31 10 7 66 34 23 56 42 38 30
Coste: 21728782

GENERACION: 280
Mejor Solucion:  6 24 28 57 92 43 36 55 48 80 37 35 19 97 69 54 44 12 18 82 65 75 91 17 99 78 1 73 9 96 11 14 52 25 45 94 70 39 21 63 13 64 81 60 2 16 20 47 5 29 62 89 40 33 90 68 8 59 27 61 79 85 41 51 26 46 98 77 22 84 15 87 0 95 72 76 93 71 53 67 3 50 88 58 49 32 83 86 74 4 31 10 7 66 34 23 56 42 38 30
Coste: 21728782

GENERACION: 285
Mejor Solucion:  6 24 28 57 92 43 36 55 48 80 37 35 19 97 69 54 44 12 18 82 65 75 91 17 99 78 1 73 9 96 11 14 52 25 45 94 70 39 21 63 13 64 81 60 2 16 20 47 5 29 62 89 40 33 90 68 8 59 27 61 79 85 41 51 26 46 98 77 22 84 15 87 0 95 72 76 93 71 53 67 3 50 88 58 49 32 83 86 74 4 31 10 7 66 34 23 56 42 38 30
Coste: 21728782

GENERACION: 290
Mejor Solucion:  6 24 28 57 92 43 36 55 48 80 37 35 19 97 69 54 44 12 18 82 65 75 91 17 99 78 1 73 9 96 11 14 52 25 45 94 70 39 21 63 13 64 81 60 2 16 20 47 5 29 62 89 40 33 90 68 8 59 27 61 79 85 41 51 26 46 98 77 22 84 15 87 0 95 72 76 93 71 53 67 3 50 88 58 49 32 83 86 74 4 31 10 7 66 34 23 56 42 38 30
Coste: 21728782

GENERACION: 295
Mejor Solucion:  6 24 28 57 92 43 36 55 48 80 37 35 19 97 69 54 44 12 18 82 65 75 91 17 99 78 1 73 9 96 11 14 52 25 45 94 70 39 21 63 13 64 81 60 2 16 20 47 5 29 62 89 40 33 90 68 8 59 27 61 79 85 41 51 26 46 98 77 22 84 15 87 0 95 72 76 93 71 53 67 3 50 88 58 49 32 83 86 74 4 31 10 7 66 34 23 56 42 38 30
Coste: 21728782

GENERACION: 300
Mejor Solucion:  6 24 28 57 92 43 36 55 48 80 37 35 19 97 69 54 44 12 18 82 65 75 91 17 99 78 1 73 9 96 11 14 52 25 45 94 70 39 21 63 13 64 81 60 2 16 20 47 5 29 62 89 40 33 90 68 8 59 27 61 79 85 41 51 26 46 98 77 22 84 15 87 0 95 72 76 93 71 53 67 3 50 88 58 49 32 83 86 74 4 31 10 7 66 34 23 56 42 38 30
Coste: 21728782

GENERACION: 305
Mejor Solucion:  6 24 28 57 92 43 36 55 48 80 37 35 19 97 69 54 44 12 18 82 65 75 91 17 99 78 1 73 9 96 11 14 52 25 45 94 70 39 21 63 13 64 81 60 2 16 20 47 5 29 62 89 40 33 90 68 8 59 27 61 79 85 41 51 26 46 98 77 22 84 15 87 0 95 72 76 93 71 53 67 3 50 88 58 49 32 83 86 74 4 31 10 7 66 34 23 56 42 38 30
Coste: 21728782

GENERACION: 310
Mejor Solucion:  6 24 28 57 92 43 36 55 48 80 37 35 19 97 69 54 44 12 18 82 65 75 91 17 99 78 1 73 9 96 11 14 52 25 45 94 70 39 21 63 13 64 81 60 2 16 20 47 5 29 62 89 40 33 90 68 8 59 27 61 79 85 41 51 26 46 98 77 22 84 15 87 0 95 72 76 93 71 53 67 3 50 88 58 49 32 83 86 74 4 31 10 7 66 34 23 56 42 38 30
Coste: 21728782

GENERACION: 315
Mejor Solucion:  6 24 28 57 92 43 36 55 48 80 37 35 19 97 69 54 44 12 18 82 65 75 91 17 99 78 1 73 9 96 11 14 52 25 45 94 70 39 21 63 13 64 81 60 2 16 20 47 5 29 62 89 40 33 90 68 8 59 27 61 79 85 41 51 26 46 98 77 22 84 15 87 0 95 72 76 93 71 53 67 3 50 88 58 49 32 83 86 74 4 31 10 7 66 34 23 56 42 38 30
Coste: 21728782

GENERACION: 320
Mejor Solucion:  6 24 28 57 92 43 36 55 48 80 37 35 19 97 69 54 44 12 18 82 65 75 91 17 99 78 1 73 9 96 11 14 52 25 45 94 70 39 21 63 13 64 81 60 2 16 20 47 5 29 62 89 40 33 90 68 8 59 27 61 79 85 41 51 26 46 98 77 22 84 15 87 0 95 72 76 93 71 53 67 3 50 88 58 49 32 83 86 74 4 31 10 7 66 34 23 56 42 38 30
Coste: 21728782

GENERACION: 325
Mejor Solucion:  6 24 28 57 92 43 36 55 48 80 37 35 19 97 69 54 44 12 18 82 65 75 91 17 99 78 1 73 9 96 11 14 52 25 45 94 70 39 21 63 13 64 81 60 2 16 20 47 5 29 62 89 40 33 90 68 8 59 27 61 79 85 41 51 26 46 98 77 22 84 15 87 0 95 72 76 93 71 53 67 3 50 88 58 49 32 83 86 74 4 31 10 7 66 34 23 56 42 38 30
Coste: 21728782

GENERACION: 330
Mejor Solucion:  6 24 28 57 92 43 36 55 48 80 37 35 19 97 69 54 44 12 18 82 65 75 91 17 99 78 1 73 9 96 11 14 52 25 45 94 70 39 21 63 13 64 81 60 2 16 20 47 5 29 62 89 40 33 90 68 8 59 27 61 79 85 41 51 26 46 98 77 22 84 15 87 0 95 72 76 93 71 53 67 3 50 88 58 49 32 83 86 74 4 31 10 7 66 34 23 56 42 38 30
Coste: 21728782

GENERACION: 335
Mejor Solucion:  6 24 28 57 92 43 36 55 48 80 37 35 19 97 69 54 44 12 18 82 65 75 91 17 99 78 1 73 9 96 11 14 52 25 45 94 70 39 21 63 13 64 81 60 2 16 20 47 5 29 62 89 40 33 90 68 8 59 27 61 79 85 41 51 26 46 98 77 22 84 15 87 0 95 72 76 93 71 53 67 3 50 88 58 49 32 83 86 74 4 31 10 7 66 34 23 56 42 38 30
Coste: 21728782

GENERACION: 340
Mejor Solucion:  6 24 28 57 92 43 36 55 48 80 37 35 19 97 69 54 44 12 18 82 65 75 91 17 99 78 1 73 9 96 11 14 52 25 45 94 70 39 21 63 13 64 81 60 2 16 20 47 5 29 62 89 40 33 90 68 8 59 27 61 79 85 41 51 26 46 98 77 22 84 15 87 0 95 72 76 93 71 53 67 3 50 88 58 49 32 83 86 74 4 31 10 7 66 34 23 56 42 38 30
Coste: 21728782

GENERACION: 345
Mejor Solucion:  6 24 28 57 92 43 36 55 48 80 37 35 19 97 69 54 44 12 18 82 65 75 91 17 99 78 1 73 9 96 11 14 52 25 45 94 70 39 21 63 13 64 81 60 2 16 20 47 5 29 62 89 40 33 90 68 8 59 27 61 79 85 41 51 26 46 98 77 22 84 15 87 0 95 72 76 93 71 53 67 3 50 88 58 49 32 83 86 74 4 31 10 7 66 34 23 56 42 38 30
Coste: 21728782

GENERACION: 350
Mejor Solucion:  6 24 28 57 92 43 36 55 48 80 37 35 19 97 69 54 44 12 18 82 65 75 91 17 99 78 1 73 9 96 11 14 52 25 45 94 70 39 21 63 13 64 81 60 2 16 20 47 5 29 62 89 40 33 90 68 8 59 27 61 79 85 41 51 26 46 98 77 22 84 15 87 0 95 72 76 93 71 53 67 3 50 88 58 49 32 83 86 74 4 31 10 7 66 34 23 56 42 38 30
Coste: 21728782

GENERACION: 355
Mejor Solucion:  6 24 28 57 92 43 36 55 48 80 37 35 19 97 69 54 44 12 18 82 65 75 91 17 99 78 1 73 9 96 11 14 52 25 45 94 70 39 21 63 13 64 81 60 2 16 20 47 5 29 62 89 40 33 90 68 8 59 27 61 79 85 41 51 26 46 98 77 22 84 15 87 0 95 72 76 93 71 53 67 3 50 88 58 49 32 83 86 74 4 31 10 7 66 34 23 56 42 38 30
Coste: 21728782

GENERACION: 360
Mejor Solucion:  6 24 28 57 92 43 36 55 48 80 37 35 19 97 69 54 44 12 18 82 65 75 91 17 99 78 1 73 9 96 11 14 52 25 45 94 70 39 21 63 13 64 81 60 2 16 20 47 5 29 62 89 40 33 90 68 8 59 27 61 79 85 41 51 26 46 98 77 22 84 15 87 0 95 72 76 93 71 53 67 3 50 88 58 49 32 83 86 74 4 31 10 7 66 34 23 56 42 38 30
Coste: 21728782

GENERACION: 365
Mejor Solucion:  6 24 28 57 92 43 36 55 48 80 37 35 19 97 69 54 44 12 18 82 65 75 91 17 99 78 1 73 9 96 11 14 52 25 45 94 70 39 21 63 13 64 81 60 2 16 20 47 5 29 62 89 40 33 90 68 8 59 27 61 79 85 41 51 26 46 98 77 22 84 15 87 0 95 72 76 93 71 53 67 3 50 88 58 49 32 83 86 74 4 31 10 7 66 34 23 56 42 38 30
Coste: 21728782

GENERACION: 370
Mejor Solucion:  6 24 28 57 92 43 36 55 48 80 37 35 19 97 69 54 44 12 18 82 65 75 91 17 99 78 1 73 9 96 11 14 52 25 45 94 70 39 21 63 13 64 81 60 2 16 20 47 5 29 62 89 40 33 90 68 8 59 27 61 79 85 41 51 26 46 98 77 22 84 15 87 0 95 72 76 93 71 53 67 3 50 88 58 49 32 83 86 74 4 31 10 7 66 34 23 56 42 38 30
Coste: 21728782

GENERACION: 375
Mejor Solucion:  6 24 28 57 92 43 36 55 48 80 37 35 19 97 69 54 44 12 18 82 65 75 91 17 99 78 1 73 9 96 11 14 52 25 45 94 70 39 21 63 13 64 81 60 2 16 20 47 5 29 62 89 40 33 90 68 8 59 27 61 79 85 41 51 26 46 98 77 22 84 15 87 0 95 72 76 93 71 53 67 3 50 88 58 49 32 83 86 74 4 31 10 7 66 34 23 56 42 38 30
Coste: 21728782

GENERACION: 380
Mejor Solucion:  55 68 4 91 89 64 9 53 77 33 14 49 48 12 10 97 1 81 56 99 16 78 29 39 70 31 98 8 28 96 30 51 62 43 5 88 93 76 72 66 7 44 34 45 36 18 69 26 11 59 84 63 46 85 90 37 42 75 61 17 95 25 41 15 54 20 19 38 22 58 24 82 73 94 86 79 80 71 27 67 32 83 74 0 57 35 13 47 65 3 2 52 40 87 6 60 92 21 50 23
Coste: 21728101

GENERACION: 385
Mejor Solucion:  55 68 4 91 89 64 9 53 77 33 14 49 48 12 10 97 1 81 56 99 16 78 29 39 70 31 98 8 28 96 30 51 62 43 5 88 93 76 72 66 7 44 34 45 36 18 69 26 11 59 84 63 46 85 90 37 42 75 61 17 95 25 41 15 54 20 19 38 22 58 24 82 73 94 86 79 80 71 27 67 32 83 74 0 57 35 13 47 65 3 2 52 40 87 6 60 92 21 50 23
Coste: 21728101

GENERACION: 390
Mejor Solucion:  55 68 4 91 89 64 9 53 77 33 14 49 48 12 10 97 1 81 56 99 16 78 29 39 70 31 98 8 28 96 30 51 62 43 5 88 93 76 72 66 7 44 34 45 36 18 69 26 11 59 84 63 46 85 90 37 42 75 61 17 95 25 41 15 54 20 19 38 22 58 24 82 73 94 86 79 80 71 27 67 32 83 74 0 57 35 13 47 65 3 2 52 40 87 6 60 92 21 50 23
Coste: 21728101

GENERACION: 395
Mejor Solucion:  55 68 4 91 89 64 9 53 77 33 14 49 48 12 10 97 1 81 56 99 16 78 29 39 70 31 98 8 28 96 30 51 62 43 5 88 93 76 72 66 7 44 34 45 36 18 69 26 11 59 84 63 46 85 90 37 42 75 61 17 95 25 41 15 54 20 19 38 22 58 24 82 73 94 86 79 80 71 27 67 32 83 74 0 57 35 13 47 65 3 2 52 40 87 6 60 92 21 50 23
Coste: 21728101

GENERACION: 400
Mejor Solucion:  55 68 4 91 89 64 9 53 77 33 14 49 48 12 10 97 1 81 56 99 16 78 29 39 70 31 98 8 28 96 30 51 62 43 5 88 93 76 72 66 7 44 34 45 36 18 69 26 11 59 84 63 46 85 90 37 42 75 61 17 95 25 41 15 54 20 19 38 22 58 24 82 73 94 86 79 80 71 27 67 32 83 74 0 57 35 13 47 65 3 2 52 40 87 6 60 92 21 50 23
Coste: 21728101

GENERACION: 405
Mejor Solucion:  55 68 4 91 89 64 9 53 77 33 14 49 48 12 10 97 1 81 56 99 16 78 29 39 70 31 98 8 28 96 30 51 62 43 5 88 93 76 72 66 7 44 34 45 36 18 69 26 11 59 84 63 46 85 90 37 42 75 61 17 95 25 41 15 54 20 19 38 22 58 24 82 73 94 86 79 80 71 27 67 32 83 74 0 57 35 13 47 65 3 2 52 40 87 6 60 92 21 50 23
Coste: 21728101

GENERACION: 410
Mejor Solucion:  55 68 4 91 89 64 9 53 77 33 14 49 48 12 10 97 1 81 56 99 16 78 29 39 70 31 98 8 28 96 30 51 62 43 5 88 93 76 72 66 7 44 34 45 36 18 69 26 11 59 84 63 46 85 90 37 42 75 61 17 95 25 41 15 54 20 19 38 22 58 24 82 73 94 86 79 80 71 27 67 32 83 74 0 57 35 13 47 65 3 2 52 40 87 6 60 92 21 50 23
Coste: 21728101

GENERACION: 415
Mejor Solucion:  55 68 4 91 89 64 9 53 77 33 14 49 48 12 10 97 1 81 56 99 16 78 29 39 70 31 98 8 28 96 30 51 62 43 5 88 93 76 72 66 7 44 34 45 36 18 69 26 11 59 84 63 46 85 90 37 42 75 61 17 95 25 41 15 54 20 19 38 22 58 24 82 73 94 86 79 80 71 27 67 32 83 74 0 57 35 13 47 65 3 2 52 40 87 6 60 92 21 50 23
Coste: 21728101

GENERACION: 420
Mejor Solucion:  55 68 4 91 89 64 9 53 77 33 14 49 48 12 10 97 1 81 56 99 16 78 29 39 70 31 98 8 28 96 30 51 62 43 5 88 93 76 72 66 7 44 34 45 36 18 69 26 11 59 84 63 46 85 90 37 42 75 61 17 95 25 41 15 54 20 19 38 22 58 24 82 73 94 86 79 80 71 27 67 32 83 74 0 57 35 13 47 65 3 2 52 40 87 6 60 92 21 50 23
Coste: 21728101

GENERACION: 425
Mejor Solucion:  55 68 4 91 89 64 9 53 77 33 14 49 48 12 10 97 1 81 56 99 16 78 29 39 70 31 98 8 28 96 30 51 62 43 5 88 93 76 72 66 7 44 34 45 36 18 69 26 11 59 84 63 46 85 90 37 42 75 61 17 95 25 41 15 54 20 19 38 22 58 24 82 73 94 86 79 80 71 27 67 32 83 74 0 57 35 13 47 65 3 2 52 40 87 6 60 92 21 50 23
Coste: 21728101

GENERACION: 430
Mejor Solucion:  98 31 67 11 60 93 39 29 45 14 97 91 79 94 35 1 16 20 18 42 38 54 65 83 28 23 46 44 90 78 81 87 10 25 74 72 55 51 71 66 73 2 37 63 7 26 88 80 4 62 59 9 43 50 5 12 95 61 89 86 58 85 36 48 6 47 17 34 22 27 68 33 0 57 30 96 53 24 56 52 3 84 99 92 77 49 8 13 21 69 76 41 32 82 64 19 70 75 15 40
Coste: 21706094

GENERACION: 435
Mejor Solucion:  98 31 67 11 60 93 39 29 45 14 97 91 79 94 35 1 16 20 18 42 38 54 65 83 28 23 46 44 90 78 81 87 10 25 74 72 55 51 71 66 73 2 37 63 7 26 88 80 4 62 59 9 43 50 5 12 95 61 89 86 58 85 36 48 6 47 17 34 22 27 68 33 0 57 30 96 53 24 56 52 3 84 99 92 77 49 8 13 21 69 76 41 32 82 64 19 70 75 15 40
Coste: 21706094

GENERACION: 440
Mejor Solucion:  98 31 67 11 60 93 39 29 45 14 97 91 79 94 35 1 16 20 18 42 38 54 65 83 28 23 46 44 90 78 81 87 10 25 74 72 55 51 71 66 73 2 37 63 7 26 88 80 4 62 59 9 43 50 5 12 95 61 89 86 58 85 36 48 6 47 17 34 22 27 68 33 0 57 30 96 53 24 56 52 3 84 99 92 77 49 8 13 21 69 76 41 32 82 64 19 70 75 15 40
Coste: 21706094

GENERACION: 445
Mejor Solucion:  98 31 67 11 60 93 39 29 45 14 97 91 79 94 35 1 16 20 18 42 38 54 65 83 28 23 46 44 90 78 81 87 10 25 74 72 55 51 71 66 73 2 37 63 7 26 88 80 4 62 59 9 43 50 5 12 95 61 89 86 58 85 36 48 6 47 17 34 22 27 68 33 0 57 30 96 53 24 56 52 3 84 99 92 77 49 8 13 21 69 76 41 32 82 64 19 70 75 15 40
Coste: 21706094

GENERACION: 450
Mejor Solucion:  98 31 67 11 60 93 39 29 45 14 97 91 79 94 35 1 16 20 18 42 38 54 65 83 28 23 46 44 90 78 81 87 10 25 74 72 55 51 71 66 73 2 37 63 7 26 88 80 4 62 59 9 43 50 5 12 95 61 89 86 58 85 36 48 6 47 17 34 22 27 68 33 0 57 30 96 53 24 56 52 3 84 99 92 77 49 8 13 21 69 76 41 32 82 64 19 70 75 15 40
Coste: 21706094

GENERACION: 455
Mejor Solucion:  98 31 67 11 60 93 39 29 45 14 97 91 79 94 35 1 16 20 18 42 38 54 65 83 28 23 46 44 90 78 81 87 10 25 74 72 55 51 71 66 73 2 37 63 7 26 88 80 4 62 59 9 43 50 5 12 95 61 89 86 58 85 36 48 6 47 17 34 22 27 68 33 0 57 30 96 53 24 56 52 3 84 99 92 77 49 8 13 21 69 76 41 32 82 64 19 70 75 15 40
Coste: 21706094

GENERACION: 460
Mejor Solucion:  98 31 67 11 60 93 39 29 45 14 97 91 79 94 35 1 16 20 18 42 38 54 65 83 28 23 46 44 90 78 81 87 10 25 74 72 55 51 71 66 73 2 37 63 7 26 88 80 4 62 59 9 43 50 5 12 95 61 89 86 58 85 36 48 6 47 17 34 22 27 68 33 0 57 30 96 53 24 56 52 3 84 99 92 77 49 8 13 21 69 76 41 32 82 64 19 70 75 15 40
Coste: 21706094

GENERACION: 465
Mejor Solucion:  98 31 67 11 60 93 39 29 45 14 97 91 79 94 35 1 16 20 18 42 38 54 65 83 28 23 46 44 90 78 81 87 10 25 74 72 55 51 71 66 73 2 37 63 7 26 88 80 4 62 59 9 43 50 5 12 95 61 89 86 58 85 36 48 6 47 17 34 22 27 68 33 0 57 30 96 53 24 56 52 3 84 99 92 77 49 8 13 21 69 76 41 32 82 64 19 70 75 15 40
Coste: 21706094

GENERACION: 470
Mejor Solucion:  98 31 67 11 60 93 39 29 45 14 97 91 79 94 35 1 16 20 18 42 38 54 65 83 28 23 46 44 90 78 81 87 10 25 74 72 55 51 71 66 73 2 37 63 7 26 88 80 4 62 59 9 43 50 5 12 95 61 89 86 58 85 36 48 6 47 17 34 22 27 68 33 0 57 30 96 53 24 56 52 3 84 99 92 77 49 8 13 21 69 76 41 32 82 64 19 70 75 15 40
Coste: 21706094

GENERACION: 475
Mejor Solucion:  98 31 67 11 60 93 39 29 45 14 97 91 79 94 35 1 16 20 18 42 38 54 65 83 28 23 46 44 90 78 81 87 10 25 74 72 55 51 71 66 73 2 37 63 7 26 88 80 4 62 59 9 43 50 5 12 95 61 89 86 58 85 36 48 6 47 17 34 22 27 68 33 0 57 30 96 53 24 56 52 3 84 99 92 77 49 8 13 21 69 76 41 32 82 64 19 70 75 15 40
Coste: 21706094

GENERACION: 480
Mejor Solucion:  98 31 67 11 60 93 39 29 45 14 97 91 79 94 35 1 16 20 18 42 38 54 65 83 28 23 46 44 90 78 81 87 10 25 74 72 55 51 71 66 73 2 37 63 7 26 88 80 4 62 59 9 43 50 5 12 95 61 89 86 58 85 36 48 6 47 17 34 22 27 68 33 0 57 30 96 53 24 56 52 3 84 99 92 77 49 8 13 21 69 76 41 32 82 64 19 70 75 15 40
Coste: 21706094

GENERACION: 485
Mejor Solucion:  98 31 67 11 60 93 39 29 45 14 97 91 79 94 35 1 16 20 18 42 38 54 65 83 28 23 46 44 90 78 81 87 10 25 74 72 55 51 71 66 73 2 37 63 7 26 88 80 4 62 59 9 43 50 5 12 95 61 89 86 58 85 36 48 6 47 17 34 22 27 68 33 0 57 30 96 53 24 56 52 3 84 99 92 77 49 8 13 21 69 76 41 32 82 64 19 70 75 15 40
Coste: 21706094

GENERACION: 490
Mejor Solucion:  98 31 67 11 60 93 39 29 45 14 97 91 79 94 35 1 16 20 18 42 38 54 65 83 28 23 46 44 90 78 81 87 10 25 74 72 55 51 71 66 73 2 37 63 7 26 88 80 4 62 59 9 43 50 5 12 95 61 89 86 58 85 36 48 6 47 17 34 22 27 68 33 0 57 30 96 53 24 56 52 3 84 99 92 77 49 8 13 21 69 76 41 32 82 64 19 70 75 15 40
Coste: 21706094

GENERACION: 495
Mejor Solucion:  98 31 67 11 60 93 39 29 45 14 97 91 79 94 35 1 16 20 18 42 38 54 65 83 28 23 46 44 90 78 81 87 10 25 74 72 55 51 71 66 73 2 37 63 7 26 88 80 4 62 59 9 43 50 5 12 95 61 89 86 58 85 36 48 6 47 17 34 22 27 68 33 0 57 30 96 53 24 56 52 3 84 99 92 77 49 8 13 21 69 76 41 32 82 64 19 70 75 15 40
Coste: 21706094

GENERACION: 500
Mejor Solucion:  98 31 67 11 60 93 39 29 45 14 97 91 79 94 35 1 16 20 18 42 38 54 65 83 28 23 46 44 90 78 81 87 10 25 74 72 55 51 71 66 73 2 37 63 7 26 88 80 4 62 59 9 43 50 5 12 95 61 89 86 58 85 36 48 6 47 17 34 22 27 68 33 0 57 30 96 53 24 56 52 3 84 99 92 77 49 8 13 21 69 76 41 32 82 64 19 70 75 15 40
Coste: 21706094

GENERACION: 505
Mejor Solucion:  98 31 67 11 60 93 39 29 45 14 97 91 79 94 35 1 16 20 18 42 38 54 65 83 28 23 46 44 90 78 81 87 10 25 74 72 55 51 71 66 73 2 37 63 7 26 88 80 4 62 59 9 43 50 5 12 95 61 89 86 58 85 36 48 6 47 17 34 22 27 68 33 0 57 30 96 53 24 56 52 3 84 99 92 77 49 8 13 21 69 76 41 32 82 64 19 70 75 15 40
Coste: 21706094

GENERACION: 510
Mejor Solucion:  98 31 67 11 60 93 39 29 45 14 97 91 79 94 35 1 16 20 18 42 38 54 65 83 28 23 46 44 90 78 81 87 10 25 74 72 55 51 71 66 73 2 37 63 7 26 88 80 4 62 59 9 43 50 5 12 95 61 89 86 58 85 36 48 6 47 17 34 22 27 68 33 0 57 30 96 53 24 56 52 3 84 99 92 77 49 8 13 21 69 76 41 32 82 64 19 70 75 15 40
Coste: 21706094

GENERACION: 515
Mejor Solucion:  98 31 67 11 60 93 39 29 45 14 97 91 79 94 35 1 16 20 18 42 38 54 65 83 28 23 46 44 90 78 81 87 10 25 74 72 55 51 71 66 73 2 37 63 7 26 88 80 4 62 59 9 43 50 5 12 95 61 89 86 58 85 36 48 6 47 17 34 22 27 68 33 0 57 30 96 53 24 56 52 3 84 99 92 77 49 8 13 21 69 76 41 32 82 64 19 70 75 15 40
Coste: 21706094

GENERACION: 520
Mejor Solucion:  98 31 67 11 60 93 39 29 45 14 97 91 79 94 35 1 16 20 18 42 38 54 65 83 28 23 46 44 90 78 81 87 10 25 74 72 55 51 71 66 73 2 37 63 7 26 88 80 4 62 59 9 43 50 5 12 95 61 89 86 58 85 36 48 6 47 17 34 22 27 68 33 0 57 30 96 53 24 56 52 3 84 99 92 77 49 8 13 21 69 76 41 32 82 64 19 70 75 15 40
Coste: 21706094

GENERACION: 525
Mejor Solucion:  98 31 67 11 60 93 39 29 45 14 97 91 79 94 35 1 16 20 18 42 38 54 65 83 28 23 46 44 90 78 81 87 10 25 74 72 55 51 71 66 73 2 37 63 7 26 88 80 4 62 59 9 43 50 5 12 95 61 89 86 58 85 36 48 6 47 17 34 22 27 68 33 0 57 30 96 53 24 56 52 3 84 99 92 77 49 8 13 21 69 76 41 32 82 64 19 70 75 15 40
Coste: 21706094

GENERACION: 530
Mejor Solucion:  98 31 67 11 60 93 39 29 45 14 97 91 79 94 35 1 16 20 18 42 38 54 65 83 28 23 46 44 90 78 81 87 10 25 74 72 55 51 71 66 73 2 37 63 7 26 88 80 4 62 59 9 43 50 5 12 95 61 89 86 58 85 36 48 6 47 17 34 22 27 68 33 0 57 30 96 53 24 56 52 3 84 99 92 77 49 8 13 21 69 76 41 32 82 64 19 70 75 15 40
Coste: 21706094

GENERACION: 535
Mejor Solucion:  98 31 67 11 60 93 39 29 45 14 97 91 79 94 35 1 16 20 18 42 38 54 65 83 28 23 46 44 90 78 81 87 10 25 74 72 55 51 71 66 73 2 37 63 7 26 88 80 4 62 59 9 43 50 5 12 95 61 89 86 58 85 36 48 6 47 17 34 22 27 68 33 0 57 30 96 53 24 56 52 3 84 99 92 77 49 8 13 21 69 76 41 32 82 64 19 70 75 15 40
Coste: 21706094

GENERACION: 540
Mejor Solucion:  98 31 67 11 60 93 39 29 45 14 97 91 79 94 35 1 16 20 18 42 38 54 65 83 28 23 46 44 90 78 81 87 10 25 74 72 55 51 71 66 73 2 37 63 7 26 88 80 4 62 59 9 43 50 5 12 95 61 89 86 58 85 36 48 6 47 17 34 22 27 68 33 0 57 30 96 53 24 56 52 3 84 99 92 77 49 8 13 21 69 76 41 32 82 64 19 70 75 15 40
Coste: 21706094

GENERACION: 545
Mejor Solucion:  98 31 67 11 60 93 39 29 45 14 97 91 79 94 35 1 16 20 18 42 38 54 65 83 28 23 46 44 90 78 81 87 10 25 74 72 55 51 71 66 73 2 37 63 7 26 88 80 4 62 59 9 43 50 5 12 95 61 89 86 58 85 36 48 6 47 17 34 22 27 68 33 0 57 30 96 53 24 56 52 3 84 99 92 77 49 8 13 21 69 76 41 32 82 64 19 70 75 15 40
Coste: 21706094

GENERACION: 550
Mejor Solucion:  98 31 67 11 60 93 39 29 45 14 97 91 79 94 35 1 16 20 18 42 38 54 65 83 28 23 46 44 90 78 81 87 10 25 74 72 55 51 71 66 73 2 37 63 7 26 88 80 4 62 59 9 43 50 5 12 95 61 89 86 58 85 36 48 6 47 17 34 22 27 68 33 0 57 30 96 53 24 56 52 3 84 99 92 77 49 8 13 21 69 76 41 32 82 64 19 70 75 15 40
Coste: 21706094

GENERACION: 555
Mejor Solucion:  98 31 67 11 60 93 39 29 45 14 97 91 79 94 35 1 16 20 18 42 38 54 65 83 28 23 46 44 90 78 81 87 10 25 74 72 55 51 71 66 73 2 37 63 7 26 88 80 4 62 59 9 43 50 5 12 95 61 89 86 58 85 36 48 6 47 17 34 22 27 68 33 0 57 30 96 53 24 56 52 3 84 99 92 77 49 8 13 21 69 76 41 32 82 64 19 70 75 15 40
Coste: 21706094

GENERACION: 560
Mejor Solucion:  98 31 67 11 60 93 39 29 45 14 97 91 79 94 35 1 16 20 18 42 38 54 65 83 28 23 46 44 90 78 81 87 10 25 74 72 55 51 71 66 73 2 37 63 7 26 88 80 4 62 59 9 43 50 5 12 95 61 89 86 58 85 36 48 6 47 17 34 22 27 68 33 0 57 30 96 53 24 56 52 3 84 99 92 77 49 8 13 21 69 76 41 32 82 64 19 70 75 15 40
Coste: 21706094

GENERACION: 565
Mejor Solucion:  98 31 67 11 60 93 39 29 45 14 97 91 79 94 35 1 16 20 18 42 38 54 65 83 28 23 46 44 90 78 81 87 10 25 74 72 55 51 71 66 73 2 37 63 7 26 88 80 4 62 59 9 43 50 5 12 95 61 89 86 58 85 36 48 6 47 17 34 22 27 68 33 0 57 30 96 53 24 56 52 3 84 99 92 77 49 8 13 21 69 76 41 32 82 64 19 70 75 15 40
Coste: 21706094

GENERACION: 570
Mejor Solucion:  98 31 67 11 60 93 39 29 45 14 97 91 79 94 35 1 16 20 18 42 38 54 65 83 28 23 46 44 90 78 81 87 10 25 74 72 55 51 71 66 73 2 37 63 7 26 88 80 4 62 59 9 43 50 5 12 95 61 89 86 58 85 36 48 6 47 17 34 22 27 68 33 0 57 30 96 53 24 56 52 3 84 99 92 77 49 8 13 21 69 76 41 32 82 64 19 70 75 15 40
Coste: 21706094

GENERACION: 575
Mejor Solucion:  98 31 67 11 60 93 39 29 45 14 97 91 79 94 35 1 16 20 18 42 38 54 65 83 28 23 46 44 90 78 81 87 10 25 74 72 55 51 71 66 73 2 37 63 7 26 88 80 4 62 59 9 43 50 5 12 95 61 89 86 58 85 36 48 6 47 17 34 22 27 68 33 0 57 30 96 53 24 56 52 3 84 99 92 77 49 8 13 21 69 76 41 32 82 64 19 70 75 15 40
Coste: 21706094

GENERACION: 580
Mejor Solucion:  98 31 67 11 60 93 39 29 45 14 97 91 79 94 35 1 16 20 18 42 38 54 65 83 28 23 46 44 90 78 81 87 10 25 74 72 55 51 71 66 73 2 37 63 7 26 88 80 4 62 59 9 43 50 5 12 95 61 89 86 58 85 36 48 6 47 17 34 22 27 68 33 0 57 30 96 53 24 56 52 3 84 99 92 77 49 8 13 21 69 76 41 32 82 64 19 70 75 15 40
Coste: 21706094

GENERACION: 585
Mejor Solucion:  98 31 67 11 60 93 39 29 45 14 97 91 79 94 35 1 16 20 18 42 38 54 65 83 28 23 46 44 90 78 81 87 10 25 74 72 55 51 71 66 73 2 37 63 7 26 88 80 4 62 59 9 43 50 5 12 95 61 89 86 58 85 36 48 6 47 17 34 22 27 68 33 0 57 30 96 53 24 56 52 3 84 99 92 77 49 8 13 21 69 76 41 32 82 64 19 70 75 15 40
Coste: 21706094

GENERACION: 590
Mejor Solucion:  98 31 67 11 60 93 39 29 45 14 97 91 79 94 35 1 16 20 18 42 38 54 65 83 28 23 46 44 90 78 81 87 10 25 74 72 55 51 71 66 73 2 37 63 7 26 88 80 4 62 59 9 43 50 5 12 95 61 89 86 58 85 36 48 6 47 17 34 22 27 68 33 0 57 30 96 53 24 56 52 3 84 99 92 77 49 8 13 21 69 76 41 32 82 64 19 70 75 15 40
Coste: 21706094

GENERACION: 595
Mejor Solucion:  98 31 67 11 60 93 39 29 45 14 97 91 79 94 35 1 16 20 18 42 38 54 65 83 28 23 46 44 90 78 81 87 10 25 74 72 55 51 71 66 73 2 37 63 7 26 88 80 4 62 59 9 43 50 5 12 95 61 89 86 58 85 36 48 6 47 17 34 22 27 68 33 0 57 30 96 53 24 56 52 3 84 99 92 77 49 8 13 21 69 76 41 32 82 64 19 70 75 15 40
Coste: 21706094

GENERACION: 600
Mejor Solucion:  98 31 67 11 60 93 39 29 45 14 97 91 79 94 35 1 16 20 18 42 38 54 65 83 28 23 46 44 90 78 81 87 10 25 74 72 55 51 71 66 73 2 37 63 7 26 88 80 4 62 59 9 43 50 5 12 95 61 89 86 58 85 36 48 6 47 17 34 22 27 68 33 0 57 30 96 53 24 56 52 3 84 99 92 77 49 8 13 21 69 76 41 32 82 64 19 70 75 15 40
Coste: 21706094

GENERACION: 605
Mejor Solucion:  98 31 67 11 60 93 39 29 45 14 97 91 79 94 35 1 16 20 18 42 38 54 65 83 28 23 46 44 90 78 81 87 10 25 74 72 55 51 71 66 73 2 37 63 7 26 88 80 4 62 59 9 43 50 5 12 95 61 89 86 58 85 36 48 6 47 17 34 22 27 68 33 0 57 30 96 53 24 56 52 3 84 99 92 77 49 8 13 21 69 76 41 32 82 64 19 70 75 15 40
Coste: 21706094

GENERACION: 610
Mejor Solucion:  98 31 67 11 60 93 39 29 45 14 97 91 79 94 35 1 16 20 18 42 38 54 65 83 28 23 46 44 90 78 81 87 10 25 74 72 55 51 71 66 73 2 37 63 7 26 88 80 4 62 59 9 43 50 5 12 95 61 89 86 58 85 36 48 6 47 17 34 22 27 68 33 0 57 30 96 53 24 56 52 3 84 99 92 77 49 8 13 21 69 76 41 32 82 64 19 70 75 15 40
Coste: 21706094

GENERACION: 615
Mejor Solucion:  98 31 67 11 60 93 39 29 45 14 97 91 79 94 35 1 16 20 18 42 38 54 65 83 28 23 46 44 90 78 81 87 10 25 74 72 55 51 71 66 73 2 37 63 7 26 88 80 4 62 59 9 43 50 5 12 95 61 89 86 58 85 36 48 6 47 17 34 22 27 68 33 0 57 30 96 53 24 56 52 3 84 99 92 77 49 8 13 21 69 76 41 32 82 64 19 70 75 15 40
Coste: 21706094

GENERACION: 620
Mejor Solucion:  98 31 67 11 60 93 39 29 45 14 97 91 79 94 35 1 16 20 18 42 38 54 65 83 28 23 46 44 90 78 81 87 10 25 74 72 55 51 71 66 73 2 37 63 7 26 88 80 4 62 59 9 43 50 5 12 95 61 89 86 58 85 36 48 6 47 17 34 22 27 68 33 0 57 30 96 53 24 56 52 3 84 99 92 77 49 8 13 21 69 76 41 32 82 64 19 70 75 15 40
Coste: 21706094

GENERACION: 625
Mejor Solucion:  98 31 67 11 60 93 39 29 45 14 97 91 79 94 35 1 16 20 18 42 38 54 65 83 28 23 46 44 90 78 81 87 10 25 74 72 55 51 71 66 73 2 37 63 7 26 88 80 4 62 59 9 43 50 5 12 95 61 89 86 58 85 36 48 6 47 17 34 22 27 68 33 0 57 30 96 53 24 56 52 3 84 99 92 77 49 8 13 21 69 76 41 32 82 64 19 70 75 15 40
Coste: 21706094

GENERACION: 630
Mejor Solucion:  98 31 67 11 60 93 39 29 45 14 97 91 79 94 35 1 16 20 18 42 38 54 65 83 28 23 46 44 90 78 81 87 10 25 74 72 55 51 71 66 73 2 37 63 7 26 88 80 4 62 59 9 43 50 5 12 95 61 89 86 58 85 36 48 6 47 17 34 22 27 68 33 0 57 30 96 53 24 56 52 3 84 99 92 77 49 8 13 21 69 76 41 32 82 64 19 70 75 15 40
Coste: 21706094

GENERACION: 635
Mejor Solucion:  98 31 67 11 60 93 39 29 45 14 97 91 79 94 35 1 16 20 18 42 38 54 65 83 28 23 46 44 90 78 81 87 10 25 74 72 55 51 71 66 73 2 37 63 7 26 88 80 4 62 59 9 43 50 5 12 95 61 89 86 58 85 36 48 6 47 17 34 22 27 68 33 0 57 30 96 53 24 56 52 3 84 99 92 77 49 8 13 21 69 76 41 32 82 64 19 70 75 15 40
Coste: 21706094

GENERACION: 640
Mejor Solucion:  98 31 67 11 60 93 39 29 45 14 97 91 79 94 35 1 16 20 18 42 38 54 65 83 28 23 46 44 90 78 81 87 10 25 74 72 55 51 71 66 73 2 37 63 7 26 88 80 4 62 59 9 43 50 5 12 95 61 89 86 58 85 36 48 6 47 17 34 22 27 68 33 0 57 30 96 53 24 56 52 3 84 99 92 77 49 8 13 21 69 76 41 32 82 64 19 70 75 15 40
Coste: 21706094

GENERACION: 645
Mejor Solucion:  98 31 67 11 60 93 39 29 45 14 97 91 79 94 35 1 16 20 18 42 38 54 65 83 28 23 46 44 90 78 81 87 10 25 74 72 55 51 71 66 73 2 37 63 7 26 88 80 4 62 59 9 43 50 5 12 95 61 89 86 58 85 36 48 6 47 17 34 22 27 68 33 0 57 30 96 53 24 56 52 3 84 99 92 77 49 8 13 21 69 76 41 32 82 64 19 70 75 15 40
Coste: 21706094

GENERACION: 650
Mejor Solucion:  98 31 67 11 60 93 39 29 45 14 97 91 79 94 35 1 16 20 18 42 38 54 65 83 28 23 46 44 90 78 81 87 10 25 74 72 55 51 71 66 73 2 37 63 7 26 88 80 4 62 59 9 43 50 5 12 95 61 89 86 58 85 36 48 6 47 17 34 22 27 68 33 0 57 30 96 53 24 56 52 3 84 99 92 77 49 8 13 21 69 76 41 32 82 64 19 70 75 15 40
Coste: 21706094

GENERACION: 655
Mejor Solucion:  98 31 67 11 60 93 39 29 45 14 97 91 79 94 35 1 16 20 18 42 38 54 65 83 28 23 46 44 90 78 81 87 10 25 74 72 55 51 71 66 73 2 37 63 7 26 88 80 4 62 59 9 43 50 5 12 95 61 89 86 58 85 36 48 6 47 17 34 22 27 68 33 0 57 30 96 53 24 56 52 3 84 99 92 77 49 8 13 21 69 76 41 32 82 64 19 70 75 15 40
Coste: 21706094

GENERACION: 660
Mejor Solucion:  98 31 67 11 60 93 39 29 45 14 97 91 79 94 35 1 16 20 18 42 38 54 65 83 28 23 46 44 90 78 81 87 10 25 74 72 55 51 71 66 73 2 37 63 7 26 88 80 4 62 59 9 43 50 5 12 95 61 89 86 58 85 36 48 6 47 17 34 22 27 68 33 0 57 30 96 53 24 56 52 3 84 99 92 77 49 8 13 21 69 76 41 32 82 64 19 70 75 15 40
Coste: 21706094

GENERACION: 665
Mejor Solucion:  98 31 67 11 60 93 39 29 45 14 97 91 79 94 35 1 16 20 18 42 38 54 65 83 28 23 46 44 90 78 81 87 10 25 74 72 55 51 71 66 73 2 37 63 7 26 88 80 4 62 59 9 43 50 5 12 95 61 89 86 58 85 36 48 6 47 17 34 22 27 68 33 0 57 30 96 53 24 56 52 3 84 99 92 77 49 8 13 21 69 76 41 32 82 64 19 70 75 15 40
Coste: 21706094

GENERACION: 670
Mejor Solucion:  98 31 67 11 60 93 39 29 45 14 97 91 79 94 35 1 16 20 18 42 38 54 65 83 28 23 46 44 90 78 81 87 10 25 74 72 55 51 71 66 73 2 37 63 7 26 88 80 4 62 59 9 43 50 5 12 95 61 89 86 58 85 36 48 6 47 17 34 22 27 68 33 0 57 30 96 53 24 56 52 3 84 99 92 77 49 8 13 21 69 76 41 32 82 64 19 70 75 15 40
Coste: 21706094

GENERACION: 675
Mejor Solucion:  98 31 67 11 60 93 39 29 45 14 97 91 79 94 35 1 16 20 18 42 38 54 65 83 28 23 46 44 90 78 81 87 10 25 74 72 55 51 71 66 73 2 37 63 7 26 88 80 4 62 59 9 43 50 5 12 95 61 89 86 58 85 36 48 6 47 17 34 22 27 68 33 0 57 30 96 53 24 56 52 3 84 99 92 77 49 8 13 21 69 76 41 32 82 64 19 70 75 15 40
Coste: 21706094

GENERACION: 680
Mejor Solucion:  98 31 67 11 60 93 39 29 45 14 97 91 79 94 35 1 16 20 18 42 38 54 65 83 28 23 46 44 90 78 81 87 10 25 74 72 55 51 71 66 73 2 37 63 7 26 88 80 4 62 59 9 43 50 5 12 95 61 89 86 58 85 36 48 6 47 17 34 22 27 68 33 0 57 30 96 53 24 56 52 3 84 99 92 77 49 8 13 21 69 76 41 32 82 64 19 70 75 15 40
Coste: 21706094

GENERACION: 685
Mejor Solucion:  98 31 67 11 60 93 39 29 45 14 97 91 79 94 35 1 16 20 18 42 38 54 65 83 28 23 46 44 90 78 81 87 10 25 74 72 55 51 71 66 73 2 37 63 7 26 88 80 4 62 59 9 43 50 5 12 95 61 89 86 58 85 36 48 6 47 17 34 22 27 68 33 0 57 30 96 53 24 56 52 3 84 99 92 77 49 8 13 21 69 76 41 32 82 64 19 70 75 15 40
Coste: 21706094

GENERACION: 690
Mejor Solucion:  98 31 67 11 60 93 39 29 45 14 97 91 79 94 35 1 16 20 18 42 38 54 65 83 28 23 46 44 90 78 81 87 10 25 74 72 55 51 71 66 73 2 37 63 7 26 88 80 4 62 59 9 43 50 5 12 95 61 89 86 58 85 36 48 6 47 17 34 22 27 68 33 0 57 30 96 53 24 56 52 3 84 99 92 77 49 8 13 21 69 76 41 32 82 64 19 70 75 15 40
Coste: 21706094

GENERACION: 695
Mejor Solucion:  98 31 67 11 60 93 39 29 45 14 97 91 79 94 35 1 16 20 18 42 38 54 65 83 28 23 46 44 90 78 81 87 10 25 74 72 55 51 71 66 73 2 37 63 7 26 88 80 4 62 59 9 43 50 5 12 95 61 89 86 58 85 36 48 6 47 17 34 22 27 68 33 0 57 30 96 53 24 56 52 3 84 99 92 77 49 8 13 21 69 76 41 32 82 64 19 70 75 15 40
Coste: 21706094

GENERACION: 700
Mejor Solucion:  98 31 67 11 60 93 39 29 45 14 97 91 79 94 35 1 16 20 18 42 38 54 65 83 28 23 46 44 90 78 81 87 10 25 74 72 55 51 71 66 73 2 37 63 7 26 88 80 4 62 59 9 43 50 5 12 95 61 89 86 58 85 36 48 6 47 17 34 22 27 68 33 0 57 30 96 53 24 56 52 3 84 99 92 77 49 8 13 21 69 76 41 32 82 64 19 70 75 15 40
Coste: 21706094

GENERACION: 705
Mejor Solucion:  98 31 67 11 60 93 39 29 45 14 97 91 79 94 35 1 16 20 18 42 38 54 65 83 28 23 46 44 90 78 81 87 10 25 74 72 55 51 71 66 73 2 37 63 7 26 88 80 4 62 59 9 43 50 5 12 95 61 89 86 58 85 36 48 6 47 17 34 22 27 68 33 0 57 30 96 53 24 56 52 3 84 99 92 77 49 8 13 21 69 76 41 32 82 64 19 70 75 15 40
Coste: 21706094

GENERACION: 710
Mejor Solucion:  98 31 67 11 60 93 39 29 45 14 97 91 79 94 35 1 16 20 18 42 38 54 65 83 28 23 46 44 90 78 81 87 10 25 74 72 55 51 71 66 73 2 37 63 7 26 88 80 4 62 59 9 43 50 5 12 95 61 89 86 58 85 36 48 6 47 17 34 22 27 68 33 0 57 30 96 53 24 56 52 3 84 99 92 77 49 8 13 21 69 76 41 32 82 64 19 70 75 15 40
Coste: 21706094

GENERACION: 715
Mejor Solucion:  98 31 67 11 60 93 39 29 45 14 97 91 79 94 35 1 16 20 18 42 38 54 65 83 28 23 46 44 90 78 81 87 10 25 74 72 55 51 71 66 73 2 37 63 7 26 88 80 4 62 59 9 43 50 5 12 95 61 89 86 58 85 36 48 6 47 17 34 22 27 68 33 0 57 30 96 53 24 56 52 3 84 99 92 77 49 8 13 21 69 76 41 32 82 64 19 70 75 15 40
Coste: 21706094

GENERACION: 720
Mejor Solucion:  98 31 67 11 60 93 39 29 45 14 97 91 79 94 35 1 16 20 18 42 38 54 65 83 28 23 46 44 90 78 81 87 10 25 74 72 55 51 71 66 73 2 37 63 7 26 88 80 4 62 59 9 43 50 5 12 95 61 89 86 58 85 36 48 6 47 17 34 22 27 68 33 0 57 30 96 53 24 56 52 3 84 99 92 77 49 8 13 21 69 76 41 32 82 64 19 70 75 15 40
Coste: 21706094

GENERACION: 725
Mejor Solucion:  98 31 67 11 60 93 39 29 45 14 97 91 79 94 35 1 16 20 18 42 38 54 65 83 28 23 46 44 90 78 81 87 10 25 74 72 55 51 71 66 73 2 37 63 7 26 88 80 4 62 59 9 43 50 5 12 95 61 89 86 58 85 36 48 6 47 17 34 22 27 68 33 0 57 30 96 53 24 56 52 3 84 99 92 77 49 8 13 21 69 76 41 32 82 64 19 70 75 15 40
Coste: 21706094

GENERACION: 730
Mejor Solucion:  98 31 67 11 60 93 39 29 45 14 97 91 79 94 35 1 16 20 18 42 38 54 65 83 28 23 46 44 90 78 81 87 10 25 74 72 55 51 71 66 73 2 37 63 7 26 88 80 4 62 59 9 43 50 5 12 95 61 89 86 58 85 36 48 6 47 17 34 22 27 68 33 0 57 30 96 53 24 56 52 3 84 99 92 77 49 8 13 21 69 76 41 32 82 64 19 70 75 15 40
Coste: 21706094

GENERACION: 735
Mejor Solucion:  98 31 67 11 60 93 39 29 45 14 97 91 79 94 35 1 16 20 18 42 38 54 65 83 28 23 46 44 90 78 81 87 10 25 74 72 55 51 71 66 73 2 37 63 7 26 88 80 4 62 59 9 43 50 5 12 95 61 89 86 58 85 36 48 6 47 17 34 22 27 68 33 0 57 30 96 53 24 56 52 3 84 99 92 77 49 8 13 21 69 76 41 32 82 64 19 70 75 15 40
Coste: 21706094

GENERACION: 740
Mejor Solucion:  98 31 67 11 60 93 39 29 45 14 97 91 79 94 35 1 16 20 18 42 38 54 65 83 28 23 46 44 90 78 81 87 10 25 74 72 55 51 71 66 73 2 37 63 7 26 88 80 4 62 59 9 43 50 5 12 95 61 89 86 58 85 36 48 6 47 17 34 22 27 68 33 0 57 30 96 53 24 56 52 3 84 99 92 77 49 8 13 21 69 76 41 32 82 64 19 70 75 15 40
Coste: 21706094

GENERACION: 745
Mejor Solucion:  98 31 67 11 60 93 39 29 45 14 97 91 79 94 35 1 16 20 18 42 38 54 65 83 28 23 46 44 90 78 81 87 10 25 74 72 55 51 71 66 73 2 37 63 7 26 88 80 4 62 59 9 43 50 5 12 95 61 89 86 58 85 36 48 6 47 17 34 22 27 68 33 0 57 30 96 53 24 56 52 3 84 99 92 77 49 8 13 21 69 76 41 32 82 64 19 70 75 15 40
Coste: 21706094

GENERACION: 750
Mejor Solucion:  98 31 67 11 60 93 39 29 45 14 97 91 79 94 35 1 16 20 18 42 38 54 65 83 28 23 46 44 90 78 81 87 10 25 74 72 55 51 71 66 73 2 37 63 7 26 88 80 4 62 59 9 43 50 5 12 95 61 89 86 58 85 36 48 6 47 17 34 22 27 68 33 0 57 30 96 53 24 56 52 3 84 99 92 77 49 8 13 21 69 76 41 32 82 64 19 70 75 15 40
Coste: 21706094

GENERACION: 755
Mejor Solucion:  98 31 67 11 60 93 39 29 45 14 97 91 79 94 35 1 16 20 18 42 38 54 65 83 28 23 46 44 90 78 81 87 10 25 74 72 55 51 71 66 73 2 37 63 7 26 88 80 4 62 59 9 43 50 5 12 95 61 89 86 58 85 36 48 6 47 17 34 22 27 68 33 0 57 30 96 53 24 56 52 3 84 99 92 77 49 8 13 21 69 76 41 32 82 64 19 70 75 15 40
Coste: 21706094

GENERACION: 760
Mejor Solucion:  98 31 67 11 60 93 39 29 45 14 97 91 79 94 35 1 16 20 18 42 38 54 65 83 28 23 46 44 90 78 81 87 10 25 74 72 55 51 71 66 73 2 37 63 7 26 88 80 4 62 59 9 43 50 5 12 95 61 89 86 58 85 36 48 6 47 17 34 22 27 68 33 0 57 30 96 53 24 56 52 3 84 99 92 77 49 8 13 21 69 76 41 32 82 64 19 70 75 15 40
Coste: 21706094

GENERACION: 765
Mejor Solucion:  98 31 67 11 60 93 39 29 45 14 97 91 79 94 35 1 16 20 18 42 38 54 65 83 28 23 46 44 90 78 81 87 10 25 74 72 55 51 71 66 73 2 37 63 7 26 88 80 4 62 59 9 43 50 5 12 95 61 89 86 58 85 36 48 6 47 17 34 22 27 68 33 0 57 30 96 53 24 56 52 3 84 99 92 77 49 8 13 21 69 76 41 32 82 64 19 70 75 15 40
Coste: 21706094

GENERACION: 770
Mejor Solucion:  98 31 67 11 60 93 39 29 45 14 97 91 79 94 35 1 16 20 18 42 38 54 65 83 28 23 46 44 90 78 81 87 10 25 74 72 55 51 71 66 73 2 37 63 7 26 88 80 4 62 59 9 43 50 5 12 95 61 89 86 58 85 36 48 6 47 17 34 22 27 68 33 0 57 30 96 53 24 56 52 3 84 99 92 77 49 8 13 21 69 76 41 32 82 64 19 70 75 15 40
Coste: 21706094

GENERACION: 775
Mejor Solucion:  98 31 67 11 60 93 39 29 45 14 97 91 79 94 35 1 16 20 18 42 38 54 65 83 28 23 46 44 90 78 81 87 10 25 74 72 55 51 71 66 73 2 37 63 7 26 88 80 4 62 59 9 43 50 5 12 95 61 89 86 58 85 36 48 6 47 17 34 22 27 68 33 0 57 30 96 53 24 56 52 3 84 99 92 77 49 8 13 21 69 76 41 32 82 64 19 70 75 15 40
Coste: 21706094

GENERACION: 780
Mejor Solucion:  98 31 67 11 60 93 39 29 45 14 97 91 79 94 35 1 16 20 18 42 38 54 65 83 28 23 46 44 90 78 81 87 10 25 74 72 55 51 71 66 73 2 37 63 7 26 88 80 4 62 59 9 43 50 5 12 95 61 89 86 58 85 36 48 6 47 17 34 22 27 68 33 0 57 30 96 53 24 56 52 3 84 99 92 77 49 8 13 21 69 76 41 32 82 64 19 70 75 15 40
Coste: 21706094

GENERACION: 785
Mejor Solucion:  98 31 67 11 60 93 39 29 45 14 97 91 79 94 35 1 16 20 18 42 38 54 65 83 28 23 46 44 90 78 81 87 10 25 74 72 55 51 71 66 73 2 37 63 7 26 88 80 4 62 59 9 43 50 5 12 95 61 89 86 58 85 36 48 6 47 17 34 22 27 68 33 0 57 30 96 53 24 56 52 3 84 99 92 77 49 8 13 21 69 76 41 32 82 64 19 70 75 15 40
Coste: 21706094

GENERACION: 790
Mejor Solucion:  98 31 67 11 60 93 39 29 45 14 97 91 79 94 35 1 16 20 18 42 38 54 65 83 28 23 46 44 90 78 81 87 10 25 74 72 55 51 71 66 73 2 37 63 7 26 88 80 4 62 59 9 43 50 5 12 95 61 89 86 58 85 36 48 6 47 17 34 22 27 68 33 0 57 30 96 53 24 56 52 3 84 99 92 77 49 8 13 21 69 76 41 32 82 64 19 70 75 15 40
Coste: 21706094

GENERACION: 795
Mejor Solucion:  98 31 67 11 60 93 39 29 45 14 97 91 79 94 35 1 16 20 18 42 38 54 65 83 28 23 46 44 90 78 81 87 10 25 74 72 55 51 71 66 73 2 37 63 7 26 88 80 4 62 59 9 43 50 5 12 95 61 89 86 58 85 36 48 6 47 17 34 22 27 68 33 0 57 30 96 53 24 56 52 3 84 99 92 77 49 8 13 21 69 76 41 32 82 64 19 70 75 15 40
Coste: 21706094

GENERACION: 800
Mejor Solucion:  98 31 67 11 60 93 39 29 45 14 97 91 79 94 35 1 16 20 18 42 38 54 65 83 28 23 46 44 90 78 81 87 10 25 74 72 55 51 71 66 73 2 37 63 7 26 88 80 4 62 59 9 43 50 5 12 95 61 89 86 58 85 36 48 6 47 17 34 22 27 68 33 0 57 30 96 53 24 56 52 3 84 99 92 77 49 8 13 21 69 76 41 32 82 64 19 70 75 15 40
Coste: 21706094

GENERACION: 805
Mejor Solucion:  98 31 67 11 60 93 39 29 45 14 97 91 79 94 35 1 16 20 18 42 38 54 65 83 28 23 46 44 90 78 81 87 10 25 74 72 55 51 71 66 73 2 37 63 7 26 88 80 4 62 59 9 43 50 5 12 95 61 89 86 58 85 36 48 6 47 17 34 22 27 68 33 0 57 30 96 53 24 56 52 3 84 99 92 77 49 8 13 21 69 76 41 32 82 64 19 70 75 15 40
Coste: 21706094

GENERACION: 810
Mejor Solucion:  98 31 67 11 60 93 39 29 45 14 97 91 79 94 35 1 16 20 18 42 38 54 65 83 28 23 46 44 90 78 81 87 10 25 74 72 55 51 71 66 73 2 37 63 7 26 88 80 4 62 59 9 43 50 5 12 95 61 89 86 58 85 36 48 6 47 17 34 22 27 68 33 0 57 30 96 53 24 56 52 3 84 99 92 77 49 8 13 21 69 76 41 32 82 64 19 70 75 15 40
Coste: 21706094

GENERACION: 815
Mejor Solucion:  98 31 67 11 60 93 39 29 45 14 97 91 79 94 35 1 16 20 18 42 38 54 65 83 28 23 46 44 90 78 81 87 10 25 74 72 55 51 71 66 73 2 37 63 7 26 88 80 4 62 59 9 43 50 5 12 95 61 89 86 58 85 36 48 6 47 17 34 22 27 68 33 0 57 30 96 53 24 56 52 3 84 99 92 77 49 8 13 21 69 76 41 32 82 64 19 70 75 15 40
Coste: 21706094

GENERACION: 820
Mejor Solucion:  98 31 67 11 60 93 39 29 45 14 97 91 79 94 35 1 16 20 18 42 38 54 65 83 28 23 46 44 90 78 81 87 10 25 74 72 55 51 71 66 73 2 37 63 7 26 88 80 4 62 59 9 43 50 5 12 95 61 89 86 58 85 36 48 6 47 17 34 22 27 68 33 0 57 30 96 53 24 56 52 3 84 99 92 77 49 8 13 21 69 76 41 32 82 64 19 70 75 15 40
Coste: 21706094

GENERACION: 825
Mejor Solucion:  98 31 67 11 60 93 39 29 45 14 97 91 79 94 35 1 16 20 18 42 38 54 65 83 28 23 46 44 90 78 81 87 10 25 74 72 55 51 71 66 73 2 37 63 7 26 88 80 4 62 59 9 43 50 5 12 95 61 89 86 58 85 36 48 6 47 17 34 22 27 68 33 0 57 30 96 53 24 56 52 3 84 99 92 77 49 8 13 21 69 76 41 32 82 64 19 70 75 15 40
Coste: 21706094

GENERACION: 830
Mejor Solucion:  98 31 67 11 60 93 39 29 45 14 97 91 79 94 35 1 16 20 18 42 38 54 65 83 28 23 46 44 90 78 81 87 10 25 74 72 55 51 71 66 73 2 37 63 7 26 88 80 4 62 59 9 43 50 5 12 95 61 89 86 58 85 36 48 6 47 17 34 22 27 68 33 0 57 30 96 53 24 56 52 3 84 99 92 77 49 8 13 21 69 76 41 32 82 64 19 70 75 15 40
Coste: 21706094

GENERACION: 835
Mejor Solucion:  98 31 67 11 60 93 39 29 45 14 97 91 79 94 35 1 16 20 18 42 38 54 65 83 28 23 46 44 90 78 81 87 10 25 74 72 55 51 71 66 73 2 37 63 7 26 88 80 4 62 59 9 43 50 5 12 95 61 89 86 58 85 36 48 6 47 17 34 22 27 68 33 0 57 30 96 53 24 56 52 3 84 99 92 77 49 8 13 21 69 76 41 32 82 64 19 70 75 15 40
Coste: 21706094

GENERACION: 840
Mejor Solucion:  98 31 67 11 60 93 39 29 45 14 97 91 79 94 35 1 16 20 18 42 38 54 65 83 28 23 46 44 90 78 81 87 10 25 74 72 55 51 71 66 73 2 37 63 7 26 88 80 4 62 59 9 43 50 5 12 95 61 89 86 58 85 36 48 6 47 17 34 22 27 68 33 0 57 30 96 53 24 56 52 3 84 99 92 77 49 8 13 21 69 76 41 32 82 64 19 70 75 15 40
Coste: 21706094

GENERACION: 845
Mejor Solucion:  98 31 67 11 60 93 39 29 45 14 97 91 79 94 35 1 16 20 18 42 38 54 65 83 28 23 46 44 90 78 81 87 10 25 74 72 55 51 71 66 73 2 37 63 7 26 88 80 4 62 59 9 43 50 5 12 95 61 89 86 58 85 36 48 6 47 17 34 22 27 68 33 0 57 30 96 53 24 56 52 3 84 99 92 77 49 8 13 21 69 76 41 32 82 64 19 70 75 15 40
Coste: 21706094

GENERACION: 850
Mejor Solucion:  98 31 67 11 60 93 39 29 45 14 97 91 79 94 35 1 16 20 18 42 38 54 65 83 28 23 46 44 90 78 81 87 10 25 74 72 55 51 71 66 73 2 37 63 7 26 88 80 4 62 59 9 43 50 5 12 95 61 89 86 58 85 36 48 6 47 17 34 22 27 68 33 0 57 30 96 53 24 56 52 3 84 99 92 77 49 8 13 21 69 76 41 32 82 64 19 70 75 15 40
Coste: 21706094

GENERACION: 855
Mejor Solucion:  98 31 67 11 60 93 39 29 45 14 97 91 79 94 35 1 16 20 18 42 38 54 65 83 28 23 46 44 90 78 81 87 10 25 74 72 55 51 71 66 73 2 37 63 7 26 88 80 4 62 59 9 43 50 5 12 95 61 89 86 58 85 36 48 6 47 17 34 22 27 68 33 0 57 30 96 53 24 56 52 3 84 99 92 77 49 8 13 21 69 76 41 32 82 64 19 70 75 15 40
Coste: 21706094

GENERACION: 860
Mejor Solucion:  98 31 67 11 60 93 39 29 45 14 97 91 79 94 35 1 16 20 18 42 38 54 65 83 28 23 46 44 90 78 81 87 10 25 74 72 55 51 71 66 73 2 37 63 7 26 88 80 4 62 59 9 43 50 5 12 95 61 89 86 58 85 36 48 6 47 17 34 22 27 68 33 0 57 30 96 53 24 56 52 3 84 99 92 77 49 8 13 21 69 76 41 32 82 64 19 70 75 15 40
Coste: 21706094

GENERACION: 865
Mejor Solucion:  98 31 67 11 60 93 39 29 45 14 97 91 79 94 35 1 16 20 18 42 38 54 65 83 28 23 46 44 90 78 81 87 10 25 74 72 55 51 71 66 73 2 37 63 7 26 88 80 4 62 59 9 43 50 5 12 95 61 89 86 58 85 36 48 6 47 17 34 22 27 68 33 0 57 30 96 53 24 56 52 3 84 99 92 77 49 8 13 21 69 76 41 32 82 64 19 70 75 15 40
Coste: 21706094

GENERACION: 870
Mejor Solucion:  98 31 67 11 60 93 39 29 45 14 97 91 79 94 35 1 16 20 18 42 38 54 65 83 28 23 46 44 90 78 81 87 10 25 74 72 55 51 71 66 73 2 37 63 7 26 88 80 4 62 59 9 43 50 5 12 95 61 89 86 58 85 36 48 6 47 17 34 22 27 68 33 0 57 30 96 53 24 56 52 3 84 99 92 77 49 8 13 21 69 76 41 32 82 64 19 70 75 15 40
Coste: 21706094

GENERACION: 875
Mejor Solucion:  98 31 67 11 60 93 39 29 45 14 97 91 79 94 35 1 16 20 18 42 38 54 65 83 28 23 46 44 90 78 81 87 10 25 74 72 55 51 71 66 73 2 37 63 7 26 88 80 4 62 59 9 43 50 5 12 95 61 89 86 58 85 36 48 6 47 17 34 22 27 68 33 0 57 30 96 53 24 56 52 3 84 99 92 77 49 8 13 21 69 76 41 32 82 64 19 70 75 15 40
Coste: 21706094

GENERACION: 880
Mejor Solucion:  98 31 67 11 60 93 39 29 45 14 97 91 79 94 35 1 16 20 18 42 38 54 65 83 28 23 46 44 90 78 81 87 10 25 74 72 55 51 71 66 73 2 37 63 7 26 88 80 4 62 59 9 43 50 5 12 95 61 89 86 58 85 36 48 6 47 17 34 22 27 68 33 0 57 30 96 53 24 56 52 3 84 99 92 77 49 8 13 21 69 76 41 32 82 64 19 70 75 15 40
Coste: 21706094

GENERACION: 885
Mejor Solucion:  98 31 67 11 60 93 39 29 45 14 97 91 79 94 35 1 16 20 18 42 38 54 65 83 28 23 46 44 90 78 81 87 10 25 74 72 55 51 71 66 73 2 37 63 7 26 88 80 4 62 59 9 43 50 5 12 95 61 89 86 58 85 36 48 6 47 17 34 22 27 68 33 0 57 30 96 53 24 56 52 3 84 99 92 77 49 8 13 21 69 76 41 32 82 64 19 70 75 15 40
Coste: 21706094

GENERACION: 890
Mejor Solucion:  98 31 67 11 60 93 39 29 45 14 97 91 79 94 35 1 16 20 18 42 38 54 65 83 28 23 46 44 90 78 81 87 10 25 74 72 55 51 71 66 73 2 37 63 7 26 88 80 4 62 59 9 43 50 5 12 95 61 89 86 58 85 36 48 6 47 17 34 22 27 68 33 0 57 30 96 53 24 56 52 3 84 99 92 77 49 8 13 21 69 76 41 32 82 64 19 70 75 15 40
Coste: 21706094

GENERACION: 895
Mejor Solucion:  98 31 67 11 60 93 39 29 45 14 97 91 79 94 35 1 16 20 18 42 38 54 65 83 28 23 46 44 90 78 81 87 10 25 74 72 55 51 71 66 73 2 37 63 7 26 88 80 4 62 59 9 43 50 5 12 95 61 89 86 58 85 36 48 6 47 17 34 22 27 68 33 0 57 30 96 53 24 56 52 3 84 99 92 77 49 8 13 21 69 76 41 32 82 64 19 70 75 15 40
Coste: 21706094

GENERACION: 900
Mejor Solucion:  78 33 57 24 27 28 19 40 84 64 36 37 56 72 17 59 68 71 62 45 9 8 46 15 63 91 2 18 21 5 93 10 61 35 74 69 47 87 12 70 48 94 58 55 99 11 81 3 98 80 7 54 97 13 26 79 76 89 42 44 34 25 88 6 77 0 14 4 53 32 1 83 52 23 86 49 82 96 22 60 29 41 16 30 90 38 67 65 73 75 85 31 50 92 43 66 51 39 20 95
Coste: 21701515

GENERACION: 905
Mejor Solucion:  78 33 57 24 27 28 19 40 84 64 36 37 56 72 17 59 68 71 62 45 9 8 46 15 63 91 2 18 21 5 93 10 61 35 74 69 47 87 12 70 48 94 58 55 99 11 81 3 98 80 7 54 97 13 26 79 76 89 42 44 34 25 88 6 77 0 14 4 53 32 1 83 52 23 86 49 82 96 22 60 29 41 16 30 90 38 67 65 73 75 85 31 50 92 43 66 51 39 20 95
Coste: 21701515

GENERACION: 910
Mejor Solucion:  78 33 57 24 27 28 19 40 84 64 36 37 56 72 17 59 68 71 62 45 9 8 46 15 63 91 2 18 21 5 93 10 61 35 74 69 47 87 12 70 48 94 58 55 99 11 81 3 98 80 7 54 97 13 26 79 76 89 42 44 34 25 88 6 77 0 14 4 53 32 1 83 52 23 86 49 82 96 22 60 29 41 16 30 90 38 67 65 73 75 85 31 50 92 43 66 51 39 20 95
Coste: 21701515

GENERACION: 915
Mejor Solucion:  78 33 57 24 27 28 19 40 84 64 36 37 56 72 17 59 68 71 62 45 9 8 46 15 63 91 2 18 21 5 93 10 61 35 74 69 47 87 12 70 48 94 58 55 99 11 81 3 98 80 7 54 97 13 26 79 76 89 42 44 34 25 88 6 77 0 14 4 53 32 1 83 52 23 86 49 82 96 22 60 29 41 16 30 90 38 67 65 73 75 85 31 50 92 43 66 51 39 20 95
Coste: 21701515

GENERACION: 920
Mejor Solucion:  78 33 57 24 27 28 19 40 84 64 36 37 56 72 5 59 68 66 62 45 9 8 46 15 63 91 2 18 21 17 93 10 61 35 74 69 47 87 12 70 92 94 58 55 99 11 81 3 98 80 7 54 97 13 26 79 76 89 42 44 34 25 88 6 77 0 20 4 53 32 1 83 52 96 86 49 82 23 22 60 29 41 16 30 90 38 67 65 73 75 85 31 50 48 43 71 51 39 14 95
Coste: 21690515

GENERACION: 925
Mejor Solucion:  78 33 57 24 27 28 19 40 84 64 36 37 56 72 5 59 68 66 62 45 9 8 46 15 63 91 2 18 21 17 93 10 61 35 74 69 47 87 12 70 92 94 58 55 99 11 81 3 98 80 7 54 97 13 26 79 76 89 42 44 34 25 88 6 77 0 20 4 53 32 1 83 52 96 86 49 82 23 22 60 29 41 16 30 90 38 67 65 73 75 85 31 50 48 43 71 51 39 14 95
Coste: 21690515

GENERACION: 930
Mejor Solucion:  78 33 57 24 27 28 19 40 84 64 36 37 56 72 5 59 68 66 62 45 9 8 46 15 63 91 2 18 21 17 93 10 61 35 74 69 47 87 12 70 92 94 58 55 99 11 81 3 98 80 7 54 97 13 26 79 76 89 42 44 34 25 88 6 77 0 20 4 53 32 1 83 52 96 86 49 82 23 22 60 29 41 16 30 90 38 67 65 73 75 85 31 50 48 43 71 51 39 14 95
Coste: 21690515

GENERACION: 935
Mejor Solucion:  78 33 57 24 27 28 19 40 84 64 36 37 56 72 5 59 68 66 62 45 9 8 46 15 63 91 2 18 21 17 93 10 61 35 74 69 47 87 12 70 92 94 58 55 99 11 81 3 98 80 7 54 97 13 26 79 76 89 42 44 34 25 88 6 77 0 20 4 53 32 1 83 52 96 86 49 82 23 22 60 29 41 16 30 90 38 67 65 73 75 85 31 50 48 43 71 51 39 14 95
Coste: 21690515

GENERACION: 940
Mejor Solucion:  78 33 57 24 27 28 19 40 84 64 36 37 56 72 5 59 68 66 62 45 9 8 46 15 63 91 2 18 21 17 93 10 61 35 74 69 47 87 12 70 92 94 58 55 99 11 81 3 98 80 7 54 97 13 26 79 76 89 42 44 34 25 88 6 77 0 20 4 53 32 1 83 52 96 86 49 82 23 22 60 29 41 16 30 90 38 67 65 73 75 85 31 50 48 43 71 51 39 14 95
Coste: 21690515

GENERACION: 945
Mejor Solucion:  78 33 57 24 27 28 19 40 84 64 36 37 56 72 5 59 68 66 62 45 9 8 46 15 63 91 2 18 21 17 93 10 61 35 74 69 47 87 12 70 92 94 58 55 99 11 81 3 98 80 7 54 97 13 26 79 76 89 42 44 34 25 88 6 77 0 20 4 53 32 1 83 52 96 86 49 82 23 22 60 29 41 16 30 90 38 67 65 73 75 85 31 50 48 43 71 51 39 14 95
Coste: 21690515

GENERACION: 950
Mejor Solucion:  78 33 57 24 27 28 19 40 84 64 36 37 56 72 5 59 68 66 62 45 9 8 46 15 63 91 2 18 21 17 93 10 61 35 74 69 47 87 12 70 92 94 58 55 99 11 81 3 98 80 7 54 97 13 26 79 76 89 42 44 34 25 88 6 77 0 20 4 53 32 1 83 52 96 86 49 82 23 22 60 29 41 16 30 90 38 67 65 73 75 85 31 50 48 43 71 51 39 14 95
Coste: 21690515

GENERACION: 955
Mejor Solucion:  78 33 57 24 27 28 19 40 84 64 36 37 56 72 5 59 68 66 62 45 9 8 46 15 63 91 2 18 21 17 93 10 61 35 74 69 47 87 12 70 92 94 58 55 99 11 81 3 98 80 7 54 97 13 26 79 76 89 42 44 34 25 88 6 77 0 20 4 53 32 1 83 52 96 86 49 82 23 22 60 29 41 16 30 90 38 67 65 73 75 85 31 50 48 43 71 51 39 14 95
Coste: 21690515

GENERACION: 960
Mejor Solucion:  78 33 57 24 27 28 19 40 84 64 36 37 56 72 5 59 68 66 62 45 9 8 46 15 63 91 2 18 21 17 93 10 61 35 74 69 47 87 12 70 92 94 58 55 99 11 81 3 98 80 7 54 97 13 26 79 76 89 42 44 34 25 88 6 77 0 20 4 53 32 1 83 52 96 86 49 82 23 22 60 29 41 16 30 90 38 67 65 73 75 85 31 50 48 43 71 51 39 14 95
Coste: 21690515

GENERACION: 965
Mejor Solucion:  78 33 57 24 27 28 19 40 84 64 36 37 56 72 5 59 68 66 62 45 9 8 46 15 63 91 2 18 21 17 93 10 61 35 74 69 47 87 12 70 92 94 58 55 99 11 81 3 98 80 7 54 97 13 26 79 76 89 42 44 34 25 88 6 77 0 20 4 53 32 1 83 52 96 86 49 82 23 22 60 29 41 16 30 90 38 67 65 73 75 85 31 50 48 43 71 51 39 14 95
Coste: 21690515

GENERACION: 970
Mejor Solucion:  78 33 57 24 27 28 19 40 84 64 36 37 56 72 5 59 68 66 62 45 9 8 46 15 63 91 2 18 21 17 93 10 61 35 74 69 47 87 12 70 92 94 58 55 99 11 81 3 98 80 7 54 97 13 26 79 76 89 42 44 34 25 88 6 77 0 20 4 53 32 1 83 52 96 86 49 82 23 22 60 29 41 16 30 90 38 67 65 73 75 85 31 50 48 43 71 51 39 14 95
Coste: 21690515

GENERACION: 975
Mejor Solucion:  78 33 57 24 27 28 19 40 84 64 36 37 56 72 5 59 68 66 62 45 9 8 46 15 63 91 2 18 21 17 93 10 61 35 74 69 47 87 12 70 92 94 58 55 99 11 81 3 98 80 7 54 97 13 26 79 76 89 42 44 34 25 88 6 77 0 20 4 53 32 1 83 52 96 86 49 82 23 22 60 29 41 16 30 90 38 67 65 73 75 85 31 50 48 43 71 51 39 14 95
Coste: 21690515

GENERACION: 980
Mejor Solucion:  78 33 57 24 27 28 19 40 84 64 36 37 56 72 5 59 68 66 62 45 9 8 46 15 63 91 2 18 21 17 93 10 61 35 74 69 47 87 12 70 92 94 58 55 99 11 81 3 98 80 7 54 97 13 26 79 76 89 42 44 34 25 88 6 77 0 20 4 53 32 1 83 52 96 86 49 82 23 22 60 29 41 16 30 90 38 67 65 73 75 85 31 50 48 43 71 51 39 14 95
Coste: 21690515

GENERACION: 985
Mejor Solucion:  78 33 57 24 27 28 19 40 84 64 36 37 56 72 5 59 68 66 62 45 9 8 46 15 63 91 2 18 21 17 93 10 61 35 74 69 47 87 12 70 92 94 58 55 99 11 81 3 98 80 7 54 97 13 26 79 76 89 42 44 34 25 88 6 77 0 20 4 53 32 1 83 52 96 86 49 82 23 22 60 29 41 16 30 90 38 67 65 73 75 85 31 50 48 43 71 51 39 14 95
Coste: 21690515

GENERACION: 990
Mejor Solucion:  78 33 57 24 27 28 19 40 84 64 36 37 56 72 5 59 68 66 62 45 9 8 46 15 63 91 2 18 21 17 93 10 61 35 74 69 47 87 12 70 92 94 58 55 99 11 81 3 98 80 7 54 97 13 26 79 76 89 42 44 34 25 88 6 77 0 20 4 53 32 1 83 52 96 86 49 82 23 22 60 29 41 16 30 90 38 67 65 73 75 85 31 50 48 43 71 51 39 14 95
Coste: 21690515

GENERACION: 995
Mejor Solucion:  78 33 57 24 27 28 19 40 84 64 36 37 56 72 5 59 68 66 62 45 9 8 46 15 63 91 2 18 21 17 93 10 61 35 74 69 47 87 12 70 92 94 58 55 99 11 81 3 98 80 7 54 97 13 26 79 76 89 42 44 34 25 88 6 77 0 20 4 53 32 1 83 52 96 86 49 82 23 22 60 29 41 16 30 90 38 67 65 73 75 85 31 50 48 43 71 51 39 14 95
Coste: 21690515

GENERACION: 1000
Mejor Solucion:  78 33 57 24 27 28 19 40 84 64 36 37 56 72 5 59 68 66 62 45 9 8 46 15 63 91 2 18 21 17 93 10 61 35 74 69 47 87 12 70 92 94 58 55 99 11 81 3 98 80 7 54 97 13 26 79 76 89 42 44 34 25 88 6 77 0 20 4 53 32 1 83 52 96 86 49 82 23 22 60 29 41 16 30 90 38 67 65 73 75 85 31 50 48 43 71 51 39 14 95
Coste: 21690515

