GENERACION: 5
Mejor Solucion:  1 57 71 89 40 95 20 18 85 83 52 38 87 5 3 81 13 42 45 47 8 14 82 60 46 65 73 23 36 35 61 11 54 77 6 68 56 19 43 39 0 63 51 29 80 4 64 86 69 90 26 7 21 9 28 31 66 2 92 12 59 30 98 15 48 91 49 53 94 79 27 32 24 44 50 25 33 96 58 67 16 74 70 75 37 62 10 55 17 72 93 99 97 84 88 76 34 22 78 41
Coste: 23823146

GENERACION: 10
Mejor Solucion:  1 3 28 71 74 78 89 57 79 81 66 38 34 97 5 13 33 68 92 67 52 14 76 20 61 32 25 63 50 12 30 22 24 53 69 43 55 37 73 39 18 9 47 29 45 4 65 95 80 59 41 7 82 42 60 48 85 77 23 88 26 17 75 46 31 87 64 56 15 6 35 94 86 58 0 40 8 96 98 70 72 27 44 62 51 54 83 90 91 84 36 19 11 93 49 16 21 99 10 2
Coste: 22841792

GENERACION: 15
Mejor Solucion:  1 3 28 9 74 78 80 57 79 81 66 38 34 23 5 13 33 68 92 67 52 14 76 25 61 32 20 63 50 94 30 22 24 53 69 43 55 37 73 39 18 71 47 29 45 4 82 95 77 26 41 7 65 42 97 48 85 17 60 88 59 89 75 46 31 87 64 56 15 6 35 12 86 58 0 40 8 96 83 70 72 27 44 62 51 54 98 90 91 84 36 19 11 93 49 16 21 99 10 2
Coste: 22278210

GENERACION: 20
Mejor Solucion:  41 48 78 71 95 91 73 2 89 81 69 36 34 15 66 92 84 93 79 67 38 49 5 57 61 62 25 63 35 12 55 51 80 53 52 43 64 37 10 9 1 54 86 75 47 4 65 74 18 29 27 7 26 22 60 76 85 77 23 94 82 14 3 32 31 87 13 97 28 0 8 42 33 58 50 40 59 98 16 70 21 45 44 30 88 6 83 90 19 20 46 56 11 68 24 39 17 99 72 96
Coste: 22263472

GENERACION: 25
Mejor Solucion:  41 48 78 71 66 10 73 2 89 26 69 36 34 15 95 92 84 93 79 67 7 49 5 57 61 62 25 63 35 59 55 51 17 53 43 52 64 37 91 9 1 54 86 75 47 4 65 74 18 29 27 38 81 22 60 76 85 77 23 94 82 14 28 32 31 87 13 97 0 3 8 42 33 58 50 40 12 98 16 70 21 45 44 30 88 6 83 90 19 20 46 56 11 68 24 39 80 99 72 96
Coste: 22212199

GENERACION: 30
Mejor Solucion:  90 46 84 45 41 29 57 32 52 81 61 38 79 26 5 68 78 87 99 67 80 43 76 10 19 65 8 9 11 95 92 55 86 74 13 54 15 37 50 63 20 0 18 23 66 53 14 72 62 91 21 7 12 42 60 44 64 34 24 88 58 36 27 51 94 4 3 16 96 28 73 75 33 2 98 22 85 39 35 83 77 71 17 30 6 56 69 25 59 1 40 47 82 97 49 70 48 89 31 93
Coste: 22054290

GENERACION: 35
Mejor Solucion:  90 46 84 45 41 29 57 32 52 81 61 38 79 26 5 68 78 87 99 67 80 43 76 10 19 65 8 9 11 95 92 55 86 74 13 54 15 37 50 63 20 0 18 23 66 53 14 72 62 91 21 7 12 42 60 44 64 34 24 88 58 36 27 51 94 4 3 16 96 28 73 75 33 2 98 22 85 39 35 83 77 71 17 30 6 56 69 25 59 1 40 47 82 97 49 70 48 89 31 93
Coste: 22054290

GENERACION: 40
Mejor Solucion:  68 96 25 64 10 32 34 84 11 77 4 59 58 15 9 92 14 33 89 67 44 16 18 29 52 12 7 60 56 39 55 90 81 3 98 70 49 83 31 91 94 21 37 75 54 95 65 63 69 38 85 66 2 45 73 26 47 79 27 50 48 57 30 35 74 87 13 97 76 19 17 46 41 61 82 8 1 22 42 78 0 86 28 53 93 6 36 40 51 80 88 20 62 5 24 43 71 99 72 23
Coste: 21724334

GENERACION: 45
Mejor Solucion:  68 96 25 64 10 32 34 84 11 77 4 59 58 15 9 92 14 33 89 67 44 16 18 29 52 12 7 60 56 39 55 90 81 3 98 70 49 83 31 91 94 21 37 75 54 95 65 63 69 38 85 66 2 45 73 26 47 79 27 50 48 57 30 35 74 87 13 97 76 19 17 46 41 61 82 8 1 22 42 78 0 86 28 53 93 6 36 40 51 80 88 20 62 5 24 43 71 99 72 23
Coste: 21724334

GENERACION: 50
Mejor Solucion:  68 96 25 64 10 32 34 84 11 77 4 59 58 15 9 92 14 33 89 67 44 16 18 29 52 12 7 60 56 39 55 90 81 3 98 70 49 83 31 91 94 21 37 75 54 95 65 63 69 38 85 66 2 45 73 26 47 79 27 50 48 57 30 35 74 87 13 97 76 19 17 46 41 61 82 8 1 22 42 78 0 86 28 53 93 6 36 40 51 80 88 20 62 5 24 43 71 99 72 23
Coste: 21724334

GENERACION: 55
Mejor Solucion:  68 96 25 64 10 32 34 84 11 77 4 59 58 15 9 92 14 33 89 67 44 16 18 29 52 12 7 60 56 39 55 90 81 3 98 70 49 83 31 91 94 21 37 75 54 95 65 63 69 38 85 66 2 45 73 26 47 79 27 50 48 57 30 35 74 87 13 97 76 19 17 46 41 61 82 8 1 22 42 78 0 86 28 53 93 6 36 40 51 80 88 20 62 5 24 43 71 99 72 23
Coste: 21724334

GENERACION: 60
Mejor Solucion:  68 96 25 64 10 32 34 84 11 77 4 59 58 15 9 92 14 33 89 67 44 16 18 29 52 12 7 60 56 39 55 90 81 3 98 70 49 83 31 91 94 21 37 75 54 95 65 63 69 38 85 66 2 45 73 26 47 79 27 50 48 57 30 35 74 87 13 97 76 19 17 46 41 61 82 8 1 22 42 78 0 86 28 53 93 6 36 40 51 80 88 20 62 5 24 43 71 99 72 23
Coste: 21724334

GENERACION: 65
Mejor Solucion:  68 96 25 64 10 32 34 84 11 77 4 59 58 15 9 92 14 33 89 67 44 16 18 29 52 12 7 60 56 39 55 90 81 3 98 70 49 83 31 91 94 21 37 75 54 95 65 63 69 38 85 66 2 45 73 26 47 79 27 50 48 57 30 35 74 87 13 97 76 19 17 46 41 61 82 8 1 22 42 78 0 86 28 53 93 6 36 40 51 80 88 20 62 5 24 43 71 99 72 23
Coste: 21724334

GENERACION: 70
Mejor Solucion:  68 96 25 64 10 32 34 84 11 77 4 59 58 15 9 92 14 33 89 67 44 16 18 29 52 12 7 60 56 39 55 90 81 3 98 70 49 83 31 91 94 21 37 75 54 95 65 63 69 38 85 66 2 45 73 26 47 79 27 50 48 57 30 35 74 87 13 97 76 19 17 46 41 61 82 8 1 22 42 78 0 86 28 53 93 6 36 40 51 80 88 20 62 5 24 43 71 99 72 23
Coste: 21724334

GENERACION: 75
Mejor Solucion:  68 96 25 64 10 32 34 84 11 77 4 59 58 15 9 92 14 33 89 67 44 16 18 29 52 12 7 60 56 39 55 90 81 3 98 70 49 83 31 91 94 21 37 75 54 95 65 63 69 38 85 66 2 45 73 26 47 79 27 50 48 57 30 35 74 87 13 97 76 19 17 46 41 61 82 8 1 22 42 78 0 86 28 53 93 6 36 40 51 80 88 20 62 5 24 43 71 99 72 23
Coste: 21724334

GENERACION: 80
Mejor Solucion:  68 96 25 64 10 32 34 84 11 77 4 59 58 15 9 92 14 33 89 67 44 16 18 29 52 12 7 60 56 39 55 90 81 3 98 70 49 83 31 91 94 21 37 75 54 95 65 63 69 38 85 66 2 45 73 26 47 79 27 50 48 57 30 35 74 87 13 97 76 19 17 46 41 61 82 8 1 22 42 78 0 86 28 53 93 6 36 40 51 80 88 20 62 5 24 43 71 99 72 23
Coste: 21724334

GENERACION: 85
Mejor Solucion:  68 96 25 64 10 32 34 84 11 77 4 59 58 15 9 92 14 33 89 67 44 16 18 29 52 12 7 60 56 39 55 90 81 3 98 70 49 83 31 91 94 21 37 75 54 95 65 63 69 38 85 66 2 45 73 26 47 79 27 50 48 57 30 35 74 87 13 97 76 19 17 46 41 61 82 8 1 22 42 78 0 86 28 53 93 6 36 40 51 80 88 20 62 5 24 43 71 99 72 23
Coste: 21724334

GENERACION: 90
Mejor Solucion:  68 96 25 64 10 32 34 84 11 77 4 59 58 15 9 92 14 33 89 67 44 16 18 29 52 12 7 60 56 39 55 90 81 3 98 70 49 83 31 91 94 21 37 75 54 95 65 63 69 38 85 66 2 45 73 26 47 79 27 50 48 57 30 35 74 87 13 97 76 19 17 46 41 61 82 8 1 22 42 78 0 86 28 53 93 6 36 40 51 80 88 20 62 5 24 43 71 99 72 23
Coste: 21724334

GENERACION: 95
Mejor Solucion:  68 96 25 64 10 32 34 84 11 77 4 59 58 15 9 92 14 33 89 67 44 16 18 29 52 12 7 60 56 39 55 90 81 3 98 70 49 83 31 91 94 21 37 75 54 95 65 63 69 38 85 66 2 45 73 26 47 79 27 50 48 57 30 35 74 87 13 97 76 19 17 46 41 61 82 8 1 22 42 78 0 86 28 53 93 6 36 40 51 80 88 20 62 5 24 43 71 99 72 23
Coste: 21724334

GENERACION: 100
Mejor Solucion:  35 1 39 80 65 74 60 67 70 72 38 58 24 5 23 13 16 0 48 51 68 88 97 41 98 94 73 85 29 59 7 36 69 11 61 37 87 84 19 81 96 18 34 66 75 10 46 78 8 25 27 86 17 95 3 4 9 22 89 49 6 45 83 55 31 14 20 53 15 30 21 93 91 42 92 63 28 40 52 79 32 44 56 77 64 57 99 90 33 43 76 82 2 54 12 50 47 62 71 26
Coste: 21679795

GENERACION: 105
Mejor Solucion:  35 1 39 80 65 74 60 67 70 72 38 58 24 5 23 13 16 0 48 51 68 88 97 41 98 94 73 85 29 59 7 36 69 11 61 37 87 84 19 81 96 18 34 66 75 10 46 78 8 25 27 86 17 95 3 4 9 22 89 49 6 45 83 55 31 14 20 53 15 30 21 93 91 42 92 63 28 40 52 79 32 44 56 77 64 57 99 90 33 43 76 82 2 54 12 50 47 62 71 26
Coste: 21679795

GENERACION: 110
Mejor Solucion:  35 1 39 80 65 74 60 67 70 72 38 58 24 5 23 13 16 0 48 51 68 88 97 41 98 94 73 85 29 59 7 36 69 11 61 37 87 84 19 81 96 18 34 66 75 10 46 78 8 25 27 86 17 95 3 4 9 22 89 49 6 45 83 55 31 14 20 53 15 30 21 93 91 42 92 63 28 40 52 79 32 44 56 77 64 57 99 90 33 43 76 82 2 54 12 50 47 62 71 26
Coste: 21679795

GENERACION: 115
Mejor Solucion:  35 1 39 80 65 74 60 67 70 72 38 58 24 5 23 13 16 0 48 51 68 88 97 41 98 94 73 85 29 59 7 36 69 11 61 37 87 84 19 81 96 18 34 66 75 10 46 78 8 25 27 86 17 95 3 4 9 22 89 49 6 45 83 55 31 14 20 53 15 30 21 93 91 42 92 63 28 40 52 79 32 44 56 77 64 57 99 90 33 43 76 82 2 54 12 50 47 62 71 26
Coste: 21679795

GENERACION: 120
Mejor Solucion:  35 1 39 80 65 74 60 67 70 72 38 58 24 5 23 13 16 0 48 51 68 88 97 41 98 94 73 85 29 59 7 36 69 11 61 37 87 84 19 81 96 18 34 66 75 10 46 78 8 25 27 86 17 95 3 4 9 22 89 49 6 45 83 55 31 14 20 53 15 30 21 93 91 42 92 63 28 40 52 79 32 44 56 77 64 57 99 90 33 43 76 82 2 54 12 50 47 62 71 26
Coste: 21679795

GENERACION: 125
Mejor Solucion:  35 1 39 80 65 74 60 67 70 72 38 58 24 5 23 13 16 0 48 51 68 88 97 41 98 94 73 85 29 59 7 36 69 11 61 37 87 84 19 81 96 18 34 66 75 10 46 78 8 25 27 86 17 95 3 4 9 22 89 49 6 45 83 55 31 14 20 53 15 30 21 93 91 42 92 63 28 40 52 79 32 44 56 77 64 57 99 90 33 43 76 82 2 54 12 50 47 62 71 26
Coste: 21679795

GENERACION: 130
Mejor Solucion:  35 1 39 80 65 74 60 67 70 72 38 58 24 5 23 13 16 0 48 51 68 88 97 41 98 94 73 85 29 59 7 36 69 11 61 37 87 84 19 81 96 18 34 66 75 10 46 78 8 25 27 86 17 95 3 4 9 22 89 49 6 45 83 55 31 14 20 53 15 30 21 93 91 42 92 63 28 40 52 79 32 44 56 77 64 57 99 90 33 43 76 82 2 54 12 50 47 62 71 26
Coste: 21679795

GENERACION: 135
Mejor Solucion:  35 1 39 80 65 74 60 67 70 72 38 58 24 5 23 13 16 0 48 51 68 88 97 41 98 94 73 85 29 59 7 36 69 11 61 37 87 84 19 81 96 18 34 66 75 10 46 78 8 25 27 86 17 95 3 4 9 22 89 49 6 45 83 55 31 14 20 53 15 30 21 93 91 42 92 63 28 40 52 79 32 44 56 77 64 57 99 90 33 43 76 82 2 54 12 50 47 62 71 26
Coste: 21679795

GENERACION: 140
Mejor Solucion:  35 1 39 80 65 74 60 67 70 72 38 58 24 5 23 13 16 0 48 51 68 88 97 41 98 94 73 85 29 59 7 36 69 11 61 37 87 84 19 81 96 18 34 66 75 10 46 78 8 25 27 86 17 95 3 4 9 22 89 49 6 45 83 55 31 14 20 53 15 30 21 93 91 42 92 63 28 40 52 79 32 44 56 77 64 57 99 90 33 43 76 82 2 54 12 50 47 62 71 26
Coste: 21679795

GENERACION: 145
Mejor Solucion:  35 1 39 80 65 74 60 67 70 72 38 58 24 5 23 13 16 0 48 51 68 88 97 41 98 94 73 85 29 59 7 36 69 11 61 37 87 84 19 81 96 18 34 66 75 10 46 78 8 25 27 86 17 95 3 4 9 22 89 49 6 45 83 55 31 14 20 53 15 30 21 93 91 42 92 63 28 40 52 79 32 44 56 77 64 57 99 90 33 43 76 82 2 54 12 50 47 62 71 26
Coste: 21679795

GENERACION: 150
Mejor Solucion:  35 1 39 80 65 74 60 67 70 72 38 58 24 5 23 13 16 0 48 51 68 88 97 41 98 94 73 85 29 59 7 36 69 11 61 37 87 84 19 81 96 18 34 66 75 10 46 78 8 25 27 86 17 95 3 4 9 22 89 49 6 45 83 55 31 14 20 53 15 30 21 93 91 42 92 63 28 40 52 79 32 44 56 77 64 57 99 90 33 43 76 82 2 54 12 50 47 62 71 26
Coste: 21679795

GENERACION: 155
Mejor Solucion:  35 1 39 80 65 74 60 67 70 72 38 58 24 5 23 13 16 0 48 51 68 88 97 41 98 94 73 85 29 59 7 36 69 11 61 37 87 84 19 81 96 18 34 66 75 10 46 78 8 25 27 86 17 95 3 4 9 22 89 49 6 45 83 55 31 14 20 53 15 30 21 93 91 42 92 63 28 40 52 79 32 44 56 77 64 57 99 90 33 43 76 82 2 54 12 50 47 62 71 26
Coste: 21679795

GENERACION: 160
Mejor Solucion:  35 1 39 80 65 74 60 67 70 72 38 58 24 5 23 13 16 0 48 51 68 88 97 41 98 94 73 85 29 59 7 36 69 11 61 37 87 84 19 81 96 18 34 66 75 10 46 78 8 25 27 86 17 95 3 4 9 22 89 49 6 45 83 55 31 14 20 53 15 30 21 93 91 42 92 63 28 40 52 79 32 44 56 77 64 57 99 90 33 43 76 82 2 54 12 50 47 62 71 26
Coste: 21679795

GENERACION: 165
Mejor Solucion:  35 1 39 80 65 74 60 67 70 72 38 58 24 5 23 13 16 0 48 51 68 88 97 41 98 94 73 85 29 59 7 36 69 11 61 37 87 84 19 81 96 18 34 66 75 10 46 78 8 25 27 86 17 95 3 4 9 22 89 49 6 45 83 55 31 14 20 53 15 30 21 93 91 42 92 63 28 40 52 79 32 44 56 77 64 57 99 90 33 43 76 82 2 54 12 50 47 62 71 26
Coste: 21679795

GENERACION: 170
Mejor Solucion:  35 1 39 80 65 74 60 67 70 72 38 58 24 5 23 13 16 0 48 51 68 88 97 41 98 94 73 85 29 59 7 36 69 11 61 37 87 84 19 81 96 18 34 66 75 10 46 78 8 25 27 86 17 95 3 4 9 22 89 49 6 45 83 55 31 14 20 53 15 30 21 93 91 42 92 63 28 40 52 79 32 44 56 77 64 57 99 90 33 43 76 82 2 54 12 50 47 62 71 26
Coste: 21679795

GENERACION: 175
Mejor Solucion:  35 1 39 80 65 74 60 67 70 72 38 58 24 5 23 13 16 0 48 51 68 88 97 41 98 94 73 85 29 59 7 36 69 11 61 37 87 84 19 81 96 18 34 66 75 10 46 78 8 25 27 86 17 95 3 4 9 22 89 49 6 45 83 55 31 14 20 53 15 30 21 93 91 42 92 63 28 40 52 79 32 44 56 77 64 57 99 90 33 43 76 82 2 54 12 50 47 62 71 26
Coste: 21679795

GENERACION: 180
Mejor Solucion:  35 1 39 80 65 74 60 67 70 72 38 58 24 5 23 13 16 0 48 51 68 88 97 41 98 94 73 85 29 59 7 36 69 11 61 37 87 84 19 81 96 18 34 66 75 10 46 78 8 25 27 86 17 95 3 4 9 22 89 49 6 45 83 55 31 14 20 53 15 30 21 93 91 42 92 63 28 40 52 79 32 44 56 77 64 57 99 90 33 43 76 82 2 54 12 50 47 62 71 26
Coste: 21679795

GENERACION: 185
Mejor Solucion:  35 1 39 80 65 74 60 67 70 72 38 58 24 5 23 13 16 0 48 51 68 88 97 41 98 94 73 85 29 59 7 36 69 11 61 37 87 84 19 81 96 18 34 66 75 10 46 78 8 25 27 86 17 95 3 4 9 22 89 49 6 45 83 55 31 14 20 53 15 30 21 93 91 42 92 63 28 40 52 79 32 44 56 77 64 57 99 90 33 43 76 82 2 54 12 50 47 62 71 26
Coste: 21679795

GENERACION: 190
Mejor Solucion:  35 1 39 80 65 74 60 67 70 72 38 58 24 5 23 13 16 0 48 51 68 88 97 41 98 94 73 85 29 59 7 36 69 11 61 37 87 84 19 81 96 18 34 66 75 10 46 78 8 25 27 86 17 95 3 4 9 22 89 49 6 45 83 55 31 14 20 53 15 30 21 93 91 42 92 63 28 40 52 79 32 44 56 77 64 57 99 90 33 43 76 82 2 54 12 50 47 62 71 26
Coste: 21679795

GENERACION: 195
Mejor Solucion:  35 1 39 80 65 74 60 67 70 72 38 58 24 5 23 13 16 0 48 51 68 88 97 41 98 94 73 85 29 59 7 36 69 11 61 37 87 84 19 81 96 18 34 66 75 10 46 78 8 25 27 86 17 95 3 4 9 22 89 49 6 45 83 55 31 14 20 53 15 30 21 93 91 42 92 63 28 40 52 79 32 44 56 77 64 57 99 90 33 43 76 82 2 54 12 50 47 62 71 26
Coste: 21679795

GENERACION: 200
Mejor Solucion:  35 1 39 80 65 74 60 67 70 72 38 58 24 5 23 13 16 0 48 51 68 88 97 41 98 94 73 85 29 59 7 36 69 11 61 37 87 84 19 81 96 18 34 66 75 10 46 78 8 25 27 86 17 95 3 4 9 22 89 49 6 45 83 55 31 14 20 53 15 30 21 93 91 42 92 63 28 40 52 79 32 44 56 77 64 57 99 90 33 43 76 82 2 54 12 50 47 62 71 26
Coste: 21679795

GENERACION: 205
Mejor Solucion:  35 1 39 80 65 74 60 67 70 72 38 58 24 5 23 13 16 0 48 51 68 88 97 41 98 94 73 85 29 59 7 36 69 11 61 37 87 84 19 81 96 18 34 66 75 10 46 78 8 25 27 86 17 95 3 4 9 22 89 49 6 45 83 55 31 14 20 53 15 30 21 93 91 42 92 63 28 40 52 79 32 44 56 77 64 57 99 90 33 43 76 82 2 54 12 50 47 62 71 26
Coste: 21679795

GENERACION: 210
Mejor Solucion:  35 1 39 80 65 74 60 67 70 72 38 58 24 5 23 13 16 0 48 51 68 88 97 41 98 94 73 85 29 59 7 36 69 11 61 37 87 84 19 81 96 18 34 66 75 10 46 78 8 25 27 86 17 95 3 4 9 22 89 49 6 45 83 55 31 14 20 53 15 30 21 93 91 42 92 63 28 40 52 79 32 44 56 77 64 57 99 90 33 43 76 82 2 54 12 50 47 62 71 26
Coste: 21679795

GENERACION: 215
Mejor Solucion:  35 1 39 80 65 74 60 67 70 72 38 58 24 5 23 13 16 0 48 51 68 88 97 41 98 94 73 85 29 59 7 36 69 11 61 37 87 84 19 81 96 18 34 66 75 10 46 78 8 25 27 86 17 95 3 4 9 22 89 49 6 45 83 55 31 14 20 53 15 30 21 93 91 42 92 63 28 40 52 79 32 44 56 77 64 57 99 90 33 43 76 82 2 54 12 50 47 62 71 26
Coste: 21679795

GENERACION: 220
Mejor Solucion:  35 1 39 80 65 74 60 67 70 72 38 58 24 5 23 13 16 0 48 51 68 88 97 41 98 94 73 85 29 59 7 36 69 11 61 37 87 84 19 81 96 18 34 66 75 10 46 78 8 25 27 86 17 95 3 4 9 22 89 49 6 45 83 55 31 14 20 53 15 30 21 93 91 42 92 63 28 40 52 79 32 44 56 77 64 57 99 90 33 43 76 82 2 54 12 50 47 62 71 26
Coste: 21679795

GENERACION: 225
Mejor Solucion:  35 1 39 80 65 74 60 67 70 72 38 58 24 5 23 13 16 0 48 51 68 88 97 41 98 94 73 85 29 59 7 36 69 11 61 37 87 84 19 81 96 18 34 66 75 10 46 78 8 25 27 86 17 95 3 4 9 22 89 49 6 45 83 55 31 14 20 53 15 30 21 93 91 42 92 63 28 40 52 79 32 44 56 77 64 57 99 90 33 43 76 82 2 54 12 50 47 62 71 26
Coste: 21679795

GENERACION: 230
Mejor Solucion:  35 1 39 80 65 74 60 67 70 72 38 58 24 5 23 13 16 0 48 51 68 88 97 41 98 94 73 85 29 59 7 36 69 11 61 37 87 84 19 81 96 18 34 66 75 10 46 78 8 25 27 86 17 95 3 4 9 22 89 49 6 45 83 55 31 14 20 53 15 30 21 93 91 42 92 63 28 40 52 79 32 44 56 77 64 57 99 90 33 43 76 82 2 54 12 50 47 62 71 26
Coste: 21679795

GENERACION: 235
Mejor Solucion:  35 1 39 80 65 74 60 67 70 72 38 58 24 5 23 13 16 0 48 51 68 88 97 41 98 94 73 85 29 59 7 36 69 11 61 37 87 84 19 81 96 18 34 66 75 10 46 78 8 25 27 86 17 95 3 4 9 22 89 49 6 45 83 55 31 14 20 53 15 30 21 93 91 42 92 63 28 40 52 79 32 44 56 77 64 57 99 90 33 43 76 82 2 54 12 50 47 62 71 26
Coste: 21679795

GENERACION: 240
Mejor Solucion:  35 1 39 80 65 74 60 67 70 72 38 58 24 5 23 13 16 0 48 51 68 88 97 41 98 94 73 85 29 59 7 36 69 11 61 37 87 84 19 81 96 18 34 66 75 10 46 78 8 25 27 86 17 95 3 4 9 22 89 49 6 45 83 55 31 14 20 53 15 30 21 93 91 42 92 63 28 40 52 79 32 44 56 77 64 57 99 90 33 43 76 82 2 54 12 50 47 62 71 26
Coste: 21679795

GENERACION: 245
Mejor Solucion:  35 1 39 80 65 74 60 67 70 72 38 58 24 5 23 13 16 0 48 51 68 88 97 41 98 94 73 85 29 59 7 36 69 11 61 37 87 84 19 81 96 18 34 66 75 10 46 78 8 25 27 86 17 95 3 4 9 22 89 49 6 45 83 55 31 14 20 53 15 30 21 93 91 42 92 63 28 40 52 79 32 44 56 77 64 57 99 90 33 43 76 82 2 54 12 50 47 62 71 26
Coste: 21679795

GENERACION: 250
Mejor Solucion:  35 1 39 80 65 74 60 67 70 72 38 58 24 5 23 13 16 0 48 51 68 88 97 41 98 94 73 85 29 59 7 36 69 11 61 37 87 84 19 81 96 18 34 66 75 10 46 78 8 25 27 86 17 95 3 4 9 22 89 49 6 45 83 55 31 14 20 53 15 30 21 93 91 42 92 63 28 40 52 79 32 44 56 77 64 57 99 90 33 43 76 82 2 54 12 50 47 62 71 26
Coste: 21679795

GENERACION: 255
Mejor Solucion:  35 1 39 80 65 74 60 67 70 72 38 58 24 5 23 13 16 0 48 51 68 88 97 41 98 94 73 85 29 59 7 36 69 11 61 37 87 84 19 81 96 18 34 66 75 10 46 78 8 25 27 86 17 95 3 4 9 22 89 49 6 45 83 55 31 14 20 53 15 30 21 93 91 42 92 63 28 40 52 79 32 44 56 77 64 57 99 90 33 43 76 82 2 54 12 50 47 62 71 26
Coste: 21679795

GENERACION: 260
Mejor Solucion:  35 1 39 80 65 74 60 67 70 72 38 58 24 5 23 13 16 0 48 51 68 88 97 41 98 94 73 85 29 59 7 36 69 11 61 37 87 84 19 81 96 18 34 66 75 10 46 78 8 25 27 86 17 95 3 4 9 22 89 49 6 45 83 55 31 14 20 53 15 30 21 93 91 42 92 63 28 40 52 79 32 44 56 77 64 57 99 90 33 43 76 82 2 54 12 50 47 62 71 26
Coste: 21679795

GENERACION: 265
Mejor Solucion:  35 1 39 80 65 74 60 67 70 72 38 58 24 5 23 13 16 0 48 51 68 88 97 41 98 94 73 85 29 59 7 36 69 11 61 37 87 84 19 81 96 18 34 66 75 10 46 78 8 25 27 86 17 95 3 4 9 22 89 49 6 45 83 55 31 14 20 53 15 30 21 93 91 42 92 63 28 40 52 79 32 44 56 77 64 57 99 90 33 43 76 82 2 54 12 50 47 62 71 26
Coste: 21679795

GENERACION: 270
Mejor Solucion:  35 1 39 80 65 74 60 67 70 72 38 58 24 5 23 13 16 0 48 51 68 88 97 41 98 94 73 85 29 59 7 36 69 11 61 37 87 84 19 81 96 18 34 66 75 10 46 78 8 25 27 86 17 95 3 4 9 22 89 49 6 45 83 55 31 14 20 53 15 30 21 93 91 42 92 63 28 40 52 79 32 44 56 77 64 57 99 90 33 43 76 82 2 54 12 50 47 62 71 26
Coste: 21679795

GENERACION: 275
Mejor Solucion:  35 1 39 80 65 74 60 67 70 72 38 58 24 5 23 13 16 0 48 51 68 88 97 41 98 94 73 85 29 59 7 36 69 11 61 37 87 84 19 81 96 18 34 66 75 10 46 78 8 25 27 86 17 95 3 4 9 22 89 49 6 45 83 55 31 14 20 53 15 30 21 93 91 42 92 63 28 40 52 79 32 44 56 77 64 57 99 90 33 43 76 82 2 54 12 50 47 62 71 26
Coste: 21679795

GENERACION: 280
Mejor Solucion:  35 1 39 80 65 74 60 67 70 72 38 58 24 5 23 13 16 0 48 51 68 88 97 41 98 94 73 85 29 59 7 36 69 11 61 37 87 84 19 81 96 18 34 66 75 10 46 78 8 25 27 86 17 95 3 4 9 22 89 49 6 45 83 55 31 14 20 53 15 30 21 93 91 42 92 63 28 40 52 79 32 44 56 77 64 57 99 90 33 43 76 82 2 54 12 50 47 62 71 26
Coste: 21679795

GENERACION: 285
Mejor Solucion:  35 1 39 80 65 74 60 67 70 72 38 58 24 5 23 13 16 0 48 51 68 88 97 41 98 94 73 85 29 59 7 36 69 11 61 37 87 84 19 81 96 18 34 66 75 10 46 78 8 25 27 86 17 95 3 4 9 22 89 49 6 45 83 55 31 14 20 53 15 30 21 93 91 42 92 63 28 40 52 79 32 44 56 77 64 57 99 90 33 43 76 82 2 54 12 50 47 62 71 26
Coste: 21679795

GENERACION: 290
Mejor Solucion:  35 1 39 80 65 74 60 67 70 72 38 58 24 5 23 13 16 0 48 51 68 88 97 41 98 94 73 85 29 59 7 36 69 11 61 37 87 84 19 81 96 18 34 66 75 10 46 78 8 25 27 86 17 95 3 4 9 22 89 49 6 45 83 55 31 14 20 53 15 30 21 93 91 42 92 63 28 40 52 79 32 44 56 77 64 57 99 90 33 43 76 82 2 54 12 50 47 62 71 26
Coste: 21679795

GENERACION: 295
Mejor Solucion:  35 1 39 80 65 74 60 67 70 72 38 58 24 5 23 13 16 0 48 51 68 88 97 41 98 94 73 85 29 59 7 36 69 11 61 37 87 84 19 81 96 18 34 66 75 10 46 78 8 25 27 86 17 95 3 4 9 22 89 49 6 45 83 55 31 14 20 53 15 30 21 93 91 42 92 63 28 40 52 79 32 44 56 77 64 57 99 90 33 43 76 82 2 54 12 50 47 62 71 26
Coste: 21679795

GENERACION: 300
Mejor Solucion:  35 1 39 80 65 74 60 67 70 72 38 58 24 5 23 13 16 0 48 51 68 88 97 41 98 94 73 85 29 59 7 36 69 11 61 37 87 84 19 81 96 18 34 66 75 10 46 78 8 25 27 86 17 95 3 4 9 22 89 49 6 45 83 55 31 14 20 53 15 30 21 93 91 42 92 63 28 40 52 79 32 44 56 77 64 57 99 90 33 43 76 82 2 54 12 50 47 62 71 26
Coste: 21679795

GENERACION: 305
Mejor Solucion:  35 1 39 80 65 74 60 67 70 72 38 58 24 5 23 13 16 0 48 51 68 88 97 41 98 94 73 85 29 59 7 36 69 11 61 37 87 84 19 81 96 18 34 66 75 10 46 78 8 25 27 86 17 95 3 4 9 22 89 49 6 45 83 55 31 14 20 53 15 30 21 93 91 42 92 63 28 40 52 79 32 44 56 77 64 57 99 90 33 43 76 82 2 54 12 50 47 62 71 26
Coste: 21679795

GENERACION: 310
Mejor Solucion:  35 1 39 80 65 74 60 67 70 72 38 58 24 5 23 13 16 0 48 51 68 88 97 41 98 94 73 85 29 59 7 36 69 11 61 37 87 84 19 81 96 18 34 66 75 10 46 78 8 25 27 86 17 95 3 4 9 22 89 49 6 45 83 55 31 14 20 53 15 30 21 93 91 42 92 63 28 40 52 79 32 44 56 77 64 57 99 90 33 43 76 82 2 54 12 50 47 62 71 26
Coste: 21679795

GENERACION: 315
Mejor Solucion:  35 1 39 80 65 74 60 67 70 72 38 58 24 5 23 13 16 0 48 51 68 88 97 41 98 94 73 85 29 59 7 36 69 11 61 37 87 84 19 81 96 18 34 66 75 10 46 78 8 25 27 86 17 95 3 4 9 22 89 49 6 45 83 55 31 14 20 53 15 30 21 93 91 42 92 63 28 40 52 79 32 44 56 77 64 57 99 90 33 43 76 82 2 54 12 50 47 62 71 26
Coste: 21679795

GENERACION: 320
Mejor Solucion:  35 1 39 80 65 74 60 67 70 72 38 58 24 5 23 13 16 0 48 51 68 88 97 41 98 94 73 85 29 59 7 36 69 11 61 37 87 84 19 81 96 18 34 66 75 10 46 78 8 25 27 86 17 95 3 4 9 22 89 49 6 45 83 55 31 14 20 53 15 30 21 93 91 42 92 63 28 40 52 79 32 44 56 77 64 57 99 90 33 43 76 82 2 54 12 50 47 62 71 26
Coste: 21679795

GENERACION: 325
Mejor Solucion:  35 1 39 80 65 74 60 67 70 72 38 58 24 5 23 13 16 0 48 51 68 88 97 41 98 94 73 85 29 59 7 36 69 11 61 37 87 84 19 81 96 18 34 66 75 10 46 78 8 25 27 86 17 95 3 4 9 22 89 49 6 45 83 55 31 14 20 53 15 30 21 93 91 42 92 63 28 40 52 79 32 44 56 77 64 57 99 90 33 43 76 82 2 54 12 50 47 62 71 26
Coste: 21679795

GENERACION: 330
Mejor Solucion:  35 1 39 80 65 74 60 67 70 72 38 58 24 5 23 13 16 0 48 51 68 88 97 41 98 94 73 85 29 59 7 36 69 11 61 37 87 84 19 81 96 18 34 66 75 10 46 78 8 25 27 86 17 95 3 4 9 22 89 49 6 45 83 55 31 14 20 53 15 30 21 93 91 42 92 63 28 40 52 79 32 44 56 77 64 57 99 90 33 43 76 82 2 54 12 50 47 62 71 26
Coste: 21679795

GENERACION: 335
Mejor Solucion:  35 1 39 80 65 74 60 67 70 72 38 58 24 5 23 13 16 0 48 51 68 88 97 41 98 94 73 85 29 59 7 36 69 11 61 37 87 84 19 81 96 18 34 66 75 10 46 78 8 25 27 86 17 95 3 4 9 22 89 49 6 45 83 55 31 14 20 53 15 30 21 93 91 42 92 63 28 40 52 79 32 44 56 77 64 57 99 90 33 43 76 82 2 54 12 50 47 62 71 26
Coste: 21679795

GENERACION: 340
Mejor Solucion:  35 1 39 80 65 74 60 67 70 72 38 58 24 5 23 13 16 0 48 51 68 88 97 41 98 94 73 85 29 59 7 36 69 11 61 37 87 84 19 81 96 18 34 66 75 10 46 78 8 25 27 86 17 95 3 4 9 22 89 49 6 45 83 55 31 14 20 53 15 30 21 93 91 42 92 63 28 40 52 79 32 44 56 77 64 57 99 90 33 43 76 82 2 54 12 50 47 62 71 26
Coste: 21679795

GENERACION: 345
Mejor Solucion:  35 1 39 80 65 74 60 67 70 72 38 58 24 5 23 13 16 0 48 51 68 88 97 41 98 94 73 85 29 59 7 36 69 11 61 37 87 84 19 81 96 18 34 66 75 10 46 78 8 25 27 86 17 95 3 4 9 22 89 49 6 45 83 55 31 14 20 53 15 30 21 93 91 42 92 63 28 40 52 79 32 44 56 77 64 57 99 90 33 43 76 82 2 54 12 50 47 62 71 26
Coste: 21679795

GENERACION: 350
Mejor Solucion:  35 1 39 80 65 74 60 67 70 72 38 58 24 5 23 13 16 0 48 51 68 88 97 41 98 94 73 85 29 59 7 36 69 11 61 37 87 84 19 81 96 18 34 66 75 10 46 78 8 25 27 86 17 95 3 4 9 22 89 49 6 45 83 55 31 14 20 53 15 30 21 93 91 42 92 63 28 40 52 79 32 44 56 77 64 57 99 90 33 43 76 82 2 54 12 50 47 62 71 26
Coste: 21679795

GENERACION: 355
Mejor Solucion:  35 1 39 80 65 74 60 67 70 72 38 58 24 5 23 13 16 0 48 51 68 88 97 41 98 94 73 85 29 59 7 36 69 11 61 37 87 84 19 81 96 18 34 66 75 10 46 78 8 25 27 86 17 95 3 4 9 22 89 49 6 45 83 55 31 14 20 53 15 30 21 93 91 42 92 63 28 40 52 79 32 44 56 77 64 57 99 90 33 43 76 82 2 54 12 50 47 62 71 26
Coste: 21679795

GENERACION: 360
Mejor Solucion:  35 1 39 80 65 74 60 67 70 72 38 58 24 5 23 13 16 0 48 51 68 88 97 41 98 94 73 85 29 59 7 36 69 11 61 37 87 84 19 81 96 18 34 66 75 10 46 78 8 25 27 86 17 95 3 4 9 22 89 49 6 45 83 55 31 14 20 53 15 30 21 93 91 42 92 63 28 40 52 79 32 44 56 77 64 57 99 90 33 43 76 82 2 54 12 50 47 62 71 26
Coste: 21679795

GENERACION: 365
Mejor Solucion:  35 1 39 80 65 74 60 67 70 72 38 58 24 5 23 13 16 0 48 51 68 88 97 41 98 94 73 85 29 59 7 36 69 11 61 37 87 84 19 81 96 18 34 66 75 10 46 78 8 25 27 86 17 95 3 4 9 22 89 49 6 45 83 55 31 14 20 53 15 30 21 93 91 42 92 63 28 40 52 79 32 44 56 77 64 57 99 90 33 43 76 82 2 54 12 50 47 62 71 26
Coste: 21679795

GENERACION: 370
Mejor Solucion:  35 1 39 80 65 74 60 67 70 72 38 58 24 5 23 13 16 0 48 51 68 88 97 41 98 94 73 85 29 59 7 36 69 11 61 37 87 84 19 81 96 18 34 66 75 10 46 78 8 25 27 86 17 95 3 4 9 22 89 49 6 45 83 55 31 14 20 53 15 30 21 93 91 42 92 63 28 40 52 79 32 44 56 77 64 57 99 90 33 43 76 82 2 54 12 50 47 62 71 26
Coste: 21679795

GENERACION: 375
Mejor Solucion:  35 1 39 80 65 74 60 67 70 72 38 58 24 5 23 13 16 0 48 51 68 88 97 41 98 94 73 85 29 59 7 36 69 11 61 37 87 84 19 81 96 18 34 66 75 10 46 78 8 25 27 86 17 95 3 4 9 22 89 49 6 45 83 55 31 14 20 53 15 30 21 93 91 42 92 63 28 40 52 79 32 44 56 77 64 57 99 90 33 43 76 82 2 54 12 50 47 62 71 26
Coste: 21679795

GENERACION: 380
Mejor Solucion:  35 1 39 80 65 74 60 67 70 72 38 58 24 5 23 13 16 0 48 51 68 88 97 41 98 94 73 85 29 59 7 36 69 11 61 37 87 84 19 81 96 18 34 66 75 10 46 78 8 25 27 86 17 95 3 4 9 22 89 49 6 45 83 55 31 14 20 53 15 30 21 93 91 42 92 63 28 40 52 79 32 44 56 77 64 57 99 90 33 43 76 82 2 54 12 50 47 62 71 26
Coste: 21679795

GENERACION: 385
Mejor Solucion:  35 1 39 80 65 74 60 67 70 72 38 58 24 5 23 13 16 0 48 51 68 88 97 41 98 94 73 85 29 59 7 36 69 11 61 37 87 84 19 81 96 18 34 66 75 10 46 78 8 25 27 86 17 95 3 4 9 22 89 49 6 45 83 55 31 14 20 53 15 30 21 93 91 42 92 63 28 40 52 79 32 44 56 77 64 57 99 90 33 43 76 82 2 54 12 50 47 62 71 26
Coste: 21679795

GENERACION: 390
Mejor Solucion:  35 1 39 80 65 74 60 67 70 72 38 58 24 5 23 13 16 0 48 51 68 88 97 41 98 94 73 85 29 59 7 36 69 11 61 37 87 84 19 81 96 18 34 66 75 10 46 78 8 25 27 86 17 95 3 4 9 22 89 49 6 45 83 55 31 14 20 53 15 30 21 93 91 42 92 63 28 40 52 79 32 44 56 77 64 57 99 90 33 43 76 82 2 54 12 50 47 62 71 26
Coste: 21679795

GENERACION: 395
Mejor Solucion:  35 1 39 80 65 74 60 67 70 72 38 58 24 5 23 13 16 0 48 51 68 88 97 41 98 94 73 85 29 59 7 36 69 11 61 37 87 84 19 81 96 18 34 66 75 10 46 78 8 25 27 86 17 95 3 4 9 22 89 49 6 45 83 55 31 14 20 53 15 30 21 93 91 42 92 63 28 40 52 79 32 44 56 77 64 57 99 90 33 43 76 82 2 54 12 50 47 62 71 26
Coste: 21679795

GENERACION: 400
Mejor Solucion:  35 1 39 80 65 74 60 67 70 72 38 58 24 5 23 13 16 0 48 51 68 88 97 41 98 94 73 85 29 59 7 36 69 11 61 37 87 84 19 81 96 18 34 66 75 10 46 78 8 25 27 86 17 95 3 4 9 22 89 49 6 45 83 55 31 14 20 53 15 30 21 93 91 42 92 63 28 40 52 79 32 44 56 77 64 57 99 90 33 43 76 82 2 54 12 50 47 62 71 26
Coste: 21679795

GENERACION: 405
Mejor Solucion:  35 1 39 80 65 74 60 67 70 72 38 58 24 5 23 13 16 0 48 51 68 88 97 41 98 94 73 85 29 59 7 36 69 11 61 37 87 84 19 81 96 18 34 66 75 10 46 78 8 25 27 86 17 95 3 4 9 22 89 49 6 45 83 55 31 14 20 53 15 30 21 93 91 42 92 63 28 40 52 79 32 44 56 77 64 57 99 90 33 43 76 82 2 54 12 50 47 62 71 26
Coste: 21679795

GENERACION: 410
Mejor Solucion:  35 1 39 80 65 74 60 67 70 72 38 58 24 5 23 13 16 0 48 51 68 88 97 41 98 94 73 85 29 59 7 36 69 11 61 37 87 84 19 81 96 18 34 66 75 10 46 78 8 25 27 86 17 95 3 4 9 22 89 49 6 45 83 55 31 14 20 53 15 30 21 93 91 42 92 63 28 40 52 79 32 44 56 77 64 57 99 90 33 43 76 82 2 54 12 50 47 62 71 26
Coste: 21679795

GENERACION: 415
Mejor Solucion:  35 1 39 80 65 74 60 67 70 72 38 58 24 5 23 13 16 0 48 51 68 88 97 41 98 94 73 85 29 59 7 36 69 11 61 37 87 84 19 81 96 18 34 66 75 10 46 78 8 25 27 86 17 95 3 4 9 22 89 49 6 45 83 55 31 14 20 53 15 30 21 93 91 42 92 63 28 40 52 79 32 44 56 77 64 57 99 90 33 43 76 82 2 54 12 50 47 62 71 26
Coste: 21679795

GENERACION: 420
Mejor Solucion:  35 1 39 80 65 74 60 67 70 72 38 58 24 5 23 13 16 0 48 51 68 88 97 41 98 94 73 85 29 59 7 36 69 11 61 37 87 84 19 81 96 18 34 66 75 10 46 78 8 25 27 86 17 95 3 4 9 22 89 49 6 45 83 55 31 14 20 53 15 30 21 93 91 42 92 63 28 40 52 79 32 44 56 77 64 57 99 90 33 43 76 82 2 54 12 50 47 62 71 26
Coste: 21679795

GENERACION: 425
Mejor Solucion:  35 1 39 80 65 74 60 67 70 72 38 58 24 5 23 13 16 0 48 51 68 88 97 41 98 94 73 85 29 59 7 36 69 11 61 37 87 84 19 81 96 18 34 66 75 10 46 78 8 25 27 86 17 95 3 4 9 22 89 49 6 45 83 55 31 14 20 53 15 30 21 93 91 42 92 63 28 40 52 79 32 44 56 77 64 57 99 90 33 43 76 82 2 54 12 50 47 62 71 26
Coste: 21679795

GENERACION: 430
Mejor Solucion:  35 1 39 80 65 74 60 67 70 72 38 58 24 5 23 13 16 0 48 51 68 88 97 41 98 94 73 85 29 59 7 36 69 11 61 37 87 84 19 81 96 18 34 66 75 10 46 78 8 25 27 86 17 95 3 4 9 22 89 49 6 45 83 55 31 14 20 53 15 30 21 93 91 42 92 63 28 40 52 79 32 44 56 77 64 57 99 90 33 43 76 82 2 54 12 50 47 62 71 26
Coste: 21679795

GENERACION: 435
Mejor Solucion:  35 1 39 80 65 74 60 67 70 72 38 58 24 5 23 13 16 0 48 51 68 88 97 41 98 94 73 85 29 59 7 36 69 11 61 37 87 84 19 81 96 18 34 66 75 10 46 78 8 25 27 86 17 95 3 4 9 22 89 49 6 45 83 55 31 14 20 53 15 30 21 93 91 42 92 63 28 40 52 79 32 44 56 77 64 57 99 90 33 43 76 82 2 54 12 50 47 62 71 26
Coste: 21679795

GENERACION: 440
Mejor Solucion:  35 1 39 80 65 74 60 67 70 72 38 58 24 5 23 13 16 0 48 51 68 88 97 41 98 94 73 85 29 59 7 36 69 11 61 37 87 84 19 81 96 18 34 66 75 10 46 78 8 25 27 86 17 95 3 4 9 22 89 49 6 45 83 55 31 14 20 53 15 30 21 93 91 42 92 63 28 40 52 79 32 44 56 77 64 57 99 90 33 43 76 82 2 54 12 50 47 62 71 26
Coste: 21679795

GENERACION: 445
Mejor Solucion:  35 1 39 80 65 74 60 67 70 72 38 58 24 5 23 13 16 0 48 51 68 88 97 41 98 94 73 85 29 59 7 36 69 11 61 37 87 84 19 81 96 18 34 66 75 10 46 78 8 25 27 86 17 95 3 4 9 22 89 49 6 45 83 55 31 14 20 53 15 30 21 93 91 42 92 63 28 40 52 79 32 44 56 77 64 57 99 90 33 43 76 82 2 54 12 50 47 62 71 26
Coste: 21679795

GENERACION: 450
Mejor Solucion:  35 1 39 80 65 74 60 67 70 72 38 58 24 5 23 13 16 0 48 51 68 88 97 41 98 94 73 85 29 59 7 36 69 11 61 37 87 84 19 81 96 18 34 66 75 10 46 78 8 25 27 86 17 95 3 4 9 22 89 49 6 45 83 55 31 14 20 53 15 30 21 93 91 42 92 63 28 40 52 79 32 44 56 77 64 57 99 90 33 43 76 82 2 54 12 50 47 62 71 26
Coste: 21679795

GENERACION: 455
Mejor Solucion:  35 1 39 80 65 74 60 67 70 72 38 58 24 5 23 13 16 0 48 51 68 88 97 41 98 94 73 85 29 59 7 36 69 11 61 37 87 84 19 81 96 18 34 66 75 10 46 78 8 25 27 86 17 95 3 4 9 22 89 49 6 45 83 55 31 14 20 53 15 30 21 93 91 42 92 63 28 40 52 79 32 44 56 77 64 57 99 90 33 43 76 82 2 54 12 50 47 62 71 26
Coste: 21679795

GENERACION: 460
Mejor Solucion:  35 1 39 80 65 74 60 67 70 72 38 58 24 5 23 13 16 0 48 51 68 88 97 41 98 94 73 85 29 59 7 36 69 11 61 37 87 84 19 81 96 18 34 66 75 10 46 78 8 25 27 86 17 95 3 4 9 22 89 49 6 45 83 55 31 14 20 53 15 30 21 93 91 42 92 63 28 40 52 79 32 44 56 77 64 57 99 90 33 43 76 82 2 54 12 50 47 62 71 26
Coste: 21679795

GENERACION: 465
Mejor Solucion:  35 1 39 80 65 74 60 67 70 72 38 58 24 5 23 13 16 0 48 51 68 88 97 41 98 94 73 85 29 59 7 36 69 11 61 37 87 84 19 81 96 18 34 66 75 10 46 78 8 25 27 86 17 95 3 4 9 22 89 49 6 45 83 55 31 14 20 53 15 30 21 93 91 42 92 63 28 40 52 79 32 44 56 77 64 57 99 90 33 43 76 82 2 54 12 50 47 62 71 26
Coste: 21679795

GENERACION: 470
Mejor Solucion:  35 1 39 80 65 74 60 67 70 72 38 58 24 5 23 13 16 0 48 51 68 88 97 41 98 94 73 85 29 59 7 36 69 11 61 37 87 84 19 81 96 18 34 66 75 10 46 78 8 25 27 86 17 95 3 4 9 22 89 49 6 45 83 55 31 14 20 53 15 30 21 93 91 42 92 63 28 40 52 79 32 44 56 77 64 57 99 90 33 43 76 82 2 54 12 50 47 62 71 26
Coste: 21679795

GENERACION: 475
Mejor Solucion:  35 1 39 80 65 74 60 67 70 72 38 58 24 5 23 13 16 0 48 51 68 88 97 41 98 94 73 85 29 59 7 36 69 11 61 37 87 84 19 81 96 18 34 66 75 10 46 78 8 25 27 86 17 95 3 4 9 22 89 49 6 45 83 55 31 14 20 53 15 30 21 93 91 42 92 63 28 40 52 79 32 44 56 77 64 57 99 90 33 43 76 82 2 54 12 50 47 62 71 26
Coste: 21679795

GENERACION: 480
Mejor Solucion:  35 1 39 80 65 74 60 67 70 72 38 58 24 5 23 13 16 0 48 51 68 88 97 41 98 94 73 85 29 59 7 36 69 11 61 37 87 84 19 81 96 18 34 66 75 10 46 78 8 25 27 86 17 95 3 4 9 22 89 49 6 45 83 55 31 14 20 53 15 30 21 93 91 42 92 63 28 40 52 79 32 44 56 77 64 57 99 90 33 43 76 82 2 54 12 50 47 62 71 26
Coste: 21679795

GENERACION: 485
Mejor Solucion:  35 1 39 80 65 74 60 67 70 72 38 58 24 5 23 13 16 0 48 51 68 88 97 41 98 94 73 85 29 59 7 36 69 11 61 37 87 84 19 81 96 18 34 66 75 10 46 78 8 25 27 86 17 95 3 4 9 22 89 49 6 45 83 55 31 14 20 53 15 30 21 93 91 42 92 63 28 40 52 79 32 44 56 77 64 57 99 90 33 43 76 82 2 54 12 50 47 62 71 26
Coste: 21679795

GENERACION: 490
Mejor Solucion:  35 1 39 80 65 74 60 67 70 72 38 58 24 5 23 13 16 0 48 51 68 88 97 41 98 94 73 85 29 59 7 36 69 11 61 37 87 84 19 81 96 18 34 66 75 10 46 78 8 25 27 86 17 95 3 4 9 22 89 49 6 45 83 55 31 14 20 53 15 30 21 93 91 42 92 63 28 40 52 79 32 44 56 77 64 57 99 90 33 43 76 82 2 54 12 50 47 62 71 26
Coste: 21679795

GENERACION: 495
Mejor Solucion:  35 1 39 80 65 74 60 67 70 72 38 58 24 5 23 13 16 0 48 51 68 88 97 41 98 94 73 85 29 59 7 36 69 11 61 37 87 84 19 81 96 18 34 66 75 10 46 78 8 25 27 86 17 95 3 4 9 22 89 49 6 45 83 55 31 14 20 53 15 30 21 93 91 42 92 63 28 40 52 79 32 44 56 77 64 57 99 90 33 43 76 82 2 54 12 50 47 62 71 26
Coste: 21679795

GENERACION: 500
Mejor Solucion:  35 1 39 80 65 74 60 67 70 72 38 58 24 5 23 13 16 0 48 51 68 88 97 41 98 94 73 85 29 59 7 36 69 11 61 37 87 84 19 81 96 18 34 66 75 10 46 78 8 25 27 86 17 95 3 4 9 22 89 49 6 45 83 55 31 14 20 53 15 30 21 93 91 42 92 63 28 40 52 79 32 44 56 77 64 57 99 90 33 43 76 82 2 54 12 50 47 62 71 26
Coste: 21679795

GENERACION: 505
Mejor Solucion:  35 1 39 80 65 74 60 67 70 72 38 58 24 5 23 13 16 0 48 51 68 88 97 41 98 94 73 85 29 59 7 36 69 11 61 37 87 84 19 81 96 18 34 66 75 10 46 78 8 25 27 86 17 95 3 4 9 22 89 49 6 45 83 55 31 14 20 53 15 30 21 93 91 42 92 63 28 40 52 79 32 44 56 77 64 57 99 90 33 43 76 82 2 54 12 50 47 62 71 26
Coste: 21679795

GENERACION: 510
Mejor Solucion:  35 1 39 80 65 74 60 67 70 72 38 58 24 5 23 13 16 0 48 51 68 88 97 41 98 94 73 85 29 59 7 36 69 11 61 37 87 84 19 81 96 18 34 66 75 10 46 78 8 25 27 86 17 95 3 4 9 22 89 49 6 45 83 55 31 14 20 53 15 30 21 93 91 42 92 63 28 40 52 79 32 44 56 77 64 57 99 90 33 43 76 82 2 54 12 50 47 62 71 26
Coste: 21679795

GENERACION: 515
Mejor Solucion:  35 1 39 80 65 74 60 67 70 72 38 58 24 5 23 13 16 0 48 51 68 88 97 41 98 94 73 85 29 59 7 36 69 11 61 37 87 84 19 81 96 18 34 66 75 10 46 78 8 25 27 86 17 95 3 4 9 22 89 49 6 45 83 55 31 14 20 53 15 30 21 93 91 42 92 63 28 40 52 79 32 44 56 77 64 57 99 90 33 43 76 82 2 54 12 50 47 62 71 26
Coste: 21679795

GENERACION: 520
Mejor Solucion:  35 1 39 80 65 74 60 67 70 72 38 58 24 5 23 13 16 0 48 51 68 88 97 41 98 94 73 85 29 59 7 36 69 11 61 37 87 84 19 81 96 18 34 66 75 10 46 78 8 25 27 86 17 95 3 4 9 22 89 49 6 45 83 55 31 14 20 53 15 30 21 93 91 42 92 63 28 40 52 79 32 44 56 77 64 57 99 90 33 43 76 82 2 54 12 50 47 62 71 26
Coste: 21679795

GENERACION: 525
Mejor Solucion:  35 1 39 80 65 74 60 67 70 72 38 58 24 5 23 13 16 0 48 51 68 88 97 41 98 94 73 85 29 59 7 36 69 11 61 37 87 84 19 81 96 18 34 66 75 10 46 78 8 25 27 86 17 95 3 4 9 22 89 49 6 45 83 55 31 14 20 53 15 30 21 93 91 42 92 63 28 40 52 79 32 44 56 77 64 57 99 90 33 43 76 82 2 54 12 50 47 62 71 26
Coste: 21679795

GENERACION: 530
Mejor Solucion:  35 1 39 80 65 74 60 67 70 72 38 58 24 5 23 13 16 0 48 51 68 88 97 41 98 94 73 85 29 59 7 36 69 11 61 37 87 84 19 81 96 18 34 66 75 10 46 78 8 25 27 86 17 95 3 4 9 22 89 49 6 45 83 55 31 14 20 53 15 30 21 93 91 42 92 63 28 40 52 79 32 44 56 77 64 57 99 90 33 43 76 82 2 54 12 50 47 62 71 26
Coste: 21679795

GENERACION: 535
Mejor Solucion:  35 1 39 80 65 74 60 67 70 72 38 58 24 5 23 13 16 0 48 51 68 88 97 41 98 94 73 85 29 59 7 36 69 11 61 37 87 84 19 81 96 18 34 66 75 10 46 78 8 25 27 86 17 95 3 4 9 22 89 49 6 45 83 55 31 14 20 53 15 30 21 93 91 42 92 63 28 40 52 79 32 44 56 77 64 57 99 90 33 43 76 82 2 54 12 50 47 62 71 26
Coste: 21679795

GENERACION: 540
Mejor Solucion:  35 1 39 80 65 74 60 67 70 72 38 58 24 5 23 13 16 0 48 51 68 88 97 41 98 94 73 85 29 59 7 36 69 11 61 37 87 84 19 81 96 18 34 66 75 10 46 78 8 25 27 86 17 95 3 4 9 22 89 49 6 45 83 55 31 14 20 53 15 30 21 93 91 42 92 63 28 40 52 79 32 44 56 77 64 57 99 90 33 43 76 82 2 54 12 50 47 62 71 26
Coste: 21679795

GENERACION: 545
Mejor Solucion:  35 1 39 80 65 74 60 67 70 72 38 58 24 5 23 13 16 0 48 51 68 88 97 41 98 94 73 85 29 59 7 36 69 11 61 37 87 84 19 81 96 18 34 66 75 10 46 78 8 25 27 86 17 95 3 4 9 22 89 49 6 45 83 55 31 14 20 53 15 30 21 93 91 42 92 63 28 40 52 79 32 44 56 77 64 57 99 90 33 43 76 82 2 54 12 50 47 62 71 26
Coste: 21679795

GENERACION: 550
Mejor Solucion:  35 1 39 80 65 74 60 67 70 72 38 58 24 5 23 13 16 0 48 51 68 88 97 41 98 94 73 85 29 59 7 36 69 11 61 37 87 84 19 81 96 18 34 66 75 10 46 78 8 25 27 86 17 95 3 4 9 22 89 49 6 45 83 55 31 14 20 53 15 30 21 93 91 42 92 63 28 40 52 79 32 44 56 77 64 57 99 90 33 43 76 82 2 54 12 50 47 62 71 26
Coste: 21679795

GENERACION: 555
Mejor Solucion:  35 1 39 80 65 74 60 67 70 72 38 58 24 5 23 13 16 0 48 51 68 88 97 41 98 94 73 85 29 59 7 36 69 11 61 37 87 84 19 81 96 18 34 66 75 10 46 78 8 25 27 86 17 95 3 4 9 22 89 49 6 45 83 55 31 14 20 53 15 30 21 93 91 42 92 63 28 40 52 79 32 44 56 77 64 57 99 90 33 43 76 82 2 54 12 50 47 62 71 26
Coste: 21679795

GENERACION: 560
Mejor Solucion:  35 1 39 80 65 74 60 67 70 72 38 58 24 5 23 13 16 0 48 51 68 88 97 41 98 94 73 85 29 59 7 36 69 11 61 37 87 84 19 81 96 18 34 66 75 10 46 78 8 25 27 86 17 95 3 4 9 22 89 49 6 45 83 55 31 14 20 53 15 30 21 93 91 42 92 63 28 40 52 79 32 44 56 77 64 57 99 90 33 43 76 82 2 54 12 50 47 62 71 26
Coste: 21679795

GENERACION: 565
Mejor Solucion:  35 1 39 80 65 74 60 67 70 72 38 58 24 5 23 13 16 0 48 51 68 88 97 41 98 94 73 85 29 59 7 36 69 11 61 37 87 84 19 81 96 18 34 66 75 10 46 78 8 25 27 86 17 95 3 4 9 22 89 49 6 45 83 55 31 14 20 53 15 30 21 93 91 42 92 63 28 40 52 79 32 44 56 77 64 57 99 90 33 43 76 82 2 54 12 50 47 62 71 26
Coste: 21679795

GENERACION: 570
Mejor Solucion:  35 1 39 80 65 74 60 67 70 72 38 58 24 5 23 13 16 0 48 51 68 88 97 41 98 94 73 85 29 59 7 36 69 11 61 37 87 84 19 81 96 18 34 66 75 10 46 78 8 25 27 86 17 95 3 4 9 22 89 49 6 45 83 55 31 14 20 53 15 30 21 93 91 42 92 63 28 40 52 79 32 44 56 77 64 57 99 90 33 43 76 82 2 54 12 50 47 62 71 26
Coste: 21679795

GENERACION: 575
Mejor Solucion:  35 1 39 80 65 74 60 67 70 72 38 58 24 5 23 13 16 0 48 51 68 88 97 41 98 94 73 85 29 59 7 36 69 11 61 37 87 84 19 81 96 18 34 66 75 10 46 78 8 25 27 86 17 95 3 4 9 22 89 49 6 45 83 55 31 14 20 53 15 30 21 93 91 42 92 63 28 40 52 79 32 44 56 77 64 57 99 90 33 43 76 82 2 54 12 50 47 62 71 26
Coste: 21679795

GENERACION: 580
Mejor Solucion:  35 1 39 80 65 74 60 67 70 72 38 58 24 5 23 13 16 0 48 51 68 88 97 41 98 94 73 85 29 59 7 36 69 11 61 37 87 84 19 81 96 18 34 66 75 10 46 78 8 25 27 86 17 95 3 4 9 22 89 49 6 45 83 55 31 14 20 53 15 30 21 93 91 42 92 63 28 40 52 79 32 44 56 77 64 57 99 90 33 43 76 82 2 54 12 50 47 62 71 26
Coste: 21679795

GENERACION: 585
Mejor Solucion:  35 1 39 80 65 74 60 67 70 72 38 58 24 5 23 13 16 0 48 51 68 88 97 41 98 94 73 85 29 59 7 36 69 11 61 37 87 84 19 81 96 18 34 66 75 10 46 78 8 25 27 86 17 95 3 4 9 22 89 49 6 45 83 55 31 14 20 53 15 30 21 93 91 42 92 63 28 40 52 79 32 44 56 77 64 57 99 90 33 43 76 82 2 54 12 50 47 62 71 26
Coste: 21679795

GENERACION: 590
Mejor Solucion:  35 1 39 80 65 74 60 67 70 72 38 58 24 5 23 13 16 0 48 51 68 88 97 41 98 94 73 85 29 59 7 36 69 11 61 37 87 84 19 81 96 18 34 66 75 10 46 78 8 25 27 86 17 95 3 4 9 22 89 49 6 45 83 55 31 14 20 53 15 30 21 93 91 42 92 63 28 40 52 79 32 44 56 77 64 57 99 90 33 43 76 82 2 54 12 50 47 62 71 26
Coste: 21679795

GENERACION: 595
Mejor Solucion:  35 1 39 80 65 74 60 67 70 72 38 58 24 5 23 13 16 0 48 51 68 88 97 41 98 94 73 85 29 59 7 36 69 11 61 37 87 84 19 81 96 18 34 66 75 10 46 78 8 25 27 86 17 95 3 4 9 22 89 49 6 45 83 55 31 14 20 53 15 30 21 93 91 42 92 63 28 40 52 79 32 44 56 77 64 57 99 90 33 43 76 82 2 54 12 50 47 62 71 26
Coste: 21679795

GENERACION: 600
Mejor Solucion:  35 1 39 80 65 74 60 67 70 72 38 58 24 5 23 13 16 0 48 51 68 88 97 41 98 94 73 85 29 59 7 36 69 11 61 37 87 84 19 81 96 18 34 66 75 10 46 78 8 25 27 86 17 95 3 4 9 22 89 49 6 45 83 55 31 14 20 53 15 30 21 93 91 42 92 63 28 40 52 79 32 44 56 77 64 57 99 90 33 43 76 82 2 54 12 50 47 62 71 26
Coste: 21679795

GENERACION: 605
Mejor Solucion:  35 1 39 80 65 74 60 67 70 72 38 58 24 5 23 13 16 0 48 51 68 88 97 41 98 94 73 85 29 59 7 36 69 11 61 37 87 84 19 81 96 18 34 66 75 10 46 78 8 25 27 86 17 95 3 4 9 22 89 49 6 45 83 55 31 14 20 53 15 30 21 93 91 42 92 63 28 40 52 79 32 44 56 77 64 57 99 90 33 43 76 82 2 54 12 50 47 62 71 26
Coste: 21679795

GENERACION: 610
Mejor Solucion:  35 1 39 80 65 74 60 67 70 72 38 58 24 5 23 13 16 0 48 51 68 88 97 41 98 94 73 85 29 59 7 36 69 11 61 37 87 84 19 81 96 18 34 66 75 10 46 78 8 25 27 86 17 95 3 4 9 22 89 49 6 45 83 55 31 14 20 53 15 30 21 93 91 42 92 63 28 40 52 79 32 44 56 77 64 57 99 90 33 43 76 82 2 54 12 50 47 62 71 26
Coste: 21679795

GENERACION: 615
Mejor Solucion:  35 1 39 80 65 74 60 67 70 72 38 58 24 5 23 13 16 0 48 51 68 88 97 41 98 94 73 85 29 59 7 36 69 11 61 37 87 84 19 81 96 18 34 66 75 10 46 78 8 25 27 86 17 95 3 4 9 22 89 49 6 45 83 55 31 14 20 53 15 30 21 93 91 42 92 63 28 40 52 79 32 44 56 77 64 57 99 90 33 43 76 82 2 54 12 50 47 62 71 26
Coste: 21679795

GENERACION: 620
Mejor Solucion:  35 1 39 80 65 74 60 67 70 72 38 58 24 5 23 13 16 0 48 51 68 88 97 41 98 94 73 85 29 59 7 36 69 11 61 37 87 84 19 81 96 18 34 66 75 10 46 78 8 25 27 86 17 95 3 4 9 22 89 49 6 45 83 55 31 14 20 53 15 30 21 93 91 42 92 63 28 40 52 79 32 44 56 77 64 57 99 90 33 43 76 82 2 54 12 50 47 62 71 26
Coste: 21679795

GENERACION: 625
Mejor Solucion:  35 1 39 80 65 74 60 67 70 72 38 58 24 5 23 13 16 0 48 51 68 88 97 41 98 94 73 85 29 59 7 36 69 11 61 37 87 84 19 81 96 18 34 66 75 10 46 78 8 25 27 86 17 95 3 4 9 22 89 49 6 45 83 55 31 14 20 53 15 30 21 93 91 42 92 63 28 40 52 79 32 44 56 77 64 57 99 90 33 43 76 82 2 54 12 50 47 62 71 26
Coste: 21679795

GENERACION: 630
Mejor Solucion:  35 1 39 80 65 74 60 67 70 72 38 58 24 5 23 13 16 0 48 51 68 88 97 41 98 94 73 85 29 59 7 36 69 11 61 37 87 84 19 81 96 18 34 66 75 10 46 78 8 25 27 86 17 95 3 4 9 22 89 49 6 45 83 55 31 14 20 53 15 30 21 93 91 42 92 63 28 40 52 79 32 44 56 77 64 57 99 90 33 43 76 82 2 54 12 50 47 62 71 26
Coste: 21679795

GENERACION: 635
Mejor Solucion:  35 1 39 80 65 74 60 67 70 72 38 58 24 5 23 13 16 0 48 51 68 88 97 41 98 94 73 85 29 59 7 36 69 11 61 37 87 84 19 81 96 18 34 66 75 10 46 78 8 25 27 86 17 95 3 4 9 22 89 49 6 45 83 55 31 14 20 53 15 30 21 93 91 42 92 63 28 40 52 79 32 44 56 77 64 57 99 90 33 43 76 82 2 54 12 50 47 62 71 26
Coste: 21679795

GENERACION: 640
Mejor Solucion:  35 1 39 80 65 74 60 67 70 72 38 58 24 5 23 13 16 0 48 51 68 88 97 41 98 94 73 85 29 59 7 36 69 11 61 37 87 84 19 81 96 18 34 66 75 10 46 78 8 25 27 86 17 95 3 4 9 22 89 49 6 45 83 55 31 14 20 53 15 30 21 93 91 42 92 63 28 40 52 79 32 44 56 77 64 57 99 90 33 43 76 82 2 54 12 50 47 62 71 26
Coste: 21679795

GENERACION: 645
Mejor Solucion:  35 1 39 80 65 74 60 67 70 72 38 58 24 5 23 13 16 0 48 51 68 88 97 41 98 94 73 85 29 59 7 36 69 11 61 37 87 84 19 81 96 18 34 66 75 10 46 78 8 25 27 86 17 95 3 4 9 22 89 49 6 45 83 55 31 14 20 53 15 30 21 93 91 42 92 63 28 40 52 79 32 44 56 77 64 57 99 90 33 43 76 82 2 54 12 50 47 62 71 26
Coste: 21679795

GENERACION: 650
Mejor Solucion:  35 1 39 80 65 74 60 67 70 72 38 58 24 5 23 13 16 0 48 51 68 88 97 41 98 94 73 85 29 59 7 36 69 11 61 37 87 84 19 81 96 18 34 66 75 10 46 78 8 25 27 86 17 95 3 4 9 22 89 49 6 45 83 55 31 14 20 53 15 30 21 93 91 42 92 63 28 40 52 79 32 44 56 77 64 57 99 90 33 43 76 82 2 54 12 50 47 62 71 26
Coste: 21679795

GENERACION: 655
Mejor Solucion:  35 1 39 80 65 74 60 67 70 72 38 58 24 5 23 13 16 0 48 51 68 88 97 41 98 94 73 85 29 59 7 36 69 11 61 37 87 84 19 81 96 18 34 66 75 10 46 78 8 25 27 86 17 95 3 4 9 22 89 49 6 45 83 55 31 14 20 53 15 30 21 93 91 42 92 63 28 40 52 79 32 44 56 77 64 57 99 90 33 43 76 82 2 54 12 50 47 62 71 26
Coste: 21679795

GENERACION: 660
Mejor Solucion:  35 1 39 80 65 74 60 67 70 72 38 58 24 5 23 13 16 0 48 51 68 88 97 41 98 94 73 85 29 59 7 36 69 11 61 37 87 84 19 81 96 18 34 66 75 10 46 78 8 25 27 86 17 95 3 4 9 22 89 49 6 45 83 55 31 14 20 53 15 30 21 93 91 42 92 63 28 40 52 79 32 44 56 77 64 57 99 90 33 43 76 82 2 54 12 50 47 62 71 26
Coste: 21679795

GENERACION: 665
Mejor Solucion:  35 1 39 80 65 74 60 67 70 72 38 58 24 5 23 13 16 0 48 51 68 88 97 41 98 94 73 85 29 59 7 36 69 11 61 37 87 84 19 81 96 18 34 66 75 10 46 78 8 25 27 86 17 95 3 4 9 22 89 49 6 45 83 55 31 14 20 53 15 30 21 93 91 42 92 63 28 40 52 79 32 44 56 77 64 57 99 90 33 43 76 82 2 54 12 50 47 62 71 26
Coste: 21679795

GENERACION: 670
Mejor Solucion:  35 1 39 80 65 74 60 67 70 72 38 58 24 5 23 13 16 0 48 51 68 88 97 41 98 94 73 85 29 59 7 36 69 11 61 37 87 84 19 81 96 18 34 66 75 10 46 78 8 25 27 86 17 95 3 4 9 22 89 49 6 45 83 55 31 14 20 53 15 30 21 93 91 42 92 63 28 40 52 79 32 44 56 77 64 57 99 90 33 43 76 82 2 54 12 50 47 62 71 26
Coste: 21679795

GENERACION: 675
Mejor Solucion:  35 1 39 80 65 74 60 67 70 72 38 58 24 5 23 13 16 0 48 51 68 88 97 41 98 94 73 85 29 59 7 36 69 11 61 37 87 84 19 81 96 18 34 66 75 10 46 78 8 25 27 86 17 95 3 4 9 22 89 49 6 45 83 55 31 14 20 53 15 30 21 93 91 42 92 63 28 40 52 79 32 44 56 77 64 57 99 90 33 43 76 82 2 54 12 50 47 62 71 26
Coste: 21679795

GENERACION: 680
Mejor Solucion:  35 1 39 80 65 74 60 67 70 72 38 58 24 5 23 13 16 0 48 51 68 88 97 41 98 94 73 85 29 59 7 36 69 11 61 37 87 84 19 81 96 18 34 66 75 10 46 78 8 25 27 86 17 95 3 4 9 22 89 49 6 45 83 55 31 14 20 53 15 30 21 93 91 42 92 63 28 40 52 79 32 44 56 77 64 57 99 90 33 43 76 82 2 54 12 50 47 62 71 26
Coste: 21679795

GENERACION: 685
Mejor Solucion:  35 1 39 80 65 74 60 67 70 72 38 58 24 5 23 13 16 0 48 51 68 88 97 41 98 94 73 85 29 59 7 36 69 11 61 37 87 84 19 81 96 18 34 66 75 10 46 78 8 25 27 86 17 95 3 4 9 22 89 49 6 45 83 55 31 14 20 53 15 30 21 93 91 42 92 63 28 40 52 79 32 44 56 77 64 57 99 90 33 43 76 82 2 54 12 50 47 62 71 26
Coste: 21679795

GENERACION: 690
Mejor Solucion:  35 1 39 80 65 74 60 67 70 72 38 58 24 5 23 13 16 0 48 51 68 88 97 41 98 94 73 85 29 59 7 36 69 11 61 37 87 84 19 81 96 18 34 66 75 10 46 78 8 25 27 86 17 95 3 4 9 22 89 49 6 45 83 55 31 14 20 53 15 30 21 93 91 42 92 63 28 40 52 79 32 44 56 77 64 57 99 90 33 43 76 82 2 54 12 50 47 62 71 26
Coste: 21679795

GENERACION: 695
Mejor Solucion:  35 1 39 80 65 74 60 67 70 72 38 58 24 5 23 13 16 0 48 51 68 88 97 41 98 94 73 85 29 59 7 36 69 11 61 37 87 84 19 81 96 18 34 66 75 10 46 78 8 25 27 86 17 95 3 4 9 22 89 49 6 45 83 55 31 14 20 53 15 30 21 93 91 42 92 63 28 40 52 79 32 44 56 77 64 57 99 90 33 43 76 82 2 54 12 50 47 62 71 26
Coste: 21679795

GENERACION: 700
Mejor Solucion:  35 1 39 80 65 74 60 67 70 72 38 58 24 5 23 13 16 0 48 51 68 88 97 41 98 94 73 85 29 59 7 36 69 11 61 37 87 84 19 81 96 18 34 66 75 10 46 78 8 25 27 86 17 95 3 4 9 22 89 49 6 45 83 55 31 14 20 53 15 30 21 93 91 42 92 63 28 40 52 79 32 44 56 77 64 57 99 90 33 43 76 82 2 54 12 50 47 62 71 26
Coste: 21679795

GENERACION: 705
Mejor Solucion:  35 1 39 80 65 74 60 67 70 72 38 58 24 5 23 13 16 0 48 51 68 88 97 41 98 94 73 85 29 59 7 36 69 11 61 37 87 84 19 81 96 18 34 66 75 10 46 78 8 25 27 86 17 95 3 4 9 22 89 49 6 45 83 55 31 14 20 53 15 30 21 93 91 42 92 63 28 40 52 79 32 44 56 77 64 57 99 90 33 43 76 82 2 54 12 50 47 62 71 26
Coste: 21679795

GENERACION: 710
Mejor Solucion:  35 1 39 80 65 74 60 67 70 72 38 58 24 5 23 13 16 0 48 51 68 88 97 41 98 94 73 85 29 59 7 36 69 11 61 37 87 84 19 81 96 18 34 66 75 10 46 78 8 25 27 86 17 95 3 4 9 22 89 49 6 45 83 55 31 14 20 53 15 30 21 93 91 42 92 63 28 40 52 79 32 44 56 77 64 57 99 90 33 43 76 82 2 54 12 50 47 62 71 26
Coste: 21679795

GENERACION: 715
Mejor Solucion:  35 1 39 80 65 74 60 67 70 72 38 58 24 5 23 13 16 0 48 51 68 88 97 41 98 94 73 85 29 59 7 36 69 11 61 37 87 84 19 81 96 18 34 66 75 10 46 78 8 25 27 86 17 95 3 4 9 22 89 49 6 45 83 55 31 14 20 53 15 30 21 93 91 42 92 63 28 40 52 79 32 44 56 77 64 57 99 90 33 43 76 82 2 54 12 50 47 62 71 26
Coste: 21679795

GENERACION: 720
Mejor Solucion:  35 1 39 80 65 74 60 67 70 72 38 58 24 5 23 13 16 0 48 51 68 88 97 41 98 94 73 85 29 59 7 36 69 11 61 37 87 84 19 81 96 18 34 66 75 10 46 78 8 25 27 86 17 95 3 4 9 22 89 49 6 45 83 55 31 14 20 53 15 30 21 93 91 42 92 63 28 40 52 79 32 44 56 77 64 57 99 90 33 43 76 82 2 54 12 50 47 62 71 26
Coste: 21679795

GENERACION: 725
Mejor Solucion:  35 1 39 80 65 74 60 67 70 72 38 58 24 5 23 13 16 0 48 51 68 88 97 41 98 94 73 85 29 59 7 36 69 11 61 37 87 84 19 81 96 18 34 66 75 10 46 78 8 25 27 86 17 95 3 4 9 22 89 49 6 45 83 55 31 14 20 53 15 30 21 93 91 42 92 63 28 40 52 79 32 44 56 77 64 57 99 90 33 43 76 82 2 54 12 50 47 62 71 26
Coste: 21679795

GENERACION: 730
Mejor Solucion:  35 1 39 80 65 74 60 67 70 72 38 58 24 5 23 13 16 0 48 51 68 88 97 41 98 94 73 85 29 59 7 36 69 11 61 37 87 84 19 81 96 18 34 66 75 10 46 78 8 25 27 86 17 95 3 4 9 22 89 49 6 45 83 55 31 14 20 53 15 30 21 93 91 42 92 63 28 40 52 79 32 44 56 77 64 57 99 90 33 43 76 82 2 54 12 50 47 62 71 26
Coste: 21679795

GENERACION: 735
Mejor Solucion:  35 1 39 80 65 74 60 67 70 72 38 58 24 5 23 13 16 0 48 51 68 88 97 41 98 94 73 85 29 59 7 36 69 11 61 37 87 84 19 81 96 18 34 66 75 10 46 78 8 25 27 86 17 95 3 4 9 22 89 49 6 45 83 55 31 14 20 53 15 30 21 93 91 42 92 63 28 40 52 79 32 44 56 77 64 57 99 90 33 43 76 82 2 54 12 50 47 62 71 26
Coste: 21679795

GENERACION: 740
Mejor Solucion:  35 1 39 80 65 74 60 67 70 72 38 58 24 5 23 13 16 0 48 51 68 88 97 41 98 94 73 85 29 59 7 36 69 11 61 37 87 84 19 81 96 18 34 66 75 10 46 78 8 25 27 86 17 95 3 4 9 22 89 49 6 45 83 55 31 14 20 53 15 30 21 93 91 42 92 63 28 40 52 79 32 44 56 77 64 57 99 90 33 43 76 82 2 54 12 50 47 62 71 26
Coste: 21679795

GENERACION: 745
Mejor Solucion:  35 1 39 80 65 74 60 67 70 72 38 58 24 5 23 13 16 0 48 51 68 88 97 41 98 94 73 85 29 59 7 36 69 11 61 37 87 84 19 81 96 18 34 66 75 10 46 78 8 25 27 86 17 95 3 4 9 22 89 49 6 45 83 55 31 14 20 53 15 30 21 93 91 42 92 63 28 40 52 79 32 44 56 77 64 57 99 90 33 43 76 82 2 54 12 50 47 62 71 26
Coste: 21679795

GENERACION: 750
Mejor Solucion:  35 1 39 80 65 74 60 67 70 72 38 58 24 5 23 13 16 0 48 51 68 88 97 41 98 94 73 85 29 59 7 36 69 11 61 37 87 84 19 81 96 18 34 66 75 10 46 78 8 25 27 86 17 95 3 4 9 22 89 49 6 45 83 55 31 14 20 53 15 30 21 93 91 42 92 63 28 40 52 79 32 44 56 77 64 57 99 90 33 43 76 82 2 54 12 50 47 62 71 26
Coste: 21679795

GENERACION: 755
Mejor Solucion:  35 1 39 80 65 74 60 67 70 72 38 58 24 5 23 13 16 0 48 51 68 88 97 41 98 94 73 85 29 59 7 36 69 11 61 37 87 84 19 81 96 18 34 66 75 10 46 78 8 25 27 86 17 95 3 4 9 22 89 49 6 45 83 55 31 14 20 53 15 30 21 93 91 42 92 63 28 40 52 79 32 44 56 77 64 57 99 90 33 43 76 82 2 54 12 50 47 62 71 26
Coste: 21679795

GENERACION: 760
Mejor Solucion:  35 1 39 80 65 74 60 67 70 72 38 58 24 5 23 13 16 0 48 51 68 88 97 41 98 94 73 85 29 59 7 36 69 11 61 37 87 84 19 81 96 18 34 66 75 10 46 78 8 25 27 86 17 95 3 4 9 22 89 49 6 45 83 55 31 14 20 53 15 30 21 93 91 42 92 63 28 40 52 79 32 44 56 77 64 57 99 90 33 43 76 82 2 54 12 50 47 62 71 26
Coste: 21679795

GENERACION: 765
Mejor Solucion:  35 1 39 80 65 74 60 67 70 72 38 58 24 5 23 13 16 0 48 51 68 88 97 41 98 94 73 85 29 59 7 36 69 11 61 37 87 84 19 81 96 18 34 66 75 10 46 78 8 25 27 86 17 95 3 4 9 22 89 49 6 45 83 55 31 14 20 53 15 30 21 93 91 42 92 63 28 40 52 79 32 44 56 77 64 57 99 90 33 43 76 82 2 54 12 50 47 62 71 26
Coste: 21679795

GENERACION: 770
Mejor Solucion:  35 1 39 80 65 74 60 67 70 72 38 58 24 5 23 13 16 0 48 51 68 88 97 41 98 94 73 85 29 59 7 36 69 11 61 37 87 84 19 81 96 18 34 66 75 10 46 78 8 25 27 86 17 95 3 4 9 22 89 49 6 45 83 55 31 14 20 53 15 30 21 93 91 42 92 63 28 40 52 79 32 44 56 77 64 57 99 90 33 43 76 82 2 54 12 50 47 62 71 26
Coste: 21679795

GENERACION: 775
Mejor Solucion:  35 1 39 80 65 74 60 67 70 72 38 58 24 5 23 13 16 0 48 51 68 88 97 41 98 94 73 85 29 59 7 36 69 11 61 37 87 84 19 81 96 18 34 66 75 10 46 78 8 25 27 86 17 95 3 4 9 22 89 49 6 45 83 55 31 14 20 53 15 30 21 93 91 42 92 63 28 40 52 79 32 44 56 77 64 57 99 90 33 43 76 82 2 54 12 50 47 62 71 26
Coste: 21679795

GENERACION: 780
Mejor Solucion:  35 1 39 80 65 74 60 67 70 72 38 58 24 5 23 13 16 0 48 51 68 88 97 41 98 94 73 85 29 59 7 36 69 11 61 37 87 84 19 81 96 18 34 66 75 10 46 78 8 25 27 86 17 95 3 4 9 22 89 49 6 45 83 55 31 14 20 53 15 30 21 93 91 42 92 63 28 40 52 79 32 44 56 77 64 57 99 90 33 43 76 82 2 54 12 50 47 62 71 26
Coste: 21679795

GENERACION: 785
Mejor Solucion:  35 1 39 80 65 74 60 67 70 72 38 58 24 5 23 13 16 0 48 51 68 88 97 41 98 94 73 85 29 59 7 36 69 11 61 37 87 84 19 81 96 18 34 66 75 10 46 78 8 25 27 86 17 95 3 4 9 22 89 49 6 45 83 55 31 14 20 53 15 30 21 93 91 42 92 63 28 40 52 79 32 44 56 77 64 57 99 90 33 43 76 82 2 54 12 50 47 62 71 26
Coste: 21679795

GENERACION: 790
Mejor Solucion:  35 1 39 80 65 74 60 67 70 72 38 58 24 5 23 13 16 0 48 51 68 88 97 41 98 94 73 85 29 59 7 36 69 11 61 37 87 84 19 81 96 18 34 66 75 10 46 78 8 25 27 86 17 95 3 4 9 22 89 49 6 45 83 55 31 14 20 53 15 30 21 93 91 42 92 63 28 40 52 79 32 44 56 77 64 57 99 90 33 43 76 82 2 54 12 50 47 62 71 26
Coste: 21679795

GENERACION: 795
Mejor Solucion:  35 1 39 80 65 74 60 67 70 72 38 58 24 5 23 13 16 0 48 51 68 88 97 41 98 94 73 85 29 59 7 36 69 11 61 37 87 84 19 81 96 18 34 66 75 10 46 78 8 25 27 86 17 95 3 4 9 22 89 49 6 45 83 55 31 14 20 53 15 30 21 93 91 42 92 63 28 40 52 79 32 44 56 77 64 57 99 90 33 43 76 82 2 54 12 50 47 62 71 26
Coste: 21679795

GENERACION: 800
Mejor Solucion:  35 1 39 80 65 74 60 67 70 72 38 58 24 5 23 13 16 0 48 51 68 88 97 41 98 94 73 85 29 59 7 36 69 11 61 37 87 84 19 81 96 18 34 66 75 10 46 78 8 25 27 86 17 95 3 4 9 22 89 49 6 45 83 55 31 14 20 53 15 30 21 93 91 42 92 63 28 40 52 79 32 44 56 77 64 57 99 90 33 43 76 82 2 54 12 50 47 62 71 26
Coste: 21679795

GENERACION: 805
Mejor Solucion:  35 1 39 80 65 74 60 67 70 72 38 58 24 5 23 13 16 0 48 51 68 88 97 41 98 94 73 85 29 59 7 36 69 11 61 37 87 84 19 81 96 18 34 66 75 10 46 78 8 25 27 86 17 95 3 4 9 22 89 49 6 45 83 55 31 14 20 53 15 30 21 93 91 42 92 63 28 40 52 79 32 44 56 77 64 57 99 90 33 43 76 82 2 54 12 50 47 62 71 26
Coste: 21679795

GENERACION: 810
Mejor Solucion:  35 1 39 80 65 74 60 67 70 72 38 58 24 5 23 13 16 0 48 51 68 88 97 41 98 94 73 85 29 59 7 36 69 11 61 37 87 84 19 81 96 18 34 66 75 10 46 78 8 25 27 86 17 95 3 4 9 22 89 49 6 45 83 55 31 14 20 53 15 30 21 93 91 42 92 63 28 40 52 79 32 44 56 77 64 57 99 90 33 43 76 82 2 54 12 50 47 62 71 26
Coste: 21679795

GENERACION: 815
Mejor Solucion:  35 1 39 80 65 74 60 67 70 72 38 58 24 5 23 13 16 0 48 51 68 88 97 41 98 94 73 85 29 59 7 36 69 11 61 37 87 84 19 81 96 18 34 66 75 10 46 78 8 25 27 86 17 95 3 4 9 22 89 49 6 45 83 55 31 14 20 53 15 30 21 93 91 42 92 63 28 40 52 79 32 44 56 77 64 57 99 90 33 43 76 82 2 54 12 50 47 62 71 26
Coste: 21679795

GENERACION: 820
Mejor Solucion:  35 1 39 80 65 74 60 67 70 72 38 58 24 5 23 13 16 0 48 51 68 88 97 41 98 94 73 85 29 59 7 36 69 11 61 37 87 84 19 81 96 18 34 66 75 10 46 78 8 25 27 86 17 95 3 4 9 22 89 49 6 45 83 55 31 14 20 53 15 30 21 93 91 42 92 63 28 40 52 79 32 44 56 77 64 57 99 90 33 43 76 82 2 54 12 50 47 62 71 26
Coste: 21679795

GENERACION: 825
Mejor Solucion:  35 1 39 80 65 74 60 67 70 72 38 58 24 5 23 13 16 0 48 51 68 88 97 41 98 94 73 85 29 59 7 36 69 11 61 37 87 84 19 81 96 18 34 66 75 10 46 78 8 25 27 86 17 95 3 4 9 22 89 49 6 45 83 55 31 14 20 53 15 30 21 93 91 42 92 63 28 40 52 79 32 44 56 77 64 57 99 90 33 43 76 82 2 54 12 50 47 62 71 26
Coste: 21679795

GENERACION: 830
Mejor Solucion:  35 1 39 80 65 74 60 67 70 72 38 58 24 5 23 13 16 0 48 51 68 88 97 41 98 94 73 85 29 59 7 36 69 11 61 37 87 84 19 81 96 18 34 66 75 10 46 78 8 25 27 86 17 95 3 4 9 22 89 49 6 45 83 55 31 14 20 53 15 30 21 93 91 42 92 63 28 40 52 79 32 44 56 77 64 57 99 90 33 43 76 82 2 54 12 50 47 62 71 26
Coste: 21679795

GENERACION: 835
Mejor Solucion:  35 1 39 80 65 74 60 67 70 72 38 58 24 5 23 13 16 0 48 51 68 88 97 41 98 94 73 85 29 59 7 36 69 11 61 37 87 84 19 81 96 18 34 66 75 10 46 78 8 25 27 86 17 95 3 4 9 22 89 49 6 45 83 55 31 14 20 53 15 30 21 93 91 42 92 63 28 40 52 79 32 44 56 77 64 57 99 90 33 43 76 82 2 54 12 50 47 62 71 26
Coste: 21679795

GENERACION: 840
Mejor Solucion:  35 1 39 80 65 74 60 67 70 72 38 58 24 5 23 13 16 0 48 51 68 88 97 41 98 94 73 85 29 59 7 36 69 11 61 37 87 84 19 81 96 18 34 66 75 10 46 78 8 25 27 86 17 95 3 4 9 22 89 49 6 45 83 55 31 14 20 53 15 30 21 93 91 42 92 63 28 40 52 79 32 44 56 77 64 57 99 90 33 43 76 82 2 54 12 50 47 62 71 26
Coste: 21679795

GENERACION: 845
Mejor Solucion:  35 1 39 80 65 74 60 67 70 72 38 58 24 5 23 13 16 0 48 51 68 88 97 41 98 94 73 85 29 59 7 36 69 11 61 37 87 84 19 81 96 18 34 66 75 10 46 78 8 25 27 86 17 95 3 4 9 22 89 49 6 45 83 55 31 14 20 53 15 30 21 93 91 42 92 63 28 40 52 79 32 44 56 77 64 57 99 90 33 43 76 82 2 54 12 50 47 62 71 26
Coste: 21679795

GENERACION: 850
Mejor Solucion:  35 1 39 80 65 74 60 67 70 72 38 58 24 5 23 13 16 0 48 51 68 88 97 41 98 94 73 85 29 59 7 36 69 11 61 37 87 84 19 81 96 18 34 66 75 10 46 78 8 25 27 86 17 95 3 4 9 22 89 49 6 45 83 55 31 14 20 53 15 30 21 93 91 42 92 63 28 40 52 79 32 44 56 77 64 57 99 90 33 43 76 82 2 54 12 50 47 62 71 26
Coste: 21679795

GENERACION: 855
Mejor Solucion:  35 1 39 80 65 74 60 67 70 72 38 58 24 5 23 13 16 0 48 51 68 88 97 41 98 94 73 85 29 59 7 36 69 11 61 37 87 84 19 81 96 18 34 66 75 10 46 78 8 25 27 86 17 95 3 4 9 22 89 49 6 45 83 55 31 14 20 53 15 30 21 93 91 42 92 63 28 40 52 79 32 44 56 77 64 57 99 90 33 43 76 82 2 54 12 50 47 62 71 26
Coste: 21679795

GENERACION: 860
Mejor Solucion:  35 1 39 80 65 74 60 67 70 72 38 58 24 5 23 13 16 0 48 51 68 88 97 41 98 94 73 85 29 59 7 36 69 11 61 37 87 84 19 81 96 18 34 66 75 10 46 78 8 25 27 86 17 95 3 4 9 22 89 49 6 45 83 55 31 14 20 53 15 30 21 93 91 42 92 63 28 40 52 79 32 44 56 77 64 57 99 90 33 43 76 82 2 54 12 50 47 62 71 26
Coste: 21679795

GENERACION: 865
Mejor Solucion:  35 1 39 80 65 74 60 67 70 72 38 58 24 5 23 13 16 0 48 51 68 88 97 41 98 94 73 85 29 59 7 36 69 11 61 37 87 84 19 81 96 18 34 66 75 10 46 78 8 25 27 86 17 95 3 4 9 22 89 49 6 45 83 55 31 14 20 53 15 30 21 93 91 42 92 63 28 40 52 79 32 44 56 77 64 57 99 90 33 43 76 82 2 54 12 50 47 62 71 26
Coste: 21679795

GENERACION: 870
Mejor Solucion:  35 1 39 80 65 74 60 67 70 72 38 58 24 5 23 13 16 0 48 51 68 88 97 41 98 94 73 85 29 59 7 36 69 11 61 37 87 84 19 81 96 18 34 66 75 10 46 78 8 25 27 86 17 95 3 4 9 22 89 49 6 45 83 55 31 14 20 53 15 30 21 93 91 42 92 63 28 40 52 79 32 44 56 77 64 57 99 90 33 43 76 82 2 54 12 50 47 62 71 26
Coste: 21679795

GENERACION: 875
Mejor Solucion:  35 1 39 80 65 74 60 67 70 72 38 58 24 5 23 13 16 0 48 51 68 88 97 41 98 94 73 85 29 59 7 36 69 11 61 37 87 84 19 81 96 18 34 66 75 10 46 78 8 25 27 86 17 95 3 4 9 22 89 49 6 45 83 55 31 14 20 53 15 30 21 93 91 42 92 63 28 40 52 79 32 44 56 77 64 57 99 90 33 43 76 82 2 54 12 50 47 62 71 26
Coste: 21679795

GENERACION: 880
Mejor Solucion:  35 1 39 80 65 74 60 67 70 72 38 58 24 5 23 13 16 0 48 51 68 88 97 41 98 94 73 85 29 59 7 36 69 11 61 37 87 84 19 81 96 18 34 66 75 10 46 78 8 25 27 86 17 95 3 4 9 22 89 49 6 45 83 55 31 14 20 53 15 30 21 93 91 42 92 63 28 40 52 79 32 44 56 77 64 57 99 90 33 43 76 82 2 54 12 50 47 62 71 26
Coste: 21679795

GENERACION: 885
Mejor Solucion:  35 1 39 80 65 74 60 67 70 72 38 58 24 5 23 13 16 0 48 51 68 88 97 41 98 94 73 85 29 59 7 36 69 11 61 37 87 84 19 81 96 18 34 66 75 10 46 78 8 25 27 86 17 95 3 4 9 22 89 49 6 45 83 55 31 14 20 53 15 30 21 93 91 42 92 63 28 40 52 79 32 44 56 77 64 57 99 90 33 43 76 82 2 54 12 50 47 62 71 26
Coste: 21679795

GENERACION: 890
Mejor Solucion:  35 1 39 80 65 74 60 67 70 72 38 58 24 5 23 13 16 0 48 51 68 88 97 41 98 94 73 85 29 59 7 36 69 11 61 37 87 84 19 81 96 18 34 66 75 10 46 78 8 25 27 86 17 95 3 4 9 22 89 49 6 45 83 55 31 14 20 53 15 30 21 93 91 42 92 63 28 40 52 79 32 44 56 77 64 57 99 90 33 43 76 82 2 54 12 50 47 62 71 26
Coste: 21679795

GENERACION: 895
Mejor Solucion:  35 1 39 80 65 74 60 67 70 72 38 58 24 5 23 13 16 0 48 51 68 88 97 41 98 94 73 85 29 59 7 36 69 11 61 37 87 84 19 81 96 18 34 66 75 10 46 78 8 25 27 86 17 95 3 4 9 22 89 49 6 45 83 55 31 14 20 53 15 30 21 93 91 42 92 63 28 40 52 79 32 44 56 77 64 57 99 90 33 43 76 82 2 54 12 50 47 62 71 26
Coste: 21679795

GENERACION: 900
Mejor Solucion:  35 1 39 80 65 74 60 67 70 72 38 58 24 5 23 13 16 0 48 51 68 88 97 41 98 94 73 85 29 59 7 36 69 11 61 37 87 84 19 81 96 18 34 66 75 10 46 78 8 25 27 86 17 95 3 4 9 22 89 49 6 45 83 55 31 14 20 53 15 30 21 93 91 42 92 63 28 40 52 79 32 44 56 77 64 57 99 90 33 43 76 82 2 54 12 50 47 62 71 26
Coste: 21679795

GENERACION: 905
Mejor Solucion:  35 1 39 80 65 74 60 67 70 72 38 58 24 5 23 13 16 0 48 51 68 88 97 41 98 94 73 85 29 59 7 36 69 11 61 37 87 84 19 81 96 18 34 66 75 10 46 78 8 25 27 86 17 95 3 4 9 22 89 49 6 45 83 55 31 14 20 53 15 30 21 93 91 42 92 63 28 40 52 79 32 44 56 77 64 57 99 90 33 43 76 82 2 54 12 50 47 62 71 26
Coste: 21679795

GENERACION: 910
Mejor Solucion:  35 1 39 80 65 74 60 67 70 72 38 58 24 5 23 13 16 0 48 51 68 88 97 41 98 94 73 85 29 59 7 36 69 11 61 37 87 84 19 81 96 18 34 66 75 10 46 78 8 25 27 86 17 95 3 4 9 22 89 49 6 45 83 55 31 14 20 53 15 30 21 93 91 42 92 63 28 40 52 79 32 44 56 77 64 57 99 90 33 43 76 82 2 54 12 50 47 62 71 26
Coste: 21679795

GENERACION: 915
Mejor Solucion:  35 1 39 80 65 74 60 67 70 72 38 58 24 5 23 13 16 0 48 51 68 88 97 41 98 94 73 85 29 59 7 36 69 11 61 37 87 84 19 81 96 18 34 66 75 10 46 78 8 25 27 86 17 95 3 4 9 22 89 49 6 45 83 55 31 14 20 53 15 30 21 93 91 42 92 63 28 40 52 79 32 44 56 77 64 57 99 90 33 43 76 82 2 54 12 50 47 62 71 26
Coste: 21679795

GENERACION: 920
Mejor Solucion:  35 1 39 80 65 74 60 67 70 72 38 58 24 5 23 13 16 0 48 51 68 88 97 41 98 94 73 85 29 59 7 36 69 11 61 37 87 84 19 81 96 18 34 66 75 10 46 78 8 25 27 86 17 95 3 4 9 22 89 49 6 45 83 55 31 14 20 53 15 30 21 93 91 42 92 63 28 40 52 79 32 44 56 77 64 57 99 90 33 43 76 82 2 54 12 50 47 62 71 26
Coste: 21679795

GENERACION: 925
Mejor Solucion:  35 1 39 80 65 74 60 67 70 72 38 58 24 5 23 13 16 0 48 51 68 88 97 41 98 94 73 85 29 59 7 36 69 11 61 37 87 84 19 81 96 18 34 66 75 10 46 78 8 25 27 86 17 95 3 4 9 22 89 49 6 45 83 55 31 14 20 53 15 30 21 93 91 42 92 63 28 40 52 79 32 44 56 77 64 57 99 90 33 43 76 82 2 54 12 50 47 62 71 26
Coste: 21679795

GENERACION: 930
Mejor Solucion:  35 1 39 80 65 74 60 67 70 72 38 58 24 5 23 13 16 0 48 51 68 88 97 41 98 94 73 85 29 59 7 36 69 11 61 37 87 84 19 81 96 18 34 66 75 10 46 78 8 25 27 86 17 95 3 4 9 22 89 49 6 45 83 55 31 14 20 53 15 30 21 93 91 42 92 63 28 40 52 79 32 44 56 77 64 57 99 90 33 43 76 82 2 54 12 50 47 62 71 26
Coste: 21679795

GENERACION: 935
Mejor Solucion:  35 1 39 80 65 74 60 67 70 72 38 58 24 5 23 13 16 0 48 51 68 88 97 41 98 94 73 85 29 59 7 36 69 11 61 37 87 84 19 81 96 18 34 66 75 10 46 78 8 25 27 86 17 95 3 4 9 22 89 49 6 45 83 55 31 14 20 53 15 30 21 93 91 42 92 63 28 40 52 79 32 44 56 77 64 57 99 90 33 43 76 82 2 54 12 50 47 62 71 26
Coste: 21679795

GENERACION: 940
Mejor Solucion:  35 1 39 80 65 74 60 67 70 72 38 58 24 5 23 13 16 0 48 51 68 88 97 41 98 94 73 85 29 59 7 36 69 11 61 37 87 84 19 81 96 18 34 66 75 10 46 78 8 25 27 86 17 95 3 4 9 22 89 49 6 45 83 55 31 14 20 53 15 30 21 93 91 42 92 63 28 40 52 79 32 44 56 77 64 57 99 90 33 43 76 82 2 54 12 50 47 62 71 26
Coste: 21679795

GENERACION: 945
Mejor Solucion:  35 1 39 80 65 74 60 67 70 72 38 58 24 5 23 13 16 0 48 51 68 88 97 41 98 94 73 85 29 59 7 36 69 11 61 37 87 84 19 81 96 18 34 66 75 10 46 78 8 25 27 86 17 95 3 4 9 22 89 49 6 45 83 55 31 14 20 53 15 30 21 93 91 42 92 63 28 40 52 79 32 44 56 77 64 57 99 90 33 43 76 82 2 54 12 50 47 62 71 26
Coste: 21679795

GENERACION: 950
Mejor Solucion:  35 1 39 80 65 74 60 67 70 72 38 58 24 5 23 13 16 0 48 51 68 88 97 41 98 94 73 85 29 59 7 36 69 11 61 37 87 84 19 81 96 18 34 66 75 10 46 78 8 25 27 86 17 95 3 4 9 22 89 49 6 45 83 55 31 14 20 53 15 30 21 93 91 42 92 63 28 40 52 79 32 44 56 77 64 57 99 90 33 43 76 82 2 54 12 50 47 62 71 26
Coste: 21679795

GENERACION: 955
Mejor Solucion:  35 1 39 80 65 74 60 67 70 72 38 58 24 5 23 13 16 0 48 51 68 88 97 41 98 94 73 85 29 59 7 36 69 11 61 37 87 84 19 81 96 18 34 66 75 10 46 78 8 25 27 86 17 95 3 4 9 22 89 49 6 45 83 55 31 14 20 53 15 30 21 93 91 42 92 63 28 40 52 79 32 44 56 77 64 57 99 90 33 43 76 82 2 54 12 50 47 62 71 26
Coste: 21679795

GENERACION: 960
Mejor Solucion:  35 1 39 80 65 74 60 67 70 72 38 58 24 5 23 13 16 0 48 51 68 88 97 41 98 94 73 85 29 59 7 36 69 11 61 37 87 84 19 81 96 18 34 66 75 10 46 78 8 25 27 86 17 95 3 4 9 22 89 49 6 45 83 55 31 14 20 53 15 30 21 93 91 42 92 63 28 40 52 79 32 44 56 77 64 57 99 90 33 43 76 82 2 54 12 50 47 62 71 26
Coste: 21679795

GENERACION: 965
Mejor Solucion:  35 1 39 80 65 74 60 67 70 72 38 58 24 5 23 13 16 0 48 51 68 88 97 41 98 94 73 85 29 59 7 36 69 11 61 37 87 84 19 81 96 18 34 66 75 10 46 78 8 25 27 86 17 95 3 4 9 22 89 49 6 45 83 55 31 14 20 53 15 30 21 93 91 42 92 63 28 40 52 79 32 44 56 77 64 57 99 90 33 43 76 82 2 54 12 50 47 62 71 26
Coste: 21679795

GENERACION: 970
Mejor Solucion:  35 1 39 80 65 74 60 67 70 72 38 58 24 5 23 13 16 0 48 51 68 88 97 41 98 94 73 85 29 59 7 36 69 11 61 37 87 84 19 81 96 18 34 66 75 10 46 78 8 25 27 86 17 95 3 4 9 22 89 49 6 45 83 55 31 14 20 53 15 30 21 93 91 42 92 63 28 40 52 79 32 44 56 77 64 57 99 90 33 43 76 82 2 54 12 50 47 62 71 26
Coste: 21679795

GENERACION: 975
Mejor Solucion:  35 1 39 80 65 74 60 67 70 72 38 58 24 5 23 13 16 0 48 51 68 88 97 41 98 94 73 85 29 59 7 36 69 11 61 37 87 84 19 81 96 18 34 66 75 10 46 78 8 25 27 86 17 95 3 4 9 22 89 49 6 45 83 55 31 14 20 53 15 30 21 93 91 42 92 63 28 40 52 79 32 44 56 77 64 57 99 90 33 43 76 82 2 54 12 50 47 62 71 26
Coste: 21679795

GENERACION: 980
Mejor Solucion:  35 1 39 80 65 74 60 67 70 72 38 58 24 5 23 13 16 0 48 51 68 88 97 41 98 94 73 85 29 59 7 36 69 11 61 37 87 84 19 81 96 18 34 66 75 10 46 78 8 25 27 86 17 95 3 4 9 22 89 49 6 45 83 55 31 14 20 53 15 30 21 93 91 42 92 63 28 40 52 79 32 44 56 77 64 57 99 90 33 43 76 82 2 54 12 50 47 62 71 26
Coste: 21679795

GENERACION: 985
Mejor Solucion:  35 1 39 80 65 74 60 67 70 72 38 58 24 5 23 13 16 0 48 51 68 88 97 41 98 94 73 85 29 59 7 36 69 11 61 37 87 84 19 81 96 18 34 66 75 10 46 78 8 25 27 86 17 95 3 4 9 22 89 49 6 45 83 55 31 14 20 53 15 30 21 93 91 42 92 63 28 40 52 79 32 44 56 77 64 57 99 90 33 43 76 82 2 54 12 50 47 62 71 26
Coste: 21679795

GENERACION: 990
Mejor Solucion:  35 1 39 80 65 74 60 67 70 72 38 58 24 5 23 13 16 0 48 51 68 88 97 41 98 94 73 85 29 59 7 36 69 11 61 37 87 84 19 81 96 18 34 66 75 10 46 78 8 25 27 86 17 95 3 4 9 22 89 49 6 45 83 55 31 14 20 53 15 30 21 93 91 42 92 63 28 40 52 79 32 44 56 77 64 57 99 90 33 43 76 82 2 54 12 50 47 62 71 26
Coste: 21679795

GENERACION: 995
Mejor Solucion:  35 1 39 80 65 74 60 67 70 72 38 58 24 5 23 13 16 0 48 51 68 88 97 41 98 94 73 85 29 59 7 36 69 11 61 37 87 84 19 81 96 18 34 66 75 10 46 78 8 25 27 86 17 95 3 4 9 22 89 49 6 45 83 55 31 14 20 53 15 30 21 93 91 42 92 63 28 40 52 79 32 44 56 77 64 57 99 90 33 43 76 82 2 54 12 50 47 62 71 26
Coste: 21679795

GENERACION: 1000
Mejor Solucion:  35 1 39 80 65 74 60 67 70 72 38 58 24 5 23 13 16 0 48 51 68 88 97 41 98 94 73 85 29 59 7 36 69 11 61 37 87 84 19 81 96 18 34 66 75 10 46 78 8 25 27 86 17 95 3 4 9 22 89 49 6 45 83 55 31 14 20 53 15 30 21 93 91 42 92 63 28 40 52 79 32 44 56 77 64 57 99 90 33 43 76 82 2 54 12 50 47 62 71 26
Coste: 21679795

