GENERACION: 5
Mejor Solucion:  1 57 71 89 40 95 20 18 85 83 52 38 87 5 3 81 13 42 45 47 8 14 82 60 46 65 73 23 36 35 61 11 54 77 6 68 56 19 43 39 0 63 51 29 80 4 64 86 69 90 26 7 21 9 28 31 66 2 92 12 59 30 98 15 48 91 49 53 94 79 27 32 24 44 50 25 33 96 58 67 16 74 70 75 37 62 10 55 17 72 93 99 97 84 88 76 34 22 78 41
Coste: 23823146

GENERACION: 10
Mejor Solucion:  1 3 28 71 74 78 89 57 79 11 66 38 34 97 5 13 33 68 92 67 52 14 76 49 61 32 25 63 50 12 30 22 24 53 69 77 55 81 73 39 18 9 47 29 45 4 65 95 80 59 41 7 82 42 60 48 85 43 23 88 26 17 75 46 31 87 64 56 15 6 35 86 94 58 0 40 8 96 98 70 72 27 44 62 51 54 83 90 91 84 36 19 20 93 37 16 21 99 10 2
Coste: 22832228

GENERACION: 15
Mejor Solucion:  1 3 28 71 74 78 89 57 79 11 66 38 77 97 5 13 33 68 80 67 52 17 76 25 61 64 49 63 50 20 27 22 24 53 69 34 55 81 73 39 18 9 47 29 45 4 65 95 92 59 84 7 82 42 60 48 85 43 35 88 26 14 56 46 31 87 32 75 15 6 23 86 94 58 0 40 8 96 98 70 21 44 30 62 51 54 83 90 91 41 36 19 12 93 37 16 72 99 10 2
Coste: 22284896

GENERACION: 20
Mejor Solucion:  70 60 44 71 25 23 17 57 52 11 54 38 34 97 5 98 33 30 79 67 28 64 56 87 61 73 66 63 3 21 89 75 58 53 69 77 85 81 18 39 6 86 78 29 47 4 65 95 83 32 84 16 82 42 20 48 68 43 7 88 92 14 80 50 24 76 26 72 15 36 2 94 45 46 41 40 8 96 49 91 0 35 22 62 51 13 12 90 59 74 31 19 1 93 37 9 55 99 27 10
Coste: 22258129

GENERACION: 25
Mejor Solucion:  70 60 44 71 25 23 17 57 52 11 54 38 34 97 5 98 33 30 79 67 28 64 56 87 61 73 66 63 3 21 89 75 58 53 69 77 85 81 18 39 6 86 78 29 47 4 65 95 83 32 84 16 82 42 20 48 68 43 7 88 92 14 80 50 24 76 26 72 15 36 2 94 45 46 41 40 8 96 49 91 0 35 22 62 51 13 12 90 59 74 31 19 1 93 37 9 55 99 27 10
Coste: 22258129

GENERACION: 30
Mejor Solucion:  97 35 1 27 25 3 96 47 52 11 86 38 42 5 66 92 72 19 73 16 4 64 8 28 61 9 79 69 75 45 99 67 58 53 56 77 14 98 18 29 49 23 78 21 91 20 83 62 39 6 57 51 82 33 0 17 68 46 7 88 12 50 80 89 81 76 26 65 32 43 2 94 85 44 41 95 31 40 30 24 87 54 22 59 63 13 84 90 93 74 70 36 15 48 37 60 55 34 71 10
Coste: 22166438

GENERACION: 35
Mejor Solucion:  97 35 1 27 25 3 96 47 52 11 86 38 42 5 66 92 72 19 73 16 4 64 8 28 61 9 79 69 75 45 99 67 58 53 56 77 14 98 18 29 49 23 78 21 91 20 83 62 39 6 57 51 82 33 0 17 68 46 7 88 12 50 80 89 81 76 26 65 32 43 2 94 85 44 41 95 31 40 30 24 87 54 22 59 63 13 84 90 93 74 70 36 15 48 37 60 55 34 71 10
Coste: 22166438

GENERACION: 40
Mejor Solucion:  91 28 47 73 59 46 96 53 48 70 7 29 3 69 66 85 87 19 17 34 9 2 61 74 62 8 75 94 67 71 90 0 37 20 97 23 35 12 26 14 76 86 58 60 80 54 83 42 98 6 95 77 10 63 16 18 56 21 88 50 1 33 39 15 27 38 93 13 32 64 24 5 44 45 68 79 40 30 31 36 92 65 99 82 78 11 43 72 41 52 89 55 51 25 84 81 49 4 57 22
Coste: 21790971

GENERACION: 45
Mejor Solucion:  91 28 47 73 59 46 96 53 48 70 7 29 3 69 66 85 87 19 17 34 9 2 61 74 62 8 75 94 67 71 90 0 37 20 97 23 35 12 26 14 76 86 58 60 80 54 83 42 98 6 95 77 10 63 16 18 56 21 88 50 1 33 39 15 27 38 93 13 32 64 24 5 44 45 68 79 40 30 31 36 92 65 99 82 78 11 43 72 41 52 89 55 51 25 84 81 49 4 57 22
Coste: 21790971

GENERACION: 50
Mejor Solucion:  91 28 47 73 59 46 96 53 48 70 7 29 3 69 66 85 87 19 17 34 9 2 61 74 62 8 75 94 67 71 90 0 37 20 97 23 35 12 26 14 76 86 58 60 80 54 83 42 98 6 95 77 10 63 16 18 56 21 88 50 1 33 39 15 27 38 93 13 32 64 24 5 44 45 68 79 40 30 31 36 92 65 99 82 78 11 43 72 41 52 89 55 51 25 84 81 49 4 57 22
Coste: 21790971

GENERACION: 55
Mejor Solucion:  91 28 47 73 59 46 96 53 48 70 7 29 3 69 66 85 87 19 17 34 9 2 61 74 62 8 75 94 67 71 90 0 37 20 97 23 35 12 26 14 76 86 58 60 80 54 83 42 98 6 95 77 10 63 16 18 56 21 88 50 1 33 39 15 27 38 93 13 32 64 24 5 44 45 68 79 40 30 31 36 92 65 99 82 78 11 43 72 41 52 89 55 51 25 84 81 49 4 57 22
Coste: 21790971

GENERACION: 60
Mejor Solucion:  91 28 47 73 59 46 96 53 48 70 7 29 3 69 66 85 87 19 17 34 9 2 61 74 62 8 75 94 67 71 90 0 37 20 97 23 35 12 26 14 76 86 58 60 80 54 83 42 98 6 95 77 10 63 16 18 56 21 88 50 1 33 39 15 27 38 93 13 32 64 24 5 44 45 68 79 40 30 31 36 92 65 99 82 78 11 43 72 41 52 89 55 51 25 84 81 49 4 57 22
Coste: 21790971

GENERACION: 65
Mejor Solucion:  91 28 47 73 59 46 96 53 48 70 7 29 3 69 66 85 87 19 17 34 9 2 61 74 62 8 75 94 67 71 90 0 37 20 97 23 35 12 26 14 76 86 58 60 80 54 83 42 98 6 95 77 10 63 16 18 56 21 88 50 1 33 39 15 27 38 93 13 32 64 24 5 44 45 68 79 40 30 31 36 92 65 99 82 78 11 43 72 41 52 89 55 51 25 84 81 49 4 57 22
Coste: 21790971

GENERACION: 70
Mejor Solucion:  91 28 47 73 59 46 96 53 48 70 7 29 3 69 66 85 87 19 17 34 9 2 61 74 62 8 75 94 67 71 90 0 37 20 97 23 35 12 26 14 76 86 58 60 80 54 83 42 98 6 95 77 10 63 16 18 56 21 88 50 1 33 39 15 27 38 93 13 32 64 24 5 44 45 68 79 40 30 31 36 92 65 99 82 78 11 43 72 41 52 89 55 51 25 84 81 49 4 57 22
Coste: 21790971

GENERACION: 75
Mejor Solucion:  91 28 47 73 59 46 96 53 48 70 7 29 3 69 66 85 87 19 17 34 9 2 61 74 62 8 75 94 67 71 90 0 37 20 97 23 35 12 26 14 76 86 58 60 80 54 83 42 98 6 95 77 10 63 16 18 56 21 88 50 1 33 39 15 27 38 93 13 32 64 24 5 44 45 68 79 40 30 31 36 92 65 99 82 78 11 43 72 41 52 89 55 51 25 84 81 49 4 57 22
Coste: 21790971

GENERACION: 80
Mejor Solucion:  91 28 47 73 59 46 96 53 48 70 7 29 3 69 66 85 87 19 17 34 9 2 61 74 62 8 75 94 67 71 90 0 37 20 97 23 35 12 26 14 76 86 58 60 80 54 83 42 98 6 95 77 10 63 16 18 56 21 88 50 1 33 39 15 27 38 93 13 32 64 24 5 44 45 68 79 40 30 31 36 92 65 99 82 78 11 43 72 41 52 89 55 51 25 84 81 49 4 57 22
Coste: 21790971

GENERACION: 85
Mejor Solucion:  91 28 47 73 59 46 96 53 48 70 7 29 3 69 66 85 87 19 17 34 9 2 61 74 62 8 75 94 67 71 90 0 37 20 97 23 35 12 26 14 76 86 58 60 80 54 83 42 98 6 95 77 10 63 16 18 56 21 88 50 1 33 39 15 27 38 93 13 32 64 24 5 44 45 68 79 40 30 31 36 92 65 99 82 78 11 43 72 41 52 89 55 51 25 84 81 49 4 57 22
Coste: 21790971

GENERACION: 90
Mejor Solucion:  91 28 47 73 59 46 96 53 48 70 7 29 3 69 66 85 87 19 17 34 9 2 61 74 62 8 75 94 67 71 90 0 37 20 97 23 35 12 26 14 76 86 58 60 80 54 83 42 98 6 95 77 10 63 16 18 56 21 88 50 1 33 39 15 27 38 93 13 32 64 24 5 44 45 68 79 40 30 31 36 92 65 99 82 78 11 43 72 41 52 89 55 51 25 84 81 49 4 57 22
Coste: 21790971

GENERACION: 95
Mejor Solucion:  91 28 47 73 59 46 96 53 48 70 7 29 3 69 66 85 87 19 17 34 9 2 61 74 62 8 75 94 67 71 90 0 37 20 97 23 35 12 26 14 76 86 58 60 80 54 83 42 98 6 95 77 10 63 16 18 56 21 88 50 1 33 39 15 27 38 93 13 32 64 24 5 44 45 68 79 40 30 31 36 92 65 99 82 78 11 43 72 41 52 89 55 51 25 84 81 49 4 57 22
Coste: 21790971

GENERACION: 100
Mejor Solucion:  91 28 47 73 59 46 96 53 48 70 7 29 3 69 66 85 87 19 17 34 9 2 61 74 62 8 75 94 67 71 90 0 37 20 97 23 35 12 26 14 76 86 58 60 80 54 83 42 98 6 95 77 10 63 16 18 56 21 88 50 1 33 39 15 27 38 93 13 32 64 24 5 44 45 68 79 40 30 31 36 92 65 99 82 78 11 43 72 41 52 89 55 51 25 84 81 49 4 57 22
Coste: 21790971

GENERACION: 105
Mejor Solucion:  91 28 47 73 59 46 96 53 48 70 7 29 3 69 66 85 87 19 17 34 9 2 61 74 62 8 75 94 67 71 90 0 37 20 97 23 35 12 26 14 76 86 58 60 80 54 83 42 98 6 95 77 10 63 16 18 56 21 88 50 1 33 39 15 27 38 93 13 32 64 24 5 44 45 68 79 40 30 31 36 92 65 99 82 78 11 43 72 41 52 89 55 51 25 84 81 49 4 57 22
Coste: 21790971

GENERACION: 110
Mejor Solucion:  91 28 47 73 59 46 96 53 48 70 7 29 3 69 66 85 87 19 17 34 9 2 61 74 62 8 75 94 67 71 90 0 37 20 97 23 35 12 26 14 76 86 58 60 80 54 83 42 98 6 95 77 10 63 16 18 56 21 88 50 1 33 39 15 27 38 93 13 32 64 24 5 44 45 68 79 40 30 31 36 92 65 99 82 78 11 43 72 41 52 89 55 51 25 84 81 49 4 57 22
Coste: 21790971

GENERACION: 115
Mejor Solucion:  91 28 47 73 59 46 96 53 48 70 7 29 3 69 66 85 87 19 17 34 9 2 61 74 62 8 75 94 67 71 90 0 37 20 97 23 35 12 26 14 76 86 58 60 80 54 83 42 98 6 95 77 10 63 16 18 56 21 88 50 1 33 39 15 27 38 93 13 32 64 24 5 44 45 68 79 40 30 31 36 92 65 99 82 78 11 43 72 41 52 89 55 51 25 84 81 49 4 57 22
Coste: 21790971

GENERACION: 120
Mejor Solucion:  91 28 47 73 59 46 96 53 48 70 7 29 3 69 66 85 87 19 17 34 9 2 61 74 62 8 75 94 67 71 90 0 37 20 97 23 35 12 26 14 76 86 58 60 80 54 83 42 98 6 95 77 10 63 16 18 56 21 88 50 1 33 39 15 27 38 93 13 32 64 24 5 44 45 68 79 40 30 31 36 92 65 99 82 78 11 43 72 41 52 89 55 51 25 84 81 49 4 57 22
Coste: 21790971

GENERACION: 125
Mejor Solucion:  91 28 47 73 59 46 96 53 48 70 7 29 3 69 66 85 87 19 17 34 9 2 61 74 62 8 75 94 67 71 90 0 37 20 97 23 35 12 26 14 76 86 58 60 80 54 83 42 98 6 95 77 10 63 16 18 56 21 88 50 1 33 39 15 27 38 93 13 32 64 24 5 44 45 68 79 40 30 31 36 92 65 99 82 78 11 43 72 41 52 89 55 51 25 84 81 49 4 57 22
Coste: 21790971

GENERACION: 130
Mejor Solucion:  33 85 41 97 45 86 50 32 74 24 4 59 51 83 6 80 10 70 25 1 54 12 3 20 72 43 21 26 60 67 28 47 16 73 17 88 8 81 48 55 58 53 93 99 40 77 84 18 57 62 61 23 79 42 92 52 44 69 66 96 13 31 30 68 78 19 56 22 76 39 9 34 91 46 89 94 7 5 87 63 15 36 27 75 82 64 14 65 90 49 2 0 11 95 29 38 71 37 98 35
Coste: 21764580

GENERACION: 135
Mejor Solucion:  33 85 41 97 45 86 50 32 74 24 4 59 51 83 6 80 10 70 25 1 54 12 3 20 72 43 21 26 60 67 28 47 16 73 17 88 8 81 48 55 58 53 93 99 40 77 84 18 57 62 61 23 79 42 92 52 44 69 66 96 13 31 30 68 78 19 56 22 76 39 9 34 91 46 89 94 7 5 87 63 15 36 27 75 82 64 14 65 90 49 2 0 11 95 29 38 71 37 98 35
Coste: 21764580

GENERACION: 140
Mejor Solucion:  33 85 41 97 45 86 50 32 74 24 4 59 51 83 6 80 10 70 25 1 54 12 3 20 72 43 21 26 60 67 28 14 16 99 17 88 8 81 48 55 58 53 93 73 40 77 84 18 57 62 61 23 79 42 92 52 44 69 66 96 13 31 30 68 78 19 56 22 76 39 9 34 91 46 89 94 7 5 87 63 15 36 27 75 82 64 47 65 90 49 2 0 11 95 29 38 71 37 98 35
Coste: 21761422

GENERACION: 145
Mejor Solucion:  33 85 41 97 45 86 50 32 74 24 4 59 51 83 6 80 10 70 25 1 54 12 3 20 72 43 21 26 60 67 28 14 16 99 17 88 8 81 48 55 58 53 93 73 40 77 84 18 57 62 61 23 79 42 92 52 44 69 66 96 13 31 30 68 78 19 56 22 76 39 9 34 91 46 89 94 7 5 87 63 15 36 27 75 82 64 47 65 90 49 2 0 11 95 29 38 71 37 98 35
Coste: 21761422

GENERACION: 150
Mejor Solucion:  33 85 41 97 45 86 50 32 74 24 4 59 51 83 6 80 10 70 25 1 54 12 3 20 72 43 21 26 60 67 28 14 16 99 17 88 8 81 48 55 58 53 93 73 40 77 84 18 57 62 61 23 79 42 92 52 44 69 66 96 13 31 30 68 78 19 56 22 76 39 9 34 91 46 89 94 7 5 87 63 15 36 27 75 82 64 47 65 90 49 2 0 11 95 29 38 71 37 98 35
Coste: 21761422

GENERACION: 155
Mejor Solucion:  33 85 41 97 45 86 50 32 74 24 4 59 51 83 6 80 10 70 25 1 54 12 3 20 72 43 21 26 60 67 28 14 16 99 17 88 8 81 48 55 58 53 93 73 40 77 84 18 57 62 61 23 79 42 92 52 44 69 66 96 13 31 30 68 78 19 56 22 76 39 9 34 91 46 89 94 7 5 87 63 15 36 27 75 82 64 47 65 90 49 2 0 11 95 29 38 71 37 98 35
Coste: 21761422

GENERACION: 160
Mejor Solucion:  33 85 41 97 45 86 50 32 74 24 4 59 51 83 6 80 10 70 25 1 54 12 3 20 72 43 21 26 60 67 28 14 16 99 17 88 8 81 48 55 58 53 93 73 40 77 84 18 57 62 61 23 79 42 92 52 44 69 66 96 13 31 30 68 78 19 56 22 76 39 9 34 91 46 89 94 7 5 87 63 15 36 27 75 82 64 47 65 90 49 2 0 11 95 29 38 71 37 98 35
Coste: 21761422

GENERACION: 165
Mejor Solucion:  33 85 41 97 45 86 50 32 74 24 4 59 51 83 6 80 10 70 25 1 54 12 3 20 72 43 21 26 60 67 28 14 16 99 17 88 8 81 48 55 58 53 93 73 40 77 84 18 57 62 61 23 79 42 92 52 44 69 66 96 13 31 30 68 78 19 56 22 76 39 9 34 91 46 89 94 7 5 87 63 15 36 27 75 82 64 47 65 90 49 2 0 11 95 29 38 71 37 98 35
Coste: 21761422

GENERACION: 170
Mejor Solucion:  33 85 41 97 45 86 50 32 74 24 4 59 51 83 6 80 10 70 25 1 54 12 3 20 72 43 21 26 60 67 28 14 16 99 17 88 8 81 48 55 58 53 93 73 40 77 84 18 57 62 61 23 79 42 92 52 44 69 66 96 13 31 30 68 78 19 56 22 76 39 9 34 91 46 89 94 7 5 87 63 15 36 27 75 82 64 47 65 90 49 2 0 11 95 29 38 71 37 98 35
Coste: 21761422

GENERACION: 175
Mejor Solucion:  33 85 41 97 45 86 50 32 74 24 4 59 51 83 6 80 10 70 25 1 54 12 3 20 72 43 21 26 60 67 28 14 16 99 17 88 8 81 48 55 58 53 93 73 40 77 84 18 57 62 61 23 79 42 92 52 44 69 66 96 13 31 30 68 78 19 56 22 76 39 9 34 91 46 89 94 7 5 87 63 15 36 27 75 82 64 47 65 90 49 2 0 11 95 29 38 71 37 98 35
Coste: 21761422

GENERACION: 180
Mejor Solucion:  33 85 41 97 45 86 50 32 74 24 4 59 51 83 6 80 10 70 25 1 54 12 3 20 72 43 21 26 60 67 28 14 16 99 17 88 8 81 48 55 58 53 93 73 40 77 84 18 57 62 61 23 79 42 92 52 44 69 66 96 13 31 30 68 78 19 56 22 76 39 9 34 91 46 89 94 7 5 87 63 15 36 27 75 82 64 47 65 90 49 2 0 11 95 29 38 71 37 98 35
Coste: 21761422

GENERACION: 185
Mejor Solucion:  33 85 41 97 45 86 50 32 74 24 4 59 51 83 6 80 10 70 25 1 54 12 3 20 72 43 21 26 60 67 28 14 16 99 17 88 8 81 48 55 58 53 93 73 40 77 84 18 57 62 61 23 79 42 92 52 44 69 66 96 13 31 30 68 78 19 56 22 76 39 9 34 91 46 89 94 7 5 87 63 15 36 27 75 82 64 47 65 90 49 2 0 11 95 29 38 71 37 98 35
Coste: 21761422

GENERACION: 190
Mejor Solucion:  33 85 41 97 45 86 50 32 74 24 4 59 51 83 6 80 10 70 25 1 54 12 3 20 72 43 21 26 60 67 28 14 16 99 17 88 8 81 48 55 58 53 93 73 40 77 84 18 57 62 61 23 79 42 92 52 44 69 66 96 13 31 30 68 78 19 56 22 76 39 9 34 91 46 89 94 7 5 87 63 15 36 27 75 82 64 47 65 90 49 2 0 11 95 29 38 71 37 98 35
Coste: 21761422

GENERACION: 195
Mejor Solucion:  33 85 41 97 45 86 50 32 74 24 4 59 51 83 6 80 10 70 25 1 54 12 3 20 72 43 21 26 60 67 28 14 16 99 17 88 8 81 48 55 58 53 93 73 40 77 84 18 57 62 61 23 79 42 92 52 44 69 66 96 13 31 30 68 78 19 56 22 76 39 9 34 91 46 89 94 7 5 87 63 15 36 27 75 82 64 47 65 90 49 2 0 11 95 29 38 71 37 98 35
Coste: 21761422

GENERACION: 200
Mejor Solucion:  33 85 41 97 45 86 50 32 74 24 4 59 51 83 6 80 10 70 25 1 54 12 3 20 72 43 21 26 60 67 28 14 16 99 17 88 8 81 48 55 58 53 93 73 40 77 84 18 57 62 61 23 79 42 92 52 44 69 66 96 13 31 30 68 78 19 56 22 76 39 9 34 91 46 89 94 7 5 87 63 15 36 27 75 82 64 47 65 90 49 2 0 11 95 29 38 71 37 98 35
Coste: 21761422

GENERACION: 205
Mejor Solucion:  33 85 41 97 45 86 50 32 74 24 4 59 51 83 6 80 10 70 25 1 54 12 3 20 72 43 21 26 60 67 28 14 16 99 17 88 8 81 48 55 58 53 93 73 40 77 84 18 57 62 61 23 79 42 92 52 44 69 66 96 13 31 30 68 78 19 56 22 76 39 9 34 91 46 89 94 7 5 87 63 15 36 27 75 82 64 47 65 90 49 2 0 11 95 29 38 71 37 98 35
Coste: 21761422

GENERACION: 210
Mejor Solucion:  33 85 41 97 45 86 50 32 74 24 4 59 51 83 6 80 10 70 25 1 54 12 3 20 72 43 21 26 60 67 28 14 16 99 17 88 8 81 48 55 58 53 93 73 40 77 84 18 57 62 61 23 79 42 92 52 44 69 66 96 13 31 30 68 78 19 56 22 76 39 9 34 91 46 89 94 7 5 87 63 15 36 27 75 82 64 47 65 90 49 2 0 11 95 29 38 71 37 98 35
Coste: 21761422

GENERACION: 215
Mejor Solucion:  33 85 41 97 45 86 50 32 74 24 4 59 51 83 6 80 10 70 25 1 54 12 3 20 72 43 21 26 60 67 28 14 16 99 17 88 8 81 48 55 58 53 93 73 40 77 84 18 57 62 61 23 79 42 92 52 44 69 66 96 13 31 30 68 78 19 56 22 76 39 9 34 91 46 89 94 7 5 87 63 15 36 27 75 82 64 47 65 90 49 2 0 11 95 29 38 71 37 98 35
Coste: 21761422

GENERACION: 220
Mejor Solucion:  81 83 65 69 28 57 92 79 13 4 25 74 53 19 61 86 44 39 5 93 56 35 99 29 78 26 34 91 82 77 7 70 58 97 10 41 98 14 52 50 95 36 90 16 38 60 84 96 64 17 87 3 21 73 0 72 31 8 62 59 6 48 22 33 42 66 15 94 2 63 75 68 88 51 47 89 40 9 24 18 37 32 27 54 43 55 12 46 1 67 11 45 71 23 30 85 80 49 20 76
Coste: 21752141

GENERACION: 225
Mejor Solucion:  81 83 65 69 28 57 92 79 13 4 25 74 53 19 61 86 44 39 5 93 56 35 99 29 78 26 34 91 82 77 7 70 58 97 10 41 98 14 52 50 95 36 90 16 38 60 84 96 64 17 87 3 21 73 0 72 31 8 62 59 6 48 22 33 42 66 15 94 2 63 75 68 88 51 47 89 40 9 24 18 37 32 27 54 43 55 12 46 1 67 11 45 71 23 30 85 80 49 20 76
Coste: 21752141

GENERACION: 230
Mejor Solucion:  81 83 28 69 65 57 92 79 13 4 25 85 53 19 61 86 44 39 5 93 56 35 99 29 78 26 34 91 82 77 7 70 58 97 10 41 98 14 52 50 95 36 90 16 38 60 84 96 64 17 87 3 21 73 0 72 31 8 62 59 6 48 22 33 42 66 15 94 2 63 75 68 88 51 47 89 40 9 24 18 37 32 27 54 43 55 12 46 1 67 11 45 71 23 30 74 80 49 20 76
Coste: 21746274

GENERACION: 235
Mejor Solucion:  81 83 28 69 65 57 92 79 13 4 25 85 53 19 61 86 44 39 5 93 56 35 99 29 78 26 34 91 82 77 7 70 58 97 10 41 98 14 52 50 95 36 90 16 38 60 84 96 64 17 87 3 21 73 0 72 31 8 62 59 6 48 22 33 42 66 15 94 2 63 75 68 88 51 47 89 40 9 24 18 37 32 27 54 43 55 12 46 1 67 11 45 71 23 30 74 80 49 20 76
Coste: 21746274

GENERACION: 240
Mejor Solucion:  81 83 28 69 65 57 92 79 13 4 25 85 53 19 61 86 44 39 5 93 56 35 99 29 78 26 34 91 82 77 7 70 58 97 10 41 98 14 52 50 95 36 90 16 38 60 84 96 64 17 87 3 21 73 0 72 31 8 62 59 6 48 22 33 42 66 15 94 2 63 75 68 88 51 47 89 40 9 24 18 37 32 27 54 43 55 12 46 1 67 11 45 71 23 30 74 80 49 20 76
Coste: 21746274

GENERACION: 245
Mejor Solucion:  81 83 28 69 65 57 92 79 13 4 25 85 53 19 61 86 44 39 5 93 56 35 99 29 78 26 34 91 82 77 7 70 58 97 10 41 98 14 52 50 95 36 90 16 38 60 84 96 64 17 87 3 21 73 0 72 31 8 62 59 6 48 22 33 42 66 15 94 2 63 75 68 88 51 47 89 40 9 24 18 37 32 27 54 43 55 12 46 1 67 11 45 71 23 30 74 80 49 20 76
Coste: 21746274

GENERACION: 250
Mejor Solucion:  81 82 43 85 28 65 53 79 13 4 83 69 39 18 87 86 44 77 57 93 56 60 99 12 78 46 34 91 76 62 7 70 8 97 10 41 98 14 52 50 95 36 90 16 38 40 84 96 64 17 21 35 61 27 0 72 31 2 5 59 6 48 22 92 42 66 15 94 73 63 74 68 88 3 47 89 58 25 24 19 37 51 9 54 33 55 32 11 1 67 26 45 71 23 30 75 80 49 20 29
Coste: 21714699

GENERACION: 255
Mejor Solucion:  81 82 43 85 28 65 53 79 13 4 83 69 39 18 87 86 44 77 57 93 56 60 99 12 78 46 34 91 76 62 7 70 8 97 10 41 98 14 52 50 95 36 90 16 38 40 84 96 64 17 21 35 61 27 0 72 31 2 5 59 6 48 22 92 42 66 15 94 73 63 74 68 88 3 47 89 58 25 24 19 37 51 9 54 33 55 32 11 1 67 26 45 71 23 30 75 80 49 20 29
Coste: 21714699

GENERACION: 260
Mejor Solucion:  81 82 43 85 28 65 53 79 13 4 83 69 39 18 87 86 44 77 57 93 56 60 99 12 78 46 34 91 76 62 7 70 8 97 10 41 98 14 52 50 95 36 90 16 38 40 84 96 64 17 21 35 61 27 0 72 31 2 5 59 6 48 22 92 42 66 15 94 73 63 74 68 88 3 47 89 58 25 24 19 37 51 9 54 33 55 32 11 1 67 26 45 71 23 30 75 80 49 20 29
Coste: 21714699

GENERACION: 265
Mejor Solucion:  81 82 43 85 28 65 53 79 13 4 83 69 39 18 87 86 44 77 57 93 56 60 99 12 78 46 34 91 76 62 7 70 8 97 10 41 98 14 52 50 95 36 90 16 38 40 84 96 64 17 21 35 61 27 0 72 31 2 5 59 6 48 22 92 42 66 15 94 73 63 74 68 88 3 47 89 58 25 24 19 37 51 9 54 33 55 32 11 1 67 26 45 71 23 30 75 80 49 20 29
Coste: 21714699

GENERACION: 270
Mejor Solucion:  81 82 43 85 28 65 53 79 13 4 83 69 39 18 87 86 44 77 57 93 56 60 99 12 78 46 34 91 76 62 7 70 8 97 10 41 98 14 52 50 95 36 90 16 38 40 84 96 64 17 21 35 61 27 0 72 31 2 5 59 6 48 22 92 42 66 15 94 73 63 74 68 88 3 47 89 58 25 24 19 37 51 9 54 33 55 32 11 1 67 26 45 71 23 30 75 80 49 20 29
Coste: 21714699

GENERACION: 275
Mejor Solucion:  81 82 43 85 28 65 53 79 13 4 83 69 39 18 87 86 44 77 57 93 56 60 99 12 78 46 34 91 76 62 7 70 8 97 10 41 98 14 52 50 95 36 90 16 38 40 84 96 64 17 21 35 61 27 0 72 31 2 5 59 6 48 22 92 42 66 15 94 73 63 74 68 88 3 47 89 58 25 24 19 37 51 9 54 33 55 32 11 1 67 26 45 71 23 30 75 80 49 20 29
Coste: 21714699

GENERACION: 280
Mejor Solucion:  28 82 3 91 98 88 67 57 6 4 7 51 21 79 80 86 87 77 30 93 81 66 42 92 78 26 34 9 8 23 72 70 60 39 10 41 44 14 52 43 95 61 59 16 17 76 84 96 64 5 25 29 85 54 0 49 97 2 62 31 63 48 22 99 46 38 15 45 50 35 75 68 19 36 47 27 83 13 24 18 37 53 90 74 33 55 12 11 65 1 32 94 71 58 89 40 73 69 20 56
Coste: 21707926

GENERACION: 285
Mejor Solucion:  28 82 3 91 98 88 67 57 6 4 7 51 21 79 80 86 87 77 30 93 81 66 42 92 78 26 34 9 8 23 72 70 60 39 10 41 44 14 52 43 95 61 59 16 17 76 84 96 64 5 25 29 85 54 0 49 97 2 62 31 63 48 22 99 46 38 15 45 50 35 75 68 19 36 47 27 83 13 24 18 37 53 90 74 33 55 12 11 65 1 32 94 71 58 89 40 73 69 20 56
Coste: 21707926

GENERACION: 290
Mejor Solucion:  76 34 28 91 98 35 67 26 6 4 72 51 21 79 57 86 87 77 80 93 81 66 42 92 62 20 45 9 8 23 7 70 60 39 3 41 44 14 10 43 95 16 59 61 17 78 84 96 64 5 25 29 85 54 0 30 97 2 88 31 52 48 22 99 46 38 15 49 50 63 75 68 19 36 47 27 83 13 24 18 37 53 90 74 33 55 12 11 65 1 32 94 71 58 89 40 73 69 82 56
Coste: 21608666

GENERACION: 295
Mejor Solucion:  76 34 28 91 98 35 67 26 6 4 72 51 21 79 57 86 87 77 80 93 81 66 42 92 62 20 45 9 8 23 7 70 60 39 3 41 44 14 10 43 95 16 59 61 17 78 84 96 64 5 25 29 85 54 0 30 97 2 88 31 52 48 22 99 46 38 15 49 50 63 75 68 19 36 47 27 83 13 24 18 37 53 90 74 33 55 12 11 65 1 32 94 71 58 89 40 73 69 82 56
Coste: 21608666

GENERACION: 300
Mejor Solucion:  76 34 28 91 98 35 67 26 6 4 72 51 21 79 57 86 87 77 80 93 81 66 42 92 62 20 45 9 8 23 7 70 60 39 3 41 44 14 10 43 95 16 59 61 17 78 84 96 64 5 25 29 85 54 0 30 97 2 88 31 52 48 22 99 46 38 15 49 50 63 75 68 19 36 47 27 83 13 24 18 37 53 90 74 33 55 12 11 65 1 32 94 71 58 89 40 73 69 82 56
Coste: 21608666

GENERACION: 305
Mejor Solucion:  76 34 28 91 98 35 67 26 6 4 72 51 21 79 57 86 87 77 80 93 81 66 42 92 62 20 45 9 8 23 7 70 60 39 3 41 44 14 10 43 95 16 59 61 17 78 84 96 64 5 25 29 85 54 0 30 97 2 88 31 52 48 22 99 46 38 15 49 50 63 75 68 19 36 47 27 83 13 24 18 37 53 90 74 33 55 12 11 65 1 32 94 71 58 89 40 73 69 82 56
Coste: 21608666

GENERACION: 310
Mejor Solucion:  76 34 28 91 98 35 67 26 6 4 72 51 21 79 57 86 87 77 80 93 81 66 42 92 62 20 45 9 8 23 7 70 60 39 3 41 44 14 10 43 95 16 59 61 17 78 84 96 64 5 25 29 85 54 0 30 97 2 88 31 52 48 22 99 46 38 15 49 50 63 75 68 19 36 47 27 83 13 24 18 37 53 90 74 33 55 12 11 65 1 32 94 71 58 89 40 73 69 82 56
Coste: 21608666

GENERACION: 315
Mejor Solucion:  76 34 28 91 98 35 67 26 6 4 72 51 21 79 57 86 87 77 80 93 81 66 42 92 62 20 45 9 8 23 7 70 60 39 3 41 44 14 10 43 95 16 59 61 17 78 84 96 64 5 25 29 85 54 0 30 97 2 88 31 52 48 22 99 46 38 15 49 50 63 75 68 19 36 47 27 83 13 24 18 37 53 90 74 33 55 12 11 65 1 32 94 71 58 89 40 73 69 82 56
Coste: 21608666

GENERACION: 320
Mejor Solucion:  76 34 28 91 98 35 67 26 6 4 72 51 21 79 57 86 87 77 80 93 81 66 42 92 62 20 45 9 8 23 7 70 60 39 3 41 44 14 10 43 95 16 59 61 17 78 84 96 64 5 25 29 85 54 0 30 97 2 88 31 52 48 22 99 46 38 15 49 50 63 75 68 19 36 47 27 83 13 24 18 37 53 90 74 33 55 12 11 65 1 32 94 71 58 89 40 73 69 82 56
Coste: 21608666

GENERACION: 325
Mejor Solucion:  76 34 28 91 98 35 67 26 6 4 72 51 21 79 57 86 87 77 80 93 81 66 42 92 62 20 45 9 8 23 7 70 60 39 3 41 44 14 10 43 95 16 59 61 17 78 84 96 64 5 25 29 85 54 0 30 97 2 88 31 52 48 22 99 46 38 15 49 50 63 75 68 19 36 47 27 83 13 24 18 37 53 90 74 33 55 12 11 65 1 32 94 71 58 89 40 73 69 82 56
Coste: 21608666

GENERACION: 330
Mejor Solucion:  76 34 28 91 98 35 67 26 6 4 72 51 21 79 57 86 87 77 80 93 81 66 42 92 62 20 45 9 8 23 7 70 60 39 3 41 44 14 10 43 95 16 59 61 17 78 84 96 64 5 25 29 85 54 0 30 97 2 88 31 52 48 22 99 46 38 15 49 50 63 75 68 19 36 47 27 83 13 24 18 37 53 90 74 33 55 12 11 65 1 32 94 71 58 89 40 73 69 82 56
Coste: 21608666

GENERACION: 335
Mejor Solucion:  76 34 28 91 98 35 67 26 6 4 72 51 21 79 57 86 87 77 80 93 81 66 42 92 62 20 45 9 8 23 7 70 60 39 3 41 44 14 10 43 95 16 59 61 17 78 84 96 64 5 25 29 85 54 0 30 97 2 88 31 52 48 22 99 46 38 15 49 50 63 75 68 19 36 47 27 83 13 24 18 37 53 90 74 33 55 12 11 65 1 32 94 71 58 89 40 73 69 82 56
Coste: 21608666

GENERACION: 340
Mejor Solucion:  76 34 28 91 98 35 67 26 6 4 72 51 21 79 57 86 87 77 80 93 81 66 42 92 62 20 45 9 8 23 7 70 60 39 3 41 44 14 10 43 95 16 59 61 17 78 84 96 64 5 25 29 85 54 0 30 97 2 88 31 52 48 22 99 46 38 15 49 50 63 75 68 19 36 47 27 83 13 24 18 37 53 90 74 33 55 12 11 65 1 32 94 71 58 89 40 73 69 82 56
Coste: 21608666

GENERACION: 345
Mejor Solucion:  76 34 28 91 98 35 67 26 6 4 72 51 21 79 57 86 87 77 80 93 81 66 42 92 62 20 45 9 8 23 7 70 60 39 3 41 44 14 10 43 95 16 59 61 17 78 84 96 64 5 25 29 85 54 0 30 97 2 88 31 52 48 22 99 46 38 15 49 50 63 75 68 19 36 47 27 83 13 24 18 37 53 90 74 33 55 12 11 65 1 32 94 71 58 89 40 73 69 82 56
Coste: 21608666

GENERACION: 350
Mejor Solucion:  76 34 28 91 98 35 67 26 6 4 72 51 21 79 57 86 87 77 80 93 81 66 42 92 62 20 45 9 8 23 7 70 60 39 3 41 44 14 10 43 95 16 59 61 17 78 84 96 64 5 25 29 85 54 0 30 97 2 88 31 52 48 22 99 46 38 15 49 50 63 75 68 19 36 47 27 83 13 24 18 37 53 90 74 33 55 12 11 65 1 32 94 71 58 89 40 73 69 82 56
Coste: 21608666

GENERACION: 355
Mejor Solucion:  76 34 28 91 98 35 67 26 6 4 72 51 21 79 57 86 87 77 80 93 81 66 42 92 62 20 45 9 8 23 7 70 60 39 3 41 44 14 10 43 95 16 59 61 17 78 84 96 64 5 25 29 85 54 0 30 97 2 88 31 52 48 22 99 46 38 15 49 50 63 75 68 19 36 47 27 83 13 24 18 37 53 90 74 33 55 12 11 65 1 32 94 71 58 89 40 73 69 82 56
Coste: 21608666

GENERACION: 360
Mejor Solucion:  76 34 28 91 98 35 67 26 6 4 72 51 21 79 57 86 87 77 80 93 81 66 42 92 62 20 45 9 8 23 7 70 60 39 3 41 44 14 10 43 95 16 59 61 17 78 84 96 64 5 25 29 85 54 0 30 97 2 88 31 52 48 22 99 46 38 15 49 50 63 75 68 19 36 47 27 83 13 24 18 37 53 90 74 33 55 12 11 65 1 32 94 71 58 89 40 73 69 82 56
Coste: 21608666

GENERACION: 365
Mejor Solucion:  76 34 28 91 98 35 67 26 6 4 72 51 21 79 57 86 87 77 80 93 81 66 42 92 62 20 45 9 8 23 7 70 60 39 3 41 44 14 10 43 95 16 59 61 17 78 84 96 64 5 25 29 85 54 0 30 97 2 88 31 52 48 22 99 46 38 15 49 50 63 75 68 19 36 47 27 83 13 24 18 37 53 90 74 33 55 12 11 65 1 32 94 71 58 89 40 73 69 82 56
Coste: 21608666

GENERACION: 370
Mejor Solucion:  76 34 28 91 98 35 67 26 6 4 72 51 21 79 57 86 87 77 80 93 81 66 42 92 62 20 45 9 8 23 7 70 60 39 3 41 44 14 10 43 95 16 59 61 17 78 84 96 64 5 25 29 85 54 0 30 97 2 88 31 52 48 22 99 46 38 15 49 50 63 75 68 19 36 47 27 83 13 24 18 37 53 90 74 33 55 12 11 65 1 32 94 71 58 89 40 73 69 82 56
Coste: 21608666

GENERACION: 375
Mejor Solucion:  76 34 28 91 98 35 67 26 6 4 72 51 21 79 57 86 87 77 80 93 81 66 42 92 62 20 45 9 8 23 7 70 60 39 3 41 44 14 10 43 95 16 59 61 17 78 84 96 64 5 25 29 85 54 0 30 97 2 88 31 52 48 22 99 46 38 15 49 50 63 75 68 19 36 47 27 83 13 24 18 37 53 90 74 33 55 12 11 65 1 32 94 71 58 89 40 73 69 82 56
Coste: 21608666

GENERACION: 380
Mejor Solucion:  76 34 28 91 98 35 67 26 6 4 72 51 21 79 57 86 87 77 80 93 81 66 42 92 62 20 45 9 8 23 7 70 60 39 3 41 44 14 10 43 95 16 59 61 17 78 84 96 64 5 25 29 85 54 0 30 97 2 88 31 52 48 22 99 46 38 15 49 50 63 75 68 19 36 47 27 83 13 24 18 37 53 90 74 33 55 12 11 65 1 32 94 71 58 89 40 73 69 82 56
Coste: 21608666

GENERACION: 385
Mejor Solucion:  76 34 28 91 98 35 67 26 6 4 72 51 21 79 57 86 87 77 80 93 81 66 42 92 62 20 45 9 8 23 7 70 60 39 3 41 44 14 10 43 95 16 59 61 17 78 84 96 64 5 25 29 85 54 0 30 97 2 88 31 52 48 22 99 46 38 15 49 50 63 75 68 19 36 47 27 83 13 24 18 37 53 90 74 33 55 12 11 65 1 32 94 71 58 89 40 73 69 82 56
Coste: 21608666

GENERACION: 390
Mejor Solucion:  76 34 28 91 98 35 67 26 6 4 72 51 21 79 57 86 87 77 80 93 81 66 42 92 62 20 45 9 8 23 7 70 60 39 3 41 44 14 10 43 95 16 59 61 17 78 84 96 64 5 25 29 85 54 0 30 97 2 88 31 52 48 22 99 46 38 15 49 50 63 75 68 19 36 47 27 83 13 24 18 37 53 90 74 33 55 12 11 65 1 32 94 71 58 89 40 73 69 82 56
Coste: 21608666

GENERACION: 395
Mejor Solucion:  76 34 28 91 98 35 67 26 6 4 72 51 21 79 57 86 87 77 80 93 81 66 42 92 62 20 45 9 8 23 7 70 60 39 3 41 44 14 10 43 95 16 59 61 17 78 84 96 64 5 25 29 85 54 0 30 97 2 88 31 52 48 22 99 46 38 15 49 50 63 75 68 19 36 47 27 83 13 24 18 37 53 90 74 33 55 12 11 65 1 32 94 71 58 89 40 73 69 82 56
Coste: 21608666

GENERACION: 400
Mejor Solucion:  76 34 28 91 98 35 67 26 6 4 72 51 21 79 57 86 87 77 80 93 81 66 42 92 62 20 45 9 8 23 7 70 60 39 3 41 44 14 10 43 95 16 59 61 17 78 84 96 64 5 25 29 85 54 0 30 97 2 88 31 52 48 22 99 46 38 15 49 50 63 75 68 19 36 47 27 83 13 24 18 37 53 90 74 33 55 12 11 65 1 32 94 71 58 89 40 73 69 82 56
Coste: 21608666

GENERACION: 405
Mejor Solucion:  76 34 28 91 98 35 67 26 6 4 72 51 21 79 57 86 87 77 80 93 81 66 42 92 62 20 45 9 8 23 7 70 60 39 3 41 44 14 10 43 95 16 59 61 17 78 84 96 64 5 25 29 85 54 0 30 97 2 88 31 52 48 22 99 46 38 15 49 50 63 75 68 19 36 47 27 83 13 24 18 37 53 90 74 33 55 12 11 65 1 32 94 71 58 89 40 73 69 82 56
Coste: 21608666

GENERACION: 410
Mejor Solucion:  76 34 28 91 98 35 67 26 6 4 72 51 21 79 57 86 87 77 80 93 81 66 42 92 62 20 45 9 8 23 7 70 60 39 3 41 44 14 10 43 95 16 59 61 17 78 84 96 64 5 25 29 85 54 0 30 97 2 88 31 52 48 22 99 46 38 15 49 50 63 75 68 19 36 47 27 83 13 24 18 37 53 90 74 33 55 12 11 65 1 32 94 71 58 89 40 73 69 82 56
Coste: 21608666

GENERACION: 415
Mejor Solucion:  76 34 28 91 98 35 67 26 6 4 72 51 21 79 57 86 87 77 80 93 81 66 42 92 62 20 45 9 8 23 7 70 60 39 3 41 44 14 10 43 95 16 59 61 17 78 84 96 64 5 25 29 85 54 0 30 97 2 88 31 52 48 22 99 46 38 15 49 50 63 75 68 19 36 47 27 83 13 24 18 37 53 90 74 33 55 12 11 65 1 32 94 71 58 89 40 73 69 82 56
Coste: 21608666

GENERACION: 420
Mejor Solucion:  76 34 28 91 98 35 67 26 6 4 72 51 21 79 57 86 87 77 80 93 81 66 42 92 62 20 45 9 8 23 7 70 60 39 3 41 44 14 10 43 95 16 59 61 17 78 84 96 64 5 25 29 85 54 0 30 97 2 88 31 52 48 22 99 46 38 15 49 50 63 75 68 19 36 47 27 83 13 24 18 37 53 90 74 33 55 12 11 65 1 32 94 71 58 89 40 73 69 82 56
Coste: 21608666

GENERACION: 425
Mejor Solucion:  76 34 28 91 98 35 67 26 6 4 72 51 21 79 57 86 87 77 80 93 81 66 42 92 62 20 45 9 8 23 7 70 60 39 3 41 44 14 10 43 95 16 59 61 17 78 84 96 64 5 25 29 85 54 0 30 97 2 88 31 52 48 22 99 46 38 15 49 50 63 75 68 19 36 47 27 83 13 24 18 37 53 90 74 33 55 12 11 65 1 32 94 71 58 89 40 73 69 82 56
Coste: 21608666

GENERACION: 430
Mejor Solucion:  76 34 28 91 98 35 67 26 6 4 72 51 21 79 57 86 87 77 80 93 81 66 42 92 62 20 45 9 8 23 7 70 60 39 3 41 44 14 10 43 95 16 59 61 17 78 84 96 64 5 25 29 85 54 0 30 97 2 88 31 52 48 22 99 46 38 15 49 50 63 75 68 19 36 47 27 83 13 24 18 37 53 90 74 33 55 12 11 65 1 32 94 71 58 89 40 73 69 82 56
Coste: 21608666

GENERACION: 435
Mejor Solucion:  76 34 28 91 98 35 67 26 6 4 72 51 21 79 57 86 87 77 80 93 81 66 42 92 62 20 45 9 8 23 7 70 60 39 3 41 44 14 10 43 95 16 59 61 17 78 84 96 64 5 25 29 85 54 0 30 97 2 88 31 52 48 22 99 46 38 15 49 50 63 75 68 19 36 47 27 83 13 24 18 37 53 90 74 33 55 12 11 65 1 32 94 71 58 89 40 73 69 82 56
Coste: 21608666

GENERACION: 440
Mejor Solucion:  76 34 28 91 98 35 67 26 6 4 72 51 21 79 57 86 87 77 80 93 81 66 42 92 62 20 45 9 8 23 7 70 60 39 3 41 44 14 10 43 95 16 59 61 17 78 84 96 64 5 25 29 85 54 0 30 97 2 88 31 52 48 22 99 46 38 15 49 50 63 75 68 19 36 47 27 83 13 24 18 37 53 90 74 33 55 12 11 65 1 32 94 71 58 89 40 73 69 82 56
Coste: 21608666

GENERACION: 445
Mejor Solucion:  76 34 28 91 98 35 67 26 6 4 72 51 21 79 57 86 87 77 80 93 81 66 42 92 62 20 45 9 8 23 7 70 60 39 3 41 44 14 10 43 95 16 59 61 17 78 84 96 64 5 25 29 85 54 0 30 97 2 88 31 52 48 22 99 46 38 15 49 50 63 75 68 19 36 47 27 83 13 24 18 37 53 90 74 33 55 12 11 65 1 32 94 71 58 89 40 73 69 82 56
Coste: 21608666

GENERACION: 450
Mejor Solucion:  76 34 28 91 98 35 67 26 6 4 72 51 21 79 57 86 87 77 80 93 81 66 42 92 62 20 45 9 8 23 7 70 60 39 3 41 44 14 10 43 95 16 59 61 17 78 84 96 64 5 25 29 85 54 0 30 97 2 88 31 52 48 22 99 46 38 15 49 50 63 75 68 19 36 47 27 83 13 24 18 37 53 90 74 33 55 12 11 65 1 32 94 71 58 89 40 73 69 82 56
Coste: 21608666

GENERACION: 455
Mejor Solucion:  76 34 28 91 98 35 67 26 6 4 72 51 21 79 57 86 87 77 80 93 81 66 42 92 62 20 45 9 8 23 7 70 60 39 3 41 44 14 10 43 95 16 59 61 17 78 84 96 64 5 25 29 85 54 0 30 97 2 88 31 52 48 22 99 46 38 15 49 50 63 75 68 19 36 47 27 83 13 24 18 37 53 90 74 33 55 12 11 65 1 32 94 71 58 89 40 73 69 82 56
Coste: 21608666

GENERACION: 460
Mejor Solucion:  76 34 28 91 98 35 67 26 6 4 72 51 21 79 57 86 87 77 80 93 81 66 42 92 62 20 45 9 8 23 7 70 60 39 3 41 44 14 10 43 95 16 59 61 17 78 84 96 64 5 25 29 85 54 0 30 97 2 88 31 52 48 22 99 46 38 15 49 50 63 75 68 19 36 47 27 83 13 24 18 37 53 90 74 33 55 12 11 65 1 32 94 71 58 89 40 73 69 82 56
Coste: 21608666

GENERACION: 465
Mejor Solucion:  76 34 28 91 98 35 67 26 6 4 72 51 21 79 57 86 87 77 80 93 81 66 42 92 62 20 45 9 8 23 7 70 60 39 3 41 44 14 10 43 95 16 59 61 17 78 84 96 64 5 25 29 85 54 0 30 97 2 88 31 52 48 22 99 46 38 15 49 50 63 75 68 19 36 47 27 83 13 24 18 37 53 90 74 33 55 12 11 65 1 32 94 71 58 89 40 73 69 82 56
Coste: 21608666

GENERACION: 470
Mejor Solucion:  76 34 28 91 98 35 67 26 6 4 72 51 21 79 57 86 87 77 80 93 81 66 42 92 62 20 45 9 8 23 7 70 60 39 3 41 44 14 10 43 95 16 59 61 17 78 84 96 64 5 25 29 85 54 0 30 97 2 88 31 52 48 22 99 46 38 15 49 50 63 75 68 19 36 47 27 83 13 24 18 37 53 90 74 33 55 12 11 65 1 32 94 71 58 89 40 73 69 82 56
Coste: 21608666

GENERACION: 475
Mejor Solucion:  76 34 28 91 98 35 67 26 6 4 72 51 21 79 57 86 87 77 80 93 81 66 42 92 62 20 45 9 8 23 7 70 60 39 3 41 44 14 10 43 95 16 59 61 17 78 84 96 64 5 25 29 85 54 0 30 97 2 88 31 52 48 22 99 46 38 15 49 50 63 75 68 19 36 47 27 83 13 24 18 37 53 90 74 33 55 12 11 65 1 32 94 71 58 89 40 73 69 82 56
Coste: 21608666

GENERACION: 480
Mejor Solucion:  76 34 28 91 98 35 67 26 6 4 72 51 21 79 57 86 87 77 80 93 81 66 42 92 62 20 45 9 8 23 7 70 60 39 3 41 44 14 10 43 95 16 59 61 17 78 84 96 64 5 25 29 85 54 0 30 97 2 88 31 52 48 22 99 46 38 15 49 50 63 75 68 19 36 47 27 83 13 24 18 37 53 90 74 33 55 12 11 65 1 32 94 71 58 89 40 73 69 82 56
Coste: 21608666

GENERACION: 485
Mejor Solucion:  76 34 28 91 98 35 67 26 6 4 72 51 21 79 57 86 87 77 80 93 81 66 42 92 62 20 45 9 8 23 7 70 60 39 3 41 44 14 10 43 95 16 59 61 17 78 84 96 64 5 25 29 85 54 0 30 97 2 88 31 52 48 22 99 46 38 15 49 50 63 75 68 19 36 47 27 83 13 24 18 37 53 90 74 33 55 12 11 65 1 32 94 71 58 89 40 73 69 82 56
Coste: 21608666

GENERACION: 490
Mejor Solucion:  76 34 28 91 98 35 67 26 6 4 72 51 21 79 57 86 87 77 80 93 81 66 42 92 62 20 45 9 8 23 7 70 60 39 3 41 44 14 10 43 95 16 59 61 17 78 84 96 64 5 25 29 85 54 0 30 97 2 88 31 52 48 22 99 46 38 15 49 50 63 75 68 19 36 47 27 83 13 24 18 37 53 90 74 33 55 12 11 65 1 32 94 71 58 89 40 73 69 82 56
Coste: 21608666

GENERACION: 495
Mejor Solucion:  76 34 28 91 98 35 67 26 6 4 72 51 21 79 57 86 87 77 80 93 81 66 42 92 62 20 45 9 8 23 7 70 60 39 3 41 44 14 10 43 95 16 59 61 17 78 84 96 64 5 25 29 85 54 0 30 97 2 88 31 52 48 22 99 46 38 15 49 50 63 75 68 19 36 47 27 83 13 24 18 37 53 90 74 33 55 12 11 65 1 32 94 71 58 89 40 73 69 82 56
Coste: 21608666

GENERACION: 500
Mejor Solucion:  76 34 28 91 98 35 67 26 6 4 72 51 21 79 57 86 87 77 80 93 81 66 42 92 62 20 45 9 8 23 7 70 60 39 3 41 44 14 10 43 95 16 59 61 17 78 84 96 64 5 25 29 85 54 0 30 97 2 88 31 52 48 22 99 46 38 15 49 50 63 75 68 19 36 47 27 83 13 24 18 37 53 90 74 33 55 12 11 65 1 32 94 71 58 89 40 73 69 82 56
Coste: 21608666

GENERACION: 505
Mejor Solucion:  76 34 28 91 98 35 67 26 6 4 72 51 21 79 57 86 87 77 80 93 81 66 42 92 62 20 45 9 8 23 7 70 60 39 3 41 44 14 10 43 95 16 59 61 17 78 84 96 64 5 25 29 85 54 0 30 97 2 88 31 52 48 22 99 46 38 15 49 50 63 75 68 19 36 47 27 83 13 24 18 37 53 90 74 33 55 12 11 65 1 32 94 71 58 89 40 73 69 82 56
Coste: 21608666

GENERACION: 510
Mejor Solucion:  76 34 28 91 98 35 67 26 6 4 72 51 21 79 57 86 87 77 80 93 81 66 42 92 62 20 45 9 8 23 7 70 60 39 3 41 44 14 10 43 95 16 59 61 17 78 84 96 64 5 25 29 85 54 0 30 97 2 88 31 52 48 22 99 46 38 15 49 50 63 75 68 19 36 47 27 83 13 24 18 37 53 90 74 33 55 12 11 65 1 32 94 71 58 89 40 73 69 82 56
Coste: 21608666

GENERACION: 515
Mejor Solucion:  76 34 28 91 98 35 67 26 6 4 72 51 21 79 57 86 87 77 80 93 81 66 42 92 62 20 45 9 8 23 7 70 60 39 3 41 44 14 10 43 95 16 59 61 17 78 84 96 64 5 25 29 85 54 0 30 97 2 88 31 52 48 22 99 46 38 15 49 50 63 75 68 19 36 47 27 83 13 24 18 37 53 90 74 33 55 12 11 65 1 32 94 71 58 89 40 73 69 82 56
Coste: 21608666

GENERACION: 520
Mejor Solucion:  76 34 28 91 98 35 67 26 6 4 72 51 21 79 57 86 87 77 80 93 81 66 42 92 62 20 45 9 8 23 7 70 60 39 3 41 44 14 10 43 95 16 59 61 17 78 84 96 64 5 25 29 85 54 0 30 97 2 88 31 52 48 22 99 46 38 15 49 50 63 75 68 19 36 47 27 83 13 24 18 37 53 90 74 33 55 12 11 65 1 32 94 71 58 89 40 73 69 82 56
Coste: 21608666

GENERACION: 525
Mejor Solucion:  76 34 28 91 98 35 67 26 6 4 72 51 21 79 57 86 87 77 80 93 81 66 42 92 62 20 45 9 8 23 7 70 60 39 3 41 44 14 10 43 95 16 59 61 17 78 84 96 64 5 25 29 85 54 0 30 97 2 88 31 52 48 22 99 46 38 15 49 50 63 75 68 19 36 47 27 83 13 24 18 37 53 90 74 33 55 12 11 65 1 32 94 71 58 89 40 73 69 82 56
Coste: 21608666

GENERACION: 530
Mejor Solucion:  76 34 28 91 98 35 67 26 6 4 72 51 21 79 57 86 87 77 80 93 81 66 42 92 62 20 45 9 8 23 7 70 60 39 3 41 44 14 10 43 95 16 59 61 17 78 84 96 64 5 25 29 85 54 0 30 97 2 88 31 52 48 22 99 46 38 15 49 50 63 75 68 19 36 47 27 83 13 24 18 37 53 90 74 33 55 12 11 65 1 32 94 71 58 89 40 73 69 82 56
Coste: 21608666

GENERACION: 535
Mejor Solucion:  76 34 28 91 98 35 67 26 6 4 72 51 21 79 57 86 87 77 80 93 81 66 42 92 62 20 45 9 8 23 7 70 60 39 3 41 44 14 10 43 95 16 59 61 17 78 84 96 64 5 25 29 85 54 0 30 97 2 88 31 52 48 22 99 46 38 15 49 50 63 75 68 19 36 47 27 83 13 24 18 37 53 90 74 33 55 12 11 65 1 32 94 71 58 89 40 73 69 82 56
Coste: 21608666

GENERACION: 540
Mejor Solucion:  76 34 28 91 98 35 67 26 6 4 72 51 21 79 57 86 87 77 80 93 81 66 42 92 62 20 45 9 8 23 7 70 60 39 3 41 44 14 10 43 95 16 59 61 17 78 84 96 64 5 25 29 85 54 0 30 97 2 88 31 52 48 22 99 46 38 15 49 50 63 75 68 19 36 47 27 83 13 24 18 37 53 90 74 33 55 12 11 65 1 32 94 71 58 89 40 73 69 82 56
Coste: 21608666

GENERACION: 545
Mejor Solucion:  76 34 28 91 98 35 67 26 6 4 72 51 21 79 57 86 87 77 80 93 81 66 42 92 62 20 45 9 8 23 7 70 60 39 3 41 44 14 10 43 95 16 59 61 17 78 84 96 64 5 25 29 85 54 0 30 97 2 88 31 52 48 22 99 46 38 15 49 50 63 75 68 19 36 47 27 83 13 24 18 37 53 90 74 33 55 12 11 65 1 32 94 71 58 89 40 73 69 82 56
Coste: 21608666

GENERACION: 550
Mejor Solucion:  76 34 28 91 98 35 67 26 6 4 72 51 21 79 57 86 87 77 80 93 81 66 42 92 62 20 45 9 8 23 7 70 60 39 3 41 44 14 10 43 95 16 59 61 17 78 84 96 64 5 25 29 85 54 0 30 97 2 88 31 52 48 22 99 46 38 15 49 50 63 75 68 19 36 47 27 83 13 24 18 37 53 90 74 33 55 12 11 65 1 32 94 71 58 89 40 73 69 82 56
Coste: 21608666

GENERACION: 555
Mejor Solucion:  76 34 28 91 98 35 67 26 6 4 72 51 21 79 57 86 87 77 80 93 81 66 42 92 62 20 45 9 8 23 7 70 60 39 3 41 44 14 10 43 95 16 59 61 17 78 84 96 64 5 25 29 85 54 0 30 97 2 88 31 52 48 22 99 46 38 15 49 50 63 75 68 19 36 47 27 83 13 24 18 37 53 90 74 33 55 12 11 65 1 32 94 71 58 89 40 73 69 82 56
Coste: 21608666

GENERACION: 560
Mejor Solucion:  76 34 28 91 98 35 67 26 6 4 72 51 21 79 57 86 87 77 80 93 81 66 42 92 62 20 45 9 8 23 7 70 60 39 3 41 44 14 10 43 95 16 59 61 17 78 84 96 64 5 25 29 85 54 0 30 97 2 88 31 52 48 22 99 46 38 15 49 50 63 75 68 19 36 47 27 83 13 24 18 37 53 90 74 33 55 12 11 65 1 32 94 71 58 89 40 73 69 82 56
Coste: 21608666

GENERACION: 565
Mejor Solucion:  76 34 28 91 98 35 67 26 6 4 72 51 21 79 57 86 87 77 80 93 81 66 42 92 62 20 45 9 8 23 7 70 60 39 3 41 44 14 10 43 95 16 59 61 17 78 84 96 64 5 25 29 85 54 0 30 97 2 88 31 52 48 22 99 46 38 15 49 50 63 75 68 19 36 47 27 83 13 24 18 37 53 90 74 33 55 12 11 65 1 32 94 71 58 89 40 73 69 82 56
Coste: 21608666

GENERACION: 570
Mejor Solucion:  76 34 28 91 98 35 67 26 6 4 72 51 21 79 57 86 87 77 80 93 81 66 42 92 62 20 45 9 8 23 7 70 60 39 3 41 44 14 10 43 95 16 59 61 17 78 84 96 64 5 25 29 85 54 0 30 97 2 88 31 52 48 22 99 46 38 15 49 50 63 75 68 19 36 47 27 83 13 24 18 37 53 90 74 33 55 12 11 65 1 32 94 71 58 89 40 73 69 82 56
Coste: 21608666

GENERACION: 575
Mejor Solucion:  76 34 28 91 98 35 67 26 6 4 72 51 21 79 57 86 87 77 80 93 81 66 42 92 62 20 45 9 8 23 7 70 60 39 3 41 44 14 10 43 95 16 59 61 17 78 84 96 64 5 25 29 85 54 0 30 97 2 88 31 52 48 22 99 46 38 15 49 50 63 75 68 19 36 47 27 83 13 24 18 37 53 90 74 33 55 12 11 65 1 32 94 71 58 89 40 73 69 82 56
Coste: 21608666

GENERACION: 580
Mejor Solucion:  76 34 28 91 98 35 67 26 6 4 72 51 21 79 57 86 87 77 80 93 81 66 42 92 62 20 45 9 8 23 7 70 60 39 3 41 44 14 10 43 95 16 59 61 17 78 84 96 64 5 25 29 85 54 0 30 97 2 88 31 52 48 22 99 46 38 15 49 50 63 75 68 19 36 47 27 83 13 24 18 37 53 90 74 33 55 12 11 65 1 32 94 71 58 89 40 73 69 82 56
Coste: 21608666

GENERACION: 585
Mejor Solucion:  76 34 28 91 98 35 67 26 6 4 72 51 21 79 57 86 87 77 80 93 81 66 42 92 62 20 45 9 8 23 7 70 60 39 3 41 44 14 10 43 95 16 59 61 17 78 84 96 64 5 25 29 85 54 0 30 97 2 88 31 52 48 22 99 46 38 15 49 50 63 75 68 19 36 47 27 83 13 24 18 37 53 90 74 33 55 12 11 65 1 32 94 71 58 89 40 73 69 82 56
Coste: 21608666

GENERACION: 590
Mejor Solucion:  76 34 28 91 98 35 67 26 6 4 72 51 21 79 57 86 87 77 80 93 81 66 42 92 62 20 45 9 8 23 7 70 60 39 3 41 44 14 10 43 95 16 59 61 17 78 84 96 64 5 25 29 85 54 0 30 97 2 88 31 52 48 22 99 46 38 15 49 50 63 75 68 19 36 47 27 83 13 24 18 37 53 90 74 33 55 12 11 65 1 32 94 71 58 89 40 73 69 82 56
Coste: 21608666

GENERACION: 595
Mejor Solucion:  76 34 28 91 98 35 67 26 6 4 72 51 21 79 57 86 87 77 80 93 81 66 42 92 62 20 45 9 8 23 7 70 60 39 3 41 44 14 10 43 95 16 59 61 17 78 84 96 64 5 25 29 85 54 0 30 97 2 88 31 52 48 22 99 46 38 15 49 50 63 75 68 19 36 47 27 83 13 24 18 37 53 90 74 33 55 12 11 65 1 32 94 71 58 89 40 73 69 82 56
Coste: 21608666

GENERACION: 600
Mejor Solucion:  76 34 28 91 98 35 67 26 6 4 72 51 21 79 57 86 87 77 80 93 81 66 42 92 62 20 45 9 8 23 7 70 60 39 3 41 44 14 10 43 95 16 59 61 17 78 84 96 64 5 25 29 85 54 0 30 97 2 88 31 52 48 22 99 46 38 15 49 50 63 75 68 19 36 47 27 83 13 24 18 37 53 90 74 33 55 12 11 65 1 32 94 71 58 89 40 73 69 82 56
Coste: 21608666

GENERACION: 605
Mejor Solucion:  76 34 28 91 98 35 67 26 6 4 72 51 21 79 57 86 87 77 80 93 81 66 42 92 62 20 45 9 8 23 7 70 60 39 3 41 44 14 10 43 95 16 59 61 17 78 84 96 64 5 25 29 85 54 0 30 97 2 88 31 52 48 22 99 46 38 15 49 50 63 75 68 19 36 47 27 83 13 24 18 37 53 90 74 33 55 12 11 65 1 32 94 71 58 89 40 73 69 82 56
Coste: 21608666

GENERACION: 610
Mejor Solucion:  76 34 28 91 98 35 67 26 6 4 72 51 21 79 57 86 87 77 80 93 81 66 42 92 62 20 45 9 8 23 7 70 60 39 3 41 44 14 10 43 95 16 59 61 17 78 84 96 64 5 25 29 85 54 0 30 97 2 88 31 52 48 22 99 46 38 15 49 50 63 75 68 19 36 47 27 83 13 24 18 37 53 90 74 33 55 12 11 65 1 32 94 71 58 89 40 73 69 82 56
Coste: 21608666

GENERACION: 615
Mejor Solucion:  76 34 28 91 98 35 67 26 6 4 72 51 21 79 57 86 87 77 80 93 81 66 42 92 62 20 45 9 8 23 7 70 60 39 3 41 44 14 10 43 95 16 59 61 17 78 84 96 64 5 25 29 85 54 0 30 97 2 88 31 52 48 22 99 46 38 15 49 50 63 75 68 19 36 47 27 83 13 24 18 37 53 90 74 33 55 12 11 65 1 32 94 71 58 89 40 73 69 82 56
Coste: 21608666

GENERACION: 620
Mejor Solucion:  76 34 28 91 98 35 67 26 6 4 72 51 21 79 57 86 87 77 80 93 81 66 42 92 62 20 45 9 8 23 7 70 60 39 3 41 44 14 10 43 95 16 59 61 17 78 84 96 64 5 25 29 85 54 0 30 97 2 88 31 52 48 22 99 46 38 15 49 50 63 75 68 19 36 47 27 83 13 24 18 37 53 90 74 33 55 12 11 65 1 32 94 71 58 89 40 73 69 82 56
Coste: 21608666

GENERACION: 625
Mejor Solucion:  76 34 28 91 98 35 67 26 6 4 72 51 21 79 57 86 87 77 80 93 81 66 42 92 62 20 45 9 8 23 7 70 60 39 3 41 44 14 10 43 95 16 59 61 17 78 84 96 64 5 25 29 85 54 0 30 97 2 88 31 52 48 22 99 46 38 15 49 50 63 75 68 19 36 47 27 83 13 24 18 37 53 90 74 33 55 12 11 65 1 32 94 71 58 89 40 73 69 82 56
Coste: 21608666

GENERACION: 630
Mejor Solucion:  76 34 28 91 98 35 67 26 6 4 72 51 21 79 57 86 87 77 80 93 81 66 42 92 62 20 45 9 8 23 7 70 60 39 3 41 44 14 10 43 95 16 59 61 17 78 84 96 64 5 25 29 85 54 0 30 97 2 88 31 52 48 22 99 46 38 15 49 50 63 75 68 19 36 47 27 83 13 24 18 37 53 90 74 33 55 12 11 65 1 32 94 71 58 89 40 73 69 82 56
Coste: 21608666

GENERACION: 635
Mejor Solucion:  76 34 28 91 98 35 67 26 6 4 72 51 21 79 57 86 87 77 80 93 81 66 42 92 62 20 45 9 8 23 7 70 60 39 3 41 44 14 10 43 95 16 59 61 17 78 84 96 64 5 25 29 85 54 0 30 97 2 88 31 52 48 22 99 46 38 15 49 50 63 75 68 19 36 47 27 83 13 24 18 37 53 90 74 33 55 12 11 65 1 32 94 71 58 89 40 73 69 82 56
Coste: 21608666

GENERACION: 640
Mejor Solucion:  76 34 28 91 98 35 67 26 6 4 72 51 21 79 57 86 87 77 80 93 81 66 42 92 62 20 45 9 8 23 7 70 60 39 3 41 44 14 10 43 95 16 59 61 17 78 84 96 64 5 25 29 85 54 0 30 97 2 88 31 52 48 22 99 46 38 15 49 50 63 75 68 19 36 47 27 83 13 24 18 37 53 90 74 33 55 12 11 65 1 32 94 71 58 89 40 73 69 82 56
Coste: 21608666

GENERACION: 645
Mejor Solucion:  76 34 28 91 98 35 67 26 6 4 72 51 21 79 57 86 87 77 80 93 81 66 42 92 62 20 45 9 8 23 7 70 60 39 3 41 44 14 10 43 95 16 59 61 17 78 84 96 64 5 25 29 85 54 0 30 97 2 88 31 52 48 22 99 46 38 15 49 50 63 75 68 19 36 47 27 83 13 24 18 37 53 90 74 33 55 12 11 65 1 32 94 71 58 89 40 73 69 82 56
Coste: 21608666

GENERACION: 650
Mejor Solucion:  76 34 28 91 98 35 67 26 6 4 72 51 21 79 57 86 87 77 80 93 81 66 42 92 62 20 45 9 8 23 7 70 60 39 3 41 44 14 10 43 95 16 59 61 17 78 84 96 64 5 25 29 85 54 0 30 97 2 88 31 52 48 22 99 46 38 15 49 50 63 75 68 19 36 47 27 83 13 24 18 37 53 90 74 33 55 12 11 65 1 32 94 71 58 89 40 73 69 82 56
Coste: 21608666

GENERACION: 655
Mejor Solucion:  76 34 28 91 98 35 67 26 6 4 72 51 21 79 57 86 87 77 80 93 81 66 42 92 62 20 45 9 8 23 7 70 60 39 3 41 44 14 10 43 95 16 59 61 17 78 84 96 64 5 25 29 85 54 0 30 97 2 88 31 52 48 22 99 46 38 15 49 50 63 75 68 19 36 47 27 83 13 24 18 37 53 90 74 33 55 12 11 65 1 32 94 71 58 89 40 73 69 82 56
Coste: 21608666

GENERACION: 660
Mejor Solucion:  76 34 28 91 98 35 67 26 6 4 72 51 21 79 57 86 87 77 80 93 81 66 42 92 62 20 45 9 8 23 7 70 60 39 3 41 44 14 10 43 95 16 59 61 17 78 84 96 64 5 25 29 85 54 0 30 97 2 88 31 52 48 22 99 46 38 15 49 50 63 75 68 19 36 47 27 83 13 24 18 37 53 90 74 33 55 12 11 65 1 32 94 71 58 89 40 73 69 82 56
Coste: 21608666

GENERACION: 665
Mejor Solucion:  76 34 28 91 98 35 67 26 6 4 72 51 21 79 57 86 87 77 80 93 81 66 42 92 62 20 45 9 8 23 7 70 60 39 3 41 44 14 10 43 95 16 59 61 17 78 84 96 64 5 25 29 85 54 0 30 97 2 88 31 52 48 22 99 46 38 15 49 50 63 75 68 19 36 47 27 83 13 24 18 37 53 90 74 33 55 12 11 65 1 32 94 71 58 89 40 73 69 82 56
Coste: 21608666

GENERACION: 670
Mejor Solucion:  76 34 28 91 98 35 67 26 6 4 72 51 21 79 57 86 87 77 80 93 81 66 42 92 62 20 45 9 8 23 7 70 60 39 3 41 44 14 10 43 95 16 59 61 17 78 84 96 64 5 25 29 85 54 0 30 97 2 88 31 52 48 22 99 46 38 15 49 50 63 75 68 19 36 47 27 83 13 24 18 37 53 90 74 33 55 12 11 65 1 32 94 71 58 89 40 73 69 82 56
Coste: 21608666

GENERACION: 675
Mejor Solucion:  76 34 28 91 98 35 67 26 6 4 72 51 21 79 57 86 87 77 80 93 81 66 42 92 62 20 45 9 8 23 7 70 60 39 3 41 44 14 10 43 95 16 59 61 17 78 84 96 64 5 25 29 85 54 0 30 97 2 88 31 52 48 22 99 46 38 15 49 50 63 75 68 19 36 47 27 83 13 24 18 37 53 90 74 33 55 12 11 65 1 32 94 71 58 89 40 73 69 82 56
Coste: 21608666

GENERACION: 680
Mejor Solucion:  76 34 28 91 98 35 67 26 6 4 72 51 21 79 57 86 87 77 80 93 81 66 42 92 62 20 45 9 8 23 7 70 60 39 3 41 44 14 10 43 95 16 59 61 17 78 84 96 64 5 25 29 85 54 0 30 97 2 88 31 52 48 22 99 46 38 15 49 50 63 75 68 19 36 47 27 83 13 24 18 37 53 90 74 33 55 12 11 65 1 32 94 71 58 89 40 73 69 82 56
Coste: 21608666

GENERACION: 685
Mejor Solucion:  76 34 28 91 98 35 67 26 6 4 72 51 21 79 57 86 87 77 80 93 81 66 42 92 62 20 45 9 8 23 7 70 60 39 3 41 44 14 10 43 95 16 59 61 17 78 84 96 64 5 25 29 85 54 0 30 97 2 88 31 52 48 22 99 46 38 15 49 50 63 75 68 19 36 47 27 83 13 24 18 37 53 90 74 33 55 12 11 65 1 32 94 71 58 89 40 73 69 82 56
Coste: 21608666

GENERACION: 690
Mejor Solucion:  76 34 28 91 98 35 67 26 6 4 72 51 21 79 57 86 87 77 80 93 81 66 42 92 62 20 45 9 8 23 7 70 60 39 3 41 44 14 10 43 95 16 59 61 17 78 84 96 64 5 25 29 85 54 0 30 97 2 88 31 52 48 22 99 46 38 15 49 50 63 75 68 19 36 47 27 83 13 24 18 37 53 90 74 33 55 12 11 65 1 32 94 71 58 89 40 73 69 82 56
Coste: 21608666

GENERACION: 695
Mejor Solucion:  76 34 28 91 98 35 67 26 6 4 72 51 21 79 57 86 87 77 80 93 81 66 42 92 62 20 45 9 8 23 7 70 60 39 3 41 44 14 10 43 95 16 59 61 17 78 84 96 64 5 25 29 85 54 0 30 97 2 88 31 52 48 22 99 46 38 15 49 50 63 75 68 19 36 47 27 83 13 24 18 37 53 90 74 33 55 12 11 65 1 32 94 71 58 89 40 73 69 82 56
Coste: 21608666

GENERACION: 700
Mejor Solucion:  76 34 28 91 98 35 67 26 6 4 72 51 21 79 57 86 87 77 80 93 81 66 42 92 62 20 45 9 8 23 7 70 60 39 3 41 44 14 10 43 95 16 59 61 17 78 84 96 64 5 25 29 85 54 0 30 97 2 88 31 52 48 22 99 46 38 15 49 50 63 75 68 19 36 47 27 83 13 24 18 37 53 90 74 33 55 12 11 65 1 32 94 71 58 89 40 73 69 82 56
Coste: 21608666

GENERACION: 705
Mejor Solucion:  76 34 28 91 98 35 67 26 6 4 72 51 21 79 57 86 87 77 80 93 81 66 42 92 62 20 45 9 8 23 7 70 60 39 3 41 44 14 10 43 95 16 59 61 17 78 84 96 64 5 25 29 85 54 0 30 97 2 88 31 52 48 22 99 46 38 15 49 50 63 75 68 19 36 47 27 83 13 24 18 37 53 90 74 33 55 12 11 65 1 32 94 71 58 89 40 73 69 82 56
Coste: 21608666

GENERACION: 710
Mejor Solucion:  76 34 28 91 98 35 67 26 6 4 72 51 21 79 57 86 87 77 80 93 81 66 42 92 62 20 45 9 8 23 7 70 60 39 3 41 44 14 10 43 95 16 59 61 17 78 84 96 64 5 25 29 85 54 0 30 97 2 88 31 52 48 22 99 46 38 15 49 50 63 75 68 19 36 47 27 83 13 24 18 37 53 90 74 33 55 12 11 65 1 32 94 71 58 89 40 73 69 82 56
Coste: 21608666

GENERACION: 715
Mejor Solucion:  76 34 28 91 98 35 67 26 6 4 72 51 21 79 57 86 87 77 80 93 81 66 42 92 62 20 45 9 8 23 7 70 60 39 3 41 44 14 10 43 95 16 59 61 17 78 84 96 64 5 25 29 85 54 0 30 97 2 88 31 52 48 22 99 46 38 15 49 50 63 75 68 19 36 47 27 83 13 24 18 37 53 90 74 33 55 12 11 65 1 32 94 71 58 89 40 73 69 82 56
Coste: 21608666

GENERACION: 720
Mejor Solucion:  76 34 28 91 98 35 67 26 6 4 72 51 21 79 57 86 87 77 80 93 81 66 42 92 62 20 45 9 8 23 7 70 60 39 3 41 44 14 10 43 95 16 59 61 17 78 84 96 64 5 25 29 85 54 0 30 97 2 88 31 52 48 22 99 46 38 15 49 50 63 75 68 19 36 47 27 83 13 24 18 37 53 90 74 33 55 12 11 65 1 32 94 71 58 89 40 73 69 82 56
Coste: 21608666

GENERACION: 725
Mejor Solucion:  76 34 28 91 98 35 67 26 6 4 72 51 21 79 57 86 87 77 80 93 81 66 42 92 62 20 45 9 8 23 7 70 60 39 3 41 44 14 10 43 95 16 59 61 17 78 84 96 64 5 25 29 85 54 0 30 97 2 88 31 52 48 22 99 46 38 15 49 50 63 75 68 19 36 47 27 83 13 24 18 37 53 90 74 33 55 12 11 65 1 32 94 71 58 89 40 73 69 82 56
Coste: 21608666

GENERACION: 730
Mejor Solucion:  76 34 28 91 98 35 67 26 6 4 72 51 21 79 57 86 87 77 80 93 81 66 42 92 62 20 45 9 8 23 7 70 60 39 3 41 44 14 10 43 95 16 59 61 17 78 84 96 64 5 25 29 85 54 0 30 97 2 88 31 52 48 22 99 46 38 15 49 50 63 75 68 19 36 47 27 83 13 24 18 37 53 90 74 33 55 12 11 65 1 32 94 71 58 89 40 73 69 82 56
Coste: 21608666

GENERACION: 735
Mejor Solucion:  76 34 28 91 98 35 67 26 6 4 72 51 21 79 57 86 87 77 80 93 81 66 42 92 62 20 45 9 8 23 7 70 60 39 3 41 44 14 10 43 95 16 59 61 17 78 84 96 64 5 25 29 85 54 0 30 97 2 88 31 52 48 22 99 46 38 15 49 50 63 75 68 19 36 47 27 83 13 24 18 37 53 90 74 33 55 12 11 65 1 32 94 71 58 89 40 73 69 82 56
Coste: 21608666

GENERACION: 740
Mejor Solucion:  76 34 28 91 98 35 67 26 6 4 72 51 21 79 57 86 87 77 80 93 81 66 42 92 62 20 45 9 8 23 7 70 60 39 3 41 44 14 10 43 95 16 59 61 17 78 84 96 64 5 25 29 85 54 0 30 97 2 88 31 52 48 22 99 46 38 15 49 50 63 75 68 19 36 47 27 83 13 24 18 37 53 90 74 33 55 12 11 65 1 32 94 71 58 89 40 73 69 82 56
Coste: 21608666

GENERACION: 745
Mejor Solucion:  76 34 28 91 98 35 67 26 6 4 72 51 21 79 57 86 87 77 80 93 81 66 42 92 62 20 45 9 8 23 7 70 60 39 3 41 44 14 10 43 95 16 59 61 17 78 84 96 64 5 25 29 85 54 0 30 97 2 88 31 52 48 22 99 46 38 15 49 50 63 75 68 19 36 47 27 83 13 24 18 37 53 90 74 33 55 12 11 65 1 32 94 71 58 89 40 73 69 82 56
Coste: 21608666

GENERACION: 750
Mejor Solucion:  76 34 28 91 98 35 67 26 6 4 72 51 21 79 57 86 87 77 80 93 81 66 42 92 62 20 45 9 8 23 7 70 60 39 3 41 44 14 10 43 95 16 59 61 17 78 84 96 64 5 25 29 85 54 0 30 97 2 88 31 52 48 22 99 46 38 15 49 50 63 75 68 19 36 47 27 83 13 24 18 37 53 90 74 33 55 12 11 65 1 32 94 71 58 89 40 73 69 82 56
Coste: 21608666

GENERACION: 755
Mejor Solucion:  76 34 28 91 98 35 67 26 6 4 72 51 21 79 57 86 87 77 80 93 81 66 42 92 62 20 45 9 8 23 7 70 60 39 3 41 44 14 10 43 95 16 59 61 17 78 84 96 64 5 25 29 85 54 0 30 97 2 88 31 52 48 22 99 46 38 15 49 50 63 75 68 19 36 47 27 83 13 24 18 37 53 90 74 33 55 12 11 65 1 32 94 71 58 89 40 73 69 82 56
Coste: 21608666

GENERACION: 760
Mejor Solucion:  76 34 28 91 98 35 67 26 6 4 72 51 21 79 57 86 87 77 80 93 81 66 42 92 62 20 45 9 8 23 7 70 60 39 3 41 44 14 10 43 95 16 59 61 17 78 84 96 64 5 25 29 85 54 0 30 97 2 88 31 52 48 22 99 46 38 15 49 50 63 75 68 19 36 47 27 83 13 24 18 37 53 90 74 33 55 12 11 65 1 32 94 71 58 89 40 73 69 82 56
Coste: 21608666

GENERACION: 765
Mejor Solucion:  76 34 28 91 98 35 67 26 6 4 72 51 21 79 57 86 87 77 80 93 81 66 42 92 62 20 45 9 8 23 7 70 60 39 3 41 44 14 10 43 95 16 59 61 17 78 84 96 64 5 25 29 85 54 0 30 97 2 88 31 52 48 22 99 46 38 15 49 50 63 75 68 19 36 47 27 83 13 24 18 37 53 90 74 33 55 12 11 65 1 32 94 71 58 89 40 73 69 82 56
Coste: 21608666

GENERACION: 770
Mejor Solucion:  76 34 28 91 98 35 67 26 6 4 72 51 21 79 57 86 87 77 80 93 81 66 42 92 62 20 45 9 8 23 7 70 60 39 3 41 44 14 10 43 95 16 59 61 17 78 84 96 64 5 25 29 85 54 0 30 97 2 88 31 52 48 22 99 46 38 15 49 50 63 75 68 19 36 47 27 83 13 24 18 37 53 90 74 33 55 12 11 65 1 32 94 71 58 89 40 73 69 82 56
Coste: 21608666

GENERACION: 775
Mejor Solucion:  76 34 28 91 98 35 67 26 6 4 72 51 21 79 57 86 87 77 80 93 81 66 42 92 62 20 45 9 8 23 7 70 60 39 3 41 44 14 10 43 95 16 59 61 17 78 84 96 64 5 25 29 85 54 0 30 97 2 88 31 52 48 22 99 46 38 15 49 50 63 75 68 19 36 47 27 83 13 24 18 37 53 90 74 33 55 12 11 65 1 32 94 71 58 89 40 73 69 82 56
Coste: 21608666

GENERACION: 780
Mejor Solucion:  76 34 28 91 98 35 67 26 6 4 72 51 21 79 57 86 87 77 80 93 81 66 42 92 62 20 45 9 8 23 7 70 60 39 3 41 44 14 10 43 95 16 59 61 17 78 84 96 64 5 25 29 85 54 0 30 97 2 88 31 52 48 22 99 46 38 15 49 50 63 75 68 19 36 47 27 83 13 24 18 37 53 90 74 33 55 12 11 65 1 32 94 71 58 89 40 73 69 82 56
Coste: 21608666

GENERACION: 785
Mejor Solucion:  76 34 28 91 98 35 67 26 6 4 72 51 21 79 57 86 87 77 80 93 81 66 42 92 62 20 45 9 8 23 7 70 60 39 3 41 44 14 10 43 95 16 59 61 17 78 84 96 64 5 25 29 85 54 0 30 97 2 88 31 52 48 22 99 46 38 15 49 50 63 75 68 19 36 47 27 83 13 24 18 37 53 90 74 33 55 12 11 65 1 32 94 71 58 89 40 73 69 82 56
Coste: 21608666

GENERACION: 790
Mejor Solucion:  76 34 28 91 98 35 67 26 6 4 72 51 21 79 57 86 87 77 80 93 81 66 42 92 62 20 45 9 8 23 7 70 60 39 3 41 44 14 10 43 95 16 59 61 17 78 84 96 64 5 25 29 85 54 0 30 97 2 88 31 52 48 22 99 46 38 15 49 50 63 75 68 19 36 47 27 83 13 24 18 37 53 90 74 33 55 12 11 65 1 32 94 71 58 89 40 73 69 82 56
Coste: 21608666

GENERACION: 795
Mejor Solucion:  76 34 28 91 98 35 67 26 6 4 72 51 21 79 57 86 87 77 80 93 81 66 42 92 62 20 45 9 8 23 7 70 60 39 3 41 44 14 10 43 95 16 59 61 17 78 84 96 64 5 25 29 85 54 0 30 97 2 88 31 52 48 22 99 46 38 15 49 50 63 75 68 19 36 47 27 83 13 24 18 37 53 90 74 33 55 12 11 65 1 32 94 71 58 89 40 73 69 82 56
Coste: 21608666

GENERACION: 800
Mejor Solucion:  76 34 28 91 98 35 67 26 6 4 72 51 21 79 57 86 87 77 80 93 81 66 42 92 62 20 45 9 8 23 7 70 60 39 3 41 44 14 10 43 95 16 59 61 17 78 84 96 64 5 25 29 85 54 0 30 97 2 88 31 52 48 22 99 46 38 15 49 50 63 75 68 19 36 47 27 83 13 24 18 37 53 90 74 33 55 12 11 65 1 32 94 71 58 89 40 73 69 82 56
Coste: 21608666

GENERACION: 805
Mejor Solucion:  76 34 28 91 98 35 67 26 6 4 72 51 21 79 57 86 87 77 80 93 81 66 42 92 62 20 45 9 8 23 7 70 60 39 3 41 44 14 10 43 95 16 59 61 17 78 84 96 64 5 25 29 85 54 0 30 97 2 88 31 52 48 22 99 46 38 15 49 50 63 75 68 19 36 47 27 83 13 24 18 37 53 90 74 33 55 12 11 65 1 32 94 71 58 89 40 73 69 82 56
Coste: 21608666

GENERACION: 810
Mejor Solucion:  76 34 28 91 98 35 67 26 6 4 72 51 21 79 57 86 87 77 80 93 81 66 42 92 62 20 45 9 8 23 7 70 60 39 3 41 44 14 10 43 95 16 59 61 17 78 84 96 64 5 25 29 85 54 0 30 97 2 88 31 52 48 22 99 46 38 15 49 50 63 75 68 19 36 47 27 83 13 24 18 37 53 90 74 33 55 12 11 65 1 32 94 71 58 89 40 73 69 82 56
Coste: 21608666

GENERACION: 815
Mejor Solucion:  76 34 28 91 98 35 67 26 6 4 72 51 21 79 57 86 87 77 80 93 81 66 42 92 62 20 45 9 8 23 7 70 60 39 3 41 44 14 10 43 95 16 59 61 17 78 84 96 64 5 25 29 85 54 0 30 97 2 88 31 52 48 22 99 46 38 15 49 50 63 75 68 19 36 47 27 83 13 24 18 37 53 90 74 33 55 12 11 65 1 32 94 71 58 89 40 73 69 82 56
Coste: 21608666

GENERACION: 820
Mejor Solucion:  76 34 28 91 98 35 67 26 6 4 72 51 21 79 57 86 87 77 80 93 81 66 42 92 62 20 45 9 8 23 7 70 60 39 3 41 44 14 10 43 95 16 59 61 17 78 84 96 64 5 25 29 85 54 0 30 97 2 88 31 52 48 22 99 46 38 15 49 50 63 75 68 19 36 47 27 83 13 24 18 37 53 90 74 33 55 12 11 65 1 32 94 71 58 89 40 73 69 82 56
Coste: 21608666

GENERACION: 825
Mejor Solucion:  76 34 28 91 98 35 67 26 6 4 72 51 21 79 57 86 87 77 80 93 81 66 42 92 62 20 45 9 8 23 7 70 60 39 3 41 44 14 10 43 95 16 59 61 17 78 84 96 64 5 25 29 85 54 0 30 97 2 88 31 52 48 22 99 46 38 15 49 50 63 75 68 19 36 47 27 83 13 24 18 37 53 90 74 33 55 12 11 65 1 32 94 71 58 89 40 73 69 82 56
Coste: 21608666

GENERACION: 830
Mejor Solucion:  76 34 28 91 98 35 67 26 6 4 72 51 21 79 57 86 87 77 80 93 81 66 42 92 62 20 45 9 8 23 7 70 60 39 3 41 44 14 10 43 95 16 59 61 17 78 84 96 64 5 25 29 85 54 0 30 97 2 88 31 52 48 22 99 46 38 15 49 50 63 75 68 19 36 47 27 83 13 24 18 37 53 90 74 33 55 12 11 65 1 32 94 71 58 89 40 73 69 82 56
Coste: 21608666

GENERACION: 835
Mejor Solucion:  76 34 28 91 98 35 67 26 6 4 72 51 21 79 57 86 87 77 80 93 81 66 42 92 62 20 45 9 8 23 7 70 60 39 3 41 44 14 10 43 95 16 59 61 17 78 84 96 64 5 25 29 85 54 0 30 97 2 88 31 52 48 22 99 46 38 15 49 50 63 75 68 19 36 47 27 83 13 24 18 37 53 90 74 33 55 12 11 65 1 32 94 71 58 89 40 73 69 82 56
Coste: 21608666

GENERACION: 840
Mejor Solucion:  76 34 28 91 98 35 67 26 6 4 72 51 21 79 57 86 87 77 80 93 81 66 42 92 62 20 45 9 8 23 7 70 60 39 3 41 44 14 10 43 95 16 59 61 17 78 84 96 64 5 25 29 85 54 0 30 97 2 88 31 52 48 22 99 46 38 15 49 50 63 75 68 19 36 47 27 83 13 24 18 37 53 90 74 33 55 12 11 65 1 32 94 71 58 89 40 73 69 82 56
Coste: 21608666

GENERACION: 845
Mejor Solucion:  76 34 28 91 98 35 67 26 6 4 72 51 21 79 57 86 87 77 80 93 81 66 42 92 62 20 45 9 8 23 7 70 60 39 3 41 44 14 10 43 95 16 59 61 17 78 84 96 64 5 25 29 85 54 0 30 97 2 88 31 52 48 22 99 46 38 15 49 50 63 75 68 19 36 47 27 83 13 24 18 37 53 90 74 33 55 12 11 65 1 32 94 71 58 89 40 73 69 82 56
Coste: 21608666

GENERACION: 850
Mejor Solucion:  76 34 28 91 98 35 67 26 6 4 72 51 21 79 57 86 87 77 80 93 81 66 42 92 62 20 45 9 8 23 7 70 60 39 3 41 44 14 10 43 95 16 59 61 17 78 84 96 64 5 25 29 85 54 0 30 97 2 88 31 52 48 22 99 46 38 15 49 50 63 75 68 19 36 47 27 83 13 24 18 37 53 90 74 33 55 12 11 65 1 32 94 71 58 89 40 73 69 82 56
Coste: 21608666

GENERACION: 855
Mejor Solucion:  76 34 28 91 98 35 67 26 6 4 72 51 21 79 57 86 87 77 80 93 81 66 42 92 62 20 45 9 8 23 7 70 60 39 3 41 44 14 10 43 95 16 59 61 17 78 84 96 64 5 25 29 85 54 0 30 97 2 88 31 52 48 22 99 46 38 15 49 50 63 75 68 19 36 47 27 83 13 24 18 37 53 90 74 33 55 12 11 65 1 32 94 71 58 89 40 73 69 82 56
Coste: 21608666

GENERACION: 860
Mejor Solucion:  76 34 28 91 98 35 67 26 6 4 72 51 21 79 57 86 87 77 80 93 81 66 42 92 62 20 45 9 8 23 7 70 60 39 3 41 44 14 10 43 95 16 59 61 17 78 84 96 64 5 25 29 85 54 0 30 97 2 88 31 52 48 22 99 46 38 15 49 50 63 75 68 19 36 47 27 83 13 24 18 37 53 90 74 33 55 12 11 65 1 32 94 71 58 89 40 73 69 82 56
Coste: 21608666

GENERACION: 865
Mejor Solucion:  76 34 28 91 98 35 67 26 6 4 72 51 21 79 57 86 87 77 80 93 81 66 42 92 62 20 45 9 8 23 7 70 60 39 3 41 44 14 10 43 95 16 59 61 17 78 84 96 64 5 25 29 85 54 0 30 97 2 88 31 52 48 22 99 46 38 15 49 50 63 75 68 19 36 47 27 83 13 24 18 37 53 90 74 33 55 12 11 65 1 32 94 71 58 89 40 73 69 82 56
Coste: 21608666

GENERACION: 870
Mejor Solucion:  76 34 28 91 98 35 67 26 6 4 72 51 21 79 57 86 87 77 80 93 81 66 42 92 62 20 45 9 8 23 7 70 60 39 3 41 44 14 10 43 95 16 59 61 17 78 84 96 64 5 25 29 85 54 0 30 97 2 88 31 52 48 22 99 46 38 15 49 50 63 75 68 19 36 47 27 83 13 24 18 37 53 90 74 33 55 12 11 65 1 32 94 71 58 89 40 73 69 82 56
Coste: 21608666

GENERACION: 875
Mejor Solucion:  76 34 28 91 98 35 67 26 6 4 72 51 21 79 57 86 87 77 80 93 81 66 42 92 62 20 45 9 8 23 7 70 60 39 3 41 44 14 10 43 95 16 59 61 17 78 84 96 64 5 25 29 85 54 0 30 97 2 88 31 52 48 22 99 46 38 15 49 50 63 75 68 19 36 47 27 83 13 24 18 37 53 90 74 33 55 12 11 65 1 32 94 71 58 89 40 73 69 82 56
Coste: 21608666

GENERACION: 880
Mejor Solucion:  76 34 28 91 98 35 67 26 6 4 72 51 21 79 57 86 87 77 80 93 81 66 42 92 62 20 45 9 8 23 7 70 60 39 3 41 44 14 10 43 95 16 59 61 17 78 84 96 64 5 25 29 85 54 0 30 97 2 88 31 52 48 22 99 46 38 15 49 50 63 75 68 19 36 47 27 83 13 24 18 37 53 90 74 33 55 12 11 65 1 32 94 71 58 89 40 73 69 82 56
Coste: 21608666

GENERACION: 885
Mejor Solucion:  76 34 28 91 98 35 67 26 6 4 72 51 21 79 57 86 87 77 80 93 81 66 42 92 62 20 45 9 8 23 7 70 60 39 3 41 44 14 10 43 95 16 59 61 17 78 84 96 64 5 25 29 85 54 0 30 97 2 88 31 52 48 22 99 46 38 15 49 50 63 75 68 19 36 47 27 83 13 24 18 37 53 90 74 33 55 12 11 65 1 32 94 71 58 89 40 73 69 82 56
Coste: 21608666

GENERACION: 890
Mejor Solucion:  76 34 28 91 98 35 67 26 6 4 72 51 21 79 57 86 87 77 80 93 81 66 42 92 62 20 45 9 8 23 7 70 60 39 3 41 44 14 10 43 95 16 59 61 17 78 84 96 64 5 25 29 85 54 0 30 97 2 88 31 52 48 22 99 46 38 15 49 50 63 75 68 19 36 47 27 83 13 24 18 37 53 90 74 33 55 12 11 65 1 32 94 71 58 89 40 73 69 82 56
Coste: 21608666

GENERACION: 895
Mejor Solucion:  76 34 28 91 98 35 67 26 6 4 72 51 21 79 57 86 87 77 80 93 81 66 42 92 62 20 45 9 8 23 7 70 60 39 3 41 44 14 10 43 95 16 59 61 17 78 84 96 64 5 25 29 85 54 0 30 97 2 88 31 52 48 22 99 46 38 15 49 50 63 75 68 19 36 47 27 83 13 24 18 37 53 90 74 33 55 12 11 65 1 32 94 71 58 89 40 73 69 82 56
Coste: 21608666

GENERACION: 900
Mejor Solucion:  76 34 28 91 98 35 67 26 6 4 72 51 21 79 57 86 87 77 80 93 81 66 42 92 62 20 45 9 8 23 7 70 60 39 3 41 44 14 10 43 95 16 59 61 17 78 84 96 64 5 25 29 85 54 0 30 97 2 88 31 52 48 22 99 46 38 15 49 50 63 75 68 19 36 47 27 83 13 24 18 37 53 90 74 33 55 12 11 65 1 32 94 71 58 89 40 73 69 82 56
Coste: 21608666

GENERACION: 905
Mejor Solucion:  76 34 28 91 98 35 67 26 6 4 72 51 21 79 57 86 87 77 80 93 81 66 42 92 62 20 45 9 8 23 7 70 60 39 3 41 44 14 10 43 95 16 59 61 17 78 84 96 64 5 25 29 85 54 0 30 97 2 88 31 52 48 22 99 46 38 15 49 50 63 75 68 19 36 47 27 83 13 24 18 37 53 90 74 33 55 12 11 65 1 32 94 71 58 89 40 73 69 82 56
Coste: 21608666

GENERACION: 910
Mejor Solucion:  76 34 28 91 98 35 67 26 6 4 72 51 21 79 57 86 87 77 80 93 81 66 42 92 62 20 45 9 8 23 7 70 60 39 3 41 44 14 10 43 95 16 59 61 17 78 84 96 64 5 25 29 85 54 0 30 97 2 88 31 52 48 22 99 46 38 15 49 50 63 75 68 19 36 47 27 83 13 24 18 37 53 90 74 33 55 12 11 65 1 32 94 71 58 89 40 73 69 82 56
Coste: 21608666

GENERACION: 915
Mejor Solucion:  76 34 28 91 98 35 67 26 6 4 72 51 21 79 57 86 87 77 80 93 81 66 42 92 62 20 45 9 8 23 7 70 60 39 3 41 44 14 10 43 95 16 59 61 17 78 84 96 64 5 25 29 85 54 0 30 97 2 88 31 52 48 22 99 46 38 15 49 50 63 75 68 19 36 47 27 83 13 24 18 37 53 90 74 33 55 12 11 65 1 32 94 71 58 89 40 73 69 82 56
Coste: 21608666

GENERACION: 920
Mejor Solucion:  76 34 28 91 98 35 67 26 6 4 72 51 21 79 57 86 87 77 80 93 81 66 42 92 62 20 45 9 8 23 7 70 60 39 3 41 44 14 10 43 95 16 59 61 17 78 84 96 64 5 25 29 85 54 0 30 97 2 88 31 52 48 22 99 46 38 15 49 50 63 75 68 19 36 47 27 83 13 24 18 37 53 90 74 33 55 12 11 65 1 32 94 71 58 89 40 73 69 82 56
Coste: 21608666

GENERACION: 925
Mejor Solucion:  76 34 28 91 98 35 67 26 6 4 72 51 21 79 57 86 87 77 80 93 81 66 42 92 62 20 45 9 8 23 7 70 60 39 3 41 44 14 10 43 95 16 59 61 17 78 84 96 64 5 25 29 85 54 0 30 97 2 88 31 52 48 22 99 46 38 15 49 50 63 75 68 19 36 47 27 83 13 24 18 37 53 90 74 33 55 12 11 65 1 32 94 71 58 89 40 73 69 82 56
Coste: 21608666

GENERACION: 930
Mejor Solucion:  76 34 28 91 98 35 67 26 6 4 72 51 21 79 57 86 87 77 80 93 81 66 42 92 62 20 45 9 8 23 7 70 60 39 3 41 44 14 10 43 95 16 59 61 17 78 84 96 64 5 25 29 85 54 0 30 97 2 88 31 52 48 22 99 46 38 15 49 50 63 75 68 19 36 47 27 83 13 24 18 37 53 90 74 33 55 12 11 65 1 32 94 71 58 89 40 73 69 82 56
Coste: 21608666

GENERACION: 935
Mejor Solucion:  76 34 28 91 98 35 67 26 6 4 72 51 21 79 57 86 87 77 80 93 81 66 42 92 62 20 45 9 8 23 7 70 60 39 3 41 44 14 10 43 95 16 59 61 17 78 84 96 64 5 25 29 85 54 0 30 97 2 88 31 52 48 22 99 46 38 15 49 50 63 75 68 19 36 47 27 83 13 24 18 37 53 90 74 33 55 12 11 65 1 32 94 71 58 89 40 73 69 82 56
Coste: 21608666

GENERACION: 940
Mejor Solucion:  76 34 28 91 98 35 67 26 6 4 72 51 21 79 57 86 87 77 80 93 81 66 42 92 62 20 45 9 8 23 7 70 60 39 3 41 44 14 10 43 95 16 59 61 17 78 84 96 64 5 25 29 85 54 0 30 97 2 88 31 52 48 22 99 46 38 15 49 50 63 75 68 19 36 47 27 83 13 24 18 37 53 90 74 33 55 12 11 65 1 32 94 71 58 89 40 73 69 82 56
Coste: 21608666

GENERACION: 945
Mejor Solucion:  76 34 28 91 98 35 67 26 6 4 72 51 21 79 57 86 87 77 80 93 81 66 42 92 62 20 45 9 8 23 7 70 60 39 3 41 44 14 10 43 95 16 59 61 17 78 84 96 64 5 25 29 85 54 0 30 97 2 88 31 52 48 22 99 46 38 15 49 50 63 75 68 19 36 47 27 83 13 24 18 37 53 90 74 33 55 12 11 65 1 32 94 71 58 89 40 73 69 82 56
Coste: 21608666

GENERACION: 950
Mejor Solucion:  76 34 28 91 98 35 67 26 6 4 72 51 21 79 57 86 87 77 80 93 81 66 42 92 62 20 45 9 8 23 7 70 60 39 3 41 44 14 10 43 95 16 59 61 17 78 84 96 64 5 25 29 85 54 0 30 97 2 88 31 52 48 22 99 46 38 15 49 50 63 75 68 19 36 47 27 83 13 24 18 37 53 90 74 33 55 12 11 65 1 32 94 71 58 89 40 73 69 82 56
Coste: 21608666

GENERACION: 955
Mejor Solucion:  76 34 28 91 98 35 67 26 6 4 72 51 21 79 57 86 87 77 80 93 81 66 42 92 62 20 45 9 8 23 7 70 60 39 3 41 44 14 10 43 95 16 59 61 17 78 84 96 64 5 25 29 85 54 0 30 97 2 88 31 52 48 22 99 46 38 15 49 50 63 75 68 19 36 47 27 83 13 24 18 37 53 90 74 33 55 12 11 65 1 32 94 71 58 89 40 73 69 82 56
Coste: 21608666

GENERACION: 960
Mejor Solucion:  76 34 28 91 98 35 67 26 6 4 72 51 21 79 57 86 87 77 80 93 81 66 42 92 62 20 45 9 8 23 7 70 60 39 3 41 44 14 10 43 95 16 59 61 17 78 84 96 64 5 25 29 85 54 0 30 97 2 88 31 52 48 22 99 46 38 15 49 50 63 75 68 19 36 47 27 83 13 24 18 37 53 90 74 33 55 12 11 65 1 32 94 71 58 89 40 73 69 82 56
Coste: 21608666

GENERACION: 965
Mejor Solucion:  76 34 28 91 98 35 67 26 6 4 72 51 21 79 57 86 87 77 80 93 81 66 42 92 62 20 45 9 8 23 7 70 60 39 3 41 44 14 10 43 95 16 59 61 17 78 84 96 64 5 25 29 85 54 0 30 97 2 88 31 52 48 22 99 46 38 15 49 50 63 75 68 19 36 47 27 83 13 24 18 37 53 90 74 33 55 12 11 65 1 32 94 71 58 89 40 73 69 82 56
Coste: 21608666

GENERACION: 970
Mejor Solucion:  76 34 28 91 98 35 67 26 6 4 72 51 21 79 57 86 87 77 80 93 81 66 42 92 62 20 45 9 8 23 7 70 60 39 3 41 44 14 10 43 95 16 59 61 17 78 84 96 64 5 25 29 85 54 0 30 97 2 88 31 52 48 22 99 46 38 15 49 50 63 75 68 19 36 47 27 83 13 24 18 37 53 90 74 33 55 12 11 65 1 32 94 71 58 89 40 73 69 82 56
Coste: 21608666

GENERACION: 975
Mejor Solucion:  76 34 28 91 98 35 67 26 6 4 72 51 21 79 57 86 87 77 80 93 81 66 42 92 62 20 45 9 8 23 7 70 60 39 3 41 44 14 10 43 95 16 59 61 17 78 84 96 64 5 25 29 85 54 0 30 97 2 88 31 52 48 22 99 46 38 15 49 50 63 75 68 19 36 47 27 83 13 24 18 37 53 90 74 33 55 12 11 65 1 32 94 71 58 89 40 73 69 82 56
Coste: 21608666

GENERACION: 980
Mejor Solucion:  76 34 28 91 98 35 67 26 6 4 72 51 21 79 57 86 87 77 80 93 81 66 42 92 62 20 45 9 8 23 7 70 60 39 3 41 44 14 10 43 95 16 59 61 17 78 84 96 64 5 25 29 85 54 0 30 97 2 88 31 52 48 22 99 46 38 15 49 50 63 75 68 19 36 47 27 83 13 24 18 37 53 90 74 33 55 12 11 65 1 32 94 71 58 89 40 73 69 82 56
Coste: 21608666

GENERACION: 985
Mejor Solucion:  76 34 28 91 98 35 67 26 6 4 72 51 21 79 57 86 87 77 80 93 81 66 42 92 62 20 45 9 8 23 7 70 60 39 3 41 44 14 10 43 95 16 59 61 17 78 84 96 64 5 25 29 85 54 0 30 97 2 88 31 52 48 22 99 46 38 15 49 50 63 75 68 19 36 47 27 83 13 24 18 37 53 90 74 33 55 12 11 65 1 32 94 71 58 89 40 73 69 82 56
Coste: 21608666

GENERACION: 990
Mejor Solucion:  76 34 28 91 98 35 67 26 6 4 72 51 21 79 57 86 87 77 80 93 81 66 42 92 62 20 45 9 8 23 7 70 60 39 3 41 44 14 10 43 95 16 59 61 17 78 84 96 64 5 25 29 85 54 0 30 97 2 88 31 52 48 22 99 46 38 15 49 50 63 75 68 19 36 47 27 83 13 24 18 37 53 90 74 33 55 12 11 65 1 32 94 71 58 89 40 73 69 82 56
Coste: 21608666

GENERACION: 995
Mejor Solucion:  76 34 28 91 98 35 67 26 6 4 72 51 21 79 57 86 87 77 80 93 81 66 42 92 62 20 45 9 8 23 7 70 60 39 3 41 44 14 10 43 95 16 59 61 17 78 84 96 64 5 25 29 85 54 0 30 97 2 88 31 52 48 22 99 46 38 15 49 50 63 75 68 19 36 47 27 83 13 24 18 37 53 90 74 33 55 12 11 65 1 32 94 71 58 89 40 73 69 82 56
Coste: 21608666

GENERACION: 1000
Mejor Solucion:  76 34 28 91 98 35 67 26 6 4 72 51 21 79 57 86 87 77 80 93 81 66 42 92 62 20 45 9 8 23 7 70 60 39 3 41 44 14 10 43 95 16 59 61 17 78 84 96 64 5 25 29 85 54 0 30 97 2 88 31 52 48 22 99 46 38 15 49 50 63 75 68 19 36 47 27 83 13 24 18 37 53 90 74 33 55 12 11 65 1 32 94 71 58 89 40 73 69 82 56
Coste: 21608666

