GENERACION: 5
Mejor Solucion:  81 57 97 72 56 6 78 42 52 26 82 63 40 53 90 12 13 22 88 54 8 79 65 36 98 71 38 28 27 37 21 67 34 47 24 51 0 9 93 3 76 2 32 5 10 7 99 77 29 95 49 80 44 91 43 59 45 33 64 31 87 94 61 14 1 86 19 50 84 89 85 73 46 74 17 62 39 23 66 11 30 96 48 70 75 35 68 4 20 92 41 15 18 55 16 25 58 69 83 60
Coste: 23854250

GENERACION: 10
Mejor Solucion:  39 51 49 68 52 15 53 33 28 13 50 89 69 77 48 30 75 5 38 57 0 99 24 37 61 22 20 46 80 78 44 90 26 79 42 88 31 11 70 7 95 12 18 63 96 23 54 76 97 62 82 56 84 45 58 32 41 21 55 93 64 83 35 8 43 29 40 65 2 66 4 19 94 98 91 34 6 27 25 72 60 10 59 16 9 67 71 47 36 17 73 92 1 81 14 3 87 86 85 74
Coste: 22964085

GENERACION: 15
Mejor Solucion:  39 51 49 68 52 15 53 33 28 13 50 89 69 77 48 30 75 5 38 57 0 99 24 37 61 22 20 46 80 78 44 90 26 79 42 88 31 11 70 7 95 12 18 63 96 23 54 76 97 62 82 56 84 45 58 32 41 21 55 93 64 83 35 8 43 29 40 65 2 66 4 19 94 98 91 34 6 27 25 72 60 10 59 16 9 67 71 47 36 17 73 92 1 81 14 3 87 86 85 74
Coste: 22964085

GENERACION: 20
Mejor Solucion:  13 51 35 68 90 15 10 5 32 98 50 81 53 42 33 89 91 67 38 71 69 99 14 20 70 22 59 46 80 78 44 39 75 79 77 88 4 11 61 7 95 12 18 63 96 9 54 30 86 62 82 64 84 45 58 48 41 21 55 93 36 83 37 8 66 40 76 65 2 25 31 19 94 60 29 34 6 27 43 72 57 23 28 56 52 16 0 74 97 17 73 92 1 49 24 3 87 26 85 47
Coste: 21832380

GENERACION: 25
Mejor Solucion:  13 51 35 68 90 15 10 5 32 98 50 81 53 42 33 89 91 67 38 71 69 99 14 20 70 22 59 46 80 78 44 39 75 79 77 88 4 11 61 7 95 12 18 63 96 9 54 30 86 62 82 64 84 45 58 48 41 21 55 93 36 83 37 8 66 40 76 65 2 25 31 19 94 60 29 34 6 27 43 72 57 23 28 56 52 16 0 74 97 17 73 92 1 49 24 3 87 26 85 47
Coste: 21832380

GENERACION: 30
Mejor Solucion:  13 51 35 68 90 15 10 5 32 98 50 81 53 42 33 89 91 67 38 71 69 99 14 20 70 22 59 46 80 78 44 39 75 79 77 88 4 11 61 7 95 12 18 63 96 9 54 30 86 62 82 64 84 45 58 48 41 21 55 93 36 83 37 8 66 40 76 65 2 25 31 19 94 60 29 34 6 27 43 72 57 23 28 56 52 16 0 74 97 17 73 92 1 49 24 3 87 26 85 47
Coste: 21832380

GENERACION: 35
Mejor Solucion:  13 51 35 68 90 15 10 5 32 98 50 81 53 42 33 89 91 67 38 71 69 99 14 20 70 22 59 46 80 78 44 39 75 79 77 88 4 11 61 7 95 12 18 63 96 9 54 30 86 62 82 64 84 45 58 48 41 21 55 93 36 83 37 8 66 40 76 65 2 25 31 19 94 60 29 34 6 27 43 72 57 23 28 56 52 16 0 74 97 17 73 92 1 49 24 3 87 26 85 47
Coste: 21832380

GENERACION: 40
Mejor Solucion:  13 51 35 68 90 15 10 5 32 98 50 81 53 42 33 89 91 67 38 71 69 99 14 20 70 22 59 46 80 78 44 39 75 79 77 88 4 11 61 7 95 12 18 63 96 9 54 30 86 62 82 64 84 45 58 48 41 21 55 93 36 83 37 8 66 40 76 65 2 25 31 19 94 60 29 34 6 27 43 72 57 23 28 56 52 16 0 74 97 17 73 92 1 49 24 3 87 26 85 47
Coste: 21832380

GENERACION: 45
Mejor Solucion:  13 51 35 68 90 15 10 5 32 98 50 81 53 42 33 89 91 67 38 71 69 99 14 20 70 22 59 46 80 78 44 39 75 79 77 88 4 11 61 7 95 12 18 63 96 9 54 30 86 62 82 64 84 45 58 48 41 21 55 93 36 83 37 8 66 40 76 65 2 25 31 19 94 60 29 34 6 27 43 72 57 23 28 56 52 16 0 74 97 17 73 92 1 49 24 3 87 26 85 47
Coste: 21832380

GENERACION: 50
Mejor Solucion:  39 18 78 33 40 14 96 97 37 72 50 32 89 0 70 87 44 67 17 4 23 79 24 20 8 60 48 22 11 59 62 16 56 88 7 83 28 19 71 30 91 12 84 34 51 6 36 64 93 76 65 38 63 54 58 81 5 21 55 15 82 94 52 95 61 26 98 47 2 1 35 46 77 10 43 31 69 27 41 13 57 53 66 75 9 68 29 25 86 45 73 92 90 49 3 74 99 80 85 42
Coste: 21743699

GENERACION: 55
Mejor Solucion:  39 18 78 33 40 14 96 97 37 72 50 32 89 0 70 87 44 67 17 4 23 79 24 20 8 60 48 22 11 59 62 16 56 88 7 83 28 19 71 30 91 12 84 34 51 6 36 64 93 76 65 38 63 54 58 81 5 21 55 15 82 94 52 95 61 26 98 47 2 1 35 46 77 10 43 31 69 27 41 13 57 53 66 75 9 68 29 25 86 45 73 92 90 49 3 74 99 80 85 42
Coste: 21743699

GENERACION: 60
Mejor Solucion:  39 18 78 33 40 14 96 97 37 72 50 32 89 0 70 87 44 67 17 4 23 79 24 20 8 60 48 22 11 59 62 16 56 88 7 83 28 19 71 30 91 12 84 34 51 6 36 64 93 76 65 38 63 54 58 81 5 21 55 15 82 94 52 95 61 26 98 47 2 1 35 46 77 10 43 31 69 27 41 13 57 53 66 75 9 68 29 25 86 45 73 92 90 49 3 74 99 80 85 42
Coste: 21743699

GENERACION: 65
Mejor Solucion:  39 18 78 33 40 14 96 97 37 72 50 32 89 0 70 87 44 67 17 4 23 79 24 20 8 60 48 22 11 59 62 16 56 88 7 83 28 19 71 30 91 12 84 34 51 6 36 64 93 76 65 38 63 54 58 81 5 21 55 15 82 94 52 95 61 26 98 47 2 1 35 46 77 10 43 31 69 27 41 13 57 53 66 75 9 68 29 25 86 45 73 92 90 49 3 74 99 80 85 42
Coste: 21743699

GENERACION: 70
Mejor Solucion:  39 18 78 33 40 14 96 97 37 72 50 32 89 0 70 87 44 67 17 4 23 79 24 20 8 60 48 22 11 59 62 16 56 88 7 83 28 19 71 30 91 12 84 34 51 6 36 64 93 76 65 38 63 54 58 81 5 21 55 15 82 94 52 95 61 26 98 47 2 1 35 46 77 10 43 31 69 27 41 13 57 53 66 75 9 68 29 25 86 45 73 92 90 49 3 74 99 80 85 42
Coste: 21743699

GENERACION: 75
Mejor Solucion:  39 18 78 33 40 14 96 97 37 72 50 32 89 0 70 87 44 67 17 4 23 79 24 20 8 60 48 22 11 59 62 16 56 88 7 83 28 19 71 30 91 12 84 34 51 6 36 64 93 76 65 38 63 54 58 81 5 21 55 15 82 94 52 95 61 26 98 47 2 1 35 46 77 10 43 31 69 27 41 13 57 53 66 75 9 68 29 25 86 45 73 92 90 49 3 74 99 80 85 42
Coste: 21743699

GENERACION: 80
Mejor Solucion:  39 18 78 33 40 14 96 97 37 72 50 32 89 0 70 87 44 67 17 4 23 79 24 20 8 60 48 22 11 59 62 16 56 88 7 83 28 19 71 30 91 12 84 34 51 6 36 64 93 76 65 38 63 54 58 81 5 21 55 15 82 94 52 95 61 26 98 47 2 1 35 46 77 10 43 31 69 27 41 13 57 53 66 75 9 68 29 25 86 45 73 92 90 49 3 74 99 80 85 42
Coste: 21743699

GENERACION: 85
Mejor Solucion:  39 18 78 33 40 14 96 97 37 72 50 32 89 0 70 87 44 67 17 4 23 79 24 20 8 60 48 22 11 59 62 16 56 88 7 83 28 19 71 30 91 12 84 34 51 6 36 64 93 76 65 38 63 54 58 81 5 21 55 15 82 94 52 95 61 26 98 47 2 1 35 46 77 10 43 31 69 27 41 13 57 53 66 75 9 68 29 25 86 45 73 92 90 49 3 74 99 80 85 42
Coste: 21743699

GENERACION: 90
Mejor Solucion:  39 18 78 33 40 14 96 97 37 72 50 32 89 0 70 87 44 67 17 4 23 79 24 20 8 60 48 22 11 59 62 16 56 88 7 83 28 19 71 30 91 12 84 34 51 6 36 64 93 76 65 38 63 54 58 81 5 21 55 15 82 94 52 95 61 26 98 47 2 1 35 46 77 10 43 31 69 27 41 13 57 53 66 75 9 68 29 25 86 45 73 92 90 49 3 74 99 80 85 42
Coste: 21743699

GENERACION: 95
Mejor Solucion:  39 18 78 33 40 14 96 97 37 72 50 32 89 0 70 87 44 67 17 4 23 79 24 20 8 60 48 22 11 59 62 16 56 88 7 83 28 19 71 30 91 12 84 34 51 6 36 64 93 76 65 38 63 54 58 81 5 21 55 15 82 94 52 95 61 26 98 47 2 1 35 46 77 10 43 31 69 27 41 13 57 53 66 75 9 68 29 25 86 45 73 92 90 49 3 74 99 80 85 42
Coste: 21743699

GENERACION: 100
Mejor Solucion:  32 87 78 17 1 18 98 65 31 95 56 40 50 36 89 28 63 13 25 0 21 16 88 54 68 92 24 71 90 20 62 94 79 22 15 96 85 19 12 30 10 59 39 14 51 55 53 75 3 33 11 37 47 45 72 73 99 9 23 8 82 44 60 52 67 80 27 83 2 76 46 4 93 48 84 77 7 34 61 38 97 41 26 74 66 5 70 35 64 29 6 58 91 86 43 81 69 57 49 42
Coste: 21739769

GENERACION: 105
Mejor Solucion:  32 87 78 17 1 18 98 65 31 95 56 40 50 36 89 28 63 13 25 0 21 16 88 54 68 92 24 71 90 20 62 94 79 22 15 96 85 19 12 30 10 59 39 14 51 55 53 75 3 33 11 37 47 45 72 73 99 9 23 8 82 44 60 52 67 80 27 83 2 76 46 4 93 48 84 77 7 34 61 38 97 41 26 74 66 5 70 35 64 29 6 58 91 86 43 81 69 57 49 42
Coste: 21739769

GENERACION: 110
Mejor Solucion:  32 87 78 17 1 18 98 65 31 95 56 40 50 36 89 28 63 13 25 0 21 16 88 54 68 92 24 71 90 20 62 94 79 22 15 96 85 19 12 30 10 59 39 14 51 55 53 75 3 33 11 37 47 45 72 73 99 9 23 8 82 44 60 52 67 80 27 83 2 76 46 4 93 48 84 77 7 34 61 38 97 41 26 74 66 5 70 35 64 29 6 58 91 86 43 81 69 57 49 42
Coste: 21739769

GENERACION: 115
Mejor Solucion:  32 87 78 17 1 18 98 65 31 95 56 40 50 36 89 28 63 13 25 0 21 16 88 54 68 92 24 71 90 20 62 94 79 22 15 96 85 19 12 30 10 59 39 14 51 55 53 75 3 33 11 37 47 45 72 73 99 9 23 8 82 44 60 52 67 80 27 83 2 76 46 4 93 48 84 77 7 34 61 38 97 41 26 74 66 5 70 35 64 29 6 58 91 86 43 81 69 57 49 42
Coste: 21739769

GENERACION: 120
Mejor Solucion:  32 87 78 17 1 18 98 65 31 95 56 40 50 36 89 28 63 13 25 0 21 16 88 54 68 92 24 71 90 20 62 94 79 22 15 96 85 19 12 30 10 59 39 14 51 55 53 75 3 33 11 37 47 45 72 73 99 9 23 8 82 44 60 52 67 80 27 83 2 76 46 4 93 48 84 77 7 34 61 38 97 41 26 74 66 5 70 35 64 29 6 58 91 86 43 81 69 57 49 42
Coste: 21739769

GENERACION: 125
Mejor Solucion:  32 87 78 17 1 18 98 65 31 95 56 40 50 36 89 28 63 13 25 0 21 16 88 54 68 92 24 71 90 20 62 94 79 22 15 96 85 19 12 30 10 59 39 14 51 55 53 75 3 33 11 37 47 45 72 73 99 9 23 8 82 44 60 52 67 80 27 83 2 76 46 4 93 48 84 77 7 34 61 38 97 41 26 74 66 5 70 35 64 29 6 58 91 86 43 81 69 57 49 42
Coste: 21739769

GENERACION: 130
Mejor Solucion:  32 87 78 17 1 18 98 65 31 95 56 40 50 36 89 28 63 13 25 0 21 16 88 54 68 92 24 71 90 20 62 94 79 22 15 96 85 19 12 30 10 59 39 14 51 55 53 75 3 33 11 37 47 45 72 73 99 9 23 8 82 44 60 52 67 80 27 83 2 76 46 4 93 48 84 77 7 34 61 38 97 41 26 74 66 5 70 35 64 29 6 58 91 86 43 81 69 57 49 42
Coste: 21739769

GENERACION: 135
Mejor Solucion:  32 87 78 17 1 18 98 65 31 95 56 40 50 36 89 28 63 13 25 0 21 16 88 54 68 92 24 71 90 20 62 94 79 22 15 96 85 19 12 30 10 59 39 14 51 55 53 75 3 33 11 37 47 45 72 73 99 9 23 8 82 44 60 52 67 80 27 83 2 76 46 4 93 48 84 77 7 34 61 38 97 41 26 74 66 5 70 35 64 29 6 58 91 86 43 81 69 57 49 42
Coste: 21739769

GENERACION: 140
Mejor Solucion:  32 87 78 17 1 18 98 65 31 95 56 40 50 36 89 28 63 13 25 0 21 16 88 54 68 92 24 71 90 20 62 94 79 22 15 96 85 19 12 30 10 59 39 14 51 55 53 75 3 33 11 37 47 45 72 73 99 9 23 8 82 44 60 52 67 80 27 83 2 76 46 4 93 48 84 77 7 34 61 38 97 41 26 74 66 5 70 35 64 29 6 58 91 86 43 81 69 57 49 42
Coste: 21739769

GENERACION: 145
Mejor Solucion:  32 87 78 17 1 18 98 65 31 95 56 40 50 36 89 28 63 13 25 0 21 16 88 54 68 92 24 71 90 20 62 94 79 22 15 96 85 19 12 30 10 59 39 14 51 55 53 75 3 33 11 37 47 45 72 73 99 9 23 8 82 44 60 52 67 80 27 83 2 76 46 4 93 48 84 77 7 34 61 38 97 41 26 74 66 5 70 35 64 29 6 58 91 86 43 81 69 57 49 42
Coste: 21739769

GENERACION: 150
Mejor Solucion:  32 87 78 17 1 18 98 65 31 95 56 40 50 36 89 28 63 13 25 0 21 16 88 54 68 92 24 71 90 20 62 94 79 22 15 96 85 19 12 30 10 59 39 14 51 55 53 75 3 33 11 37 47 45 72 73 99 9 23 8 82 44 60 52 67 80 27 83 2 76 46 4 93 48 84 77 7 34 61 38 97 41 26 74 66 5 70 35 64 29 6 58 91 86 43 81 69 57 49 42
Coste: 21739769

GENERACION: 155
Mejor Solucion:  32 87 78 17 1 18 98 65 31 95 56 40 50 36 89 28 63 13 25 0 21 16 88 54 68 92 24 71 90 20 62 94 79 22 15 96 85 19 12 30 10 59 39 14 51 55 53 75 3 33 11 37 47 45 72 73 99 9 23 8 82 44 60 52 67 80 27 83 2 76 46 4 93 48 84 77 7 34 61 38 97 41 26 74 66 5 70 35 64 29 6 58 91 86 43 81 69 57 49 42
Coste: 21739769

GENERACION: 160
Mejor Solucion:  32 87 78 17 1 18 98 65 31 95 56 40 50 36 89 28 63 13 25 0 21 16 88 54 68 92 24 71 90 20 62 94 79 22 15 96 85 19 12 30 10 59 39 14 51 55 53 75 3 33 11 37 47 45 72 73 99 9 23 8 82 44 60 52 67 80 27 83 2 76 46 4 93 48 84 77 7 34 61 38 97 41 26 74 66 5 70 35 64 29 6 58 91 86 43 81 69 57 49 42
Coste: 21739769

GENERACION: 165
Mejor Solucion:  32 87 78 17 1 18 98 65 31 95 56 40 50 36 89 28 63 13 25 0 21 16 88 54 68 92 24 71 90 20 62 94 79 22 15 96 85 19 12 30 10 59 39 14 51 55 53 75 3 33 11 37 47 45 72 73 99 9 23 8 82 44 60 52 67 80 27 83 2 76 46 4 93 48 84 77 7 34 61 38 97 41 26 74 66 5 70 35 64 29 6 58 91 86 43 81 69 57 49 42
Coste: 21739769

GENERACION: 170
Mejor Solucion:  32 87 78 17 1 18 98 65 31 95 56 40 50 36 89 28 63 13 25 0 21 16 88 54 68 92 24 71 90 20 62 94 79 22 15 96 85 19 12 30 10 59 39 14 51 55 53 75 3 33 11 37 47 45 72 73 99 9 23 8 82 44 60 52 67 80 27 83 2 76 46 4 93 48 84 77 7 34 61 38 97 41 26 74 66 5 70 35 64 29 6 58 91 86 43 81 69 57 49 42
Coste: 21739769

GENERACION: 175
Mejor Solucion:  32 87 78 17 1 18 98 65 31 95 56 40 50 36 89 28 63 13 25 0 21 16 88 54 68 92 24 71 90 20 62 94 79 22 15 96 85 19 12 30 10 59 39 14 51 55 53 75 3 33 11 37 47 45 72 73 99 9 23 8 82 44 60 52 67 80 27 83 2 76 46 4 93 48 84 77 7 34 61 38 97 41 26 74 66 5 70 35 64 29 6 58 91 86 43 81 69 57 49 42
Coste: 21739769

GENERACION: 180
Mejor Solucion:  32 87 78 17 1 18 98 65 31 95 56 40 50 36 89 28 63 13 25 0 21 16 88 54 68 92 24 71 90 20 62 94 79 22 15 96 85 19 12 30 10 59 39 14 51 55 53 75 3 33 11 37 47 45 72 73 99 9 23 8 82 44 60 52 67 80 27 83 2 76 46 4 93 48 84 77 7 34 61 38 97 41 26 74 66 5 70 35 64 29 6 58 91 86 43 81 69 57 49 42
Coste: 21739769

GENERACION: 185
Mejor Solucion:  32 87 78 17 1 18 98 65 31 95 56 40 50 36 89 28 63 13 25 0 21 16 88 54 68 92 24 71 90 20 62 94 79 22 15 96 85 19 12 30 10 59 39 14 51 55 53 75 3 33 11 37 47 45 72 73 99 9 23 8 82 44 60 52 67 80 27 83 2 76 46 4 93 48 84 77 7 34 61 38 97 41 26 74 66 5 70 35 64 29 6 58 91 86 43 81 69 57 49 42
Coste: 21739769

GENERACION: 190
Mejor Solucion:  32 87 78 17 1 18 98 65 31 95 56 40 50 36 89 28 63 13 25 0 21 16 88 54 68 92 24 71 90 20 62 94 79 22 15 96 85 19 12 30 10 59 39 14 51 55 53 75 3 33 11 37 47 45 72 73 99 9 23 8 82 44 60 52 67 80 27 83 2 76 46 4 93 48 84 77 7 34 61 38 97 41 26 74 66 5 70 35 64 29 6 58 91 86 43 81 69 57 49 42
Coste: 21739769

GENERACION: 195
Mejor Solucion:  32 87 78 17 1 18 98 65 31 95 56 40 50 36 89 28 63 13 25 0 21 16 88 54 68 92 24 71 90 20 62 94 79 22 15 96 85 19 12 30 10 59 39 14 51 55 53 75 3 33 11 37 47 45 72 73 99 9 23 8 82 44 60 52 67 80 27 83 2 76 46 4 93 48 84 77 7 34 61 38 97 41 26 74 66 5 70 35 64 29 6 58 91 86 43 81 69 57 49 42
Coste: 21739769

GENERACION: 200
Mejor Solucion:  32 87 78 17 1 18 98 65 31 95 56 40 50 36 89 28 63 13 25 0 21 16 88 54 68 92 24 71 90 20 62 94 79 22 15 96 85 19 12 30 10 59 39 14 51 55 53 75 3 33 11 37 47 45 72 73 99 9 23 8 82 44 60 52 67 80 27 83 2 76 46 4 93 48 84 77 7 34 61 38 97 41 26 74 66 5 70 35 64 29 6 58 91 86 43 81 69 57 49 42
Coste: 21739769

GENERACION: 205
Mejor Solucion:  32 87 78 17 1 18 98 65 31 95 56 40 50 36 89 28 63 13 25 0 21 16 88 54 68 92 24 71 90 20 62 94 79 22 15 96 85 19 12 30 10 59 39 14 51 55 53 75 3 33 11 37 47 45 72 73 99 9 23 8 82 44 60 52 67 80 27 83 2 76 46 4 93 48 84 77 7 34 61 38 97 41 26 74 66 5 70 35 64 29 6 58 91 86 43 81 69 57 49 42
Coste: 21739769

GENERACION: 210
Mejor Solucion:  32 87 78 17 1 18 98 65 31 95 56 40 50 36 89 28 63 13 25 0 21 16 88 54 68 92 24 71 90 20 62 94 79 22 15 96 85 19 12 30 10 59 39 14 51 55 53 75 3 33 11 37 47 45 72 73 99 9 23 8 82 44 60 52 67 80 27 83 2 76 46 4 93 48 84 77 7 34 61 38 97 41 26 74 66 5 70 35 64 29 6 58 91 86 43 81 69 57 49 42
Coste: 21739769

GENERACION: 215
Mejor Solucion:  32 87 78 17 1 18 98 65 31 95 56 40 50 36 89 28 63 13 25 0 21 16 88 54 68 92 24 71 90 20 62 94 79 22 15 96 85 19 12 30 10 59 39 14 51 55 53 75 3 33 11 37 47 45 72 73 99 9 23 8 82 44 60 52 67 80 27 83 2 76 46 4 93 48 84 77 7 34 61 38 97 41 26 74 66 5 70 35 64 29 6 58 91 86 43 81 69 57 49 42
Coste: 21739769

GENERACION: 220
Mejor Solucion:  32 87 78 17 1 18 98 65 31 95 56 40 50 36 89 28 63 13 25 0 21 16 88 54 68 92 24 71 90 20 62 94 79 22 15 96 85 19 12 30 10 59 39 14 51 55 53 75 3 33 11 37 47 45 72 73 99 9 23 8 82 44 60 52 67 80 27 83 2 76 46 4 93 48 84 77 7 34 61 38 97 41 26 74 66 5 70 35 64 29 6 58 91 86 43 81 69 57 49 42
Coste: 21739769

GENERACION: 225
Mejor Solucion:  32 87 78 17 1 18 98 65 31 95 56 40 50 36 89 28 63 13 25 0 21 16 88 54 68 92 24 71 90 20 62 94 79 22 15 96 85 19 12 30 10 59 39 14 51 55 53 75 3 33 11 37 47 45 72 73 99 9 23 8 82 44 60 52 67 80 27 83 2 76 46 4 93 48 84 77 7 34 61 38 97 41 26 74 66 5 70 35 64 29 6 58 91 86 43 81 69 57 49 42
Coste: 21739769

GENERACION: 230
Mejor Solucion:  32 87 78 17 1 18 98 65 31 95 56 40 50 36 89 28 63 13 25 0 21 16 88 54 68 92 24 71 90 20 62 94 79 22 15 96 85 19 12 30 10 59 39 14 51 55 53 75 3 33 11 37 47 45 72 73 99 9 23 8 82 44 60 52 67 80 27 83 2 76 46 4 93 48 84 77 7 34 61 38 97 41 26 74 66 5 70 35 64 29 6 58 91 86 43 81 69 57 49 42
Coste: 21739769

GENERACION: 235
Mejor Solucion:  32 87 78 17 1 18 98 65 31 95 56 40 50 36 89 28 63 13 25 0 21 16 88 54 68 92 24 71 90 20 62 94 79 22 15 96 85 19 12 30 10 59 39 14 51 55 53 75 3 33 11 37 47 45 72 73 99 9 23 8 82 44 60 52 67 80 27 83 2 76 46 4 93 48 84 77 7 34 61 38 97 41 26 74 66 5 70 35 64 29 6 58 91 86 43 81 69 57 49 42
Coste: 21739769

GENERACION: 240
Mejor Solucion:  32 87 78 17 1 18 98 65 31 95 56 40 50 36 89 28 63 13 25 0 21 16 88 54 68 92 24 71 90 20 62 94 79 22 15 96 85 19 12 30 10 59 39 14 51 55 53 75 3 33 11 37 47 45 72 73 99 9 23 8 82 44 60 52 67 80 27 83 2 76 46 4 93 48 84 77 7 34 61 38 97 41 26 74 66 5 70 35 64 29 6 58 91 86 43 81 69 57 49 42
Coste: 21739769

GENERACION: 245
Mejor Solucion:  32 87 78 17 1 18 98 65 31 95 56 40 50 36 89 28 63 13 25 0 21 16 88 54 68 92 24 71 90 20 62 94 79 22 15 96 85 19 12 30 10 59 39 14 51 55 53 75 3 33 11 37 47 45 72 73 99 9 23 8 82 44 60 52 67 80 27 83 2 76 46 4 93 48 84 77 7 34 61 38 97 41 26 74 66 5 70 35 64 29 6 58 91 86 43 81 69 57 49 42
Coste: 21739769

GENERACION: 250
Mejor Solucion:  32 87 78 17 1 18 98 65 31 95 56 40 50 36 89 28 63 13 25 0 21 16 88 54 68 92 24 71 90 20 62 94 79 22 15 96 85 19 12 30 10 59 39 14 51 55 53 75 3 33 11 37 47 45 72 73 99 9 23 8 82 44 60 52 67 80 27 83 2 76 46 4 93 48 84 77 7 34 61 38 97 41 26 74 66 5 70 35 64 29 6 58 91 86 43 81 69 57 49 42
Coste: 21739769

GENERACION: 255
Mejor Solucion:  32 87 78 17 1 18 98 65 31 95 56 40 50 36 89 28 63 13 25 0 21 16 88 54 68 92 24 71 90 20 62 94 79 22 15 96 85 19 12 30 10 59 39 14 51 55 53 75 3 33 11 37 47 45 72 73 99 9 23 8 82 44 60 52 67 80 27 83 2 76 46 4 93 48 84 77 7 34 61 38 97 41 26 74 66 5 70 35 64 29 6 58 91 86 43 81 69 57 49 42
Coste: 21739769

GENERACION: 260
Mejor Solucion:  32 87 78 17 1 18 98 65 31 95 56 40 50 36 89 28 63 13 25 0 21 16 88 54 68 92 24 71 90 20 62 94 79 22 15 96 85 19 12 30 10 59 39 14 51 55 53 75 3 33 11 37 47 45 72 73 99 9 23 8 82 44 60 52 67 80 27 83 2 76 46 4 93 48 84 77 7 34 61 38 97 41 26 74 66 5 70 35 64 29 6 58 91 86 43 81 69 57 49 42
Coste: 21739769

GENERACION: 265
Mejor Solucion:  32 87 78 17 1 18 98 65 31 95 56 40 50 36 89 28 63 13 25 0 21 16 88 54 68 92 24 71 90 20 62 94 79 22 15 96 85 19 12 30 10 59 39 14 51 55 53 75 3 33 11 37 47 45 72 73 99 9 23 8 82 44 60 52 67 80 27 83 2 76 46 4 93 48 84 77 7 34 61 38 97 41 26 74 66 5 70 35 64 29 6 58 91 86 43 81 69 57 49 42
Coste: 21739769

GENERACION: 270
Mejor Solucion:  32 87 78 17 1 18 98 65 31 95 56 40 50 36 89 28 63 13 25 0 21 16 88 54 68 92 24 71 90 20 62 94 79 22 15 96 85 19 12 30 10 59 39 14 51 55 53 75 3 33 11 37 47 45 72 73 99 9 23 8 82 44 60 52 67 80 27 83 2 76 46 4 93 48 84 77 7 34 61 38 97 41 26 74 66 5 70 35 64 29 6 58 91 86 43 81 69 57 49 42
Coste: 21739769

GENERACION: 275
Mejor Solucion:  32 87 78 17 1 18 98 65 31 95 56 40 50 36 89 28 63 13 25 0 21 16 88 54 68 92 24 71 90 20 62 94 79 22 15 96 85 19 12 30 10 59 39 14 51 55 53 75 3 33 11 37 47 45 72 73 99 9 23 8 82 44 60 52 67 80 27 83 2 76 46 4 93 48 84 77 7 34 61 38 97 41 26 74 66 5 70 35 64 29 6 58 91 86 43 81 69 57 49 42
Coste: 21739769

GENERACION: 280
Mejor Solucion:  32 87 78 17 1 18 98 65 31 95 56 40 50 36 89 28 63 13 25 0 21 16 88 54 68 92 24 71 90 20 62 94 79 22 15 96 85 19 12 30 10 59 39 14 51 55 53 75 3 33 11 37 47 45 72 73 99 9 23 8 82 44 60 52 67 80 27 83 2 76 46 4 93 48 84 77 7 34 61 38 97 41 26 74 66 5 70 35 64 29 6 58 91 86 43 81 69 57 49 42
Coste: 21739769

GENERACION: 285
Mejor Solucion:  32 87 78 17 1 18 98 65 31 95 56 40 50 36 89 28 63 13 25 0 21 16 88 54 68 92 24 71 90 20 62 94 79 22 15 96 85 19 12 30 10 59 39 14 51 55 53 75 3 33 11 37 47 45 72 73 99 9 23 8 82 44 60 52 67 80 27 83 2 76 46 4 93 48 84 77 7 34 61 38 97 41 26 74 66 5 70 35 64 29 6 58 91 86 43 81 69 57 49 42
Coste: 21739769

GENERACION: 290
Mejor Solucion:  32 87 78 17 1 18 98 65 31 95 56 40 50 36 89 28 63 13 25 0 21 16 88 54 68 92 24 71 90 20 62 94 79 22 15 96 85 19 12 30 10 59 39 14 51 55 53 75 3 33 11 37 47 45 72 73 99 9 23 8 82 44 60 52 67 80 27 83 2 76 46 4 93 48 84 77 7 34 61 38 97 41 26 74 66 5 70 35 64 29 6 58 91 86 43 81 69 57 49 42
Coste: 21739769

GENERACION: 295
Mejor Solucion:  32 87 78 17 1 18 98 65 31 95 56 40 50 36 89 28 63 13 25 0 21 16 88 54 68 92 24 71 90 20 62 94 79 22 15 96 85 19 12 30 10 59 39 14 51 55 53 75 3 33 11 37 47 45 72 73 99 9 23 8 82 44 60 52 67 80 27 83 2 76 46 4 93 48 84 77 7 34 61 38 97 41 26 74 66 5 70 35 64 29 6 58 91 86 43 81 69 57 49 42
Coste: 21739769

GENERACION: 300
Mejor Solucion:  32 87 78 17 1 18 98 65 31 95 56 40 50 36 89 28 63 13 25 0 21 16 88 54 68 92 24 71 90 20 62 94 79 22 15 96 85 19 12 30 10 59 39 14 51 55 53 75 3 33 11 37 47 45 72 73 99 9 23 8 82 44 60 52 67 80 27 83 2 76 46 4 93 48 84 77 7 34 61 38 97 41 26 74 66 5 70 35 64 29 6 58 91 86 43 81 69 57 49 42
Coste: 21739769

GENERACION: 305
Mejor Solucion:  32 87 78 17 1 18 98 65 31 95 56 40 50 36 89 28 63 13 25 0 21 16 88 54 68 92 24 71 90 20 62 94 79 22 15 96 85 19 12 30 10 59 39 14 51 55 53 75 3 33 11 37 47 45 72 73 99 9 23 8 82 44 60 52 67 80 27 83 2 76 46 4 93 48 84 77 7 34 61 38 97 41 26 74 66 5 70 35 64 29 6 58 91 86 43 81 69 57 49 42
Coste: 21739769

GENERACION: 310
Mejor Solucion:  32 87 78 17 1 18 98 65 31 95 56 40 50 36 89 28 63 13 25 0 21 16 88 54 68 92 24 71 90 20 62 94 79 22 15 96 85 19 12 30 10 59 39 14 51 55 53 75 3 33 11 37 47 45 72 73 99 9 23 8 82 44 60 52 67 80 27 83 2 76 46 4 93 48 84 77 7 34 61 38 97 41 26 74 66 5 70 35 64 29 6 58 91 86 43 81 69 57 49 42
Coste: 21739769

GENERACION: 315
Mejor Solucion:  32 87 78 17 1 18 98 65 31 95 56 40 50 36 89 28 63 13 25 0 21 16 88 54 68 92 24 71 90 20 62 94 79 22 15 96 85 19 12 30 10 59 39 14 51 55 53 75 3 33 11 37 47 45 72 73 99 9 23 8 82 44 60 52 67 80 27 83 2 76 46 4 93 48 84 77 7 34 61 38 97 41 26 74 66 5 70 35 64 29 6 58 91 86 43 81 69 57 49 42
Coste: 21739769

GENERACION: 320
Mejor Solucion:  32 87 78 17 1 18 98 65 31 95 56 40 50 36 89 28 63 13 25 0 21 16 88 54 68 92 24 71 90 20 62 94 79 22 15 96 85 19 12 30 10 59 39 14 51 55 53 75 3 33 11 37 47 45 72 73 99 9 23 8 82 44 60 52 67 80 27 83 2 76 46 4 93 48 84 77 7 34 61 38 97 41 26 74 66 5 70 35 64 29 6 58 91 86 43 81 69 57 49 42
Coste: 21739769

GENERACION: 325
Mejor Solucion:  32 87 78 17 1 18 98 65 31 95 56 40 50 36 89 28 63 13 25 0 21 16 88 54 68 92 24 71 90 20 62 94 79 22 15 96 85 19 12 30 10 59 39 14 51 55 53 75 3 33 11 37 47 45 72 73 99 9 23 8 82 44 60 52 67 80 27 83 2 76 46 4 93 48 84 77 7 34 61 38 97 41 26 74 66 5 70 35 64 29 6 58 91 86 43 81 69 57 49 42
Coste: 21739769

GENERACION: 330
Mejor Solucion:  32 87 78 17 1 18 98 65 31 95 56 40 50 36 89 28 63 13 25 0 21 16 88 54 68 92 24 71 90 20 62 94 79 22 15 96 85 19 12 30 10 59 39 14 51 55 53 75 3 33 11 37 47 45 72 73 99 9 23 8 82 44 60 52 67 80 27 83 2 76 46 4 93 48 84 77 7 34 61 38 97 41 26 74 66 5 70 35 64 29 6 58 91 86 43 81 69 57 49 42
Coste: 21739769

GENERACION: 335
Mejor Solucion:  32 87 78 17 1 18 98 65 31 95 56 40 50 36 89 28 63 13 25 0 21 16 88 54 68 92 24 71 90 20 62 94 79 22 15 96 85 19 12 30 10 59 39 14 51 55 53 75 3 33 11 37 47 45 72 73 99 9 23 8 82 44 60 52 67 80 27 83 2 76 46 4 93 48 84 77 7 34 61 38 97 41 26 74 66 5 70 35 64 29 6 58 91 86 43 81 69 57 49 42
Coste: 21739769

GENERACION: 340
Mejor Solucion:  15 98 78 93 80 44 70 82 87 55 1 83 86 84 85 90 43 32 92 72 77 16 28 30 51 7 2 48 22 11 62 79 71 38 53 4 41 81 60 68 58 8 52 25 57 49 54 39 14 29 26 47 36 12 18 9 19 5 46 74 91 27 13 65 31 64 95 89 37 69 88 97 0 6 17 99 45 21 20 33 76 59 23 73 42 61 34 10 24 67 63 56 66 35 3 96 75 50 40 94
Coste: 21737584

GENERACION: 345
Mejor Solucion:  15 98 78 93 80 44 70 82 87 55 1 83 86 84 85 90 43 32 92 72 77 16 28 30 51 7 2 48 22 11 62 79 71 38 53 4 41 81 60 68 58 8 52 25 57 49 54 39 14 29 26 47 36 12 18 9 19 5 46 74 91 27 13 65 31 64 95 89 37 69 88 97 0 6 17 99 45 21 20 33 76 59 23 73 42 61 34 10 24 67 63 56 66 35 3 96 75 50 40 94
Coste: 21737584

GENERACION: 350
Mejor Solucion:  15 98 78 93 80 44 70 82 87 55 1 83 86 84 85 90 43 32 92 72 77 16 28 30 51 7 2 48 22 11 62 79 71 38 53 4 41 81 60 68 58 8 52 25 57 49 54 39 14 29 26 47 36 12 18 9 19 5 46 74 91 27 13 65 31 64 95 89 37 69 88 97 0 6 17 99 45 21 20 33 76 59 23 73 42 61 34 10 24 67 63 56 66 35 3 96 75 50 40 94
Coste: 21737584

GENERACION: 355
Mejor Solucion:  15 98 78 93 80 44 70 82 87 55 1 83 86 84 85 90 43 32 92 72 77 16 28 30 51 7 2 48 22 11 62 79 71 38 53 4 41 81 60 68 58 8 52 25 57 49 54 39 14 29 26 47 36 12 18 9 19 5 46 74 91 27 13 65 31 64 95 89 37 69 88 97 0 6 17 99 45 21 20 33 76 59 23 73 42 61 34 10 24 67 63 56 66 35 3 96 75 50 40 94
Coste: 21737584

GENERACION: 360
Mejor Solucion:  15 98 78 93 80 44 70 82 87 55 1 83 86 84 85 90 43 32 92 72 77 16 28 30 51 7 2 48 22 11 62 79 71 38 53 4 41 81 60 68 58 8 52 25 57 49 54 39 14 29 26 47 36 12 18 9 19 5 46 74 91 27 13 65 31 64 95 89 37 69 88 97 0 6 17 99 45 21 20 33 76 59 23 73 42 61 34 10 24 67 63 56 66 35 3 96 75 50 40 94
Coste: 21737584

GENERACION: 365
Mejor Solucion:  15 98 78 93 80 44 70 82 87 55 1 83 86 84 85 90 43 32 92 72 77 16 28 30 51 7 2 48 22 11 62 79 71 38 53 4 41 81 60 68 58 8 52 25 57 49 54 39 14 29 26 47 36 12 18 9 19 5 46 74 91 27 13 65 31 64 95 89 37 69 88 97 0 6 17 99 45 21 20 33 76 59 23 73 42 61 34 10 24 67 63 56 66 35 3 96 75 50 40 94
Coste: 21737584

GENERACION: 370
Mejor Solucion:  15 98 78 93 80 44 70 82 87 55 1 83 86 84 85 90 43 32 92 72 77 16 28 30 51 7 2 48 22 11 62 79 71 38 53 4 41 81 60 68 58 8 52 25 57 49 54 39 14 29 26 47 36 12 18 9 19 5 46 74 91 27 13 65 31 64 95 89 37 69 88 97 0 6 17 99 45 21 20 33 76 59 23 73 42 61 34 10 24 67 63 56 66 35 3 96 75 50 40 94
Coste: 21737584

GENERACION: 375
Mejor Solucion:  15 98 78 93 80 44 70 82 87 55 1 83 86 84 85 90 43 32 92 72 77 16 28 30 51 7 2 48 22 11 62 79 71 38 53 4 41 81 60 68 58 8 52 25 57 49 54 39 14 29 26 47 36 12 18 9 19 5 46 74 91 27 13 65 31 64 95 89 37 69 88 97 0 6 17 99 45 21 20 33 76 59 23 73 42 61 34 10 24 67 63 56 66 35 3 96 75 50 40 94
Coste: 21737584

GENERACION: 380
Mejor Solucion:  15 98 78 93 80 44 70 82 87 55 1 83 86 84 85 90 43 32 92 72 77 16 28 30 51 7 2 48 22 11 62 79 71 38 53 4 41 81 60 68 58 8 52 25 57 49 54 39 14 29 26 47 36 12 18 9 19 5 46 74 91 27 13 65 31 64 95 89 37 69 88 97 0 6 17 99 45 21 20 33 76 59 23 73 42 61 34 10 24 67 63 56 66 35 3 96 75 50 40 94
Coste: 21737584

GENERACION: 385
Mejor Solucion:  15 98 78 93 80 44 70 82 87 55 1 83 86 84 85 90 43 32 92 72 77 16 28 30 51 7 2 48 22 11 62 79 71 38 53 4 41 81 60 68 58 8 52 25 57 49 54 39 14 29 26 47 36 12 18 9 19 5 46 74 91 27 13 65 31 64 95 89 37 69 88 97 0 6 17 99 45 21 20 33 76 59 23 73 42 61 34 10 24 67 63 56 66 35 3 96 75 50 40 94
Coste: 21737584

GENERACION: 390
Mejor Solucion:  15 98 78 93 80 44 70 82 87 55 1 83 86 84 85 90 43 32 92 72 77 16 28 30 51 7 2 48 22 11 62 79 71 38 53 4 41 81 60 68 58 8 52 25 57 49 54 39 14 29 26 47 36 12 18 9 19 5 46 74 91 27 13 65 31 64 95 89 37 69 88 97 0 6 17 99 45 21 20 33 76 59 23 73 42 61 34 10 24 67 63 56 66 35 3 96 75 50 40 94
Coste: 21737584

GENERACION: 395
Mejor Solucion:  15 98 78 93 80 44 70 82 87 55 1 83 86 84 85 90 43 32 92 72 77 16 28 30 51 7 2 48 22 11 62 79 71 38 53 4 41 81 60 68 58 8 52 25 57 49 54 39 14 29 26 47 36 12 18 9 19 5 46 74 91 27 13 65 31 64 95 89 37 69 88 97 0 6 17 99 45 21 20 33 76 59 23 73 42 61 34 10 24 67 63 56 66 35 3 96 75 50 40 94
Coste: 21737584

GENERACION: 400
Mejor Solucion:  15 98 78 93 80 44 70 82 87 55 1 83 86 84 85 90 43 32 92 72 77 16 28 30 51 7 2 48 22 11 62 79 71 38 53 4 41 81 60 68 58 8 52 25 57 49 54 39 14 29 26 47 36 12 18 9 19 5 46 74 91 27 13 65 31 64 95 89 37 69 88 97 0 6 17 99 45 21 20 33 76 59 23 73 42 61 34 10 24 67 63 56 66 35 3 96 75 50 40 94
Coste: 21737584

GENERACION: 405
Mejor Solucion:  15 98 78 93 80 44 70 82 87 55 1 83 86 84 85 90 43 32 92 72 77 16 28 30 51 7 2 48 22 11 62 79 71 38 53 4 41 81 60 68 58 8 52 25 57 49 54 39 14 29 26 47 36 12 18 9 19 5 46 74 91 27 13 65 31 64 95 89 37 69 88 97 0 6 17 99 45 21 20 33 76 59 23 73 42 61 34 10 24 67 63 56 66 35 3 96 75 50 40 94
Coste: 21737584

GENERACION: 410
Mejor Solucion:  15 98 78 93 80 44 70 82 87 55 1 83 86 84 85 90 43 32 92 72 77 16 28 30 51 7 2 48 22 11 62 79 71 38 53 4 41 81 60 68 58 8 52 25 57 49 54 39 14 29 26 47 36 12 18 9 19 5 46 74 91 27 13 65 31 64 95 89 37 69 88 97 0 6 17 99 45 21 20 33 76 59 23 73 42 61 34 10 24 67 63 56 66 35 3 96 75 50 40 94
Coste: 21737584

GENERACION: 415
Mejor Solucion:  15 98 78 93 80 44 70 82 87 55 1 83 86 84 85 90 43 32 92 72 77 16 28 30 51 7 2 48 22 11 62 79 71 38 53 4 41 81 60 68 58 8 52 25 57 49 54 39 14 29 26 47 36 12 18 9 19 5 46 74 91 27 13 65 31 64 95 89 37 69 88 97 0 6 17 99 45 21 20 33 76 59 23 73 42 61 34 10 24 67 63 56 66 35 3 96 75 50 40 94
Coste: 21737584

GENERACION: 420
Mejor Solucion:  15 98 78 93 80 44 70 82 87 55 1 83 86 84 85 90 43 32 92 72 77 16 28 30 51 7 2 48 22 11 62 79 71 38 53 4 41 81 60 68 58 8 52 25 57 49 54 39 14 29 26 47 36 12 18 9 19 5 46 74 91 27 13 65 31 64 95 89 37 69 88 97 0 6 17 99 45 21 20 33 76 59 23 73 42 61 34 10 24 67 63 56 66 35 3 96 75 50 40 94
Coste: 21737584

GENERACION: 425
Mejor Solucion:  15 98 78 93 80 44 70 82 87 55 1 83 86 84 85 90 43 32 92 72 77 16 28 30 51 7 2 48 22 11 62 79 71 38 53 4 41 81 60 68 58 8 52 25 57 49 54 39 14 29 26 47 36 12 18 9 19 5 46 74 91 27 13 65 31 64 95 89 37 69 88 97 0 6 17 99 45 21 20 33 76 59 23 73 42 61 34 10 24 67 63 56 66 35 3 96 75 50 40 94
Coste: 21737584

GENERACION: 430
Mejor Solucion:  15 98 78 93 80 44 70 82 87 55 1 83 86 84 85 90 43 32 92 72 77 16 28 30 51 7 2 48 22 11 62 79 71 38 53 4 41 81 60 68 58 8 52 25 57 49 54 39 14 29 26 47 36 12 18 9 19 5 46 74 91 27 13 65 31 64 95 89 37 69 88 97 0 6 17 99 45 21 20 33 76 59 23 73 42 61 34 10 24 67 63 56 66 35 3 96 75 50 40 94
Coste: 21737584

GENERACION: 435
Mejor Solucion:  15 98 78 93 80 44 70 82 87 55 1 83 86 84 85 90 43 32 92 72 77 16 28 30 51 7 2 48 22 11 62 79 71 38 53 4 41 81 60 68 58 8 52 25 57 49 54 39 14 29 26 47 36 12 18 9 19 5 46 74 91 27 13 65 31 64 95 89 37 69 88 97 0 6 17 99 45 21 20 33 76 59 23 73 42 61 34 10 24 67 63 56 66 35 3 96 75 50 40 94
Coste: 21737584

GENERACION: 440
Mejor Solucion:  15 98 78 93 80 44 70 82 87 55 1 83 86 84 85 90 43 32 92 72 77 16 28 30 51 7 2 48 22 11 62 79 71 38 53 4 41 81 60 68 58 8 52 25 57 49 54 39 14 29 26 47 36 12 18 9 19 5 46 74 91 27 13 65 31 64 95 89 37 69 88 97 0 6 17 99 45 21 20 33 76 59 23 73 42 61 34 10 24 67 63 56 66 35 3 96 75 50 40 94
Coste: 21737584

GENERACION: 445
Mejor Solucion:  15 98 78 93 80 44 70 82 87 55 1 83 86 84 85 90 43 32 92 72 77 16 28 30 51 7 2 48 22 11 62 79 71 38 53 4 41 81 60 68 58 8 52 25 57 49 54 39 14 29 26 47 36 12 18 9 19 5 46 74 91 27 13 65 31 64 95 89 37 69 88 97 0 6 17 99 45 21 20 33 76 59 23 73 42 61 34 10 24 67 63 56 66 35 3 96 75 50 40 94
Coste: 21737584

GENERACION: 450
Mejor Solucion:  15 98 78 93 80 44 70 82 87 55 1 83 86 84 85 90 43 32 92 72 77 16 28 30 51 7 2 48 22 11 62 79 71 38 53 4 41 81 60 68 58 8 52 25 57 49 54 39 14 29 26 47 36 12 18 9 19 5 46 74 91 27 13 65 31 64 95 89 37 69 88 97 0 6 17 99 45 21 20 33 76 59 23 73 42 61 34 10 24 67 63 56 66 35 3 96 75 50 40 94
Coste: 21737584

GENERACION: 455
Mejor Solucion:  15 98 78 93 80 44 70 82 87 55 1 83 86 84 85 90 43 32 92 72 77 16 28 30 51 7 2 48 22 11 62 79 71 38 53 4 41 81 60 68 58 8 52 25 57 49 54 39 14 29 26 47 36 12 18 9 19 5 46 74 91 27 13 65 31 64 95 89 37 69 88 97 0 6 17 99 45 21 20 33 76 59 23 73 42 61 34 10 24 67 63 56 66 35 3 96 75 50 40 94
Coste: 21737584

GENERACION: 460
Mejor Solucion:  15 98 78 93 80 44 70 82 87 55 1 83 86 84 85 90 43 32 92 72 77 16 28 30 51 7 2 48 22 11 62 79 71 38 53 4 41 81 60 68 58 8 52 25 57 49 54 39 14 29 26 47 36 12 18 9 19 5 46 74 91 27 13 65 31 64 95 89 37 69 88 97 0 6 17 99 45 21 20 33 76 59 23 73 42 61 34 10 24 67 63 56 66 35 3 96 75 50 40 94
Coste: 21737584

GENERACION: 465
Mejor Solucion:  15 98 78 93 80 44 70 82 87 55 1 83 86 84 85 90 43 32 92 72 77 16 28 30 51 7 2 48 22 11 62 79 71 38 53 4 41 81 60 68 58 8 52 25 57 49 54 39 14 29 26 47 36 12 18 9 19 5 46 74 91 27 13 65 31 64 95 89 37 69 88 97 0 6 17 99 45 21 20 33 76 59 23 73 42 61 34 10 24 67 63 56 66 35 3 96 75 50 40 94
Coste: 21737584

GENERACION: 470
Mejor Solucion:  15 98 78 93 80 44 70 82 87 55 1 83 86 84 85 90 43 32 92 72 77 16 28 30 51 7 2 48 22 11 62 79 71 38 53 4 41 81 60 68 58 8 52 25 57 49 54 39 14 29 26 47 36 12 18 9 19 5 46 74 91 27 13 65 31 64 95 89 37 69 88 97 0 6 17 99 45 21 20 33 76 59 23 73 42 61 34 10 24 67 63 56 66 35 3 96 75 50 40 94
Coste: 21737584

GENERACION: 475
Mejor Solucion:  15 98 78 93 80 44 70 82 87 55 1 83 86 84 85 90 43 32 92 72 77 16 28 30 51 7 2 48 22 11 62 79 71 38 53 4 41 81 60 68 58 8 52 25 57 49 54 39 14 29 26 47 36 12 18 9 19 5 46 74 91 27 13 65 31 64 95 89 37 69 88 97 0 6 17 99 45 21 20 33 76 59 23 73 42 61 34 10 24 67 63 56 66 35 3 96 75 50 40 94
Coste: 21737584

GENERACION: 480
Mejor Solucion:  43 48 87 3 81 25 99 77 31 33 0 12 14 91 27 78 88 36 34 4 5 13 23 10 93 82 64 85 18 52 45 92 8 9 67 61 97 70 57 15 16 37 39 22 68 60 17 84 44 94 6 58 56 51 42 40 50 69 11 7 38 71 1 89 35 96 28 26 54 21 46 24 59 79 63 53 30 98 73 72 86 80 75 65 19 55 41 47 29 20 62 83 49 76 66 74 95 32 2 90
Coste: 21721729

GENERACION: 485
Mejor Solucion:  43 48 87 3 81 25 99 77 31 33 0 12 14 91 27 78 88 36 34 4 5 13 23 10 93 82 64 85 18 52 45 92 8 9 67 61 97 70 57 15 16 37 39 22 68 60 17 84 44 94 6 58 56 51 42 40 50 69 11 7 38 71 1 89 35 96 28 26 54 21 46 24 59 79 63 53 30 98 73 72 86 80 75 65 19 55 41 47 29 20 62 83 49 76 66 74 95 32 2 90
Coste: 21721729

GENERACION: 490
Mejor Solucion:  43 48 87 59 81 25 99 77 31 33 0 12 14 91 27 78 88 36 34 4 5 13 23 10 93 82 64 85 18 52 45 92 8 9 67 61 97 70 57 15 16 37 39 22 68 60 17 84 44 94 6 58 56 51 42 40 50 69 11 7 38 71 1 89 35 96 28 26 54 21 46 24 3 79 63 53 30 98 73 72 86 80 75 65 19 55 41 47 29 20 62 83 49 76 66 74 95 32 2 90
Coste: 21720760

GENERACION: 495
Mejor Solucion:  43 48 87 59 81 25 99 77 31 33 0 12 14 91 27 78 88 36 34 4 5 13 23 10 93 82 64 85 18 52 45 92 8 9 67 61 97 70 57 15 16 37 39 22 68 60 17 84 44 94 6 58 56 51 42 40 50 69 11 7 38 71 1 89 35 96 28 26 54 21 46 24 3 79 63 53 30 98 73 72 86 80 75 65 19 55 41 47 29 20 62 83 49 76 66 74 95 32 2 90
Coste: 21720760

GENERACION: 500
Mejor Solucion:  43 48 87 59 81 25 99 77 31 33 0 12 14 91 27 78 88 36 34 4 5 13 23 10 93 82 64 85 18 52 45 92 8 9 67 61 97 70 57 15 16 37 39 22 68 60 17 84 44 94 6 58 56 51 42 40 50 69 11 7 38 71 1 89 35 96 28 26 54 21 46 24 3 79 63 53 30 98 73 72 86 80 75 65 19 55 41 47 29 20 62 83 49 76 66 74 95 32 2 90
Coste: 21720760

GENERACION: 505
Mejor Solucion:  43 48 87 59 81 25 99 77 31 33 0 12 14 91 27 78 88 36 34 4 5 13 23 10 93 82 64 85 18 52 45 92 8 9 67 61 97 70 57 15 16 37 39 22 68 60 17 84 44 94 6 58 56 51 42 40 50 69 11 7 38 71 1 89 35 96 28 26 54 21 46 24 3 79 63 53 30 98 73 72 86 80 75 65 19 55 41 47 29 20 62 83 49 76 66 74 95 32 2 90
Coste: 21720760

GENERACION: 510
Mejor Solucion:  43 48 87 59 81 25 99 77 31 33 0 12 14 91 27 78 88 36 34 4 5 13 23 10 93 82 64 85 18 52 45 92 8 9 67 61 97 70 57 15 16 37 39 22 68 60 17 84 44 94 6 58 56 51 42 40 50 69 11 7 38 71 1 89 35 96 28 26 54 21 46 24 3 79 63 53 30 98 73 72 86 80 75 65 19 55 41 47 29 20 62 83 49 76 66 74 95 32 2 90
Coste: 21720760

GENERACION: 515
Mejor Solucion:  43 48 87 59 81 25 99 77 31 33 0 12 14 91 27 78 88 36 34 4 5 13 23 10 93 82 64 85 18 52 45 92 8 9 67 61 97 70 57 15 16 37 39 22 68 60 17 84 44 94 6 58 56 51 42 40 50 69 11 7 38 71 1 89 35 96 28 26 54 21 46 24 3 79 63 53 30 98 73 72 86 80 75 65 19 55 41 47 29 20 62 83 49 76 66 74 95 32 2 90
Coste: 21720760

GENERACION: 520
Mejor Solucion:  43 48 87 59 81 25 99 77 31 33 0 12 14 91 27 78 88 36 34 4 5 13 23 10 93 82 64 85 18 52 45 92 8 9 67 61 97 70 57 15 16 37 39 22 68 60 17 84 44 94 6 58 56 51 42 40 50 69 11 7 38 71 1 89 35 96 28 26 54 21 46 24 3 79 63 53 30 98 73 72 86 80 75 65 19 55 41 47 29 20 62 83 49 76 66 74 95 32 2 90
Coste: 21720760

GENERACION: 525
Mejor Solucion:  43 48 87 59 81 25 99 77 31 33 0 12 14 91 27 78 88 36 34 4 5 13 23 10 93 82 64 85 18 52 45 92 8 9 67 61 97 70 57 15 16 37 39 22 68 60 17 84 44 94 6 58 56 51 42 40 50 69 11 7 38 71 1 89 35 96 28 26 54 21 46 24 3 79 63 53 30 98 73 72 86 80 75 65 19 55 41 47 29 20 62 83 49 76 66 74 95 32 2 90
Coste: 21720760

GENERACION: 530
Mejor Solucion:  43 48 87 59 81 25 99 77 31 33 0 12 14 91 27 78 88 36 34 4 5 13 23 10 93 82 64 85 18 52 45 92 8 9 67 61 97 70 57 15 16 37 39 22 68 60 17 84 44 94 6 58 56 51 42 40 50 69 11 7 38 71 1 89 35 96 28 26 54 21 46 24 3 79 63 53 30 98 73 72 86 80 75 65 19 55 41 47 29 20 62 83 49 76 66 74 95 32 2 90
Coste: 21720760

GENERACION: 535
Mejor Solucion:  43 48 87 59 81 25 99 77 31 33 0 12 14 91 27 78 88 36 34 4 5 13 23 10 93 82 64 85 18 52 45 92 8 9 67 61 97 70 57 15 16 37 39 22 68 60 17 84 44 94 6 58 56 51 42 40 50 69 11 7 38 71 1 89 35 96 28 26 54 21 46 24 3 79 63 53 30 98 73 72 86 80 75 65 19 55 41 47 29 20 62 83 49 76 66 74 95 32 2 90
Coste: 21720760

GENERACION: 540
Mejor Solucion:  43 48 87 59 81 25 99 77 31 33 0 12 14 91 27 78 88 36 34 4 5 13 23 10 93 82 64 85 18 52 45 92 8 9 67 61 97 70 57 15 16 37 39 22 68 60 17 84 44 94 6 58 56 51 42 40 50 69 11 7 38 71 1 89 35 96 28 26 54 21 46 24 3 79 63 53 30 98 73 72 86 80 75 65 19 55 41 47 29 20 62 83 49 76 66 74 95 32 2 90
Coste: 21720760

GENERACION: 545
Mejor Solucion:  43 48 87 59 81 25 99 77 31 33 0 12 14 91 27 78 88 36 34 4 5 13 23 10 93 82 64 85 18 52 45 92 8 9 67 61 97 70 57 15 16 37 39 22 68 60 17 84 44 94 6 58 56 51 42 40 50 69 11 7 38 71 1 89 35 96 28 26 54 21 46 24 3 79 63 53 30 98 73 72 86 80 75 65 19 55 41 47 29 20 62 83 49 76 66 74 95 32 2 90
Coste: 21720760

GENERACION: 550
Mejor Solucion:  43 48 87 59 81 25 99 77 31 33 0 12 14 91 27 78 88 36 34 4 5 13 23 10 93 82 64 85 18 52 45 92 8 9 67 61 97 70 57 15 16 37 39 22 68 60 17 84 44 94 6 58 56 51 42 40 50 69 11 7 38 71 1 89 35 96 28 26 54 21 46 24 3 79 63 53 30 98 73 72 86 80 75 65 19 55 41 47 29 20 62 83 49 76 66 74 95 32 2 90
Coste: 21720760

GENERACION: 555
Mejor Solucion:  43 48 87 59 81 25 99 77 31 33 0 12 14 91 27 78 88 36 34 4 5 13 23 10 93 82 64 85 18 52 45 92 8 9 67 61 97 70 57 15 16 37 39 22 68 60 17 84 44 94 6 58 56 51 42 40 50 69 11 7 38 71 1 89 35 96 28 26 54 21 46 24 3 79 63 53 30 98 73 72 86 80 75 65 19 55 41 47 29 20 62 83 49 76 66 74 95 32 2 90
Coste: 21720760

GENERACION: 560
Mejor Solucion:  43 48 87 59 81 25 99 77 31 33 0 12 14 91 27 78 88 36 34 4 5 13 23 10 93 82 64 85 18 52 45 92 8 9 67 61 97 70 57 15 16 37 39 22 68 60 17 84 44 94 6 58 56 51 42 40 50 69 11 7 38 71 1 89 35 96 28 26 54 21 46 24 3 79 63 53 30 98 73 72 86 80 75 65 19 55 41 47 29 20 62 83 49 76 66 74 95 32 2 90
Coste: 21720760

GENERACION: 565
Mejor Solucion:  43 48 87 59 81 25 99 77 31 33 0 12 14 91 27 78 88 36 34 4 5 13 23 10 93 82 64 85 18 52 45 92 8 9 67 61 97 70 57 15 16 37 39 22 68 60 17 84 44 94 6 58 56 51 42 40 50 69 11 7 38 71 1 89 35 96 28 26 54 21 46 24 3 79 63 53 30 98 73 72 86 80 75 65 19 55 41 47 29 20 62 83 49 76 66 74 95 32 2 90
Coste: 21720760

GENERACION: 570
Mejor Solucion:  43 48 87 59 81 25 99 77 31 33 0 12 14 91 27 78 88 36 34 4 5 13 23 10 93 82 64 85 18 52 45 92 8 9 67 61 97 70 57 15 16 37 39 22 68 60 17 84 44 94 6 58 56 51 42 40 50 69 11 7 38 71 1 89 35 96 28 26 54 21 46 24 3 79 63 53 30 98 73 72 86 80 75 65 19 55 41 47 29 20 62 83 49 76 66 74 95 32 2 90
Coste: 21720760

GENERACION: 575
Mejor Solucion:  43 48 87 59 81 25 99 77 31 33 0 12 14 91 27 78 88 36 34 4 5 13 23 10 93 82 64 85 18 52 45 92 8 9 67 61 97 70 57 15 16 37 39 22 68 60 17 84 44 94 6 58 56 51 42 40 50 69 11 7 38 71 1 89 35 96 28 26 54 21 46 24 3 79 63 53 30 98 73 72 86 80 75 65 19 55 41 47 29 20 62 83 49 76 66 74 95 32 2 90
Coste: 21720760

GENERACION: 580
Mejor Solucion:  43 48 87 59 81 25 99 77 31 33 0 12 14 91 27 78 88 36 34 4 5 13 23 10 93 82 64 85 18 52 45 92 8 9 67 61 97 70 57 15 16 37 39 22 68 60 17 84 44 94 6 58 56 51 42 40 50 69 11 7 38 71 1 89 35 96 28 26 54 21 46 24 3 79 63 53 30 98 73 72 86 80 75 65 19 55 41 47 29 20 62 83 49 76 66 74 95 32 2 90
Coste: 21720760

GENERACION: 585
Mejor Solucion:  43 48 87 59 81 25 99 77 31 33 0 12 14 91 27 78 88 36 34 4 5 13 23 10 93 82 64 85 18 52 45 92 8 9 67 61 97 70 57 15 16 37 39 22 68 60 17 84 44 94 6 58 56 51 42 40 50 69 11 7 38 71 1 89 35 96 28 26 54 21 46 24 3 79 63 53 30 98 73 72 86 80 75 65 19 55 41 47 29 20 62 83 49 76 66 74 95 32 2 90
Coste: 21720760

GENERACION: 590
Mejor Solucion:  43 48 87 59 81 25 99 77 31 33 0 12 14 91 27 78 88 36 34 4 5 13 23 10 93 82 64 85 18 52 45 92 8 9 67 61 97 70 57 15 16 37 39 22 68 60 17 84 44 94 6 58 56 51 42 40 50 69 11 7 38 71 1 89 35 96 28 26 54 21 46 24 3 79 63 53 30 98 73 72 86 80 75 65 19 55 41 47 29 20 62 83 49 76 66 74 95 32 2 90
Coste: 21720760

GENERACION: 595
Mejor Solucion:  43 48 87 59 81 25 99 77 31 33 0 12 14 91 27 78 88 36 34 4 5 13 23 10 93 82 64 85 18 52 45 92 8 9 67 61 97 70 57 15 16 37 39 22 68 60 17 84 44 94 6 58 56 51 42 40 50 69 11 7 38 71 1 89 35 96 28 26 54 21 46 24 3 79 63 53 30 98 73 72 86 80 75 65 19 55 41 47 29 20 62 83 49 76 66 74 95 32 2 90
Coste: 21720760

GENERACION: 600
Mejor Solucion:  43 48 87 59 81 25 99 77 31 33 0 12 14 91 27 78 88 36 34 4 5 13 23 10 93 82 64 85 18 52 45 92 8 9 67 61 97 70 57 15 16 37 39 22 68 60 17 84 44 94 6 58 56 51 42 40 50 69 11 7 38 71 1 89 35 96 28 26 54 21 46 24 3 79 63 53 30 98 73 72 86 80 75 65 19 55 41 47 29 20 62 83 49 76 66 74 95 32 2 90
Coste: 21720760

GENERACION: 605
Mejor Solucion:  43 48 87 59 81 25 99 77 31 33 0 12 14 91 27 78 88 36 34 4 5 13 23 10 93 82 64 85 18 52 45 92 8 9 67 61 97 70 57 15 16 37 39 22 68 60 17 84 44 94 6 58 56 51 42 40 50 69 11 7 38 71 1 89 35 96 28 26 54 21 46 24 3 79 63 53 30 98 73 72 86 80 75 65 19 55 41 47 29 20 62 83 49 76 66 74 95 32 2 90
Coste: 21720760

GENERACION: 610
Mejor Solucion:  43 48 87 59 81 25 99 77 31 33 0 12 14 91 27 78 88 36 34 4 5 13 23 10 93 82 64 85 18 52 45 92 8 9 67 61 97 70 57 15 16 37 39 22 68 60 17 84 44 94 6 58 56 51 42 40 50 69 11 7 38 71 1 89 35 96 28 26 54 21 46 24 3 79 63 53 30 98 73 72 86 80 75 65 19 55 41 47 29 20 62 83 49 76 66 74 95 32 2 90
Coste: 21720760

GENERACION: 615
Mejor Solucion:  43 48 87 59 81 25 99 77 31 33 0 12 14 91 27 78 88 36 34 4 5 13 23 10 93 82 64 85 18 52 45 92 8 9 67 61 97 70 57 15 16 37 39 22 68 60 17 84 44 94 6 58 56 51 42 40 50 69 11 7 38 71 1 89 35 96 28 26 54 21 46 24 3 79 63 53 30 98 73 72 86 80 75 65 19 55 41 47 29 20 62 83 49 76 66 74 95 32 2 90
Coste: 21720760

GENERACION: 620
Mejor Solucion:  43 48 87 59 81 25 99 77 31 33 0 12 14 91 27 78 88 36 34 4 5 13 23 10 93 82 64 85 18 52 45 92 8 9 67 61 97 70 57 15 16 37 39 22 68 60 17 84 44 94 6 58 56 51 42 40 50 69 11 7 38 71 1 89 35 96 28 26 54 21 46 24 3 79 63 53 30 98 73 72 86 80 75 65 19 55 41 47 29 20 62 83 49 76 66 74 95 32 2 90
Coste: 21720760

GENERACION: 625
Mejor Solucion:  43 48 87 59 81 25 99 77 31 33 0 12 14 91 27 78 88 36 34 4 5 13 23 10 93 82 64 85 18 52 45 92 8 9 67 61 97 70 57 15 16 37 39 22 68 60 17 84 44 94 6 58 56 51 42 40 50 69 11 7 38 71 1 89 35 96 28 26 54 21 46 24 3 79 63 53 30 98 73 72 86 80 75 65 19 55 41 47 29 20 62 83 49 76 66 74 95 32 2 90
Coste: 21720760

GENERACION: 630
Mejor Solucion:  43 48 87 59 81 25 99 77 31 33 0 12 14 91 27 78 88 36 34 4 5 13 23 10 93 82 64 85 18 52 45 92 8 9 67 61 97 70 57 15 16 37 39 22 68 60 17 84 44 94 6 58 56 51 42 40 50 69 11 7 38 71 1 89 35 96 28 26 54 21 46 24 3 79 63 53 30 98 73 72 86 80 75 65 19 55 41 47 29 20 62 83 49 76 66 74 95 32 2 90
Coste: 21720760

GENERACION: 635
Mejor Solucion:  43 48 87 59 81 25 99 77 31 33 0 12 14 91 27 78 88 36 34 4 5 13 23 10 93 82 64 85 18 52 45 92 8 9 67 61 97 70 57 15 16 37 39 22 68 60 17 84 44 94 6 58 56 51 42 40 50 69 11 7 38 71 1 89 35 96 28 26 54 21 46 24 3 79 63 53 30 98 73 72 86 80 75 65 19 55 41 47 29 20 62 83 49 76 66 74 95 32 2 90
Coste: 21720760

GENERACION: 640
Mejor Solucion:  43 48 87 59 81 25 99 77 31 33 0 12 14 91 27 78 88 36 34 4 5 13 23 10 93 82 64 85 18 52 45 92 8 9 67 61 97 70 57 15 16 37 39 22 68 60 17 84 44 94 6 58 56 51 42 40 50 69 11 7 38 71 1 89 35 96 28 26 54 21 46 24 3 79 63 53 30 98 73 72 86 80 75 65 19 55 41 47 29 20 62 83 49 76 66 74 95 32 2 90
Coste: 21720760

GENERACION: 645
Mejor Solucion:  43 48 87 59 81 25 99 77 31 33 0 12 14 91 27 78 88 36 34 4 5 13 23 10 93 82 64 85 18 52 45 92 8 9 67 61 97 70 57 15 16 37 39 22 68 60 17 84 44 94 6 58 56 51 42 40 50 69 11 7 38 71 1 89 35 96 28 26 54 21 46 24 3 79 63 53 30 98 73 72 86 80 75 65 19 55 41 47 29 20 62 83 49 76 66 74 95 32 2 90
Coste: 21720760

GENERACION: 650
Mejor Solucion:  43 48 87 59 81 25 99 77 31 33 0 12 14 91 27 78 88 36 34 4 5 13 23 10 93 82 64 85 18 52 45 92 8 9 67 61 97 70 57 15 16 37 39 22 68 60 17 84 44 94 6 58 56 51 42 40 50 69 11 7 38 71 1 89 35 96 28 26 54 21 46 24 3 79 63 53 30 98 73 72 86 80 75 65 19 55 41 47 29 20 62 83 49 76 66 74 95 32 2 90
Coste: 21720760

GENERACION: 655
Mejor Solucion:  43 48 87 59 81 25 99 77 31 33 0 12 14 91 27 78 88 36 34 4 5 13 23 10 93 82 64 85 18 52 45 92 8 9 67 61 97 70 57 15 16 37 39 22 68 60 17 84 44 94 6 58 56 51 42 40 50 69 11 7 38 71 1 89 35 96 28 26 54 21 46 24 3 79 63 53 30 98 73 72 86 80 75 65 19 55 41 47 29 20 62 83 49 76 66 74 95 32 2 90
Coste: 21720760

GENERACION: 660
Mejor Solucion:  43 48 87 59 81 25 99 77 31 33 0 12 14 91 27 78 88 36 34 4 5 13 23 10 93 82 64 85 18 52 45 92 8 9 67 61 97 70 57 15 16 37 39 22 68 60 17 84 44 94 6 58 56 51 42 40 50 69 11 7 38 71 1 89 35 96 28 26 54 21 46 24 3 79 63 53 30 98 73 72 86 80 75 65 19 55 41 47 29 20 62 83 49 76 66 74 95 32 2 90
Coste: 21720760

GENERACION: 665
Mejor Solucion:  43 48 87 59 81 25 99 77 31 33 0 12 14 91 27 78 88 36 34 4 5 13 23 10 93 82 64 85 18 52 45 92 8 9 67 61 97 70 57 15 16 37 39 22 68 60 17 84 44 94 6 58 56 51 42 40 50 69 11 7 38 71 1 89 35 96 28 26 54 21 46 24 3 79 63 53 30 98 73 72 86 80 75 65 19 55 41 47 29 20 62 83 49 76 66 74 95 32 2 90
Coste: 21720760

GENERACION: 670
Mejor Solucion:  43 48 87 59 81 25 99 77 31 33 0 12 14 91 27 78 88 36 34 4 5 13 23 10 93 82 64 85 18 52 45 92 8 9 67 61 97 70 57 15 16 37 39 22 68 60 17 84 44 94 6 58 56 51 42 40 50 69 11 7 38 71 1 89 35 96 28 26 54 21 46 24 3 79 63 53 30 98 73 72 86 80 75 65 19 55 41 47 29 20 62 83 49 76 66 74 95 32 2 90
Coste: 21720760

GENERACION: 675
Mejor Solucion:  43 48 87 59 81 25 99 77 31 33 0 12 14 91 27 78 88 36 34 4 5 13 23 10 93 82 64 85 18 52 45 92 8 9 67 61 97 70 57 15 16 37 39 22 68 60 17 84 44 94 6 58 56 51 42 40 50 69 11 7 38 71 1 89 35 96 28 26 54 21 46 24 3 79 63 53 30 98 73 72 86 80 75 65 19 55 41 47 29 20 62 83 49 76 66 74 95 32 2 90
Coste: 21720760

GENERACION: 680
Mejor Solucion:  43 48 87 59 81 25 99 77 31 33 0 12 14 91 27 78 88 36 34 4 5 13 23 10 93 82 64 85 18 52 45 92 8 9 67 61 97 70 57 15 16 37 39 22 68 60 17 84 44 94 6 58 56 51 42 40 50 69 11 7 38 71 1 89 35 96 28 26 54 21 46 24 3 79 63 53 30 98 73 72 86 80 75 65 19 55 41 47 29 20 62 83 49 76 66 74 95 32 2 90
Coste: 21720760

GENERACION: 685
Mejor Solucion:  43 48 87 59 81 25 99 77 31 33 0 12 14 91 27 78 88 36 34 4 5 13 23 10 93 82 64 85 18 52 45 92 8 9 67 61 97 70 57 15 16 37 39 22 68 60 17 84 44 94 6 58 56 51 42 40 50 69 11 7 38 71 1 89 35 96 28 26 54 21 46 24 3 79 63 53 30 98 73 72 86 80 75 65 19 55 41 47 29 20 62 83 49 76 66 74 95 32 2 90
Coste: 21720760

GENERACION: 690
Mejor Solucion:  43 48 87 59 81 25 99 77 31 33 0 12 14 91 27 78 88 36 34 4 5 13 23 10 93 82 64 85 18 52 45 92 8 9 67 61 97 70 57 15 16 37 39 22 68 60 17 84 44 94 6 58 56 51 42 40 50 69 11 7 38 71 1 89 35 96 28 26 54 21 46 24 3 79 63 53 30 98 73 72 86 80 75 65 19 55 41 47 29 20 62 83 49 76 66 74 95 32 2 90
Coste: 21720760

GENERACION: 695
Mejor Solucion:  43 48 87 59 81 25 99 77 31 33 0 12 14 91 27 78 88 36 34 4 5 13 23 10 93 82 64 85 18 52 45 92 8 9 67 61 97 70 57 15 16 37 39 22 68 60 17 84 44 94 6 58 56 51 42 40 50 69 11 7 38 71 1 89 35 96 28 26 54 21 46 24 3 79 63 53 30 98 73 72 86 80 75 65 19 55 41 47 29 20 62 83 49 76 66 74 95 32 2 90
Coste: 21720760

GENERACION: 700
Mejor Solucion:  43 48 87 59 81 25 99 77 31 33 0 12 14 91 27 78 88 36 34 4 5 13 23 10 93 82 64 85 18 52 45 92 8 9 67 61 97 70 57 15 16 37 39 22 68 60 17 84 44 94 6 58 56 51 42 40 50 69 11 7 38 71 1 89 35 96 28 26 54 21 46 24 3 79 63 53 30 98 73 72 86 80 75 65 19 55 41 47 29 20 62 83 49 76 66 74 95 32 2 90
Coste: 21720760

GENERACION: 705
Mejor Solucion:  43 48 87 59 81 25 99 77 31 33 0 12 14 91 27 78 88 36 34 4 5 13 23 10 93 82 64 85 18 52 45 92 8 9 67 61 97 70 57 15 16 37 39 22 68 60 17 84 44 94 6 58 56 51 42 40 50 69 11 7 38 71 1 89 35 96 28 26 54 21 46 24 3 79 63 53 30 98 73 72 86 80 75 65 19 55 41 47 29 20 62 83 49 76 66 74 95 32 2 90
Coste: 21720760

GENERACION: 710
Mejor Solucion:  43 48 87 59 81 25 99 77 31 33 0 12 14 91 27 78 88 36 34 4 5 13 23 10 93 82 64 85 18 52 45 92 8 9 67 61 97 70 57 15 16 37 39 22 68 60 17 84 44 94 6 58 56 51 42 40 50 69 11 7 38 71 1 89 35 96 28 26 54 21 46 24 3 79 63 53 30 98 73 72 86 80 75 65 19 55 41 47 29 20 62 83 49 76 66 74 95 32 2 90
Coste: 21720760

GENERACION: 715
Mejor Solucion:  43 48 87 59 81 25 99 77 31 33 0 12 14 91 27 78 88 36 34 4 5 13 23 10 93 82 64 85 18 52 45 92 8 9 67 61 97 70 57 15 16 37 39 22 68 60 17 84 44 94 6 58 56 51 42 40 50 69 11 7 38 71 1 89 35 96 28 26 54 21 46 24 3 79 63 53 30 98 73 72 86 80 75 65 19 55 41 47 29 20 62 83 49 76 66 74 95 32 2 90
Coste: 21720760

GENERACION: 720
Mejor Solucion:  43 48 87 59 81 25 99 77 31 33 0 12 14 91 27 78 88 36 34 4 5 13 23 10 93 82 64 85 18 52 45 92 8 9 67 61 97 70 57 15 16 37 39 22 68 60 17 84 44 94 6 58 56 51 42 40 50 69 11 7 38 71 1 89 35 96 28 26 54 21 46 24 3 79 63 53 30 98 73 72 86 80 75 65 19 55 41 47 29 20 62 83 49 76 66 74 95 32 2 90
Coste: 21720760

GENERACION: 725
Mejor Solucion:  43 48 87 59 81 25 99 77 31 33 0 12 14 91 27 78 88 36 34 4 5 13 23 10 93 82 64 85 18 52 45 92 8 9 67 61 97 70 57 15 16 37 39 22 68 60 17 84 44 94 6 58 56 51 42 40 50 69 11 7 38 71 1 89 35 96 28 26 54 21 46 24 3 79 63 53 30 98 73 72 86 80 75 65 19 55 41 47 29 20 62 83 49 76 66 74 95 32 2 90
Coste: 21720760

GENERACION: 730
Mejor Solucion:  43 48 87 59 81 25 99 77 31 33 0 12 14 91 27 78 88 36 34 4 5 13 23 10 93 82 64 85 18 52 45 92 8 9 67 61 97 70 57 15 16 37 39 22 68 60 17 84 44 94 6 58 56 51 42 40 50 69 11 7 38 71 1 89 35 96 28 26 54 21 46 24 3 79 63 53 30 98 73 72 86 80 75 65 19 55 41 47 29 20 62 83 49 76 66 74 95 32 2 90
Coste: 21720760

GENERACION: 735
Mejor Solucion:  43 48 87 59 81 25 99 77 31 33 0 12 14 91 27 78 88 36 34 4 5 13 23 10 93 82 64 85 18 52 45 92 8 9 67 61 97 70 57 15 16 37 39 22 68 60 17 84 44 94 6 58 56 51 42 40 50 69 11 7 38 71 1 89 35 96 28 26 54 21 46 24 3 79 63 53 30 98 73 72 86 80 75 65 19 55 41 47 29 20 62 83 49 76 66 74 95 32 2 90
Coste: 21720760

GENERACION: 740
Mejor Solucion:  43 48 87 59 81 25 99 77 31 33 0 12 14 91 27 78 88 36 34 4 5 13 23 10 93 82 64 85 18 52 45 92 8 9 67 61 97 70 57 15 16 37 39 22 68 60 17 84 44 94 6 58 56 51 42 40 50 69 11 7 38 71 1 89 35 96 28 26 54 21 46 24 3 79 63 53 30 98 73 72 86 80 75 65 19 55 41 47 29 20 62 83 49 76 66 74 95 32 2 90
Coste: 21720760

GENERACION: 745
Mejor Solucion:  43 48 87 59 81 25 99 77 31 33 0 12 14 91 27 78 88 36 34 4 5 13 23 10 93 82 64 85 18 52 45 92 8 9 67 61 97 70 57 15 16 37 39 22 68 60 17 84 44 94 6 58 56 51 42 40 50 69 11 7 38 71 1 89 35 96 28 26 54 21 46 24 3 79 63 53 30 98 73 72 86 80 75 65 19 55 41 47 29 20 62 83 49 76 66 74 95 32 2 90
Coste: 21720760

GENERACION: 750
Mejor Solucion:  43 48 87 59 81 25 99 77 31 33 0 12 14 91 27 78 88 36 34 4 5 13 23 10 93 82 64 85 18 52 45 92 8 9 67 61 97 70 57 15 16 37 39 22 68 60 17 84 44 94 6 58 56 51 42 40 50 69 11 7 38 71 1 89 35 96 28 26 54 21 46 24 3 79 63 53 30 98 73 72 86 80 75 65 19 55 41 47 29 20 62 83 49 76 66 74 95 32 2 90
Coste: 21720760

GENERACION: 755
Mejor Solucion:  43 48 87 59 81 25 99 77 31 33 0 12 14 91 27 78 88 36 34 4 5 13 23 10 93 82 64 85 18 52 45 92 8 9 67 61 97 70 57 15 16 37 39 22 68 60 17 84 44 94 6 58 56 51 42 40 50 69 11 7 38 71 1 89 35 96 28 26 54 21 46 24 3 79 63 53 30 98 73 72 86 80 75 65 19 55 41 47 29 20 62 83 49 76 66 74 95 32 2 90
Coste: 21720760

GENERACION: 760
Mejor Solucion:  43 48 87 59 81 25 99 77 31 33 0 12 14 91 27 78 88 36 34 4 5 13 23 10 93 82 64 85 18 52 45 92 8 9 67 61 97 70 57 15 16 37 39 22 68 60 17 84 44 94 6 58 56 51 42 40 50 69 11 7 38 71 1 89 35 96 28 26 54 21 46 24 3 79 63 53 30 98 73 72 86 80 75 65 19 55 41 47 29 20 62 83 49 76 66 74 95 32 2 90
Coste: 21720760

GENERACION: 765
Mejor Solucion:  43 48 87 59 81 25 99 77 31 33 0 12 14 91 27 78 88 36 34 4 5 13 23 10 93 82 64 85 18 52 45 92 8 9 67 61 97 70 57 15 16 37 39 22 68 60 17 84 44 94 6 58 56 51 42 40 50 69 11 7 38 71 1 89 35 96 28 26 54 21 46 24 3 79 63 53 30 98 73 72 86 80 75 65 19 55 41 47 29 20 62 83 49 76 66 74 95 32 2 90
Coste: 21720760

GENERACION: 770
Mejor Solucion:  43 48 87 59 81 25 99 77 31 33 0 12 14 91 27 78 88 36 34 4 5 13 23 10 93 82 64 85 18 52 45 92 8 9 67 61 97 70 57 15 16 37 39 22 68 60 17 84 44 94 6 58 56 51 42 40 50 69 11 7 38 71 1 89 35 96 28 26 54 21 46 24 3 79 63 53 30 98 73 72 86 80 75 65 19 55 41 47 29 20 62 83 49 76 66 74 95 32 2 90
Coste: 21720760

GENERACION: 775
Mejor Solucion:  43 48 87 59 81 25 99 77 31 33 0 12 14 91 27 78 88 36 34 4 5 13 23 10 93 82 64 85 18 52 45 92 8 9 67 61 97 70 57 15 16 37 39 22 68 60 17 84 44 94 6 58 56 51 42 40 50 69 11 7 38 71 1 89 35 96 28 26 54 21 46 24 3 79 63 53 30 98 73 72 86 80 75 65 19 55 41 47 29 20 62 83 49 76 66 74 95 32 2 90
Coste: 21720760

GENERACION: 780
Mejor Solucion:  43 48 87 59 81 25 99 77 31 33 0 12 14 91 27 78 88 36 34 4 5 13 23 10 93 82 64 85 18 52 45 92 8 9 67 61 97 70 57 15 16 37 39 22 68 60 17 84 44 94 6 58 56 51 42 40 50 69 11 7 38 71 1 89 35 96 28 26 54 21 46 24 3 79 63 53 30 98 73 72 86 80 75 65 19 55 41 47 29 20 62 83 49 76 66 74 95 32 2 90
Coste: 21720760

GENERACION: 785
Mejor Solucion:  43 48 87 59 81 25 99 77 31 33 0 12 14 91 27 78 88 36 34 4 5 13 23 10 93 82 64 85 18 52 45 92 8 9 67 61 97 70 57 15 16 37 39 22 68 60 17 84 44 94 6 58 56 51 42 40 50 69 11 7 38 71 1 89 35 96 28 26 54 21 46 24 3 79 63 53 30 98 73 72 86 80 75 65 19 55 41 47 29 20 62 83 49 76 66 74 95 32 2 90
Coste: 21720760

GENERACION: 790
Mejor Solucion:  43 48 87 59 81 25 99 77 31 33 0 12 14 91 27 78 88 36 34 4 5 13 23 10 93 82 64 85 18 52 45 92 8 9 67 61 97 70 57 15 16 37 39 22 68 60 17 84 44 94 6 58 56 51 42 40 50 69 11 7 38 71 1 89 35 96 28 26 54 21 46 24 3 79 63 53 30 98 73 72 86 80 75 65 19 55 41 47 29 20 62 83 49 76 66 74 95 32 2 90
Coste: 21720760

GENERACION: 795
Mejor Solucion:  43 48 87 59 81 25 99 77 31 33 0 12 14 91 27 78 88 36 34 4 5 13 23 10 93 82 64 85 18 52 45 92 8 9 67 61 97 70 57 15 16 37 39 22 68 60 17 84 44 94 6 58 56 51 42 40 50 69 11 7 38 71 1 89 35 96 28 26 54 21 46 24 3 79 63 53 30 98 73 72 86 80 75 65 19 55 41 47 29 20 62 83 49 76 66 74 95 32 2 90
Coste: 21720760

GENERACION: 800
Mejor Solucion:  43 48 87 59 81 25 99 77 31 33 0 12 14 91 27 78 88 36 34 4 5 13 23 10 93 82 64 85 18 52 45 92 8 9 67 61 97 70 57 15 16 37 39 22 68 60 17 84 44 94 6 58 56 51 42 40 50 69 11 7 38 71 1 89 35 96 28 26 54 21 46 24 3 79 63 53 30 98 73 72 86 80 75 65 19 55 41 47 29 20 62 83 49 76 66 74 95 32 2 90
Coste: 21720760

GENERACION: 805
Mejor Solucion:  43 48 87 59 81 25 99 77 31 33 0 12 14 91 27 78 88 36 34 4 5 13 23 10 93 82 64 85 18 52 45 92 8 9 67 61 97 70 57 15 16 37 39 22 68 60 17 84 44 94 6 58 56 51 42 40 50 69 11 7 38 71 1 89 35 96 28 26 54 21 46 24 3 79 63 53 30 98 73 72 86 80 75 65 19 55 41 47 29 20 62 83 49 76 66 74 95 32 2 90
Coste: 21720760

GENERACION: 810
Mejor Solucion:  43 48 87 59 81 25 99 77 31 33 0 12 14 91 27 78 88 36 34 4 5 13 23 10 93 82 64 85 18 52 45 92 8 9 67 61 97 70 57 15 16 37 39 22 68 60 17 84 44 94 6 58 56 51 42 40 50 69 11 7 38 71 1 89 35 96 28 26 54 21 46 24 3 79 63 53 30 98 73 72 86 80 75 65 19 55 41 47 29 20 62 83 49 76 66 74 95 32 2 90
Coste: 21720760

GENERACION: 815
Mejor Solucion:  43 48 87 59 81 25 99 77 31 33 0 12 14 91 27 78 88 36 34 4 5 13 23 10 93 82 64 85 18 52 45 92 8 9 67 61 97 70 57 15 16 37 39 22 68 60 17 84 44 94 6 58 56 51 42 40 50 69 11 7 38 71 1 89 35 96 28 26 54 21 46 24 3 79 63 53 30 98 73 72 86 80 75 65 19 55 41 47 29 20 62 83 49 76 66 74 95 32 2 90
Coste: 21720760

GENERACION: 820
Mejor Solucion:  43 48 87 59 81 25 99 77 31 33 0 12 14 91 27 78 88 36 34 4 5 13 23 10 93 82 64 85 18 52 45 92 8 9 67 61 97 70 57 15 16 37 39 22 68 60 17 84 44 94 6 58 56 51 42 40 50 69 11 7 38 71 1 89 35 96 28 26 54 21 46 24 3 79 63 53 30 98 73 72 86 80 75 65 19 55 41 47 29 20 62 83 49 76 66 74 95 32 2 90
Coste: 21720760

GENERACION: 825
Mejor Solucion:  43 48 87 59 81 25 99 77 31 33 0 12 14 91 27 78 88 36 34 4 5 13 23 10 93 82 64 85 18 52 45 92 8 9 67 61 97 70 57 15 16 37 39 22 68 60 17 84 44 94 6 58 56 51 42 40 50 69 11 7 38 71 1 89 35 96 28 26 54 21 46 24 3 79 63 53 30 98 73 72 86 80 75 65 19 55 41 47 29 20 62 83 49 76 66 74 95 32 2 90
Coste: 21720760

GENERACION: 830
Mejor Solucion:  43 48 87 59 81 25 99 77 31 33 0 12 14 91 27 78 88 36 34 4 5 13 23 10 93 82 64 85 18 52 45 92 8 9 67 61 97 70 57 15 16 37 39 22 68 60 17 84 44 94 6 58 56 51 42 40 50 69 11 7 38 71 1 89 35 96 28 26 54 21 46 24 3 79 63 53 30 98 73 72 86 80 75 65 19 55 41 47 29 20 62 83 49 76 66 74 95 32 2 90
Coste: 21720760

GENERACION: 835
Mejor Solucion:  43 48 87 59 81 25 99 77 31 33 0 12 14 91 27 78 88 36 34 4 5 13 23 10 93 82 64 85 18 52 45 92 8 9 67 61 97 70 57 15 16 37 39 22 68 60 17 84 44 94 6 58 56 51 42 40 50 69 11 7 38 71 1 89 35 96 28 26 54 21 46 24 3 79 63 53 30 98 73 72 86 80 75 65 19 55 41 47 29 20 62 83 49 76 66 74 95 32 2 90
Coste: 21720760

GENERACION: 840
Mejor Solucion:  43 48 87 59 81 25 99 77 31 33 0 12 14 91 27 78 88 36 34 4 5 13 23 10 93 82 64 85 18 52 45 92 8 9 67 61 97 70 57 15 16 37 39 22 68 60 17 84 44 94 6 58 56 51 42 40 50 69 11 7 38 71 1 89 35 96 28 26 54 21 46 24 3 79 63 53 30 98 73 72 86 80 75 65 19 55 41 47 29 20 62 83 49 76 66 74 95 32 2 90
Coste: 21720760

GENERACION: 845
Mejor Solucion:  43 48 87 59 81 25 99 77 31 33 0 12 14 91 27 78 88 36 34 4 5 13 23 10 93 82 64 85 18 52 45 92 8 9 67 61 97 70 57 15 16 37 39 22 68 60 17 84 44 94 6 58 56 51 42 40 50 69 11 7 38 71 1 89 35 96 28 26 54 21 46 24 3 79 63 53 30 98 73 72 86 80 75 65 19 55 41 47 29 20 62 83 49 76 66 74 95 32 2 90
Coste: 21720760

GENERACION: 850
Mejor Solucion:  43 48 87 59 81 25 99 77 31 33 0 12 14 91 27 78 88 36 34 4 5 13 23 10 93 82 64 85 18 52 45 92 8 9 67 61 97 70 57 15 16 37 39 22 68 60 17 84 44 94 6 58 56 51 42 40 50 69 11 7 38 71 1 89 35 96 28 26 54 21 46 24 3 79 63 53 30 98 73 72 86 80 75 65 19 55 41 47 29 20 62 83 49 76 66 74 95 32 2 90
Coste: 21720760

GENERACION: 855
Mejor Solucion:  43 48 87 59 81 25 99 77 31 33 0 12 14 91 27 78 88 36 34 4 5 13 23 10 93 82 64 85 18 52 45 92 8 9 67 61 97 70 57 15 16 37 39 22 68 60 17 84 44 94 6 58 56 51 42 40 50 69 11 7 38 71 1 89 35 96 28 26 54 21 46 24 3 79 63 53 30 98 73 72 86 80 75 65 19 55 41 47 29 20 62 83 49 76 66 74 95 32 2 90
Coste: 21720760

GENERACION: 860
Mejor Solucion:  81 48 41 91 80 36 19 99 34 61 8 0 43 42 71 94 78 57 18 90 58 96 45 97 56 30 84 2 74 12 10 65 79 16 64 50 37 68 32 54 14 98 51 29 5 86 67 75 93 60 17 47 70 40 69 77 3 4 22 44 95 85 31 24 87 92 82 53 6 15 39 52 25 63 11 46 33 66 73 49 1 88 27 20 28 13 62 21 83 9 26 59 7 72 38 23 89 55 35 76
Coste: 21710332

GENERACION: 865
Mejor Solucion:  81 48 41 91 80 36 19 99 34 61 8 0 43 42 71 94 78 57 18 90 58 96 45 97 56 30 84 2 74 12 10 65 79 16 64 50 37 68 32 54 14 98 51 29 5 86 67 75 93 60 17 47 70 40 69 77 3 4 22 44 95 85 31 24 87 92 82 53 6 15 39 52 25 63 11 46 33 66 73 49 1 88 27 20 28 13 62 21 83 9 26 59 7 72 38 23 89 55 35 76
Coste: 21710332

GENERACION: 870
Mejor Solucion:  81 48 41 91 80 36 19 99 34 61 8 0 43 42 71 94 78 57 18 90 58 96 45 97 56 30 84 2 74 12 10 65 79 16 64 50 37 68 32 54 14 98 51 29 5 86 67 75 93 60 17 47 70 40 69 77 3 4 22 44 95 85 31 24 87 92 82 53 6 15 39 52 25 63 11 46 33 66 73 49 1 88 27 20 28 13 62 21 83 9 26 59 7 72 38 23 89 55 35 76
Coste: 21710332

GENERACION: 875
Mejor Solucion:  81 48 41 91 80 36 19 99 34 61 8 0 43 42 71 94 78 57 18 90 58 96 45 97 56 30 84 2 74 12 10 65 79 16 64 50 37 68 32 54 14 98 51 29 5 86 67 75 93 60 17 47 70 40 69 77 3 4 22 44 95 85 31 24 87 92 82 53 6 15 39 52 25 63 11 46 33 66 73 49 1 88 27 20 28 13 62 21 83 9 26 59 7 72 38 23 89 55 35 76
Coste: 21710332

GENERACION: 880
Mejor Solucion:  39 44 41 71 80 36 43 19 34 61 8 0 95 42 99 23 78 57 18 90 58 96 15 52 56 30 84 2 74 45 10 65 79 16 64 50 37 68 32 54 14 98 51 29 5 86 67 75 93 66 22 47 70 40 72 77 3 4 87 48 97 85 31 60 9 92 82 53 6 28 69 91 25 63 11 46 17 24 73 49 1 88 27 20 33 13 62 21 83 81 26 59 7 94 38 12 89 55 35 76
Coste: 21704503

GENERACION: 885
Mejor Solucion:  39 44 41 71 80 36 43 19 34 61 8 0 95 42 99 23 78 57 18 90 58 96 15 52 56 30 84 2 74 45 10 65 79 16 64 50 37 68 32 54 14 98 51 29 5 86 67 75 93 66 22 47 70 40 72 77 3 4 87 48 97 85 31 60 9 92 82 53 6 28 69 91 25 63 11 46 17 24 73 49 1 88 27 20 33 13 62 21 83 81 26 59 7 94 38 12 89 55 35 76
Coste: 21704503

GENERACION: 890
Mejor Solucion:  39 64 41 71 80 78 43 5 22 61 8 0 95 42 68 21 20 57 18 90 58 45 77 52 63 30 84 29 65 12 10 96 9 74 36 50 35 24 32 54 44 19 51 16 98 86 67 75 93 66 79 47 70 40 72 48 3 4 2 87 97 85 31 60 99 92 82 53 6 28 69 14 25 33 11 46 17 23 73 49 1 88 27 34 83 13 62 15 91 37 26 59 7 94 38 56 89 55 81 76
Coste: 21683143

GENERACION: 895
Mejor Solucion:  39 64 41 71 80 78 43 5 22 61 8 0 95 42 68 21 20 57 18 90 58 45 77 52 63 30 84 29 65 12 10 96 9 74 36 50 35 24 32 54 44 19 51 16 98 86 67 75 93 66 79 47 70 40 72 48 3 4 2 87 97 85 31 60 99 92 82 53 6 28 69 14 25 33 11 46 17 23 73 49 1 88 27 34 83 13 62 15 91 37 26 59 7 94 38 56 89 55 81 76
Coste: 21683143

GENERACION: 900
Mejor Solucion:  39 64 41 71 82 78 43 37 42 56 23 0 74 14 68 70 26 57 18 90 58 45 53 52 63 30 84 88 65 12 10 96 79 21 98 50 35 77 32 54 24 19 51 16 95 86 67 75 93 66 9 47 20 40 72 48 89 92 36 87 97 85 29 60 22 38 2 8 6 28 69 4 25 33 11 46 17 80 3 49 1 83 27 34 99 13 62 15 91 5 31 59 7 94 73 44 61 55 81 76
Coste: 21677845

GENERACION: 905
Mejor Solucion:  39 64 41 71 82 78 43 37 42 56 23 0 74 14 68 70 26 57 18 90 58 45 53 52 63 30 84 88 65 12 10 96 79 21 98 50 35 77 32 54 24 19 51 16 95 86 67 75 93 66 9 47 20 40 72 48 89 92 36 87 97 85 29 60 22 38 2 8 6 28 69 4 25 33 11 46 17 80 3 49 1 83 27 34 99 13 62 15 91 5 31 59 7 94 73 44 61 55 81 76
Coste: 21677845

GENERACION: 910
Mejor Solucion:  39 64 41 71 82 78 43 37 42 56 23 0 74 14 68 70 26 57 18 90 58 45 53 52 63 30 84 88 65 12 10 96 79 21 98 50 35 77 32 54 24 19 51 16 95 86 67 75 93 66 9 47 20 40 72 48 89 92 36 87 97 85 29 60 22 38 2 8 6 28 69 4 25 33 11 46 17 80 3 49 1 83 27 34 99 13 62 15 91 5 31 59 7 94 73 44 61 55 81 76
Coste: 21677845

GENERACION: 915
Mejor Solucion:  39 64 41 71 82 78 43 37 42 56 23 0 74 14 68 70 26 57 18 90 58 45 53 52 63 30 84 88 65 12 10 96 79 21 98 50 35 77 32 54 24 19 51 16 95 86 67 75 93 66 9 47 20 40 72 48 89 92 36 87 97 85 29 60 22 38 2 8 6 28 69 4 25 33 11 46 17 80 3 49 1 83 27 34 99 13 62 15 91 5 31 59 7 94 73 44 61 55 81 76
Coste: 21677845

GENERACION: 920
Mejor Solucion:  39 64 41 71 82 78 43 37 42 56 23 0 74 14 68 70 26 57 18 90 58 45 53 52 63 30 84 88 65 12 10 96 79 21 98 50 35 77 32 54 24 19 51 16 95 86 67 75 93 66 9 47 20 40 72 48 89 92 36 87 97 85 29 60 22 38 2 8 6 28 69 4 25 33 11 46 17 80 3 49 1 83 27 34 99 13 62 15 91 5 31 59 7 94 73 44 61 55 81 76
Coste: 21677845

GENERACION: 925
Mejor Solucion:  39 64 41 71 82 78 43 37 42 56 23 0 74 14 68 70 26 57 18 90 58 45 53 52 63 30 84 88 65 12 10 96 79 21 98 50 35 77 32 54 24 19 51 16 95 86 67 75 93 66 9 47 20 40 72 48 89 92 36 87 97 85 29 60 22 38 2 8 6 28 69 4 25 33 11 46 17 80 3 49 1 83 27 34 99 13 62 15 91 5 31 59 7 94 73 44 61 55 81 76
Coste: 21677845

GENERACION: 930
Mejor Solucion:  39 64 41 71 82 78 43 37 42 56 23 0 74 14 68 70 26 57 18 90 58 45 53 52 63 30 84 88 65 12 10 96 79 21 98 50 35 77 32 54 24 19 51 16 95 86 67 75 93 66 9 47 20 40 72 48 89 92 36 87 97 85 29 60 22 38 2 8 6 28 69 4 25 33 11 46 17 80 3 49 1 83 27 34 99 13 62 15 91 5 31 59 7 94 73 44 61 55 81 76
Coste: 21677845

GENERACION: 935
Mejor Solucion:  39 64 41 71 82 78 43 37 42 56 23 0 74 14 68 70 26 57 18 90 58 45 53 52 63 30 84 88 65 12 10 96 79 21 98 50 35 77 32 54 24 19 51 16 95 86 67 75 93 66 9 47 20 40 72 48 89 92 36 87 97 85 29 60 22 38 2 8 6 28 69 4 25 33 11 46 17 80 3 49 1 83 27 34 99 13 62 15 91 5 31 59 7 94 73 44 61 55 81 76
Coste: 21677845

GENERACION: 940
Mejor Solucion:  39 64 41 71 82 78 43 37 42 56 23 0 74 14 68 70 26 57 18 90 58 45 53 52 63 30 84 88 65 12 10 96 79 21 98 50 35 77 32 54 24 19 51 16 95 86 67 75 93 66 9 47 20 40 72 48 89 92 36 87 97 85 29 60 22 38 2 8 6 28 69 4 25 33 11 46 17 80 3 49 1 83 27 34 99 13 62 15 91 5 31 59 7 94 73 44 61 55 81 76
Coste: 21677845

GENERACION: 945
Mejor Solucion:  39 64 41 71 82 78 43 37 42 56 23 0 74 14 68 70 26 57 18 90 58 45 53 52 63 30 84 88 65 12 10 96 79 21 98 50 35 77 32 54 24 19 51 16 95 86 67 75 93 66 9 47 20 40 72 48 89 92 36 87 97 85 29 60 22 38 2 8 6 28 69 4 25 33 11 46 17 80 3 49 1 83 27 34 99 13 62 15 91 5 31 59 7 94 73 44 61 55 81 76
Coste: 21677845

GENERACION: 950
Mejor Solucion:  39 64 41 71 82 78 43 37 42 56 23 0 74 14 68 70 26 57 18 90 58 45 53 52 63 30 84 88 65 12 10 96 79 21 98 50 35 77 32 54 24 19 51 16 95 86 67 75 93 66 9 47 20 40 72 48 89 92 36 87 97 85 29 60 22 38 2 8 6 28 69 4 25 33 11 46 17 80 3 49 1 83 27 34 99 13 62 15 91 5 31 59 7 94 73 44 61 55 81 76
Coste: 21677845

GENERACION: 955
Mejor Solucion:  39 64 41 71 82 78 43 37 42 56 23 0 74 14 68 70 26 57 18 90 58 45 53 52 63 30 84 88 65 12 10 96 79 21 98 50 35 77 32 54 24 19 51 16 95 86 67 75 93 66 9 47 20 40 72 48 89 92 36 87 97 85 29 60 22 38 2 8 6 28 69 4 25 33 11 46 17 80 3 49 1 83 27 34 99 13 62 15 91 5 31 59 7 94 73 44 61 55 81 76
Coste: 21677845

GENERACION: 960
Mejor Solucion:  39 64 41 71 82 78 43 37 42 56 23 0 74 14 68 70 26 57 18 90 58 45 53 52 63 30 84 88 65 12 10 96 79 21 98 50 35 77 32 54 24 19 51 16 95 86 67 75 93 66 9 47 20 40 72 48 89 92 36 87 97 85 29 60 22 38 2 8 6 28 69 4 25 33 11 46 17 80 3 49 1 83 27 34 99 13 62 15 91 5 31 59 7 94 73 44 61 55 81 76
Coste: 21677845

GENERACION: 965
Mejor Solucion:  39 64 41 71 82 78 43 37 42 56 23 0 74 14 68 70 26 57 18 90 58 45 53 52 63 30 84 88 65 12 10 96 79 21 98 50 35 77 32 54 24 19 51 16 95 86 67 75 93 66 9 47 20 40 72 48 89 92 36 87 97 85 29 60 22 38 2 8 6 28 69 4 25 33 11 46 17 80 3 49 1 83 27 34 99 13 62 15 91 5 31 59 7 94 73 44 61 55 81 76
Coste: 21677845

GENERACION: 970
Mejor Solucion:  39 64 41 71 82 78 43 37 42 56 23 0 74 14 68 70 26 57 18 90 58 45 53 52 63 30 84 88 65 12 10 96 79 21 98 50 35 77 32 54 24 19 51 16 95 86 67 75 93 66 9 47 20 40 72 48 89 92 36 87 97 85 29 60 22 38 2 8 6 28 69 4 25 33 11 46 17 80 3 49 1 83 27 34 99 13 62 15 91 5 31 59 7 94 73 44 61 55 81 76
Coste: 21677845

GENERACION: 975
Mejor Solucion:  39 64 41 71 82 78 43 37 42 56 23 0 74 14 68 70 26 57 18 90 58 45 53 52 63 30 84 88 65 12 10 96 79 21 98 50 35 77 32 54 24 19 51 16 95 86 67 75 93 66 9 47 20 40 72 48 89 92 36 87 97 85 29 60 22 38 2 8 6 28 69 4 25 33 11 46 17 80 3 49 1 83 27 34 99 13 62 15 91 5 31 59 7 94 73 44 61 55 81 76
Coste: 21677845

GENERACION: 980
Mejor Solucion:  39 64 41 71 82 78 43 37 42 56 23 0 74 14 68 70 26 57 18 90 58 45 53 52 63 30 84 88 65 12 10 96 79 21 98 50 35 77 32 54 24 19 51 16 95 86 67 75 93 66 9 47 20 40 72 48 89 92 36 87 97 85 29 60 22 38 2 8 6 28 69 4 25 33 11 46 17 80 3 49 1 83 27 34 99 13 62 15 91 5 31 59 7 94 73 44 61 55 81 76
Coste: 21677845

GENERACION: 985
Mejor Solucion:  39 64 41 71 82 78 43 37 42 56 23 0 74 14 68 70 26 57 18 90 58 45 53 52 63 30 84 88 65 12 10 96 79 21 98 50 35 77 32 54 24 19 51 16 95 86 67 75 93 66 9 47 20 40 72 48 89 92 36 87 97 85 29 60 22 38 2 8 6 28 69 4 25 33 11 46 17 80 3 49 1 83 27 34 99 13 62 15 91 5 31 59 7 94 73 44 61 55 81 76
Coste: 21677845

GENERACION: 990
Mejor Solucion:  39 64 41 71 82 78 43 37 42 56 23 0 74 14 68 70 26 57 18 90 58 45 53 52 63 30 84 88 65 12 10 96 79 21 98 50 35 77 32 54 24 19 51 16 95 86 67 75 93 66 9 47 20 40 72 48 89 92 36 87 97 85 29 60 22 38 2 8 6 28 69 4 25 33 11 46 17 80 3 49 1 83 27 34 99 13 62 15 91 5 31 59 7 94 73 44 61 55 81 76
Coste: 21677845

GENERACION: 995
Mejor Solucion:  39 64 41 71 82 78 43 37 42 56 23 0 74 14 68 70 26 57 18 90 58 45 53 52 63 30 84 88 65 12 10 96 79 21 98 50 35 77 32 54 24 19 51 16 95 86 67 75 93 66 9 47 20 40 72 48 89 92 36 87 97 85 29 60 22 38 2 8 6 28 69 4 25 33 11 46 17 80 3 49 1 83 27 34 99 13 62 15 91 5 31 59 7 94 73 44 61 55 81 76
Coste: 21677845

GENERACION: 1000
Mejor Solucion:  39 64 41 71 82 78 43 37 42 56 23 0 74 14 68 70 26 57 18 90 58 45 53 52 63 30 84 88 65 12 10 96 79 21 98 50 35 77 32 54 24 19 51 16 95 86 67 75 93 66 9 47 20 40 72 48 89 92 36 87 97 85 29 60 22 38 2 8 6 28 69 4 25 33 11 46 17 80 3 49 1 83 27 34 99 13 62 15 91 5 31 59 7 94 73 44 61 55 81 76
Coste: 21677845

