GENERACION: 5
Mejor Solucion:  81 57 97 72 56 6 78 42 52 26 82 63 40 53 90 12 13 22 88 54 8 79 65 36 98 71 38 28 27 37 21 67 34 47 24 51 0 9 93 3 76 2 32 5 10 7 99 77 29 95 49 80 44 91 43 59 45 33 64 31 87 94 61 14 1 86 19 50 84 89 85 73 46 74 17 62 39 23 66 11 30 96 48 70 75 35 68 4 20 92 41 15 18 55 16 25 58 69 83 60
Coste: 23854250

GENERACION: 10
Mejor Solucion:  39 51 49 68 52 15 53 33 28 13 50 89 69 77 48 30 75 5 38 57 0 99 24 37 61 22 20 46 80 78 44 90 26 79 42 88 31 11 70 7 95 12 18 63 96 23 54 76 97 62 82 56 84 45 58 32 41 21 55 93 64 83 35 8 43 29 40 65 2 66 4 19 94 98 91 34 6 27 25 72 60 10 59 16 9 67 71 47 36 17 73 92 1 81 14 3 87 86 85 74
Coste: 22964085

GENERACION: 15
Mejor Solucion:  39 51 49 68 52 15 53 33 28 13 50 89 69 77 48 30 75 5 38 57 0 99 24 37 61 22 20 46 80 78 44 90 26 79 42 88 31 11 70 7 95 12 18 63 96 23 54 76 97 62 82 56 84 45 58 32 41 21 55 93 64 83 35 8 43 29 40 65 2 66 4 19 94 98 91 34 6 27 25 72 60 10 59 16 9 67 71 47 36 17 73 92 1 81 14 3 87 86 85 74
Coste: 22964085

GENERACION: 20
Mejor Solucion:  13 51 35 68 90 15 10 78 67 98 50 81 53 42 33 89 91 5 38 71 69 99 14 20 61 22 82 46 80 76 44 39 75 79 77 88 52 11 70 7 95 12 18 86 96 63 54 30 9 62 27 64 84 45 58 48 41 21 59 93 36 83 37 8 66 29 55 65 2 43 31 19 94 60 40 34 6 4 25 72 57 23 28 56 32 16 0 74 97 17 73 92 1 49 24 3 87 26 85 47
Coste: 21805575

GENERACION: 25
Mejor Solucion:  13 51 35 68 90 15 10 78 67 98 50 81 53 42 33 89 91 5 38 71 69 99 14 20 61 22 82 46 80 76 44 39 75 79 77 88 52 11 70 7 95 12 18 86 96 63 54 30 9 62 27 64 84 45 58 48 41 21 59 93 36 83 37 8 66 29 55 65 2 43 31 19 94 60 40 34 6 4 25 72 57 23 28 56 32 16 0 74 97 17 73 92 1 49 24 3 87 26 85 47
Coste: 21805575

GENERACION: 30
Mejor Solucion:  13 51 35 68 90 15 10 78 67 98 50 81 53 42 33 89 91 5 38 71 69 99 14 20 61 22 82 46 80 76 44 39 75 79 77 88 52 11 70 7 95 12 18 86 96 63 54 30 9 62 27 64 84 45 58 48 41 21 59 93 36 83 37 8 66 29 55 65 2 43 31 19 94 60 40 34 6 4 25 72 57 23 28 56 32 16 0 74 97 17 73 92 1 49 24 3 87 26 85 47
Coste: 21805575

GENERACION: 35
Mejor Solucion:  13 51 35 68 90 15 10 78 67 98 50 81 53 42 33 89 91 5 38 71 69 99 14 20 61 22 82 46 80 76 44 39 75 79 77 88 52 11 70 7 95 12 18 86 96 63 54 30 9 62 27 64 84 45 58 48 41 21 59 93 36 83 37 8 66 29 55 65 2 43 31 19 94 60 40 34 6 4 25 72 57 23 28 56 32 16 0 74 97 17 73 92 1 49 24 3 87 26 85 47
Coste: 21805575

GENERACION: 40
Mejor Solucion:  13 51 35 68 90 15 10 78 67 98 50 81 53 42 33 89 91 5 38 71 69 99 14 20 61 22 82 46 80 76 44 39 75 79 77 88 52 11 70 7 95 12 18 86 96 63 54 30 9 62 27 64 84 45 58 48 41 21 59 93 36 83 37 8 66 29 55 65 2 43 31 19 94 60 40 34 6 4 25 72 57 23 28 56 32 16 0 74 97 17 73 92 1 49 24 3 87 26 85 47
Coste: 21805575

GENERACION: 45
Mejor Solucion:  13 51 35 68 90 15 10 78 67 98 50 81 53 42 33 89 91 5 38 71 69 99 14 20 61 22 82 46 80 76 44 39 75 79 77 88 52 11 70 7 95 12 18 86 96 63 54 30 9 62 27 64 84 45 58 48 41 21 59 93 36 83 37 8 66 29 55 65 2 43 31 19 94 60 40 34 6 4 25 72 57 23 28 56 32 16 0 74 97 17 73 92 1 49 24 3 87 26 85 47
Coste: 21805575

GENERACION: 50
Mejor Solucion:  55 98 37 68 46 88 19 16 34 36 50 14 85 17 74 94 51 67 53 5 39 38 59 57 30 65 56 47 1 76 18 7 61 99 29 69 11 58 97 4 22 3 87 71 96 25 26 81 23 54 12 73 8 35 90 10 72 21 33 15 95 48 78 44 40 83 93 27 66 62 31 9 82 77 70 60 6 52 79 63 84 75 32 20 86 13 43 91 42 45 49 41 24 28 89 92 2 64 0 80
Coste: 21690485

GENERACION: 55
Mejor Solucion:  55 98 37 68 46 88 19 16 34 36 50 14 85 17 74 94 51 67 53 5 39 38 59 57 30 65 56 47 1 76 18 7 61 99 29 69 11 58 97 4 22 3 87 71 96 25 26 81 23 54 12 73 8 35 90 10 72 21 33 15 95 48 78 44 40 83 93 27 66 62 31 9 82 77 70 60 6 52 79 63 84 75 32 20 86 13 43 91 42 45 49 41 24 28 89 92 2 64 0 80
Coste: 21690485

GENERACION: 60
Mejor Solucion:  55 98 37 68 46 88 19 16 34 36 50 14 85 17 74 94 51 67 53 5 39 38 59 57 30 65 56 47 1 76 18 7 61 99 29 69 11 58 97 4 22 3 87 71 96 25 26 81 23 54 12 73 8 35 90 10 72 21 33 15 95 48 78 44 40 83 93 27 66 62 31 9 82 77 70 60 6 52 79 63 84 75 32 20 86 13 43 91 42 45 49 41 24 28 89 92 2 64 0 80
Coste: 21690485

GENERACION: 65
Mejor Solucion:  55 98 37 68 46 88 19 16 34 36 50 14 85 17 74 94 51 67 53 5 39 38 59 57 30 65 56 47 1 76 18 7 61 99 29 69 11 58 97 4 22 3 87 71 96 25 26 81 23 54 12 73 8 35 90 10 72 21 33 15 95 48 78 44 40 83 93 27 66 62 31 9 82 77 70 60 6 52 79 63 84 75 32 20 86 13 43 91 42 45 49 41 24 28 89 92 2 64 0 80
Coste: 21690485

GENERACION: 70
Mejor Solucion:  55 98 37 68 46 88 19 16 34 36 50 14 85 17 74 94 51 67 53 5 39 38 59 57 30 65 56 47 1 76 18 7 61 99 29 69 11 58 97 4 22 3 87 71 96 25 26 81 23 54 12 73 8 35 90 10 72 21 33 15 95 48 78 44 40 83 93 27 66 62 31 9 82 77 70 60 6 52 79 63 84 75 32 20 86 13 43 91 42 45 49 41 24 28 89 92 2 64 0 80
Coste: 21690485

GENERACION: 75
Mejor Solucion:  55 98 37 68 46 88 19 16 34 36 50 14 85 17 74 94 51 67 53 5 39 38 59 57 30 65 56 47 1 76 18 7 61 99 29 69 11 58 97 4 22 3 87 71 96 25 26 81 23 54 12 73 8 35 90 10 72 21 33 15 95 48 78 44 40 83 93 27 66 62 31 9 82 77 70 60 6 52 79 63 84 75 32 20 86 13 43 91 42 45 49 41 24 28 89 92 2 64 0 80
Coste: 21690485

GENERACION: 80
Mejor Solucion:  55 98 37 68 46 88 19 16 34 36 50 14 85 17 74 94 51 67 53 5 39 38 59 57 30 65 56 47 1 76 18 7 61 99 29 69 11 58 97 4 22 3 87 71 96 25 26 81 23 54 12 73 8 35 90 10 72 21 33 15 95 48 78 44 40 83 93 27 66 62 31 9 82 77 70 60 6 52 79 63 84 75 32 20 86 13 43 91 42 45 49 41 24 28 89 92 2 64 0 80
Coste: 21690485

GENERACION: 85
Mejor Solucion:  55 98 37 68 46 88 19 16 34 36 50 14 85 17 74 94 51 67 53 5 39 38 59 57 30 65 56 47 1 76 18 7 61 99 29 69 11 58 97 4 22 3 87 71 96 25 26 81 23 54 12 73 8 35 90 10 72 21 33 15 95 48 78 44 40 83 93 27 66 62 31 9 82 77 70 60 6 52 79 63 84 75 32 20 86 13 43 91 42 45 49 41 24 28 89 92 2 64 0 80
Coste: 21690485

GENERACION: 90
Mejor Solucion:  55 98 37 68 46 88 19 16 34 36 50 14 85 17 74 94 51 67 53 5 39 38 59 57 30 65 56 47 1 76 18 7 61 99 29 69 11 58 97 4 22 3 87 71 96 25 26 81 23 54 12 73 8 35 90 10 72 21 33 15 95 48 78 44 40 83 93 27 66 62 31 9 82 77 70 60 6 52 79 63 84 75 32 20 86 13 43 91 42 45 49 41 24 28 89 92 2 64 0 80
Coste: 21690485

GENERACION: 95
Mejor Solucion:  55 98 37 68 46 88 19 16 34 36 50 14 85 17 74 94 51 67 53 5 39 38 59 57 30 65 56 47 1 76 18 7 61 99 29 69 11 58 97 4 22 3 87 71 96 25 26 81 23 54 12 73 8 35 90 10 72 21 33 15 95 48 78 44 40 83 93 27 66 62 31 9 82 77 70 60 6 52 79 63 84 75 32 20 86 13 43 91 42 45 49 41 24 28 89 92 2 64 0 80
Coste: 21690485

GENERACION: 100
Mejor Solucion:  55 98 37 68 46 88 19 16 34 36 50 14 85 17 74 94 51 67 53 5 39 38 59 57 30 65 56 47 1 76 18 7 61 99 29 69 11 58 97 4 22 3 87 71 96 25 26 81 23 54 12 73 8 35 90 10 72 21 33 15 95 48 78 44 40 83 93 27 66 62 31 9 82 77 70 60 6 52 79 63 84 75 32 20 86 13 43 91 42 45 49 41 24 28 89 92 2 64 0 80
Coste: 21690485

GENERACION: 105
Mejor Solucion:  55 98 37 68 46 88 19 16 34 36 50 14 85 17 74 94 51 67 53 5 39 38 59 57 30 65 56 47 1 76 18 7 61 99 29 69 11 58 97 4 22 3 87 71 96 25 26 81 23 54 12 73 8 35 90 10 72 21 33 15 95 48 78 44 40 83 93 27 66 62 31 9 82 77 70 60 6 52 79 63 84 75 32 20 86 13 43 91 42 45 49 41 24 28 89 92 2 64 0 80
Coste: 21690485

GENERACION: 110
Mejor Solucion:  55 98 37 68 46 88 19 16 34 36 50 14 85 17 74 94 51 67 53 5 39 38 59 57 30 65 56 47 1 76 18 7 61 99 29 69 11 58 97 4 22 3 87 71 96 25 26 81 23 54 12 73 8 35 90 10 72 21 33 15 95 48 78 44 40 83 93 27 66 62 31 9 82 77 70 60 6 52 79 63 84 75 32 20 86 13 43 91 42 45 49 41 24 28 89 92 2 64 0 80
Coste: 21690485

GENERACION: 115
Mejor Solucion:  55 98 37 68 46 88 19 16 34 36 50 14 85 17 74 94 51 67 53 5 39 38 59 57 30 65 56 47 1 76 18 7 61 99 29 69 11 58 97 4 22 3 87 71 96 25 26 81 23 54 12 73 8 35 90 10 72 21 33 15 95 48 78 44 40 83 93 27 66 62 31 9 82 77 70 60 6 52 79 63 84 75 32 20 86 13 43 91 42 45 49 41 24 28 89 92 2 64 0 80
Coste: 21690485

GENERACION: 120
Mejor Solucion:  55 98 37 68 46 88 19 16 34 36 50 14 85 17 74 94 51 67 53 5 39 38 59 57 30 65 56 47 1 76 18 7 61 99 29 69 11 58 97 4 22 3 87 71 96 25 26 81 23 54 12 73 8 35 90 10 72 21 33 15 95 48 78 44 40 83 93 27 66 62 31 9 82 77 70 60 6 52 79 63 84 75 32 20 86 13 43 91 42 45 49 41 24 28 89 92 2 64 0 80
Coste: 21690485

GENERACION: 125
Mejor Solucion:  55 98 37 68 46 88 19 16 34 36 50 14 85 17 74 94 51 67 53 5 39 38 59 57 30 65 56 47 1 76 18 7 61 99 29 69 11 58 97 4 22 3 87 71 96 25 26 81 23 54 12 73 8 35 90 10 72 21 33 15 95 48 78 44 40 83 93 27 66 62 31 9 82 77 70 60 6 52 79 63 84 75 32 20 86 13 43 91 42 45 49 41 24 28 89 92 2 64 0 80
Coste: 21690485

GENERACION: 130
Mejor Solucion:  55 98 37 68 46 88 19 16 34 36 50 14 85 17 74 94 51 67 53 5 39 38 59 57 30 65 56 47 1 76 18 7 61 99 29 69 11 58 97 4 22 3 87 71 96 25 26 81 23 54 12 73 8 35 90 10 72 21 33 15 95 48 78 44 40 83 93 27 66 62 31 9 82 77 70 60 6 52 79 63 84 75 32 20 86 13 43 91 42 45 49 41 24 28 89 92 2 64 0 80
Coste: 21690485

GENERACION: 135
Mejor Solucion:  55 98 37 68 46 88 19 16 34 36 50 14 85 17 74 94 51 67 53 5 39 38 59 57 30 65 56 47 1 76 18 7 61 99 29 69 11 58 97 4 22 3 87 71 96 25 26 81 23 54 12 73 8 35 90 10 72 21 33 15 95 48 78 44 40 83 93 27 66 62 31 9 82 77 70 60 6 52 79 63 84 75 32 20 86 13 43 91 42 45 49 41 24 28 89 92 2 64 0 80
Coste: 21690485

GENERACION: 140
Mejor Solucion:  55 98 37 68 46 88 19 16 34 36 50 14 85 17 74 94 51 67 53 5 39 38 59 57 30 65 56 47 1 76 18 7 61 99 29 69 11 58 97 4 22 3 87 71 96 25 26 81 23 54 12 73 8 35 90 10 72 21 33 15 95 48 78 44 40 83 93 27 66 62 31 9 82 77 70 60 6 52 79 63 84 75 32 20 86 13 43 91 42 45 49 41 24 28 89 92 2 64 0 80
Coste: 21690485

GENERACION: 145
Mejor Solucion:  55 98 37 68 46 88 19 16 34 36 50 14 85 17 74 94 51 67 53 5 39 38 59 57 30 65 56 47 1 76 18 7 61 99 29 69 11 58 97 4 22 3 87 71 96 25 26 81 23 54 12 73 8 35 90 10 72 21 33 15 95 48 78 44 40 83 93 27 66 62 31 9 82 77 70 60 6 52 79 63 84 75 32 20 86 13 43 91 42 45 49 41 24 28 89 92 2 64 0 80
Coste: 21690485

GENERACION: 150
Mejor Solucion:  55 98 37 68 46 88 19 16 34 36 50 14 85 17 74 94 51 67 53 5 39 38 59 57 30 65 56 47 1 76 18 7 61 99 29 69 11 58 97 4 22 3 87 71 96 25 26 81 23 54 12 73 8 35 90 10 72 21 33 15 95 48 78 44 40 83 93 27 66 62 31 9 82 77 70 60 6 52 79 63 84 75 32 20 86 13 43 91 42 45 49 41 24 28 89 92 2 64 0 80
Coste: 21690485

GENERACION: 155
Mejor Solucion:  55 98 37 68 46 88 19 16 34 36 50 14 85 17 74 94 51 67 53 5 39 38 59 57 30 65 56 47 1 76 18 7 61 99 29 69 11 58 97 4 22 3 87 71 96 25 26 81 23 54 12 73 8 35 90 10 72 21 33 15 95 48 78 44 40 83 93 27 66 62 31 9 82 77 70 60 6 52 79 63 84 75 32 20 86 13 43 91 42 45 49 41 24 28 89 92 2 64 0 80
Coste: 21690485

GENERACION: 160
Mejor Solucion:  55 98 37 68 46 88 19 16 34 36 50 14 85 17 74 94 51 67 53 5 39 38 59 57 30 65 56 47 1 76 18 7 61 99 29 69 11 58 97 4 22 3 87 71 96 25 26 81 23 54 12 73 8 35 90 10 72 21 33 15 95 48 78 44 40 83 93 27 66 62 31 9 82 77 70 60 6 52 79 63 84 75 32 20 86 13 43 91 42 45 49 41 24 28 89 92 2 64 0 80
Coste: 21690485

GENERACION: 165
Mejor Solucion:  55 98 37 68 46 88 19 16 34 36 50 14 85 17 74 94 51 67 53 5 39 38 59 57 30 65 56 47 1 76 18 7 61 99 29 69 11 58 97 4 22 3 87 71 96 25 26 81 23 54 12 73 8 35 90 10 72 21 33 15 95 48 78 44 40 83 93 27 66 62 31 9 82 77 70 60 6 52 79 63 84 75 32 20 86 13 43 91 42 45 49 41 24 28 89 92 2 64 0 80
Coste: 21690485

GENERACION: 170
Mejor Solucion:  55 98 37 68 46 88 19 16 34 36 50 14 85 17 74 94 51 67 53 5 39 38 59 57 30 65 56 47 1 76 18 7 61 99 29 69 11 58 97 4 22 3 87 71 96 25 26 81 23 54 12 73 8 35 90 10 72 21 33 15 95 48 78 44 40 83 93 27 66 62 31 9 82 77 70 60 6 52 79 63 84 75 32 20 86 13 43 91 42 45 49 41 24 28 89 92 2 64 0 80
Coste: 21690485

GENERACION: 175
Mejor Solucion:  55 98 37 68 46 88 19 16 34 36 50 14 85 17 74 94 51 67 53 5 39 38 59 57 30 65 56 47 1 76 18 7 61 99 29 69 11 58 97 4 22 3 87 71 96 25 26 81 23 54 12 73 8 35 90 10 72 21 33 15 95 48 78 44 40 83 93 27 66 62 31 9 82 77 70 60 6 52 79 63 84 75 32 20 86 13 43 91 42 45 49 41 24 28 89 92 2 64 0 80
Coste: 21690485

GENERACION: 180
Mejor Solucion:  55 98 37 68 46 88 19 16 34 36 50 14 85 17 74 94 51 67 53 5 39 38 59 57 30 65 56 47 1 76 18 7 61 99 29 69 11 58 97 4 22 3 87 71 96 25 26 81 23 54 12 73 8 35 90 10 72 21 33 15 95 48 78 44 40 83 93 27 66 62 31 9 82 77 70 60 6 52 79 63 84 75 32 20 86 13 43 91 42 45 49 41 24 28 89 92 2 64 0 80
Coste: 21690485

GENERACION: 185
Mejor Solucion:  55 98 37 68 46 88 19 16 34 36 50 14 85 17 74 94 51 67 53 5 39 38 59 57 30 65 56 47 1 76 18 7 61 99 29 69 11 58 97 4 22 3 87 71 96 25 26 81 23 54 12 73 8 35 90 10 72 21 33 15 95 48 78 44 40 83 93 27 66 62 31 9 82 77 70 60 6 52 79 63 84 75 32 20 86 13 43 91 42 45 49 41 24 28 89 92 2 64 0 80
Coste: 21690485

GENERACION: 190
Mejor Solucion:  55 98 37 68 46 88 19 16 34 36 50 14 85 17 74 94 51 67 53 5 39 38 59 57 30 65 56 47 1 76 18 7 61 99 29 69 11 58 97 4 22 3 87 71 96 25 26 81 23 54 12 73 8 35 90 10 72 21 33 15 95 48 78 44 40 83 93 27 66 62 31 9 82 77 70 60 6 52 79 63 84 75 32 20 86 13 43 91 42 45 49 41 24 28 89 92 2 64 0 80
Coste: 21690485

GENERACION: 195
Mejor Solucion:  55 98 37 68 46 88 19 16 34 36 50 14 85 17 74 94 51 67 53 5 39 38 59 57 30 65 56 47 1 76 18 7 61 99 29 69 11 58 97 4 22 3 87 71 96 25 26 81 23 54 12 73 8 35 90 10 72 21 33 15 95 48 78 44 40 83 93 27 66 62 31 9 82 77 70 60 6 52 79 63 84 75 32 20 86 13 43 91 42 45 49 41 24 28 89 92 2 64 0 80
Coste: 21690485

GENERACION: 200
Mejor Solucion:  55 98 37 68 46 88 19 16 34 36 50 14 85 17 74 94 51 67 53 5 39 38 59 57 30 65 56 47 1 76 18 7 61 99 29 69 11 58 97 4 22 3 87 71 96 25 26 81 23 54 12 73 8 35 90 10 72 21 33 15 95 48 78 44 40 83 93 27 66 62 31 9 82 77 70 60 6 52 79 63 84 75 32 20 86 13 43 91 42 45 49 41 24 28 89 92 2 64 0 80
Coste: 21690485

GENERACION: 205
Mejor Solucion:  55 98 37 68 46 88 19 16 34 36 50 14 85 17 74 94 51 67 53 5 39 38 59 57 30 65 56 47 1 76 18 7 61 99 29 69 11 58 97 4 22 3 87 71 96 25 26 81 23 54 12 73 8 35 90 10 72 21 33 15 95 48 78 44 40 83 93 27 66 62 31 9 82 77 70 60 6 52 79 63 84 75 32 20 86 13 43 91 42 45 49 41 24 28 89 92 2 64 0 80
Coste: 21690485

GENERACION: 210
Mejor Solucion:  55 98 37 68 46 88 19 16 34 36 50 14 85 17 74 94 51 67 53 5 39 38 59 57 30 65 56 47 1 76 18 7 61 99 29 69 11 58 97 4 22 3 87 71 96 25 26 81 23 54 12 73 8 35 90 10 72 21 33 15 95 48 78 44 40 83 93 27 66 62 31 9 82 77 70 60 6 52 79 63 84 75 32 20 86 13 43 91 42 45 49 41 24 28 89 92 2 64 0 80
Coste: 21690485

GENERACION: 215
Mejor Solucion:  55 98 37 68 46 88 19 16 34 36 50 14 85 17 74 94 51 67 53 5 39 38 59 57 30 65 56 47 1 76 18 7 61 99 29 69 11 58 97 4 22 3 87 71 96 25 26 81 23 54 12 73 8 35 90 10 72 21 33 15 95 48 78 44 40 83 93 27 66 62 31 9 82 77 70 60 6 52 79 63 84 75 32 20 86 13 43 91 42 45 49 41 24 28 89 92 2 64 0 80
Coste: 21690485

GENERACION: 220
Mejor Solucion:  55 98 37 68 46 88 19 16 34 36 50 14 85 17 74 94 51 67 53 5 39 38 59 57 30 65 56 47 1 76 18 7 61 99 29 69 11 58 97 4 22 3 87 71 96 25 26 81 23 54 12 73 8 35 90 10 72 21 33 15 95 48 78 44 40 83 93 27 66 62 31 9 82 77 70 60 6 52 79 63 84 75 32 20 86 13 43 91 42 45 49 41 24 28 89 92 2 64 0 80
Coste: 21690485

GENERACION: 225
Mejor Solucion:  55 98 37 68 46 88 19 16 34 36 50 14 85 17 74 94 51 67 53 5 39 38 59 57 30 65 56 47 1 76 18 7 61 99 29 69 11 58 97 4 22 3 87 71 96 25 26 81 23 54 12 73 8 35 90 10 72 21 33 15 95 48 78 44 40 83 93 27 66 62 31 9 82 77 70 60 6 52 79 63 84 75 32 20 86 13 43 91 42 45 49 41 24 28 89 92 2 64 0 80
Coste: 21690485

GENERACION: 230
Mejor Solucion:  81 33 63 67 29 66 0 27 72 36 30 75 91 46 21 59 6 58 5 16 43 85 84 8 13 62 32 7 82 65 34 1 35 40 88 24 79 50 19 47 20 73 15 25 70 26 44 31 83 38 57 53 23 10 95 86 71 99 51 78 80 2 39 41 22 92 12 56 48 90 4 17 3 14 42 49 64 60 55 87 11 97 18 61 77 45 93 98 54 69 68 37 89 76 9 28 74 94 96 52
Coste: 21685820

GENERACION: 235
Mejor Solucion:  81 33 63 67 29 66 0 27 72 36 30 75 91 46 21 59 6 58 5 16 43 85 84 8 13 62 32 7 82 65 34 1 35 40 88 24 79 50 19 47 20 73 15 25 70 26 44 31 83 38 57 53 23 10 95 86 71 99 51 78 80 2 39 41 22 92 12 56 48 90 4 17 3 14 42 49 64 60 55 87 11 97 18 61 77 45 93 98 54 69 68 37 89 76 9 28 74 94 96 52
Coste: 21685820

GENERACION: 240
Mejor Solucion:  81 33 63 67 79 66 0 27 72 36 30 75 91 46 21 84 6 59 5 16 43 85 15 8 13 62 32 7 82 65 34 1 35 40 88 24 29 50 19 47 20 73 58 25 70 26 44 31 83 38 57 53 23 10 22 86 71 99 51 78 80 2 39 41 95 92 12 56 48 90 4 17 3 14 42 49 64 60 55 87 11 97 18 61 77 45 93 98 54 69 68 37 89 76 9 28 74 94 96 52
Coste: 21674062

GENERACION: 245
Mejor Solucion:  81 33 63 67 79 66 0 27 72 36 30 75 91 46 21 84 6 59 5 16 43 85 15 8 13 62 32 7 82 65 34 1 35 40 88 24 29 50 19 47 20 73 58 25 70 26 44 31 83 38 57 53 23 10 22 86 71 99 51 78 80 2 39 41 95 92 12 56 48 90 4 17 3 14 42 49 64 60 55 87 11 97 18 61 77 45 93 98 54 69 68 37 89 76 9 28 74 94 96 52
Coste: 21674062

GENERACION: 250
Mejor Solucion:  81 33 63 67 79 66 0 27 72 36 30 75 91 46 21 84 6 59 5 16 43 85 15 8 13 62 32 7 82 65 34 1 35 40 88 24 29 50 19 47 20 73 58 25 70 26 44 31 83 38 57 53 23 10 22 86 71 99 51 78 80 2 39 41 95 92 12 56 48 90 4 17 3 14 42 49 64 60 55 87 11 97 18 61 77 45 93 98 54 69 68 37 89 76 9 28 74 94 96 52
Coste: 21674062

GENERACION: 255
Mejor Solucion:  81 33 63 67 79 66 0 27 72 36 30 75 91 46 21 84 6 59 5 16 43 85 15 8 13 62 32 7 82 65 34 1 35 40 88 24 29 50 19 47 20 73 58 25 70 26 44 31 83 38 57 53 23 10 22 86 71 99 51 78 80 2 39 41 95 92 12 56 48 90 4 17 3 14 42 49 64 60 55 87 11 97 18 61 77 45 93 98 54 69 68 37 89 76 9 28 74 94 96 52
Coste: 21674062

GENERACION: 260
Mejor Solucion:  81 33 63 67 79 66 0 27 72 36 30 75 91 46 21 84 6 59 5 16 43 85 15 8 13 62 32 7 82 65 34 1 35 40 88 24 29 50 19 47 20 73 58 25 70 26 44 31 83 38 57 53 23 10 22 86 71 99 51 78 80 2 39 41 95 92 12 56 48 90 4 17 3 14 42 49 64 60 55 87 11 97 18 61 77 45 93 98 54 69 68 37 89 76 9 28 74 94 96 52
Coste: 21674062

GENERACION: 265
Mejor Solucion:  81 33 63 67 79 66 0 27 72 36 30 75 91 46 21 84 6 59 5 16 43 85 15 8 13 62 32 7 82 65 34 1 35 40 88 24 29 50 19 47 20 73 58 25 70 26 44 31 83 38 57 53 23 10 22 86 71 99 51 78 80 2 39 41 95 92 12 56 48 90 4 17 3 14 42 49 64 60 55 87 11 97 18 61 77 45 93 98 54 69 68 37 89 76 9 28 74 94 96 52
Coste: 21674062

GENERACION: 270
Mejor Solucion:  81 33 63 67 79 66 0 27 72 36 30 75 91 46 21 84 6 59 5 16 43 85 15 8 13 62 32 7 82 65 34 1 35 40 88 24 29 50 19 47 20 73 58 25 70 26 44 31 83 38 57 53 23 10 22 86 71 99 51 78 80 2 39 41 95 92 12 56 48 90 4 17 3 14 42 49 64 60 55 87 11 97 18 61 77 45 93 98 54 69 68 37 89 76 9 28 74 94 96 52
Coste: 21674062

GENERACION: 275
Mejor Solucion:  81 33 63 67 79 66 0 27 72 36 30 75 91 46 21 84 6 59 5 16 43 85 15 8 13 62 32 7 82 65 34 1 35 40 88 24 29 50 19 47 20 73 58 25 70 26 44 31 83 38 57 53 23 10 22 86 71 99 51 78 80 2 39 41 95 92 12 56 48 90 4 17 3 14 42 49 64 60 55 87 11 97 18 61 77 45 93 98 54 69 68 37 89 76 9 28 74 94 96 52
Coste: 21674062

GENERACION: 280
Mejor Solucion:  81 33 63 67 79 66 0 27 72 36 30 75 91 46 21 84 6 59 5 16 43 85 15 8 13 62 32 7 82 65 34 1 35 40 88 24 29 50 19 47 20 73 58 25 70 26 44 31 83 38 57 53 23 10 22 86 71 99 51 78 80 2 39 41 95 92 12 56 48 90 4 17 3 14 42 49 64 60 55 87 11 97 18 61 77 45 93 98 54 69 68 37 89 76 9 28 74 94 96 52
Coste: 21674062

GENERACION: 285
Mejor Solucion:  81 33 63 67 79 66 0 27 72 36 30 75 91 46 21 84 6 59 5 16 43 85 15 8 13 62 32 7 82 65 34 1 35 40 88 24 29 50 19 47 20 73 58 25 70 26 44 31 83 38 57 53 23 10 22 86 71 99 51 78 80 2 39 41 95 92 12 56 48 90 4 17 3 14 42 49 64 60 55 87 11 97 18 61 77 45 93 98 54 69 68 37 89 76 9 28 74 94 96 52
Coste: 21674062

GENERACION: 290
Mejor Solucion:  81 33 63 67 79 66 0 27 72 36 30 75 91 46 21 84 6 59 5 16 43 85 15 8 13 62 32 7 82 65 34 1 35 40 88 24 29 50 19 47 20 73 58 25 70 26 44 31 83 38 57 53 23 10 22 86 71 99 51 78 80 2 39 41 95 92 12 56 48 90 4 17 3 14 42 49 64 60 55 87 11 97 18 61 77 45 93 98 54 69 68 37 89 76 9 28 74 94 96 52
Coste: 21674062

GENERACION: 295
Mejor Solucion:  81 33 63 67 79 66 0 27 72 36 30 75 91 46 21 84 6 59 5 16 43 85 15 8 13 62 32 7 82 65 34 1 35 40 88 24 29 50 19 47 20 73 58 25 70 26 44 31 83 38 57 53 23 10 22 86 71 99 51 78 80 2 39 41 95 92 12 56 48 90 4 17 3 14 42 49 64 60 55 87 11 97 18 61 77 45 93 98 54 69 68 37 89 76 9 28 74 94 96 52
Coste: 21674062

GENERACION: 300
Mejor Solucion:  81 33 63 67 79 66 0 27 72 36 30 75 91 46 21 84 6 59 5 16 43 85 15 8 13 62 32 7 82 65 34 1 35 40 88 24 29 50 19 47 20 73 58 25 70 26 44 31 83 38 57 53 23 10 22 86 71 99 51 78 80 2 39 41 95 92 12 56 48 90 4 17 3 14 42 49 64 60 55 87 11 97 18 61 77 45 93 98 54 69 68 37 89 76 9 28 74 94 96 52
Coste: 21674062

GENERACION: 305
Mejor Solucion:  81 33 63 67 79 66 0 27 72 36 30 75 91 46 21 84 6 59 5 16 43 85 15 8 13 62 32 7 82 65 34 1 35 40 88 24 29 50 19 47 20 73 58 25 70 26 44 31 83 38 57 53 23 10 22 86 71 99 51 78 80 2 39 41 95 92 12 56 48 90 4 17 3 14 42 49 64 60 55 87 11 97 18 61 77 45 93 98 54 69 68 37 89 76 9 28 74 94 96 52
Coste: 21674062

GENERACION: 310
Mejor Solucion:  81 33 63 67 79 66 0 27 72 36 30 75 91 46 21 84 6 59 5 16 43 85 15 8 13 62 32 7 82 65 34 1 35 40 88 24 29 50 19 47 20 73 58 25 70 26 44 31 83 38 57 53 23 10 22 86 71 99 51 78 80 2 39 41 95 92 12 56 48 90 4 17 3 14 42 49 64 60 55 87 11 97 18 61 77 45 93 98 54 69 68 37 89 76 9 28 74 94 96 52
Coste: 21674062

GENERACION: 315
Mejor Solucion:  81 33 63 67 79 66 0 27 72 36 30 75 91 46 21 84 6 59 5 16 43 85 15 8 13 62 32 7 82 65 34 1 35 40 88 24 29 50 19 47 20 73 58 25 70 26 44 31 83 38 57 53 23 10 22 86 71 99 51 78 80 2 39 41 95 92 12 56 48 90 4 17 3 14 42 49 64 60 55 87 11 97 18 61 77 45 93 98 54 69 68 37 89 76 9 28 74 94 96 52
Coste: 21674062

GENERACION: 320
Mejor Solucion:  81 33 63 67 79 66 0 27 72 36 30 75 91 46 21 84 6 59 5 16 43 85 15 8 13 62 32 7 82 65 34 1 35 40 88 24 29 50 19 47 20 73 58 25 70 26 44 31 83 38 57 53 23 10 22 86 71 99 51 78 80 2 39 41 95 92 12 56 48 90 4 17 3 14 42 49 64 60 55 87 11 97 18 61 77 45 93 98 54 69 68 37 89 76 9 28 74 94 96 52
Coste: 21674062

GENERACION: 325
Mejor Solucion:  81 33 63 67 79 66 0 27 72 36 30 75 91 46 21 84 6 59 5 16 43 85 15 8 13 62 32 7 82 65 34 1 35 40 88 24 29 50 19 47 20 73 58 25 70 26 44 31 83 38 57 53 23 10 22 86 71 99 51 78 80 2 39 41 95 92 12 56 48 90 4 17 3 14 42 49 64 60 55 87 11 97 18 61 77 45 93 98 54 69 68 37 89 76 9 28 74 94 96 52
Coste: 21674062

GENERACION: 330
Mejor Solucion:  81 33 63 67 79 66 0 27 72 36 30 75 91 46 21 84 6 59 5 16 43 85 15 8 13 62 32 7 82 65 34 1 35 40 88 24 29 50 19 47 20 73 58 25 70 26 44 31 83 38 57 53 23 10 22 86 71 99 51 78 80 2 39 41 95 92 12 56 48 90 4 17 3 14 42 49 64 60 55 87 11 97 18 61 77 45 93 98 54 69 68 37 89 76 9 28 74 94 96 52
Coste: 21674062

GENERACION: 335
Mejor Solucion:  81 33 63 67 79 66 0 27 72 36 30 75 91 46 21 84 6 59 5 16 43 85 15 8 13 62 32 7 82 65 34 1 35 40 88 24 29 50 19 47 20 73 58 25 70 26 44 31 83 38 57 53 23 10 22 86 71 99 51 78 80 2 39 41 95 92 12 56 48 90 4 17 3 14 42 49 64 60 55 87 11 97 18 61 77 45 93 98 54 69 68 37 89 76 9 28 74 94 96 52
Coste: 21674062

GENERACION: 340
Mejor Solucion:  81 33 63 67 79 66 0 27 72 36 30 75 91 46 21 84 6 59 5 16 43 85 15 8 13 62 32 7 82 65 34 1 35 40 88 24 29 50 19 47 20 73 58 25 70 26 44 31 83 38 57 53 23 10 22 86 71 99 51 78 80 2 39 41 95 92 12 56 48 90 4 17 3 14 42 49 64 60 55 87 11 97 18 61 77 45 93 98 54 69 68 37 89 76 9 28 74 94 96 52
Coste: 21674062

GENERACION: 345
Mejor Solucion:  81 33 63 67 79 66 0 27 72 36 30 75 91 46 21 84 6 59 5 16 43 85 15 8 13 62 32 7 82 65 34 1 35 40 88 24 29 50 19 47 20 73 58 25 70 26 44 31 83 38 57 53 23 10 22 86 71 99 51 78 80 2 39 41 95 92 12 56 48 90 4 17 3 14 42 49 64 60 55 87 11 97 18 61 77 45 93 98 54 69 68 37 89 76 9 28 74 94 96 52
Coste: 21674062

GENERACION: 350
Mejor Solucion:  81 33 63 67 79 66 0 27 72 36 30 75 91 46 21 84 6 59 5 16 43 85 15 8 13 62 32 7 82 65 34 1 35 40 88 24 29 50 19 47 20 73 58 25 70 26 44 31 83 38 57 53 23 10 22 86 71 99 51 78 80 2 39 41 95 92 12 56 48 90 4 17 3 14 42 49 64 60 55 87 11 97 18 61 77 45 93 98 54 69 68 37 89 76 9 28 74 94 96 52
Coste: 21674062

GENERACION: 355
Mejor Solucion:  81 33 63 67 79 66 0 27 72 36 30 75 91 46 21 84 6 59 5 16 43 85 15 8 13 62 32 7 82 65 34 1 35 40 88 24 29 50 19 47 20 73 58 25 70 26 44 31 83 38 57 53 23 10 22 86 71 99 51 78 80 2 39 41 95 92 12 56 48 90 4 17 3 14 42 49 64 60 55 87 11 97 18 61 77 45 93 98 54 69 68 37 89 76 9 28 74 94 96 52
Coste: 21674062

GENERACION: 360
Mejor Solucion:  81 33 63 67 79 66 0 27 72 36 30 75 91 46 21 84 6 59 5 16 43 85 15 8 13 62 32 7 82 65 34 1 35 40 88 24 29 50 19 47 20 73 58 25 70 26 44 31 83 38 57 53 23 10 22 86 71 99 51 78 80 2 39 41 95 92 12 56 48 90 4 17 3 14 42 49 64 60 55 87 11 97 18 61 77 45 93 98 54 69 68 37 89 76 9 28 74 94 96 52
Coste: 21674062

GENERACION: 365
Mejor Solucion:  81 33 63 67 79 66 0 27 72 36 30 75 91 46 21 84 6 59 5 16 43 85 15 8 13 62 32 7 82 65 34 1 35 40 88 24 29 50 19 47 20 73 58 25 70 26 44 31 83 38 57 53 23 10 22 86 71 99 51 78 80 2 39 41 95 92 12 56 48 90 4 17 3 14 42 49 64 60 55 87 11 97 18 61 77 45 93 98 54 69 68 37 89 76 9 28 74 94 96 52
Coste: 21674062

GENERACION: 370
Mejor Solucion:  81 33 63 67 79 66 0 27 72 36 30 75 91 46 21 84 6 59 5 16 43 85 15 8 13 62 32 7 82 65 34 1 35 40 88 24 29 50 19 47 20 73 58 25 70 26 44 31 83 38 57 53 23 10 22 86 71 99 51 78 80 2 39 41 95 92 12 56 48 90 4 17 3 14 42 49 64 60 55 87 11 97 18 61 77 45 93 98 54 69 68 37 89 76 9 28 74 94 96 52
Coste: 21674062

GENERACION: 375
Mejor Solucion:  81 33 63 67 79 66 0 27 72 36 30 75 91 46 21 84 6 59 5 16 43 85 15 8 13 62 32 7 82 65 34 1 35 40 88 24 29 50 19 47 20 73 58 25 70 26 44 31 83 38 57 53 23 10 22 86 71 99 51 78 80 2 39 41 95 92 12 56 48 90 4 17 3 14 42 49 64 60 55 87 11 97 18 61 77 45 93 98 54 69 68 37 89 76 9 28 74 94 96 52
Coste: 21674062

GENERACION: 380
Mejor Solucion:  81 33 63 67 79 66 0 27 72 36 30 75 91 46 21 84 6 59 5 16 43 85 15 8 13 62 32 7 82 65 34 1 35 40 88 24 29 50 19 47 20 73 58 25 70 26 44 31 83 38 57 53 23 10 22 86 71 99 51 78 80 2 39 41 95 92 12 56 48 90 4 17 3 14 42 49 64 60 55 87 11 97 18 61 77 45 93 98 54 69 68 37 89 76 9 28 74 94 96 52
Coste: 21674062

GENERACION: 385
Mejor Solucion:  81 33 63 67 79 66 0 27 72 36 30 75 91 46 21 84 6 59 5 16 43 85 15 8 13 62 32 7 82 65 34 1 35 40 88 24 29 50 19 47 20 73 58 25 70 26 44 31 83 38 57 53 23 10 22 86 71 99 51 78 80 2 39 41 95 92 12 56 48 90 4 17 3 14 42 49 64 60 55 87 11 97 18 61 77 45 93 98 54 69 68 37 89 76 9 28 74 94 96 52
Coste: 21674062

GENERACION: 390
Mejor Solucion:  81 33 63 67 79 66 0 27 72 36 30 75 91 46 21 84 6 59 5 16 43 85 15 8 13 62 32 7 82 65 34 1 35 40 88 24 29 50 19 47 20 73 58 25 70 26 44 31 83 38 57 53 23 10 22 86 71 99 51 78 80 2 39 41 95 92 12 56 48 90 4 17 3 14 42 49 64 60 55 87 11 97 18 61 77 45 93 98 54 69 68 37 89 76 9 28 74 94 96 52
Coste: 21674062

GENERACION: 395
Mejor Solucion:  81 33 63 67 79 66 0 27 72 36 30 75 91 46 21 84 6 59 5 16 43 85 15 8 13 62 32 7 82 65 34 1 35 40 88 24 29 50 19 47 20 73 58 25 70 26 44 31 83 38 57 53 23 10 22 86 71 99 51 78 80 2 39 41 95 92 12 56 48 90 4 17 3 14 42 49 64 60 55 87 11 97 18 61 77 45 93 98 54 69 68 37 89 76 9 28 74 94 96 52
Coste: 21674062

GENERACION: 400
Mejor Solucion:  81 33 63 67 79 66 0 27 72 36 30 75 91 46 21 84 6 59 5 16 43 85 15 8 13 62 32 7 82 65 34 1 35 40 88 24 29 50 19 47 20 73 58 25 70 26 44 31 83 38 57 53 23 10 22 86 71 99 51 78 80 2 39 41 95 92 12 56 48 90 4 17 3 14 42 49 64 60 55 87 11 97 18 61 77 45 93 98 54 69 68 37 89 76 9 28 74 94 96 52
Coste: 21674062

GENERACION: 405
Mejor Solucion:  81 33 63 67 79 66 0 27 72 36 30 75 91 46 21 84 6 59 5 16 43 85 15 8 13 62 32 7 82 65 34 1 35 40 88 24 29 50 19 47 20 73 58 25 70 26 44 31 83 38 57 53 23 10 22 86 71 99 51 78 80 2 39 41 95 92 12 56 48 90 4 17 3 14 42 49 64 60 55 87 11 97 18 61 77 45 93 98 54 69 68 37 89 76 9 28 74 94 96 52
Coste: 21674062

GENERACION: 410
Mejor Solucion:  81 33 63 67 79 66 0 27 72 36 30 75 91 46 21 84 6 59 5 16 43 85 15 8 13 62 32 7 82 65 34 1 35 40 88 24 29 50 19 47 20 73 58 25 70 26 44 31 83 38 57 53 23 10 22 86 71 99 51 78 80 2 39 41 95 92 12 56 48 90 4 17 3 14 42 49 64 60 55 87 11 97 18 61 77 45 93 98 54 69 68 37 89 76 9 28 74 94 96 52
Coste: 21674062

GENERACION: 415
Mejor Solucion:  81 33 63 67 79 66 0 27 72 36 30 75 91 46 21 84 6 59 5 16 43 85 15 8 13 62 32 7 82 65 34 1 35 40 88 24 29 50 19 47 20 73 58 25 70 26 44 31 83 38 57 53 23 10 22 86 71 99 51 78 80 2 39 41 95 92 12 56 48 90 4 17 3 14 42 49 64 60 55 87 11 97 18 61 77 45 93 98 54 69 68 37 89 76 9 28 74 94 96 52
Coste: 21674062

GENERACION: 420
Mejor Solucion:  81 33 63 67 79 66 0 27 72 36 30 75 91 46 21 84 6 59 5 16 43 85 15 8 13 62 32 7 82 65 34 1 35 40 88 24 29 50 19 47 20 73 58 25 70 26 44 31 83 38 57 53 23 10 22 86 71 99 51 78 80 2 39 41 95 92 12 56 48 90 4 17 3 14 42 49 64 60 55 87 11 97 18 61 77 45 93 98 54 69 68 37 89 76 9 28 74 94 96 52
Coste: 21674062

GENERACION: 425
Mejor Solucion:  81 33 63 67 79 66 0 27 72 36 30 75 91 46 21 84 6 59 5 16 43 85 15 8 13 62 32 7 82 65 34 1 35 40 88 24 29 50 19 47 20 73 58 25 70 26 44 31 83 38 57 53 23 10 22 86 71 99 51 78 80 2 39 41 95 92 12 56 48 90 4 17 3 14 42 49 64 60 55 87 11 97 18 61 77 45 93 98 54 69 68 37 89 76 9 28 74 94 96 52
Coste: 21674062

GENERACION: 430
Mejor Solucion:  81 33 63 67 79 66 0 27 72 36 30 75 91 46 21 84 6 59 5 16 43 85 15 8 13 62 32 7 82 65 34 1 35 40 88 24 29 50 19 47 20 73 58 25 70 26 44 31 83 38 57 53 23 10 22 86 71 99 51 78 80 2 39 41 95 92 12 56 48 90 4 17 3 14 42 49 64 60 55 87 11 97 18 61 77 45 93 98 54 69 68 37 89 76 9 28 74 94 96 52
Coste: 21674062

GENERACION: 435
Mejor Solucion:  81 33 63 67 79 66 0 27 72 36 30 75 91 46 21 84 6 59 5 16 43 85 15 8 13 62 32 7 82 65 34 1 35 40 88 24 29 50 19 47 20 73 58 25 70 26 44 31 83 38 57 53 23 10 22 86 71 99 51 78 80 2 39 41 95 92 12 56 48 90 4 17 3 14 42 49 64 60 55 87 11 97 18 61 77 45 93 98 54 69 68 37 89 76 9 28 74 94 96 52
Coste: 21674062

GENERACION: 440
Mejor Solucion:  81 33 63 67 79 66 0 27 72 36 30 75 91 46 21 84 6 59 5 16 43 85 15 8 13 62 32 7 82 65 34 1 35 40 88 24 29 50 19 47 20 73 58 25 70 26 44 31 83 38 57 53 23 10 22 86 71 99 51 78 80 2 39 41 95 92 12 56 48 90 4 17 3 14 42 49 64 60 55 87 11 97 18 61 77 45 93 98 54 69 68 37 89 76 9 28 74 94 96 52
Coste: 21674062

GENERACION: 445
Mejor Solucion:  81 33 63 67 79 66 0 27 72 36 30 75 91 46 21 84 6 59 5 16 43 85 15 8 13 62 32 7 82 65 34 1 35 40 88 24 29 50 19 47 20 73 58 25 70 26 44 31 83 38 57 53 23 10 22 86 71 99 51 78 80 2 39 41 95 92 12 56 48 90 4 17 3 14 42 49 64 60 55 87 11 97 18 61 77 45 93 98 54 69 68 37 89 76 9 28 74 94 96 52
Coste: 21674062

GENERACION: 450
Mejor Solucion:  81 33 63 67 79 66 0 27 72 36 30 75 91 46 21 84 6 59 5 16 43 85 15 8 13 62 32 7 82 65 34 1 35 40 88 24 29 50 19 47 20 73 58 25 70 26 44 31 83 38 57 53 23 10 22 86 71 99 51 78 80 2 39 41 95 92 12 56 48 90 4 17 3 14 42 49 64 60 55 87 11 97 18 61 77 45 93 98 54 69 68 37 89 76 9 28 74 94 96 52
Coste: 21674062

GENERACION: 455
Mejor Solucion:  81 33 63 67 79 66 0 27 72 36 30 75 91 46 21 84 6 59 5 16 43 85 15 8 13 62 32 7 82 65 34 1 35 40 88 24 29 50 19 47 20 73 58 25 70 26 44 31 83 38 57 53 23 10 22 86 71 99 51 78 80 2 39 41 95 92 12 56 48 90 4 17 3 14 42 49 64 60 55 87 11 97 18 61 77 45 93 98 54 69 68 37 89 76 9 28 74 94 96 52
Coste: 21674062

GENERACION: 460
Mejor Solucion:  81 33 63 67 79 66 0 27 72 36 30 75 91 46 21 84 6 59 5 16 43 85 15 8 13 62 32 7 82 65 34 1 35 40 88 24 29 50 19 47 20 73 58 25 70 26 44 31 83 38 57 53 23 10 22 86 71 99 51 78 80 2 39 41 95 92 12 56 48 90 4 17 3 14 42 49 64 60 55 87 11 97 18 61 77 45 93 98 54 69 68 37 89 76 9 28 74 94 96 52
Coste: 21674062

GENERACION: 465
Mejor Solucion:  81 33 63 67 79 66 0 27 72 36 30 75 91 46 21 84 6 59 5 16 43 85 15 8 13 62 32 7 82 65 34 1 35 40 88 24 29 50 19 47 20 73 58 25 70 26 44 31 83 38 57 53 23 10 22 86 71 99 51 78 80 2 39 41 95 92 12 56 48 90 4 17 3 14 42 49 64 60 55 87 11 97 18 61 77 45 93 98 54 69 68 37 89 76 9 28 74 94 96 52
Coste: 21674062

GENERACION: 470
Mejor Solucion:  81 33 63 67 79 66 0 27 72 36 30 75 91 46 21 84 6 59 5 16 43 85 15 8 13 62 32 7 82 65 34 1 35 40 88 24 29 50 19 47 20 73 58 25 70 26 44 31 83 38 57 53 23 10 22 86 71 99 51 78 80 2 39 41 95 92 12 56 48 90 4 17 3 14 42 49 64 60 55 87 11 97 18 61 77 45 93 98 54 69 68 37 89 76 9 28 74 94 96 52
Coste: 21674062

GENERACION: 475
Mejor Solucion:  81 33 63 67 79 66 0 27 72 36 30 75 91 46 21 84 6 59 5 16 43 85 15 8 13 62 32 7 82 65 34 1 35 40 88 24 29 50 19 47 20 73 58 25 70 26 44 31 83 38 57 53 23 10 22 86 71 99 51 78 80 2 39 41 95 92 12 56 48 90 4 17 3 14 42 49 64 60 55 87 11 97 18 61 77 45 93 98 54 69 68 37 89 76 9 28 74 94 96 52
Coste: 21674062

GENERACION: 480
Mejor Solucion:  81 33 63 67 79 66 0 27 72 36 30 75 91 46 21 84 6 59 5 16 43 85 15 8 13 62 32 7 82 65 34 1 35 40 88 24 29 50 19 47 20 73 58 25 70 26 44 31 83 38 57 53 23 10 22 86 71 99 51 78 80 2 39 41 95 92 12 56 48 90 4 17 3 14 42 49 64 60 55 87 11 97 18 61 77 45 93 98 54 69 68 37 89 76 9 28 74 94 96 52
Coste: 21674062

GENERACION: 485
Mejor Solucion:  81 33 63 67 79 66 0 27 72 36 30 75 91 46 21 84 6 59 5 16 43 85 15 8 13 62 32 7 82 65 34 1 35 40 88 24 29 50 19 47 20 73 58 25 70 26 44 31 83 38 57 53 23 10 22 86 71 99 51 78 80 2 39 41 95 92 12 56 48 90 4 17 3 14 42 49 64 60 55 87 11 97 18 61 77 45 93 98 54 69 68 37 89 76 9 28 74 94 96 52
Coste: 21674062

GENERACION: 490
Mejor Solucion:  25 88 29 39 31 24 41 51 26 5 93 56 8 92 65 72 77 37 67 21 79 54 14 98 94 49 64 89 50 70 73 2 34 52 75 11 57 19 35 27 58 18 6 43 95 90 87 76 3 0 86 12 4 61 10 53 96 97 17 9 22 45 91 85 55 48 44 78 16 38 13 59 82 84 28 20 63 80 74 69 68 7 32 62 66 46 81 99 83 47 71 33 60 23 36 42 30 15 40 1
Coste: 21635631

GENERACION: 495
Mejor Solucion:  25 88 29 39 31 24 41 51 26 5 93 56 8 92 65 72 77 37 67 21 79 54 14 98 94 49 64 89 50 70 73 2 34 52 75 11 57 19 35 27 58 18 6 43 95 90 87 76 3 0 86 12 4 61 10 53 96 97 17 9 22 45 91 85 55 48 44 78 16 38 13 59 82 84 28 20 63 80 74 69 68 7 32 62 66 46 81 99 83 47 71 33 60 23 36 42 30 15 40 1
Coste: 21635631

GENERACION: 500
Mejor Solucion:  25 88 29 39 31 24 41 51 26 5 93 56 8 92 65 72 77 37 67 21 79 54 14 98 94 49 64 89 50 70 73 2 34 52 75 11 57 19 35 27 58 18 6 43 95 90 87 76 3 0 86 12 4 61 10 53 96 97 17 9 22 45 91 85 55 48 44 78 16 38 13 59 82 84 28 20 63 80 74 69 68 7 32 62 66 46 81 99 83 47 71 33 60 23 36 42 30 15 40 1
Coste: 21635631

GENERACION: 505
Mejor Solucion:  25 88 29 39 31 24 41 51 26 5 93 56 8 92 65 72 77 37 67 21 79 54 14 98 94 49 64 89 50 70 73 2 34 52 75 11 57 19 35 27 58 18 6 43 95 90 87 76 3 0 86 12 4 61 10 53 96 97 17 9 22 45 91 85 55 48 44 78 16 38 13 59 82 84 28 20 63 80 74 69 68 7 32 62 66 46 81 99 83 47 71 33 60 23 36 42 30 15 40 1
Coste: 21635631

GENERACION: 510
Mejor Solucion:  25 88 29 39 31 24 41 51 26 5 93 56 8 92 65 72 77 37 67 21 79 54 14 98 94 49 64 89 50 70 73 2 34 52 75 11 57 19 35 27 58 18 6 43 95 90 87 76 3 0 86 12 4 61 10 53 96 97 17 9 22 45 91 85 55 48 44 78 16 38 13 59 82 84 28 20 63 80 74 69 68 7 32 62 66 46 81 99 83 47 71 33 60 23 36 42 30 15 40 1
Coste: 21635631

GENERACION: 515
Mejor Solucion:  25 88 29 39 31 24 41 51 26 5 93 56 8 92 65 72 77 37 67 21 79 54 14 98 94 49 64 89 50 70 73 2 34 52 75 11 57 19 35 27 58 18 6 43 95 90 87 76 3 0 86 12 4 61 10 53 96 97 17 9 22 45 91 85 55 48 44 78 16 38 13 59 82 84 28 20 63 80 74 69 68 7 32 62 66 46 81 99 83 47 71 33 60 23 36 42 30 15 40 1
Coste: 21635631

GENERACION: 520
Mejor Solucion:  25 88 29 39 31 24 41 51 26 5 93 56 8 92 65 72 77 37 67 21 79 54 14 98 94 49 64 89 50 70 73 2 34 52 75 11 57 19 35 27 58 18 6 43 95 90 87 76 3 0 86 12 4 61 10 53 96 97 17 9 22 45 91 85 55 48 44 78 16 38 13 59 82 84 28 20 63 80 74 69 68 7 32 62 66 46 81 99 83 47 71 33 60 23 36 42 30 15 40 1
Coste: 21635631

GENERACION: 525
Mejor Solucion:  25 88 29 39 31 24 41 51 26 5 93 56 8 92 65 72 77 37 67 21 79 54 14 98 94 49 64 89 50 70 73 2 34 52 75 11 57 19 35 27 58 18 6 43 95 90 87 76 3 0 86 12 4 61 10 53 96 97 17 9 22 45 91 85 55 48 44 78 16 38 13 59 82 84 28 20 63 80 74 69 68 7 32 62 66 46 81 99 83 47 71 33 60 23 36 42 30 15 40 1
Coste: 21635631

GENERACION: 530
Mejor Solucion:  25 88 29 39 31 24 41 51 26 5 93 56 8 92 65 72 77 37 67 21 79 54 14 98 94 49 64 89 50 70 73 2 34 52 75 11 57 19 35 27 58 18 6 43 95 90 87 76 3 0 86 12 4 61 10 53 96 97 17 9 22 45 91 85 55 48 44 78 16 38 13 59 82 84 28 20 63 80 74 69 68 7 32 62 66 46 81 99 83 47 71 33 60 23 36 42 30 15 40 1
Coste: 21635631

GENERACION: 535
Mejor Solucion:  25 88 29 39 31 24 41 51 26 5 93 56 8 92 65 72 77 37 67 21 79 54 14 98 94 49 64 89 50 70 73 2 34 52 75 11 57 19 35 27 58 18 6 43 95 90 87 76 3 0 86 12 4 61 10 53 96 97 17 9 22 45 91 85 55 48 44 78 16 38 13 59 82 84 28 20 63 80 74 69 68 7 32 62 66 46 81 99 83 47 71 33 60 23 36 42 30 15 40 1
Coste: 21635631

GENERACION: 540
Mejor Solucion:  25 88 29 39 31 24 41 51 26 5 93 56 8 92 65 72 77 37 67 21 79 54 14 98 94 49 64 89 50 70 73 2 34 52 75 11 57 19 35 27 58 18 6 43 95 90 87 76 3 0 86 12 4 61 10 53 96 97 17 9 22 45 91 85 55 48 44 78 16 38 13 59 82 84 28 20 63 80 74 69 68 7 32 62 66 46 81 99 83 47 71 33 60 23 36 42 30 15 40 1
Coste: 21635631

GENERACION: 545
Mejor Solucion:  25 88 29 39 31 24 41 51 26 5 93 56 8 92 65 72 77 37 67 21 79 54 14 98 94 49 64 89 50 70 73 2 34 52 75 11 57 19 35 27 58 18 6 43 95 90 87 76 3 0 86 12 4 61 10 53 96 97 17 9 22 45 91 85 55 48 44 78 16 38 13 59 82 84 28 20 63 80 74 69 68 7 32 62 66 46 81 99 83 47 71 33 60 23 36 42 30 15 40 1
Coste: 21635631

GENERACION: 550
Mejor Solucion:  25 88 29 39 31 24 41 51 26 5 93 56 8 92 65 72 77 37 67 21 79 54 14 98 94 49 64 89 50 70 73 2 34 52 75 11 57 19 35 27 58 18 6 43 95 90 87 76 3 0 86 12 4 61 10 53 96 97 17 9 22 45 91 85 55 48 44 78 16 38 13 59 82 84 28 20 63 80 74 69 68 7 32 62 66 46 81 99 83 47 71 33 60 23 36 42 30 15 40 1
Coste: 21635631

GENERACION: 555
Mejor Solucion:  25 88 29 39 31 24 41 51 26 5 93 56 8 92 65 72 77 37 67 21 79 54 14 98 94 49 64 89 50 70 73 2 34 52 75 11 57 19 35 27 58 18 6 43 95 90 87 76 3 0 86 12 4 61 10 53 96 97 17 9 22 45 91 85 55 48 44 78 16 38 13 59 82 84 28 20 63 80 74 69 68 7 32 62 66 46 81 99 83 47 71 33 60 23 36 42 30 15 40 1
Coste: 21635631

GENERACION: 560
Mejor Solucion:  25 88 29 39 31 24 41 51 26 5 93 56 8 92 65 72 77 37 67 21 79 54 14 98 94 49 64 89 50 70 73 2 34 52 75 11 57 19 35 27 58 18 6 43 95 90 87 76 3 0 86 12 4 61 10 53 96 97 17 9 22 45 91 85 55 48 44 78 16 38 13 59 82 84 28 20 63 80 74 69 68 7 32 62 66 46 81 99 83 47 71 33 60 23 36 42 30 15 40 1
Coste: 21635631

GENERACION: 565
Mejor Solucion:  25 88 29 39 31 24 41 51 26 5 93 56 8 92 65 72 77 37 67 21 79 54 14 98 94 49 64 89 50 70 73 2 34 52 75 11 57 19 35 27 58 18 6 43 95 90 87 76 3 0 86 12 4 61 10 53 96 97 17 9 22 45 91 85 55 48 44 78 16 38 13 59 82 84 28 20 63 80 74 69 68 7 32 62 66 46 81 99 83 47 71 33 60 23 36 42 30 15 40 1
Coste: 21635631

GENERACION: 570
Mejor Solucion:  25 88 29 39 31 24 41 51 26 5 93 56 8 92 65 72 77 37 67 21 79 54 14 98 94 49 64 89 50 70 73 2 34 52 75 11 57 19 35 27 58 18 6 43 95 90 87 76 3 0 86 12 4 61 10 53 96 97 17 9 22 45 91 85 55 48 44 78 16 38 13 59 82 84 28 20 63 80 74 69 68 7 32 62 66 46 81 99 83 47 71 33 60 23 36 42 30 15 40 1
Coste: 21635631

GENERACION: 575
Mejor Solucion:  25 88 29 39 31 24 41 51 26 5 93 56 8 92 65 72 77 37 67 21 79 54 14 98 94 49 64 89 50 70 73 2 34 52 75 11 57 19 35 27 58 18 6 43 95 90 87 76 3 0 86 12 4 61 10 53 96 97 17 9 22 45 91 85 55 48 44 78 16 38 13 59 82 84 28 20 63 80 74 69 68 7 32 62 66 46 81 99 83 47 71 33 60 23 36 42 30 15 40 1
Coste: 21635631

GENERACION: 580
Mejor Solucion:  25 88 29 39 31 24 41 51 26 5 93 56 8 92 65 72 77 37 67 21 79 54 14 98 94 49 64 89 50 70 73 2 34 52 75 11 57 19 35 27 58 18 6 43 95 90 87 76 3 0 86 12 4 61 10 53 96 97 17 9 22 45 91 85 55 48 44 78 16 38 13 59 82 84 28 20 63 80 74 69 68 7 32 62 66 46 81 99 83 47 71 33 60 23 36 42 30 15 40 1
Coste: 21635631

GENERACION: 585
Mejor Solucion:  25 88 29 39 31 24 41 51 26 5 93 56 8 92 65 72 77 37 67 21 79 54 14 98 94 49 64 89 50 70 73 2 34 52 75 11 57 19 35 27 58 18 6 43 95 90 87 76 3 0 86 12 4 61 10 53 96 97 17 9 22 45 91 85 55 48 44 78 16 38 13 59 82 84 28 20 63 80 74 69 68 7 32 62 66 46 81 99 83 47 71 33 60 23 36 42 30 15 40 1
Coste: 21635631

GENERACION: 590
Mejor Solucion:  25 88 29 39 31 24 41 51 26 5 93 56 8 92 65 72 77 37 67 21 79 54 14 98 94 49 64 89 50 70 73 2 34 52 75 11 57 19 35 27 58 18 6 43 95 90 87 76 3 0 86 12 4 61 10 53 96 97 17 9 22 45 91 85 55 48 44 78 16 38 13 59 82 84 28 20 63 80 74 69 68 7 32 62 66 46 81 99 83 47 71 33 60 23 36 42 30 15 40 1
Coste: 21635631

GENERACION: 595
Mejor Solucion:  25 88 29 39 31 24 41 51 26 5 93 56 8 92 65 72 77 37 67 21 79 54 14 98 94 49 64 89 50 70 73 2 34 52 75 11 57 19 35 27 58 18 6 43 95 90 87 76 3 0 86 12 4 61 10 53 96 97 17 9 22 45 91 85 55 48 44 78 16 38 13 59 82 84 28 20 63 80 74 69 68 7 32 62 66 46 81 99 83 47 71 33 60 23 36 42 30 15 40 1
Coste: 21635631

GENERACION: 600
Mejor Solucion:  25 88 29 39 31 24 41 51 26 5 93 56 8 92 65 72 77 37 67 21 79 54 14 98 94 49 64 89 50 70 73 2 34 52 75 11 57 19 35 27 58 18 6 43 95 90 87 76 3 0 86 12 4 61 10 53 96 97 17 9 22 45 91 85 55 48 44 78 16 38 13 59 82 84 28 20 63 80 74 69 68 7 32 62 66 46 81 99 83 47 71 33 60 23 36 42 30 15 40 1
Coste: 21635631

GENERACION: 605
Mejor Solucion:  25 88 29 39 31 24 41 51 26 5 93 56 8 92 65 72 77 37 67 21 79 54 14 98 94 49 64 89 50 70 73 2 34 52 75 11 57 19 35 27 58 18 6 43 95 90 87 76 3 0 86 12 4 61 10 53 96 97 17 9 22 45 91 85 55 48 44 78 16 38 13 59 82 84 28 20 63 80 74 69 68 7 32 62 66 46 81 99 83 47 71 33 60 23 36 42 30 15 40 1
Coste: 21635631

GENERACION: 610
Mejor Solucion:  25 88 29 39 31 24 41 51 26 5 93 56 8 92 65 72 77 37 67 21 79 54 14 98 94 49 64 89 50 70 73 2 34 52 75 11 57 19 35 27 58 18 6 43 95 90 87 76 3 0 86 12 4 61 10 53 96 97 17 9 22 45 91 85 55 48 44 78 16 38 13 59 82 84 28 20 63 80 74 69 68 7 32 62 66 46 81 99 83 47 71 33 60 23 36 42 30 15 40 1
Coste: 21635631

GENERACION: 615
Mejor Solucion:  25 88 29 39 31 24 41 51 26 5 93 56 8 92 65 72 77 37 67 21 79 54 14 98 94 49 64 89 50 70 73 2 34 52 75 11 57 19 35 27 58 18 6 43 95 90 87 76 3 0 86 12 4 61 10 53 96 97 17 9 22 45 91 85 55 48 44 78 16 38 13 59 82 84 28 20 63 80 74 69 68 7 32 62 66 46 81 99 83 47 71 33 60 23 36 42 30 15 40 1
Coste: 21635631

GENERACION: 620
Mejor Solucion:  25 88 29 39 31 24 41 51 26 5 93 56 8 92 65 72 77 37 67 21 79 54 14 98 94 49 64 89 50 70 73 2 34 52 75 11 57 19 35 27 58 18 6 43 95 90 87 76 3 0 86 12 4 61 10 53 96 97 17 9 22 45 91 85 55 48 44 78 16 38 13 59 82 84 28 20 63 80 74 69 68 7 32 62 66 46 81 99 83 47 71 33 60 23 36 42 30 15 40 1
Coste: 21635631

GENERACION: 625
Mejor Solucion:  25 88 29 39 31 24 41 51 26 5 93 56 8 92 65 72 77 37 67 21 79 54 14 98 94 49 64 89 50 70 73 2 34 52 75 11 57 19 35 27 58 18 6 43 95 90 87 76 3 0 86 12 4 61 10 53 96 97 17 9 22 45 91 85 55 48 44 78 16 38 13 59 82 84 28 20 63 80 74 69 68 7 32 62 66 46 81 99 83 47 71 33 60 23 36 42 30 15 40 1
Coste: 21635631

GENERACION: 630
Mejor Solucion:  25 88 29 39 31 24 41 51 26 5 93 56 8 92 65 72 77 37 67 21 79 54 14 98 94 49 64 89 50 70 73 2 34 52 75 11 57 19 35 27 58 18 6 43 95 90 87 76 3 0 86 12 4 61 10 53 96 97 17 9 22 45 91 85 55 48 44 78 16 38 13 59 82 84 28 20 63 80 74 69 68 7 32 62 66 46 81 99 83 47 71 33 60 23 36 42 30 15 40 1
Coste: 21635631

GENERACION: 635
Mejor Solucion:  25 88 29 39 31 24 41 51 26 5 93 56 8 92 65 72 77 37 67 21 79 54 14 98 94 49 64 89 50 70 73 2 34 52 75 11 57 19 35 27 58 18 6 43 95 90 87 76 3 0 86 12 4 61 10 53 96 97 17 9 22 45 91 85 55 48 44 78 16 38 13 59 82 84 28 20 63 80 74 69 68 7 32 62 66 46 81 99 83 47 71 33 60 23 36 42 30 15 40 1
Coste: 21635631

GENERACION: 640
Mejor Solucion:  25 88 29 39 31 24 41 51 26 5 93 56 8 92 65 72 77 37 67 21 79 54 14 98 94 49 64 89 50 70 73 2 34 52 75 11 57 19 35 27 58 18 6 43 95 90 87 76 3 0 86 12 4 61 10 53 96 97 17 9 22 45 91 85 55 48 44 78 16 38 13 59 82 84 28 20 63 80 74 69 68 7 32 62 66 46 81 99 83 47 71 33 60 23 36 42 30 15 40 1
Coste: 21635631

GENERACION: 645
Mejor Solucion:  25 88 29 39 31 24 41 51 26 5 93 56 8 92 65 72 77 37 67 21 79 54 14 98 94 49 64 89 50 70 73 2 34 52 75 11 57 19 35 27 58 18 6 43 95 90 87 76 3 0 86 12 4 61 10 53 96 97 17 9 22 45 91 85 55 48 44 78 16 38 13 59 82 84 28 20 63 80 74 69 68 7 32 62 66 46 81 99 83 47 71 33 60 23 36 42 30 15 40 1
Coste: 21635631

GENERACION: 650
Mejor Solucion:  25 88 29 39 31 24 41 51 26 5 93 56 8 92 65 72 77 37 67 21 79 54 14 98 94 49 64 89 50 70 73 2 34 52 75 11 57 19 35 27 58 18 6 43 95 90 87 76 3 0 86 12 4 61 10 53 96 97 17 9 22 45 91 85 55 48 44 78 16 38 13 59 82 84 28 20 63 80 74 69 68 7 32 62 66 46 81 99 83 47 71 33 60 23 36 42 30 15 40 1
Coste: 21635631

GENERACION: 655
Mejor Solucion:  25 88 29 39 31 24 41 51 26 5 93 56 8 92 65 72 77 37 67 21 79 54 14 98 94 49 64 89 50 70 73 2 34 52 75 11 57 19 35 27 58 18 6 43 95 90 87 76 3 0 86 12 4 61 10 53 96 97 17 9 22 45 91 85 55 48 44 78 16 38 13 59 82 84 28 20 63 80 74 69 68 7 32 62 66 46 81 99 83 47 71 33 60 23 36 42 30 15 40 1
Coste: 21635631

GENERACION: 660
Mejor Solucion:  25 88 29 39 31 24 41 51 26 5 93 56 8 92 65 72 77 37 67 21 79 54 14 98 94 49 64 89 50 70 73 2 34 52 75 11 57 19 35 27 58 18 6 43 95 90 87 76 3 0 86 12 4 61 10 53 96 97 17 9 22 45 91 85 55 48 44 78 16 38 13 59 82 84 28 20 63 80 74 69 68 7 32 62 66 46 81 99 83 47 71 33 60 23 36 42 30 15 40 1
Coste: 21635631

GENERACION: 665
Mejor Solucion:  25 88 29 39 31 24 41 51 26 5 93 56 8 92 65 72 77 37 67 21 79 54 14 98 94 49 64 89 50 70 73 2 34 52 75 11 57 19 35 27 58 18 6 43 95 90 87 76 3 0 86 12 4 61 10 53 96 97 17 9 22 45 91 85 55 48 44 78 16 38 13 59 82 84 28 20 63 80 74 69 68 7 32 62 66 46 81 99 83 47 71 33 60 23 36 42 30 15 40 1
Coste: 21635631

GENERACION: 670
Mejor Solucion:  25 88 29 39 31 24 41 51 26 5 93 56 8 92 65 72 77 37 67 21 79 54 14 98 94 49 64 89 50 70 73 2 34 52 75 11 57 19 35 27 58 18 6 43 95 90 87 76 3 0 86 12 4 61 10 53 96 97 17 9 22 45 91 85 55 48 44 78 16 38 13 59 82 84 28 20 63 80 74 69 68 7 32 62 66 46 81 99 83 47 71 33 60 23 36 42 30 15 40 1
Coste: 21635631

GENERACION: 675
Mejor Solucion:  25 88 29 39 31 24 41 51 26 5 93 56 8 92 65 72 77 37 67 21 79 54 14 98 94 49 64 89 50 70 73 2 34 52 75 11 57 19 35 27 58 18 6 43 95 90 87 76 3 0 86 12 4 61 10 53 96 97 17 9 22 45 91 85 55 48 44 78 16 38 13 59 82 84 28 20 63 80 74 69 68 7 32 62 66 46 81 99 83 47 71 33 60 23 36 42 30 15 40 1
Coste: 21635631

GENERACION: 680
Mejor Solucion:  25 88 29 39 31 24 41 51 26 5 93 56 8 92 65 72 77 37 67 21 79 54 14 98 94 49 64 89 50 70 73 2 34 52 75 11 57 19 35 27 58 18 6 43 95 90 87 76 3 0 86 12 4 61 10 53 96 97 17 9 22 45 91 85 55 48 44 78 16 38 13 59 82 84 28 20 63 80 74 69 68 7 32 62 66 46 81 99 83 47 71 33 60 23 36 42 30 15 40 1
Coste: 21635631

GENERACION: 685
Mejor Solucion:  25 88 29 39 31 24 41 51 26 5 93 56 8 92 65 72 77 37 67 21 79 54 14 98 94 49 64 89 50 70 73 2 34 52 75 11 57 19 35 27 58 18 6 43 95 90 87 76 3 0 86 12 4 61 10 53 96 97 17 9 22 45 91 85 55 48 44 78 16 38 13 59 82 84 28 20 63 80 74 69 68 7 32 62 66 46 81 99 83 47 71 33 60 23 36 42 30 15 40 1
Coste: 21635631

GENERACION: 690
Mejor Solucion:  25 88 29 39 31 24 41 51 26 5 93 56 8 92 65 72 77 37 67 21 79 54 14 98 94 49 64 89 50 70 73 2 34 52 75 11 57 19 35 27 58 18 6 43 95 90 87 76 3 0 86 12 4 61 10 53 96 97 17 9 22 45 91 85 55 48 44 78 16 38 13 59 82 84 28 20 63 80 74 69 68 7 32 62 66 46 81 99 83 47 71 33 60 23 36 42 30 15 40 1
Coste: 21635631

GENERACION: 695
Mejor Solucion:  25 88 29 39 31 24 41 51 26 5 93 56 8 92 65 72 77 37 67 21 79 54 14 98 94 49 64 89 50 70 73 2 34 52 75 11 57 19 35 27 58 18 6 43 95 90 87 76 3 0 86 12 4 61 10 53 96 97 17 9 22 45 91 85 55 48 44 78 16 38 13 59 82 84 28 20 63 80 74 69 68 7 32 62 66 46 81 99 83 47 71 33 60 23 36 42 30 15 40 1
Coste: 21635631

GENERACION: 700
Mejor Solucion:  25 88 29 39 31 24 41 51 26 5 93 56 8 92 65 72 77 37 67 21 79 54 14 98 94 49 64 89 50 70 73 2 34 52 75 11 57 19 35 27 58 18 6 43 95 90 87 76 3 0 86 12 4 61 10 53 96 97 17 9 22 45 91 85 55 48 44 78 16 38 13 59 82 84 28 20 63 80 74 69 68 7 32 62 66 46 81 99 83 47 71 33 60 23 36 42 30 15 40 1
Coste: 21635631

GENERACION: 705
Mejor Solucion:  25 88 29 39 31 24 41 51 26 5 93 56 8 92 65 72 77 37 67 21 79 54 14 98 94 49 64 89 50 70 73 2 34 52 75 11 57 19 35 27 58 18 6 43 95 90 87 76 3 0 86 12 4 61 10 53 96 97 17 9 22 45 91 85 55 48 44 78 16 38 13 59 82 84 28 20 63 80 74 69 68 7 32 62 66 46 81 99 83 47 71 33 60 23 36 42 30 15 40 1
Coste: 21635631

GENERACION: 710
Mejor Solucion:  25 88 29 39 31 24 41 51 26 5 93 56 8 92 65 72 77 37 67 21 79 54 14 98 94 49 64 89 50 70 73 2 34 52 75 11 57 19 35 27 58 18 6 43 95 90 87 76 3 0 86 12 4 61 10 53 96 97 17 9 22 45 91 85 55 48 44 78 16 38 13 59 82 84 28 20 63 80 74 69 68 7 32 62 66 46 81 99 83 47 71 33 60 23 36 42 30 15 40 1
Coste: 21635631

GENERACION: 715
Mejor Solucion:  25 88 29 39 31 24 41 51 26 5 93 56 8 92 65 72 77 37 67 21 79 54 14 98 94 49 64 89 50 70 73 2 34 52 75 11 57 19 35 27 58 18 6 43 95 90 87 76 3 0 86 12 4 61 10 53 96 97 17 9 22 45 91 85 55 48 44 78 16 38 13 59 82 84 28 20 63 80 74 69 68 7 32 62 66 46 81 99 83 47 71 33 60 23 36 42 30 15 40 1
Coste: 21635631

GENERACION: 720
Mejor Solucion:  25 88 29 39 31 24 41 51 26 5 93 56 8 92 65 72 77 37 67 21 79 54 14 98 94 49 64 89 50 70 73 2 34 52 75 11 57 19 35 27 58 18 6 43 95 90 87 76 3 0 86 12 4 61 10 53 96 97 17 9 22 45 91 85 55 48 44 78 16 38 13 59 82 84 28 20 63 80 74 69 68 7 32 62 66 46 81 99 83 47 71 33 60 23 36 42 30 15 40 1
Coste: 21635631

GENERACION: 725
Mejor Solucion:  25 88 29 39 31 24 41 51 26 5 93 56 8 92 65 72 77 37 67 21 79 54 14 98 94 49 64 89 50 70 73 2 34 52 75 11 57 19 35 27 58 18 6 43 95 90 87 76 3 0 86 12 4 61 10 53 96 97 17 9 22 45 91 85 55 48 44 78 16 38 13 59 82 84 28 20 63 80 74 69 68 7 32 62 66 46 81 99 83 47 71 33 60 23 36 42 30 15 40 1
Coste: 21635631

GENERACION: 730
Mejor Solucion:  25 88 29 39 31 24 41 51 26 5 93 56 8 92 65 72 77 37 67 21 79 54 14 98 94 49 64 89 50 70 73 2 34 52 75 11 57 19 35 27 58 18 6 43 95 90 87 76 3 0 86 12 4 61 10 53 96 97 17 9 22 45 91 85 55 48 44 78 16 38 13 59 82 84 28 20 63 80 74 69 68 7 32 62 66 46 81 99 83 47 71 33 60 23 36 42 30 15 40 1
Coste: 21635631

GENERACION: 735
Mejor Solucion:  25 88 29 39 31 24 41 51 26 5 93 56 8 92 65 72 77 37 67 21 79 54 14 98 94 49 64 89 50 70 73 2 34 52 75 11 57 19 35 27 58 18 6 43 95 90 87 76 3 0 86 12 4 61 10 53 96 97 17 9 22 45 91 85 55 48 44 78 16 38 13 59 82 84 28 20 63 80 74 69 68 7 32 62 66 46 81 99 83 47 71 33 60 23 36 42 30 15 40 1
Coste: 21635631

GENERACION: 740
Mejor Solucion:  25 88 29 39 31 24 41 51 26 5 93 56 8 92 65 72 77 37 67 21 79 54 14 98 94 49 64 89 50 70 73 2 34 52 75 11 57 19 35 27 58 18 6 43 95 90 87 76 3 0 86 12 4 61 10 53 96 97 17 9 22 45 91 85 55 48 44 78 16 38 13 59 82 84 28 20 63 80 74 69 68 7 32 62 66 46 81 99 83 47 71 33 60 23 36 42 30 15 40 1
Coste: 21635631

GENERACION: 745
Mejor Solucion:  25 88 29 39 31 24 41 51 26 5 93 56 8 92 65 72 77 37 67 21 79 54 14 98 94 49 64 89 50 70 73 2 34 52 75 11 57 19 35 27 58 18 6 43 95 90 87 76 3 0 86 12 4 61 10 53 96 97 17 9 22 45 91 85 55 48 44 78 16 38 13 59 82 84 28 20 63 80 74 69 68 7 32 62 66 46 81 99 83 47 71 33 60 23 36 42 30 15 40 1
Coste: 21635631

GENERACION: 750
Mejor Solucion:  25 88 29 39 31 24 41 51 26 5 93 56 8 92 65 72 77 37 67 21 79 54 14 98 94 49 64 89 50 70 73 2 34 52 75 11 57 19 35 27 58 18 6 43 95 90 87 76 3 0 86 12 4 61 10 53 96 97 17 9 22 45 91 85 55 48 44 78 16 38 13 59 82 84 28 20 63 80 74 69 68 7 32 62 66 46 81 99 83 47 71 33 60 23 36 42 30 15 40 1
Coste: 21635631

GENERACION: 755
Mejor Solucion:  25 88 29 39 31 24 41 51 26 5 93 56 8 92 65 72 77 37 67 21 79 54 14 98 94 49 64 89 50 70 73 2 34 52 75 11 57 19 35 27 58 18 6 43 95 90 87 76 3 0 86 12 4 61 10 53 96 97 17 9 22 45 91 85 55 48 44 78 16 38 13 59 82 84 28 20 63 80 74 69 68 7 32 62 66 46 81 99 83 47 71 33 60 23 36 42 30 15 40 1
Coste: 21635631

GENERACION: 760
Mejor Solucion:  25 88 29 39 31 24 41 51 26 5 93 56 8 92 65 72 77 37 67 21 79 54 14 98 94 49 64 89 50 70 73 2 34 52 75 11 57 19 35 27 58 18 6 43 95 90 87 76 3 0 86 12 4 61 10 53 96 97 17 9 22 45 91 85 55 48 44 78 16 38 13 59 82 84 28 20 63 80 74 69 68 7 32 62 66 46 81 99 83 47 71 33 60 23 36 42 30 15 40 1
Coste: 21635631

GENERACION: 765
Mejor Solucion:  25 88 29 39 31 24 41 51 26 5 93 56 8 92 65 72 77 37 67 21 79 54 14 98 94 49 64 89 50 70 73 2 34 52 75 11 57 19 35 27 58 18 6 43 95 90 87 76 3 0 86 12 4 61 10 53 96 97 17 9 22 45 91 85 55 48 44 78 16 38 13 59 82 84 28 20 63 80 74 69 68 7 32 62 66 46 81 99 83 47 71 33 60 23 36 42 30 15 40 1
Coste: 21635631

GENERACION: 770
Mejor Solucion:  25 88 29 39 31 24 41 51 26 5 93 56 8 92 65 72 77 37 67 21 79 54 14 98 94 49 64 89 50 70 73 2 34 52 75 11 57 19 35 27 58 18 6 43 95 90 87 76 3 0 86 12 4 61 10 53 96 97 17 9 22 45 91 85 55 48 44 78 16 38 13 59 82 84 28 20 63 80 74 69 68 7 32 62 66 46 81 99 83 47 71 33 60 23 36 42 30 15 40 1
Coste: 21635631

GENERACION: 775
Mejor Solucion:  25 88 29 39 31 24 41 51 26 5 93 56 8 92 65 72 77 37 67 21 79 54 14 98 94 49 64 89 50 70 73 2 34 52 75 11 57 19 35 27 58 18 6 43 95 90 87 76 3 0 86 12 4 61 10 53 96 97 17 9 22 45 91 85 55 48 44 78 16 38 13 59 82 84 28 20 63 80 74 69 68 7 32 62 66 46 81 99 83 47 71 33 60 23 36 42 30 15 40 1
Coste: 21635631

GENERACION: 780
Mejor Solucion:  25 88 29 39 31 24 41 51 26 5 93 56 8 92 65 72 77 37 67 21 79 54 14 98 94 49 64 89 50 70 73 2 34 52 75 11 57 19 35 27 58 18 6 43 95 90 87 76 3 0 86 12 4 61 10 53 96 97 17 9 22 45 91 85 55 48 44 78 16 38 13 59 82 84 28 20 63 80 74 69 68 7 32 62 66 46 81 99 83 47 71 33 60 23 36 42 30 15 40 1
Coste: 21635631

GENERACION: 785
Mejor Solucion:  25 88 29 39 31 24 41 51 26 5 93 56 8 92 65 72 77 37 67 21 79 54 14 98 94 49 64 89 50 70 73 2 34 52 75 11 57 19 35 27 58 18 6 43 95 90 87 76 3 0 86 12 4 61 10 53 96 97 17 9 22 45 91 85 55 48 44 78 16 38 13 59 82 84 28 20 63 80 74 69 68 7 32 62 66 46 81 99 83 47 71 33 60 23 36 42 30 15 40 1
Coste: 21635631

GENERACION: 790
Mejor Solucion:  25 88 29 39 31 24 41 51 26 5 93 56 8 92 65 72 77 37 67 21 79 54 14 98 94 49 64 89 50 70 73 2 34 52 75 11 57 19 35 27 58 18 6 43 95 90 87 76 3 0 86 12 4 61 10 53 96 97 17 9 22 45 91 85 55 48 44 78 16 38 13 59 82 84 28 20 63 80 74 69 68 7 32 62 66 46 81 99 83 47 71 33 60 23 36 42 30 15 40 1
Coste: 21635631

GENERACION: 795
Mejor Solucion:  25 88 29 39 31 24 41 51 26 5 93 56 8 92 65 72 77 37 67 21 79 54 14 98 94 49 64 89 50 70 73 2 34 52 75 11 57 19 35 27 58 18 6 43 95 90 87 76 3 0 86 12 4 61 10 53 96 97 17 9 22 45 91 85 55 48 44 78 16 38 13 59 82 84 28 20 63 80 74 69 68 7 32 62 66 46 81 99 83 47 71 33 60 23 36 42 30 15 40 1
Coste: 21635631

GENERACION: 800
Mejor Solucion:  25 88 29 39 31 24 41 51 26 5 93 56 8 92 65 72 77 37 67 21 79 54 14 98 94 49 64 89 50 70 73 2 34 52 75 11 57 19 35 27 58 18 6 43 95 90 87 76 3 0 86 12 4 61 10 53 96 97 17 9 22 45 91 85 55 48 44 78 16 38 13 59 82 84 28 20 63 80 74 69 68 7 32 62 66 46 81 99 83 47 71 33 60 23 36 42 30 15 40 1
Coste: 21635631

GENERACION: 805
Mejor Solucion:  25 88 29 39 31 24 41 51 26 5 93 56 8 92 65 72 77 37 67 21 79 54 14 98 94 49 64 89 50 70 73 2 34 52 75 11 57 19 35 27 58 18 6 43 95 90 87 76 3 0 86 12 4 61 10 53 96 97 17 9 22 45 91 85 55 48 44 78 16 38 13 59 82 84 28 20 63 80 74 69 68 7 32 62 66 46 81 99 83 47 71 33 60 23 36 42 30 15 40 1
Coste: 21635631

GENERACION: 810
Mejor Solucion:  25 88 29 39 31 24 41 51 26 5 93 56 8 92 65 72 77 37 67 21 79 54 14 98 94 49 64 89 50 70 73 2 34 52 75 11 57 19 35 27 58 18 6 43 95 90 87 76 3 0 86 12 4 61 10 53 96 97 17 9 22 45 91 85 55 48 44 78 16 38 13 59 82 84 28 20 63 80 74 69 68 7 32 62 66 46 81 99 83 47 71 33 60 23 36 42 30 15 40 1
Coste: 21635631

GENERACION: 815
Mejor Solucion:  25 88 29 39 31 24 41 51 26 5 93 56 8 92 65 72 77 37 67 21 79 54 14 98 94 49 64 89 50 70 73 2 34 52 75 11 57 19 35 27 58 18 6 43 95 90 87 76 3 0 86 12 4 61 10 53 96 97 17 9 22 45 91 85 55 48 44 78 16 38 13 59 82 84 28 20 63 80 74 69 68 7 32 62 66 46 81 99 83 47 71 33 60 23 36 42 30 15 40 1
Coste: 21635631

GENERACION: 820
Mejor Solucion:  25 88 29 39 31 24 41 51 26 5 93 56 8 92 65 72 77 37 67 21 79 54 14 98 94 49 64 89 50 70 73 2 34 52 75 11 57 19 35 27 58 18 6 43 95 90 87 76 3 0 86 12 4 61 10 53 96 97 17 9 22 45 91 85 55 48 44 78 16 38 13 59 82 84 28 20 63 80 74 69 68 7 32 62 66 46 81 99 83 47 71 33 60 23 36 42 30 15 40 1
Coste: 21635631

GENERACION: 825
Mejor Solucion:  25 88 29 39 31 24 41 51 26 5 93 56 8 92 65 72 77 37 67 21 79 54 14 98 94 49 64 89 50 70 73 2 34 52 75 11 57 19 35 27 58 18 6 43 95 90 87 76 3 0 86 12 4 61 10 53 96 97 17 9 22 45 91 85 55 48 44 78 16 38 13 59 82 84 28 20 63 80 74 69 68 7 32 62 66 46 81 99 83 47 71 33 60 23 36 42 30 15 40 1
Coste: 21635631

GENERACION: 830
Mejor Solucion:  25 88 29 39 31 24 41 51 26 5 93 56 8 92 65 72 77 37 67 21 79 54 14 98 94 49 64 89 50 70 73 2 34 52 75 11 57 19 35 27 58 18 6 43 95 90 87 76 3 0 86 12 4 61 10 53 96 97 17 9 22 45 91 85 55 48 44 78 16 38 13 59 82 84 28 20 63 80 74 69 68 7 32 62 66 46 81 99 83 47 71 33 60 23 36 42 30 15 40 1
Coste: 21635631

GENERACION: 835
Mejor Solucion:  25 88 29 39 31 24 41 51 26 5 93 56 8 92 65 72 77 37 67 21 79 54 14 98 94 49 64 89 50 70 73 2 34 52 75 11 57 19 35 27 58 18 6 43 95 90 87 76 3 0 86 12 4 61 10 53 96 97 17 9 22 45 91 85 55 48 44 78 16 38 13 59 82 84 28 20 63 80 74 69 68 7 32 62 66 46 81 99 83 47 71 33 60 23 36 42 30 15 40 1
Coste: 21635631

GENERACION: 840
Mejor Solucion:  25 88 29 39 31 24 41 51 26 5 93 56 8 92 65 72 77 37 67 21 79 54 14 98 94 49 64 89 50 70 73 2 34 52 75 11 57 19 35 27 58 18 6 43 95 90 87 76 3 0 86 12 4 61 10 53 96 97 17 9 22 45 91 85 55 48 44 78 16 38 13 59 82 84 28 20 63 80 74 69 68 7 32 62 66 46 81 99 83 47 71 33 60 23 36 42 30 15 40 1
Coste: 21635631

GENERACION: 845
Mejor Solucion:  25 88 29 39 31 24 41 51 26 5 93 56 8 92 65 72 77 37 67 21 79 54 14 98 94 49 64 89 50 70 73 2 34 52 75 11 57 19 35 27 58 18 6 43 95 90 87 76 3 0 86 12 4 61 10 53 96 97 17 9 22 45 91 85 55 48 44 78 16 38 13 59 82 84 28 20 63 80 74 69 68 7 32 62 66 46 81 99 83 47 71 33 60 23 36 42 30 15 40 1
Coste: 21635631

GENERACION: 850
Mejor Solucion:  25 88 29 39 31 24 41 51 26 5 93 56 8 92 65 72 77 37 67 21 79 54 14 98 94 49 64 89 50 70 73 2 34 52 75 11 57 19 35 27 58 18 6 43 95 90 87 76 3 0 86 12 4 61 10 53 96 97 17 9 22 45 91 85 55 48 44 78 16 38 13 59 82 84 28 20 63 80 74 69 68 7 32 62 66 46 81 99 83 47 71 33 60 23 36 42 30 15 40 1
Coste: 21635631

GENERACION: 855
Mejor Solucion:  25 88 29 39 31 24 41 51 26 5 93 56 8 92 65 72 77 37 67 21 79 54 14 98 94 49 64 89 50 70 73 2 34 52 75 11 57 19 35 27 58 18 6 43 95 90 87 76 3 0 86 12 4 61 10 53 96 97 17 9 22 45 91 85 55 48 44 78 16 38 13 59 82 84 28 20 63 80 74 69 68 7 32 62 66 46 81 99 83 47 71 33 60 23 36 42 30 15 40 1
Coste: 21635631

GENERACION: 860
Mejor Solucion:  25 88 29 39 31 24 41 51 26 5 93 56 8 92 65 72 77 37 67 21 79 54 14 98 94 49 64 89 50 70 73 2 34 52 75 11 57 19 35 27 58 18 6 43 95 90 87 76 3 0 86 12 4 61 10 53 96 97 17 9 22 45 91 85 55 48 44 78 16 38 13 59 82 84 28 20 63 80 74 69 68 7 32 62 66 46 81 99 83 47 71 33 60 23 36 42 30 15 40 1
Coste: 21635631

GENERACION: 865
Mejor Solucion:  25 88 29 39 31 24 41 51 26 5 93 56 8 92 65 72 77 37 67 21 79 54 14 98 94 49 64 89 50 70 73 2 34 52 75 11 57 19 35 27 58 18 6 43 95 90 87 76 3 0 86 12 4 61 10 53 96 97 17 9 22 45 91 85 55 48 44 78 16 38 13 59 82 84 28 20 63 80 74 69 68 7 32 62 66 46 81 99 83 47 71 33 60 23 36 42 30 15 40 1
Coste: 21635631

GENERACION: 870
Mejor Solucion:  25 88 29 39 31 24 41 51 26 5 93 56 8 92 65 72 77 37 67 21 79 54 14 98 94 49 64 89 50 70 73 2 34 52 75 11 57 19 35 27 58 18 6 43 95 90 87 76 3 0 86 12 4 61 10 53 96 97 17 9 22 45 91 85 55 48 44 78 16 38 13 59 82 84 28 20 63 80 74 69 68 7 32 62 66 46 81 99 83 47 71 33 60 23 36 42 30 15 40 1
Coste: 21635631

GENERACION: 875
Mejor Solucion:  25 88 29 39 31 24 41 51 26 5 93 56 8 92 65 72 77 37 67 21 79 54 14 98 94 49 64 89 50 70 73 2 34 52 75 11 57 19 35 27 58 18 6 43 95 90 87 76 3 0 86 12 4 61 10 53 96 97 17 9 22 45 91 85 55 48 44 78 16 38 13 59 82 84 28 20 63 80 74 69 68 7 32 62 66 46 81 99 83 47 71 33 60 23 36 42 30 15 40 1
Coste: 21635631

GENERACION: 880
Mejor Solucion:  25 88 29 39 31 24 41 51 26 5 93 56 8 92 65 72 77 37 67 21 79 54 14 98 94 49 64 89 50 70 73 2 34 52 75 11 57 19 35 27 58 18 6 43 95 90 87 76 3 0 86 12 4 61 10 53 96 97 17 9 22 45 91 85 55 48 44 78 16 38 13 59 82 84 28 20 63 80 74 69 68 7 32 62 66 46 81 99 83 47 71 33 60 23 36 42 30 15 40 1
Coste: 21635631

GENERACION: 885
Mejor Solucion:  25 88 29 39 31 24 41 51 26 5 93 56 8 92 65 72 77 37 67 21 79 54 14 98 94 49 64 89 50 70 73 2 34 52 75 11 57 19 35 27 58 18 6 43 95 90 87 76 3 0 86 12 4 61 10 53 96 97 17 9 22 45 91 85 55 48 44 78 16 38 13 59 82 84 28 20 63 80 74 69 68 7 32 62 66 46 81 99 83 47 71 33 60 23 36 42 30 15 40 1
Coste: 21635631

GENERACION: 890
Mejor Solucion:  25 88 29 39 31 24 41 51 26 5 93 56 8 92 65 72 77 37 67 21 79 54 14 98 94 49 64 89 50 70 73 2 34 52 75 11 57 19 35 27 58 18 6 43 95 90 87 76 3 0 86 12 4 61 10 53 96 97 17 9 22 45 91 85 55 48 44 78 16 38 13 59 82 84 28 20 63 80 74 69 68 7 32 62 66 46 81 99 83 47 71 33 60 23 36 42 30 15 40 1
Coste: 21635631

GENERACION: 895
Mejor Solucion:  25 88 29 39 31 24 41 51 26 5 93 56 8 92 65 72 77 37 67 21 79 54 14 98 94 49 64 89 50 70 73 2 34 52 75 11 57 19 35 27 58 18 6 43 95 90 87 76 3 0 86 12 4 61 10 53 96 97 17 9 22 45 91 85 55 48 44 78 16 38 13 59 82 84 28 20 63 80 74 69 68 7 32 62 66 46 81 99 83 47 71 33 60 23 36 42 30 15 40 1
Coste: 21635631

GENERACION: 900
Mejor Solucion:  25 88 29 39 31 24 41 51 26 5 93 56 8 92 65 72 77 37 67 21 79 54 14 98 94 49 64 89 50 70 73 2 34 52 75 11 57 19 35 27 58 18 6 43 95 90 87 76 3 0 86 12 4 61 10 53 96 97 17 9 22 45 91 85 55 48 44 78 16 38 13 59 82 84 28 20 63 80 74 69 68 7 32 62 66 46 81 99 83 47 71 33 60 23 36 42 30 15 40 1
Coste: 21635631

GENERACION: 905
Mejor Solucion:  25 88 29 39 31 24 41 51 26 5 93 56 8 92 65 72 77 37 67 21 79 54 14 98 94 49 64 89 50 70 73 2 34 52 75 11 57 19 35 27 58 18 6 43 95 90 87 76 3 0 86 12 4 61 10 53 96 97 17 9 22 45 91 85 55 48 44 78 16 38 13 59 82 84 28 20 63 80 74 69 68 7 32 62 66 46 81 99 83 47 71 33 60 23 36 42 30 15 40 1
Coste: 21635631

GENERACION: 910
Mejor Solucion:  25 88 29 39 31 24 41 51 26 5 93 56 8 92 65 72 77 37 67 21 79 54 14 98 94 49 64 89 50 70 73 2 34 52 75 11 57 19 35 27 58 18 6 43 95 90 87 76 3 0 86 12 4 61 10 53 96 97 17 9 22 45 91 85 55 48 44 78 16 38 13 59 82 84 28 20 63 80 74 69 68 7 32 62 66 46 81 99 83 47 71 33 60 23 36 42 30 15 40 1
Coste: 21635631

GENERACION: 915
Mejor Solucion:  25 88 29 39 31 24 41 51 26 5 93 56 8 92 65 72 77 37 67 21 79 54 14 98 94 49 64 89 50 70 73 2 34 52 75 11 57 19 35 27 58 18 6 43 95 90 87 76 3 0 86 12 4 61 10 53 96 97 17 9 22 45 91 85 55 48 44 78 16 38 13 59 82 84 28 20 63 80 74 69 68 7 32 62 66 46 81 99 83 47 71 33 60 23 36 42 30 15 40 1
Coste: 21635631

GENERACION: 920
Mejor Solucion:  25 88 29 39 31 24 41 51 26 5 93 56 8 92 65 72 77 37 67 21 79 54 14 98 94 49 64 89 50 70 73 2 34 52 75 11 57 19 35 27 58 18 6 43 95 90 87 76 3 0 86 12 4 61 10 53 96 97 17 9 22 45 91 85 55 48 44 78 16 38 13 59 82 84 28 20 63 80 74 69 68 7 32 62 66 46 81 99 83 47 71 33 60 23 36 42 30 15 40 1
Coste: 21635631

GENERACION: 925
Mejor Solucion:  25 88 29 39 31 24 41 51 26 5 93 56 8 92 65 72 77 37 67 21 79 54 14 98 94 49 64 89 50 70 73 2 34 52 75 11 57 19 35 27 58 18 6 43 95 90 87 76 3 0 86 12 4 61 10 53 96 97 17 9 22 45 91 85 55 48 44 78 16 38 13 59 82 84 28 20 63 80 74 69 68 7 32 62 66 46 81 99 83 47 71 33 60 23 36 42 30 15 40 1
Coste: 21635631

GENERACION: 930
Mejor Solucion:  25 88 29 39 31 24 41 51 26 5 93 56 8 92 65 72 77 37 67 21 79 54 14 98 94 49 64 89 50 70 73 2 34 52 75 11 57 19 35 27 58 18 6 43 95 90 87 76 3 0 86 12 4 61 10 53 96 97 17 9 22 45 91 85 55 48 44 78 16 38 13 59 82 84 28 20 63 80 74 69 68 7 32 62 66 46 81 99 83 47 71 33 60 23 36 42 30 15 40 1
Coste: 21635631

GENERACION: 935
Mejor Solucion:  25 88 29 39 31 24 41 51 26 5 93 56 8 92 65 72 77 37 67 21 79 54 14 98 94 49 64 89 50 70 73 2 34 52 75 11 57 19 35 27 58 18 6 43 95 90 87 76 3 0 86 12 4 61 10 53 96 97 17 9 22 45 91 85 55 48 44 78 16 38 13 59 82 84 28 20 63 80 74 69 68 7 32 62 66 46 81 99 83 47 71 33 60 23 36 42 30 15 40 1
Coste: 21635631

GENERACION: 940
Mejor Solucion:  25 88 29 39 31 24 41 51 26 5 93 56 8 92 65 72 77 37 67 21 79 54 14 98 94 49 64 89 50 70 73 2 34 52 75 11 57 19 35 27 58 18 6 43 95 90 87 76 3 0 86 12 4 61 10 53 96 97 17 9 22 45 91 85 55 48 44 78 16 38 13 59 82 84 28 20 63 80 74 69 68 7 32 62 66 46 81 99 83 47 71 33 60 23 36 42 30 15 40 1
Coste: 21635631

GENERACION: 945
Mejor Solucion:  25 88 29 39 31 24 41 51 26 5 93 56 8 92 65 72 77 37 67 21 79 54 14 98 94 49 64 89 50 70 73 2 34 52 75 11 57 19 35 27 58 18 6 43 95 90 87 76 3 0 86 12 4 61 10 53 96 97 17 9 22 45 91 85 55 48 44 78 16 38 13 59 82 84 28 20 63 80 74 69 68 7 32 62 66 46 81 99 83 47 71 33 60 23 36 42 30 15 40 1
Coste: 21635631

GENERACION: 950
Mejor Solucion:  25 88 29 39 31 24 41 51 26 5 93 56 8 92 65 72 77 37 67 21 79 54 14 98 94 49 64 89 50 70 73 2 34 52 75 11 57 19 35 27 58 18 6 43 95 90 87 76 3 0 86 12 4 61 10 53 96 97 17 9 22 45 91 85 55 48 44 78 16 38 13 59 82 84 28 20 63 80 74 69 68 7 32 62 66 46 81 99 83 47 71 33 60 23 36 42 30 15 40 1
Coste: 21635631

GENERACION: 955
Mejor Solucion:  25 88 29 39 31 24 41 51 26 5 93 56 8 92 65 72 77 37 67 21 79 54 14 98 94 49 64 89 50 70 73 2 34 52 75 11 57 19 35 27 58 18 6 43 95 90 87 76 3 0 86 12 4 61 10 53 96 97 17 9 22 45 91 85 55 48 44 78 16 38 13 59 82 84 28 20 63 80 74 69 68 7 32 62 66 46 81 99 83 47 71 33 60 23 36 42 30 15 40 1
Coste: 21635631

GENERACION: 960
Mejor Solucion:  25 88 29 39 31 24 41 51 26 5 93 56 8 92 65 72 77 37 67 21 79 54 14 98 94 49 64 89 50 70 73 2 34 52 75 11 57 19 35 27 58 18 6 43 95 90 87 76 3 0 86 12 4 61 10 53 96 97 17 9 22 45 91 85 55 48 44 78 16 38 13 59 82 84 28 20 63 80 74 69 68 7 32 62 66 46 81 99 83 47 71 33 60 23 36 42 30 15 40 1
Coste: 21635631

GENERACION: 965
Mejor Solucion:  25 88 29 39 31 24 41 51 26 5 93 56 8 92 65 72 77 37 67 21 79 54 14 98 94 49 64 89 50 70 73 2 34 52 75 11 57 19 35 27 58 18 6 43 95 90 87 76 3 0 86 12 4 61 10 53 96 97 17 9 22 45 91 85 55 48 44 78 16 38 13 59 82 84 28 20 63 80 74 69 68 7 32 62 66 46 81 99 83 47 71 33 60 23 36 42 30 15 40 1
Coste: 21635631

GENERACION: 970
Mejor Solucion:  25 88 29 39 31 24 41 51 26 5 93 56 8 92 65 72 77 37 67 21 79 54 14 98 94 49 64 89 50 70 73 2 34 52 75 11 57 19 35 27 58 18 6 43 95 90 87 76 3 0 86 12 4 61 10 53 96 97 17 9 22 45 91 85 55 48 44 78 16 38 13 59 82 84 28 20 63 80 74 69 68 7 32 62 66 46 81 99 83 47 71 33 60 23 36 42 30 15 40 1
Coste: 21635631

GENERACION: 975
Mejor Solucion:  25 88 29 39 31 24 41 51 26 5 93 56 8 92 65 72 77 37 67 21 79 54 14 98 94 49 64 89 50 70 73 2 34 52 75 11 57 19 35 27 58 18 6 43 95 90 87 76 3 0 86 12 4 61 10 53 96 97 17 9 22 45 91 85 55 48 44 78 16 38 13 59 82 84 28 20 63 80 74 69 68 7 32 62 66 46 81 99 83 47 71 33 60 23 36 42 30 15 40 1
Coste: 21635631

GENERACION: 980
Mejor Solucion:  25 88 29 39 31 24 41 51 26 5 93 56 8 92 65 72 77 37 67 21 79 54 14 98 94 49 64 89 50 70 73 2 34 52 75 11 57 19 35 27 58 18 6 43 95 90 87 76 3 0 86 12 4 61 10 53 96 97 17 9 22 45 91 85 55 48 44 78 16 38 13 59 82 84 28 20 63 80 74 69 68 7 32 62 66 46 81 99 83 47 71 33 60 23 36 42 30 15 40 1
Coste: 21635631

GENERACION: 985
Mejor Solucion:  25 88 29 39 31 24 41 51 26 5 93 56 8 92 65 72 77 37 67 21 79 54 14 98 94 49 64 89 50 70 73 2 34 52 75 11 57 19 35 27 58 18 6 43 95 90 87 76 3 0 86 12 4 61 10 53 96 97 17 9 22 45 91 85 55 48 44 78 16 38 13 59 82 84 28 20 63 80 74 69 68 7 32 62 66 46 81 99 83 47 71 33 60 23 36 42 30 15 40 1
Coste: 21635631

GENERACION: 990
Mejor Solucion:  25 88 29 39 31 24 41 51 26 5 93 56 8 92 65 72 77 37 67 21 79 54 14 98 94 49 64 89 50 70 73 2 34 52 75 11 57 19 35 27 58 18 6 43 95 90 87 76 3 0 86 12 4 61 10 53 96 97 17 9 22 45 91 85 55 48 44 78 16 38 13 59 82 84 28 20 63 80 74 69 68 7 32 62 66 46 81 99 83 47 71 33 60 23 36 42 30 15 40 1
Coste: 21635631

GENERACION: 995
Mejor Solucion:  25 88 29 39 31 24 41 51 26 5 93 56 8 92 65 72 77 37 67 21 79 54 14 98 94 49 64 89 50 70 73 2 34 52 75 11 57 19 35 27 58 18 6 43 95 90 87 76 3 0 86 12 4 61 10 53 96 97 17 9 22 45 91 85 55 48 44 78 16 38 13 59 82 84 28 20 63 80 74 69 68 7 32 62 66 46 81 99 83 47 71 33 60 23 36 42 30 15 40 1
Coste: 21635631

GENERACION: 1000
Mejor Solucion:  25 88 29 39 31 24 41 51 26 5 93 56 8 92 65 72 77 37 67 21 79 54 14 98 94 49 64 89 50 70 73 2 34 52 75 11 57 19 35 27 58 18 6 43 95 90 87 76 3 0 86 12 4 61 10 53 96 97 17 9 22 45 91 85 55 48 44 78 16 38 13 59 82 84 28 20 63 80 74 69 68 7 32 62 66 46 81 99 83 47 71 33 60 23 36 42 30 15 40 1
Coste: 21635631

