GENERACION: 5
Mejor Solucion:  39 76 93 33 0 95 38 87 81 13 63 24 40 49 46 84 20 17 30 5 53 1 50 8 67 70 41 72 65 88 86 64 59 42 44 80 82 14 98 47 34 92 75 37 29 21 18 73 83 31 36 61 51 4 90 60 11 23 28 55 66 26 2 97 10 74 12 52 91 19 43 22 94 69 9 45 96 78 85 68 27 58 32 35 3 79 6 77 62 89 7 48 99 16 25 15 56 71 57 54
Coste: 23827275

GENERACION: 10
Mejor Solucion:  54 78 37 66 43 65 13 7 42 59 14 24 17 19 62 2 28 64 72 11 70 38 50 8 16 63 12 45 99 52 86 18 20 44 76 88 41 82 67 83 49 6 81 61 85 21 71 87 73 60 23 33 26 98 90 84 32 40 9 68 91 92 25 0 53 4 51 15 5 34 97 69 57 95 47 48 79 75 1 39 55 29 94 35 58 96 80 36 27 89 46 10 31 77 30 93 56 3 74 22
Coste: 22788587

GENERACION: 15
Mejor Solucion:  54 78 37 66 43 65 13 7 42 59 14 24 17 19 62 2 28 64 72 11 70 38 50 8 16 63 12 45 99 52 86 18 20 44 76 88 41 82 67 83 49 6 81 61 85 21 71 87 73 60 23 33 26 98 90 84 32 40 9 68 91 92 25 0 53 4 51 15 5 34 97 69 57 95 47 48 79 75 1 39 55 29 94 35 58 96 80 36 27 89 46 10 31 77 30 93 56 3 74 22
Coste: 22788587

GENERACION: 20
Mejor Solucion:  66 0 49 52 75 88 41 19 48 92 4 37 17 8 27 62 80 42 39 94 89 3 86 78 16 59 12 53 60 6 85 24 83 44 47 11 63 82 72 13 77 68 81 93 55 79 45 5 73 54 15 2 25 98 90 84 64 26 56 14 30 32 51 36 67 61 71 9 22 20 29 87 18 50 57 76 21 1 46 65 58 43 74 35 10 28 70 40 23 7 33 38 31 96 97 95 91 69 34 99
Coste: 22490438

GENERACION: 25
Mejor Solucion:  66 0 49 46 75 64 41 19 48 2 56 37 17 8 27 62 80 42 39 94 91 96 86 78 16 93 12 53 60 6 85 77 83 44 47 11 63 82 72 13 24 68 81 59 55 79 45 5 73 54 15 76 25 98 90 84 88 26 4 14 30 32 51 36 67 61 71 9 22 20 29 87 18 50 57 92 21 1 52 65 58 43 74 35 10 28 3 40 23 7 33 38 31 70 97 95 89 69 34 99
Coste: 22111159

GENERACION: 30
Mejor Solucion:  61 67 32 52 75 88 41 26 48 10 0 37 17 93 27 62 80 92 39 94 56 3 86 78 16 58 12 53 60 6 85 33 72 44 47 11 63 64 98 13 77 68 81 96 55 79 45 5 73 54 15 42 25 83 19 84 50 66 4 14 30 49 51 36 24 90 71 9 89 20 29 87 18 82 8 76 21 1 59 65 22 43 74 35 57 28 46 40 23 7 95 38 31 2 97 70 91 69 34 99
Coste: 21822585

GENERACION: 35
Mejor Solucion:  61 67 32 52 75 88 41 26 48 10 0 37 17 93 27 62 80 92 39 94 56 3 86 78 16 58 12 53 60 6 85 33 72 44 47 11 63 64 98 13 77 68 81 96 55 79 45 5 73 54 15 42 25 83 19 84 50 66 4 14 30 49 51 36 24 90 71 9 89 20 29 87 18 82 8 76 21 1 59 65 22 43 74 35 57 28 46 40 23 7 95 38 31 2 97 70 91 69 34 99
Coste: 21822585

GENERACION: 40
Mejor Solucion:  66 15 98 57 72 67 76 27 48 10 12 37 17 93 46 62 80 42 39 81 56 3 86 95 16 14 38 53 30 13 85 50 88 44 47 11 23 75 32 64 77 68 52 79 55 99 45 5 73 54 33 6 25 83 70 61 90 7 96 60 92 4 51 36 24 19 71 9 26 20 29 59 18 82 8 41 21 1 87 65 22 43 74 35 58 28 84 40 63 49 89 0 31 2 97 94 91 69 34 78
Coste: 21790871

GENERACION: 45
Mejor Solucion:  66 15 98 57 72 67 76 27 48 10 12 37 17 93 46 62 80 42 39 81 56 3 86 95 16 14 38 53 30 13 85 50 88 44 47 11 23 75 32 64 77 68 52 79 55 99 45 5 73 54 33 6 25 83 70 61 90 7 96 60 92 4 51 36 24 19 71 9 26 20 29 59 18 82 8 41 21 1 87 65 22 43 74 35 58 28 84 40 63 49 89 0 31 2 97 94 91 69 34 78
Coste: 21790871

GENERACION: 50
Mejor Solucion:  61 97 98 78 72 99 76 27 48 10 12 60 17 93 46 62 80 42 41 81 56 3 86 95 16 57 38 53 30 13 85 50 88 44 47 11 15 75 32 64 77 68 52 79 55 14 45 5 73 54 40 6 25 83 70 66 90 7 96 67 92 4 87 36 24 19 71 9 26 20 29 59 18 82 8 33 21 1 34 65 22 43 74 37 58 28 39 84 63 49 89 0 31 2 51 94 91 69 23 35
Coste: 21715556

GENERACION: 55
Mejor Solucion:  61 97 98 78 72 99 76 27 48 10 12 60 17 93 46 62 80 42 41 81 56 3 86 95 16 57 38 53 30 13 85 50 88 44 47 11 15 75 32 64 77 68 52 79 55 14 45 5 73 54 40 6 25 83 70 66 90 7 96 67 92 4 87 36 24 19 71 9 26 20 29 59 18 82 8 33 21 1 34 65 22 43 74 37 58 28 39 84 63 49 89 0 31 2 51 94 91 69 23 35
Coste: 21715556

GENERACION: 60
Mejor Solucion:  61 97 98 78 72 99 76 27 48 10 12 60 17 93 46 62 80 42 41 81 56 3 86 95 16 57 38 53 30 13 85 50 88 44 47 11 15 75 32 64 77 68 52 79 55 14 45 5 73 54 40 6 25 83 70 66 90 7 96 67 92 4 87 36 24 19 71 9 26 20 29 59 18 82 8 33 21 1 34 65 22 43 74 37 58 28 39 84 63 49 89 0 31 2 51 94 91 69 23 35
Coste: 21715556

GENERACION: 65
Mejor Solucion:  61 97 98 78 72 99 76 27 48 10 12 60 17 93 46 62 80 42 41 81 56 3 86 95 16 57 38 53 30 13 85 50 88 44 47 11 15 75 32 64 77 68 52 79 55 14 45 5 73 54 40 6 25 83 70 66 90 7 96 67 92 4 87 36 24 19 71 9 26 20 29 59 18 82 8 33 21 1 34 65 22 43 74 37 58 28 39 84 63 49 89 0 31 2 51 94 91 69 23 35
Coste: 21715556

GENERACION: 70
Mejor Solucion:  61 97 98 78 72 99 76 27 48 10 12 60 17 93 46 62 80 42 41 81 56 3 86 95 16 57 38 53 30 13 85 50 88 44 47 11 15 75 32 64 77 68 52 79 55 14 45 5 73 54 40 6 25 83 70 66 90 7 96 67 92 4 87 36 24 19 71 9 26 20 29 59 18 82 8 33 21 1 34 65 22 43 74 37 58 28 39 84 63 49 89 0 31 2 51 94 91 69 23 35
Coste: 21715556

GENERACION: 75
Mejor Solucion:  61 97 98 78 72 99 76 27 48 10 12 60 17 93 46 62 80 42 41 81 56 3 86 95 16 57 38 53 30 13 85 50 88 44 47 11 15 75 32 64 77 68 52 79 55 14 45 5 73 54 40 6 25 83 70 66 90 7 96 67 92 4 87 36 24 19 71 9 26 20 29 59 18 82 8 33 21 1 34 65 22 43 74 37 58 28 39 84 63 49 89 0 31 2 51 94 91 69 23 35
Coste: 21715556

GENERACION: 80
Mejor Solucion:  61 97 98 78 72 99 76 27 48 10 12 60 17 93 46 62 80 42 41 81 56 3 86 95 16 57 38 53 30 13 85 50 88 44 47 11 15 75 32 64 77 68 52 79 55 14 45 5 73 54 40 6 25 83 70 66 90 7 96 67 92 4 87 36 24 19 71 9 26 20 29 59 18 82 8 33 21 1 34 65 22 43 74 37 58 28 39 84 63 49 89 0 31 2 51 94 91 69 23 35
Coste: 21715556

GENERACION: 85
Mejor Solucion:  61 97 98 78 72 99 76 27 48 10 12 60 17 93 46 62 80 42 41 81 56 3 86 95 16 57 38 53 30 13 85 50 88 44 47 11 15 75 32 64 77 68 52 79 55 14 45 5 73 54 40 6 25 83 70 66 90 7 96 67 92 4 87 36 24 19 71 9 26 20 29 59 18 82 8 33 21 1 34 65 22 43 74 37 58 28 39 84 63 49 89 0 31 2 51 94 91 69 23 35
Coste: 21715556

GENERACION: 90
Mejor Solucion:  61 97 98 78 72 99 76 27 48 10 12 60 17 93 46 62 80 42 41 81 56 3 86 95 16 57 38 53 30 13 85 50 88 44 47 11 15 75 32 64 77 68 52 79 55 14 45 5 73 54 40 6 25 83 70 66 90 7 96 67 92 4 87 36 24 19 71 9 26 20 29 59 18 82 8 33 21 1 34 65 22 43 74 37 58 28 39 84 63 49 89 0 31 2 51 94 91 69 23 35
Coste: 21715556

GENERACION: 95
Mejor Solucion:  61 97 98 78 72 99 76 27 48 10 12 60 17 93 46 62 80 42 41 81 56 3 86 95 16 57 38 53 30 13 85 50 88 44 47 11 15 75 32 64 77 68 52 79 55 14 45 5 73 54 40 6 25 83 70 66 90 7 96 67 92 4 87 36 24 19 71 9 26 20 29 59 18 82 8 33 21 1 34 65 22 43 74 37 58 28 39 84 63 49 89 0 31 2 51 94 91 69 23 35
Coste: 21715556

GENERACION: 100
Mejor Solucion:  61 97 98 78 72 99 76 27 48 10 12 60 17 93 46 62 80 42 41 81 56 3 86 95 16 57 38 53 30 13 85 50 88 44 47 11 15 75 32 64 77 68 52 79 55 14 45 5 73 54 40 6 25 83 70 66 90 7 96 67 92 4 87 36 24 19 71 9 26 20 29 59 18 82 8 33 21 1 34 65 22 43 74 37 58 28 39 84 63 49 89 0 31 2 51 94 91 69 23 35
Coste: 21715556

GENERACION: 105
Mejor Solucion:  61 97 98 78 72 99 76 27 48 10 12 60 17 93 46 62 80 42 41 81 56 3 86 95 16 57 38 53 30 13 85 50 88 44 47 11 15 75 32 64 77 68 52 79 55 14 45 5 73 54 40 6 25 83 70 66 90 7 96 67 92 4 87 36 24 19 71 9 26 20 29 59 18 82 8 33 21 1 34 65 22 43 74 37 58 28 39 84 63 49 89 0 31 2 51 94 91 69 23 35
Coste: 21715556

GENERACION: 110
Mejor Solucion:  61 97 98 78 72 99 76 27 48 10 12 60 17 93 46 62 80 42 41 81 56 3 86 95 16 57 38 53 30 13 85 50 88 44 47 11 15 75 32 64 77 68 52 79 55 14 45 5 73 54 40 6 25 83 70 66 90 7 96 67 92 4 87 36 24 19 71 9 26 20 29 59 18 82 8 33 21 1 34 65 22 43 74 37 58 28 39 84 63 49 89 0 31 2 51 94 91 69 23 35
Coste: 21715556

GENERACION: 115
Mejor Solucion:  61 97 98 78 72 99 76 27 48 10 12 60 17 93 46 62 80 42 41 81 56 3 86 95 16 57 38 53 30 13 85 50 88 44 47 11 15 75 32 64 77 68 52 79 55 14 45 5 73 54 40 6 25 83 70 66 90 7 96 67 92 4 87 36 24 19 71 9 26 20 29 59 18 82 8 33 21 1 34 65 22 43 74 37 58 28 39 84 63 49 89 0 31 2 51 94 91 69 23 35
Coste: 21715556

GENERACION: 120
Mejor Solucion:  61 97 98 78 72 99 76 27 48 10 12 60 17 93 46 62 80 42 41 81 56 3 86 95 16 57 38 53 30 13 85 50 88 44 47 11 15 75 32 64 77 68 52 79 55 14 45 5 73 54 40 6 25 83 70 66 90 7 96 67 92 4 87 36 24 19 71 9 26 20 29 59 18 82 8 33 21 1 34 65 22 43 74 37 58 28 39 84 63 49 89 0 31 2 51 94 91 69 23 35
Coste: 21715556

GENERACION: 125
Mejor Solucion:  61 97 98 78 72 99 76 27 48 10 12 60 17 93 46 62 80 42 41 81 56 3 86 95 16 57 38 53 30 13 85 50 88 44 47 11 15 75 32 64 77 68 52 79 55 14 45 5 73 54 40 6 25 83 70 66 90 7 96 67 92 4 87 36 24 19 71 9 26 20 29 59 18 82 8 33 21 1 34 65 22 43 74 37 58 28 39 84 63 49 89 0 31 2 51 94 91 69 23 35
Coste: 21715556

GENERACION: 130
Mejor Solucion:  61 97 98 78 72 99 76 27 48 10 12 60 17 93 46 62 80 42 41 81 56 3 86 95 16 57 38 53 30 13 85 50 88 44 47 11 15 75 32 64 77 68 52 79 55 14 45 5 73 54 40 6 25 83 70 66 90 7 96 67 92 4 87 36 24 19 71 9 26 20 29 59 18 82 8 33 21 1 34 65 22 43 74 37 58 28 39 84 63 49 89 0 31 2 51 94 91 69 23 35
Coste: 21715556

GENERACION: 135
Mejor Solucion:  61 97 98 78 72 99 76 27 48 10 12 60 17 93 46 62 80 42 41 81 56 3 86 95 16 57 38 53 30 13 85 50 88 44 47 11 15 75 32 64 77 68 52 79 55 14 45 5 73 54 40 6 25 83 70 66 90 7 96 67 92 4 87 36 24 19 71 9 26 20 29 59 18 82 8 33 21 1 34 65 22 43 74 37 58 28 39 84 63 49 89 0 31 2 51 94 91 69 23 35
Coste: 21715556

GENERACION: 140
Mejor Solucion:  61 97 98 78 72 99 76 27 48 10 12 60 17 93 46 62 80 42 41 81 56 3 86 95 16 57 38 53 30 13 85 50 88 44 47 11 15 75 32 64 77 68 52 79 55 14 45 5 73 54 40 6 25 83 70 66 90 7 96 67 92 4 87 36 24 19 71 9 26 20 29 59 18 82 8 33 21 1 34 65 22 43 74 37 58 28 39 84 63 49 89 0 31 2 51 94 91 69 23 35
Coste: 21715556

GENERACION: 145
Mejor Solucion:  61 97 98 78 72 99 76 27 48 10 12 60 17 93 46 62 80 42 41 81 56 3 86 95 16 57 38 53 30 13 85 50 88 44 47 11 15 75 32 64 77 68 52 79 55 14 45 5 73 54 40 6 25 83 70 66 90 7 96 67 92 4 87 36 24 19 71 9 26 20 29 59 18 82 8 33 21 1 34 65 22 43 74 37 58 28 39 84 63 49 89 0 31 2 51 94 91 69 23 35
Coste: 21715556

GENERACION: 150
Mejor Solucion:  61 97 98 78 72 99 76 27 48 10 12 60 17 93 46 62 80 42 41 81 56 3 86 95 16 57 38 53 30 13 85 50 88 44 47 11 15 75 32 64 77 68 52 79 55 14 45 5 73 54 40 6 25 83 70 66 90 7 96 67 92 4 87 36 24 19 71 9 26 20 29 59 18 82 8 33 21 1 34 65 22 43 74 37 58 28 39 84 63 49 89 0 31 2 51 94 91 69 23 35
Coste: 21715556

GENERACION: 155
Mejor Solucion:  61 97 98 78 72 99 76 27 48 10 12 60 17 93 46 62 80 42 41 81 56 3 86 95 16 57 38 53 30 13 85 50 88 44 47 11 15 75 32 64 77 68 52 79 55 14 45 5 73 54 40 6 25 83 70 66 90 7 96 67 92 4 87 36 24 19 71 9 26 20 29 59 18 82 8 33 21 1 34 65 22 43 74 37 58 28 39 84 63 49 89 0 31 2 51 94 91 69 23 35
Coste: 21715556

GENERACION: 160
Mejor Solucion:  61 97 98 78 72 99 76 27 48 10 12 60 17 93 46 62 80 42 41 81 56 3 86 95 16 57 38 53 30 13 85 50 88 44 47 11 15 75 32 64 77 68 52 79 55 14 45 5 73 54 40 6 25 83 70 66 90 7 96 67 92 4 87 36 24 19 71 9 26 20 29 59 18 82 8 33 21 1 34 65 22 43 74 37 58 28 39 84 63 49 89 0 31 2 51 94 91 69 23 35
Coste: 21715556

GENERACION: 165
Mejor Solucion:  61 97 98 78 72 99 76 27 48 10 12 60 17 93 46 62 80 42 41 81 56 3 86 95 16 57 38 53 30 13 85 50 88 44 47 11 15 75 32 64 77 68 52 79 55 14 45 5 73 54 40 6 25 83 70 66 90 7 96 67 92 4 87 36 24 19 71 9 26 20 29 59 18 82 8 33 21 1 34 65 22 43 74 37 58 28 39 84 63 49 89 0 31 2 51 94 91 69 23 35
Coste: 21715556

GENERACION: 170
Mejor Solucion:  61 97 98 78 72 99 76 27 48 10 12 60 17 93 46 62 80 42 41 81 56 3 86 95 16 57 38 53 30 13 85 50 88 44 47 11 15 75 32 64 77 68 52 79 55 14 45 5 73 54 40 6 25 83 70 66 90 7 96 67 92 4 87 36 24 19 71 9 26 20 29 59 18 82 8 33 21 1 34 65 22 43 74 37 58 28 39 84 63 49 89 0 31 2 51 94 91 69 23 35
Coste: 21715556

GENERACION: 175
Mejor Solucion:  61 97 98 78 72 99 76 27 48 10 12 60 17 93 46 62 80 42 41 81 56 3 86 95 16 57 38 53 30 13 85 50 88 44 47 11 15 75 32 64 77 68 52 79 55 14 45 5 73 54 40 6 25 83 70 66 90 7 96 67 92 4 87 36 24 19 71 9 26 20 29 59 18 82 8 33 21 1 34 65 22 43 74 37 58 28 39 84 63 49 89 0 31 2 51 94 91 69 23 35
Coste: 21715556

GENERACION: 180
Mejor Solucion:  61 97 98 78 72 99 76 27 48 10 12 60 17 93 46 62 80 42 41 81 56 3 86 95 16 57 38 53 30 13 85 50 88 44 47 11 15 75 32 64 77 68 52 79 55 14 45 5 73 54 40 6 25 83 70 66 90 7 96 67 92 4 87 36 24 19 71 9 26 20 29 59 18 82 8 33 21 1 34 65 22 43 74 37 58 28 39 84 63 49 89 0 31 2 51 94 91 69 23 35
Coste: 21715556

GENERACION: 185
Mejor Solucion:  61 97 98 78 72 99 76 27 48 10 12 60 17 93 46 62 80 42 41 81 56 3 86 95 16 57 38 53 30 13 85 50 88 44 47 11 15 75 32 64 77 68 52 79 55 14 45 5 73 54 40 6 25 83 70 66 90 7 96 67 92 4 87 36 24 19 71 9 26 20 29 59 18 82 8 33 21 1 34 65 22 43 74 37 58 28 39 84 63 49 89 0 31 2 51 94 91 69 23 35
Coste: 21715556

GENERACION: 190
Mejor Solucion:  61 97 98 78 72 99 76 27 48 10 12 60 17 93 46 62 80 42 41 81 56 3 86 95 16 57 38 53 30 13 85 50 88 44 47 11 15 75 32 64 77 68 52 79 55 14 45 5 73 54 40 6 25 83 70 66 90 7 96 67 92 4 87 36 24 19 71 9 26 20 29 59 18 82 8 33 21 1 34 65 22 43 74 37 58 28 39 84 63 49 89 0 31 2 51 94 91 69 23 35
Coste: 21715556

GENERACION: 195
Mejor Solucion:  61 97 98 78 72 99 76 27 48 10 12 60 17 93 46 62 80 42 41 81 56 3 86 95 16 57 38 53 30 13 85 50 88 44 47 11 15 75 32 64 77 68 52 79 55 14 45 5 73 54 40 6 25 83 70 66 90 7 96 67 92 4 87 36 24 19 71 9 26 20 29 59 18 82 8 33 21 1 34 65 22 43 74 37 58 28 39 84 63 49 89 0 31 2 51 94 91 69 23 35
Coste: 21715556

GENERACION: 200
Mejor Solucion:  61 97 98 78 72 99 76 27 48 10 12 60 17 93 46 62 80 42 41 81 56 3 86 95 16 57 38 53 30 13 85 50 88 44 47 11 15 75 32 64 77 68 52 79 55 14 45 5 73 54 40 6 25 83 70 66 90 7 96 67 92 4 87 36 24 19 71 9 26 20 29 59 18 82 8 33 21 1 34 65 22 43 74 37 58 28 39 84 63 49 89 0 31 2 51 94 91 69 23 35
Coste: 21715556

GENERACION: 205
Mejor Solucion:  61 97 98 78 72 99 76 27 48 10 12 60 17 93 46 62 80 42 41 81 56 3 86 95 16 57 38 53 30 13 85 50 88 44 47 11 15 75 32 64 77 68 52 79 55 14 45 5 73 54 40 6 25 83 70 66 90 7 96 67 92 4 87 36 24 19 71 9 26 20 29 59 18 82 8 33 21 1 34 65 22 43 74 37 58 28 39 84 63 49 89 0 31 2 51 94 91 69 23 35
Coste: 21715556

GENERACION: 210
Mejor Solucion:  61 97 98 78 72 99 76 27 48 10 12 60 17 93 46 62 80 42 41 81 56 3 86 95 16 57 38 53 30 13 85 50 88 44 47 11 15 75 32 64 77 68 52 79 55 14 45 5 73 54 40 6 25 83 70 66 90 7 96 67 92 4 87 36 24 19 71 9 26 20 29 59 18 82 8 33 21 1 34 65 22 43 74 37 58 28 39 84 63 49 89 0 31 2 51 94 91 69 23 35
Coste: 21715556

GENERACION: 215
Mejor Solucion:  61 97 98 78 72 99 76 27 48 10 12 60 17 93 46 62 80 42 41 81 56 3 86 95 16 57 38 53 30 13 85 50 88 44 47 11 15 75 32 64 77 68 52 79 55 14 45 5 73 54 40 6 25 83 70 66 90 7 96 67 92 4 87 36 24 19 71 9 26 20 29 59 18 82 8 33 21 1 34 65 22 43 74 37 58 28 39 84 63 49 89 0 31 2 51 94 91 69 23 35
Coste: 21715556

GENERACION: 220
Mejor Solucion:  61 97 98 78 72 99 76 27 48 10 12 60 17 93 46 62 80 42 41 81 56 3 86 95 16 57 38 53 30 13 85 50 88 44 47 11 15 75 32 64 77 68 52 79 55 14 45 5 73 54 40 6 25 83 70 66 90 7 96 67 92 4 87 36 24 19 71 9 26 20 29 59 18 82 8 33 21 1 34 65 22 43 74 37 58 28 39 84 63 49 89 0 31 2 51 94 91 69 23 35
Coste: 21715556

GENERACION: 225
Mejor Solucion:  61 97 98 78 72 99 76 27 48 10 12 60 17 93 46 62 80 42 41 81 56 3 86 95 16 57 38 53 30 13 85 50 88 44 47 11 15 75 32 64 77 68 52 79 55 14 45 5 73 54 40 6 25 83 70 66 90 7 96 67 92 4 87 36 24 19 71 9 26 20 29 59 18 82 8 33 21 1 34 65 22 43 74 37 58 28 39 84 63 49 89 0 31 2 51 94 91 69 23 35
Coste: 21715556

GENERACION: 230
Mejor Solucion:  61 97 98 78 72 99 76 27 48 10 12 60 17 93 46 62 80 42 41 81 56 3 86 95 16 57 38 53 30 13 85 50 88 44 47 11 15 75 32 64 77 68 52 79 55 14 45 5 73 54 40 6 25 83 70 66 90 7 96 67 92 4 87 36 24 19 71 9 26 20 29 59 18 82 8 33 21 1 34 65 22 43 74 37 58 28 39 84 63 49 89 0 31 2 51 94 91 69 23 35
Coste: 21715556

GENERACION: 235
Mejor Solucion:  61 97 98 78 72 99 76 27 48 10 12 60 17 93 46 62 80 42 41 81 56 3 86 95 16 57 38 53 30 13 85 50 88 44 47 11 15 75 32 64 77 68 52 79 55 14 45 5 73 54 40 6 25 83 70 66 90 7 96 67 92 4 87 36 24 19 71 9 26 20 29 59 18 82 8 33 21 1 34 65 22 43 74 37 58 28 39 84 63 49 89 0 31 2 51 94 91 69 23 35
Coste: 21715556

GENERACION: 240
Mejor Solucion:  61 97 98 78 72 99 76 27 48 10 12 60 17 93 46 62 80 42 41 81 56 3 86 95 16 57 38 53 30 13 85 50 88 44 47 11 15 75 32 64 77 68 52 79 55 14 45 5 73 54 40 6 25 83 70 66 90 7 96 67 92 4 87 36 24 19 71 9 26 20 29 59 18 82 8 33 21 1 34 65 22 43 74 37 58 28 39 84 63 49 89 0 31 2 51 94 91 69 23 35
Coste: 21715556

GENERACION: 245
Mejor Solucion:  61 97 98 78 72 99 76 27 48 10 12 60 17 93 46 62 80 42 41 81 56 3 86 95 16 57 38 53 30 13 85 50 88 44 47 11 15 75 32 64 77 68 52 79 55 14 45 5 73 54 40 6 25 83 70 66 90 7 96 67 92 4 87 36 24 19 71 9 26 20 29 59 18 82 8 33 21 1 34 65 22 43 74 37 58 28 39 84 63 49 89 0 31 2 51 94 91 69 23 35
Coste: 21715556

GENERACION: 250
Mejor Solucion:  61 97 98 78 72 99 76 27 48 10 12 60 17 93 46 62 80 42 41 81 56 3 86 95 16 57 38 53 30 13 85 50 88 44 47 11 15 75 32 64 77 68 52 79 55 14 45 5 73 54 40 6 25 83 70 66 90 7 96 67 92 4 87 36 24 19 71 9 26 20 29 59 18 82 8 33 21 1 34 65 22 43 74 37 58 28 39 84 63 49 89 0 31 2 51 94 91 69 23 35
Coste: 21715556

GENERACION: 255
Mejor Solucion:  61 97 98 78 72 99 76 27 48 10 12 60 17 93 46 62 80 42 41 81 56 3 86 95 16 57 38 53 30 13 85 50 88 44 47 11 15 75 32 64 77 68 52 79 55 14 45 5 73 54 40 6 25 83 70 66 90 7 96 67 92 4 87 36 24 19 71 9 26 20 29 59 18 82 8 33 21 1 34 65 22 43 74 37 58 28 39 84 63 49 89 0 31 2 51 94 91 69 23 35
Coste: 21715556

GENERACION: 260
Mejor Solucion:  61 97 98 78 72 99 76 27 48 10 12 60 17 93 46 62 80 42 41 81 56 3 86 95 16 57 38 53 30 13 85 50 88 44 47 11 15 75 32 64 77 68 52 79 55 14 45 5 73 54 40 6 25 83 70 66 90 7 96 67 92 4 87 36 24 19 71 9 26 20 29 59 18 82 8 33 21 1 34 65 22 43 74 37 58 28 39 84 63 49 89 0 31 2 51 94 91 69 23 35
Coste: 21715556

GENERACION: 265
Mejor Solucion:  61 97 98 78 72 99 76 27 48 10 12 60 17 93 46 62 80 42 41 81 56 3 86 95 16 57 38 53 30 13 85 50 88 44 47 11 15 75 32 64 77 68 52 79 55 14 45 5 73 54 40 6 25 83 70 66 90 7 96 67 92 4 87 36 24 19 71 9 26 20 29 59 18 82 8 33 21 1 34 65 22 43 74 37 58 28 39 84 63 49 89 0 31 2 51 94 91 69 23 35
Coste: 21715556

GENERACION: 270
Mejor Solucion:  61 97 98 78 72 99 76 27 48 10 12 60 17 93 46 62 80 42 41 81 56 3 86 95 16 57 38 53 30 13 85 50 88 44 47 11 15 75 32 64 77 68 52 79 55 14 45 5 73 54 40 6 25 83 70 66 90 7 96 67 92 4 87 36 24 19 71 9 26 20 29 59 18 82 8 33 21 1 34 65 22 43 74 37 58 28 39 84 63 49 89 0 31 2 51 94 91 69 23 35
Coste: 21715556

GENERACION: 275
Mejor Solucion:  61 97 98 78 72 99 76 27 48 10 12 60 17 93 46 62 80 42 41 81 56 3 86 95 16 57 38 53 30 13 85 50 88 44 47 11 15 75 32 64 77 68 52 79 55 14 45 5 73 54 40 6 25 83 70 66 90 7 96 67 92 4 87 36 24 19 71 9 26 20 29 59 18 82 8 33 21 1 34 65 22 43 74 37 58 28 39 84 63 49 89 0 31 2 51 94 91 69 23 35
Coste: 21715556

GENERACION: 280
Mejor Solucion:  61 97 98 78 72 99 76 27 48 10 12 60 17 93 46 62 80 42 41 81 56 3 86 95 16 57 38 53 30 13 85 50 88 44 47 11 15 75 32 64 77 68 52 79 55 14 45 5 73 54 40 6 25 83 70 66 90 7 96 67 92 4 87 36 24 19 71 9 26 20 29 59 18 82 8 33 21 1 34 65 22 43 74 37 58 28 39 84 63 49 89 0 31 2 51 94 91 69 23 35
Coste: 21715556

GENERACION: 285
Mejor Solucion:  61 97 98 78 72 99 76 27 48 10 12 60 17 93 46 62 80 42 41 81 56 3 86 95 16 57 38 53 30 13 85 50 88 44 47 11 15 75 32 64 77 68 52 79 55 14 45 5 73 54 40 6 25 83 70 66 90 7 96 67 92 4 87 36 24 19 71 9 26 20 29 59 18 82 8 33 21 1 34 65 22 43 74 37 58 28 39 84 63 49 89 0 31 2 51 94 91 69 23 35
Coste: 21715556

GENERACION: 290
Mejor Solucion:  61 97 98 78 72 99 76 27 48 10 12 60 17 93 46 62 80 42 41 81 56 3 86 95 16 57 38 53 30 13 85 50 88 44 47 11 15 75 32 64 77 68 52 79 55 14 45 5 73 54 40 6 25 83 70 66 90 7 96 67 92 4 87 36 24 19 71 9 26 20 29 59 18 82 8 33 21 1 34 65 22 43 74 37 58 28 39 84 63 49 89 0 31 2 51 94 91 69 23 35
Coste: 21715556

GENERACION: 295
Mejor Solucion:  61 97 98 78 72 99 76 27 48 10 12 60 17 93 46 62 80 42 41 81 56 3 86 95 16 57 38 53 30 13 85 50 88 44 47 11 15 75 32 64 77 68 52 79 55 14 45 5 73 54 40 6 25 83 70 66 90 7 96 67 92 4 87 36 24 19 71 9 26 20 29 59 18 82 8 33 21 1 34 65 22 43 74 37 58 28 39 84 63 49 89 0 31 2 51 94 91 69 23 35
Coste: 21715556

GENERACION: 300
Mejor Solucion:  61 97 98 78 72 99 76 27 48 10 12 60 17 93 46 62 80 42 41 81 56 3 86 95 16 57 38 53 30 13 85 50 88 44 47 11 15 75 32 64 77 68 52 79 55 14 45 5 73 54 40 6 25 83 70 66 90 7 96 67 92 4 87 36 24 19 71 9 26 20 29 59 18 82 8 33 21 1 34 65 22 43 74 37 58 28 39 84 63 49 89 0 31 2 51 94 91 69 23 35
Coste: 21715556

GENERACION: 305
Mejor Solucion:  61 97 98 78 72 99 76 27 48 10 12 60 17 93 46 62 80 42 41 81 56 3 86 95 16 57 38 53 30 13 85 50 88 44 47 11 15 75 32 64 77 68 52 79 55 14 45 5 73 54 40 6 25 83 70 66 90 7 96 67 92 4 87 36 24 19 71 9 26 20 29 59 18 82 8 33 21 1 34 65 22 43 74 37 58 28 39 84 63 49 89 0 31 2 51 94 91 69 23 35
Coste: 21715556

GENERACION: 310
Mejor Solucion:  61 97 98 78 72 99 76 27 48 10 12 60 17 93 46 62 80 42 41 81 56 3 86 95 16 57 38 53 30 13 85 50 88 44 47 11 15 75 32 64 77 68 52 79 55 14 45 5 73 54 40 6 25 83 70 66 90 7 96 67 92 4 87 36 24 19 71 9 26 20 29 59 18 82 8 33 21 1 34 65 22 43 74 37 58 28 39 84 63 49 89 0 31 2 51 94 91 69 23 35
Coste: 21715556

GENERACION: 315
Mejor Solucion:  61 97 98 78 72 99 76 27 48 10 12 60 17 93 46 62 80 42 41 81 56 3 86 95 16 57 38 53 30 13 85 50 88 44 47 11 15 75 32 64 77 68 52 79 55 14 45 5 73 54 40 6 25 83 70 66 90 7 96 67 92 4 87 36 24 19 71 9 26 20 29 59 18 82 8 33 21 1 34 65 22 43 74 37 58 28 39 84 63 49 89 0 31 2 51 94 91 69 23 35
Coste: 21715556

GENERACION: 320
Mejor Solucion:  61 97 98 78 72 99 76 27 48 10 12 60 17 93 46 62 80 42 41 81 56 3 86 95 16 57 38 53 30 13 85 50 88 44 47 11 15 75 32 64 77 68 52 79 55 14 45 5 73 54 40 6 25 83 70 66 90 7 96 67 92 4 87 36 24 19 71 9 26 20 29 59 18 82 8 33 21 1 34 65 22 43 74 37 58 28 39 84 63 49 89 0 31 2 51 94 91 69 23 35
Coste: 21715556

GENERACION: 325
Mejor Solucion:  61 97 98 78 72 99 76 27 48 10 12 60 17 93 46 62 80 42 41 81 56 3 86 95 16 57 38 53 30 13 85 50 88 44 47 11 15 75 32 64 77 68 52 79 55 14 45 5 73 54 40 6 25 83 70 66 90 7 96 67 92 4 87 36 24 19 71 9 26 20 29 59 18 82 8 33 21 1 34 65 22 43 74 37 58 28 39 84 63 49 89 0 31 2 51 94 91 69 23 35
Coste: 21715556

GENERACION: 330
Mejor Solucion:  61 97 98 78 72 99 76 27 48 10 12 60 17 93 46 62 80 42 41 81 56 3 86 95 16 57 38 53 30 13 85 50 88 44 47 11 15 75 32 64 77 68 52 79 55 14 45 5 73 54 40 6 25 83 70 66 90 7 96 67 92 4 87 36 24 19 71 9 26 20 29 59 18 82 8 33 21 1 34 65 22 43 74 37 58 28 39 84 63 49 89 0 31 2 51 94 91 69 23 35
Coste: 21715556

GENERACION: 335
Mejor Solucion:  61 97 98 78 72 99 76 27 48 10 12 60 17 93 46 62 80 42 41 81 56 3 86 95 16 57 38 53 30 13 85 50 88 44 47 11 15 75 32 64 77 68 52 79 55 14 45 5 73 54 40 6 25 83 70 66 90 7 96 67 92 4 87 36 24 19 71 9 26 20 29 59 18 82 8 33 21 1 34 65 22 43 74 37 58 28 39 84 63 49 89 0 31 2 51 94 91 69 23 35
Coste: 21715556

GENERACION: 340
Mejor Solucion:  61 97 98 78 72 99 76 27 48 10 12 60 17 93 46 62 80 42 41 81 56 3 86 95 16 57 38 53 30 13 85 50 88 44 47 11 15 75 32 64 77 68 52 79 55 14 45 5 73 54 40 6 25 83 70 66 90 7 96 67 92 4 87 36 24 19 71 9 26 20 29 59 18 82 8 33 21 1 34 65 22 43 74 37 58 28 39 84 63 49 89 0 31 2 51 94 91 69 23 35
Coste: 21715556

GENERACION: 345
Mejor Solucion:  61 97 98 78 72 99 76 27 48 10 12 60 17 93 46 62 80 42 41 81 56 3 86 95 16 57 38 53 30 13 85 50 88 44 47 11 15 75 32 64 77 68 52 79 55 14 45 5 73 54 40 6 25 83 70 66 90 7 96 67 92 4 87 36 24 19 71 9 26 20 29 59 18 82 8 33 21 1 34 65 22 43 74 37 58 28 39 84 63 49 89 0 31 2 51 94 91 69 23 35
Coste: 21715556

GENERACION: 350
Mejor Solucion:  61 97 98 78 72 99 76 27 48 10 12 60 17 93 46 62 80 42 41 81 56 3 86 95 16 57 38 53 30 13 85 50 88 44 47 11 15 75 32 64 77 68 52 79 55 14 45 5 73 54 40 6 25 83 70 66 90 7 96 67 92 4 87 36 24 19 71 9 26 20 29 59 18 82 8 33 21 1 34 65 22 43 74 37 58 28 39 84 63 49 89 0 31 2 51 94 91 69 23 35
Coste: 21715556

GENERACION: 355
Mejor Solucion:  61 97 98 78 72 99 76 27 48 10 12 60 17 93 46 62 80 42 41 81 56 3 86 95 16 57 38 53 30 13 85 50 88 44 47 11 15 75 32 64 77 68 52 79 55 14 45 5 73 54 40 6 25 83 70 66 90 7 96 67 92 4 87 36 24 19 71 9 26 20 29 59 18 82 8 33 21 1 34 65 22 43 74 37 58 28 39 84 63 49 89 0 31 2 51 94 91 69 23 35
Coste: 21715556

GENERACION: 360
Mejor Solucion:  61 97 98 78 72 99 76 27 48 10 12 60 17 93 46 62 80 42 41 81 56 3 86 95 16 57 38 53 30 13 85 50 88 44 47 11 15 75 32 64 77 68 52 79 55 14 45 5 73 54 40 6 25 83 70 66 90 7 96 67 92 4 87 36 24 19 71 9 26 20 29 59 18 82 8 33 21 1 34 65 22 43 74 37 58 28 39 84 63 49 89 0 31 2 51 94 91 69 23 35
Coste: 21715556

GENERACION: 365
Mejor Solucion:  61 97 98 78 72 99 76 27 48 10 12 60 17 93 46 62 80 42 41 81 56 3 86 95 16 57 38 53 30 13 85 50 88 44 47 11 15 75 32 64 77 68 52 79 55 14 45 5 73 54 40 6 25 83 70 66 90 7 96 67 92 4 87 36 24 19 71 9 26 20 29 59 18 82 8 33 21 1 34 65 22 43 74 37 58 28 39 84 63 49 89 0 31 2 51 94 91 69 23 35
Coste: 21715556

GENERACION: 370
Mejor Solucion:  61 97 98 78 72 99 76 27 48 10 12 60 17 93 46 62 80 42 41 81 56 3 86 95 16 57 38 53 30 13 85 50 88 44 47 11 15 75 32 64 77 68 52 79 55 14 45 5 73 54 40 6 25 83 70 66 90 7 96 67 92 4 87 36 24 19 71 9 26 20 29 59 18 82 8 33 21 1 34 65 22 43 74 37 58 28 39 84 63 49 89 0 31 2 51 94 91 69 23 35
Coste: 21715556

GENERACION: 375
Mejor Solucion:  61 97 98 78 72 99 76 27 48 10 12 60 17 93 46 62 80 42 41 81 56 3 86 95 16 57 38 53 30 13 85 50 88 44 47 11 15 75 32 64 77 68 52 79 55 14 45 5 73 54 40 6 25 83 70 66 90 7 96 67 92 4 87 36 24 19 71 9 26 20 29 59 18 82 8 33 21 1 34 65 22 43 74 37 58 28 39 84 63 49 89 0 31 2 51 94 91 69 23 35
Coste: 21715556

GENERACION: 380
Mejor Solucion:  61 97 98 78 72 99 76 27 48 10 12 60 17 93 46 62 80 42 41 81 56 3 86 95 16 57 38 53 30 13 85 50 88 44 47 11 15 75 32 64 77 68 52 79 55 14 45 5 73 54 40 6 25 83 70 66 90 7 96 67 92 4 87 36 24 19 71 9 26 20 29 59 18 82 8 33 21 1 34 65 22 43 74 37 58 28 39 84 63 49 89 0 31 2 51 94 91 69 23 35
Coste: 21715556

GENERACION: 385
Mejor Solucion:  61 97 98 78 72 99 76 27 48 10 12 60 17 93 46 62 80 42 41 81 56 3 86 95 16 57 38 53 30 13 85 50 88 44 47 11 15 75 32 64 77 68 52 79 55 14 45 5 73 54 40 6 25 83 70 66 90 7 96 67 92 4 87 36 24 19 71 9 26 20 29 59 18 82 8 33 21 1 34 65 22 43 74 37 58 28 39 84 63 49 89 0 31 2 51 94 91 69 23 35
Coste: 21715556

GENERACION: 390
Mejor Solucion:  61 97 98 78 72 99 76 27 48 10 12 60 17 93 46 62 80 42 41 81 56 3 86 95 16 57 38 53 30 13 85 50 88 44 47 11 15 75 32 64 77 68 52 79 55 14 45 5 73 54 40 6 25 83 70 66 90 7 96 67 92 4 87 36 24 19 71 9 26 20 29 59 18 82 8 33 21 1 34 65 22 43 74 37 58 28 39 84 63 49 89 0 31 2 51 94 91 69 23 35
Coste: 21715556

GENERACION: 395
Mejor Solucion:  61 97 98 78 72 99 76 27 48 10 12 60 17 93 46 62 80 42 41 81 56 3 86 95 16 57 38 53 30 13 85 50 88 44 47 11 15 75 32 64 77 68 52 79 55 14 45 5 73 54 40 6 25 83 70 66 90 7 96 67 92 4 87 36 24 19 71 9 26 20 29 59 18 82 8 33 21 1 34 65 22 43 74 37 58 28 39 84 63 49 89 0 31 2 51 94 91 69 23 35
Coste: 21715556

GENERACION: 400
Mejor Solucion:  61 97 98 78 72 99 76 27 48 10 12 60 17 93 46 62 80 42 41 81 56 3 86 95 16 57 38 53 30 13 85 50 88 44 47 11 15 75 32 64 77 68 52 79 55 14 45 5 73 54 40 6 25 83 70 66 90 7 96 67 92 4 87 36 24 19 71 9 26 20 29 59 18 82 8 33 21 1 34 65 22 43 74 37 58 28 39 84 63 49 89 0 31 2 51 94 91 69 23 35
Coste: 21715556

GENERACION: 405
Mejor Solucion:  61 97 98 78 72 99 76 27 48 10 12 60 17 93 46 62 80 42 41 81 56 3 86 95 16 57 38 53 30 13 85 50 88 44 47 11 15 75 32 64 77 68 52 79 55 14 45 5 73 54 40 6 25 83 70 66 90 7 96 67 92 4 87 36 24 19 71 9 26 20 29 59 18 82 8 33 21 1 34 65 22 43 74 37 58 28 39 84 63 49 89 0 31 2 51 94 91 69 23 35
Coste: 21715556

GENERACION: 410
Mejor Solucion:  86 75 72 44 24 23 51 40 56 1 74 12 91 45 21 97 76 81 27 87 28 22 99 17 78 34 79 62 57 37 92 82 46 47 30 42 25 54 66 2 10 29 11 4 48 8 38 88 6 14 50 41 19 36 32 35 43 67 93 68 84 33 15 80 69 58 55 16 26 70 64 59 89 77 52 73 63 95 71 65 49 96 9 83 5 7 3 94 13 20 60 18 31 61 90 0 53 98 39 85
Coste: 21698129

GENERACION: 415
Mejor Solucion:  86 75 72 44 24 23 51 40 56 1 74 12 91 45 21 97 76 81 27 87 28 22 99 17 78 34 79 62 57 37 92 82 46 47 30 42 25 54 66 2 10 29 11 4 48 8 38 88 6 14 50 41 19 36 32 35 43 67 93 68 84 33 15 80 69 58 55 16 26 70 64 59 89 77 52 73 63 95 71 65 49 96 9 83 5 7 3 94 13 20 60 18 31 61 90 0 53 98 39 85
Coste: 21698129

GENERACION: 420
Mejor Solucion:  86 75 72 44 24 23 51 40 56 1 74 12 91 45 21 97 76 81 27 87 28 22 99 17 78 34 79 62 57 37 92 82 46 47 30 42 25 54 66 84 10 29 11 4 48 8 38 88 6 14 50 41 19 36 32 35 43 67 93 68 2 33 15 80 69 58 55 16 26 70 64 59 89 77 52 73 63 95 71 65 49 96 9 83 5 7 3 94 13 20 60 18 31 61 90 0 53 98 39 85
Coste: 21696783

GENERACION: 425
Mejor Solucion:  86 75 72 44 24 23 51 40 56 1 74 12 91 45 21 97 76 81 27 87 28 22 99 17 78 34 79 62 57 37 92 82 46 47 30 42 25 54 66 84 10 29 11 4 48 8 38 88 6 14 50 41 19 36 32 35 43 67 93 68 2 33 15 80 69 58 55 16 26 70 64 59 89 77 52 73 63 95 71 65 49 96 9 83 5 7 3 94 13 20 60 18 31 61 90 0 53 98 39 85
Coste: 21696783

GENERACION: 430
Mejor Solucion:  29 2 56 86 91 8 7 90 42 49 36 12 46 64 52 31 84 78 6 40 24 54 77 33 97 35 14 72 1 13 92 68 34 95 69 19 22 51 73 50 10 63 45 75 11 23 25 26 18 65 17 66 94 28 44 55 43 85 48 74 20 82 15 27 70 87 9 99 61 32 41 3 59 81 67 5 62 71 80 38 89 37 76 88 47 30 4 0 93 83 16 79 53 21 58 57 96 98 39 60
Coste: 21688888

GENERACION: 435
Mejor Solucion:  29 2 56 86 91 8 7 90 42 49 36 12 46 64 52 31 84 78 6 40 24 54 77 33 97 35 14 72 1 13 92 68 34 95 69 19 22 51 73 50 10 63 45 75 11 23 25 26 18 65 17 66 94 28 44 55 43 85 48 74 20 82 15 27 70 87 9 99 61 32 41 3 59 81 67 5 62 71 80 38 89 37 76 88 47 30 4 0 93 83 16 79 53 21 58 57 96 98 39 60
Coste: 21688888

GENERACION: 440
Mejor Solucion:  29 2 56 86 91 8 7 90 42 49 36 12 46 64 52 31 84 78 6 40 24 54 77 33 97 35 14 72 1 13 92 68 34 95 69 19 22 51 73 50 10 63 45 75 11 23 25 26 18 65 17 66 94 28 44 55 43 85 48 74 20 82 15 27 70 87 9 99 61 32 41 3 59 81 67 5 62 71 80 38 89 37 76 88 47 30 4 0 93 83 16 79 53 21 58 57 96 98 39 60
Coste: 21688888

GENERACION: 445
Mejor Solucion:  29 2 56 86 91 8 7 90 42 49 36 12 46 64 52 31 84 78 6 40 24 54 77 33 97 35 14 72 1 13 92 68 34 95 69 19 22 51 73 50 10 63 45 75 11 23 25 26 18 65 17 66 94 28 44 55 43 85 48 74 20 82 15 27 70 87 9 99 61 32 41 3 59 81 67 5 62 71 80 38 89 37 76 88 47 30 4 0 93 83 16 79 53 21 58 57 96 98 39 60
Coste: 21688888

GENERACION: 450
Mejor Solucion:  29 2 56 86 91 8 7 90 42 49 36 12 46 64 52 31 84 78 6 40 24 54 77 33 97 35 14 72 1 13 92 68 34 95 69 19 22 51 73 50 10 63 45 75 11 23 25 26 18 65 17 66 94 28 44 55 43 85 48 74 20 82 15 27 70 87 9 99 61 32 41 3 59 81 67 5 62 71 80 38 89 37 76 88 47 30 4 0 93 83 16 79 53 21 58 57 96 98 39 60
Coste: 21688888

GENERACION: 455
Mejor Solucion:  29 2 56 86 91 8 7 90 42 49 36 12 46 64 52 31 84 78 6 40 24 54 77 33 97 35 14 72 1 13 92 68 34 95 69 19 22 51 73 50 10 63 45 75 11 23 25 26 18 65 17 66 94 28 44 55 43 85 48 74 20 82 15 27 70 87 9 99 61 32 41 3 59 81 67 5 62 71 80 38 89 37 76 88 47 30 4 0 93 83 16 79 53 21 58 57 96 98 39 60
Coste: 21688888

GENERACION: 460
Mejor Solucion:  29 2 56 86 91 8 7 90 42 49 36 12 46 64 52 31 84 78 6 40 24 54 77 33 97 35 14 72 1 13 92 68 34 95 69 19 22 51 73 50 10 63 45 75 11 23 25 26 18 65 17 66 94 28 44 55 43 85 48 74 20 82 15 27 70 87 9 99 61 32 41 3 59 81 67 5 62 71 80 38 89 37 76 88 47 30 4 0 93 83 16 79 53 21 58 57 96 98 39 60
Coste: 21688888

GENERACION: 465
Mejor Solucion:  29 2 56 86 91 8 7 90 42 49 36 12 46 64 52 31 84 78 6 40 24 54 77 33 97 35 14 72 1 13 92 68 34 95 69 19 22 51 73 50 10 63 45 75 11 23 25 26 18 65 17 66 94 28 44 55 43 85 48 74 20 82 15 27 70 87 9 99 61 32 41 3 59 81 67 5 62 71 80 38 89 37 76 88 47 30 4 0 93 83 16 79 53 21 58 57 96 98 39 60
Coste: 21688888

GENERACION: 470
Mejor Solucion:  29 2 56 86 91 8 7 90 42 49 36 12 46 64 52 31 84 78 6 40 24 54 77 33 97 35 14 72 1 13 92 68 34 95 69 19 22 51 73 50 10 63 45 75 11 23 25 26 18 65 17 66 94 28 44 55 43 85 48 74 20 82 15 27 70 87 9 99 61 32 41 3 59 81 67 5 62 71 80 38 89 37 76 88 47 30 4 0 93 83 16 79 53 21 58 57 96 98 39 60
Coste: 21688888

GENERACION: 475
Mejor Solucion:  29 2 56 86 91 8 7 90 42 49 36 12 46 64 52 31 84 78 6 40 24 54 77 33 97 35 14 72 1 13 92 68 34 95 69 19 22 51 73 50 10 63 45 75 11 23 25 26 18 65 17 66 94 28 44 55 43 85 48 74 20 82 15 27 70 87 9 99 61 32 41 3 59 81 67 5 62 71 80 38 89 37 76 88 47 30 4 0 93 83 16 79 53 21 58 57 96 98 39 60
Coste: 21688888

GENERACION: 480
Mejor Solucion:  29 2 56 86 91 8 7 90 42 49 36 12 46 64 52 31 84 78 6 40 24 54 77 33 97 35 14 72 1 13 92 68 34 95 69 19 22 51 73 50 10 63 45 75 11 23 25 26 18 65 17 66 94 28 44 55 43 85 48 74 20 82 15 27 70 87 9 99 61 32 41 3 59 81 67 5 62 71 80 38 89 37 76 88 47 30 4 0 93 83 16 79 53 21 58 57 96 98 39 60
Coste: 21688888

GENERACION: 485
Mejor Solucion:  29 2 56 86 91 8 7 90 42 49 36 12 46 64 52 31 84 78 6 40 24 54 77 33 97 35 14 72 1 13 92 68 34 95 69 19 22 51 73 50 10 63 45 75 11 23 25 26 18 65 17 66 94 28 44 55 43 85 48 74 20 82 15 27 70 87 9 99 61 32 41 3 59 81 67 5 62 71 80 38 89 37 76 88 47 30 4 0 93 83 16 79 53 21 58 57 96 98 39 60
Coste: 21688888

GENERACION: 490
Mejor Solucion:  29 2 56 86 91 8 7 90 42 49 36 12 46 64 52 31 84 78 6 40 24 54 77 33 97 35 14 72 1 13 92 68 34 95 69 19 22 51 73 50 10 63 45 75 11 23 25 26 18 65 17 66 94 28 44 55 43 85 48 74 20 82 15 27 70 87 9 99 61 32 41 3 59 81 67 5 62 71 80 38 89 37 76 88 47 30 4 0 93 83 16 79 53 21 58 57 96 98 39 60
Coste: 21688888

GENERACION: 495
Mejor Solucion:  29 2 56 86 91 8 7 90 42 49 36 12 46 64 52 31 84 78 6 40 24 54 77 33 97 35 14 72 1 13 92 68 34 95 69 19 22 51 73 50 10 63 45 75 11 23 25 26 18 65 17 66 94 28 44 55 43 85 48 74 20 82 15 27 70 87 9 99 61 32 41 3 59 81 67 5 62 71 80 38 89 37 76 88 47 30 4 0 93 83 16 79 53 21 58 57 96 98 39 60
Coste: 21688888

GENERACION: 500
Mejor Solucion:  29 2 56 86 91 8 7 90 42 49 36 12 46 64 52 31 84 78 6 40 24 54 77 33 97 35 14 72 1 13 92 68 34 95 69 19 22 51 73 50 10 63 45 75 11 23 25 26 18 65 17 66 94 28 44 55 43 85 48 74 20 82 15 27 70 87 9 99 61 32 41 3 59 81 67 5 62 71 80 38 89 37 76 88 47 30 4 0 93 83 16 79 53 21 58 57 96 98 39 60
Coste: 21688888

GENERACION: 505
Mejor Solucion:  29 2 56 86 91 8 7 90 42 49 36 12 46 64 52 31 84 78 6 40 24 54 77 33 97 35 14 72 1 13 92 68 34 95 69 19 22 51 73 50 10 63 45 75 11 23 25 26 18 65 17 66 94 28 44 55 43 85 48 74 20 82 15 27 70 87 9 99 61 32 41 3 59 81 67 5 62 71 80 38 89 37 76 88 47 30 4 0 93 83 16 79 53 21 58 57 96 98 39 60
Coste: 21688888

GENERACION: 510
Mejor Solucion:  29 2 56 86 91 8 7 90 42 49 36 12 46 64 52 31 84 78 6 40 24 54 77 33 97 35 14 72 1 13 92 68 34 95 69 19 22 51 73 50 10 63 45 75 11 23 25 26 18 65 17 66 94 28 44 55 43 85 48 74 20 82 15 27 70 87 9 99 61 32 41 3 59 81 67 5 62 71 80 38 89 37 76 88 47 30 4 0 93 83 16 79 53 21 58 57 96 98 39 60
Coste: 21688888

GENERACION: 515
Mejor Solucion:  29 2 56 86 91 8 7 90 42 49 36 12 46 64 52 31 84 78 6 40 24 54 77 33 97 35 14 72 1 13 92 68 34 95 69 19 22 51 73 50 10 63 45 75 11 23 25 26 18 65 17 66 94 28 44 55 43 85 48 74 20 82 15 27 70 87 9 99 61 32 41 3 59 81 67 5 62 71 80 38 89 37 76 88 47 30 4 0 93 83 16 79 53 21 58 57 96 98 39 60
Coste: 21688888

GENERACION: 520
Mejor Solucion:  29 2 56 86 91 8 7 90 42 49 36 12 46 64 52 31 84 78 6 40 24 54 77 33 97 35 14 72 1 13 92 68 34 95 69 19 22 51 73 50 10 63 45 75 11 23 25 26 18 65 17 66 94 28 44 55 43 85 48 74 20 82 15 27 70 87 9 99 61 32 41 3 59 81 67 5 62 71 80 38 89 37 76 88 47 30 4 0 93 83 16 79 53 21 58 57 96 98 39 60
Coste: 21688888

GENERACION: 525
Mejor Solucion:  29 2 56 86 91 8 7 90 42 49 36 12 46 64 52 31 84 78 6 40 24 54 77 33 97 35 14 72 1 13 92 68 34 95 69 19 22 51 73 50 10 63 45 75 11 23 25 26 18 65 17 66 94 28 44 55 43 85 48 74 20 82 15 27 70 87 9 99 61 32 41 3 59 81 67 5 62 71 80 38 89 37 76 88 47 30 4 0 93 83 16 79 53 21 58 57 96 98 39 60
Coste: 21688888

GENERACION: 530
Mejor Solucion:  29 2 56 86 91 8 7 90 42 49 36 12 46 64 52 31 84 78 6 40 24 54 77 33 97 35 14 72 1 13 92 68 34 95 69 19 22 51 73 50 10 63 45 75 11 23 25 26 18 65 17 66 94 28 44 55 43 85 48 74 20 82 15 27 70 87 9 99 61 32 41 3 59 81 67 5 62 71 80 38 89 37 76 88 47 30 4 0 93 83 16 79 53 21 58 57 96 98 39 60
Coste: 21688888

GENERACION: 535
Mejor Solucion:  29 2 56 86 91 8 7 90 42 49 36 12 46 64 52 31 84 78 6 40 24 54 77 33 97 35 14 72 1 13 92 68 34 95 69 19 22 51 73 50 10 63 45 75 11 23 25 26 18 65 17 66 94 28 44 55 43 85 48 74 20 82 15 27 70 87 9 99 61 32 41 3 59 81 67 5 62 71 80 38 89 37 76 88 47 30 4 0 93 83 16 79 53 21 58 57 96 98 39 60
Coste: 21688888

GENERACION: 540
Mejor Solucion:  29 2 56 86 91 8 7 90 42 49 36 12 46 64 52 31 84 78 6 40 24 54 77 33 97 35 14 72 1 13 92 68 34 95 69 19 22 51 73 50 10 63 45 75 11 23 25 26 18 65 17 66 94 28 44 55 43 85 48 74 20 82 15 27 70 87 9 99 61 32 41 3 59 81 67 5 62 71 80 38 89 37 76 88 47 30 4 0 93 83 16 79 53 21 58 57 96 98 39 60
Coste: 21688888

GENERACION: 545
Mejor Solucion:  29 2 56 86 91 8 7 90 42 49 36 12 46 64 52 31 84 78 6 40 24 54 77 33 97 35 14 72 1 13 92 68 34 95 69 19 22 51 73 50 10 63 45 75 11 23 25 26 18 65 17 66 94 28 44 55 43 85 48 74 20 82 15 27 70 87 9 99 61 32 41 3 59 81 67 5 62 71 80 38 89 37 76 88 47 30 4 0 93 83 16 79 53 21 58 57 96 98 39 60
Coste: 21688888

GENERACION: 550
Mejor Solucion:  29 2 56 86 91 8 7 90 42 49 36 12 46 64 52 31 84 78 6 40 24 54 77 33 97 35 14 72 1 13 92 68 34 95 69 19 22 51 73 50 10 63 45 75 11 23 25 26 18 65 17 66 94 28 44 55 43 85 48 74 20 82 15 27 70 87 9 99 61 32 41 3 59 81 67 5 62 71 80 38 89 37 76 88 47 30 4 0 93 83 16 79 53 21 58 57 96 98 39 60
Coste: 21688888

GENERACION: 555
Mejor Solucion:  29 2 56 86 91 8 7 90 42 49 36 12 46 64 52 31 84 78 6 40 24 54 77 33 97 35 14 72 1 13 92 68 34 95 69 19 22 51 73 50 10 63 45 75 11 23 25 26 18 65 17 66 94 28 44 55 43 85 48 74 20 82 15 27 70 87 9 99 61 32 41 3 59 81 67 5 62 71 80 38 89 37 76 88 47 30 4 0 93 83 16 79 53 21 58 57 96 98 39 60
Coste: 21688888

GENERACION: 560
Mejor Solucion:  29 2 56 86 91 8 7 90 42 49 36 12 46 64 52 31 84 78 6 40 24 54 77 33 97 35 14 72 1 13 92 68 34 95 69 19 22 51 73 50 10 63 45 75 11 23 25 26 18 65 17 66 94 28 44 55 43 85 48 74 20 82 15 27 70 87 9 99 61 32 41 3 59 81 67 5 62 71 80 38 89 37 76 88 47 30 4 0 93 83 16 79 53 21 58 57 96 98 39 60
Coste: 21688888

GENERACION: 565
Mejor Solucion:  29 2 56 86 91 8 7 90 42 49 36 12 46 64 52 31 84 78 6 40 24 54 77 33 97 35 14 72 1 13 92 68 34 95 69 19 22 51 73 50 10 63 45 75 11 23 25 26 18 65 17 66 94 28 44 55 43 85 48 74 20 82 15 27 70 87 9 99 61 32 41 3 59 81 67 5 62 71 80 38 89 37 76 88 47 30 4 0 93 83 16 79 53 21 58 57 96 98 39 60
Coste: 21688888

GENERACION: 570
Mejor Solucion:  29 2 56 86 91 8 7 90 42 49 36 12 46 64 52 31 84 78 6 40 24 54 77 33 97 35 14 72 1 13 92 68 34 95 69 19 22 51 73 50 10 63 45 75 11 23 25 26 18 65 17 66 94 28 44 55 43 85 48 74 20 82 15 27 70 87 9 99 61 32 41 3 59 81 67 5 62 71 80 38 89 37 76 88 47 30 4 0 93 83 16 79 53 21 58 57 96 98 39 60
Coste: 21688888

GENERACION: 575
Mejor Solucion:  29 2 56 86 91 8 7 90 42 49 36 12 46 64 52 31 84 78 6 40 24 54 77 33 97 35 14 72 1 13 92 68 34 95 69 19 22 51 73 50 10 63 45 75 11 23 25 26 18 65 17 66 94 28 44 55 43 85 48 74 20 82 15 27 70 87 9 99 61 32 41 3 59 81 67 5 62 71 80 38 89 37 76 88 47 30 4 0 93 83 16 79 53 21 58 57 96 98 39 60
Coste: 21688888

GENERACION: 580
Mejor Solucion:  29 2 56 86 91 8 7 90 42 49 36 12 46 64 52 31 84 78 6 40 24 54 77 33 97 35 14 72 1 13 92 68 34 95 69 19 22 51 73 50 10 63 45 75 11 23 25 26 18 65 17 66 94 28 44 55 43 85 48 74 20 82 15 27 70 87 9 99 61 32 41 3 59 81 67 5 62 71 80 38 89 37 76 88 47 30 4 0 93 83 16 79 53 21 58 57 96 98 39 60
Coste: 21688888

GENERACION: 585
Mejor Solucion:  29 2 56 86 91 8 7 90 42 49 36 12 46 64 52 31 84 78 6 40 24 54 77 33 97 35 14 72 1 13 92 68 34 95 69 19 22 51 73 50 10 63 45 75 11 23 25 26 18 65 17 66 94 28 44 55 43 85 48 74 20 82 15 27 70 87 9 99 61 32 41 3 59 81 67 5 62 71 80 38 89 37 76 88 47 30 4 0 93 83 16 79 53 21 58 57 96 98 39 60
Coste: 21688888

GENERACION: 590
Mejor Solucion:  29 2 56 86 91 8 7 90 42 49 36 12 46 64 52 31 84 78 6 40 24 54 77 33 97 35 14 72 1 13 92 68 34 95 69 19 22 51 73 50 10 63 45 75 11 23 25 26 18 65 17 66 94 28 44 55 43 85 48 74 20 82 15 27 70 87 9 99 61 32 41 3 59 81 67 5 62 71 80 38 89 37 76 88 47 30 4 0 93 83 16 79 53 21 58 57 96 98 39 60
Coste: 21688888

GENERACION: 595
Mejor Solucion:  29 2 56 86 91 8 7 90 42 49 36 12 46 64 52 31 84 78 6 40 24 54 77 33 97 35 14 72 1 13 92 68 34 95 69 19 22 51 73 50 10 63 45 75 11 23 25 26 18 65 17 66 94 28 44 55 43 85 48 74 20 82 15 27 70 87 9 99 61 32 41 3 59 81 67 5 62 71 80 38 89 37 76 88 47 30 4 0 93 83 16 79 53 21 58 57 96 98 39 60
Coste: 21688888

GENERACION: 600
Mejor Solucion:  29 2 56 86 91 8 7 90 42 49 36 12 46 64 52 31 84 78 6 40 24 54 77 33 97 35 14 72 1 13 92 68 34 95 69 19 22 51 73 50 10 63 45 75 11 23 25 26 18 65 17 66 94 28 44 55 43 85 48 74 20 82 15 27 70 87 9 99 61 32 41 3 59 81 67 5 62 71 80 38 89 37 76 88 47 30 4 0 93 83 16 79 53 21 58 57 96 98 39 60
Coste: 21688888

GENERACION: 605
Mejor Solucion:  29 2 56 86 91 8 7 90 42 49 36 12 46 64 52 31 84 78 6 40 24 54 77 33 97 35 14 72 1 13 92 68 34 95 69 19 22 51 73 50 10 63 45 75 11 23 25 26 18 65 17 66 94 28 44 55 43 85 48 74 20 82 15 27 70 87 9 99 61 32 41 3 59 81 67 5 62 71 80 38 89 37 76 88 47 30 4 0 93 83 16 79 53 21 58 57 96 98 39 60
Coste: 21688888

GENERACION: 610
Mejor Solucion:  29 2 56 86 91 8 7 90 42 49 36 12 46 64 52 31 84 78 6 40 24 54 77 33 97 35 14 72 1 13 92 68 34 95 69 19 22 51 73 50 10 63 45 75 11 23 25 26 18 65 17 66 94 28 44 55 43 85 48 74 20 82 15 27 70 87 9 99 61 32 41 3 59 81 67 5 62 71 80 38 89 37 76 88 47 30 4 0 93 83 16 79 53 21 58 57 96 98 39 60
Coste: 21688888

GENERACION: 615
Mejor Solucion:  29 2 56 86 91 8 7 90 42 49 36 12 46 64 52 31 84 78 6 40 24 54 77 33 97 35 14 72 1 13 92 68 34 95 69 19 22 51 73 50 10 63 45 75 11 23 25 26 18 65 17 66 94 28 44 55 43 85 48 74 20 82 15 27 70 87 9 99 61 32 41 3 59 81 67 5 62 71 80 38 89 37 76 88 47 30 4 0 93 83 16 79 53 21 58 57 96 98 39 60
Coste: 21688888

GENERACION: 620
Mejor Solucion:  29 2 56 86 91 8 7 90 42 49 36 12 46 64 52 31 84 78 6 40 24 54 77 33 97 35 14 72 1 13 92 68 34 95 69 19 22 51 73 50 10 63 45 75 11 23 25 26 18 65 17 66 94 28 44 55 43 85 48 74 20 82 15 27 70 87 9 99 61 32 41 3 59 81 67 5 62 71 80 38 89 37 76 88 47 30 4 0 93 83 16 79 53 21 58 57 96 98 39 60
Coste: 21688888

GENERACION: 625
Mejor Solucion:  29 2 56 86 91 8 7 90 42 49 36 12 46 64 52 31 84 78 6 40 24 54 77 33 97 35 14 72 1 13 92 68 34 95 69 19 22 51 73 50 10 63 45 75 11 23 25 26 18 65 17 66 94 28 44 55 43 85 48 74 20 82 15 27 70 87 9 99 61 32 41 3 59 81 67 5 62 71 80 38 89 37 76 88 47 30 4 0 93 83 16 79 53 21 58 57 96 98 39 60
Coste: 21688888

GENERACION: 630
Mejor Solucion:  29 2 56 86 91 8 7 90 42 49 36 12 46 64 52 31 84 78 6 40 24 54 77 33 97 35 14 72 1 13 92 68 34 95 69 19 22 51 73 50 10 63 45 75 11 23 25 26 18 65 17 66 94 28 44 55 43 85 48 74 20 82 15 27 70 87 9 99 61 32 41 3 59 81 67 5 62 71 80 38 89 37 76 88 47 30 4 0 93 83 16 79 53 21 58 57 96 98 39 60
Coste: 21688888

GENERACION: 635
Mejor Solucion:  29 2 56 86 91 8 7 90 42 49 36 12 46 64 52 31 84 78 6 40 24 54 77 33 97 35 14 72 1 13 92 68 34 95 69 19 22 51 73 50 10 63 45 75 11 23 25 26 18 65 17 66 94 28 44 55 43 85 48 74 20 82 15 27 70 87 9 99 61 32 41 3 59 81 67 5 62 71 80 38 89 37 76 88 47 30 4 0 93 83 16 79 53 21 58 57 96 98 39 60
Coste: 21688888

GENERACION: 640
Mejor Solucion:  29 2 56 86 91 8 7 90 42 49 36 12 46 64 52 31 84 78 6 40 24 54 77 33 97 35 14 72 1 13 92 68 34 95 69 19 22 51 73 50 10 63 45 75 11 23 25 26 18 65 17 66 94 28 44 55 43 85 48 74 20 82 15 27 70 87 9 99 61 32 41 3 59 81 67 5 62 71 80 38 89 37 76 88 47 30 4 0 93 83 16 79 53 21 58 57 96 98 39 60
Coste: 21688888

GENERACION: 645
Mejor Solucion:  29 2 56 86 91 8 7 90 42 49 36 12 46 64 52 31 84 78 6 40 24 54 77 33 97 35 14 72 1 13 92 68 34 95 69 19 22 51 73 50 10 63 45 75 11 23 25 26 18 65 17 66 94 28 44 55 43 85 48 74 20 82 15 27 70 87 9 99 61 32 41 3 59 81 67 5 62 71 80 38 89 37 76 88 47 30 4 0 93 83 16 79 53 21 58 57 96 98 39 60
Coste: 21688888

GENERACION: 650
Mejor Solucion:  29 2 56 86 91 8 7 90 42 49 36 12 46 64 52 31 84 78 6 40 24 54 77 33 97 35 14 72 1 13 92 68 34 95 69 19 22 51 73 50 10 63 45 75 11 23 25 26 18 65 17 66 94 28 44 55 43 85 48 74 20 82 15 27 70 87 9 99 61 32 41 3 59 81 67 5 62 71 80 38 89 37 76 88 47 30 4 0 93 83 16 79 53 21 58 57 96 98 39 60
Coste: 21688888

GENERACION: 655
Mejor Solucion:  29 2 56 86 91 8 7 90 42 49 36 12 46 64 52 31 84 78 6 40 24 54 77 33 97 35 14 72 1 13 92 68 34 95 69 19 22 51 73 50 10 63 45 75 11 23 25 26 18 65 17 66 94 28 44 55 43 85 48 74 20 82 15 27 70 87 9 99 61 32 41 3 59 81 67 5 62 71 80 38 89 37 76 88 47 30 4 0 93 83 16 79 53 21 58 57 96 98 39 60
Coste: 21688888

GENERACION: 660
Mejor Solucion:  29 2 56 86 91 8 7 90 42 49 36 12 46 64 52 31 84 78 6 40 24 54 77 33 97 35 14 72 1 13 92 68 34 95 69 19 22 51 73 50 10 63 45 75 11 23 25 26 18 65 17 66 94 28 44 55 43 85 48 74 20 82 15 27 70 87 9 99 61 32 41 3 59 81 67 5 62 71 80 38 89 37 76 88 47 30 4 0 93 83 16 79 53 21 58 57 96 98 39 60
Coste: 21688888

GENERACION: 665
Mejor Solucion:  29 2 56 86 91 8 7 90 42 49 36 12 46 64 52 31 84 78 6 40 24 54 77 33 97 35 14 72 1 13 92 68 34 95 69 19 22 51 73 50 10 63 45 75 11 23 25 26 18 65 17 66 94 28 44 55 43 85 48 74 20 82 15 27 70 87 9 99 61 32 41 3 59 81 67 5 62 71 80 38 89 37 76 88 47 30 4 0 93 83 16 79 53 21 58 57 96 98 39 60
Coste: 21688888

GENERACION: 670
Mejor Solucion:  29 2 56 86 91 8 7 90 42 49 36 12 46 64 52 31 84 78 6 40 24 54 77 33 97 35 14 72 1 13 92 68 34 95 69 19 22 51 73 50 10 63 45 75 11 23 25 26 18 65 17 66 94 28 44 55 43 85 48 74 20 82 15 27 70 87 9 99 61 32 41 3 59 81 67 5 62 71 80 38 89 37 76 88 47 30 4 0 93 83 16 79 53 21 58 57 96 98 39 60
Coste: 21688888

GENERACION: 675
Mejor Solucion:  29 2 56 86 91 8 7 90 42 49 36 12 46 64 52 31 84 78 6 40 24 54 77 33 97 35 14 72 1 13 92 68 34 95 69 19 22 51 73 50 10 63 45 75 11 23 25 26 18 65 17 66 94 28 44 55 43 85 48 74 20 82 15 27 70 87 9 99 61 32 41 3 59 81 67 5 62 71 80 38 89 37 76 88 47 30 4 0 93 83 16 79 53 21 58 57 96 98 39 60
Coste: 21688888

GENERACION: 680
Mejor Solucion:  29 2 56 86 91 8 7 90 42 49 36 12 46 64 52 31 84 78 6 40 24 54 77 33 97 35 14 72 1 13 92 68 34 95 69 19 22 51 73 50 10 63 45 75 11 23 25 26 18 65 17 66 94 28 44 55 43 85 48 74 20 82 15 27 70 87 9 99 61 32 41 3 59 81 67 5 62 71 80 38 89 37 76 88 47 30 4 0 93 83 16 79 53 21 58 57 96 98 39 60
Coste: 21688888

GENERACION: 685
Mejor Solucion:  29 2 56 86 91 8 7 90 42 49 36 12 46 64 52 31 84 78 6 40 24 54 77 33 97 35 14 72 1 13 92 68 34 95 69 19 22 51 73 50 10 63 45 75 11 23 25 26 18 65 17 66 94 28 44 55 43 85 48 74 20 82 15 27 70 87 9 99 61 32 41 3 59 81 67 5 62 71 80 38 89 37 76 88 47 30 4 0 93 83 16 79 53 21 58 57 96 98 39 60
Coste: 21688888

GENERACION: 690
Mejor Solucion:  29 2 56 86 91 8 7 90 42 49 36 12 46 64 52 31 84 78 6 40 24 54 77 33 97 35 14 72 1 13 92 68 34 95 69 19 22 51 73 50 10 63 45 75 11 23 25 26 18 65 17 66 94 28 44 55 43 85 48 74 20 82 15 27 70 87 9 99 61 32 41 3 59 81 67 5 62 71 80 38 89 37 76 88 47 30 4 0 93 83 16 79 53 21 58 57 96 98 39 60
Coste: 21688888

GENERACION: 695
Mejor Solucion:  29 2 56 86 91 8 7 90 42 49 36 12 46 64 52 31 84 78 6 40 24 54 77 33 97 35 14 72 1 13 92 68 34 95 69 19 22 51 73 50 10 63 45 75 11 23 25 26 18 65 17 66 94 28 44 55 43 85 48 74 20 82 15 27 70 87 9 99 61 32 41 3 59 81 67 5 62 71 80 38 89 37 76 88 47 30 4 0 93 83 16 79 53 21 58 57 96 98 39 60
Coste: 21688888

GENERACION: 700
Mejor Solucion:  29 2 56 86 91 8 7 90 42 49 36 12 46 64 52 31 84 78 6 40 24 54 77 33 97 35 14 72 1 13 92 68 34 95 69 19 22 51 73 50 10 63 45 75 11 23 25 26 18 65 17 66 94 28 44 55 43 85 48 74 20 82 15 27 70 87 9 99 61 32 41 3 59 81 67 5 62 71 80 38 89 37 76 88 47 30 4 0 93 83 16 79 53 21 58 57 96 98 39 60
Coste: 21688888

GENERACION: 705
Mejor Solucion:  29 2 56 86 91 8 7 90 42 49 36 12 46 64 52 31 84 78 6 40 24 54 77 33 97 35 14 72 1 13 92 68 34 95 69 19 22 51 73 50 10 63 45 75 11 23 25 26 18 65 17 66 94 28 44 55 43 85 48 74 20 82 15 27 70 87 9 99 61 32 41 3 59 81 67 5 62 71 80 38 89 37 76 88 47 30 4 0 93 83 16 79 53 21 58 57 96 98 39 60
Coste: 21688888

GENERACION: 710
Mejor Solucion:  29 2 56 86 91 8 7 90 42 49 36 12 46 64 52 31 84 78 6 40 24 54 77 33 97 35 14 72 1 13 92 68 34 95 69 19 22 51 73 50 10 63 45 75 11 23 25 26 18 65 17 66 94 28 44 55 43 85 48 74 20 82 15 27 70 87 9 99 61 32 41 3 59 81 67 5 62 71 80 38 89 37 76 88 47 30 4 0 93 83 16 79 53 21 58 57 96 98 39 60
Coste: 21688888

GENERACION: 715
Mejor Solucion:  29 2 56 86 91 8 7 90 42 49 36 12 46 64 52 31 84 78 6 40 24 54 77 33 97 35 14 72 1 13 92 68 34 95 69 19 22 51 73 50 10 63 45 75 11 23 25 26 18 65 17 66 94 28 44 55 43 85 48 74 20 82 15 27 70 87 9 99 61 32 41 3 59 81 67 5 62 71 80 38 89 37 76 88 47 30 4 0 93 83 16 79 53 21 58 57 96 98 39 60
Coste: 21688888

GENERACION: 720
Mejor Solucion:  29 2 56 86 91 8 7 90 42 49 36 12 46 64 52 31 84 78 6 40 24 54 77 33 97 35 14 72 1 13 92 68 34 95 69 19 22 51 73 50 10 63 45 75 11 23 25 26 18 65 17 66 94 28 44 55 43 85 48 74 20 82 15 27 70 87 9 99 61 32 41 3 59 81 67 5 62 71 80 38 89 37 76 88 47 30 4 0 93 83 16 79 53 21 58 57 96 98 39 60
Coste: 21688888

GENERACION: 725
Mejor Solucion:  29 2 56 86 91 8 7 90 42 49 36 12 46 64 52 31 84 78 6 40 24 54 77 33 97 35 14 72 1 13 92 68 34 95 69 19 22 51 73 50 10 63 45 75 11 23 25 26 18 65 17 66 94 28 44 55 43 85 48 74 20 82 15 27 70 87 9 99 61 32 41 3 59 81 67 5 62 71 80 38 89 37 76 88 47 30 4 0 93 83 16 79 53 21 58 57 96 98 39 60
Coste: 21688888

GENERACION: 730
Mejor Solucion:  29 2 56 86 91 8 7 90 42 49 36 12 46 64 52 31 84 78 6 40 24 54 77 33 97 35 14 72 1 13 92 68 34 95 69 19 22 51 73 50 10 63 45 75 11 23 25 26 18 65 17 66 94 28 44 55 43 85 48 74 20 82 15 27 70 87 9 99 61 32 41 3 59 81 67 5 62 71 80 38 89 37 76 88 47 30 4 0 93 83 16 79 53 21 58 57 96 98 39 60
Coste: 21688888

GENERACION: 735
Mejor Solucion:  29 2 56 86 91 8 7 90 42 49 36 12 46 64 52 31 84 78 6 40 24 54 77 33 97 35 14 72 1 13 92 68 34 95 69 19 22 51 73 50 10 63 45 75 11 23 25 26 18 65 17 66 94 28 44 55 43 85 48 74 20 82 15 27 70 87 9 99 61 32 41 3 59 81 67 5 62 71 80 38 89 37 76 88 47 30 4 0 93 83 16 79 53 21 58 57 96 98 39 60
Coste: 21688888

GENERACION: 740
Mejor Solucion:  29 2 56 86 91 8 7 90 42 49 36 12 46 64 52 31 84 78 6 40 24 54 77 33 97 35 14 72 1 13 92 68 34 95 69 19 22 51 73 50 10 63 45 75 11 23 25 26 18 65 17 66 94 28 44 55 43 85 48 74 20 82 15 27 70 87 9 99 61 32 41 3 59 81 67 5 62 71 80 38 89 37 76 88 47 30 4 0 93 83 16 79 53 21 58 57 96 98 39 60
Coste: 21688888

GENERACION: 745
Mejor Solucion:  29 2 56 86 91 8 7 90 42 49 36 12 46 64 52 31 84 78 6 40 24 54 77 33 97 35 14 72 1 13 92 68 34 95 69 19 22 51 73 50 10 63 45 75 11 23 25 26 18 65 17 66 94 28 44 55 43 85 48 74 20 82 15 27 70 87 9 99 61 32 41 3 59 81 67 5 62 71 80 38 89 37 76 88 47 30 4 0 93 83 16 79 53 21 58 57 96 98 39 60
Coste: 21688888

GENERACION: 750
Mejor Solucion:  29 2 56 86 91 8 7 90 42 49 36 12 46 64 52 31 84 78 6 40 24 54 77 33 97 35 14 72 1 13 92 68 34 95 69 19 22 51 73 50 10 63 45 75 11 23 25 26 18 65 17 66 94 28 44 55 43 85 48 74 20 82 15 27 70 87 9 99 61 32 41 3 59 81 67 5 62 71 80 38 89 37 76 88 47 30 4 0 93 83 16 79 53 21 58 57 96 98 39 60
Coste: 21688888

GENERACION: 755
Mejor Solucion:  29 2 56 86 91 8 7 90 42 49 36 12 46 64 52 31 84 78 6 40 24 54 77 33 97 35 14 72 1 13 92 68 34 95 69 19 22 51 73 50 10 63 45 75 11 23 25 26 18 65 17 66 94 28 44 55 43 85 48 74 20 82 15 27 70 87 9 99 61 32 41 3 59 81 67 5 62 71 80 38 89 37 76 88 47 30 4 0 93 83 16 79 53 21 58 57 96 98 39 60
Coste: 21688888

GENERACION: 760
Mejor Solucion:  29 2 56 86 91 8 7 90 42 49 36 12 46 64 52 31 84 78 6 40 24 54 77 33 97 35 14 72 1 13 92 68 34 95 69 19 22 51 73 50 10 63 45 75 11 23 25 26 18 65 17 66 94 28 44 55 43 85 48 74 20 82 15 27 70 87 9 99 61 32 41 3 59 81 67 5 62 71 80 38 89 37 76 88 47 30 4 0 93 83 16 79 53 21 58 57 96 98 39 60
Coste: 21688888

GENERACION: 765
Mejor Solucion:  29 2 56 86 91 8 7 90 42 49 36 12 46 64 52 31 84 78 6 40 24 54 77 33 97 35 14 72 1 13 92 68 34 95 69 19 22 51 73 50 10 63 45 75 11 23 25 26 18 65 17 66 94 28 44 55 43 85 48 74 20 82 15 27 70 87 9 99 61 32 41 3 59 81 67 5 62 71 80 38 89 37 76 88 47 30 4 0 93 83 16 79 53 21 58 57 96 98 39 60
Coste: 21688888

GENERACION: 770
Mejor Solucion:  29 2 56 86 91 8 7 90 42 49 36 12 46 64 52 31 84 78 6 40 24 54 77 33 97 35 14 72 1 13 92 68 34 95 69 19 22 51 73 50 10 63 45 75 11 23 25 26 18 65 17 66 94 28 44 55 43 85 48 74 20 82 15 27 70 87 9 99 61 32 41 3 59 81 67 5 62 71 80 38 89 37 76 88 47 30 4 0 93 83 16 79 53 21 58 57 96 98 39 60
Coste: 21688888

GENERACION: 775
Mejor Solucion:  29 2 56 86 91 8 7 90 42 49 36 12 46 64 52 31 84 78 6 40 24 54 77 33 97 35 14 72 1 13 92 68 34 95 69 19 22 51 73 50 10 63 45 75 11 23 25 26 18 65 17 66 94 28 44 55 43 85 48 74 20 82 15 27 70 87 9 99 61 32 41 3 59 81 67 5 62 71 80 38 89 37 76 88 47 30 4 0 93 83 16 79 53 21 58 57 96 98 39 60
Coste: 21688888

GENERACION: 780
Mejor Solucion:  29 2 56 86 91 8 7 90 42 49 36 12 46 64 52 31 84 78 6 40 24 54 77 33 97 35 14 72 1 13 92 68 34 95 69 19 22 51 73 50 10 63 45 75 11 23 25 26 18 65 17 66 94 28 44 55 43 85 48 74 20 82 15 27 70 87 9 99 61 32 41 3 59 81 67 5 62 71 80 38 89 37 76 88 47 30 4 0 93 83 16 79 53 21 58 57 96 98 39 60
Coste: 21688888

GENERACION: 785
Mejor Solucion:  29 2 56 86 91 8 7 90 42 49 36 12 46 64 52 31 84 78 6 40 24 54 77 33 97 35 14 72 1 13 92 68 34 95 69 19 22 51 73 50 10 63 45 75 11 23 25 26 18 65 17 66 94 28 44 55 43 85 48 74 20 82 15 27 70 87 9 99 61 32 41 3 59 81 67 5 62 71 80 38 89 37 76 88 47 30 4 0 93 83 16 79 53 21 58 57 96 98 39 60
Coste: 21688888

GENERACION: 790
Mejor Solucion:  29 2 56 86 91 8 7 90 42 49 36 12 46 64 52 31 84 78 6 40 24 54 77 33 97 35 14 72 1 13 92 68 34 95 69 19 22 51 73 50 10 63 45 75 11 23 25 26 18 65 17 66 94 28 44 55 43 85 48 74 20 82 15 27 70 87 9 99 61 32 41 3 59 81 67 5 62 71 80 38 89 37 76 88 47 30 4 0 93 83 16 79 53 21 58 57 96 98 39 60
Coste: 21688888

GENERACION: 795
Mejor Solucion:  29 2 56 86 91 8 7 90 42 49 36 12 46 64 52 31 84 78 6 40 24 54 77 33 97 35 14 72 1 13 92 68 34 95 69 19 22 51 73 50 10 63 45 75 11 23 25 26 18 65 17 66 94 28 44 55 43 85 48 74 20 82 15 27 70 87 9 99 61 32 41 3 59 81 67 5 62 71 80 38 89 37 76 88 47 30 4 0 93 83 16 79 53 21 58 57 96 98 39 60
Coste: 21688888

GENERACION: 800
Mejor Solucion:  29 2 56 86 91 8 7 90 42 49 36 12 46 64 52 31 84 78 6 40 24 54 77 33 97 35 14 72 1 13 92 68 34 95 69 19 22 51 73 50 10 63 45 75 11 23 25 26 18 65 17 66 94 28 44 55 43 85 48 74 20 82 15 27 70 87 9 99 61 32 41 3 59 81 67 5 62 71 80 38 89 37 76 88 47 30 4 0 93 83 16 79 53 21 58 57 96 98 39 60
Coste: 21688888

GENERACION: 805
Mejor Solucion:  29 2 56 86 91 8 7 90 42 49 36 12 46 64 52 31 84 78 6 40 24 54 77 33 97 35 14 72 1 13 92 68 34 95 69 19 22 51 73 50 10 63 45 75 11 23 25 26 18 65 17 66 94 28 44 55 43 85 48 74 20 82 15 27 70 87 9 99 61 32 41 3 59 81 67 5 62 71 80 38 89 37 76 88 47 30 4 0 93 83 16 79 53 21 58 57 96 98 39 60
Coste: 21688888

GENERACION: 810
Mejor Solucion:  29 2 56 86 91 8 7 90 42 49 36 12 46 64 52 31 84 78 6 40 24 54 77 33 97 35 14 72 1 13 92 68 34 95 69 19 22 51 73 50 10 63 45 75 11 23 25 26 18 65 17 66 94 28 44 55 43 85 48 74 20 82 15 27 70 87 9 99 61 32 41 3 59 81 67 5 62 71 80 38 89 37 76 88 47 30 4 0 93 83 16 79 53 21 58 57 96 98 39 60
Coste: 21688888

GENERACION: 815
Mejor Solucion:  29 2 56 86 91 8 7 90 42 49 36 12 46 64 52 31 84 78 6 40 24 54 77 33 97 35 14 72 1 13 92 68 34 95 69 19 22 51 73 50 10 63 45 75 11 23 25 26 18 65 17 66 94 28 44 55 43 85 48 74 20 82 15 27 70 87 9 99 61 32 41 3 59 81 67 5 62 71 80 38 89 37 76 88 47 30 4 0 93 83 16 79 53 21 58 57 96 98 39 60
Coste: 21688888

GENERACION: 820
Mejor Solucion:  29 2 56 86 91 8 7 90 42 49 36 12 46 64 52 31 84 78 6 40 24 54 77 33 97 35 14 72 1 13 92 68 34 95 69 19 22 51 73 50 10 63 45 75 11 23 25 26 18 65 17 66 94 28 44 55 43 85 48 74 20 82 15 27 70 87 9 99 61 32 41 3 59 81 67 5 62 71 80 38 89 37 76 88 47 30 4 0 93 83 16 79 53 21 58 57 96 98 39 60
Coste: 21688888

GENERACION: 825
Mejor Solucion:  29 2 56 86 91 8 7 90 42 49 36 12 46 64 52 31 84 78 6 40 24 54 77 33 97 35 14 72 1 13 92 68 34 95 69 19 22 51 73 50 10 63 45 75 11 23 25 26 18 65 17 66 94 28 44 55 43 85 48 74 20 82 15 27 70 87 9 99 61 32 41 3 59 81 67 5 62 71 80 38 89 37 76 88 47 30 4 0 93 83 16 79 53 21 58 57 96 98 39 60
Coste: 21688888

GENERACION: 830
Mejor Solucion:  29 2 56 86 91 8 7 90 42 49 36 12 46 64 52 31 84 78 6 40 24 54 77 33 97 35 14 72 1 13 92 68 34 95 69 19 22 51 73 50 10 63 45 75 11 23 25 26 18 65 17 66 94 28 44 55 43 85 48 74 20 82 15 27 70 87 9 99 61 32 41 3 59 81 67 5 62 71 80 38 89 37 76 88 47 30 4 0 93 83 16 79 53 21 58 57 96 98 39 60
Coste: 21688888

GENERACION: 835
Mejor Solucion:  29 2 56 86 91 8 7 90 42 49 36 12 46 64 52 31 84 78 6 40 24 54 77 33 97 35 14 72 1 13 92 68 34 95 69 19 22 51 73 50 10 63 45 75 11 23 25 26 18 65 17 66 94 28 44 55 43 85 48 74 20 82 15 27 70 87 9 99 61 32 41 3 59 81 67 5 62 71 80 38 89 37 76 88 47 30 4 0 93 83 16 79 53 21 58 57 96 98 39 60
Coste: 21688888

GENERACION: 840
Mejor Solucion:  29 2 56 86 91 8 7 90 42 49 36 12 46 64 52 31 84 78 6 40 24 54 77 33 97 35 14 72 1 13 92 68 34 95 69 19 22 51 73 50 10 63 45 75 11 23 25 26 18 65 17 66 94 28 44 55 43 85 48 74 20 82 15 27 70 87 9 99 61 32 41 3 59 81 67 5 62 71 80 38 89 37 76 88 47 30 4 0 93 83 16 79 53 21 58 57 96 98 39 60
Coste: 21688888

GENERACION: 845
Mejor Solucion:  29 2 56 86 91 8 7 90 42 49 36 12 46 64 52 31 84 78 6 40 24 54 77 33 97 35 14 72 1 13 92 68 34 95 69 19 22 51 73 50 10 63 45 75 11 23 25 26 18 65 17 66 94 28 44 55 43 85 48 74 20 82 15 27 70 87 9 99 61 32 41 3 59 81 67 5 62 71 80 38 89 37 76 88 47 30 4 0 93 83 16 79 53 21 58 57 96 98 39 60
Coste: 21688888

GENERACION: 850
Mejor Solucion:  29 2 56 86 91 8 7 90 42 49 36 12 46 64 52 31 84 78 6 40 24 54 77 33 97 35 14 72 1 13 92 68 34 95 69 19 22 51 73 50 10 63 45 75 11 23 25 26 18 65 17 66 94 28 44 55 43 85 48 74 20 82 15 27 70 87 9 99 61 32 41 3 59 81 67 5 62 71 80 38 89 37 76 88 47 30 4 0 93 83 16 79 53 21 58 57 96 98 39 60
Coste: 21688888

GENERACION: 855
Mejor Solucion:  29 2 56 86 91 8 7 90 42 49 36 12 46 64 52 31 84 78 6 40 24 54 77 33 97 35 14 72 1 13 92 68 34 95 69 19 22 51 73 50 10 63 45 75 11 23 25 26 18 65 17 66 94 28 44 55 43 85 48 74 20 82 15 27 70 87 9 99 61 32 41 3 59 81 67 5 62 71 80 38 89 37 76 88 47 30 4 0 93 83 16 79 53 21 58 57 96 98 39 60
Coste: 21688888

GENERACION: 860
Mejor Solucion:  29 2 56 86 91 8 7 90 42 49 36 12 46 64 52 31 84 78 6 40 24 54 77 33 97 35 14 72 1 13 92 68 34 95 69 19 22 51 73 50 10 63 45 75 11 23 25 26 18 65 17 66 94 28 44 55 43 85 48 74 20 82 15 27 70 87 9 99 61 32 41 3 59 81 67 5 62 71 80 38 89 37 76 88 47 30 4 0 93 83 16 79 53 21 58 57 96 98 39 60
Coste: 21688888

GENERACION: 865
Mejor Solucion:  29 2 56 86 91 8 7 90 42 49 36 12 46 64 52 31 84 78 6 40 24 54 77 33 97 35 14 72 1 13 92 68 34 95 69 19 22 51 73 50 10 63 45 75 11 23 25 26 18 65 17 66 94 28 44 55 43 85 48 74 20 82 15 27 70 87 9 99 61 32 41 3 59 81 67 5 62 71 80 38 89 37 76 88 47 30 4 0 93 83 16 79 53 21 58 57 96 98 39 60
Coste: 21688888

GENERACION: 870
Mejor Solucion:  29 2 56 86 91 8 7 90 42 49 36 12 46 64 52 31 84 78 6 40 24 54 77 33 97 35 14 72 1 13 92 68 34 95 69 19 22 51 73 50 10 63 45 75 11 23 25 26 18 65 17 66 94 28 44 55 43 85 48 74 20 82 15 27 70 87 9 99 61 32 41 3 59 81 67 5 62 71 80 38 89 37 76 88 47 30 4 0 93 83 16 79 53 21 58 57 96 98 39 60
Coste: 21688888

GENERACION: 875
Mejor Solucion:  29 2 56 86 91 8 7 90 42 49 36 12 46 64 52 31 84 78 6 40 24 54 77 33 97 35 14 72 1 13 92 68 34 95 69 19 22 51 73 50 10 63 45 75 11 23 25 26 18 65 17 66 94 28 44 55 43 85 48 74 20 82 15 27 70 87 9 99 61 32 41 3 59 81 67 5 62 71 80 38 89 37 76 88 47 30 4 0 93 83 16 79 53 21 58 57 96 98 39 60
Coste: 21688888

GENERACION: 880
Mejor Solucion:  29 2 56 86 91 8 7 90 42 49 36 12 46 64 52 31 84 78 6 40 24 54 77 33 97 35 14 72 1 13 92 68 34 95 69 19 22 51 73 50 10 63 45 75 11 23 25 26 18 65 17 66 94 28 44 55 43 85 48 74 20 82 15 27 70 87 9 99 61 32 41 3 59 81 67 5 62 71 80 38 89 37 76 88 47 30 4 0 93 83 16 79 53 21 58 57 96 98 39 60
Coste: 21688888

GENERACION: 885
Mejor Solucion:  29 2 56 86 91 8 7 90 42 49 36 12 46 64 52 31 84 78 6 40 24 54 77 33 97 35 14 72 1 13 92 68 34 95 69 19 22 51 73 50 10 63 45 75 11 23 25 26 18 65 17 66 94 28 44 55 43 85 48 74 20 82 15 27 70 87 9 99 61 32 41 3 59 81 67 5 62 71 80 38 89 37 76 88 47 30 4 0 93 83 16 79 53 21 58 57 96 98 39 60
Coste: 21688888

GENERACION: 890
Mejor Solucion:  29 2 56 86 91 8 7 90 42 49 36 12 46 64 52 31 84 78 6 40 24 54 77 33 97 35 14 72 1 13 92 68 34 95 69 19 22 51 73 50 10 63 45 75 11 23 25 26 18 65 17 66 94 28 44 55 43 85 48 74 20 82 15 27 70 87 9 99 61 32 41 3 59 81 67 5 62 71 80 38 89 37 76 88 47 30 4 0 93 83 16 79 53 21 58 57 96 98 39 60
Coste: 21688888

GENERACION: 895
Mejor Solucion:  29 2 56 86 91 8 7 90 42 49 36 12 46 64 52 31 84 78 6 40 24 54 77 33 97 35 14 72 1 13 92 68 34 95 69 19 22 51 73 50 10 63 45 75 11 23 25 26 18 65 17 66 94 28 44 55 43 85 48 74 20 82 15 27 70 87 9 99 61 32 41 3 59 81 67 5 62 71 80 38 89 37 76 88 47 30 4 0 93 83 16 79 53 21 58 57 96 98 39 60
Coste: 21688888

GENERACION: 900
Mejor Solucion:  29 2 56 86 91 8 7 90 42 49 36 12 46 64 52 31 84 78 6 40 24 54 77 33 97 35 14 72 1 13 92 68 34 95 69 19 22 51 73 50 10 63 45 75 11 23 25 26 18 65 17 66 94 28 44 55 43 85 48 74 20 82 15 27 70 87 9 99 61 32 41 3 59 81 67 5 62 71 80 38 89 37 76 88 47 30 4 0 93 83 16 79 53 21 58 57 96 98 39 60
Coste: 21688888

GENERACION: 905
Mejor Solucion:  29 2 56 86 91 8 7 90 42 49 36 12 46 64 52 31 84 78 6 40 24 54 77 33 97 35 14 72 1 13 92 68 34 95 69 19 22 51 73 50 10 63 45 75 11 23 25 26 18 65 17 66 94 28 44 55 43 85 48 74 20 82 15 27 70 87 9 99 61 32 41 3 59 81 67 5 62 71 80 38 89 37 76 88 47 30 4 0 93 83 16 79 53 21 58 57 96 98 39 60
Coste: 21688888

GENERACION: 910
Mejor Solucion:  29 2 56 86 91 8 7 90 42 49 36 12 46 64 52 31 84 78 6 40 24 54 77 33 97 35 14 72 1 13 92 68 34 95 69 19 22 51 73 50 10 63 45 75 11 23 25 26 18 65 17 66 94 28 44 55 43 85 48 74 20 82 15 27 70 87 9 99 61 32 41 3 59 81 67 5 62 71 80 38 89 37 76 88 47 30 4 0 93 83 16 79 53 21 58 57 96 98 39 60
Coste: 21688888

GENERACION: 915
Mejor Solucion:  29 2 56 86 91 8 7 90 42 49 36 12 46 64 52 31 84 78 6 40 24 54 77 33 97 35 14 72 1 13 92 68 34 95 69 19 22 51 73 50 10 63 45 75 11 23 25 26 18 65 17 66 94 28 44 55 43 85 48 74 20 82 15 27 70 87 9 99 61 32 41 3 59 81 67 5 62 71 80 38 89 37 76 88 47 30 4 0 93 83 16 79 53 21 58 57 96 98 39 60
Coste: 21688888

GENERACION: 920
Mejor Solucion:  29 2 56 86 91 8 7 90 42 49 36 12 46 64 52 31 84 78 6 40 24 54 77 33 97 35 14 72 1 13 92 68 34 95 69 19 22 51 73 50 10 63 45 75 11 23 25 26 18 65 17 66 94 28 44 55 43 85 48 74 20 82 15 27 70 87 9 99 61 32 41 3 59 81 67 5 62 71 80 38 89 37 76 88 47 30 4 0 93 83 16 79 53 21 58 57 96 98 39 60
Coste: 21688888

GENERACION: 925
Mejor Solucion:  29 2 56 86 91 8 7 90 42 49 36 12 46 64 52 31 84 78 6 40 24 54 77 33 97 35 14 72 1 13 92 68 34 95 69 19 22 51 73 50 10 63 45 75 11 23 25 26 18 65 17 66 94 28 44 55 43 85 48 74 20 82 15 27 70 87 9 99 61 32 41 3 59 81 67 5 62 71 80 38 89 37 76 88 47 30 4 0 93 83 16 79 53 21 58 57 96 98 39 60
Coste: 21688888

GENERACION: 930
Mejor Solucion:  29 2 56 86 91 8 7 90 42 49 36 12 46 64 52 31 84 78 6 40 24 54 77 33 97 35 14 72 1 13 92 68 34 95 69 19 22 51 73 50 10 63 45 75 11 23 25 26 18 65 17 66 94 28 44 55 43 85 48 74 20 82 15 27 70 87 9 99 61 32 41 3 59 81 67 5 62 71 80 38 89 37 76 88 47 30 4 0 93 83 16 79 53 21 58 57 96 98 39 60
Coste: 21688888

GENERACION: 935
Mejor Solucion:  29 2 56 86 91 8 7 90 42 49 36 12 46 64 52 31 84 78 6 40 24 54 77 33 97 35 14 72 1 13 92 68 34 95 69 19 22 51 73 50 10 63 45 75 11 23 25 26 18 65 17 66 94 28 44 55 43 85 48 74 20 82 15 27 70 87 9 99 61 32 41 3 59 81 67 5 62 71 80 38 89 37 76 88 47 30 4 0 93 83 16 79 53 21 58 57 96 98 39 60
Coste: 21688888

GENERACION: 940
Mejor Solucion:  29 2 56 86 91 8 7 90 42 49 36 12 46 64 52 31 84 78 6 40 24 54 77 33 97 35 14 72 1 13 92 68 34 95 69 19 22 51 73 50 10 63 45 75 11 23 25 26 18 65 17 66 94 28 44 55 43 85 48 74 20 82 15 27 70 87 9 99 61 32 41 3 59 81 67 5 62 71 80 38 89 37 76 88 47 30 4 0 93 83 16 79 53 21 58 57 96 98 39 60
Coste: 21688888

GENERACION: 945
Mejor Solucion:  29 2 56 86 91 8 7 90 42 49 36 12 46 64 52 31 84 78 6 40 24 54 77 33 97 35 14 72 1 13 92 68 34 95 69 19 22 51 73 50 10 63 45 75 11 23 25 26 18 65 17 66 94 28 44 55 43 85 48 74 20 82 15 27 70 87 9 99 61 32 41 3 59 81 67 5 62 71 80 38 89 37 76 88 47 30 4 0 93 83 16 79 53 21 58 57 96 98 39 60
Coste: 21688888

GENERACION: 950
Mejor Solucion:  29 2 56 86 91 8 7 90 42 49 36 12 46 64 52 31 84 78 6 40 24 54 77 33 97 35 14 72 1 13 92 68 34 95 69 19 22 51 73 50 10 63 45 75 11 23 25 26 18 65 17 66 94 28 44 55 43 85 48 74 20 82 15 27 70 87 9 99 61 32 41 3 59 81 67 5 62 71 80 38 89 37 76 88 47 30 4 0 93 83 16 79 53 21 58 57 96 98 39 60
Coste: 21688888

GENERACION: 955
Mejor Solucion:  29 2 56 86 91 8 7 90 42 49 36 12 46 64 52 31 84 78 6 40 24 54 77 33 97 35 14 72 1 13 92 68 34 95 69 19 22 51 73 50 10 63 45 75 11 23 25 26 18 65 17 66 94 28 44 55 43 85 48 74 20 82 15 27 70 87 9 99 61 32 41 3 59 81 67 5 62 71 80 38 89 37 76 88 47 30 4 0 93 83 16 79 53 21 58 57 96 98 39 60
Coste: 21688888

GENERACION: 960
Mejor Solucion:  29 2 56 86 91 8 7 90 42 49 36 12 46 64 52 31 84 78 6 40 24 54 77 33 97 35 14 72 1 13 92 68 34 95 69 19 22 51 73 50 10 63 45 75 11 23 25 26 18 65 17 66 94 28 44 55 43 85 48 74 20 82 15 27 70 87 9 99 61 32 41 3 59 81 67 5 62 71 80 38 89 37 76 88 47 30 4 0 93 83 16 79 53 21 58 57 96 98 39 60
Coste: 21688888

GENERACION: 965
Mejor Solucion:  29 2 56 86 91 8 7 90 42 49 36 12 46 64 52 31 84 78 6 40 24 54 77 33 97 35 14 72 1 13 92 68 34 95 69 19 22 51 73 50 10 63 45 75 11 23 25 26 18 65 17 66 94 28 44 55 43 85 48 74 20 82 15 27 70 87 9 99 61 32 41 3 59 81 67 5 62 71 80 38 89 37 76 88 47 30 4 0 93 83 16 79 53 21 58 57 96 98 39 60
Coste: 21688888

GENERACION: 970
Mejor Solucion:  29 2 56 86 91 8 7 90 42 49 36 12 46 64 52 31 84 78 6 40 24 54 77 33 97 35 14 72 1 13 92 68 34 95 69 19 22 51 73 50 10 63 45 75 11 23 25 26 18 65 17 66 94 28 44 55 43 85 48 74 20 82 15 27 70 87 9 99 61 32 41 3 59 81 67 5 62 71 80 38 89 37 76 88 47 30 4 0 93 83 16 79 53 21 58 57 96 98 39 60
Coste: 21688888

GENERACION: 975
Mejor Solucion:  29 2 56 86 91 8 7 90 42 49 36 12 46 64 52 31 84 78 6 40 24 54 77 33 97 35 14 72 1 13 92 68 34 95 69 19 22 51 73 50 10 63 45 75 11 23 25 26 18 65 17 66 94 28 44 55 43 85 48 74 20 82 15 27 70 87 9 99 61 32 41 3 59 81 67 5 62 71 80 38 89 37 76 88 47 30 4 0 93 83 16 79 53 21 58 57 96 98 39 60
Coste: 21688888

GENERACION: 980
Mejor Solucion:  29 2 56 86 91 8 7 90 42 49 36 12 46 64 52 31 84 78 6 40 24 54 77 33 97 35 14 72 1 13 92 68 34 95 69 19 22 51 73 50 10 63 45 75 11 23 25 26 18 65 17 66 94 28 44 55 43 85 48 74 20 82 15 27 70 87 9 99 61 32 41 3 59 81 67 5 62 71 80 38 89 37 76 88 47 30 4 0 93 83 16 79 53 21 58 57 96 98 39 60
Coste: 21688888

GENERACION: 985
Mejor Solucion:  29 2 56 86 91 8 7 90 42 49 36 12 46 64 52 31 84 78 6 40 24 54 77 33 97 35 14 72 1 13 92 68 34 95 69 19 22 51 73 50 10 63 45 75 11 23 25 26 18 65 17 66 94 28 44 55 43 85 48 74 20 82 15 27 70 87 9 99 61 32 41 3 59 81 67 5 62 71 80 38 89 37 76 88 47 30 4 0 93 83 16 79 53 21 58 57 96 98 39 60
Coste: 21688888

GENERACION: 990
Mejor Solucion:  29 2 56 86 91 8 7 90 42 49 36 12 46 64 52 31 84 78 6 40 24 54 77 33 97 35 14 72 1 13 92 68 34 95 69 19 22 51 73 50 10 63 45 75 11 23 25 26 18 65 17 66 94 28 44 55 43 85 48 74 20 82 15 27 70 87 9 99 61 32 41 3 59 81 67 5 62 71 80 38 89 37 76 88 47 30 4 0 93 83 16 79 53 21 58 57 96 98 39 60
Coste: 21688888

GENERACION: 995
Mejor Solucion:  29 2 56 86 91 8 7 90 42 49 36 12 46 64 52 31 84 78 6 40 24 54 77 33 97 35 14 72 1 13 92 68 34 95 69 19 22 51 73 50 10 63 45 75 11 23 25 26 18 65 17 66 94 28 44 55 43 85 48 74 20 82 15 27 70 87 9 99 61 32 41 3 59 81 67 5 62 71 80 38 89 37 76 88 47 30 4 0 93 83 16 79 53 21 58 57 96 98 39 60
Coste: 21688888

GENERACION: 1000
Mejor Solucion:  29 2 56 86 91 8 7 90 42 49 36 12 46 64 52 31 84 78 6 40 24 54 77 33 97 35 14 72 1 13 92 68 34 95 69 19 22 51 73 50 10 63 45 75 11 23 25 26 18 65 17 66 94 28 44 55 43 85 48 74 20 82 15 27 70 87 9 99 61 32 41 3 59 81 67 5 62 71 80 38 89 37 76 88 47 30 4 0 93 83 16 79 53 21 58 57 96 98 39 60
Coste: 21688888

