GENERACION: 5
Mejor Solucion:  116 82 125 44 115 88 94 3 119 58 95 103 127 68 8 76 105 84 46 74 87 121 122 5 10 9 6 16 63 60 90 96 86 0 78 14 110 66 69 24 21 51 89 43 53 81 65 83 80 111 7 97 22 18 57 38 70 26 114 112 99 11 39 40 49 19 41 50 107 42 77 52 29 73 25 36 20 91 15 109 34 35 55 30 37 100 45 28 12 92 61 113 4 75 93 62 85 104 33 64 98 117 17 13 123 124 118 126 23 101 48 54 120 2 1 31 102 27 72 71 59 108 79 32 106 47 67 56
Coste: 290

GENERACION: 10
Mejor Solucion:  11 44 110 19 114 46 3 61 106 102 75 96 104 54 99 52 90 101 40 84 7 68 35 73 78 6 42 82 1 63 41 103 45 77 109 105 5 76 37 59 92 27 57 28 21 49 22 14 93 71 15 112 31 72 124 10 56 81 91 51 18 2 30 66 94 115 79 13 117 65 127 80 113 111 123 0 125 47 119 121 70 95 100 38 85 58 86 23 39 4 36 8 12 87 62 88 32 9 55 108 89 48 53 116 16 107 64 43 20 24 34 33 50 118 126 17 120 98 122 60 83 29 67 26 69 74 97 25
Coste: 165

GENERACION: 15
Mejor Solucion:  57 116 123 95 22 110 48 61 23 58 12 27 39 52 53 103 90 101 89 34 93 68 2 14 4 47 87 117 16 98 7 15 125 77 124 92 105 29 76 88 60 63 8 31 122 18 106 112 127 11 115 64 83 59 21 20 5 109 104 81 85 107 30 114 121 37 43 13 84 111 41 10 32 44 1 75 35 120 49 40 70 19 55 97 69 102 82 66 91 78 51 72 0 86 36 9 33 28 113 3 94 108 99 80 46 45 73 24 65 96 118 56 50 71 25 17 6 100 62 42 79 54 67 26 119 74 38 126
Coste: 153

GENERACION: 20
Mejor Solucion:  1 122 44 106 18 29 69 35 46 60 124 27 40 75 73 11 42 104 90 21 110 102 78 61 98 25 96 82 50 97 41 59 45 77 109 105 5 76 10 121 92 57 113 28 63 49 87 71 93 14 15 112 31 72 125 37 56 81 36 117 6 7 30 3 94 115 79 13 55 65 127 80 103 111 123 0 51 47 119 99 70 95 100 38 85 58 22 23 39 4 67 8 12 86 62 88 32 9 66 108 89 48 53 116 16 43 64 107 20 24 34 33 2 118 126 91 68 26 84 52 19 101 17 114 120 74 54 83
Coste: 89

GENERACION: 25
Mejor Solucion:  1 122 44 106 18 29 69 35 46 60 124 27 40 75 73 11 42 104 90 21 110 102 78 61 98 25 96 82 50 97 41 59 45 77 109 105 5 76 10 121 92 57 113 28 63 49 87 71 93 14 15 112 31 72 125 37 56 81 36 117 6 7 30 3 94 115 79 13 55 65 127 80 103 111 123 0 51 47 119 99 70 95 100 38 85 58 22 23 39 4 67 8 12 86 62 88 32 9 66 108 89 48 53 116 16 43 64 107 20 24 34 33 2 118 126 91 68 26 84 52 19 101 17 114 120 74 54 83
Coste: 89

GENERACION: 30
Mejor Solucion:  1 122 44 106 18 29 69 35 46 60 124 27 40 75 73 11 42 104 90 21 110 102 78 61 98 25 96 82 50 97 41 59 45 77 109 105 5 76 10 121 92 57 113 28 63 49 87 71 93 14 15 112 31 72 125 37 56 81 36 117 6 7 30 3 94 115 79 13 55 65 127 80 103 111 123 0 51 47 119 99 70 95 100 38 85 58 22 23 39 4 67 8 12 86 62 88 32 9 66 108 89 48 53 116 16 43 64 107 20 24 34 33 2 118 126 91 68 26 84 52 19 101 17 114 120 74 54 83
Coste: 89

GENERACION: 35
Mejor Solucion:  1 122 44 106 18 29 69 35 46 60 124 27 40 75 73 11 42 104 90 21 110 102 78 61 98 25 96 82 50 97 41 59 45 77 109 105 5 76 10 121 92 57 113 28 63 49 87 71 93 14 15 112 31 72 125 37 56 81 36 117 6 7 30 3 94 115 79 13 55 65 127 80 103 111 123 0 51 47 119 99 70 95 100 38 85 58 22 23 39 4 67 8 12 86 62 88 32 9 66 108 89 48 53 116 16 43 64 107 20 24 34 33 2 118 126 91 68 26 84 52 19 101 17 114 120 74 54 83
Coste: 89

GENERACION: 40
Mejor Solucion:  115 68 96 109 87 52 63 126 23 77 103 95 112 21 50 29 64 101 89 105 40 49 127 65 35 120 116 119 47 31 73 15 75 58 9 11 125 118 37 3 107 1 2 62 60 53 90 122 117 34 123 98 83 33 17 20 88 124 48 5 85 106 30 110 121 0 19 18 4 67 8 32 14 93 6 13 12 16 44 10 70 54 55 97 80 102 86 66 91 43 22 111 57 82 36 74 78 28 113 61 41 108 99 69 56 45 104 24 7 39 92 46 94 71 25 76 114 26 59 42 84 100 72 27 81 79 38 51
Coste: 81

GENERACION: 45
Mejor Solucion:  115 68 96 109 87 52 63 126 23 77 103 95 112 21 50 29 64 101 89 105 40 49 127 65 35 120 116 119 47 31 73 15 75 58 9 11 125 118 37 3 107 1 2 62 60 53 90 122 117 34 123 98 83 33 17 20 88 124 48 5 85 106 30 110 121 0 19 18 4 67 8 32 14 93 6 13 12 16 44 10 70 54 55 97 80 102 86 66 91 43 22 111 57 82 36 74 78 28 113 61 41 108 99 69 56 45 104 24 7 39 92 46 94 71 25 76 114 26 59 42 84 100 72 27 81 79 38 51
Coste: 81

GENERACION: 50
Mejor Solucion:  17 62 69 22 98 60 105 113 64 90 29 106 77 101 116 103 23 79 89 3 52 84 124 58 110 73 121 66 95 92 45 40 63 75 47 61 125 21 10 59 107 27 57 85 50 53 86 118 117 91 115 9 83 54 100 87 102 51 104 36 96 68 30 4 20 32 78 65 97 111 41 6 37 5 1 2 35 120 33 49 18 19 127 43 15 44 114 80 93 108 109 72 0 82 119 55 11 31 8 28 94 123 99 34 14 70 48 24 7 13 126 46 122 71 25 76 16 26 112 42 56 88 67 39 81 12 38 74
Coste: 79

GENERACION: 55
Mejor Solucion:  17 62 69 22 98 60 105 113 64 90 29 106 77 101 116 103 23 79 89 3 52 84 124 58 110 73 121 66 95 92 45 40 63 75 47 61 125 21 10 59 107 27 57 85 50 53 86 118 117 91 115 9 83 54 100 87 102 51 104 36 96 68 30 4 20 32 78 65 97 111 41 6 37 5 1 2 35 120 33 49 18 19 127 43 15 44 114 80 93 108 109 72 0 82 119 55 11 31 8 28 94 123 99 34 14 70 48 24 7 13 126 46 122 71 25 76 16 26 112 42 56 88 67 39 81 12 38 74
Coste: 79

GENERACION: 60
Mejor Solucion:  11 122 15 42 50 39 60 98 103 95 87 106 116 112 52 113 6 101 89 105 81 12 69 40 110 73 29 51 88 92 45 54 63 108 47 61 120 21 10 56 107 59 57 85 58 117 86 118 53 67 115 9 83 23 100 79 102 121 104 36 96 68 30 4 20 32 34 65 97 111 41 84 37 27 1 5 35 125 33 49 16 19 127 43 91 44 18 80 93 75 109 72 0 82 119 55 126 31 8 28 94 123 99 78 14 70 48 24 7 13 66 46 2 71 25 76 114 26 3 77 74 17 90 22 64 124 38 62
Coste: 77

GENERACION: 65
Mejor Solucion:  11 122 15 42 50 39 60 98 103 95 87 106 116 112 52 113 6 101 89 105 81 12 69 40 110 73 29 51 88 92 45 54 63 108 47 61 120 21 10 56 107 59 57 85 58 117 86 118 53 67 115 9 83 23 100 79 102 121 104 36 96 68 30 4 20 32 34 65 97 111 41 84 37 27 1 5 35 125 33 49 16 19 127 43 91 44 18 80 93 75 109 72 0 82 119 55 126 31 8 28 94 123 99 78 14 70 48 24 7 13 66 46 2 71 25 76 114 26 3 77 74 17 90 22 64 124 38 62
Coste: 77

GENERACION: 70
Mejor Solucion:  11 122 15 42 50 39 60 98 103 95 87 106 116 112 52 113 6 101 89 105 81 12 69 40 110 73 29 51 88 92 45 54 63 108 47 61 120 21 10 56 107 59 57 85 58 117 86 118 53 67 115 9 83 23 100 79 102 121 104 36 96 68 30 4 20 32 34 65 97 111 41 84 37 27 1 5 35 125 33 49 16 19 127 43 91 44 18 80 93 75 109 72 0 82 119 55 126 31 8 28 94 123 99 78 14 70 48 24 7 13 66 46 2 71 25 76 114 26 3 77 74 17 90 22 64 124 38 62
Coste: 77

GENERACION: 75
Mejor Solucion:  11 122 15 42 50 39 60 98 103 95 87 106 116 112 52 113 6 101 89 105 81 12 69 40 110 73 29 51 88 92 45 54 63 108 47 61 120 21 10 56 107 59 57 85 58 117 86 118 53 67 115 9 83 23 100 79 102 121 104 36 96 68 30 4 20 32 34 65 97 111 41 84 37 27 1 5 35 125 33 49 16 19 127 43 91 44 18 80 93 75 109 72 0 82 119 55 126 31 8 28 94 123 99 78 14 70 48 24 7 13 66 46 2 71 25 76 114 26 3 77 74 17 90 22 64 124 38 62
Coste: 77

GENERACION: 80
Mejor Solucion:  13 121 106 103 17 50 69 68 122 90 105 95 42 62 115 60 52 2 89 116 84 12 98 123 110 4 29 16 88 92 45 111 63 108 47 61 120 100 10 56 94 40 57 85 58 117 86 118 113 39 114 9 82 75 21 79 102 96 104 53 5 3 30 7 77 32 34 65 97 125 41 14 37 112 1 15 35 54 33 49 87 78 127 43 91 44 81 80 93 48 109 72 0 83 119 55 126 31 8 28 107 59 99 51 46 18 11 24 66 36 23 64 19 71 25 20 76 22 27 70 6 101 124 67 73 26 38 74
Coste: 68

GENERACION: 85
Mejor Solucion:  13 121 106 103 17 50 69 68 122 90 105 95 42 62 115 60 52 2 89 116 84 12 98 123 110 4 29 16 88 92 45 111 63 108 47 61 120 100 10 56 94 40 57 85 58 117 86 118 113 39 114 9 82 75 21 79 102 96 104 53 5 3 30 7 77 32 34 65 97 125 41 14 37 112 1 15 35 54 33 49 87 78 127 43 91 44 81 80 93 48 109 72 0 83 119 55 126 31 8 28 107 59 99 51 46 18 11 24 66 36 23 64 19 71 25 20 76 22 27 70 6 101 124 67 73 26 38 74
Coste: 68

GENERACION: 90
Mejor Solucion:  13 121 106 103 17 50 69 68 122 90 105 95 42 62 115 60 52 2 89 116 84 12 98 123 110 4 29 16 88 92 45 111 63 108 47 61 120 100 10 56 94 40 57 85 58 117 86 118 113 39 114 9 82 75 21 79 102 96 104 53 5 3 30 7 77 32 34 65 97 125 41 14 37 112 1 15 35 54 33 49 87 78 127 43 91 44 81 80 93 48 109 72 0 83 119 55 126 31 8 28 107 59 99 51 46 18 11 24 66 36 23 64 19 71 25 20 76 22 27 70 6 101 124 67 73 26 38 74
Coste: 68

GENERACION: 95
Mejor Solucion:  13 121 106 103 17 50 69 68 122 90 105 95 42 62 115 60 52 2 89 116 84 12 98 123 110 4 29 16 88 92 45 111 63 108 47 61 120 100 10 56 94 40 57 85 58 117 86 118 113 39 114 9 82 75 21 79 102 96 104 53 5 3 30 7 77 32 34 65 97 125 41 14 37 112 1 15 35 54 33 49 87 78 127 43 91 44 81 80 93 48 109 72 0 83 119 55 126 31 8 28 107 59 99 51 46 18 11 24 66 36 23 64 19 71 25 20 76 22 27 70 6 101 124 67 73 26 38 74
Coste: 68

GENERACION: 100
Mejor Solucion:  13 121 106 103 17 50 69 68 122 90 105 95 42 62 115 60 52 2 89 116 84 12 98 123 110 4 29 16 88 92 45 111 63 108 47 61 120 100 10 56 94 40 57 85 58 117 86 118 113 39 114 9 82 75 21 79 102 96 104 53 5 3 30 7 77 32 34 65 97 125 41 14 37 112 1 15 35 54 33 49 87 78 127 43 91 44 81 80 93 48 109 72 0 83 119 55 126 31 8 28 107 59 99 51 46 18 11 24 66 36 23 64 19 71 25 20 76 22 27 70 6 101 124 67 73 26 38 74
Coste: 68

GENERACION: 105
Mejor Solucion:  13 121 106 103 17 50 69 68 122 90 105 95 42 62 115 60 52 2 89 116 84 12 98 123 110 4 29 16 88 92 45 111 63 108 47 61 120 100 10 56 94 40 57 85 58 117 86 118 113 39 114 9 82 75 21 79 102 96 104 53 5 3 30 7 77 32 34 65 97 125 41 14 37 112 1 15 35 54 33 49 87 78 127 43 91 44 81 80 93 48 109 72 0 83 119 55 126 31 8 28 107 59 99 51 46 18 11 24 66 36 23 64 19 71 25 20 76 22 27 70 6 101 124 67 73 26 38 74
Coste: 68

GENERACION: 110
Mejor Solucion:  13 121 106 103 17 50 69 68 122 90 105 95 42 62 115 60 52 2 89 116 84 12 98 123 110 4 29 16 88 92 45 111 63 108 47 61 120 100 10 56 94 40 57 85 58 117 86 118 113 39 114 9 82 75 21 79 102 96 104 53 5 3 30 7 77 32 34 65 97 125 41 14 37 112 1 15 35 54 33 49 87 78 127 43 91 44 81 80 93 48 109 72 0 83 119 55 126 31 8 28 107 59 99 51 46 18 11 24 66 36 23 64 19 71 25 20 76 22 27 70 6 101 124 67 73 26 38 74
Coste: 68

GENERACION: 115
Mejor Solucion:  13 121 106 103 17 50 69 68 122 90 105 95 42 62 115 60 52 2 89 116 84 12 98 123 110 4 29 16 88 92 45 111 63 108 47 61 120 100 10 56 94 40 57 85 58 117 86 118 113 39 114 9 82 75 21 79 102 96 104 53 5 3 30 7 77 32 34 65 97 125 41 14 37 112 1 15 35 54 33 49 87 78 127 43 91 44 81 80 93 48 109 72 0 83 119 55 126 31 8 28 107 59 99 51 46 18 11 24 66 36 23 64 19 71 25 20 76 22 27 70 6 101 124 67 73 26 38 74
Coste: 68

GENERACION: 120
Mejor Solucion:  13 121 106 103 17 50 69 68 122 90 105 95 42 62 115 60 52 2 89 116 84 12 98 123 110 4 29 16 88 92 45 111 63 108 47 61 120 100 10 56 94 40 57 85 58 117 86 118 113 39 114 9 82 75 21 79 102 96 104 53 5 3 30 7 77 32 34 65 97 125 41 14 37 112 1 15 35 54 33 49 87 78 127 43 91 44 81 80 93 48 109 72 0 83 119 55 126 31 8 28 107 59 99 51 46 18 11 24 66 36 23 64 19 71 25 20 76 22 27 70 6 101 124 67 73 26 38 74
Coste: 68

GENERACION: 125
Mejor Solucion:  13 121 106 103 17 50 69 68 122 90 105 95 42 62 115 60 52 2 89 116 84 12 98 123 110 4 29 16 88 92 45 111 63 108 47 61 120 100 10 56 94 40 57 85 58 117 86 118 113 39 114 9 82 75 21 79 102 96 104 53 5 3 30 7 77 32 34 65 97 125 41 14 37 112 1 15 35 54 33 49 87 78 127 43 91 44 81 80 93 48 109 72 0 83 119 55 126 31 8 28 107 59 99 51 46 18 11 24 66 36 23 64 19 71 25 20 76 22 27 70 6 101 124 67 73 26 38 74
Coste: 68

GENERACION: 130
Mejor Solucion:  13 121 106 103 17 50 69 68 122 90 105 95 42 62 115 60 52 2 89 116 84 12 98 123 110 4 29 16 88 92 45 111 63 108 47 61 120 100 10 56 94 40 57 85 58 117 86 118 113 39 114 9 82 75 21 79 102 96 104 53 5 3 30 7 77 32 34 65 97 125 41 14 37 112 1 15 35 54 33 49 87 78 127 43 91 44 81 80 93 48 109 72 0 83 119 55 126 31 8 28 107 59 99 51 46 18 11 24 66 36 23 64 19 71 25 20 76 22 27 70 6 101 124 67 73 26 38 74
Coste: 68

GENERACION: 135
Mejor Solucion:  13 121 106 103 17 50 69 68 122 90 105 95 42 62 115 60 52 2 89 116 84 12 98 123 110 4 29 16 88 92 45 111 63 108 47 61 120 100 10 56 94 40 57 85 58 117 86 118 113 39 114 9 82 75 21 79 102 96 104 53 5 3 30 7 77 32 34 65 97 125 41 14 37 112 1 15 35 54 33 49 87 78 127 43 91 44 81 80 93 48 109 72 0 83 119 55 126 31 8 28 107 59 99 51 46 18 11 24 66 36 23 64 19 71 25 20 76 22 27 70 6 101 124 67 73 26 38 74
Coste: 68

GENERACION: 140
Mejor Solucion:  13 121 106 103 17 50 69 68 122 90 105 95 42 62 115 60 52 2 89 116 84 12 98 123 110 4 29 16 88 92 45 111 63 108 47 61 120 100 10 56 94 40 57 85 58 117 86 118 113 39 114 9 82 75 21 79 102 96 104 53 5 3 30 7 77 32 34 65 97 125 41 14 37 112 1 15 35 54 33 49 87 78 127 43 91 44 81 80 93 48 109 72 0 83 119 55 126 31 8 28 107 59 99 51 46 18 11 24 66 36 23 64 19 71 25 20 76 22 27 70 6 101 124 67 73 26 38 74
Coste: 68

GENERACION: 145
Mejor Solucion:  13 121 106 103 17 50 69 68 122 90 105 95 42 62 115 60 52 2 89 116 84 12 98 123 110 4 29 16 88 92 45 111 63 108 47 61 120 100 10 56 94 40 57 85 58 117 86 118 113 39 114 9 82 75 21 79 102 96 104 53 5 3 30 7 77 32 34 65 97 125 41 14 37 112 1 15 35 54 33 49 87 78 127 43 91 44 81 80 93 48 109 72 0 83 119 55 126 31 8 28 107 59 99 51 46 18 11 24 66 36 23 64 19 71 25 20 76 22 27 70 6 101 124 67 73 26 38 74
Coste: 68

GENERACION: 150
Mejor Solucion:  13 121 106 103 17 50 69 68 122 90 105 95 42 62 115 60 52 2 89 116 84 12 98 123 110 4 29 16 88 92 45 111 63 108 47 61 120 100 10 56 94 40 57 85 58 117 86 118 113 39 114 9 82 75 21 79 102 96 104 53 5 3 30 7 77 32 34 65 97 125 41 14 37 112 1 15 35 54 33 49 87 78 127 43 91 44 81 80 93 48 109 72 0 83 119 55 126 31 8 28 107 59 99 51 46 18 11 24 66 36 23 64 19 71 25 20 76 22 27 70 6 101 124 67 73 26 38 74
Coste: 68

GENERACION: 155
Mejor Solucion:  13 121 106 103 17 50 69 68 122 90 105 95 42 62 115 60 52 2 89 116 84 12 98 123 110 4 29 16 88 92 45 111 63 108 47 61 120 100 10 56 94 40 57 85 58 117 86 118 113 39 114 9 82 75 21 79 102 96 104 53 5 3 30 7 77 32 34 65 97 125 41 14 37 112 1 15 35 54 33 49 87 78 127 43 91 44 81 80 93 48 109 72 0 83 119 55 126 31 8 28 107 59 99 51 46 18 11 24 66 36 23 64 19 71 25 20 76 22 27 70 6 101 124 67 73 26 38 74
Coste: 68

GENERACION: 160
Mejor Solucion:  13 121 106 103 17 50 69 68 122 90 105 95 42 62 115 60 52 2 89 116 84 12 98 123 110 4 29 16 88 92 45 111 63 108 47 61 120 100 10 56 94 40 57 85 58 117 86 118 113 39 114 9 82 75 21 79 102 96 104 53 5 3 30 7 77 32 34 65 97 125 41 14 37 112 1 15 35 54 33 49 87 78 127 43 91 44 81 80 93 48 109 72 0 83 119 55 126 31 8 28 107 59 99 51 46 18 11 24 66 36 23 64 19 71 25 20 76 22 27 70 6 101 124 67 73 26 38 74
Coste: 68

GENERACION: 165
Mejor Solucion:  13 121 106 103 17 50 69 68 122 90 105 95 42 62 115 60 52 2 89 116 84 12 98 123 110 4 29 16 88 92 45 111 63 108 47 61 120 100 10 56 94 40 57 85 58 117 86 118 113 39 114 9 82 75 21 79 102 96 104 53 5 3 30 7 77 32 34 65 97 125 41 14 37 112 1 15 35 54 33 49 87 78 127 43 91 44 81 80 93 48 109 72 0 83 119 55 126 31 8 28 107 59 99 51 46 18 11 24 66 36 23 64 19 71 25 20 76 22 27 70 6 101 124 67 73 26 38 74
Coste: 68

GENERACION: 170
Mejor Solucion:  42 89 79 78 118 2 46 6 4 31 73 115 121 67 104 75 109 82 77 98 32 15 127 41 110 108 106 114 105 28 117 30 55 13 119 53 94 86 81 96 103 97 33 36 38 16 84 92 11 10 76 23 68 12 8 35 1 88 99 48 66 87 93 71 102 57 74 65 27 22 19 122 59 44 25 85 51 5 17 49 54 126 14 60 18 39 116 20 113 50 3 45 29 52 62 91 124 21 120 24 56 9 90 58 26 34 43 100 101 37 80 64 112 111 83 72 123 0 7 40 47 69 95 63 107 70 125 61
Coste: 64

GENERACION: 175
Mejor Solucion:  42 89 79 78 118 2 46 6 4 31 73 115 121 67 104 75 109 82 77 98 32 15 127 41 110 108 106 114 105 28 117 30 55 13 119 53 94 86 81 96 103 97 33 36 38 16 84 92 11 10 76 23 68 12 8 35 1 88 99 48 66 87 93 71 102 57 74 65 27 22 19 122 59 44 25 85 51 5 17 49 54 126 14 60 18 39 116 20 113 50 3 45 29 52 62 91 124 21 120 24 56 9 90 58 26 34 43 100 101 37 80 64 112 111 83 72 123 0 7 40 47 69 95 63 107 70 125 61
Coste: 64

GENERACION: 180
Mejor Solucion:  42 89 79 78 118 2 46 6 4 31 73 115 121 67 104 75 109 82 77 98 32 15 127 41 110 108 106 114 105 28 117 30 55 13 119 53 94 86 81 96 103 97 33 36 38 16 84 92 11 10 76 23 68 12 8 35 1 88 99 48 66 87 93 71 102 57 74 65 27 22 19 122 59 44 25 85 51 5 17 49 54 126 14 60 18 39 116 20 113 50 3 45 29 52 62 91 124 21 120 24 56 9 90 58 26 34 43 100 101 37 80 64 112 111 83 72 123 0 7 40 47 69 95 63 107 70 125 61
Coste: 64

GENERACION: 185
Mejor Solucion:  42 89 79 78 118 2 46 6 4 31 73 115 121 67 104 75 109 82 77 98 32 15 127 41 110 108 106 114 105 28 117 30 55 13 119 53 94 86 81 96 103 97 33 36 38 16 84 92 11 10 76 23 68 12 8 35 1 88 99 48 66 87 93 71 102 57 74 65 27 22 19 122 59 44 25 85 51 5 17 49 54 126 14 60 18 39 116 20 113 50 3 45 29 52 62 91 124 21 120 24 56 9 90 58 26 34 43 100 101 37 80 64 112 111 83 72 123 0 7 40 47 69 95 63 107 70 125 61
Coste: 64

GENERACION: 190
Mejor Solucion:  42 89 79 78 118 2 46 6 4 31 73 115 121 67 104 75 109 82 77 98 32 15 127 41 110 108 106 114 105 28 117 30 55 13 119 53 94 86 81 96 103 97 33 36 38 16 84 92 11 10 76 23 68 12 8 35 1 88 99 48 66 87 93 71 102 57 74 65 27 22 19 122 59 44 25 85 51 5 17 49 54 126 14 60 18 39 116 20 113 50 3 45 29 52 62 91 124 21 120 24 56 9 90 58 26 34 43 100 101 37 80 64 112 111 83 72 123 0 7 40 47 69 95 63 107 70 125 61
Coste: 64

GENERACION: 195
Mejor Solucion:  42 89 79 78 118 2 46 6 4 31 73 115 121 67 104 75 109 82 77 98 32 15 127 41 110 108 106 114 105 28 117 30 55 13 119 53 94 86 81 96 103 97 33 36 38 16 84 92 11 10 76 23 68 12 8 35 1 88 99 48 66 87 93 71 102 57 74 65 27 22 19 122 59 44 25 85 51 5 17 49 54 126 14 60 18 39 116 20 113 50 3 45 29 52 62 91 124 21 120 24 56 9 90 58 26 34 43 100 101 37 80 64 112 111 83 72 123 0 7 40 47 69 95 63 107 70 125 61
Coste: 64

GENERACION: 200
Mejor Solucion:  42 89 79 78 118 2 46 6 4 31 73 115 121 67 104 75 109 82 77 98 32 15 127 41 110 108 106 114 105 28 117 30 55 13 119 53 94 86 81 96 103 97 33 36 38 16 84 92 11 10 76 23 68 12 8 35 1 88 99 48 66 87 93 71 102 57 74 65 27 22 19 122 59 44 25 85 51 5 17 49 54 126 14 60 18 39 116 20 113 50 3 45 29 52 62 91 124 21 120 24 56 9 90 58 26 34 43 100 101 37 80 64 112 111 83 72 123 0 7 40 47 69 95 63 107 70 125 61
Coste: 64

GENERACION: 205
Mejor Solucion:  42 89 79 78 118 2 46 6 4 31 73 115 121 67 104 75 109 82 77 98 32 15 127 41 110 108 106 114 105 28 117 30 55 13 119 53 94 86 81 96 103 97 33 36 38 16 84 92 11 10 76 23 68 12 8 35 1 88 99 48 66 87 93 71 102 57 74 65 27 22 19 122 59 44 25 85 51 5 17 49 54 126 14 60 18 39 116 20 113 50 3 45 29 52 62 91 124 21 120 24 56 9 90 58 26 34 43 100 101 37 80 64 112 111 83 72 123 0 7 40 47 69 95 63 107 70 125 61
Coste: 64

GENERACION: 210
Mejor Solucion:  42 89 79 78 118 2 46 6 4 31 73 115 121 67 104 75 109 82 77 98 32 15 127 41 110 108 106 114 105 28 117 30 55 13 119 53 94 86 81 96 103 97 33 36 38 16 84 92 11 10 76 23 68 12 8 35 1 88 99 48 66 87 93 71 102 57 74 65 27 22 19 122 59 44 25 85 51 5 17 49 54 126 14 60 18 39 116 20 113 50 3 45 29 52 62 91 124 21 120 24 56 9 90 58 26 34 43 100 101 37 80 64 112 111 83 72 123 0 7 40 47 69 95 63 107 70 125 61
Coste: 64

GENERACION: 215
Mejor Solucion:  42 89 79 78 118 2 46 6 4 31 73 115 121 67 104 75 109 82 77 98 32 15 127 41 110 108 106 114 105 28 117 30 55 13 119 53 94 86 81 96 103 97 33 36 38 16 84 92 11 10 76 23 68 12 8 35 1 88 99 48 66 87 93 71 102 57 74 65 27 22 19 122 59 44 25 85 51 5 17 49 54 126 14 60 18 39 116 20 113 50 3 45 29 52 62 91 124 21 120 24 56 9 90 58 26 34 43 100 101 37 80 64 112 111 83 72 123 0 7 40 47 69 95 63 107 70 125 61
Coste: 64

GENERACION: 220
Mejor Solucion:  42 89 79 78 118 2 46 6 4 31 73 115 121 67 104 75 109 82 77 98 32 15 127 41 110 108 106 114 105 28 117 30 55 13 119 53 94 86 81 96 103 97 33 36 38 16 84 92 11 10 76 23 68 12 8 35 1 88 99 48 66 87 93 71 102 57 74 65 27 22 19 122 59 44 25 85 51 5 17 49 54 126 14 60 18 39 116 20 113 50 3 45 29 52 62 91 124 21 120 24 56 9 90 58 26 34 43 100 101 37 80 64 112 111 83 72 123 0 7 40 47 69 95 63 107 70 125 61
Coste: 64

GENERACION: 225
Mejor Solucion:  42 89 79 78 118 2 46 6 4 31 73 115 121 67 104 75 109 82 77 98 32 15 127 41 110 108 106 114 105 28 117 30 55 13 119 53 94 86 81 96 103 97 33 36 38 16 84 92 11 10 76 23 68 12 8 35 1 88 99 48 66 87 93 71 102 57 74 65 27 22 19 122 59 44 25 85 51 5 17 49 54 126 14 60 18 39 116 20 113 50 3 45 29 52 62 91 124 21 120 24 56 9 90 58 26 34 43 100 101 37 80 64 112 111 83 72 123 0 7 40 47 69 95 63 107 70 125 61
Coste: 64

GENERACION: 230
Mejor Solucion:  42 89 79 78 118 2 46 6 4 31 73 115 121 67 104 75 109 82 77 98 32 15 127 41 110 108 106 114 105 28 117 30 55 13 119 53 94 86 81 96 103 97 33 36 38 16 84 92 11 10 76 23 68 12 8 35 1 88 99 48 66 87 93 71 102 57 74 65 27 22 19 122 59 44 25 85 51 5 17 49 54 126 14 60 18 39 116 20 113 50 3 45 29 52 62 91 124 21 120 24 56 9 90 58 26 34 43 100 101 37 80 64 112 111 83 72 123 0 7 40 47 69 95 63 107 70 125 61
Coste: 64

GENERACION: 235
Mejor Solucion:  42 89 79 78 118 2 46 6 4 31 73 115 121 67 104 75 109 82 77 98 32 15 127 41 110 108 106 114 105 28 117 30 55 13 119 53 94 86 81 96 103 97 33 36 38 16 84 92 11 10 76 23 68 12 8 35 1 88 99 48 66 87 93 71 102 57 74 65 27 22 19 122 59 44 25 85 51 5 17 49 54 126 14 60 18 39 116 20 113 50 3 45 29 52 62 91 124 21 120 24 56 9 90 58 26 34 43 100 101 37 80 64 112 111 83 72 123 0 7 40 47 69 95 63 107 70 125 61
Coste: 64

GENERACION: 240
Mejor Solucion:  42 89 79 78 118 2 46 6 4 31 73 115 121 67 104 75 109 82 77 98 32 15 127 41 110 108 106 114 105 28 117 30 55 13 119 53 94 86 81 96 103 97 33 36 38 16 84 92 11 10 76 23 68 12 8 35 1 88 99 48 66 87 93 71 102 57 74 65 27 22 19 122 59 44 25 85 51 5 17 49 54 126 14 60 18 39 116 20 113 50 3 45 29 52 62 91 124 21 120 24 56 9 90 58 26 34 43 100 101 37 80 64 112 111 83 72 123 0 7 40 47 69 95 63 107 70 125 61
Coste: 64

GENERACION: 245
Mejor Solucion:  42 89 79 78 118 2 46 6 4 31 73 115 121 67 104 75 109 82 77 98 32 15 127 41 110 108 106 114 105 28 117 30 55 13 119 53 94 86 81 96 103 97 33 36 38 16 84 92 11 10 76 23 68 12 8 35 1 88 99 48 66 87 93 71 102 57 74 65 27 22 19 122 59 44 25 85 51 5 17 49 54 126 14 60 18 39 116 20 113 50 3 45 29 52 62 91 124 21 120 24 56 9 90 58 26 34 43 100 101 37 80 64 112 111 83 72 123 0 7 40 47 69 95 63 107 70 125 61
Coste: 64

GENERACION: 250
Mejor Solucion:  42 89 79 78 118 2 46 6 4 31 73 115 121 67 104 75 109 82 77 98 32 15 127 41 110 108 106 114 105 28 117 30 55 13 119 53 94 86 81 96 103 97 33 36 38 16 84 92 11 10 76 23 68 12 8 35 1 88 99 48 66 87 93 71 102 57 74 65 27 22 19 122 59 44 25 85 51 5 17 49 54 126 14 60 18 39 116 20 113 50 3 45 29 52 62 91 124 21 120 24 56 9 90 58 26 34 43 100 101 37 80 64 112 111 83 72 123 0 7 40 47 69 95 63 107 70 125 61
Coste: 64

GENERACION: 255
Mejor Solucion:  42 89 79 78 118 2 46 6 4 31 73 115 121 67 104 75 109 82 77 98 32 15 127 41 110 108 106 114 105 28 117 30 55 13 119 53 94 86 81 96 103 97 33 36 38 16 84 92 11 10 76 23 68 12 8 35 1 88 99 48 66 87 93 71 102 57 74 65 27 22 19 122 59 44 25 85 51 5 17 49 54 126 14 60 18 39 116 20 113 50 3 45 29 52 62 91 124 21 120 24 56 9 90 58 26 34 43 100 101 37 80 64 112 111 83 72 123 0 7 40 47 69 95 63 107 70 125 61
Coste: 64

GENERACION: 260
Mejor Solucion:  42 89 79 78 118 2 46 6 4 31 73 115 121 67 104 75 109 82 77 98 32 15 127 41 110 108 106 114 105 28 117 30 55 13 119 53 94 86 81 96 103 97 33 36 38 16 84 92 11 10 76 23 68 12 8 35 1 88 99 48 66 87 93 71 102 57 74 65 27 22 19 122 59 44 25 85 51 5 17 49 54 126 14 60 18 39 116 20 113 50 3 45 29 52 62 91 124 21 120 24 56 9 90 58 26 34 43 100 101 37 80 64 112 111 83 72 123 0 7 40 47 69 95 63 107 70 125 61
Coste: 64

GENERACION: 265
Mejor Solucion:  42 89 79 78 118 2 46 6 4 31 73 115 121 67 104 75 109 82 77 98 32 15 127 41 110 108 106 114 105 28 117 30 55 13 119 53 94 86 81 96 103 97 33 36 38 16 84 92 11 10 76 23 68 12 8 35 1 88 99 48 66 87 93 71 102 57 74 65 27 22 19 122 59 44 25 85 51 5 17 49 54 126 14 60 18 39 116 20 113 50 3 45 29 52 62 91 124 21 120 24 56 9 90 58 26 34 43 100 101 37 80 64 112 111 83 72 123 0 7 40 47 69 95 63 107 70 125 61
Coste: 64

GENERACION: 270
Mejor Solucion:  42 89 79 78 118 2 46 6 4 31 73 115 121 67 104 75 109 82 77 98 32 15 127 41 110 108 106 114 105 28 117 30 55 13 119 53 94 86 81 96 103 97 33 36 38 16 84 92 11 10 76 23 68 12 8 35 1 88 99 48 66 87 93 71 102 57 74 65 27 22 19 122 59 44 25 85 51 5 17 49 54 126 14 60 18 39 116 20 113 50 3 45 29 52 62 91 124 21 120 24 56 9 90 58 26 34 43 100 101 37 80 64 112 111 83 72 123 0 7 40 47 69 95 63 107 70 125 61
Coste: 64

GENERACION: 275
Mejor Solucion:  42 89 79 78 118 2 46 6 4 31 73 115 121 67 104 75 109 82 77 98 32 15 127 41 110 108 106 114 105 28 117 30 55 13 119 53 94 86 81 96 103 97 33 36 38 16 84 92 11 10 76 23 68 12 8 35 1 88 99 48 66 87 93 71 102 57 74 65 27 22 19 122 59 44 25 85 51 5 17 49 54 126 14 60 18 39 116 20 113 50 3 45 29 52 62 91 124 21 120 24 56 9 90 58 26 34 43 100 101 37 80 64 112 111 83 72 123 0 7 40 47 69 95 63 107 70 125 61
Coste: 64

GENERACION: 280
Mejor Solucion:  42 89 79 78 118 2 46 6 4 31 73 115 121 67 104 75 109 82 77 98 32 15 127 41 110 108 106 114 105 28 117 30 55 13 119 53 94 86 81 96 103 97 33 36 38 16 84 92 11 10 76 23 68 12 8 35 1 88 99 48 66 87 93 71 102 57 74 65 27 22 19 122 59 44 25 85 51 5 17 49 54 126 14 60 18 39 116 20 113 50 3 45 29 52 62 91 124 21 120 24 56 9 90 58 26 34 43 100 101 37 80 64 112 111 83 72 123 0 7 40 47 69 95 63 107 70 125 61
Coste: 64

GENERACION: 285
Mejor Solucion:  42 89 79 78 118 2 46 6 4 31 73 115 121 67 104 75 109 82 77 98 32 15 127 41 110 108 106 114 105 28 117 30 55 13 119 53 94 86 81 96 103 97 33 36 38 16 84 92 11 10 76 23 68 12 8 35 1 88 99 48 66 87 93 71 102 57 74 65 27 22 19 122 59 44 25 85 51 5 17 49 54 126 14 60 18 39 116 20 113 50 3 45 29 52 62 91 124 21 120 24 56 9 90 58 26 34 43 100 101 37 80 64 112 111 83 72 123 0 7 40 47 69 95 63 107 70 125 61
Coste: 64

GENERACION: 290
Mejor Solucion:  42 89 79 78 118 2 46 6 4 31 73 115 121 67 104 75 109 82 77 98 32 15 127 41 110 108 106 114 105 28 117 30 55 13 119 53 94 86 81 96 103 97 33 36 38 16 84 92 11 10 76 23 68 12 8 35 1 88 99 48 66 87 93 71 102 57 74 65 27 22 19 122 59 44 25 85 51 5 17 49 54 126 14 60 18 39 116 20 113 50 3 45 29 52 62 91 124 21 120 24 56 9 90 58 26 34 43 100 101 37 80 64 112 111 83 72 123 0 7 40 47 69 95 63 107 70 125 61
Coste: 64

GENERACION: 295
Mejor Solucion:  42 89 79 78 118 2 46 6 4 31 73 115 121 67 104 75 109 82 77 98 32 15 127 41 110 108 106 114 105 28 117 30 55 13 119 53 94 86 81 96 103 97 33 36 38 16 84 92 11 10 76 23 68 12 8 35 1 88 99 48 66 87 93 71 102 57 74 65 27 22 19 122 59 44 25 85 51 5 17 49 54 126 14 60 18 39 116 20 113 50 3 45 29 52 62 91 124 21 120 24 56 9 90 58 26 34 43 100 101 37 80 64 112 111 83 72 123 0 7 40 47 69 95 63 107 70 125 61
Coste: 64

GENERACION: 300
Mejor Solucion:  42 89 79 78 118 2 46 6 4 31 73 115 121 67 104 75 109 82 77 98 32 15 127 41 110 108 106 114 105 28 117 30 55 13 119 53 94 86 81 96 103 97 33 36 38 16 84 92 11 10 76 23 68 12 8 35 1 88 99 48 66 87 93 71 102 57 74 65 27 22 19 122 59 44 25 85 51 5 17 49 54 126 14 60 18 39 116 20 113 50 3 45 29 52 62 91 124 21 120 24 56 9 90 58 26 34 43 100 101 37 80 64 112 111 83 72 123 0 7 40 47 69 95 63 107 70 125 61
Coste: 64

GENERACION: 305
Mejor Solucion:  42 89 79 78 118 2 46 6 4 31 73 115 121 67 104 75 109 82 77 98 32 15 127 41 110 108 106 114 105 28 117 30 55 13 119 53 94 86 81 96 103 97 33 36 38 16 84 92 11 10 76 23 68 12 8 35 1 88 99 48 66 87 93 71 102 57 74 65 27 22 19 122 59 44 25 85 51 5 17 49 54 126 14 60 18 39 116 20 113 50 3 45 29 52 62 91 124 21 120 24 56 9 90 58 26 34 43 100 101 37 80 64 112 111 83 72 123 0 7 40 47 69 95 63 107 70 125 61
Coste: 64

GENERACION: 310
Mejor Solucion:  42 89 79 78 118 2 46 6 4 31 73 115 121 67 104 75 109 82 77 98 32 15 127 41 110 108 106 114 105 28 117 30 55 13 119 53 94 86 81 96 103 97 33 36 38 16 84 92 11 10 76 23 68 12 8 35 1 88 99 48 66 87 93 71 102 57 74 65 27 22 19 122 59 44 25 85 51 5 17 49 54 126 14 60 18 39 116 20 113 50 3 45 29 52 62 91 124 21 120 24 56 9 90 58 26 34 43 100 101 37 80 64 112 111 83 72 123 0 7 40 47 69 95 63 107 70 125 61
Coste: 64

GENERACION: 315
Mejor Solucion:  42 89 79 78 118 2 46 6 4 31 73 115 121 67 104 75 109 82 77 98 32 15 127 41 110 108 106 114 105 28 117 30 55 13 119 53 94 86 81 96 103 97 33 36 38 16 84 92 11 10 76 23 68 12 8 35 1 88 99 48 66 87 93 71 102 57 74 65 27 22 19 122 59 44 25 85 51 5 17 49 54 126 14 60 18 39 116 20 113 50 3 45 29 52 62 91 124 21 120 24 56 9 90 58 26 34 43 100 101 37 80 64 112 111 83 72 123 0 7 40 47 69 95 63 107 70 125 61
Coste: 64

GENERACION: 320
Mejor Solucion:  42 89 79 78 118 2 46 6 4 31 73 115 121 67 104 75 109 82 77 98 32 15 127 41 110 108 106 114 105 28 117 30 55 13 119 53 94 86 81 96 103 97 33 36 38 16 84 92 11 10 76 23 68 12 8 35 1 88 99 48 66 87 93 71 102 57 74 65 27 22 19 122 59 44 25 85 51 5 17 49 54 126 14 60 18 39 116 20 113 50 3 45 29 52 62 91 124 21 120 24 56 9 90 58 26 34 43 100 101 37 80 64 112 111 83 72 123 0 7 40 47 69 95 63 107 70 125 61
Coste: 64

GENERACION: 325
Mejor Solucion:  42 89 79 78 118 2 46 6 4 31 73 115 121 67 104 75 109 82 77 98 32 15 127 41 110 108 106 114 105 28 117 30 55 13 119 53 94 86 81 96 103 97 33 36 38 16 84 92 11 10 76 23 68 12 8 35 1 88 99 48 66 87 93 71 102 57 74 65 27 22 19 122 59 44 25 85 51 5 17 49 54 126 14 60 18 39 116 20 113 50 3 45 29 52 62 91 124 21 120 24 56 9 90 58 26 34 43 100 101 37 80 64 112 111 83 72 123 0 7 40 47 69 95 63 107 70 125 61
Coste: 64

GENERACION: 330
Mejor Solucion:  42 89 79 78 118 2 46 6 4 31 73 115 121 67 104 75 109 82 77 98 32 15 127 41 110 108 106 114 105 28 117 30 55 13 119 53 94 86 81 96 103 97 33 36 38 16 84 92 11 10 76 23 68 12 8 35 1 88 99 48 66 87 93 71 102 57 74 65 27 22 19 122 59 44 25 85 51 5 17 49 54 126 14 60 18 39 116 20 113 50 3 45 29 52 62 91 124 21 120 24 56 9 90 58 26 34 43 100 101 37 80 64 112 111 83 72 123 0 7 40 47 69 95 63 107 70 125 61
Coste: 64

GENERACION: 335
Mejor Solucion:  42 89 79 78 118 2 46 6 4 31 73 115 121 67 104 75 109 82 77 98 32 15 127 41 110 108 106 114 105 28 117 30 55 13 119 53 94 86 81 96 103 97 33 36 38 16 84 92 11 10 76 23 68 12 8 35 1 88 99 48 66 87 93 71 102 57 74 65 27 22 19 122 59 44 25 85 51 5 17 49 54 126 14 60 18 39 116 20 113 50 3 45 29 52 62 91 124 21 120 24 56 9 90 58 26 34 43 100 101 37 80 64 112 111 83 72 123 0 7 40 47 69 95 63 107 70 125 61
Coste: 64

GENERACION: 340
Mejor Solucion:  42 89 79 78 118 2 46 6 4 31 73 115 121 67 104 75 109 82 77 98 32 15 127 41 110 108 106 114 105 28 117 30 55 13 119 53 94 86 81 96 103 97 33 36 38 16 84 92 11 10 76 23 68 12 8 35 1 88 99 48 66 87 93 71 102 57 74 65 27 22 19 122 59 44 25 85 51 5 17 49 54 126 14 60 18 39 116 20 113 50 3 45 29 52 62 91 124 21 120 24 56 9 90 58 26 34 43 100 101 37 80 64 112 111 83 72 123 0 7 40 47 69 95 63 107 70 125 61
Coste: 64

GENERACION: 345
Mejor Solucion:  42 89 79 78 118 2 46 6 4 31 73 115 121 67 104 75 109 82 77 98 32 15 127 41 110 108 106 114 105 28 117 30 55 13 119 53 94 86 81 96 103 97 33 36 38 16 84 92 11 10 76 23 68 12 8 35 1 88 99 48 66 87 93 71 102 57 74 65 27 22 19 122 59 44 25 85 51 5 17 49 54 126 14 60 18 39 116 20 113 50 3 45 29 52 62 91 124 21 120 24 56 9 90 58 26 34 43 100 101 37 80 64 112 111 83 72 123 0 7 40 47 69 95 63 107 70 125 61
Coste: 64

GENERACION: 350
Mejor Solucion:  42 89 79 78 118 2 46 6 4 31 73 115 121 67 104 75 109 82 77 98 32 15 127 41 110 108 106 114 105 28 117 30 55 13 119 53 94 86 81 96 103 97 33 36 38 16 84 92 11 10 76 23 68 12 8 35 1 88 99 48 66 87 93 71 102 57 74 65 27 22 19 122 59 44 25 85 51 5 17 49 54 126 14 60 18 39 116 20 113 50 3 45 29 52 62 91 124 21 120 24 56 9 90 58 26 34 43 100 101 37 80 64 112 111 83 72 123 0 7 40 47 69 95 63 107 70 125 61
Coste: 64

GENERACION: 355
Mejor Solucion:  42 89 79 78 118 2 46 6 4 31 73 115 121 67 104 75 109 82 77 98 32 15 127 41 110 108 106 114 105 28 117 30 55 13 119 53 94 86 81 96 103 97 33 36 38 16 84 92 11 10 76 23 68 12 8 35 1 88 99 48 66 87 93 71 102 57 74 65 27 22 19 122 59 44 25 85 51 5 17 49 54 126 14 60 18 39 116 20 113 50 3 45 29 52 62 91 124 21 120 24 56 9 90 58 26 34 43 100 101 37 80 64 112 111 83 72 123 0 7 40 47 69 95 63 107 70 125 61
Coste: 64

GENERACION: 360
Mejor Solucion:  42 89 79 78 118 2 46 6 4 31 73 115 121 67 104 75 109 82 77 98 32 15 127 41 110 108 106 114 105 28 117 30 55 13 119 53 94 86 81 96 103 97 33 36 38 16 84 92 11 10 76 23 68 12 8 35 1 88 99 48 66 87 93 71 102 57 74 65 27 22 19 122 59 44 25 85 51 5 17 49 54 126 14 60 18 39 116 20 113 50 3 45 29 52 62 91 124 21 120 24 56 9 90 58 26 34 43 100 101 37 80 64 112 111 83 72 123 0 7 40 47 69 95 63 107 70 125 61
Coste: 64

GENERACION: 365
Mejor Solucion:  42 89 79 78 118 2 46 6 4 31 73 115 121 67 104 75 109 82 77 98 32 15 127 41 110 108 106 114 105 28 117 30 55 13 119 53 94 86 81 96 103 97 33 36 38 16 84 92 11 10 76 23 68 12 8 35 1 88 99 48 66 87 93 71 102 57 74 65 27 22 19 122 59 44 25 85 51 5 17 49 54 126 14 60 18 39 116 20 113 50 3 45 29 52 62 91 124 21 120 24 56 9 90 58 26 34 43 100 101 37 80 64 112 111 83 72 123 0 7 40 47 69 95 63 107 70 125 61
Coste: 64

GENERACION: 370
Mejor Solucion:  42 89 79 78 118 2 46 6 4 31 73 115 121 67 104 75 109 82 77 98 32 15 127 41 110 108 106 114 105 28 117 30 55 13 119 53 94 86 81 96 103 97 33 36 38 16 84 92 11 10 76 23 68 12 8 35 1 88 99 48 66 87 93 71 102 57 74 65 27 22 19 122 59 44 25 85 51 5 17 49 54 126 14 60 18 39 116 20 113 50 3 45 29 52 62 91 124 21 120 24 56 9 90 58 26 34 43 100 101 37 80 64 112 111 83 72 123 0 7 40 47 69 95 63 107 70 125 61
Coste: 64

GENERACION: 375
Mejor Solucion:  42 89 79 78 118 2 46 6 4 31 73 115 121 67 104 75 109 82 77 98 32 15 127 41 110 108 106 114 105 28 117 30 55 13 119 53 94 86 81 96 103 97 33 36 38 16 84 92 11 10 76 23 68 12 8 35 1 88 99 48 66 87 93 71 102 57 74 65 27 22 19 122 59 44 25 85 51 5 17 49 54 126 14 60 18 39 116 20 113 50 3 45 29 52 62 91 124 21 120 24 56 9 90 58 26 34 43 100 101 37 80 64 112 111 83 72 123 0 7 40 47 69 95 63 107 70 125 61
Coste: 64

GENERACION: 380
Mejor Solucion:  42 89 79 78 118 2 46 6 4 31 73 115 121 67 104 75 109 82 77 98 32 15 127 41 110 108 106 114 105 28 117 30 55 13 119 53 94 86 81 96 103 97 33 36 38 16 84 92 11 10 76 23 68 12 8 35 1 88 99 48 66 87 93 71 102 57 74 65 27 22 19 122 59 44 25 85 51 5 17 49 54 126 14 60 18 39 116 20 113 50 3 45 29 52 62 91 124 21 120 24 56 9 90 58 26 34 43 100 101 37 80 64 112 111 83 72 123 0 7 40 47 69 95 63 107 70 125 61
Coste: 64

GENERACION: 385
Mejor Solucion:  42 89 79 78 118 2 46 6 4 31 73 115 121 67 104 75 109 82 77 98 32 15 127 41 110 108 106 114 105 28 117 30 55 13 119 53 94 86 81 96 103 97 33 36 38 16 84 92 11 10 76 23 68 12 8 35 1 88 99 48 66 87 93 71 102 57 74 65 27 22 19 122 59 44 25 85 51 5 17 49 54 126 14 60 18 39 116 20 113 50 3 45 29 52 62 91 124 21 120 24 56 9 90 58 26 34 43 100 101 37 80 64 112 111 83 72 123 0 7 40 47 69 95 63 107 70 125 61
Coste: 64

GENERACION: 390
Mejor Solucion:  42 89 79 78 118 2 46 6 4 31 73 115 121 67 104 75 109 82 77 98 32 15 127 41 110 108 106 114 105 28 117 30 55 13 119 53 94 86 81 96 103 97 33 36 38 16 84 92 11 10 76 23 68 12 8 35 1 88 99 48 66 87 93 71 102 57 74 65 27 22 19 122 59 44 25 85 51 5 17 49 54 126 14 60 18 39 116 20 113 50 3 45 29 52 62 91 124 21 120 24 56 9 90 58 26 34 43 100 101 37 80 64 112 111 83 72 123 0 7 40 47 69 95 63 107 70 125 61
Coste: 64

GENERACION: 395
Mejor Solucion:  42 89 79 78 118 2 46 6 4 31 73 115 121 67 104 75 109 82 77 98 32 15 127 41 110 108 106 114 105 28 117 30 55 13 119 53 94 86 81 96 103 97 33 36 38 16 84 92 11 10 76 23 68 12 8 35 1 88 99 48 66 87 93 71 102 57 74 65 27 22 19 122 59 44 25 85 51 5 17 49 54 126 14 60 18 39 116 20 113 50 3 45 29 52 62 91 124 21 120 24 56 9 90 58 26 34 43 100 101 37 80 64 112 111 83 72 123 0 7 40 47 69 95 63 107 70 125 61
Coste: 64

GENERACION: 400
Mejor Solucion:  42 89 79 78 118 2 46 6 4 31 73 115 121 67 104 75 109 82 77 98 32 15 127 41 110 108 106 114 105 28 117 30 55 13 119 53 94 86 81 96 103 97 33 36 38 16 84 92 11 10 76 23 68 12 8 35 1 88 99 48 66 87 93 71 102 57 74 65 27 22 19 122 59 44 25 85 51 5 17 49 54 126 14 60 18 39 116 20 113 50 3 45 29 52 62 91 124 21 120 24 56 9 90 58 26 34 43 100 101 37 80 64 112 111 83 72 123 0 7 40 47 69 95 63 107 70 125 61
Coste: 64

GENERACION: 405
Mejor Solucion:  42 89 79 78 118 2 46 6 4 31 73 115 121 67 104 75 109 82 77 98 32 15 127 41 110 108 106 114 105 28 117 30 55 13 119 53 94 86 81 96 103 97 33 36 38 16 84 92 11 10 76 23 68 12 8 35 1 88 99 48 66 87 93 71 102 57 74 65 27 22 19 122 59 44 25 85 51 5 17 49 54 126 14 60 18 39 116 20 113 50 3 45 29 52 62 91 124 21 120 24 56 9 90 58 26 34 43 100 101 37 80 64 112 111 83 72 123 0 7 40 47 69 95 63 107 70 125 61
Coste: 64

GENERACION: 410
Mejor Solucion:  42 89 79 78 118 2 46 6 4 31 73 115 121 67 104 75 109 82 77 98 32 15 127 41 110 108 106 114 105 28 117 30 55 13 119 53 94 86 81 96 103 97 33 36 38 16 84 92 11 10 76 23 68 12 8 35 1 88 99 48 66 87 93 71 102 57 74 65 27 22 19 122 59 44 25 85 51 5 17 49 54 126 14 60 18 39 116 20 113 50 3 45 29 52 62 91 124 21 120 24 56 9 90 58 26 34 43 100 101 37 80 64 112 111 83 72 123 0 7 40 47 69 95 63 107 70 125 61
Coste: 64

GENERACION: 415
Mejor Solucion:  42 89 79 78 118 2 46 6 4 31 73 115 121 67 104 75 109 82 77 98 32 15 127 41 110 108 106 114 105 28 117 30 55 13 119 53 94 86 81 96 103 97 33 36 38 16 84 92 11 10 76 23 68 12 8 35 1 88 99 48 66 87 93 71 102 57 74 65 27 22 19 122 59 44 25 85 51 5 17 49 54 126 14 60 18 39 116 20 113 50 3 45 29 52 62 91 124 21 120 24 56 9 90 58 26 34 43 100 101 37 80 64 112 111 83 72 123 0 7 40 47 69 95 63 107 70 125 61
Coste: 64

GENERACION: 420
Mejor Solucion:  42 89 79 78 118 2 46 6 4 31 73 115 121 67 104 75 109 82 77 98 32 15 127 41 110 108 106 114 105 28 117 30 55 13 119 53 94 86 81 96 103 97 33 36 38 16 84 92 11 10 76 23 68 12 8 35 1 88 99 48 66 87 93 71 102 57 74 65 27 22 19 122 59 44 25 85 51 5 17 49 54 126 14 60 18 39 116 20 113 50 3 45 29 52 62 91 124 21 120 24 56 9 90 58 26 34 43 100 101 37 80 64 112 111 83 72 123 0 7 40 47 69 95 63 107 70 125 61
Coste: 64

GENERACION: 425
Mejor Solucion:  42 89 79 78 118 2 46 6 4 31 73 115 121 67 104 75 109 82 77 98 32 15 127 41 110 108 106 114 105 28 117 30 55 13 119 53 94 86 81 96 103 97 33 36 38 16 84 92 11 10 76 23 68 12 8 35 1 88 99 48 66 87 93 71 102 57 74 65 27 22 19 122 59 44 25 85 51 5 17 49 54 126 14 60 18 39 116 20 113 50 3 45 29 52 62 91 124 21 120 24 56 9 90 58 26 34 43 100 101 37 80 64 112 111 83 72 123 0 7 40 47 69 95 63 107 70 125 61
Coste: 64

GENERACION: 430
Mejor Solucion:  42 89 79 78 118 2 46 6 4 31 73 115 121 67 104 75 109 82 77 98 32 15 127 41 110 108 106 114 105 28 117 30 55 13 119 53 94 86 81 96 103 97 33 36 38 16 84 92 11 10 76 23 68 12 8 35 1 88 99 48 66 87 93 71 102 57 74 65 27 22 19 122 59 44 25 85 51 5 17 49 54 126 14 60 18 39 116 20 113 50 3 45 29 52 62 91 124 21 120 24 56 9 90 58 26 34 43 100 101 37 80 64 112 111 83 72 123 0 7 40 47 69 95 63 107 70 125 61
Coste: 64

GENERACION: 435
Mejor Solucion:  42 89 79 78 118 2 46 6 4 31 73 115 121 67 104 75 109 82 77 98 32 15 127 41 110 108 106 114 105 28 117 30 55 13 119 53 94 86 81 96 103 97 33 36 38 16 84 92 11 10 76 23 68 12 8 35 1 88 99 48 66 87 93 71 102 57 74 65 27 22 19 122 59 44 25 85 51 5 17 49 54 126 14 60 18 39 116 20 113 50 3 45 29 52 62 91 124 21 120 24 56 9 90 58 26 34 43 100 101 37 80 64 112 111 83 72 123 0 7 40 47 69 95 63 107 70 125 61
Coste: 64

GENERACION: 440
Mejor Solucion:  42 89 79 78 118 2 46 6 4 31 73 115 121 67 104 75 109 82 77 98 32 15 127 41 110 108 106 114 105 28 117 30 55 13 119 53 94 86 81 96 103 97 33 36 38 16 84 92 11 10 76 23 68 12 8 35 1 88 99 48 66 87 93 71 102 57 74 65 27 22 19 122 59 44 25 85 51 5 17 49 54 126 14 60 18 39 116 20 113 50 3 45 29 52 62 91 124 21 120 24 56 9 90 58 26 34 43 100 101 37 80 64 112 111 83 72 123 0 7 40 47 69 95 63 107 70 125 61
Coste: 64

GENERACION: 445
Mejor Solucion:  42 89 79 78 118 2 46 6 4 31 73 115 121 67 104 75 109 82 77 98 32 15 127 41 110 108 106 114 105 28 117 30 55 13 119 53 94 86 81 96 103 97 33 36 38 16 84 92 11 10 76 23 68 12 8 35 1 88 99 48 66 87 93 71 102 57 74 65 27 22 19 122 59 44 25 85 51 5 17 49 54 126 14 60 18 39 116 20 113 50 3 45 29 52 62 91 124 21 120 24 56 9 90 58 26 34 43 100 101 37 80 64 112 111 83 72 123 0 7 40 47 69 95 63 107 70 125 61
Coste: 64

GENERACION: 450
Mejor Solucion:  42 89 79 78 118 2 46 6 4 31 73 115 121 67 104 75 109 82 77 98 32 15 127 41 110 108 106 114 105 28 117 30 55 13 119 53 94 86 81 96 103 97 33 36 38 16 84 92 11 10 76 23 68 12 8 35 1 88 99 48 66 87 93 71 102 57 74 65 27 22 19 122 59 44 25 85 51 5 17 49 54 126 14 60 18 39 116 20 113 50 3 45 29 52 62 91 124 21 120 24 56 9 90 58 26 34 43 100 101 37 80 64 112 111 83 72 123 0 7 40 47 69 95 63 107 70 125 61
Coste: 64

GENERACION: 455
Mejor Solucion:  42 89 79 78 118 2 46 6 4 31 73 115 121 67 104 75 109 82 77 98 32 15 127 41 110 108 106 114 105 28 117 30 55 13 119 53 94 86 81 96 103 97 33 36 38 16 84 92 11 10 76 23 68 12 8 35 1 88 99 48 66 87 93 71 102 57 74 65 27 22 19 122 59 44 25 85 51 5 17 49 54 126 14 60 18 39 116 20 113 50 3 45 29 52 62 91 124 21 120 24 56 9 90 58 26 34 43 100 101 37 80 64 112 111 83 72 123 0 7 40 47 69 95 63 107 70 125 61
Coste: 64

GENERACION: 460
Mejor Solucion:  42 89 79 78 118 2 46 6 4 31 73 115 121 67 104 75 109 82 77 98 32 15 127 41 110 108 106 114 105 28 117 30 55 13 119 53 94 86 81 96 103 97 33 36 38 16 84 92 11 10 76 23 68 12 8 35 1 88 99 48 66 87 93 71 102 57 74 65 27 22 19 122 59 44 25 85 51 5 17 49 54 126 14 60 18 39 116 20 113 50 3 45 29 52 62 91 124 21 120 24 56 9 90 58 26 34 43 100 101 37 80 64 112 111 83 72 123 0 7 40 47 69 95 63 107 70 125 61
Coste: 64

GENERACION: 465
Mejor Solucion:  42 89 79 78 118 2 46 6 4 31 73 115 121 67 104 75 109 82 77 98 32 15 127 41 110 108 106 114 105 28 117 30 55 13 119 53 94 86 81 96 103 97 33 36 38 16 84 92 11 10 76 23 68 12 8 35 1 88 99 48 66 87 93 71 102 57 74 65 27 22 19 122 59 44 25 85 51 5 17 49 54 126 14 60 18 39 116 20 113 50 3 45 29 52 62 91 124 21 120 24 56 9 90 58 26 34 43 100 101 37 80 64 112 111 83 72 123 0 7 40 47 69 95 63 107 70 125 61
Coste: 64

GENERACION: 470
Mejor Solucion:  42 89 79 78 118 2 46 6 4 31 73 115 121 67 104 75 109 82 77 98 32 15 127 41 110 108 106 114 105 28 117 30 55 13 119 53 94 86 81 96 103 97 33 36 38 16 84 92 11 10 76 23 68 12 8 35 1 88 99 48 66 87 93 71 102 57 74 65 27 22 19 122 59 44 25 85 51 5 17 49 54 126 14 60 18 39 116 20 113 50 3 45 29 52 62 91 124 21 120 24 56 9 90 58 26 34 43 100 101 37 80 64 112 111 83 72 123 0 7 40 47 69 95 63 107 70 125 61
Coste: 64

GENERACION: 475
Mejor Solucion:  42 89 79 78 118 2 46 6 4 31 73 115 121 67 104 75 109 82 77 98 32 15 127 41 110 108 106 114 105 28 117 30 55 13 119 53 94 86 81 96 103 97 33 36 38 16 84 92 11 10 76 23 68 12 8 35 1 88 99 48 66 87 93 71 102 57 74 65 27 22 19 122 59 44 25 85 51 5 17 49 54 126 14 60 18 39 116 20 113 50 3 45 29 52 62 91 124 21 120 24 56 9 90 58 26 34 43 100 101 37 80 64 112 111 83 72 123 0 7 40 47 69 95 63 107 70 125 61
Coste: 64

GENERACION: 480
Mejor Solucion:  42 89 79 78 118 2 46 6 4 31 73 115 121 67 104 75 109 82 77 98 32 15 127 41 110 108 106 114 105 28 117 30 55 13 119 53 94 86 81 96 103 97 33 36 38 16 84 92 11 10 76 23 68 12 8 35 1 88 99 48 66 87 93 71 102 57 74 65 27 22 19 122 59 44 25 85 51 5 17 49 54 126 14 60 18 39 116 20 113 50 3 45 29 52 62 91 124 21 120 24 56 9 90 58 26 34 43 100 101 37 80 64 112 111 83 72 123 0 7 40 47 69 95 63 107 70 125 61
Coste: 64

GENERACION: 485
Mejor Solucion:  42 89 79 78 118 2 46 6 4 31 73 115 121 67 104 75 109 82 77 98 32 15 127 41 110 108 106 114 105 28 117 30 55 13 119 53 94 86 81 96 103 97 33 36 38 16 84 92 11 10 76 23 68 12 8 35 1 88 99 48 66 87 93 71 102 57 74 65 27 22 19 122 59 44 25 85 51 5 17 49 54 126 14 60 18 39 116 20 113 50 3 45 29 52 62 91 124 21 120 24 56 9 90 58 26 34 43 100 101 37 80 64 112 111 83 72 123 0 7 40 47 69 95 63 107 70 125 61
Coste: 64

GENERACION: 490
Mejor Solucion:  42 89 79 78 118 2 46 6 4 31 73 115 121 67 104 75 109 82 77 98 32 15 127 41 110 108 106 114 105 28 117 30 55 13 119 53 94 86 81 96 103 97 33 36 38 16 84 92 11 10 76 23 68 12 8 35 1 88 99 48 66 87 93 71 102 57 74 65 27 22 19 122 59 44 25 85 51 5 17 49 54 126 14 60 18 39 116 20 113 50 3 45 29 52 62 91 124 21 120 24 56 9 90 58 26 34 43 100 101 37 80 64 112 111 83 72 123 0 7 40 47 69 95 63 107 70 125 61
Coste: 64

GENERACION: 495
Mejor Solucion:  42 89 79 78 118 2 46 6 4 31 73 115 121 67 104 75 109 82 77 98 32 15 127 41 110 108 106 114 105 28 117 30 55 13 119 53 94 86 81 96 103 97 33 36 38 16 84 92 11 10 76 23 68 12 8 35 1 88 99 48 66 87 93 71 102 57 74 65 27 22 19 122 59 44 25 85 51 5 17 49 54 126 14 60 18 39 116 20 113 50 3 45 29 52 62 91 124 21 120 24 56 9 90 58 26 34 43 100 101 37 80 64 112 111 83 72 123 0 7 40 47 69 95 63 107 70 125 61
Coste: 64

GENERACION: 500
Mejor Solucion:  42 89 79 78 118 2 46 6 4 31 73 115 121 67 104 75 109 82 77 98 32 15 127 41 110 108 106 114 105 28 117 30 55 13 119 53 94 86 81 96 103 97 33 36 38 16 84 92 11 10 76 23 68 12 8 35 1 88 99 48 66 87 93 71 102 57 74 65 27 22 19 122 59 44 25 85 51 5 17 49 54 126 14 60 18 39 116 20 113 50 3 45 29 52 62 91 124 21 120 24 56 9 90 58 26 34 43 100 101 37 80 64 112 111 83 72 123 0 7 40 47 69 95 63 107 70 125 61
Coste: 64

GENERACION: 505
Mejor Solucion:  42 89 79 78 118 2 46 6 4 31 73 115 121 67 104 75 109 82 77 98 32 15 127 41 110 108 106 114 105 28 117 30 55 13 119 53 94 86 81 96 103 97 33 36 38 16 84 92 11 10 76 23 68 12 8 35 1 88 99 48 66 87 93 71 102 57 74 65 27 22 19 122 59 44 25 85 51 5 17 49 54 126 14 60 18 39 116 20 113 50 3 45 29 52 62 91 124 21 120 24 56 9 90 58 26 34 43 100 101 37 80 64 112 111 83 72 123 0 7 40 47 69 95 63 107 70 125 61
Coste: 64

GENERACION: 510
Mejor Solucion:  42 89 79 78 118 2 46 6 4 31 73 115 121 67 104 75 109 82 77 98 32 15 127 41 110 108 106 114 105 28 117 30 55 13 119 53 94 86 81 96 103 97 33 36 38 16 84 92 11 10 76 23 68 12 8 35 1 88 99 48 66 87 93 71 102 57 74 65 27 22 19 122 59 44 25 85 51 5 17 49 54 126 14 60 18 39 116 20 113 50 3 45 29 52 62 91 124 21 120 24 56 9 90 58 26 34 43 100 101 37 80 64 112 111 83 72 123 0 7 40 47 69 95 63 107 70 125 61
Coste: 64

GENERACION: 515
Mejor Solucion:  42 89 79 78 118 2 46 6 4 31 73 115 121 67 104 75 109 82 77 98 32 15 127 41 110 108 106 114 105 28 117 30 55 13 119 53 94 86 81 96 103 97 33 36 38 16 84 92 11 10 76 23 68 12 8 35 1 88 99 48 66 87 93 71 102 57 74 65 27 22 19 122 59 44 25 85 51 5 17 49 54 126 14 60 18 39 116 20 113 50 3 45 29 52 62 91 124 21 120 24 56 9 90 58 26 34 43 100 101 37 80 64 112 111 83 72 123 0 7 40 47 69 95 63 107 70 125 61
Coste: 64

GENERACION: 520
Mejor Solucion:  42 89 79 78 118 2 46 6 4 31 73 115 121 67 104 75 109 82 77 98 32 15 127 41 110 108 106 114 105 28 117 30 55 13 119 53 94 86 81 96 103 97 33 36 38 16 84 92 11 10 76 23 68 12 8 35 1 88 99 48 66 87 93 71 102 57 74 65 27 22 19 122 59 44 25 85 51 5 17 49 54 126 14 60 18 39 116 20 113 50 3 45 29 52 62 91 124 21 120 24 56 9 90 58 26 34 43 100 101 37 80 64 112 111 83 72 123 0 7 40 47 69 95 63 107 70 125 61
Coste: 64

GENERACION: 525
Mejor Solucion:  42 89 79 78 118 2 46 6 4 31 73 115 121 67 104 75 109 82 77 98 32 15 127 41 110 108 106 114 105 28 117 30 55 13 119 53 94 86 81 96 103 97 33 36 38 16 84 92 11 10 76 23 68 12 8 35 1 88 99 48 66 87 93 71 102 57 74 65 27 22 19 122 59 44 25 85 51 5 17 49 54 126 14 60 18 39 116 20 113 50 3 45 29 52 62 91 124 21 120 24 56 9 90 58 26 34 43 100 101 37 80 64 112 111 83 72 123 0 7 40 47 69 95 63 107 70 125 61
Coste: 64

GENERACION: 530
Mejor Solucion:  42 89 79 78 118 2 46 6 4 31 73 115 121 67 104 75 109 82 77 98 32 15 127 41 110 108 106 114 105 28 117 30 55 13 119 53 94 86 81 96 103 97 33 36 38 16 84 92 11 10 76 23 68 12 8 35 1 88 99 48 66 87 93 71 102 57 74 65 27 22 19 122 59 44 25 85 51 5 17 49 54 126 14 60 18 39 116 20 113 50 3 45 29 52 62 91 124 21 120 24 56 9 90 58 26 34 43 100 101 37 80 64 112 111 83 72 123 0 7 40 47 69 95 63 107 70 125 61
Coste: 64

GENERACION: 535
Mejor Solucion:  42 89 79 78 118 2 46 6 4 31 73 115 121 67 104 75 109 82 77 98 32 15 127 41 110 108 106 114 105 28 117 30 55 13 119 53 94 86 81 96 103 97 33 36 38 16 84 92 11 10 76 23 68 12 8 35 1 88 99 48 66 87 93 71 102 57 74 65 27 22 19 122 59 44 25 85 51 5 17 49 54 126 14 60 18 39 116 20 113 50 3 45 29 52 62 91 124 21 120 24 56 9 90 58 26 34 43 100 101 37 80 64 112 111 83 72 123 0 7 40 47 69 95 63 107 70 125 61
Coste: 64

GENERACION: 540
Mejor Solucion:  42 89 79 78 118 2 46 6 4 31 73 115 121 67 104 75 109 82 77 98 32 15 127 41 110 108 106 114 105 28 117 30 55 13 119 53 94 86 81 96 103 97 33 36 38 16 84 92 11 10 76 23 68 12 8 35 1 88 99 48 66 87 93 71 102 57 74 65 27 22 19 122 59 44 25 85 51 5 17 49 54 126 14 60 18 39 116 20 113 50 3 45 29 52 62 91 124 21 120 24 56 9 90 58 26 34 43 100 101 37 80 64 112 111 83 72 123 0 7 40 47 69 95 63 107 70 125 61
Coste: 64

GENERACION: 545
Mejor Solucion:  42 89 79 78 118 2 46 6 4 31 73 115 121 67 104 75 109 82 77 98 32 15 127 41 110 108 106 114 105 28 117 30 55 13 119 53 94 86 81 96 103 97 33 36 38 16 84 92 11 10 76 23 68 12 8 35 1 88 99 48 66 87 93 71 102 57 74 65 27 22 19 122 59 44 25 85 51 5 17 49 54 126 14 60 18 39 116 20 113 50 3 45 29 52 62 91 124 21 120 24 56 9 90 58 26 34 43 100 101 37 80 64 112 111 83 72 123 0 7 40 47 69 95 63 107 70 125 61
Coste: 64

GENERACION: 550
Mejor Solucion:  42 89 79 78 118 2 46 6 4 31 73 115 121 67 104 75 109 82 77 98 32 15 127 41 110 108 106 114 105 28 117 30 55 13 119 53 94 86 81 96 103 97 33 36 38 16 84 92 11 10 76 23 68 12 8 35 1 88 99 48 66 87 93 71 102 57 74 65 27 22 19 122 59 44 25 85 51 5 17 49 54 126 14 60 18 39 116 20 113 50 3 45 29 52 62 91 124 21 120 24 56 9 90 58 26 34 43 100 101 37 80 64 112 111 83 72 123 0 7 40 47 69 95 63 107 70 125 61
Coste: 64

GENERACION: 555
Mejor Solucion:  42 89 79 78 118 2 46 6 4 31 73 115 121 67 104 75 109 82 77 98 32 15 127 41 110 108 106 114 105 28 117 30 55 13 119 53 94 86 81 96 103 97 33 36 38 16 84 92 11 10 76 23 68 12 8 35 1 88 99 48 66 87 93 71 102 57 74 65 27 22 19 122 59 44 25 85 51 5 17 49 54 126 14 60 18 39 116 20 113 50 3 45 29 52 62 91 124 21 120 24 56 9 90 58 26 34 43 100 101 37 80 64 112 111 83 72 123 0 7 40 47 69 95 63 107 70 125 61
Coste: 64

GENERACION: 560
Mejor Solucion:  42 89 79 78 118 2 46 6 4 31 73 115 121 67 104 75 109 82 77 98 32 15 127 41 110 108 106 114 105 28 117 30 55 13 119 53 94 86 81 96 103 97 33 36 38 16 84 92 11 10 76 23 68 12 8 35 1 88 99 48 66 87 93 71 102 57 74 65 27 22 19 122 59 44 25 85 51 5 17 49 54 126 14 60 18 39 116 20 113 50 3 45 29 52 62 91 124 21 120 24 56 9 90 58 26 34 43 100 101 37 80 64 112 111 83 72 123 0 7 40 47 69 95 63 107 70 125 61
Coste: 64

GENERACION: 565
Mejor Solucion:  42 89 79 78 118 2 46 6 4 31 73 115 121 67 104 75 109 82 77 98 32 15 127 41 110 108 106 114 105 28 117 30 55 13 119 53 94 86 81 96 103 97 33 36 38 16 84 92 11 10 76 23 68 12 8 35 1 88 99 48 66 87 93 71 102 57 74 65 27 22 19 122 59 44 25 85 51 5 17 49 54 126 14 60 18 39 116 20 113 50 3 45 29 52 62 91 124 21 120 24 56 9 90 58 26 34 43 100 101 37 80 64 112 111 83 72 123 0 7 40 47 69 95 63 107 70 125 61
Coste: 64

GENERACION: 570
Mejor Solucion:  42 89 79 78 118 2 46 6 4 31 73 115 121 67 104 75 109 82 77 98 32 15 127 41 110 108 106 114 105 28 117 30 55 13 119 53 94 86 81 96 103 97 33 36 38 16 84 92 11 10 76 23 68 12 8 35 1 88 99 48 66 87 93 71 102 57 74 65 27 22 19 122 59 44 25 85 51 5 17 49 54 126 14 60 18 39 116 20 113 50 3 45 29 52 62 91 124 21 120 24 56 9 90 58 26 34 43 100 101 37 80 64 112 111 83 72 123 0 7 40 47 69 95 63 107 70 125 61
Coste: 64

GENERACION: 575
Mejor Solucion:  42 89 79 78 118 2 46 6 4 31 73 115 121 67 104 75 109 82 77 98 32 15 127 41 110 108 106 114 105 28 117 30 55 13 119 53 94 86 81 96 103 97 33 36 38 16 84 92 11 10 76 23 68 12 8 35 1 88 99 48 66 87 93 71 102 57 74 65 27 22 19 122 59 44 25 85 51 5 17 49 54 126 14 60 18 39 116 20 113 50 3 45 29 52 62 91 124 21 120 24 56 9 90 58 26 34 43 100 101 37 80 64 112 111 83 72 123 0 7 40 47 69 95 63 107 70 125 61
Coste: 64

GENERACION: 580
Mejor Solucion:  42 89 79 78 118 2 46 6 4 31 73 115 121 67 104 75 109 82 77 98 32 15 127 41 110 108 106 114 105 28 117 30 55 13 119 53 94 86 81 96 103 97 33 36 38 16 84 92 11 10 76 23 68 12 8 35 1 88 99 48 66 87 93 71 102 57 74 65 27 22 19 122 59 44 25 85 51 5 17 49 54 126 14 60 18 39 116 20 113 50 3 45 29 52 62 91 124 21 120 24 56 9 90 58 26 34 43 100 101 37 80 64 112 111 83 72 123 0 7 40 47 69 95 63 107 70 125 61
Coste: 64

GENERACION: 585
Mejor Solucion:  42 89 79 78 118 2 46 6 4 31 73 115 121 67 104 75 109 82 77 98 32 15 127 41 110 108 106 114 105 28 117 30 55 13 119 53 94 86 81 96 103 97 33 36 38 16 84 92 11 10 76 23 68 12 8 35 1 88 99 48 66 87 93 71 102 57 74 65 27 22 19 122 59 44 25 85 51 5 17 49 54 126 14 60 18 39 116 20 113 50 3 45 29 52 62 91 124 21 120 24 56 9 90 58 26 34 43 100 101 37 80 64 112 111 83 72 123 0 7 40 47 69 95 63 107 70 125 61
Coste: 64

GENERACION: 590
Mejor Solucion:  42 89 79 78 118 2 46 6 4 31 73 115 121 67 104 75 109 82 77 98 32 15 127 41 110 108 106 114 105 28 117 30 55 13 119 53 94 86 81 96 103 97 33 36 38 16 84 92 11 10 76 23 68 12 8 35 1 88 99 48 66 87 93 71 102 57 74 65 27 22 19 122 59 44 25 85 51 5 17 49 54 126 14 60 18 39 116 20 113 50 3 45 29 52 62 91 124 21 120 24 56 9 90 58 26 34 43 100 101 37 80 64 112 111 83 72 123 0 7 40 47 69 95 63 107 70 125 61
Coste: 64

GENERACION: 595
Mejor Solucion:  42 89 79 78 118 2 46 6 4 31 73 115 121 67 104 75 109 82 77 98 32 15 127 41 110 108 106 114 105 28 117 30 55 13 119 53 94 86 81 96 103 97 33 36 38 16 84 92 11 10 76 23 68 12 8 35 1 88 99 48 66 87 93 71 102 57 74 65 27 22 19 122 59 44 25 85 51 5 17 49 54 126 14 60 18 39 116 20 113 50 3 45 29 52 62 91 124 21 120 24 56 9 90 58 26 34 43 100 101 37 80 64 112 111 83 72 123 0 7 40 47 69 95 63 107 70 125 61
Coste: 64

GENERACION: 600
Mejor Solucion:  42 89 79 78 118 2 46 6 4 31 73 115 121 67 104 75 109 82 77 98 32 15 127 41 110 108 106 114 105 28 117 30 55 13 119 53 94 86 81 96 103 97 33 36 38 16 84 92 11 10 76 23 68 12 8 35 1 88 99 48 66 87 93 71 102 57 74 65 27 22 19 122 59 44 25 85 51 5 17 49 54 126 14 60 18 39 116 20 113 50 3 45 29 52 62 91 124 21 120 24 56 9 90 58 26 34 43 100 101 37 80 64 112 111 83 72 123 0 7 40 47 69 95 63 107 70 125 61
Coste: 64

GENERACION: 605
Mejor Solucion:  42 89 79 78 118 2 46 6 4 31 73 115 121 67 104 75 109 82 77 98 32 15 127 41 110 108 106 114 105 28 117 30 55 13 119 53 94 86 81 96 103 97 33 36 38 16 84 92 11 10 76 23 68 12 8 35 1 88 99 48 66 87 93 71 102 57 74 65 27 22 19 122 59 44 25 85 51 5 17 49 54 126 14 60 18 39 116 20 113 50 3 45 29 52 62 91 124 21 120 24 56 9 90 58 26 34 43 100 101 37 80 64 112 111 83 72 123 0 7 40 47 69 95 63 107 70 125 61
Coste: 64

GENERACION: 610
Mejor Solucion:  42 89 79 78 118 2 46 6 4 31 73 115 121 67 104 75 109 82 77 98 32 15 127 41 110 108 106 114 105 28 117 30 55 13 119 53 94 86 81 96 103 97 33 36 38 16 84 92 11 10 76 23 68 12 8 35 1 88 99 48 66 87 93 71 102 57 74 65 27 22 19 122 59 44 25 85 51 5 17 49 54 126 14 60 18 39 116 20 113 50 3 45 29 52 62 91 124 21 120 24 56 9 90 58 26 34 43 100 101 37 80 64 112 111 83 72 123 0 7 40 47 69 95 63 107 70 125 61
Coste: 64

GENERACION: 615
Mejor Solucion:  42 89 79 78 118 2 46 6 4 31 73 115 121 67 104 75 109 82 77 98 32 15 127 41 110 108 106 114 105 28 117 30 55 13 119 53 94 86 81 96 103 97 33 36 38 16 84 92 11 10 76 23 68 12 8 35 1 88 99 48 66 87 93 71 102 57 74 65 27 22 19 122 59 44 25 85 51 5 17 49 54 126 14 60 18 39 116 20 113 50 3 45 29 52 62 91 124 21 120 24 56 9 90 58 26 34 43 100 101 37 80 64 112 111 83 72 123 0 7 40 47 69 95 63 107 70 125 61
Coste: 64

GENERACION: 620
Mejor Solucion:  42 89 79 78 118 2 46 6 4 31 73 115 121 67 104 75 109 82 77 98 32 15 127 41 110 108 106 114 105 28 117 30 55 13 119 53 94 86 81 96 103 97 33 36 38 16 84 92 11 10 76 23 68 12 8 35 1 88 99 48 66 87 93 71 102 57 74 65 27 22 19 122 59 44 25 85 51 5 17 49 54 126 14 60 18 39 116 20 113 50 3 45 29 52 62 91 124 21 120 24 56 9 90 58 26 34 43 100 101 37 80 64 112 111 83 72 123 0 7 40 47 69 95 63 107 70 125 61
Coste: 64

GENERACION: 625
Mejor Solucion:  42 89 79 78 118 2 46 6 4 31 73 115 121 67 104 75 109 82 77 98 32 15 127 41 110 108 106 114 105 28 117 30 55 13 119 53 94 86 81 96 103 97 33 36 38 16 84 92 11 10 76 23 68 12 8 35 1 88 99 48 66 87 93 71 102 57 74 65 27 22 19 122 59 44 25 85 51 5 17 49 54 126 14 60 18 39 116 20 113 50 3 45 29 52 62 91 124 21 120 24 56 9 90 58 26 34 43 100 101 37 80 64 112 111 83 72 123 0 7 40 47 69 95 63 107 70 125 61
Coste: 64

GENERACION: 630
Mejor Solucion:  42 89 79 78 118 2 46 6 4 31 73 115 121 67 104 75 109 82 77 98 32 15 127 41 110 108 106 114 105 28 117 30 55 13 119 53 94 86 81 96 103 97 33 36 38 16 84 92 11 10 76 23 68 12 8 35 1 88 99 48 66 87 93 71 102 57 74 65 27 22 19 122 59 44 25 85 51 5 17 49 54 126 14 60 18 39 116 20 113 50 3 45 29 52 62 91 124 21 120 24 56 9 90 58 26 34 43 100 101 37 80 64 112 111 83 72 123 0 7 40 47 69 95 63 107 70 125 61
Coste: 64

GENERACION: 635
Mejor Solucion:  42 89 79 78 118 2 46 6 4 31 73 115 121 67 104 75 109 82 77 98 32 15 127 41 110 108 106 114 105 28 117 30 55 13 119 53 94 86 81 96 103 97 33 36 38 16 84 92 11 10 76 23 68 12 8 35 1 88 99 48 66 87 93 71 102 57 74 65 27 22 19 122 59 44 25 85 51 5 17 49 54 126 14 60 18 39 116 20 113 50 3 45 29 52 62 91 124 21 120 24 56 9 90 58 26 34 43 100 101 37 80 64 112 111 83 72 123 0 7 40 47 69 95 63 107 70 125 61
Coste: 64

GENERACION: 640
Mejor Solucion:  42 89 79 78 118 2 46 6 4 31 73 115 121 67 104 75 109 82 77 98 32 15 127 41 110 108 106 114 105 28 117 30 55 13 119 53 94 86 81 96 103 97 33 36 38 16 84 92 11 10 76 23 68 12 8 35 1 88 99 48 66 87 93 71 102 57 74 65 27 22 19 122 59 44 25 85 51 5 17 49 54 126 14 60 18 39 116 20 113 50 3 45 29 52 62 91 124 21 120 24 56 9 90 58 26 34 43 100 101 37 80 64 112 111 83 72 123 0 7 40 47 69 95 63 107 70 125 61
Coste: 64

GENERACION: 645
Mejor Solucion:  42 89 79 78 118 2 46 6 4 31 73 115 121 67 104 75 109 82 77 98 32 15 127 41 110 108 106 114 105 28 117 30 55 13 119 53 94 86 81 96 103 97 33 36 38 16 84 92 11 10 76 23 68 12 8 35 1 88 99 48 66 87 93 71 102 57 74 65 27 22 19 122 59 44 25 85 51 5 17 49 54 126 14 60 18 39 116 20 113 50 3 45 29 52 62 91 124 21 120 24 56 9 90 58 26 34 43 100 101 37 80 64 112 111 83 72 123 0 7 40 47 69 95 63 107 70 125 61
Coste: 64

GENERACION: 650
Mejor Solucion:  42 89 79 78 118 2 46 6 4 31 73 115 121 67 104 75 109 82 77 98 32 15 127 41 110 108 106 114 105 28 117 30 55 13 119 53 94 86 81 96 103 97 33 36 38 16 84 92 11 10 76 23 68 12 8 35 1 88 99 48 66 87 93 71 102 57 74 65 27 22 19 122 59 44 25 85 51 5 17 49 54 126 14 60 18 39 116 20 113 50 3 45 29 52 62 91 124 21 120 24 56 9 90 58 26 34 43 100 101 37 80 64 112 111 83 72 123 0 7 40 47 69 95 63 107 70 125 61
Coste: 64

GENERACION: 655
Mejor Solucion:  42 89 79 78 118 2 46 6 4 31 73 115 121 67 104 75 109 82 77 98 32 15 127 41 110 108 106 114 105 28 117 30 55 13 119 53 94 86 81 96 103 97 33 36 38 16 84 92 11 10 76 23 68 12 8 35 1 88 99 48 66 87 93 71 102 57 74 65 27 22 19 122 59 44 25 85 51 5 17 49 54 126 14 60 18 39 116 20 113 50 3 45 29 52 62 91 124 21 120 24 56 9 90 58 26 34 43 100 101 37 80 64 112 111 83 72 123 0 7 40 47 69 95 63 107 70 125 61
Coste: 64

GENERACION: 660
Mejor Solucion:  42 89 79 78 118 2 46 6 4 31 73 115 121 67 104 75 109 82 77 98 32 15 127 41 110 108 106 114 105 28 117 30 55 13 119 53 94 86 81 96 103 97 33 36 38 16 84 92 11 10 76 23 68 12 8 35 1 88 99 48 66 87 93 71 102 57 74 65 27 22 19 122 59 44 25 85 51 5 17 49 54 126 14 60 18 39 116 20 113 50 3 45 29 52 62 91 124 21 120 24 56 9 90 58 26 34 43 100 101 37 80 64 112 111 83 72 123 0 7 40 47 69 95 63 107 70 125 61
Coste: 64

GENERACION: 665
Mejor Solucion:  42 89 79 78 118 2 46 6 4 31 73 115 121 67 104 75 109 82 77 98 32 15 127 41 110 108 106 114 105 28 117 30 55 13 119 53 94 86 81 96 103 97 33 36 38 16 84 92 11 10 76 23 68 12 8 35 1 88 99 48 66 87 93 71 102 57 74 65 27 22 19 122 59 44 25 85 51 5 17 49 54 126 14 60 18 39 116 20 113 50 3 45 29 52 62 91 124 21 120 24 56 9 90 58 26 34 43 100 101 37 80 64 112 111 83 72 123 0 7 40 47 69 95 63 107 70 125 61
Coste: 64

GENERACION: 670
Mejor Solucion:  42 89 79 78 118 2 46 6 4 31 73 115 121 67 104 75 109 82 77 98 32 15 127 41 110 108 106 114 105 28 117 30 55 13 119 53 94 86 81 96 103 97 33 36 38 16 84 92 11 10 76 23 68 12 8 35 1 88 99 48 66 87 93 71 102 57 74 65 27 22 19 122 59 44 25 85 51 5 17 49 54 126 14 60 18 39 116 20 113 50 3 45 29 52 62 91 124 21 120 24 56 9 90 58 26 34 43 100 101 37 80 64 112 111 83 72 123 0 7 40 47 69 95 63 107 70 125 61
Coste: 64

GENERACION: 675
Mejor Solucion:  42 89 79 78 118 2 46 6 4 31 73 115 121 67 104 75 109 82 77 98 32 15 127 41 110 108 106 114 105 28 117 30 55 13 119 53 94 86 81 96 103 97 33 36 38 16 84 92 11 10 76 23 68 12 8 35 1 88 99 48 66 87 93 71 102 57 74 65 27 22 19 122 59 44 25 85 51 5 17 49 54 126 14 60 18 39 116 20 113 50 3 45 29 52 62 91 124 21 120 24 56 9 90 58 26 34 43 100 101 37 80 64 112 111 83 72 123 0 7 40 47 69 95 63 107 70 125 61
Coste: 64

GENERACION: 680
Mejor Solucion:  42 89 79 78 118 2 46 6 4 31 73 115 121 67 104 75 109 82 77 98 32 15 127 41 110 108 106 114 105 28 117 30 55 13 119 53 94 86 81 96 103 97 33 36 38 16 84 92 11 10 76 23 68 12 8 35 1 88 99 48 66 87 93 71 102 57 74 65 27 22 19 122 59 44 25 85 51 5 17 49 54 126 14 60 18 39 116 20 113 50 3 45 29 52 62 91 124 21 120 24 56 9 90 58 26 34 43 100 101 37 80 64 112 111 83 72 123 0 7 40 47 69 95 63 107 70 125 61
Coste: 64

GENERACION: 685
Mejor Solucion:  42 89 79 78 118 2 46 6 4 31 73 115 121 67 104 75 109 82 77 98 32 15 127 41 110 108 106 114 105 28 117 30 55 13 119 53 94 86 81 96 103 97 33 36 38 16 84 92 11 10 76 23 68 12 8 35 1 88 99 48 66 87 93 71 102 57 74 65 27 22 19 122 59 44 25 85 51 5 17 49 54 126 14 60 18 39 116 20 113 50 3 45 29 52 62 91 124 21 120 24 56 9 90 58 26 34 43 100 101 37 80 64 112 111 83 72 123 0 7 40 47 69 95 63 107 70 125 61
Coste: 64

GENERACION: 690
Mejor Solucion:  42 89 79 78 118 2 46 6 4 31 73 115 121 67 104 75 109 82 77 98 32 15 127 41 110 108 106 114 105 28 117 30 55 13 119 53 94 86 81 96 103 97 33 36 38 16 84 92 11 10 76 23 68 12 8 35 1 88 99 48 66 87 93 71 102 57 74 65 27 22 19 122 59 44 25 85 51 5 17 49 54 126 14 60 18 39 116 20 113 50 3 45 29 52 62 91 124 21 120 24 56 9 90 58 26 34 43 100 101 37 80 64 112 111 83 72 123 0 7 40 47 69 95 63 107 70 125 61
Coste: 64

GENERACION: 695
Mejor Solucion:  42 89 79 78 118 2 46 6 4 31 73 115 121 67 104 75 109 82 77 98 32 15 127 41 110 108 106 114 105 28 117 30 55 13 119 53 94 86 81 96 103 97 33 36 38 16 84 92 11 10 76 23 68 12 8 35 1 88 99 48 66 87 93 71 102 57 74 65 27 22 19 122 59 44 25 85 51 5 17 49 54 126 14 60 18 39 116 20 113 50 3 45 29 52 62 91 124 21 120 24 56 9 90 58 26 34 43 100 101 37 80 64 112 111 83 72 123 0 7 40 47 69 95 63 107 70 125 61
Coste: 64

GENERACION: 700
Mejor Solucion:  42 89 79 78 118 2 46 6 4 31 73 115 121 67 104 75 109 82 77 98 32 15 127 41 110 108 106 114 105 28 117 30 55 13 119 53 94 86 81 96 103 97 33 36 38 16 84 92 11 10 76 23 68 12 8 35 1 88 99 48 66 87 93 71 102 57 74 65 27 22 19 122 59 44 25 85 51 5 17 49 54 126 14 60 18 39 116 20 113 50 3 45 29 52 62 91 124 21 120 24 56 9 90 58 26 34 43 100 101 37 80 64 112 111 83 72 123 0 7 40 47 69 95 63 107 70 125 61
Coste: 64

GENERACION: 705
Mejor Solucion:  42 89 79 78 118 2 46 6 4 31 73 115 121 67 104 75 109 82 77 98 32 15 127 41 110 108 106 114 105 28 117 30 55 13 119 53 94 86 81 96 103 97 33 36 38 16 84 92 11 10 76 23 68 12 8 35 1 88 99 48 66 87 93 71 102 57 74 65 27 22 19 122 59 44 25 85 51 5 17 49 54 126 14 60 18 39 116 20 113 50 3 45 29 52 62 91 124 21 120 24 56 9 90 58 26 34 43 100 101 37 80 64 112 111 83 72 123 0 7 40 47 69 95 63 107 70 125 61
Coste: 64

GENERACION: 710
Mejor Solucion:  42 89 79 78 118 2 46 6 4 31 73 115 121 67 104 75 109 82 77 98 32 15 127 41 110 108 106 114 105 28 117 30 55 13 119 53 94 86 81 96 103 97 33 36 38 16 84 92 11 10 76 23 68 12 8 35 1 88 99 48 66 87 93 71 102 57 74 65 27 22 19 122 59 44 25 85 51 5 17 49 54 126 14 60 18 39 116 20 113 50 3 45 29 52 62 91 124 21 120 24 56 9 90 58 26 34 43 100 101 37 80 64 112 111 83 72 123 0 7 40 47 69 95 63 107 70 125 61
Coste: 64

GENERACION: 715
Mejor Solucion:  42 89 79 78 118 2 46 6 4 31 73 115 121 67 104 75 109 82 77 98 32 15 127 41 110 108 106 114 105 28 117 30 55 13 119 53 94 86 81 96 103 97 33 36 38 16 84 92 11 10 76 23 68 12 8 35 1 88 99 48 66 87 93 71 102 57 74 65 27 22 19 122 59 44 25 85 51 5 17 49 54 126 14 60 18 39 116 20 113 50 3 45 29 52 62 91 124 21 120 24 56 9 90 58 26 34 43 100 101 37 80 64 112 111 83 72 123 0 7 40 47 69 95 63 107 70 125 61
Coste: 64

GENERACION: 720
Mejor Solucion:  42 89 79 78 118 2 46 6 4 31 73 115 121 67 104 75 109 82 77 98 32 15 127 41 110 108 106 114 105 28 117 30 55 13 119 53 94 86 81 96 103 97 33 36 38 16 84 92 11 10 76 23 68 12 8 35 1 88 99 48 66 87 93 71 102 57 74 65 27 22 19 122 59 44 25 85 51 5 17 49 54 126 14 60 18 39 116 20 113 50 3 45 29 52 62 91 124 21 120 24 56 9 90 58 26 34 43 100 101 37 80 64 112 111 83 72 123 0 7 40 47 69 95 63 107 70 125 61
Coste: 64

GENERACION: 725
Mejor Solucion:  42 89 79 78 118 2 46 6 4 31 73 115 121 67 104 75 109 82 77 98 32 15 127 41 110 108 106 114 105 28 117 30 55 13 119 53 94 86 81 96 103 97 33 36 38 16 84 92 11 10 76 23 68 12 8 35 1 88 99 48 66 87 93 71 102 57 74 65 27 22 19 122 59 44 25 85 51 5 17 49 54 126 14 60 18 39 116 20 113 50 3 45 29 52 62 91 124 21 120 24 56 9 90 58 26 34 43 100 101 37 80 64 112 111 83 72 123 0 7 40 47 69 95 63 107 70 125 61
Coste: 64

GENERACION: 730
Mejor Solucion:  42 89 79 78 118 2 46 6 4 31 73 115 121 67 104 75 109 82 77 98 32 15 127 41 110 108 106 114 105 28 117 30 55 13 119 53 94 86 81 96 103 97 33 36 38 16 84 92 11 10 76 23 68 12 8 35 1 88 99 48 66 87 93 71 102 57 74 65 27 22 19 122 59 44 25 85 51 5 17 49 54 126 14 60 18 39 116 20 113 50 3 45 29 52 62 91 124 21 120 24 56 9 90 58 26 34 43 100 101 37 80 64 112 111 83 72 123 0 7 40 47 69 95 63 107 70 125 61
Coste: 64

GENERACION: 735
Mejor Solucion:  42 89 79 78 118 2 46 6 4 31 73 115 121 67 104 75 109 82 77 98 32 15 127 41 110 108 106 114 105 28 117 30 55 13 119 53 94 86 81 96 103 97 33 36 38 16 84 92 11 10 76 23 68 12 8 35 1 88 99 48 66 87 93 71 102 57 74 65 27 22 19 122 59 44 25 85 51 5 17 49 54 126 14 60 18 39 116 20 113 50 3 45 29 52 62 91 124 21 120 24 56 9 90 58 26 34 43 100 101 37 80 64 112 111 83 72 123 0 7 40 47 69 95 63 107 70 125 61
Coste: 64

GENERACION: 740
Mejor Solucion:  42 89 79 78 118 2 46 6 4 31 73 115 121 67 104 75 109 82 77 98 32 15 127 41 110 108 106 114 105 28 117 30 55 13 119 53 94 86 81 96 103 97 33 36 38 16 84 92 11 10 76 23 68 12 8 35 1 88 99 48 66 87 93 71 102 57 74 65 27 22 19 122 59 44 25 85 51 5 17 49 54 126 14 60 18 39 116 20 113 50 3 45 29 52 62 91 124 21 120 24 56 9 90 58 26 34 43 100 101 37 80 64 112 111 83 72 123 0 7 40 47 69 95 63 107 70 125 61
Coste: 64

GENERACION: 745
Mejor Solucion:  42 89 79 78 118 2 46 6 4 31 73 115 121 67 104 75 109 82 77 98 32 15 127 41 110 108 106 114 105 28 117 30 55 13 119 53 94 86 81 96 103 97 33 36 38 16 84 92 11 10 76 23 68 12 8 35 1 88 99 48 66 87 93 71 102 57 74 65 27 22 19 122 59 44 25 85 51 5 17 49 54 126 14 60 18 39 116 20 113 50 3 45 29 52 62 91 124 21 120 24 56 9 90 58 26 34 43 100 101 37 80 64 112 111 83 72 123 0 7 40 47 69 95 63 107 70 125 61
Coste: 64

GENERACION: 750
Mejor Solucion:  42 89 79 78 118 2 46 6 4 31 73 115 121 67 104 75 109 82 77 98 32 15 127 41 110 108 106 114 105 28 117 30 55 13 119 53 94 86 81 96 103 97 33 36 38 16 84 92 11 10 76 23 68 12 8 35 1 88 99 48 66 87 93 71 102 57 74 65 27 22 19 122 59 44 25 85 51 5 17 49 54 126 14 60 18 39 116 20 113 50 3 45 29 52 62 91 124 21 120 24 56 9 90 58 26 34 43 100 101 37 80 64 112 111 83 72 123 0 7 40 47 69 95 63 107 70 125 61
Coste: 64

GENERACION: 755
Mejor Solucion:  42 89 79 78 118 2 46 6 4 31 73 115 121 67 104 75 109 82 77 98 32 15 127 41 110 108 106 114 105 28 117 30 55 13 119 53 94 86 81 96 103 97 33 36 38 16 84 92 11 10 76 23 68 12 8 35 1 88 99 48 66 87 93 71 102 57 74 65 27 22 19 122 59 44 25 85 51 5 17 49 54 126 14 60 18 39 116 20 113 50 3 45 29 52 62 91 124 21 120 24 56 9 90 58 26 34 43 100 101 37 80 64 112 111 83 72 123 0 7 40 47 69 95 63 107 70 125 61
Coste: 64

GENERACION: 760
Mejor Solucion:  42 89 79 78 118 2 46 6 4 31 73 115 121 67 104 75 109 82 77 98 32 15 127 41 110 108 106 114 105 28 117 30 55 13 119 53 94 86 81 96 103 97 33 36 38 16 84 92 11 10 76 23 68 12 8 35 1 88 99 48 66 87 93 71 102 57 74 65 27 22 19 122 59 44 25 85 51 5 17 49 54 126 14 60 18 39 116 20 113 50 3 45 29 52 62 91 124 21 120 24 56 9 90 58 26 34 43 100 101 37 80 64 112 111 83 72 123 0 7 40 47 69 95 63 107 70 125 61
Coste: 64

GENERACION: 765
Mejor Solucion:  42 89 79 78 118 2 46 6 4 31 73 115 121 67 104 75 109 82 77 98 32 15 127 41 110 108 106 114 105 28 117 30 55 13 119 53 94 86 81 96 103 97 33 36 38 16 84 92 11 10 76 23 68 12 8 35 1 88 99 48 66 87 93 71 102 57 74 65 27 22 19 122 59 44 25 85 51 5 17 49 54 126 14 60 18 39 116 20 113 50 3 45 29 52 62 91 124 21 120 24 56 9 90 58 26 34 43 100 101 37 80 64 112 111 83 72 123 0 7 40 47 69 95 63 107 70 125 61
Coste: 64

GENERACION: 770
Mejor Solucion:  42 89 79 78 118 2 46 6 4 31 73 115 121 67 104 75 109 82 77 98 32 15 127 41 110 108 106 114 105 28 117 30 55 13 119 53 94 86 81 96 103 97 33 36 38 16 84 92 11 10 76 23 68 12 8 35 1 88 99 48 66 87 93 71 102 57 74 65 27 22 19 122 59 44 25 85 51 5 17 49 54 126 14 60 18 39 116 20 113 50 3 45 29 52 62 91 124 21 120 24 56 9 90 58 26 34 43 100 101 37 80 64 112 111 83 72 123 0 7 40 47 69 95 63 107 70 125 61
Coste: 64

GENERACION: 775
Mejor Solucion:  42 89 79 78 118 2 46 6 4 31 73 115 121 67 104 75 109 82 77 98 32 15 127 41 110 108 106 114 105 28 117 30 55 13 119 53 94 86 81 96 103 97 33 36 38 16 84 92 11 10 76 23 68 12 8 35 1 88 99 48 66 87 93 71 102 57 74 65 27 22 19 122 59 44 25 85 51 5 17 49 54 126 14 60 18 39 116 20 113 50 3 45 29 52 62 91 124 21 120 24 56 9 90 58 26 34 43 100 101 37 80 64 112 111 83 72 123 0 7 40 47 69 95 63 107 70 125 61
Coste: 64

GENERACION: 780
Mejor Solucion:  42 89 79 78 118 2 46 6 4 31 73 115 121 67 104 75 109 82 77 98 32 15 127 41 110 108 106 114 105 28 117 30 55 13 119 53 94 86 81 96 103 97 33 36 38 16 84 92 11 10 76 23 68 12 8 35 1 88 99 48 66 87 93 71 102 57 74 65 27 22 19 122 59 44 25 85 51 5 17 49 54 126 14 60 18 39 116 20 113 50 3 45 29 52 62 91 124 21 120 24 56 9 90 58 26 34 43 100 101 37 80 64 112 111 83 72 123 0 7 40 47 69 95 63 107 70 125 61
Coste: 64

GENERACION: 785
Mejor Solucion:  42 89 79 78 118 2 46 6 4 31 73 115 121 67 104 75 109 82 77 98 32 15 127 41 110 108 106 114 105 28 117 30 55 13 119 53 94 86 81 96 103 97 33 36 38 16 84 92 11 10 76 23 68 12 8 35 1 88 99 48 66 87 93 71 102 57 74 65 27 22 19 122 59 44 25 85 51 5 17 49 54 126 14 60 18 39 116 20 113 50 3 45 29 52 62 91 124 21 120 24 56 9 90 58 26 34 43 100 101 37 80 64 112 111 83 72 123 0 7 40 47 69 95 63 107 70 125 61
Coste: 64

GENERACION: 790
Mejor Solucion:  42 89 79 78 118 2 46 6 4 31 73 115 121 67 104 75 109 82 77 98 32 15 127 41 110 108 106 114 105 28 117 30 55 13 119 53 94 86 81 96 103 97 33 36 38 16 84 92 11 10 76 23 68 12 8 35 1 88 99 48 66 87 93 71 102 57 74 65 27 22 19 122 59 44 25 85 51 5 17 49 54 126 14 60 18 39 116 20 113 50 3 45 29 52 62 91 124 21 120 24 56 9 90 58 26 34 43 100 101 37 80 64 112 111 83 72 123 0 7 40 47 69 95 63 107 70 125 61
Coste: 64

GENERACION: 795
Mejor Solucion:  42 89 79 78 118 2 46 6 4 31 73 115 121 67 104 75 109 82 77 98 32 15 127 41 110 108 106 114 105 28 117 30 55 13 119 53 94 86 81 96 103 97 33 36 38 16 84 92 11 10 76 23 68 12 8 35 1 88 99 48 66 87 93 71 102 57 74 65 27 22 19 122 59 44 25 85 51 5 17 49 54 126 14 60 18 39 116 20 113 50 3 45 29 52 62 91 124 21 120 24 56 9 90 58 26 34 43 100 101 37 80 64 112 111 83 72 123 0 7 40 47 69 95 63 107 70 125 61
Coste: 64

GENERACION: 800
Mejor Solucion:  42 89 79 78 118 2 46 6 4 31 73 115 121 67 104 75 109 82 77 98 32 15 127 41 110 108 106 114 105 28 117 30 55 13 119 53 94 86 81 96 103 97 33 36 38 16 84 92 11 10 76 23 68 12 8 35 1 88 99 48 66 87 93 71 102 57 74 65 27 22 19 122 59 44 25 85 51 5 17 49 54 126 14 60 18 39 116 20 113 50 3 45 29 52 62 91 124 21 120 24 56 9 90 58 26 34 43 100 101 37 80 64 112 111 83 72 123 0 7 40 47 69 95 63 107 70 125 61
Coste: 64

GENERACION: 805
Mejor Solucion:  42 89 79 78 118 2 46 6 4 31 73 115 121 67 104 75 109 82 77 98 32 15 127 41 110 108 106 114 105 28 117 30 55 13 119 53 94 86 81 96 103 97 33 36 38 16 84 92 11 10 76 23 68 12 8 35 1 88 99 48 66 87 93 71 102 57 74 65 27 22 19 122 59 44 25 85 51 5 17 49 54 126 14 60 18 39 116 20 113 50 3 45 29 52 62 91 124 21 120 24 56 9 90 58 26 34 43 100 101 37 80 64 112 111 83 72 123 0 7 40 47 69 95 63 107 70 125 61
Coste: 64

GENERACION: 810
Mejor Solucion:  42 89 79 78 118 2 46 6 4 31 73 115 121 67 104 75 109 82 77 98 32 15 127 41 110 108 106 114 105 28 117 30 55 13 119 53 94 86 81 96 103 97 33 36 38 16 84 92 11 10 76 23 68 12 8 35 1 88 99 48 66 87 93 71 102 57 74 65 27 22 19 122 59 44 25 85 51 5 17 49 54 126 14 60 18 39 116 20 113 50 3 45 29 52 62 91 124 21 120 24 56 9 90 58 26 34 43 100 101 37 80 64 112 111 83 72 123 0 7 40 47 69 95 63 107 70 125 61
Coste: 64

GENERACION: 815
Mejor Solucion:  42 89 79 78 118 2 46 6 4 31 73 115 121 67 104 75 109 82 77 98 32 15 127 41 110 108 106 114 105 28 117 30 55 13 119 53 94 86 81 96 103 97 33 36 38 16 84 92 11 10 76 23 68 12 8 35 1 88 99 48 66 87 93 71 102 57 74 65 27 22 19 122 59 44 25 85 51 5 17 49 54 126 14 60 18 39 116 20 113 50 3 45 29 52 62 91 124 21 120 24 56 9 90 58 26 34 43 100 101 37 80 64 112 111 83 72 123 0 7 40 47 69 95 63 107 70 125 61
Coste: 64

GENERACION: 820
Mejor Solucion:  42 89 79 78 118 2 46 6 4 31 73 115 121 67 104 75 109 82 77 98 32 15 127 41 110 108 106 114 105 28 117 30 55 13 119 53 94 86 81 96 103 97 33 36 38 16 84 92 11 10 76 23 68 12 8 35 1 88 99 48 66 87 93 71 102 57 74 65 27 22 19 122 59 44 25 85 51 5 17 49 54 126 14 60 18 39 116 20 113 50 3 45 29 52 62 91 124 21 120 24 56 9 90 58 26 34 43 100 101 37 80 64 112 111 83 72 123 0 7 40 47 69 95 63 107 70 125 61
Coste: 64

GENERACION: 825
Mejor Solucion:  42 89 79 78 118 2 46 6 4 31 73 115 121 67 104 75 109 82 77 98 32 15 127 41 110 108 106 114 105 28 117 30 55 13 119 53 94 86 81 96 103 97 33 36 38 16 84 92 11 10 76 23 68 12 8 35 1 88 99 48 66 87 93 71 102 57 74 65 27 22 19 122 59 44 25 85 51 5 17 49 54 126 14 60 18 39 116 20 113 50 3 45 29 52 62 91 124 21 120 24 56 9 90 58 26 34 43 100 101 37 80 64 112 111 83 72 123 0 7 40 47 69 95 63 107 70 125 61
Coste: 64

GENERACION: 830
Mejor Solucion:  42 89 79 78 118 2 46 6 4 31 73 115 121 67 104 75 109 82 77 98 32 15 127 41 110 108 106 114 105 28 117 30 55 13 119 53 94 86 81 96 103 97 33 36 38 16 84 92 11 10 76 23 68 12 8 35 1 88 99 48 66 87 93 71 102 57 74 65 27 22 19 122 59 44 25 85 51 5 17 49 54 126 14 60 18 39 116 20 113 50 3 45 29 52 62 91 124 21 120 24 56 9 90 58 26 34 43 100 101 37 80 64 112 111 83 72 123 0 7 40 47 69 95 63 107 70 125 61
Coste: 64

GENERACION: 835
Mejor Solucion:  42 89 79 78 118 2 46 6 4 31 73 115 121 67 104 75 109 82 77 98 32 15 127 41 110 108 106 114 105 28 117 30 55 13 119 53 94 86 81 96 103 97 33 36 38 16 84 92 11 10 76 23 68 12 8 35 1 88 99 48 66 87 93 71 102 57 74 65 27 22 19 122 59 44 25 85 51 5 17 49 54 126 14 60 18 39 116 20 113 50 3 45 29 52 62 91 124 21 120 24 56 9 90 58 26 34 43 100 101 37 80 64 112 111 83 72 123 0 7 40 47 69 95 63 107 70 125 61
Coste: 64

GENERACION: 840
Mejor Solucion:  42 89 79 78 118 2 46 6 4 31 73 115 121 67 104 75 109 82 77 98 32 15 127 41 110 108 106 114 105 28 117 30 55 13 119 53 94 86 81 96 103 97 33 36 38 16 84 92 11 10 76 23 68 12 8 35 1 88 99 48 66 87 93 71 102 57 74 65 27 22 19 122 59 44 25 85 51 5 17 49 54 126 14 60 18 39 116 20 113 50 3 45 29 52 62 91 124 21 120 24 56 9 90 58 26 34 43 100 101 37 80 64 112 111 83 72 123 0 7 40 47 69 95 63 107 70 125 61
Coste: 64

GENERACION: 845
Mejor Solucion:  42 89 79 78 118 2 46 6 4 31 73 115 121 67 104 75 109 82 77 98 32 15 127 41 110 108 106 114 105 28 117 30 55 13 119 53 94 86 81 96 103 97 33 36 38 16 84 92 11 10 76 23 68 12 8 35 1 88 99 48 66 87 93 71 102 57 74 65 27 22 19 122 59 44 25 85 51 5 17 49 54 126 14 60 18 39 116 20 113 50 3 45 29 52 62 91 124 21 120 24 56 9 90 58 26 34 43 100 101 37 80 64 112 111 83 72 123 0 7 40 47 69 95 63 107 70 125 61
Coste: 64

GENERACION: 850
Mejor Solucion:  42 89 79 78 118 2 46 6 4 31 73 115 121 67 104 75 109 82 77 98 32 15 127 41 110 108 106 114 105 28 117 30 55 13 119 53 94 86 81 96 103 97 33 36 38 16 84 92 11 10 76 23 68 12 8 35 1 88 99 48 66 87 93 71 102 57 74 65 27 22 19 122 59 44 25 85 51 5 17 49 54 126 14 60 18 39 116 20 113 50 3 45 29 52 62 91 124 21 120 24 56 9 90 58 26 34 43 100 101 37 80 64 112 111 83 72 123 0 7 40 47 69 95 63 107 70 125 61
Coste: 64

GENERACION: 855
Mejor Solucion:  42 89 79 78 118 2 46 6 4 31 73 115 121 67 104 75 109 82 77 98 32 15 127 41 110 108 106 114 105 28 117 30 55 13 119 53 94 86 81 96 103 97 33 36 38 16 84 92 11 10 76 23 68 12 8 35 1 88 99 48 66 87 93 71 102 57 74 65 27 22 19 122 59 44 25 85 51 5 17 49 54 126 14 60 18 39 116 20 113 50 3 45 29 52 62 91 124 21 120 24 56 9 90 58 26 34 43 100 101 37 80 64 112 111 83 72 123 0 7 40 47 69 95 63 107 70 125 61
Coste: 64

GENERACION: 860
Mejor Solucion:  42 89 79 78 118 2 46 6 4 31 73 115 121 67 104 75 109 82 77 98 32 15 127 41 110 108 106 114 105 28 117 30 55 13 119 53 94 86 81 96 103 97 33 36 38 16 84 92 11 10 76 23 68 12 8 35 1 88 99 48 66 87 93 71 102 57 74 65 27 22 19 122 59 44 25 85 51 5 17 49 54 126 14 60 18 39 116 20 113 50 3 45 29 52 62 91 124 21 120 24 56 9 90 58 26 34 43 100 101 37 80 64 112 111 83 72 123 0 7 40 47 69 95 63 107 70 125 61
Coste: 64

GENERACION: 865
Mejor Solucion:  42 89 79 78 118 2 46 6 4 31 73 115 121 67 104 75 109 82 77 98 32 15 127 41 110 108 106 114 105 28 117 30 55 13 119 53 94 86 81 96 103 97 33 36 38 16 84 92 11 10 76 23 68 12 8 35 1 88 99 48 66 87 93 71 102 57 74 65 27 22 19 122 59 44 25 85 51 5 17 49 54 126 14 60 18 39 116 20 113 50 3 45 29 52 62 91 124 21 120 24 56 9 90 58 26 34 43 100 101 37 80 64 112 111 83 72 123 0 7 40 47 69 95 63 107 70 125 61
Coste: 64

GENERACION: 870
Mejor Solucion:  42 89 79 78 118 2 46 6 4 31 73 115 121 67 104 75 109 82 77 98 32 15 127 41 110 108 106 114 105 28 117 30 55 13 119 53 94 86 81 96 103 97 33 36 38 16 84 92 11 10 76 23 68 12 8 35 1 88 99 48 66 87 93 71 102 57 74 65 27 22 19 122 59 44 25 85 51 5 17 49 54 126 14 60 18 39 116 20 113 50 3 45 29 52 62 91 124 21 120 24 56 9 90 58 26 34 43 100 101 37 80 64 112 111 83 72 123 0 7 40 47 69 95 63 107 70 125 61
Coste: 64

GENERACION: 875
Mejor Solucion:  42 89 79 78 118 2 46 6 4 31 73 115 121 67 104 75 109 82 77 98 32 15 127 41 110 108 106 114 105 28 117 30 55 13 119 53 94 86 81 96 103 97 33 36 38 16 84 92 11 10 76 23 68 12 8 35 1 88 99 48 66 87 93 71 102 57 74 65 27 22 19 122 59 44 25 85 51 5 17 49 54 126 14 60 18 39 116 20 113 50 3 45 29 52 62 91 124 21 120 24 56 9 90 58 26 34 43 100 101 37 80 64 112 111 83 72 123 0 7 40 47 69 95 63 107 70 125 61
Coste: 64

GENERACION: 880
Mejor Solucion:  42 89 79 78 118 2 46 6 4 31 73 115 121 67 104 75 109 82 77 98 32 15 127 41 110 108 106 114 105 28 117 30 55 13 119 53 94 86 81 96 103 97 33 36 38 16 84 92 11 10 76 23 68 12 8 35 1 88 99 48 66 87 93 71 102 57 74 65 27 22 19 122 59 44 25 85 51 5 17 49 54 126 14 60 18 39 116 20 113 50 3 45 29 52 62 91 124 21 120 24 56 9 90 58 26 34 43 100 101 37 80 64 112 111 83 72 123 0 7 40 47 69 95 63 107 70 125 61
Coste: 64

GENERACION: 885
Mejor Solucion:  42 89 79 78 118 2 46 6 4 31 73 115 121 67 104 75 109 82 77 98 32 15 127 41 110 108 106 114 105 28 117 30 55 13 119 53 94 86 81 96 103 97 33 36 38 16 84 92 11 10 76 23 68 12 8 35 1 88 99 48 66 87 93 71 102 57 74 65 27 22 19 122 59 44 25 85 51 5 17 49 54 126 14 60 18 39 116 20 113 50 3 45 29 52 62 91 124 21 120 24 56 9 90 58 26 34 43 100 101 37 80 64 112 111 83 72 123 0 7 40 47 69 95 63 107 70 125 61
Coste: 64

GENERACION: 890
Mejor Solucion:  42 89 79 78 118 2 46 6 4 31 73 115 121 67 104 75 109 82 77 98 32 15 127 41 110 108 106 114 105 28 117 30 55 13 119 53 94 86 81 96 103 97 33 36 38 16 84 92 11 10 76 23 68 12 8 35 1 88 99 48 66 87 93 71 102 57 74 65 27 22 19 122 59 44 25 85 51 5 17 49 54 126 14 60 18 39 116 20 113 50 3 45 29 52 62 91 124 21 120 24 56 9 90 58 26 34 43 100 101 37 80 64 112 111 83 72 123 0 7 40 47 69 95 63 107 70 125 61
Coste: 64

GENERACION: 895
Mejor Solucion:  42 89 79 78 118 2 46 6 4 31 73 115 121 67 104 75 109 82 77 98 32 15 127 41 110 108 106 114 105 28 117 30 55 13 119 53 94 86 81 96 103 97 33 36 38 16 84 92 11 10 76 23 68 12 8 35 1 88 99 48 66 87 93 71 102 57 74 65 27 22 19 122 59 44 25 85 51 5 17 49 54 126 14 60 18 39 116 20 113 50 3 45 29 52 62 91 124 21 120 24 56 9 90 58 26 34 43 100 101 37 80 64 112 111 83 72 123 0 7 40 47 69 95 63 107 70 125 61
Coste: 64

GENERACION: 900
Mejor Solucion:  42 89 79 78 118 2 46 6 4 31 73 115 121 67 104 75 109 82 77 98 32 15 127 41 110 108 106 114 105 28 117 30 55 13 119 53 94 86 81 96 103 97 33 36 38 16 84 92 11 10 76 23 68 12 8 35 1 88 99 48 66 87 93 71 102 57 74 65 27 22 19 122 59 44 25 85 51 5 17 49 54 126 14 60 18 39 116 20 113 50 3 45 29 52 62 91 124 21 120 24 56 9 90 58 26 34 43 100 101 37 80 64 112 111 83 72 123 0 7 40 47 69 95 63 107 70 125 61
Coste: 64

GENERACION: 905
Mejor Solucion:  42 89 79 78 118 2 46 6 4 31 73 115 121 67 104 75 109 82 77 98 32 15 127 41 110 108 106 114 105 28 117 30 55 13 119 53 94 86 81 96 103 97 33 36 38 16 84 92 11 10 76 23 68 12 8 35 1 88 99 48 66 87 93 71 102 57 74 65 27 22 19 122 59 44 25 85 51 5 17 49 54 126 14 60 18 39 116 20 113 50 3 45 29 52 62 91 124 21 120 24 56 9 90 58 26 34 43 100 101 37 80 64 112 111 83 72 123 0 7 40 47 69 95 63 107 70 125 61
Coste: 64

GENERACION: 910
Mejor Solucion:  42 89 79 78 118 2 46 6 4 31 73 115 121 67 104 75 109 82 77 98 32 15 127 41 110 108 106 114 105 28 117 30 55 13 119 53 94 86 81 96 103 97 33 36 38 16 84 92 11 10 76 23 68 12 8 35 1 88 99 48 66 87 93 71 102 57 74 65 27 22 19 122 59 44 25 85 51 5 17 49 54 126 14 60 18 39 116 20 113 50 3 45 29 52 62 91 124 21 120 24 56 9 90 58 26 34 43 100 101 37 80 64 112 111 83 72 123 0 7 40 47 69 95 63 107 70 125 61
Coste: 64

GENERACION: 915
Mejor Solucion:  42 89 79 78 118 2 46 6 4 31 73 115 121 67 104 75 109 82 77 98 32 15 127 41 110 108 106 114 105 28 117 30 55 13 119 53 94 86 81 96 103 97 33 36 38 16 84 92 11 10 76 23 68 12 8 35 1 88 99 48 66 87 93 71 102 57 74 65 27 22 19 122 59 44 25 85 51 5 17 49 54 126 14 60 18 39 116 20 113 50 3 45 29 52 62 91 124 21 120 24 56 9 90 58 26 34 43 100 101 37 80 64 112 111 83 72 123 0 7 40 47 69 95 63 107 70 125 61
Coste: 64

GENERACION: 920
Mejor Solucion:  42 89 79 78 118 2 46 6 4 31 73 115 121 67 104 75 109 82 77 98 32 15 127 41 110 108 106 114 105 28 117 30 55 13 119 53 94 86 81 96 103 97 33 36 38 16 84 92 11 10 76 23 68 12 8 35 1 88 99 48 66 87 93 71 102 57 74 65 27 22 19 122 59 44 25 85 51 5 17 49 54 126 14 60 18 39 116 20 113 50 3 45 29 52 62 91 124 21 120 24 56 9 90 58 26 34 43 100 101 37 80 64 112 111 83 72 123 0 7 40 47 69 95 63 107 70 125 61
Coste: 64

GENERACION: 925
Mejor Solucion:  42 89 79 78 118 2 46 6 4 31 73 115 121 67 104 75 109 82 77 98 32 15 127 41 110 108 106 114 105 28 117 30 55 13 119 53 94 86 81 96 103 97 33 36 38 16 84 92 11 10 76 23 68 12 8 35 1 88 99 48 66 87 93 71 102 57 74 65 27 22 19 122 59 44 25 85 51 5 17 49 54 126 14 60 18 39 116 20 113 50 3 45 29 52 62 91 124 21 120 24 56 9 90 58 26 34 43 100 101 37 80 64 112 111 83 72 123 0 7 40 47 69 95 63 107 70 125 61
Coste: 64

GENERACION: 930
Mejor Solucion:  42 89 79 78 118 2 46 6 4 31 73 115 121 67 104 75 109 82 77 98 32 15 127 41 110 108 106 114 105 28 117 30 55 13 119 53 94 86 81 96 103 97 33 36 38 16 84 92 11 10 76 23 68 12 8 35 1 88 99 48 66 87 93 71 102 57 74 65 27 22 19 122 59 44 25 85 51 5 17 49 54 126 14 60 18 39 116 20 113 50 3 45 29 52 62 91 124 21 120 24 56 9 90 58 26 34 43 100 101 37 80 64 112 111 83 72 123 0 7 40 47 69 95 63 107 70 125 61
Coste: 64

GENERACION: 935
Mejor Solucion:  42 89 79 78 118 2 46 6 4 31 73 115 121 67 104 75 109 82 77 98 32 15 127 41 110 108 106 114 105 28 117 30 55 13 119 53 94 86 81 96 103 97 33 36 38 16 84 92 11 10 76 23 68 12 8 35 1 88 99 48 66 87 93 71 102 57 74 65 27 22 19 122 59 44 25 85 51 5 17 49 54 126 14 60 18 39 116 20 113 50 3 45 29 52 62 91 124 21 120 24 56 9 90 58 26 34 43 100 101 37 80 64 112 111 83 72 123 0 7 40 47 69 95 63 107 70 125 61
Coste: 64

GENERACION: 940
Mejor Solucion:  42 89 79 78 118 2 46 6 4 31 73 115 121 67 104 75 109 82 77 98 32 15 127 41 110 108 106 114 105 28 117 30 55 13 119 53 94 86 81 96 103 97 33 36 38 16 84 92 11 10 76 23 68 12 8 35 1 88 99 48 66 87 93 71 102 57 74 65 27 22 19 122 59 44 25 85 51 5 17 49 54 126 14 60 18 39 116 20 113 50 3 45 29 52 62 91 124 21 120 24 56 9 90 58 26 34 43 100 101 37 80 64 112 111 83 72 123 0 7 40 47 69 95 63 107 70 125 61
Coste: 64

GENERACION: 945
Mejor Solucion:  42 89 79 78 118 2 46 6 4 31 73 115 121 67 104 75 109 82 77 98 32 15 127 41 110 108 106 114 105 28 117 30 55 13 119 53 94 86 81 96 103 97 33 36 38 16 84 92 11 10 76 23 68 12 8 35 1 88 99 48 66 87 93 71 102 57 74 65 27 22 19 122 59 44 25 85 51 5 17 49 54 126 14 60 18 39 116 20 113 50 3 45 29 52 62 91 124 21 120 24 56 9 90 58 26 34 43 100 101 37 80 64 112 111 83 72 123 0 7 40 47 69 95 63 107 70 125 61
Coste: 64

GENERACION: 950
Mejor Solucion:  42 89 79 78 118 2 46 6 4 31 73 115 121 67 104 75 109 82 77 98 32 15 127 41 110 108 106 114 105 28 117 30 55 13 119 53 94 86 81 96 103 97 33 36 38 16 84 92 11 10 76 23 68 12 8 35 1 88 99 48 66 87 93 71 102 57 74 65 27 22 19 122 59 44 25 85 51 5 17 49 54 126 14 60 18 39 116 20 113 50 3 45 29 52 62 91 124 21 120 24 56 9 90 58 26 34 43 100 101 37 80 64 112 111 83 72 123 0 7 40 47 69 95 63 107 70 125 61
Coste: 64

GENERACION: 955
Mejor Solucion:  42 89 79 78 118 2 46 6 4 31 73 115 121 67 104 75 109 82 77 98 32 15 127 41 110 108 106 114 105 28 117 30 55 13 119 53 94 86 81 96 103 97 33 36 38 16 84 92 11 10 76 23 68 12 8 35 1 88 99 48 66 87 93 71 102 57 74 65 27 22 19 122 59 44 25 85 51 5 17 49 54 126 14 60 18 39 116 20 113 50 3 45 29 52 62 91 124 21 120 24 56 9 90 58 26 34 43 100 101 37 80 64 112 111 83 72 123 0 7 40 47 69 95 63 107 70 125 61
Coste: 64

GENERACION: 960
Mejor Solucion:  42 89 79 78 118 2 46 6 4 31 73 115 121 67 104 75 109 82 77 98 32 15 127 41 110 108 106 114 105 28 117 30 55 13 119 53 94 86 81 96 103 97 33 36 38 16 84 92 11 10 76 23 68 12 8 35 1 88 99 48 66 87 93 71 102 57 74 65 27 22 19 122 59 44 25 85 51 5 17 49 54 126 14 60 18 39 116 20 113 50 3 45 29 52 62 91 124 21 120 24 56 9 90 58 26 34 43 100 101 37 80 64 112 111 83 72 123 0 7 40 47 69 95 63 107 70 125 61
Coste: 64

GENERACION: 965
Mejor Solucion:  42 89 79 78 118 2 46 6 4 31 73 115 121 67 104 75 109 82 77 98 32 15 127 41 110 108 106 114 105 28 117 30 55 13 119 53 94 86 81 96 103 97 33 36 38 16 84 92 11 10 76 23 68 12 8 35 1 88 99 48 66 87 93 71 102 57 74 65 27 22 19 122 59 44 25 85 51 5 17 49 54 126 14 60 18 39 116 20 113 50 3 45 29 52 62 91 124 21 120 24 56 9 90 58 26 34 43 100 101 37 80 64 112 111 83 72 123 0 7 40 47 69 95 63 107 70 125 61
Coste: 64

GENERACION: 970
Mejor Solucion:  42 89 79 78 118 2 46 6 4 31 73 115 121 67 104 75 109 82 77 98 32 15 127 41 110 108 106 114 105 28 117 30 55 13 119 53 94 86 81 96 103 97 33 36 38 16 84 92 11 10 76 23 68 12 8 35 1 88 99 48 66 87 93 71 102 57 74 65 27 22 19 122 59 44 25 85 51 5 17 49 54 126 14 60 18 39 116 20 113 50 3 45 29 52 62 91 124 21 120 24 56 9 90 58 26 34 43 100 101 37 80 64 112 111 83 72 123 0 7 40 47 69 95 63 107 70 125 61
Coste: 64

GENERACION: 975
Mejor Solucion:  42 89 79 78 118 2 46 6 4 31 73 115 121 67 104 75 109 82 77 98 32 15 127 41 110 108 106 114 105 28 117 30 55 13 119 53 94 86 81 96 103 97 33 36 38 16 84 92 11 10 76 23 68 12 8 35 1 88 99 48 66 87 93 71 102 57 74 65 27 22 19 122 59 44 25 85 51 5 17 49 54 126 14 60 18 39 116 20 113 50 3 45 29 52 62 91 124 21 120 24 56 9 90 58 26 34 43 100 101 37 80 64 112 111 83 72 123 0 7 40 47 69 95 63 107 70 125 61
Coste: 64

GENERACION: 980
Mejor Solucion:  42 89 79 78 118 2 46 6 4 31 73 115 121 67 104 75 109 82 77 98 32 15 127 41 110 108 106 114 105 28 117 30 55 13 119 53 94 86 81 96 103 97 33 36 38 16 84 92 11 10 76 23 68 12 8 35 1 88 99 48 66 87 93 71 102 57 74 65 27 22 19 122 59 44 25 85 51 5 17 49 54 126 14 60 18 39 116 20 113 50 3 45 29 52 62 91 124 21 120 24 56 9 90 58 26 34 43 100 101 37 80 64 112 111 83 72 123 0 7 40 47 69 95 63 107 70 125 61
Coste: 64

GENERACION: 985
Mejor Solucion:  42 89 79 78 118 2 46 6 4 31 73 115 121 67 104 75 109 82 77 98 32 15 127 41 110 108 106 114 105 28 117 30 55 13 119 53 94 86 81 96 103 97 33 36 38 16 84 92 11 10 76 23 68 12 8 35 1 88 99 48 66 87 93 71 102 57 74 65 27 22 19 122 59 44 25 85 51 5 17 49 54 126 14 60 18 39 116 20 113 50 3 45 29 52 62 91 124 21 120 24 56 9 90 58 26 34 43 100 101 37 80 64 112 111 83 72 123 0 7 40 47 69 95 63 107 70 125 61
Coste: 64

GENERACION: 990
Mejor Solucion:  42 89 79 78 118 2 46 6 4 31 73 115 121 67 104 75 109 82 77 98 32 15 127 41 110 108 106 114 105 28 117 30 55 13 119 53 94 86 81 96 103 97 33 36 38 16 84 92 11 10 76 23 68 12 8 35 1 88 99 48 66 87 93 71 102 57 74 65 27 22 19 122 59 44 25 85 51 5 17 49 54 126 14 60 18 39 116 20 113 50 3 45 29 52 62 91 124 21 120 24 56 9 90 58 26 34 43 100 101 37 80 64 112 111 83 72 123 0 7 40 47 69 95 63 107 70 125 61
Coste: 64

GENERACION: 995
Mejor Solucion:  42 89 79 78 118 2 46 6 4 31 73 115 121 67 104 75 109 82 77 98 32 15 127 41 110 108 106 114 105 28 117 30 55 13 119 53 94 86 81 96 103 97 33 36 38 16 84 92 11 10 76 23 68 12 8 35 1 88 99 48 66 87 93 71 102 57 74 65 27 22 19 122 59 44 25 85 51 5 17 49 54 126 14 60 18 39 116 20 113 50 3 45 29 52 62 91 124 21 120 24 56 9 90 58 26 34 43 100 101 37 80 64 112 111 83 72 123 0 7 40 47 69 95 63 107 70 125 61
Coste: 64

GENERACION: 1000
Mejor Solucion:  42 89 79 78 118 2 46 6 4 31 73 115 121 67 104 75 109 82 77 98 32 15 127 41 110 108 106 114 105 28 117 30 55 13 119 53 94 86 81 96 103 97 33 36 38 16 84 92 11 10 76 23 68 12 8 35 1 88 99 48 66 87 93 71 102 57 74 65 27 22 19 122 59 44 25 85 51 5 17 49 54 126 14 60 18 39 116 20 113 50 3 45 29 52 62 91 124 21 120 24 56 9 90 58 26 34 43 100 101 37 80 64 112 111 83 72 123 0 7 40 47 69 95 63 107 70 125 61
Coste: 64

