GENERACION: 5
Mejor Solucion:  71 97 33 110 54 22 39 58 116 5 10 127 23 94 102 104 81 124 106 120 12 123 60 87 43 38 109 114 49 13 67 76 79 92 107 125 17 65 53 31 115 85 56 84 6 117 24 72 42 68 74 16 46 83 126 26 119 29 44 96 32 90 7 86 28 15 47 111 103 73 93 77 112 14 27 62 80 108 95 82 55 4 25 78 64 89 61 40 8 63 45 50 66 9 69 30 34 35 98 118 41 20 18 0 37 1 19 2 51 105 48 121 70 36 101 100 88 21 3 57 113 99 75 11 122 59 91 52
Coste: 290

GENERACION: 10
Mejor Solucion:  48 37 97 112 123 116 114 107 14 95 44 67 33 96 99 98 109 35 85 125 55 53 60 87 72 19 31 127 49 13 75 3 79 58 74 78 17 65 84 92 115 88 90 77 62 117 8 120 12 46 122 16 26 83 126 43 106 39 56 71 32 4 7 68 28 6 47 81 22 73 82 119 86 111 18 103 70 38 66 94 15 108 80 104 25 101 11 10 40 63 64 50 2 9 69 30 34 124 23 118 41 20 93 0 24 42 54 29 110 105 27 121 59 36 89 100 45 21 76 57 113 5 51 61 102 1 91 52
Coste: 182

GENERACION: 15
Mejor Solucion:  48 37 97 125 123 116 114 107 14 92 44 81 33 96 99 98 109 35 85 112 55 53 60 87 72 19 31 127 84 13 75 3 79 58 102 78 17 90 49 95 115 56 65 80 62 117 8 120 12 46 122 16 26 83 126 29 106 39 32 71 88 4 57 68 28 6 20 67 22 73 82 119 86 111 18 23 89 38 66 94 15 108 77 104 25 101 11 10 40 63 64 50 2 9 69 30 34 124 103 52 41 47 93 0 24 42 54 43 110 105 27 121 59 36 70 100 45 21 76 7 113 5 51 61 74 1 91 118
Coste: 120

GENERACION: 20
Mejor Solucion:  105 126 111 112 123 115 116 107 114 36 44 67 49 96 99 97 92 35 85 125 55 53 60 98 72 19 31 127 33 13 75 3 79 48 74 78 17 65 84 122 109 88 90 77 120 117 8 56 106 100 58 16 26 83 27 14 12 39 62 71 32 4 7 68 28 86 47 81 22 73 82 119 6 41 18 103 70 46 66 94 15 108 80 104 25 101 11 10 40 63 21 87 2 9 69 30 102 124 23 118 37 20 93 0 24 42 54 29 110 45 43 121 59 95 89 38 50 64 76 57 61 5 51 113 34 1 91 52
Coste: 80

GENERACION: 25
Mejor Solucion:  105 126 111 112 123 115 116 107 114 36 44 67 49 96 99 97 92 35 85 125 55 53 60 98 72 19 31 127 33 13 75 3 79 48 74 78 17 65 84 122 109 88 90 77 120 117 8 56 106 100 58 16 26 83 27 14 12 39 62 71 32 4 7 68 28 86 47 81 22 73 82 119 6 41 18 103 70 46 66 94 15 108 80 104 25 101 11 10 40 63 21 87 2 9 69 30 102 124 23 118 37 20 93 0 24 42 54 29 110 45 43 121 59 95 89 38 50 64 76 57 61 5 51 113 34 1 91 52
Coste: 80

GENERACION: 30
Mejor Solucion:  101 6 100 85 47 114 115 60 8 36 88 67 56 96 110 97 9 49 121 52 2 37 123 44 72 35 126 15 28 120 127 78 63 74 95 31 30 65 75 55 109 19 23 83 48 117 42 106 112 92 122 16 58 80 18 90 12 39 62 108 32 4 66 68 40 70 20 81 82 73 118 119 84 17 94 79 22 33 86 87 11 71 41 104 25 1 59 26 38 14 64 46 7 27 69 61 125 124 103 13 77 111 102 0 24 91 54 29 10 45 107 53 43 116 34 50 105 21 76 89 99 5 51 113 93 3 98 57
Coste: 66

GENERACION: 35
Mejor Solucion:  101 6 100 85 47 114 115 60 8 36 88 67 56 96 110 97 9 49 121 52 2 37 123 44 72 35 126 15 28 120 127 78 63 74 95 31 30 65 75 55 109 19 23 83 48 117 42 106 112 92 122 16 58 80 18 90 12 39 62 108 32 4 66 68 40 70 20 81 82 73 118 119 84 17 94 79 22 33 86 87 11 71 41 104 25 1 59 26 38 14 64 46 7 27 69 61 125 124 103 13 77 111 102 0 24 91 54 29 10 45 107 53 43 116 34 50 105 21 76 89 99 5 51 113 93 3 98 57
Coste: 66

GENERACION: 40
Mejor Solucion:  101 6 100 85 47 114 115 60 8 36 88 67 56 96 110 97 9 49 121 52 2 37 123 44 72 35 126 15 28 120 127 78 63 74 95 31 30 65 75 55 109 19 23 83 48 117 42 106 112 92 122 16 58 80 18 90 12 39 62 108 32 4 66 68 40 70 20 81 82 73 118 119 84 17 94 79 22 33 86 87 11 71 41 104 25 1 59 26 38 14 64 46 7 27 69 61 125 124 103 13 77 111 102 0 24 91 54 29 10 45 107 53 43 116 34 50 105 21 76 89 99 5 51 113 93 3 98 57
Coste: 66

GENERACION: 45
Mejor Solucion:  101 6 100 85 47 114 115 60 8 36 88 67 56 96 110 97 9 49 121 52 2 37 123 44 72 35 126 15 28 120 127 78 63 74 95 31 30 65 75 55 109 19 23 83 48 117 42 106 112 92 122 16 58 80 18 90 12 39 62 108 32 4 66 68 40 70 20 81 82 73 118 119 84 17 94 79 22 33 86 87 11 71 41 104 25 1 59 26 38 14 64 46 7 27 69 61 125 124 103 13 77 111 102 0 24 91 54 29 10 45 107 53 43 116 34 50 105 21 76 89 99 5 51 113 93 3 98 57
Coste: 66

GENERACION: 50
Mejor Solucion:  101 6 100 85 47 114 115 60 8 36 88 67 56 96 110 97 9 49 121 52 2 37 123 44 72 35 126 15 28 120 127 78 63 74 95 31 30 65 75 55 109 19 23 83 48 117 42 106 112 92 122 16 58 80 18 90 12 39 62 108 32 4 66 68 40 70 20 81 82 73 118 119 84 17 94 79 22 33 86 87 11 71 41 104 25 1 59 26 38 14 64 46 7 27 69 61 125 124 103 13 77 111 102 0 24 91 54 29 10 45 107 53 43 116 34 50 105 21 76 89 99 5 51 113 93 3 98 57
Coste: 66

GENERACION: 55
Mejor Solucion:  101 6 100 85 47 114 115 60 8 36 88 67 56 96 110 97 9 49 121 52 2 37 123 44 72 35 126 15 28 120 127 78 63 74 95 31 30 65 75 55 109 19 23 83 48 117 42 106 112 92 122 16 58 80 18 90 12 39 62 108 32 4 66 68 40 70 20 81 82 73 118 119 84 17 94 79 22 33 86 87 11 71 41 104 25 1 59 26 38 14 64 46 7 27 69 61 125 124 103 13 77 111 102 0 24 91 54 29 10 45 107 53 43 116 34 50 105 21 76 89 99 5 51 113 93 3 98 57
Coste: 66

GENERACION: 60
Mejor Solucion:  101 6 100 85 47 114 115 60 8 36 88 67 56 96 110 97 9 49 121 52 2 37 123 44 72 35 126 15 28 120 127 78 63 74 95 31 30 65 75 55 109 19 23 83 48 117 42 106 112 92 122 16 58 80 18 90 12 39 62 108 32 4 66 68 40 70 20 81 82 73 118 119 84 17 94 79 22 33 86 87 11 71 41 104 25 1 59 26 38 14 64 46 7 27 69 61 125 124 103 13 77 111 102 0 24 91 54 29 10 45 107 53 43 116 34 50 105 21 76 89 99 5 51 113 93 3 98 57
Coste: 66

GENERACION: 65
Mejor Solucion:  101 6 100 85 47 114 115 60 8 36 88 67 56 96 110 97 9 49 121 52 2 37 123 44 72 35 126 15 28 120 127 78 63 74 95 31 30 65 75 55 109 19 23 83 48 117 42 106 112 92 122 16 58 80 18 90 12 39 62 108 32 4 66 68 40 70 20 81 82 73 118 119 84 17 94 79 22 33 86 87 11 71 41 104 25 1 59 26 38 14 64 46 7 27 69 61 125 124 103 13 77 111 102 0 24 91 54 29 10 45 107 53 43 116 34 50 105 21 76 89 99 5 51 113 93 3 98 57
Coste: 66

GENERACION: 70
Mejor Solucion:  101 6 100 85 47 114 115 60 8 36 88 67 56 96 110 97 9 49 121 52 2 37 123 44 72 35 126 15 28 120 127 78 63 74 95 31 30 65 75 55 109 19 23 83 48 117 42 106 112 92 122 16 58 80 18 90 12 39 62 108 32 4 66 68 40 70 20 81 82 73 118 119 84 17 94 79 22 33 86 87 11 71 41 104 25 1 59 26 38 14 64 46 7 27 69 61 125 124 103 13 77 111 102 0 24 91 54 29 10 45 107 53 43 116 34 50 105 21 76 89 99 5 51 113 93 3 98 57
Coste: 66

GENERACION: 75
Mejor Solucion:  101 6 100 85 47 114 115 60 8 36 88 67 56 96 110 97 9 49 121 52 2 37 123 44 72 35 126 15 28 120 127 78 63 74 95 31 30 65 75 55 109 19 23 83 48 117 42 106 112 92 122 16 58 80 18 90 12 39 62 108 32 4 66 68 40 70 20 81 82 73 118 119 84 17 94 79 22 33 86 87 11 71 41 104 25 1 59 26 38 14 64 46 7 27 69 61 125 124 103 13 77 111 102 0 24 91 54 29 10 45 107 53 43 116 34 50 105 21 76 89 99 5 51 113 93 3 98 57
Coste: 66

GENERACION: 80
Mejor Solucion:  101 6 100 85 47 114 115 60 8 36 88 67 56 96 110 97 9 49 121 52 2 37 123 44 72 35 126 15 28 120 127 78 63 74 95 31 30 65 75 55 109 19 23 83 48 117 42 106 112 92 122 16 58 80 18 90 12 39 62 108 32 4 66 68 40 70 20 81 82 73 118 119 84 17 94 79 22 33 86 87 11 71 41 104 25 1 59 26 38 14 64 46 7 27 69 61 125 124 103 13 77 111 102 0 24 91 54 29 10 45 107 53 43 116 34 50 105 21 76 89 99 5 51 113 93 3 98 57
Coste: 66

GENERACION: 85
Mejor Solucion:  101 6 100 85 47 114 115 60 8 36 88 67 56 96 110 97 9 49 121 52 2 37 123 44 72 35 126 15 28 120 127 78 63 74 95 31 30 65 75 55 109 19 23 83 48 117 42 106 112 92 122 16 58 80 18 90 12 39 62 108 32 4 66 68 40 70 20 81 82 73 118 119 84 17 94 79 22 33 86 87 11 71 41 104 25 1 59 26 38 14 64 46 7 27 69 61 125 124 103 13 77 111 102 0 24 91 54 29 10 45 107 53 43 116 34 50 105 21 76 89 99 5 51 113 93 3 98 57
Coste: 66

GENERACION: 90
Mejor Solucion:  29 68 96 97 63 106 16 118 54 117 88 8 56 100 115 101 38 72 28 81 65 114 103 69 53 92 18 61 4 40 30 22 94 36 95 31 78 87 82 51 109 19 23 0 48 9 11 75 112 1 74 52 10 116 15 90 37 84 62 108 55 60 113 124 76 71 122 121 67 58 3 80 2 17 6 32 70 104 66 7 91 50 79 35 85 49 59 26 120 14 64 46 86 27 73 110 125 126 93 13 77 111 102 83 24 25 44 99 42 45 127 12 123 119 34 33 105 21 47 89 107 5 43 41 39 20 98 57
Coste: 65

GENERACION: 95
Mejor Solucion:  29 68 96 97 63 106 16 118 54 117 88 8 56 100 115 101 38 72 28 81 65 114 103 69 53 92 18 61 4 40 30 22 94 36 95 31 78 87 82 51 109 19 23 0 48 9 11 75 112 1 74 52 10 116 15 90 37 84 62 108 55 60 113 124 76 71 122 121 67 58 3 80 2 17 6 32 70 104 66 7 91 50 79 35 85 49 59 26 120 14 64 46 86 27 73 110 125 126 93 13 77 111 102 83 24 25 44 99 42 45 127 12 123 119 34 33 105 21 47 89 107 5 43 41 39 20 98 57
Coste: 65

GENERACION: 100
Mejor Solucion:  21 124 96 97 63 120 16 24 68 117 88 106 56 100 125 101 38 72 95 81 65 114 94 69 53 92 119 61 4 41 30 51 29 36 28 31 78 8 82 22 109 54 23 0 48 9 11 75 112 1 74 52 10 116 15 19 80 84 62 108 32 86 113 118 76 71 122 121 67 58 3 37 2 17 6 55 70 104 66 7 91 50 93 35 85 49 59 26 90 14 64 46 60 27 73 110 127 126 79 13 77 111 102 83 87 25 44 99 42 45 115 12 123 18 34 33 105 103 47 89 107 5 43 40 39 20 98 57
Coste: 64

GENERACION: 105
Mejor Solucion:  21 124 96 97 63 120 16 24 68 117 88 106 56 100 125 101 38 72 95 81 65 114 94 69 53 92 119 61 4 41 30 51 29 36 28 31 78 8 82 22 109 54 23 0 48 9 11 75 112 1 74 52 10 116 15 19 80 84 62 108 32 86 113 118 76 71 122 121 67 58 3 37 2 17 6 55 70 104 66 7 91 50 93 35 85 49 59 26 90 14 64 46 60 27 73 110 127 126 79 13 77 111 102 83 87 25 44 99 42 45 115 12 123 18 34 33 105 103 47 89 107 5 43 40 39 20 98 57
Coste: 64

GENERACION: 110
Mejor Solucion:  21 124 96 97 63 120 16 24 68 117 88 106 56 100 125 101 38 72 95 81 65 114 94 69 53 92 119 61 4 41 30 51 29 36 28 31 78 8 82 22 109 54 23 0 48 9 11 75 112 1 74 52 10 116 15 19 80 84 62 108 32 86 113 118 76 71 122 121 67 58 3 37 2 17 6 55 70 104 66 7 91 50 93 35 85 49 59 26 90 14 64 46 60 27 73 110 127 126 79 13 77 111 102 83 87 25 44 99 42 45 115 12 123 18 34 33 105 103 47 89 107 5 43 40 39 20 98 57
Coste: 64

GENERACION: 115
Mejor Solucion:  21 124 96 97 63 120 16 24 68 117 88 106 56 100 125 101 38 72 95 81 65 114 94 69 53 92 119 61 4 41 30 51 29 36 28 31 78 8 82 22 109 54 23 0 48 9 11 75 112 1 74 52 10 116 15 19 80 84 62 108 32 86 113 118 76 71 122 121 67 58 3 37 2 17 6 55 70 104 66 7 91 50 93 35 85 49 59 26 90 14 64 46 60 27 73 110 127 126 79 13 77 111 102 83 87 25 44 99 42 45 115 12 123 18 34 33 105 103 47 89 107 5 43 40 39 20 98 57
Coste: 64

GENERACION: 120
Mejor Solucion:  21 124 96 97 63 120 16 24 68 117 88 106 56 100 125 101 38 72 95 81 65 114 94 69 53 92 119 61 4 41 30 51 29 36 28 31 78 8 82 22 109 54 23 0 48 9 11 75 112 1 74 52 10 116 15 19 80 84 62 108 32 86 113 118 76 71 122 121 67 58 3 37 2 17 6 55 70 104 66 7 91 50 93 35 85 49 59 26 90 14 64 46 60 27 73 110 127 126 79 13 77 111 102 83 87 25 44 99 42 45 115 12 123 18 34 33 105 103 47 89 107 5 43 40 39 20 98 57
Coste: 64

GENERACION: 125
Mejor Solucion:  21 124 96 97 63 120 16 24 68 117 88 106 56 100 125 101 38 72 95 81 65 114 94 69 53 92 119 61 4 41 30 51 29 36 28 31 78 8 82 22 109 54 23 0 48 9 11 75 112 1 74 52 10 116 15 19 80 84 62 108 32 86 113 118 76 71 122 121 67 58 3 37 2 17 6 55 70 104 66 7 91 50 93 35 85 49 59 26 90 14 64 46 60 27 73 110 127 126 79 13 77 111 102 83 87 25 44 99 42 45 115 12 123 18 34 33 105 103 47 89 107 5 43 40 39 20 98 57
Coste: 64

GENERACION: 130
Mejor Solucion:  21 124 96 97 63 120 16 24 68 117 88 106 56 100 125 101 38 72 95 81 65 114 94 69 53 92 119 61 4 41 30 51 29 36 28 31 78 8 82 22 109 54 23 0 48 9 11 75 112 1 74 52 10 116 15 19 80 84 62 108 32 86 113 118 76 71 122 121 67 58 3 37 2 17 6 55 70 104 66 7 91 50 93 35 85 49 59 26 90 14 64 46 60 27 73 110 127 126 79 13 77 111 102 83 87 25 44 99 42 45 115 12 123 18 34 33 105 103 47 89 107 5 43 40 39 20 98 57
Coste: 64

GENERACION: 135
Mejor Solucion:  21 124 96 97 63 120 16 24 68 117 88 106 56 100 125 101 38 72 95 81 65 114 94 69 53 92 119 61 4 41 30 51 29 36 28 31 78 8 82 22 109 54 23 0 48 9 11 75 112 1 74 52 10 116 15 19 80 84 62 108 32 86 113 118 76 71 122 121 67 58 3 37 2 17 6 55 70 104 66 7 91 50 93 35 85 49 59 26 90 14 64 46 60 27 73 110 127 126 79 13 77 111 102 83 87 25 44 99 42 45 115 12 123 18 34 33 105 103 47 89 107 5 43 40 39 20 98 57
Coste: 64

GENERACION: 140
Mejor Solucion:  21 124 96 97 63 120 16 24 68 117 88 106 56 100 125 101 38 72 95 81 65 114 94 69 53 92 119 61 4 41 30 51 29 36 28 31 78 8 82 22 109 54 23 0 48 9 11 75 112 1 74 52 10 116 15 19 80 84 62 108 32 86 113 118 76 71 122 121 67 58 3 37 2 17 6 55 70 104 66 7 91 50 93 35 85 49 59 26 90 14 64 46 60 27 73 110 127 126 79 13 77 111 102 83 87 25 44 99 42 45 115 12 123 18 34 33 105 103 47 89 107 5 43 40 39 20 98 57
Coste: 64

GENERACION: 145
Mejor Solucion:  21 124 96 97 63 120 16 24 68 117 88 106 56 100 125 101 38 72 95 81 65 114 94 69 53 92 119 61 4 41 30 51 29 36 28 31 78 8 82 22 109 54 23 0 48 9 11 75 112 1 74 52 10 116 15 19 80 84 62 108 32 86 113 118 76 71 122 121 67 58 3 37 2 17 6 55 70 104 66 7 91 50 93 35 85 49 59 26 90 14 64 46 60 27 73 110 127 126 79 13 77 111 102 83 87 25 44 99 42 45 115 12 123 18 34 33 105 103 47 89 107 5 43 40 39 20 98 57
Coste: 64

GENERACION: 150
Mejor Solucion:  21 124 96 97 63 120 16 24 68 117 88 106 56 100 125 101 38 72 95 81 65 114 94 69 53 92 119 61 4 41 30 51 29 36 28 31 78 8 82 22 109 54 23 0 48 9 11 75 112 1 74 52 10 116 15 19 80 84 62 108 32 86 113 118 76 71 122 121 67 58 3 37 2 17 6 55 70 104 66 7 91 50 93 35 85 49 59 26 90 14 64 46 60 27 73 110 127 126 79 13 77 111 102 83 87 25 44 99 42 45 115 12 123 18 34 33 105 103 47 89 107 5 43 40 39 20 98 57
Coste: 64

GENERACION: 155
Mejor Solucion:  21 124 96 97 63 120 16 24 68 117 88 106 56 100 125 101 38 72 95 81 65 114 94 69 53 92 119 61 4 41 30 51 29 36 28 31 78 8 82 22 109 54 23 0 48 9 11 75 112 1 74 52 10 116 15 19 80 84 62 108 32 86 113 118 76 71 122 121 67 58 3 37 2 17 6 55 70 104 66 7 91 50 93 35 85 49 59 26 90 14 64 46 60 27 73 110 127 126 79 13 77 111 102 83 87 25 44 99 42 45 115 12 123 18 34 33 105 103 47 89 107 5 43 40 39 20 98 57
Coste: 64

GENERACION: 160
Mejor Solucion:  21 124 96 97 63 120 16 24 68 117 88 106 56 100 125 101 38 72 95 81 65 114 94 69 53 92 119 61 4 41 30 51 29 36 28 31 78 8 82 22 109 54 23 0 48 9 11 75 112 1 74 52 10 116 15 19 80 84 62 108 32 86 113 118 76 71 122 121 67 58 3 37 2 17 6 55 70 104 66 7 91 50 93 35 85 49 59 26 90 14 64 46 60 27 73 110 127 126 79 13 77 111 102 83 87 25 44 99 42 45 115 12 123 18 34 33 105 103 47 89 107 5 43 40 39 20 98 57
Coste: 64

GENERACION: 165
Mejor Solucion:  21 124 96 97 63 120 16 24 68 117 88 106 56 100 125 101 38 72 95 81 65 114 94 69 53 92 119 61 4 41 30 51 29 36 28 31 78 8 82 22 109 54 23 0 48 9 11 75 112 1 74 52 10 116 15 19 80 84 62 108 32 86 113 118 76 71 122 121 67 58 3 37 2 17 6 55 70 104 66 7 91 50 93 35 85 49 59 26 90 14 64 46 60 27 73 110 127 126 79 13 77 111 102 83 87 25 44 99 42 45 115 12 123 18 34 33 105 103 47 89 107 5 43 40 39 20 98 57
Coste: 64

GENERACION: 170
Mejor Solucion:  21 124 96 97 63 120 16 24 68 117 88 106 56 100 125 101 38 72 95 81 65 114 94 69 53 92 119 61 4 41 30 51 29 36 28 31 78 8 82 22 109 54 23 0 48 9 11 75 112 1 74 52 10 116 15 19 80 84 62 108 32 86 113 118 76 71 122 121 67 58 3 37 2 17 6 55 70 104 66 7 91 50 93 35 85 49 59 26 90 14 64 46 60 27 73 110 127 126 79 13 77 111 102 83 87 25 44 99 42 45 115 12 123 18 34 33 105 103 47 89 107 5 43 40 39 20 98 57
Coste: 64

GENERACION: 175
Mejor Solucion:  21 124 96 97 63 120 16 24 68 117 88 106 56 100 125 101 38 72 95 81 65 114 94 69 53 92 119 61 4 41 30 51 29 36 28 31 78 8 82 22 109 54 23 0 48 9 11 75 112 1 74 52 10 116 15 19 80 84 62 108 32 86 113 118 76 71 122 121 67 58 3 37 2 17 6 55 70 104 66 7 91 50 93 35 85 49 59 26 90 14 64 46 60 27 73 110 127 126 79 13 77 111 102 83 87 25 44 99 42 45 115 12 123 18 34 33 105 103 47 89 107 5 43 40 39 20 98 57
Coste: 64

GENERACION: 180
Mejor Solucion:  21 124 96 97 63 120 16 24 68 117 88 106 56 100 125 101 38 72 95 81 65 114 94 69 53 92 119 61 4 41 30 51 29 36 28 31 78 8 82 22 109 54 23 0 48 9 11 75 112 1 74 52 10 116 15 19 80 84 62 108 32 86 113 118 76 71 122 121 67 58 3 37 2 17 6 55 70 104 66 7 91 50 93 35 85 49 59 26 90 14 64 46 60 27 73 110 127 126 79 13 77 111 102 83 87 25 44 99 42 45 115 12 123 18 34 33 105 103 47 89 107 5 43 40 39 20 98 57
Coste: 64

GENERACION: 185
Mejor Solucion:  21 124 96 97 63 120 16 24 68 117 88 106 56 100 125 101 38 72 95 81 65 114 94 69 53 92 119 61 4 41 30 51 29 36 28 31 78 8 82 22 109 54 23 0 48 9 11 75 112 1 74 52 10 116 15 19 80 84 62 108 32 86 113 118 76 71 122 121 67 58 3 37 2 17 6 55 70 104 66 7 91 50 93 35 85 49 59 26 90 14 64 46 60 27 73 110 127 126 79 13 77 111 102 83 87 25 44 99 42 45 115 12 123 18 34 33 105 103 47 89 107 5 43 40 39 20 98 57
Coste: 64

GENERACION: 190
Mejor Solucion:  21 124 96 97 63 120 16 24 68 117 88 106 56 100 125 101 38 72 95 81 65 114 94 69 53 92 119 61 4 41 30 51 29 36 28 31 78 8 82 22 109 54 23 0 48 9 11 75 112 1 74 52 10 116 15 19 80 84 62 108 32 86 113 118 76 71 122 121 67 58 3 37 2 17 6 55 70 104 66 7 91 50 93 35 85 49 59 26 90 14 64 46 60 27 73 110 127 126 79 13 77 111 102 83 87 25 44 99 42 45 115 12 123 18 34 33 105 103 47 89 107 5 43 40 39 20 98 57
Coste: 64

GENERACION: 195
Mejor Solucion:  21 124 96 97 63 120 16 24 68 117 88 106 56 100 125 101 38 72 95 81 65 114 94 69 53 92 119 61 4 41 30 51 29 36 28 31 78 8 82 22 109 54 23 0 48 9 11 75 112 1 74 52 10 116 15 19 80 84 62 108 32 86 113 118 76 71 122 121 67 58 3 37 2 17 6 55 70 104 66 7 91 50 93 35 85 49 59 26 90 14 64 46 60 27 73 110 127 126 79 13 77 111 102 83 87 25 44 99 42 45 115 12 123 18 34 33 105 103 47 89 107 5 43 40 39 20 98 57
Coste: 64

GENERACION: 200
Mejor Solucion:  21 124 96 97 63 120 16 24 68 117 88 106 56 100 125 101 38 72 95 81 65 114 94 69 53 92 119 61 4 41 30 51 29 36 28 31 78 8 82 22 109 54 23 0 48 9 11 75 112 1 74 52 10 116 15 19 80 84 62 108 32 86 113 118 76 71 122 121 67 58 3 37 2 17 6 55 70 104 66 7 91 50 93 35 85 49 59 26 90 14 64 46 60 27 73 110 127 126 79 13 77 111 102 83 87 25 44 99 42 45 115 12 123 18 34 33 105 103 47 89 107 5 43 40 39 20 98 57
Coste: 64

GENERACION: 205
Mejor Solucion:  21 124 96 97 63 120 16 24 68 117 88 106 56 100 125 101 38 72 95 81 65 114 94 69 53 92 119 61 4 41 30 51 29 36 28 31 78 8 82 22 109 54 23 0 48 9 11 75 112 1 74 52 10 116 15 19 80 84 62 108 32 86 113 118 76 71 122 121 67 58 3 37 2 17 6 55 70 104 66 7 91 50 93 35 85 49 59 26 90 14 64 46 60 27 73 110 127 126 79 13 77 111 102 83 87 25 44 99 42 45 115 12 123 18 34 33 105 103 47 89 107 5 43 40 39 20 98 57
Coste: 64

GENERACION: 210
Mejor Solucion:  21 124 96 97 63 120 16 24 68 117 88 106 56 100 125 101 38 72 95 81 65 114 94 69 53 92 119 61 4 41 30 51 29 36 28 31 78 8 82 22 109 54 23 0 48 9 11 75 112 1 74 52 10 116 15 19 80 84 62 108 32 86 113 118 76 71 122 121 67 58 3 37 2 17 6 55 70 104 66 7 91 50 93 35 85 49 59 26 90 14 64 46 60 27 73 110 127 126 79 13 77 111 102 83 87 25 44 99 42 45 115 12 123 18 34 33 105 103 47 89 107 5 43 40 39 20 98 57
Coste: 64

GENERACION: 215
Mejor Solucion:  21 124 96 97 63 120 16 24 68 117 88 106 56 100 125 101 38 72 95 81 65 114 94 69 53 92 119 61 4 41 30 51 29 36 28 31 78 8 82 22 109 54 23 0 48 9 11 75 112 1 74 52 10 116 15 19 80 84 62 108 32 86 113 118 76 71 122 121 67 58 3 37 2 17 6 55 70 104 66 7 91 50 93 35 85 49 59 26 90 14 64 46 60 27 73 110 127 126 79 13 77 111 102 83 87 25 44 99 42 45 115 12 123 18 34 33 105 103 47 89 107 5 43 40 39 20 98 57
Coste: 64

GENERACION: 220
Mejor Solucion:  21 124 96 97 63 120 16 24 68 117 88 106 56 100 125 101 38 72 95 81 65 114 94 69 53 92 119 61 4 41 30 51 29 36 28 31 78 8 82 22 109 54 23 0 48 9 11 75 112 1 74 52 10 116 15 19 80 84 62 108 32 86 113 118 76 71 122 121 67 58 3 37 2 17 6 55 70 104 66 7 91 50 93 35 85 49 59 26 90 14 64 46 60 27 73 110 127 126 79 13 77 111 102 83 87 25 44 99 42 45 115 12 123 18 34 33 105 103 47 89 107 5 43 40 39 20 98 57
Coste: 64

GENERACION: 225
Mejor Solucion:  21 124 96 97 63 120 16 24 68 117 88 106 56 100 125 101 38 72 95 81 65 114 94 69 53 92 119 61 4 41 30 51 29 36 28 31 78 8 82 22 109 54 23 0 48 9 11 75 112 1 74 52 10 116 15 19 80 84 62 108 32 86 113 118 76 71 122 121 67 58 3 37 2 17 6 55 70 104 66 7 91 50 93 35 85 49 59 26 90 14 64 46 60 27 73 110 127 126 79 13 77 111 102 83 87 25 44 99 42 45 115 12 123 18 34 33 105 103 47 89 107 5 43 40 39 20 98 57
Coste: 64

GENERACION: 230
Mejor Solucion:  21 124 96 97 63 120 16 24 68 117 88 106 56 100 125 101 38 72 95 81 65 114 94 69 53 92 119 61 4 41 30 51 29 36 28 31 78 8 82 22 109 54 23 0 48 9 11 75 112 1 74 52 10 116 15 19 80 84 62 108 32 86 113 118 76 71 122 121 67 58 3 37 2 17 6 55 70 104 66 7 91 50 93 35 85 49 59 26 90 14 64 46 60 27 73 110 127 126 79 13 77 111 102 83 87 25 44 99 42 45 115 12 123 18 34 33 105 103 47 89 107 5 43 40 39 20 98 57
Coste: 64

GENERACION: 235
Mejor Solucion:  21 124 96 97 63 120 16 24 68 117 88 106 56 100 125 101 38 72 95 81 65 114 94 69 53 92 119 61 4 41 30 51 29 36 28 31 78 8 82 22 109 54 23 0 48 9 11 75 112 1 74 52 10 116 15 19 80 84 62 108 32 86 113 118 76 71 122 121 67 58 3 37 2 17 6 55 70 104 66 7 91 50 93 35 85 49 59 26 90 14 64 46 60 27 73 110 127 126 79 13 77 111 102 83 87 25 44 99 42 45 115 12 123 18 34 33 105 103 47 89 107 5 43 40 39 20 98 57
Coste: 64

GENERACION: 240
Mejor Solucion:  21 124 96 97 63 120 16 24 68 117 88 106 56 100 125 101 38 72 95 81 65 114 94 69 53 92 119 61 4 41 30 51 29 36 28 31 78 8 82 22 109 54 23 0 48 9 11 75 112 1 74 52 10 116 15 19 80 84 62 108 32 86 113 118 76 71 122 121 67 58 3 37 2 17 6 55 70 104 66 7 91 50 93 35 85 49 59 26 90 14 64 46 60 27 73 110 127 126 79 13 77 111 102 83 87 25 44 99 42 45 115 12 123 18 34 33 105 103 47 89 107 5 43 40 39 20 98 57
Coste: 64

GENERACION: 245
Mejor Solucion:  21 124 96 97 63 120 16 24 68 117 88 106 56 100 125 101 38 72 95 81 65 114 94 69 53 92 119 61 4 41 30 51 29 36 28 31 78 8 82 22 109 54 23 0 48 9 11 75 112 1 74 52 10 116 15 19 80 84 62 108 32 86 113 118 76 71 122 121 67 58 3 37 2 17 6 55 70 104 66 7 91 50 93 35 85 49 59 26 90 14 64 46 60 27 73 110 127 126 79 13 77 111 102 83 87 25 44 99 42 45 115 12 123 18 34 33 105 103 47 89 107 5 43 40 39 20 98 57
Coste: 64

GENERACION: 250
Mejor Solucion:  21 124 96 97 63 120 16 24 68 117 88 106 56 100 125 101 38 72 95 81 65 114 94 69 53 92 119 61 4 41 30 51 29 36 28 31 78 8 82 22 109 54 23 0 48 9 11 75 112 1 74 52 10 116 15 19 80 84 62 108 32 86 113 118 76 71 122 121 67 58 3 37 2 17 6 55 70 104 66 7 91 50 93 35 85 49 59 26 90 14 64 46 60 27 73 110 127 126 79 13 77 111 102 83 87 25 44 99 42 45 115 12 123 18 34 33 105 103 47 89 107 5 43 40 39 20 98 57
Coste: 64

GENERACION: 255
Mejor Solucion:  21 124 96 97 63 120 16 24 68 117 88 106 56 100 125 101 38 72 95 81 65 114 94 69 53 92 119 61 4 41 30 51 29 36 28 31 78 8 82 22 109 54 23 0 48 9 11 75 112 1 74 52 10 116 15 19 80 84 62 108 32 86 113 118 76 71 122 121 67 58 3 37 2 17 6 55 70 104 66 7 91 50 93 35 85 49 59 26 90 14 64 46 60 27 73 110 127 126 79 13 77 111 102 83 87 25 44 99 42 45 115 12 123 18 34 33 105 103 47 89 107 5 43 40 39 20 98 57
Coste: 64

GENERACION: 260
Mejor Solucion:  21 124 96 97 63 120 16 24 68 117 88 106 56 100 125 101 38 72 95 81 65 114 94 69 53 92 119 61 4 41 30 51 29 36 28 31 78 8 82 22 109 54 23 0 48 9 11 75 112 1 74 52 10 116 15 19 80 84 62 108 32 86 113 118 76 71 122 121 67 58 3 37 2 17 6 55 70 104 66 7 91 50 93 35 85 49 59 26 90 14 64 46 60 27 73 110 127 126 79 13 77 111 102 83 87 25 44 99 42 45 115 12 123 18 34 33 105 103 47 89 107 5 43 40 39 20 98 57
Coste: 64

GENERACION: 265
Mejor Solucion:  21 124 96 97 63 120 16 24 68 117 88 106 56 100 125 101 38 72 95 81 65 114 94 69 53 92 119 61 4 41 30 51 29 36 28 31 78 8 82 22 109 54 23 0 48 9 11 75 112 1 74 52 10 116 15 19 80 84 62 108 32 86 113 118 76 71 122 121 67 58 3 37 2 17 6 55 70 104 66 7 91 50 93 35 85 49 59 26 90 14 64 46 60 27 73 110 127 126 79 13 77 111 102 83 87 25 44 99 42 45 115 12 123 18 34 33 105 103 47 89 107 5 43 40 39 20 98 57
Coste: 64

GENERACION: 270
Mejor Solucion:  21 124 96 97 63 120 16 24 68 117 88 106 56 100 125 101 38 72 95 81 65 114 94 69 53 92 119 61 4 41 30 51 29 36 28 31 78 8 82 22 109 54 23 0 48 9 11 75 112 1 74 52 10 116 15 19 80 84 62 108 32 86 113 118 76 71 122 121 67 58 3 37 2 17 6 55 70 104 66 7 91 50 93 35 85 49 59 26 90 14 64 46 60 27 73 110 127 126 79 13 77 111 102 83 87 25 44 99 42 45 115 12 123 18 34 33 105 103 47 89 107 5 43 40 39 20 98 57
Coste: 64

GENERACION: 275
Mejor Solucion:  21 124 96 97 63 120 16 24 68 117 88 106 56 100 125 101 38 72 95 81 65 114 94 69 53 92 119 61 4 41 30 51 29 36 28 31 78 8 82 22 109 54 23 0 48 9 11 75 112 1 74 52 10 116 15 19 80 84 62 108 32 86 113 118 76 71 122 121 67 58 3 37 2 17 6 55 70 104 66 7 91 50 93 35 85 49 59 26 90 14 64 46 60 27 73 110 127 126 79 13 77 111 102 83 87 25 44 99 42 45 115 12 123 18 34 33 105 103 47 89 107 5 43 40 39 20 98 57
Coste: 64

GENERACION: 280
Mejor Solucion:  21 124 96 97 63 120 16 24 68 117 88 106 56 100 125 101 38 72 95 81 65 114 94 69 53 92 119 61 4 41 30 51 29 36 28 31 78 8 82 22 109 54 23 0 48 9 11 75 112 1 74 52 10 116 15 19 80 84 62 108 32 86 113 118 76 71 122 121 67 58 3 37 2 17 6 55 70 104 66 7 91 50 93 35 85 49 59 26 90 14 64 46 60 27 73 110 127 126 79 13 77 111 102 83 87 25 44 99 42 45 115 12 123 18 34 33 105 103 47 89 107 5 43 40 39 20 98 57
Coste: 64

GENERACION: 285
Mejor Solucion:  21 124 96 97 63 120 16 24 68 117 88 106 56 100 125 101 38 72 95 81 65 114 94 69 53 92 119 61 4 41 30 51 29 36 28 31 78 8 82 22 109 54 23 0 48 9 11 75 112 1 74 52 10 116 15 19 80 84 62 108 32 86 113 118 76 71 122 121 67 58 3 37 2 17 6 55 70 104 66 7 91 50 93 35 85 49 59 26 90 14 64 46 60 27 73 110 127 126 79 13 77 111 102 83 87 25 44 99 42 45 115 12 123 18 34 33 105 103 47 89 107 5 43 40 39 20 98 57
Coste: 64

GENERACION: 290
Mejor Solucion:  21 124 96 97 63 120 16 24 68 117 88 106 56 100 125 101 38 72 95 81 65 114 94 69 53 92 119 61 4 41 30 51 29 36 28 31 78 8 82 22 109 54 23 0 48 9 11 75 112 1 74 52 10 116 15 19 80 84 62 108 32 86 113 118 76 71 122 121 67 58 3 37 2 17 6 55 70 104 66 7 91 50 93 35 85 49 59 26 90 14 64 46 60 27 73 110 127 126 79 13 77 111 102 83 87 25 44 99 42 45 115 12 123 18 34 33 105 103 47 89 107 5 43 40 39 20 98 57
Coste: 64

GENERACION: 295
Mejor Solucion:  21 124 96 97 63 120 16 24 68 117 88 106 56 100 125 101 38 72 95 81 65 114 94 69 53 92 119 61 4 41 30 51 29 36 28 31 78 8 82 22 109 54 23 0 48 9 11 75 112 1 74 52 10 116 15 19 80 84 62 108 32 86 113 118 76 71 122 121 67 58 3 37 2 17 6 55 70 104 66 7 91 50 93 35 85 49 59 26 90 14 64 46 60 27 73 110 127 126 79 13 77 111 102 83 87 25 44 99 42 45 115 12 123 18 34 33 105 103 47 89 107 5 43 40 39 20 98 57
Coste: 64

GENERACION: 300
Mejor Solucion:  21 124 96 97 63 120 16 24 68 117 88 106 56 100 125 101 38 72 95 81 65 114 94 69 53 92 119 61 4 41 30 51 29 36 28 31 78 8 82 22 109 54 23 0 48 9 11 75 112 1 74 52 10 116 15 19 80 84 62 108 32 86 113 118 76 71 122 121 67 58 3 37 2 17 6 55 70 104 66 7 91 50 93 35 85 49 59 26 90 14 64 46 60 27 73 110 127 126 79 13 77 111 102 83 87 25 44 99 42 45 115 12 123 18 34 33 105 103 47 89 107 5 43 40 39 20 98 57
Coste: 64

GENERACION: 305
Mejor Solucion:  21 124 96 97 63 120 16 24 68 117 88 106 56 100 125 101 38 72 95 81 65 114 94 69 53 92 119 61 4 41 30 51 29 36 28 31 78 8 82 22 109 54 23 0 48 9 11 75 112 1 74 52 10 116 15 19 80 84 62 108 32 86 113 118 76 71 122 121 67 58 3 37 2 17 6 55 70 104 66 7 91 50 93 35 85 49 59 26 90 14 64 46 60 27 73 110 127 126 79 13 77 111 102 83 87 25 44 99 42 45 115 12 123 18 34 33 105 103 47 89 107 5 43 40 39 20 98 57
Coste: 64

GENERACION: 310
Mejor Solucion:  21 124 96 97 63 120 16 24 68 117 88 106 56 100 125 101 38 72 95 81 65 114 94 69 53 92 119 61 4 41 30 51 29 36 28 31 78 8 82 22 109 54 23 0 48 9 11 75 112 1 74 52 10 116 15 19 80 84 62 108 32 86 113 118 76 71 122 121 67 58 3 37 2 17 6 55 70 104 66 7 91 50 93 35 85 49 59 26 90 14 64 46 60 27 73 110 127 126 79 13 77 111 102 83 87 25 44 99 42 45 115 12 123 18 34 33 105 103 47 89 107 5 43 40 39 20 98 57
Coste: 64

GENERACION: 315
Mejor Solucion:  21 124 96 97 63 120 16 24 68 117 88 106 56 100 125 101 38 72 95 81 65 114 94 69 53 92 119 61 4 41 30 51 29 36 28 31 78 8 82 22 109 54 23 0 48 9 11 75 112 1 74 52 10 116 15 19 80 84 62 108 32 86 113 118 76 71 122 121 67 58 3 37 2 17 6 55 70 104 66 7 91 50 93 35 85 49 59 26 90 14 64 46 60 27 73 110 127 126 79 13 77 111 102 83 87 25 44 99 42 45 115 12 123 18 34 33 105 103 47 89 107 5 43 40 39 20 98 57
Coste: 64

GENERACION: 320
Mejor Solucion:  21 124 96 97 63 120 16 24 68 117 88 106 56 100 125 101 38 72 95 81 65 114 94 69 53 92 119 61 4 41 30 51 29 36 28 31 78 8 82 22 109 54 23 0 48 9 11 75 112 1 74 52 10 116 15 19 80 84 62 108 32 86 113 118 76 71 122 121 67 58 3 37 2 17 6 55 70 104 66 7 91 50 93 35 85 49 59 26 90 14 64 46 60 27 73 110 127 126 79 13 77 111 102 83 87 25 44 99 42 45 115 12 123 18 34 33 105 103 47 89 107 5 43 40 39 20 98 57
Coste: 64

GENERACION: 325
Mejor Solucion:  21 124 96 97 63 120 16 24 68 117 88 106 56 100 125 101 38 72 95 81 65 114 94 69 53 92 119 61 4 41 30 51 29 36 28 31 78 8 82 22 109 54 23 0 48 9 11 75 112 1 74 52 10 116 15 19 80 84 62 108 32 86 113 118 76 71 122 121 67 58 3 37 2 17 6 55 70 104 66 7 91 50 93 35 85 49 59 26 90 14 64 46 60 27 73 110 127 126 79 13 77 111 102 83 87 25 44 99 42 45 115 12 123 18 34 33 105 103 47 89 107 5 43 40 39 20 98 57
Coste: 64

GENERACION: 330
Mejor Solucion:  21 124 96 97 63 120 16 24 68 117 88 106 56 100 125 101 38 72 95 81 65 114 94 69 53 92 119 61 4 41 30 51 29 36 28 31 78 8 82 22 109 54 23 0 48 9 11 75 112 1 74 52 10 116 15 19 80 84 62 108 32 86 113 118 76 71 122 121 67 58 3 37 2 17 6 55 70 104 66 7 91 50 93 35 85 49 59 26 90 14 64 46 60 27 73 110 127 126 79 13 77 111 102 83 87 25 44 99 42 45 115 12 123 18 34 33 105 103 47 89 107 5 43 40 39 20 98 57
Coste: 64

GENERACION: 335
Mejor Solucion:  21 124 96 97 63 120 16 24 68 117 88 106 56 100 125 101 38 72 95 81 65 114 94 69 53 92 119 61 4 41 30 51 29 36 28 31 78 8 82 22 109 54 23 0 48 9 11 75 112 1 74 52 10 116 15 19 80 84 62 108 32 86 113 118 76 71 122 121 67 58 3 37 2 17 6 55 70 104 66 7 91 50 93 35 85 49 59 26 90 14 64 46 60 27 73 110 127 126 79 13 77 111 102 83 87 25 44 99 42 45 115 12 123 18 34 33 105 103 47 89 107 5 43 40 39 20 98 57
Coste: 64

GENERACION: 340
Mejor Solucion:  21 124 96 97 63 120 16 24 68 117 88 106 56 100 125 101 38 72 95 81 65 114 94 69 53 92 119 61 4 41 30 51 29 36 28 31 78 8 82 22 109 54 23 0 48 9 11 75 112 1 74 52 10 116 15 19 80 84 62 108 32 86 113 118 76 71 122 121 67 58 3 37 2 17 6 55 70 104 66 7 91 50 93 35 85 49 59 26 90 14 64 46 60 27 73 110 127 126 79 13 77 111 102 83 87 25 44 99 42 45 115 12 123 18 34 33 105 103 47 89 107 5 43 40 39 20 98 57
Coste: 64

GENERACION: 345
Mejor Solucion:  21 124 96 97 63 120 16 24 68 117 88 106 56 100 125 101 38 72 95 81 65 114 94 69 53 92 119 61 4 41 30 51 29 36 28 31 78 8 82 22 109 54 23 0 48 9 11 75 112 1 74 52 10 116 15 19 80 84 62 108 32 86 113 118 76 71 122 121 67 58 3 37 2 17 6 55 70 104 66 7 91 50 93 35 85 49 59 26 90 14 64 46 60 27 73 110 127 126 79 13 77 111 102 83 87 25 44 99 42 45 115 12 123 18 34 33 105 103 47 89 107 5 43 40 39 20 98 57
Coste: 64

GENERACION: 350
Mejor Solucion:  21 124 96 97 63 120 16 24 68 117 88 106 56 100 125 101 38 72 95 81 65 114 94 69 53 92 119 61 4 41 30 51 29 36 28 31 78 8 82 22 109 54 23 0 48 9 11 75 112 1 74 52 10 116 15 19 80 84 62 108 32 86 113 118 76 71 122 121 67 58 3 37 2 17 6 55 70 104 66 7 91 50 93 35 85 49 59 26 90 14 64 46 60 27 73 110 127 126 79 13 77 111 102 83 87 25 44 99 42 45 115 12 123 18 34 33 105 103 47 89 107 5 43 40 39 20 98 57
Coste: 64

GENERACION: 355
Mejor Solucion:  21 124 96 97 63 120 16 24 68 117 88 106 56 100 125 101 38 72 95 81 65 114 94 69 53 92 119 61 4 41 30 51 29 36 28 31 78 8 82 22 109 54 23 0 48 9 11 75 112 1 74 52 10 116 15 19 80 84 62 108 32 86 113 118 76 71 122 121 67 58 3 37 2 17 6 55 70 104 66 7 91 50 93 35 85 49 59 26 90 14 64 46 60 27 73 110 127 126 79 13 77 111 102 83 87 25 44 99 42 45 115 12 123 18 34 33 105 103 47 89 107 5 43 40 39 20 98 57
Coste: 64

GENERACION: 360
Mejor Solucion:  21 124 96 97 63 120 16 24 68 117 88 106 56 100 125 101 38 72 95 81 65 114 94 69 53 92 119 61 4 41 30 51 29 36 28 31 78 8 82 22 109 54 23 0 48 9 11 75 112 1 74 52 10 116 15 19 80 84 62 108 32 86 113 118 76 71 122 121 67 58 3 37 2 17 6 55 70 104 66 7 91 50 93 35 85 49 59 26 90 14 64 46 60 27 73 110 127 126 79 13 77 111 102 83 87 25 44 99 42 45 115 12 123 18 34 33 105 103 47 89 107 5 43 40 39 20 98 57
Coste: 64

GENERACION: 365
Mejor Solucion:  21 124 96 97 63 120 16 24 68 117 88 106 56 100 125 101 38 72 95 81 65 114 94 69 53 92 119 61 4 41 30 51 29 36 28 31 78 8 82 22 109 54 23 0 48 9 11 75 112 1 74 52 10 116 15 19 80 84 62 108 32 86 113 118 76 71 122 121 67 58 3 37 2 17 6 55 70 104 66 7 91 50 93 35 85 49 59 26 90 14 64 46 60 27 73 110 127 126 79 13 77 111 102 83 87 25 44 99 42 45 115 12 123 18 34 33 105 103 47 89 107 5 43 40 39 20 98 57
Coste: 64

GENERACION: 370
Mejor Solucion:  21 124 96 97 63 120 16 24 68 117 88 106 56 100 125 101 38 72 95 81 65 114 94 69 53 92 119 61 4 41 30 51 29 36 28 31 78 8 82 22 109 54 23 0 48 9 11 75 112 1 74 52 10 116 15 19 80 84 62 108 32 86 113 118 76 71 122 121 67 58 3 37 2 17 6 55 70 104 66 7 91 50 93 35 85 49 59 26 90 14 64 46 60 27 73 110 127 126 79 13 77 111 102 83 87 25 44 99 42 45 115 12 123 18 34 33 105 103 47 89 107 5 43 40 39 20 98 57
Coste: 64

GENERACION: 375
Mejor Solucion:  21 124 96 97 63 120 16 24 68 117 88 106 56 100 125 101 38 72 95 81 65 114 94 69 53 92 119 61 4 41 30 51 29 36 28 31 78 8 82 22 109 54 23 0 48 9 11 75 112 1 74 52 10 116 15 19 80 84 62 108 32 86 113 118 76 71 122 121 67 58 3 37 2 17 6 55 70 104 66 7 91 50 93 35 85 49 59 26 90 14 64 46 60 27 73 110 127 126 79 13 77 111 102 83 87 25 44 99 42 45 115 12 123 18 34 33 105 103 47 89 107 5 43 40 39 20 98 57
Coste: 64

GENERACION: 380
Mejor Solucion:  21 124 96 97 63 120 16 24 68 117 88 106 56 100 125 101 38 72 95 81 65 114 94 69 53 92 119 61 4 41 30 51 29 36 28 31 78 8 82 22 109 54 23 0 48 9 11 75 112 1 74 52 10 116 15 19 80 84 62 108 32 86 113 118 76 71 122 121 67 58 3 37 2 17 6 55 70 104 66 7 91 50 93 35 85 49 59 26 90 14 64 46 60 27 73 110 127 126 79 13 77 111 102 83 87 25 44 99 42 45 115 12 123 18 34 33 105 103 47 89 107 5 43 40 39 20 98 57
Coste: 64

GENERACION: 385
Mejor Solucion:  21 124 96 97 63 120 16 24 68 117 88 106 56 100 125 101 38 72 95 81 65 114 94 69 53 92 119 61 4 41 30 51 29 36 28 31 78 8 82 22 109 54 23 0 48 9 11 75 112 1 74 52 10 116 15 19 80 84 62 108 32 86 113 118 76 71 122 121 67 58 3 37 2 17 6 55 70 104 66 7 91 50 93 35 85 49 59 26 90 14 64 46 60 27 73 110 127 126 79 13 77 111 102 83 87 25 44 99 42 45 115 12 123 18 34 33 105 103 47 89 107 5 43 40 39 20 98 57
Coste: 64

GENERACION: 390
Mejor Solucion:  21 124 96 97 63 120 16 24 68 117 88 106 56 100 125 101 38 72 95 81 65 114 94 69 53 92 119 61 4 41 30 51 29 36 28 31 78 8 82 22 109 54 23 0 48 9 11 75 112 1 74 52 10 116 15 19 80 84 62 108 32 86 113 118 76 71 122 121 67 58 3 37 2 17 6 55 70 104 66 7 91 50 93 35 85 49 59 26 90 14 64 46 60 27 73 110 127 126 79 13 77 111 102 83 87 25 44 99 42 45 115 12 123 18 34 33 105 103 47 89 107 5 43 40 39 20 98 57
Coste: 64

GENERACION: 395
Mejor Solucion:  21 124 96 97 63 120 16 24 68 117 88 106 56 100 125 101 38 72 95 81 65 114 94 69 53 92 119 61 4 41 30 51 29 36 28 31 78 8 82 22 109 54 23 0 48 9 11 75 112 1 74 52 10 116 15 19 80 84 62 108 32 86 113 118 76 71 122 121 67 58 3 37 2 17 6 55 70 104 66 7 91 50 93 35 85 49 59 26 90 14 64 46 60 27 73 110 127 126 79 13 77 111 102 83 87 25 44 99 42 45 115 12 123 18 34 33 105 103 47 89 107 5 43 40 39 20 98 57
Coste: 64

GENERACION: 400
Mejor Solucion:  21 124 96 97 63 120 16 24 68 117 88 106 56 100 125 101 38 72 95 81 65 114 94 69 53 92 119 61 4 41 30 51 29 36 28 31 78 8 82 22 109 54 23 0 48 9 11 75 112 1 74 52 10 116 15 19 80 84 62 108 32 86 113 118 76 71 122 121 67 58 3 37 2 17 6 55 70 104 66 7 91 50 93 35 85 49 59 26 90 14 64 46 60 27 73 110 127 126 79 13 77 111 102 83 87 25 44 99 42 45 115 12 123 18 34 33 105 103 47 89 107 5 43 40 39 20 98 57
Coste: 64

GENERACION: 405
Mejor Solucion:  21 124 96 97 63 120 16 24 68 117 88 106 56 100 125 101 38 72 95 81 65 114 94 69 53 92 119 61 4 41 30 51 29 36 28 31 78 8 82 22 109 54 23 0 48 9 11 75 112 1 74 52 10 116 15 19 80 84 62 108 32 86 113 118 76 71 122 121 67 58 3 37 2 17 6 55 70 104 66 7 91 50 93 35 85 49 59 26 90 14 64 46 60 27 73 110 127 126 79 13 77 111 102 83 87 25 44 99 42 45 115 12 123 18 34 33 105 103 47 89 107 5 43 40 39 20 98 57
Coste: 64

GENERACION: 410
Mejor Solucion:  21 124 96 97 63 120 16 24 68 117 88 106 56 100 125 101 38 72 95 81 65 114 94 69 53 92 119 61 4 41 30 51 29 36 28 31 78 8 82 22 109 54 23 0 48 9 11 75 112 1 74 52 10 116 15 19 80 84 62 108 32 86 113 118 76 71 122 121 67 58 3 37 2 17 6 55 70 104 66 7 91 50 93 35 85 49 59 26 90 14 64 46 60 27 73 110 127 126 79 13 77 111 102 83 87 25 44 99 42 45 115 12 123 18 34 33 105 103 47 89 107 5 43 40 39 20 98 57
Coste: 64

GENERACION: 415
Mejor Solucion:  21 124 96 97 63 120 16 24 68 117 88 106 56 100 125 101 38 72 95 81 65 114 94 69 53 92 119 61 4 41 30 51 29 36 28 31 78 8 82 22 109 54 23 0 48 9 11 75 112 1 74 52 10 116 15 19 80 84 62 108 32 86 113 118 76 71 122 121 67 58 3 37 2 17 6 55 70 104 66 7 91 50 93 35 85 49 59 26 90 14 64 46 60 27 73 110 127 126 79 13 77 111 102 83 87 25 44 99 42 45 115 12 123 18 34 33 105 103 47 89 107 5 43 40 39 20 98 57
Coste: 64

GENERACION: 420
Mejor Solucion:  21 124 96 97 63 120 16 24 68 117 88 106 56 100 125 101 38 72 95 81 65 114 94 69 53 92 119 61 4 41 30 51 29 36 28 31 78 8 82 22 109 54 23 0 48 9 11 75 112 1 74 52 10 116 15 19 80 84 62 108 32 86 113 118 76 71 122 121 67 58 3 37 2 17 6 55 70 104 66 7 91 50 93 35 85 49 59 26 90 14 64 46 60 27 73 110 127 126 79 13 77 111 102 83 87 25 44 99 42 45 115 12 123 18 34 33 105 103 47 89 107 5 43 40 39 20 98 57
Coste: 64

GENERACION: 425
Mejor Solucion:  21 124 96 97 63 120 16 24 68 117 88 106 56 100 125 101 38 72 95 81 65 114 94 69 53 92 119 61 4 41 30 51 29 36 28 31 78 8 82 22 109 54 23 0 48 9 11 75 112 1 74 52 10 116 15 19 80 84 62 108 32 86 113 118 76 71 122 121 67 58 3 37 2 17 6 55 70 104 66 7 91 50 93 35 85 49 59 26 90 14 64 46 60 27 73 110 127 126 79 13 77 111 102 83 87 25 44 99 42 45 115 12 123 18 34 33 105 103 47 89 107 5 43 40 39 20 98 57
Coste: 64

GENERACION: 430
Mejor Solucion:  21 124 96 97 63 120 16 24 68 117 88 106 56 100 125 101 38 72 95 81 65 114 94 69 53 92 119 61 4 41 30 51 29 36 28 31 78 8 82 22 109 54 23 0 48 9 11 75 112 1 74 52 10 116 15 19 80 84 62 108 32 86 113 118 76 71 122 121 67 58 3 37 2 17 6 55 70 104 66 7 91 50 93 35 85 49 59 26 90 14 64 46 60 27 73 110 127 126 79 13 77 111 102 83 87 25 44 99 42 45 115 12 123 18 34 33 105 103 47 89 107 5 43 40 39 20 98 57
Coste: 64

GENERACION: 435
Mejor Solucion:  21 124 96 97 63 120 16 24 68 117 88 106 56 100 125 101 38 72 95 81 65 114 94 69 53 92 119 61 4 41 30 51 29 36 28 31 78 8 82 22 109 54 23 0 48 9 11 75 112 1 74 52 10 116 15 19 80 84 62 108 32 86 113 118 76 71 122 121 67 58 3 37 2 17 6 55 70 104 66 7 91 50 93 35 85 49 59 26 90 14 64 46 60 27 73 110 127 126 79 13 77 111 102 83 87 25 44 99 42 45 115 12 123 18 34 33 105 103 47 89 107 5 43 40 39 20 98 57
Coste: 64

GENERACION: 440
Mejor Solucion:  21 124 96 97 63 120 16 24 68 117 88 106 56 100 125 101 38 72 95 81 65 114 94 69 53 92 119 61 4 41 30 51 29 36 28 31 78 8 82 22 109 54 23 0 48 9 11 75 112 1 74 52 10 116 15 19 80 84 62 108 32 86 113 118 76 71 122 121 67 58 3 37 2 17 6 55 70 104 66 7 91 50 93 35 85 49 59 26 90 14 64 46 60 27 73 110 127 126 79 13 77 111 102 83 87 25 44 99 42 45 115 12 123 18 34 33 105 103 47 89 107 5 43 40 39 20 98 57
Coste: 64

GENERACION: 445
Mejor Solucion:  21 124 96 97 63 120 16 24 68 117 88 106 56 100 125 101 38 72 95 81 65 114 94 69 53 92 119 61 4 41 30 51 29 36 28 31 78 8 82 22 109 54 23 0 48 9 11 75 112 1 74 52 10 116 15 19 80 84 62 108 32 86 113 118 76 71 122 121 67 58 3 37 2 17 6 55 70 104 66 7 91 50 93 35 85 49 59 26 90 14 64 46 60 27 73 110 127 126 79 13 77 111 102 83 87 25 44 99 42 45 115 12 123 18 34 33 105 103 47 89 107 5 43 40 39 20 98 57
Coste: 64

GENERACION: 450
Mejor Solucion:  21 124 96 97 63 120 16 24 68 117 88 106 56 100 125 101 38 72 95 81 65 114 94 69 53 92 119 61 4 41 30 51 29 36 28 31 78 8 82 22 109 54 23 0 48 9 11 75 112 1 74 52 10 116 15 19 80 84 62 108 32 86 113 118 76 71 122 121 67 58 3 37 2 17 6 55 70 104 66 7 91 50 93 35 85 49 59 26 90 14 64 46 60 27 73 110 127 126 79 13 77 111 102 83 87 25 44 99 42 45 115 12 123 18 34 33 105 103 47 89 107 5 43 40 39 20 98 57
Coste: 64

GENERACION: 455
Mejor Solucion:  21 124 96 97 63 120 16 24 68 117 88 106 56 100 125 101 38 72 95 81 65 114 94 69 53 92 119 61 4 41 30 51 29 36 28 31 78 8 82 22 109 54 23 0 48 9 11 75 112 1 74 52 10 116 15 19 80 84 62 108 32 86 113 118 76 71 122 121 67 58 3 37 2 17 6 55 70 104 66 7 91 50 93 35 85 49 59 26 90 14 64 46 60 27 73 110 127 126 79 13 77 111 102 83 87 25 44 99 42 45 115 12 123 18 34 33 105 103 47 89 107 5 43 40 39 20 98 57
Coste: 64

GENERACION: 460
Mejor Solucion:  21 124 96 97 63 120 16 24 68 117 88 106 56 100 125 101 38 72 95 81 65 114 94 69 53 92 119 61 4 41 30 51 29 36 28 31 78 8 82 22 109 54 23 0 48 9 11 75 112 1 74 52 10 116 15 19 80 84 62 108 32 86 113 118 76 71 122 121 67 58 3 37 2 17 6 55 70 104 66 7 91 50 93 35 85 49 59 26 90 14 64 46 60 27 73 110 127 126 79 13 77 111 102 83 87 25 44 99 42 45 115 12 123 18 34 33 105 103 47 89 107 5 43 40 39 20 98 57
Coste: 64

GENERACION: 465
Mejor Solucion:  21 124 96 97 63 120 16 24 68 117 88 106 56 100 125 101 38 72 95 81 65 114 94 69 53 92 119 61 4 41 30 51 29 36 28 31 78 8 82 22 109 54 23 0 48 9 11 75 112 1 74 52 10 116 15 19 80 84 62 108 32 86 113 118 76 71 122 121 67 58 3 37 2 17 6 55 70 104 66 7 91 50 93 35 85 49 59 26 90 14 64 46 60 27 73 110 127 126 79 13 77 111 102 83 87 25 44 99 42 45 115 12 123 18 34 33 105 103 47 89 107 5 43 40 39 20 98 57
Coste: 64

GENERACION: 470
Mejor Solucion:  21 124 96 97 63 120 16 24 68 117 88 106 56 100 125 101 38 72 95 81 65 114 94 69 53 92 119 61 4 41 30 51 29 36 28 31 78 8 82 22 109 54 23 0 48 9 11 75 112 1 74 52 10 116 15 19 80 84 62 108 32 86 113 118 76 71 122 121 67 58 3 37 2 17 6 55 70 104 66 7 91 50 93 35 85 49 59 26 90 14 64 46 60 27 73 110 127 126 79 13 77 111 102 83 87 25 44 99 42 45 115 12 123 18 34 33 105 103 47 89 107 5 43 40 39 20 98 57
Coste: 64

GENERACION: 475
Mejor Solucion:  21 124 96 97 63 120 16 24 68 117 88 106 56 100 125 101 38 72 95 81 65 114 94 69 53 92 119 61 4 41 30 51 29 36 28 31 78 8 82 22 109 54 23 0 48 9 11 75 112 1 74 52 10 116 15 19 80 84 62 108 32 86 113 118 76 71 122 121 67 58 3 37 2 17 6 55 70 104 66 7 91 50 93 35 85 49 59 26 90 14 64 46 60 27 73 110 127 126 79 13 77 111 102 83 87 25 44 99 42 45 115 12 123 18 34 33 105 103 47 89 107 5 43 40 39 20 98 57
Coste: 64

GENERACION: 480
Mejor Solucion:  21 124 96 97 63 120 16 24 68 117 88 106 56 100 125 101 38 72 95 81 65 114 94 69 53 92 119 61 4 41 30 51 29 36 28 31 78 8 82 22 109 54 23 0 48 9 11 75 112 1 74 52 10 116 15 19 80 84 62 108 32 86 113 118 76 71 122 121 67 58 3 37 2 17 6 55 70 104 66 7 91 50 93 35 85 49 59 26 90 14 64 46 60 27 73 110 127 126 79 13 77 111 102 83 87 25 44 99 42 45 115 12 123 18 34 33 105 103 47 89 107 5 43 40 39 20 98 57
Coste: 64

GENERACION: 485
Mejor Solucion:  21 124 96 97 63 120 16 24 68 117 88 106 56 100 125 101 38 72 95 81 65 114 94 69 53 92 119 61 4 41 30 51 29 36 28 31 78 8 82 22 109 54 23 0 48 9 11 75 112 1 74 52 10 116 15 19 80 84 62 108 32 86 113 118 76 71 122 121 67 58 3 37 2 17 6 55 70 104 66 7 91 50 93 35 85 49 59 26 90 14 64 46 60 27 73 110 127 126 79 13 77 111 102 83 87 25 44 99 42 45 115 12 123 18 34 33 105 103 47 89 107 5 43 40 39 20 98 57
Coste: 64

GENERACION: 490
Mejor Solucion:  21 124 96 97 63 120 16 24 68 117 88 106 56 100 125 101 38 72 95 81 65 114 94 69 53 92 119 61 4 41 30 51 29 36 28 31 78 8 82 22 109 54 23 0 48 9 11 75 112 1 74 52 10 116 15 19 80 84 62 108 32 86 113 118 76 71 122 121 67 58 3 37 2 17 6 55 70 104 66 7 91 50 93 35 85 49 59 26 90 14 64 46 60 27 73 110 127 126 79 13 77 111 102 83 87 25 44 99 42 45 115 12 123 18 34 33 105 103 47 89 107 5 43 40 39 20 98 57
Coste: 64

GENERACION: 495
Mejor Solucion:  21 124 96 97 63 120 16 24 68 117 88 106 56 100 125 101 38 72 95 81 65 114 94 69 53 92 119 61 4 41 30 51 29 36 28 31 78 8 82 22 109 54 23 0 48 9 11 75 112 1 74 52 10 116 15 19 80 84 62 108 32 86 113 118 76 71 122 121 67 58 3 37 2 17 6 55 70 104 66 7 91 50 93 35 85 49 59 26 90 14 64 46 60 27 73 110 127 126 79 13 77 111 102 83 87 25 44 99 42 45 115 12 123 18 34 33 105 103 47 89 107 5 43 40 39 20 98 57
Coste: 64

GENERACION: 500
Mejor Solucion:  21 124 96 97 63 120 16 24 68 117 88 106 56 100 125 101 38 72 95 81 65 114 94 69 53 92 119 61 4 41 30 51 29 36 28 31 78 8 82 22 109 54 23 0 48 9 11 75 112 1 74 52 10 116 15 19 80 84 62 108 32 86 113 118 76 71 122 121 67 58 3 37 2 17 6 55 70 104 66 7 91 50 93 35 85 49 59 26 90 14 64 46 60 27 73 110 127 126 79 13 77 111 102 83 87 25 44 99 42 45 115 12 123 18 34 33 105 103 47 89 107 5 43 40 39 20 98 57
Coste: 64

GENERACION: 505
Mejor Solucion:  21 124 96 97 63 120 16 24 68 117 88 106 56 100 125 101 38 72 95 81 65 114 94 69 53 92 119 61 4 41 30 51 29 36 28 31 78 8 82 22 109 54 23 0 48 9 11 75 112 1 74 52 10 116 15 19 80 84 62 108 32 86 113 118 76 71 122 121 67 58 3 37 2 17 6 55 70 104 66 7 91 50 93 35 85 49 59 26 90 14 64 46 60 27 73 110 127 126 79 13 77 111 102 83 87 25 44 99 42 45 115 12 123 18 34 33 105 103 47 89 107 5 43 40 39 20 98 57
Coste: 64

GENERACION: 510
Mejor Solucion:  21 124 96 97 63 120 16 24 68 117 88 106 56 100 125 101 38 72 95 81 65 114 94 69 53 92 119 61 4 41 30 51 29 36 28 31 78 8 82 22 109 54 23 0 48 9 11 75 112 1 74 52 10 116 15 19 80 84 62 108 32 86 113 118 76 71 122 121 67 58 3 37 2 17 6 55 70 104 66 7 91 50 93 35 85 49 59 26 90 14 64 46 60 27 73 110 127 126 79 13 77 111 102 83 87 25 44 99 42 45 115 12 123 18 34 33 105 103 47 89 107 5 43 40 39 20 98 57
Coste: 64

GENERACION: 515
Mejor Solucion:  21 124 96 97 63 120 16 24 68 117 88 106 56 100 125 101 38 72 95 81 65 114 94 69 53 92 119 61 4 41 30 51 29 36 28 31 78 8 82 22 109 54 23 0 48 9 11 75 112 1 74 52 10 116 15 19 80 84 62 108 32 86 113 118 76 71 122 121 67 58 3 37 2 17 6 55 70 104 66 7 91 50 93 35 85 49 59 26 90 14 64 46 60 27 73 110 127 126 79 13 77 111 102 83 87 25 44 99 42 45 115 12 123 18 34 33 105 103 47 89 107 5 43 40 39 20 98 57
Coste: 64

GENERACION: 520
Mejor Solucion:  21 124 96 97 63 120 16 24 68 117 88 106 56 100 125 101 38 72 95 81 65 114 94 69 53 92 119 61 4 41 30 51 29 36 28 31 78 8 82 22 109 54 23 0 48 9 11 75 112 1 74 52 10 116 15 19 80 84 62 108 32 86 113 118 76 71 122 121 67 58 3 37 2 17 6 55 70 104 66 7 91 50 93 35 85 49 59 26 90 14 64 46 60 27 73 110 127 126 79 13 77 111 102 83 87 25 44 99 42 45 115 12 123 18 34 33 105 103 47 89 107 5 43 40 39 20 98 57
Coste: 64

GENERACION: 525
Mejor Solucion:  21 124 96 97 63 120 16 24 68 117 88 106 56 100 125 101 38 72 95 81 65 114 94 69 53 92 119 61 4 41 30 51 29 36 28 31 78 8 82 22 109 54 23 0 48 9 11 75 112 1 74 52 10 116 15 19 80 84 62 108 32 86 113 118 76 71 122 121 67 58 3 37 2 17 6 55 70 104 66 7 91 50 93 35 85 49 59 26 90 14 64 46 60 27 73 110 127 126 79 13 77 111 102 83 87 25 44 99 42 45 115 12 123 18 34 33 105 103 47 89 107 5 43 40 39 20 98 57
Coste: 64

GENERACION: 530
Mejor Solucion:  21 124 96 97 63 120 16 24 68 117 88 106 56 100 125 101 38 72 95 81 65 114 94 69 53 92 119 61 4 41 30 51 29 36 28 31 78 8 82 22 109 54 23 0 48 9 11 75 112 1 74 52 10 116 15 19 80 84 62 108 32 86 113 118 76 71 122 121 67 58 3 37 2 17 6 55 70 104 66 7 91 50 93 35 85 49 59 26 90 14 64 46 60 27 73 110 127 126 79 13 77 111 102 83 87 25 44 99 42 45 115 12 123 18 34 33 105 103 47 89 107 5 43 40 39 20 98 57
Coste: 64

GENERACION: 535
Mejor Solucion:  21 124 96 97 63 120 16 24 68 117 88 106 56 100 125 101 38 72 95 81 65 114 94 69 53 92 119 61 4 41 30 51 29 36 28 31 78 8 82 22 109 54 23 0 48 9 11 75 112 1 74 52 10 116 15 19 80 84 62 108 32 86 113 118 76 71 122 121 67 58 3 37 2 17 6 55 70 104 66 7 91 50 93 35 85 49 59 26 90 14 64 46 60 27 73 110 127 126 79 13 77 111 102 83 87 25 44 99 42 45 115 12 123 18 34 33 105 103 47 89 107 5 43 40 39 20 98 57
Coste: 64

GENERACION: 540
Mejor Solucion:  21 124 96 97 63 120 16 24 68 117 88 106 56 100 125 101 38 72 95 81 65 114 94 69 53 92 119 61 4 41 30 51 29 36 28 31 78 8 82 22 109 54 23 0 48 9 11 75 112 1 74 52 10 116 15 19 80 84 62 108 32 86 113 118 76 71 122 121 67 58 3 37 2 17 6 55 70 104 66 7 91 50 93 35 85 49 59 26 90 14 64 46 60 27 73 110 127 126 79 13 77 111 102 83 87 25 44 99 42 45 115 12 123 18 34 33 105 103 47 89 107 5 43 40 39 20 98 57
Coste: 64

GENERACION: 545
Mejor Solucion:  21 124 96 97 63 120 16 24 68 117 88 106 56 100 125 101 38 72 95 81 65 114 94 69 53 92 119 61 4 41 30 51 29 36 28 31 78 8 82 22 109 54 23 0 48 9 11 75 112 1 74 52 10 116 15 19 80 84 62 108 32 86 113 118 76 71 122 121 67 58 3 37 2 17 6 55 70 104 66 7 91 50 93 35 85 49 59 26 90 14 64 46 60 27 73 110 127 126 79 13 77 111 102 83 87 25 44 99 42 45 115 12 123 18 34 33 105 103 47 89 107 5 43 40 39 20 98 57
Coste: 64

GENERACION: 550
Mejor Solucion:  21 124 96 97 63 120 16 24 68 117 88 106 56 100 125 101 38 72 95 81 65 114 94 69 53 92 119 61 4 41 30 51 29 36 28 31 78 8 82 22 109 54 23 0 48 9 11 75 112 1 74 52 10 116 15 19 80 84 62 108 32 86 113 118 76 71 122 121 67 58 3 37 2 17 6 55 70 104 66 7 91 50 93 35 85 49 59 26 90 14 64 46 60 27 73 110 127 126 79 13 77 111 102 83 87 25 44 99 42 45 115 12 123 18 34 33 105 103 47 89 107 5 43 40 39 20 98 57
Coste: 64

GENERACION: 555
Mejor Solucion:  21 124 96 97 63 120 16 24 68 117 88 106 56 100 125 101 38 72 95 81 65 114 94 69 53 92 119 61 4 41 30 51 29 36 28 31 78 8 82 22 109 54 23 0 48 9 11 75 112 1 74 52 10 116 15 19 80 84 62 108 32 86 113 118 76 71 122 121 67 58 3 37 2 17 6 55 70 104 66 7 91 50 93 35 85 49 59 26 90 14 64 46 60 27 73 110 127 126 79 13 77 111 102 83 87 25 44 99 42 45 115 12 123 18 34 33 105 103 47 89 107 5 43 40 39 20 98 57
Coste: 64

GENERACION: 560
Mejor Solucion:  21 124 96 97 63 120 16 24 68 117 88 106 56 100 125 101 38 72 95 81 65 114 94 69 53 92 119 61 4 41 30 51 29 36 28 31 78 8 82 22 109 54 23 0 48 9 11 75 112 1 74 52 10 116 15 19 80 84 62 108 32 86 113 118 76 71 122 121 67 58 3 37 2 17 6 55 70 104 66 7 91 50 93 35 85 49 59 26 90 14 64 46 60 27 73 110 127 126 79 13 77 111 102 83 87 25 44 99 42 45 115 12 123 18 34 33 105 103 47 89 107 5 43 40 39 20 98 57
Coste: 64

GENERACION: 565
Mejor Solucion:  21 124 96 97 63 120 16 24 68 117 88 106 56 100 125 101 38 72 95 81 65 114 94 69 53 92 119 61 4 41 30 51 29 36 28 31 78 8 82 22 109 54 23 0 48 9 11 75 112 1 74 52 10 116 15 19 80 84 62 108 32 86 113 118 76 71 122 121 67 58 3 37 2 17 6 55 70 104 66 7 91 50 93 35 85 49 59 26 90 14 64 46 60 27 73 110 127 126 79 13 77 111 102 83 87 25 44 99 42 45 115 12 123 18 34 33 105 103 47 89 107 5 43 40 39 20 98 57
Coste: 64

GENERACION: 570
Mejor Solucion:  21 124 96 97 63 120 16 24 68 117 88 106 56 100 125 101 38 72 95 81 65 114 94 69 53 92 119 61 4 41 30 51 29 36 28 31 78 8 82 22 109 54 23 0 48 9 11 75 112 1 74 52 10 116 15 19 80 84 62 108 32 86 113 118 76 71 122 121 67 58 3 37 2 17 6 55 70 104 66 7 91 50 93 35 85 49 59 26 90 14 64 46 60 27 73 110 127 126 79 13 77 111 102 83 87 25 44 99 42 45 115 12 123 18 34 33 105 103 47 89 107 5 43 40 39 20 98 57
Coste: 64

GENERACION: 575
Mejor Solucion:  21 124 96 97 63 120 16 24 68 117 88 106 56 100 125 101 38 72 95 81 65 114 94 69 53 92 119 61 4 41 30 51 29 36 28 31 78 8 82 22 109 54 23 0 48 9 11 75 112 1 74 52 10 116 15 19 80 84 62 108 32 86 113 118 76 71 122 121 67 58 3 37 2 17 6 55 70 104 66 7 91 50 93 35 85 49 59 26 90 14 64 46 60 27 73 110 127 126 79 13 77 111 102 83 87 25 44 99 42 45 115 12 123 18 34 33 105 103 47 89 107 5 43 40 39 20 98 57
Coste: 64

GENERACION: 580
Mejor Solucion:  21 124 96 97 63 120 16 24 68 117 88 106 56 100 125 101 38 72 95 81 65 114 94 69 53 92 119 61 4 41 30 51 29 36 28 31 78 8 82 22 109 54 23 0 48 9 11 75 112 1 74 52 10 116 15 19 80 84 62 108 32 86 113 118 76 71 122 121 67 58 3 37 2 17 6 55 70 104 66 7 91 50 93 35 85 49 59 26 90 14 64 46 60 27 73 110 127 126 79 13 77 111 102 83 87 25 44 99 42 45 115 12 123 18 34 33 105 103 47 89 107 5 43 40 39 20 98 57
Coste: 64

GENERACION: 585
Mejor Solucion:  21 124 96 97 63 120 16 24 68 117 88 106 56 100 125 101 38 72 95 81 65 114 94 69 53 92 119 61 4 41 30 51 29 36 28 31 78 8 82 22 109 54 23 0 48 9 11 75 112 1 74 52 10 116 15 19 80 84 62 108 32 86 113 118 76 71 122 121 67 58 3 37 2 17 6 55 70 104 66 7 91 50 93 35 85 49 59 26 90 14 64 46 60 27 73 110 127 126 79 13 77 111 102 83 87 25 44 99 42 45 115 12 123 18 34 33 105 103 47 89 107 5 43 40 39 20 98 57
Coste: 64

GENERACION: 590
Mejor Solucion:  21 124 96 97 63 120 16 24 68 117 88 106 56 100 125 101 38 72 95 81 65 114 94 69 53 92 119 61 4 41 30 51 29 36 28 31 78 8 82 22 109 54 23 0 48 9 11 75 112 1 74 52 10 116 15 19 80 84 62 108 32 86 113 118 76 71 122 121 67 58 3 37 2 17 6 55 70 104 66 7 91 50 93 35 85 49 59 26 90 14 64 46 60 27 73 110 127 126 79 13 77 111 102 83 87 25 44 99 42 45 115 12 123 18 34 33 105 103 47 89 107 5 43 40 39 20 98 57
Coste: 64

GENERACION: 595
Mejor Solucion:  21 124 96 97 63 120 16 24 68 117 88 106 56 100 125 101 38 72 95 81 65 114 94 69 53 92 119 61 4 41 30 51 29 36 28 31 78 8 82 22 109 54 23 0 48 9 11 75 112 1 74 52 10 116 15 19 80 84 62 108 32 86 113 118 76 71 122 121 67 58 3 37 2 17 6 55 70 104 66 7 91 50 93 35 85 49 59 26 90 14 64 46 60 27 73 110 127 126 79 13 77 111 102 83 87 25 44 99 42 45 115 12 123 18 34 33 105 103 47 89 107 5 43 40 39 20 98 57
Coste: 64

GENERACION: 600
Mejor Solucion:  21 124 96 97 63 120 16 24 68 117 88 106 56 100 125 101 38 72 95 81 65 114 94 69 53 92 119 61 4 41 30 51 29 36 28 31 78 8 82 22 109 54 23 0 48 9 11 75 112 1 74 52 10 116 15 19 80 84 62 108 32 86 113 118 76 71 122 121 67 58 3 37 2 17 6 55 70 104 66 7 91 50 93 35 85 49 59 26 90 14 64 46 60 27 73 110 127 126 79 13 77 111 102 83 87 25 44 99 42 45 115 12 123 18 34 33 105 103 47 89 107 5 43 40 39 20 98 57
Coste: 64

GENERACION: 605
Mejor Solucion:  21 124 96 97 63 120 16 24 68 117 88 106 56 100 125 101 38 72 95 81 65 114 94 69 53 92 119 61 4 41 30 51 29 36 28 31 78 8 82 22 109 54 23 0 48 9 11 75 112 1 74 52 10 116 15 19 80 84 62 108 32 86 113 118 76 71 122 121 67 58 3 37 2 17 6 55 70 104 66 7 91 50 93 35 85 49 59 26 90 14 64 46 60 27 73 110 127 126 79 13 77 111 102 83 87 25 44 99 42 45 115 12 123 18 34 33 105 103 47 89 107 5 43 40 39 20 98 57
Coste: 64

GENERACION: 610
Mejor Solucion:  21 124 96 97 63 120 16 24 68 117 88 106 56 100 125 101 38 72 95 81 65 114 94 69 53 92 119 61 4 41 30 51 29 36 28 31 78 8 82 22 109 54 23 0 48 9 11 75 112 1 74 52 10 116 15 19 80 84 62 108 32 86 113 118 76 71 122 121 67 58 3 37 2 17 6 55 70 104 66 7 91 50 93 35 85 49 59 26 90 14 64 46 60 27 73 110 127 126 79 13 77 111 102 83 87 25 44 99 42 45 115 12 123 18 34 33 105 103 47 89 107 5 43 40 39 20 98 57
Coste: 64

GENERACION: 615
Mejor Solucion:  21 124 96 97 63 120 16 24 68 117 88 106 56 100 125 101 38 72 95 81 65 114 94 69 53 92 119 61 4 41 30 51 29 36 28 31 78 8 82 22 109 54 23 0 48 9 11 75 112 1 74 52 10 116 15 19 80 84 62 108 32 86 113 118 76 71 122 121 67 58 3 37 2 17 6 55 70 104 66 7 91 50 93 35 85 49 59 26 90 14 64 46 60 27 73 110 127 126 79 13 77 111 102 83 87 25 44 99 42 45 115 12 123 18 34 33 105 103 47 89 107 5 43 40 39 20 98 57
Coste: 64

GENERACION: 620
Mejor Solucion:  21 124 96 97 63 120 16 24 68 117 88 106 56 100 125 101 38 72 95 81 65 114 94 69 53 92 119 61 4 41 30 51 29 36 28 31 78 8 82 22 109 54 23 0 48 9 11 75 112 1 74 52 10 116 15 19 80 84 62 108 32 86 113 118 76 71 122 121 67 58 3 37 2 17 6 55 70 104 66 7 91 50 93 35 85 49 59 26 90 14 64 46 60 27 73 110 127 126 79 13 77 111 102 83 87 25 44 99 42 45 115 12 123 18 34 33 105 103 47 89 107 5 43 40 39 20 98 57
Coste: 64

GENERACION: 625
Mejor Solucion:  21 124 96 97 63 120 16 24 68 117 88 106 56 100 125 101 38 72 95 81 65 114 94 69 53 92 119 61 4 41 30 51 29 36 28 31 78 8 82 22 109 54 23 0 48 9 11 75 112 1 74 52 10 116 15 19 80 84 62 108 32 86 113 118 76 71 122 121 67 58 3 37 2 17 6 55 70 104 66 7 91 50 93 35 85 49 59 26 90 14 64 46 60 27 73 110 127 126 79 13 77 111 102 83 87 25 44 99 42 45 115 12 123 18 34 33 105 103 47 89 107 5 43 40 39 20 98 57
Coste: 64

GENERACION: 630
Mejor Solucion:  21 124 96 97 63 120 16 24 68 117 88 106 56 100 125 101 38 72 95 81 65 114 94 69 53 92 119 61 4 41 30 51 29 36 28 31 78 8 82 22 109 54 23 0 48 9 11 75 112 1 74 52 10 116 15 19 80 84 62 108 32 86 113 118 76 71 122 121 67 58 3 37 2 17 6 55 70 104 66 7 91 50 93 35 85 49 59 26 90 14 64 46 60 27 73 110 127 126 79 13 77 111 102 83 87 25 44 99 42 45 115 12 123 18 34 33 105 103 47 89 107 5 43 40 39 20 98 57
Coste: 64

GENERACION: 635
Mejor Solucion:  21 124 96 97 63 120 16 24 68 117 88 106 56 100 125 101 38 72 95 81 65 114 94 69 53 92 119 61 4 41 30 51 29 36 28 31 78 8 82 22 109 54 23 0 48 9 11 75 112 1 74 52 10 116 15 19 80 84 62 108 32 86 113 118 76 71 122 121 67 58 3 37 2 17 6 55 70 104 66 7 91 50 93 35 85 49 59 26 90 14 64 46 60 27 73 110 127 126 79 13 77 111 102 83 87 25 44 99 42 45 115 12 123 18 34 33 105 103 47 89 107 5 43 40 39 20 98 57
Coste: 64

GENERACION: 640
Mejor Solucion:  21 124 96 97 63 120 16 24 68 117 88 106 56 100 125 101 38 72 95 81 65 114 94 69 53 92 119 61 4 41 30 51 29 36 28 31 78 8 82 22 109 54 23 0 48 9 11 75 112 1 74 52 10 116 15 19 80 84 62 108 32 86 113 118 76 71 122 121 67 58 3 37 2 17 6 55 70 104 66 7 91 50 93 35 85 49 59 26 90 14 64 46 60 27 73 110 127 126 79 13 77 111 102 83 87 25 44 99 42 45 115 12 123 18 34 33 105 103 47 89 107 5 43 40 39 20 98 57
Coste: 64

GENERACION: 645
Mejor Solucion:  21 124 96 97 63 120 16 24 68 117 88 106 56 100 125 101 38 72 95 81 65 114 94 69 53 92 119 61 4 41 30 51 29 36 28 31 78 8 82 22 109 54 23 0 48 9 11 75 112 1 74 52 10 116 15 19 80 84 62 108 32 86 113 118 76 71 122 121 67 58 3 37 2 17 6 55 70 104 66 7 91 50 93 35 85 49 59 26 90 14 64 46 60 27 73 110 127 126 79 13 77 111 102 83 87 25 44 99 42 45 115 12 123 18 34 33 105 103 47 89 107 5 43 40 39 20 98 57
Coste: 64

GENERACION: 650
Mejor Solucion:  21 124 96 97 63 120 16 24 68 117 88 106 56 100 125 101 38 72 95 81 65 114 94 69 53 92 119 61 4 41 30 51 29 36 28 31 78 8 82 22 109 54 23 0 48 9 11 75 112 1 74 52 10 116 15 19 80 84 62 108 32 86 113 118 76 71 122 121 67 58 3 37 2 17 6 55 70 104 66 7 91 50 93 35 85 49 59 26 90 14 64 46 60 27 73 110 127 126 79 13 77 111 102 83 87 25 44 99 42 45 115 12 123 18 34 33 105 103 47 89 107 5 43 40 39 20 98 57
Coste: 64

GENERACION: 655
Mejor Solucion:  21 124 96 97 63 120 16 24 68 117 88 106 56 100 125 101 38 72 95 81 65 114 94 69 53 92 119 61 4 41 30 51 29 36 28 31 78 8 82 22 109 54 23 0 48 9 11 75 112 1 74 52 10 116 15 19 80 84 62 108 32 86 113 118 76 71 122 121 67 58 3 37 2 17 6 55 70 104 66 7 91 50 93 35 85 49 59 26 90 14 64 46 60 27 73 110 127 126 79 13 77 111 102 83 87 25 44 99 42 45 115 12 123 18 34 33 105 103 47 89 107 5 43 40 39 20 98 57
Coste: 64

GENERACION: 660
Mejor Solucion:  21 124 96 97 63 120 16 24 68 117 88 106 56 100 125 101 38 72 95 81 65 114 94 69 53 92 119 61 4 41 30 51 29 36 28 31 78 8 82 22 109 54 23 0 48 9 11 75 112 1 74 52 10 116 15 19 80 84 62 108 32 86 113 118 76 71 122 121 67 58 3 37 2 17 6 55 70 104 66 7 91 50 93 35 85 49 59 26 90 14 64 46 60 27 73 110 127 126 79 13 77 111 102 83 87 25 44 99 42 45 115 12 123 18 34 33 105 103 47 89 107 5 43 40 39 20 98 57
Coste: 64

GENERACION: 665
Mejor Solucion:  21 124 96 97 63 120 16 24 68 117 88 106 56 100 125 101 38 72 95 81 65 114 94 69 53 92 119 61 4 41 30 51 29 36 28 31 78 8 82 22 109 54 23 0 48 9 11 75 112 1 74 52 10 116 15 19 80 84 62 108 32 86 113 118 76 71 122 121 67 58 3 37 2 17 6 55 70 104 66 7 91 50 93 35 85 49 59 26 90 14 64 46 60 27 73 110 127 126 79 13 77 111 102 83 87 25 44 99 42 45 115 12 123 18 34 33 105 103 47 89 107 5 43 40 39 20 98 57
Coste: 64

GENERACION: 670
Mejor Solucion:  21 124 96 97 63 120 16 24 68 117 88 106 56 100 125 101 38 72 95 81 65 114 94 69 53 92 119 61 4 41 30 51 29 36 28 31 78 8 82 22 109 54 23 0 48 9 11 75 112 1 74 52 10 116 15 19 80 84 62 108 32 86 113 118 76 71 122 121 67 58 3 37 2 17 6 55 70 104 66 7 91 50 93 35 85 49 59 26 90 14 64 46 60 27 73 110 127 126 79 13 77 111 102 83 87 25 44 99 42 45 115 12 123 18 34 33 105 103 47 89 107 5 43 40 39 20 98 57
Coste: 64

GENERACION: 675
Mejor Solucion:  21 124 96 97 63 120 16 24 68 117 88 106 56 100 125 101 38 72 95 81 65 114 94 69 53 92 119 61 4 41 30 51 29 36 28 31 78 8 82 22 109 54 23 0 48 9 11 75 112 1 74 52 10 116 15 19 80 84 62 108 32 86 113 118 76 71 122 121 67 58 3 37 2 17 6 55 70 104 66 7 91 50 93 35 85 49 59 26 90 14 64 46 60 27 73 110 127 126 79 13 77 111 102 83 87 25 44 99 42 45 115 12 123 18 34 33 105 103 47 89 107 5 43 40 39 20 98 57
Coste: 64

GENERACION: 680
Mejor Solucion:  21 124 96 97 63 120 16 24 68 117 88 106 56 100 125 101 38 72 95 81 65 114 94 69 53 92 119 61 4 41 30 51 29 36 28 31 78 8 82 22 109 54 23 0 48 9 11 75 112 1 74 52 10 116 15 19 80 84 62 108 32 86 113 118 76 71 122 121 67 58 3 37 2 17 6 55 70 104 66 7 91 50 93 35 85 49 59 26 90 14 64 46 60 27 73 110 127 126 79 13 77 111 102 83 87 25 44 99 42 45 115 12 123 18 34 33 105 103 47 89 107 5 43 40 39 20 98 57
Coste: 64

GENERACION: 685
Mejor Solucion:  21 124 96 97 63 120 16 24 68 117 88 106 56 100 125 101 38 72 95 81 65 114 94 69 53 92 119 61 4 41 30 51 29 36 28 31 78 8 82 22 109 54 23 0 48 9 11 75 112 1 74 52 10 116 15 19 80 84 62 108 32 86 113 118 76 71 122 121 67 58 3 37 2 17 6 55 70 104 66 7 91 50 93 35 85 49 59 26 90 14 64 46 60 27 73 110 127 126 79 13 77 111 102 83 87 25 44 99 42 45 115 12 123 18 34 33 105 103 47 89 107 5 43 40 39 20 98 57
Coste: 64

GENERACION: 690
Mejor Solucion:  21 124 96 97 63 120 16 24 68 117 88 106 56 100 125 101 38 72 95 81 65 114 94 69 53 92 119 61 4 41 30 51 29 36 28 31 78 8 82 22 109 54 23 0 48 9 11 75 112 1 74 52 10 116 15 19 80 84 62 108 32 86 113 118 76 71 122 121 67 58 3 37 2 17 6 55 70 104 66 7 91 50 93 35 85 49 59 26 90 14 64 46 60 27 73 110 127 126 79 13 77 111 102 83 87 25 44 99 42 45 115 12 123 18 34 33 105 103 47 89 107 5 43 40 39 20 98 57
Coste: 64

GENERACION: 695
Mejor Solucion:  21 124 96 97 63 120 16 24 68 117 88 106 56 100 125 101 38 72 95 81 65 114 94 69 53 92 119 61 4 41 30 51 29 36 28 31 78 8 82 22 109 54 23 0 48 9 11 75 112 1 74 52 10 116 15 19 80 84 62 108 32 86 113 118 76 71 122 121 67 58 3 37 2 17 6 55 70 104 66 7 91 50 93 35 85 49 59 26 90 14 64 46 60 27 73 110 127 126 79 13 77 111 102 83 87 25 44 99 42 45 115 12 123 18 34 33 105 103 47 89 107 5 43 40 39 20 98 57
Coste: 64

GENERACION: 700
Mejor Solucion:  21 124 96 97 63 120 16 24 68 117 88 106 56 100 125 101 38 72 95 81 65 114 94 69 53 92 119 61 4 41 30 51 29 36 28 31 78 8 82 22 109 54 23 0 48 9 11 75 112 1 74 52 10 116 15 19 80 84 62 108 32 86 113 118 76 71 122 121 67 58 3 37 2 17 6 55 70 104 66 7 91 50 93 35 85 49 59 26 90 14 64 46 60 27 73 110 127 126 79 13 77 111 102 83 87 25 44 99 42 45 115 12 123 18 34 33 105 103 47 89 107 5 43 40 39 20 98 57
Coste: 64

GENERACION: 705
Mejor Solucion:  21 124 96 97 63 120 16 24 68 117 88 106 56 100 125 101 38 72 95 81 65 114 94 69 53 92 119 61 4 41 30 51 29 36 28 31 78 8 82 22 109 54 23 0 48 9 11 75 112 1 74 52 10 116 15 19 80 84 62 108 32 86 113 118 76 71 122 121 67 58 3 37 2 17 6 55 70 104 66 7 91 50 93 35 85 49 59 26 90 14 64 46 60 27 73 110 127 126 79 13 77 111 102 83 87 25 44 99 42 45 115 12 123 18 34 33 105 103 47 89 107 5 43 40 39 20 98 57
Coste: 64

GENERACION: 710
Mejor Solucion:  21 124 96 97 63 120 16 24 68 117 88 106 56 100 125 101 38 72 95 81 65 114 94 69 53 92 119 61 4 41 30 51 29 36 28 31 78 8 82 22 109 54 23 0 48 9 11 75 112 1 74 52 10 116 15 19 80 84 62 108 32 86 113 118 76 71 122 121 67 58 3 37 2 17 6 55 70 104 66 7 91 50 93 35 85 49 59 26 90 14 64 46 60 27 73 110 127 126 79 13 77 111 102 83 87 25 44 99 42 45 115 12 123 18 34 33 105 103 47 89 107 5 43 40 39 20 98 57
Coste: 64

GENERACION: 715
Mejor Solucion:  21 124 96 97 63 120 16 24 68 117 88 106 56 100 125 101 38 72 95 81 65 114 94 69 53 92 119 61 4 41 30 51 29 36 28 31 78 8 82 22 109 54 23 0 48 9 11 75 112 1 74 52 10 116 15 19 80 84 62 108 32 86 113 118 76 71 122 121 67 58 3 37 2 17 6 55 70 104 66 7 91 50 93 35 85 49 59 26 90 14 64 46 60 27 73 110 127 126 79 13 77 111 102 83 87 25 44 99 42 45 115 12 123 18 34 33 105 103 47 89 107 5 43 40 39 20 98 57
Coste: 64

GENERACION: 720
Mejor Solucion:  21 124 96 97 63 120 16 24 68 117 88 106 56 100 125 101 38 72 95 81 65 114 94 69 53 92 119 61 4 41 30 51 29 36 28 31 78 8 82 22 109 54 23 0 48 9 11 75 112 1 74 52 10 116 15 19 80 84 62 108 32 86 113 118 76 71 122 121 67 58 3 37 2 17 6 55 70 104 66 7 91 50 93 35 85 49 59 26 90 14 64 46 60 27 73 110 127 126 79 13 77 111 102 83 87 25 44 99 42 45 115 12 123 18 34 33 105 103 47 89 107 5 43 40 39 20 98 57
Coste: 64

GENERACION: 725
Mejor Solucion:  21 124 96 97 63 120 16 24 68 117 88 106 56 100 125 101 38 72 95 81 65 114 94 69 53 92 119 61 4 41 30 51 29 36 28 31 78 8 82 22 109 54 23 0 48 9 11 75 112 1 74 52 10 116 15 19 80 84 62 108 32 86 113 118 76 71 122 121 67 58 3 37 2 17 6 55 70 104 66 7 91 50 93 35 85 49 59 26 90 14 64 46 60 27 73 110 127 126 79 13 77 111 102 83 87 25 44 99 42 45 115 12 123 18 34 33 105 103 47 89 107 5 43 40 39 20 98 57
Coste: 64

GENERACION: 730
Mejor Solucion:  21 124 96 97 63 120 16 24 68 117 88 106 56 100 125 101 38 72 95 81 65 114 94 69 53 92 119 61 4 41 30 51 29 36 28 31 78 8 82 22 109 54 23 0 48 9 11 75 112 1 74 52 10 116 15 19 80 84 62 108 32 86 113 118 76 71 122 121 67 58 3 37 2 17 6 55 70 104 66 7 91 50 93 35 85 49 59 26 90 14 64 46 60 27 73 110 127 126 79 13 77 111 102 83 87 25 44 99 42 45 115 12 123 18 34 33 105 103 47 89 107 5 43 40 39 20 98 57
Coste: 64

GENERACION: 735
Mejor Solucion:  21 124 96 97 63 120 16 24 68 117 88 106 56 100 125 101 38 72 95 81 65 114 94 69 53 92 119 61 4 41 30 51 29 36 28 31 78 8 82 22 109 54 23 0 48 9 11 75 112 1 74 52 10 116 15 19 80 84 62 108 32 86 113 118 76 71 122 121 67 58 3 37 2 17 6 55 70 104 66 7 91 50 93 35 85 49 59 26 90 14 64 46 60 27 73 110 127 126 79 13 77 111 102 83 87 25 44 99 42 45 115 12 123 18 34 33 105 103 47 89 107 5 43 40 39 20 98 57
Coste: 64

GENERACION: 740
Mejor Solucion:  21 124 96 97 63 120 16 24 68 117 88 106 56 100 125 101 38 72 95 81 65 114 94 69 53 92 119 61 4 41 30 51 29 36 28 31 78 8 82 22 109 54 23 0 48 9 11 75 112 1 74 52 10 116 15 19 80 84 62 108 32 86 113 118 76 71 122 121 67 58 3 37 2 17 6 55 70 104 66 7 91 50 93 35 85 49 59 26 90 14 64 46 60 27 73 110 127 126 79 13 77 111 102 83 87 25 44 99 42 45 115 12 123 18 34 33 105 103 47 89 107 5 43 40 39 20 98 57
Coste: 64

GENERACION: 745
Mejor Solucion:  21 124 96 97 63 120 16 24 68 117 88 106 56 100 125 101 38 72 95 81 65 114 94 69 53 92 119 61 4 41 30 51 29 36 28 31 78 8 82 22 109 54 23 0 48 9 11 75 112 1 74 52 10 116 15 19 80 84 62 108 32 86 113 118 76 71 122 121 67 58 3 37 2 17 6 55 70 104 66 7 91 50 93 35 85 49 59 26 90 14 64 46 60 27 73 110 127 126 79 13 77 111 102 83 87 25 44 99 42 45 115 12 123 18 34 33 105 103 47 89 107 5 43 40 39 20 98 57
Coste: 64

GENERACION: 750
Mejor Solucion:  21 124 96 97 63 120 16 24 68 117 88 106 56 100 125 101 38 72 95 81 65 114 94 69 53 92 119 61 4 41 30 51 29 36 28 31 78 8 82 22 109 54 23 0 48 9 11 75 112 1 74 52 10 116 15 19 80 84 62 108 32 86 113 118 76 71 122 121 67 58 3 37 2 17 6 55 70 104 66 7 91 50 93 35 85 49 59 26 90 14 64 46 60 27 73 110 127 126 79 13 77 111 102 83 87 25 44 99 42 45 115 12 123 18 34 33 105 103 47 89 107 5 43 40 39 20 98 57
Coste: 64

GENERACION: 755
Mejor Solucion:  21 124 96 97 63 120 16 24 68 117 88 106 56 100 125 101 38 72 95 81 65 114 94 69 53 92 119 61 4 41 30 51 29 36 28 31 78 8 82 22 109 54 23 0 48 9 11 75 112 1 74 52 10 116 15 19 80 84 62 108 32 86 113 118 76 71 122 121 67 58 3 37 2 17 6 55 70 104 66 7 91 50 93 35 85 49 59 26 90 14 64 46 60 27 73 110 127 126 79 13 77 111 102 83 87 25 44 99 42 45 115 12 123 18 34 33 105 103 47 89 107 5 43 40 39 20 98 57
Coste: 64

GENERACION: 760
Mejor Solucion:  21 124 96 97 63 120 16 24 68 117 88 106 56 100 125 101 38 72 95 81 65 114 94 69 53 92 119 61 4 41 30 51 29 36 28 31 78 8 82 22 109 54 23 0 48 9 11 75 112 1 74 52 10 116 15 19 80 84 62 108 32 86 113 118 76 71 122 121 67 58 3 37 2 17 6 55 70 104 66 7 91 50 93 35 85 49 59 26 90 14 64 46 60 27 73 110 127 126 79 13 77 111 102 83 87 25 44 99 42 45 115 12 123 18 34 33 105 103 47 89 107 5 43 40 39 20 98 57
Coste: 64

GENERACION: 765
Mejor Solucion:  21 124 96 97 63 120 16 24 68 117 88 106 56 100 125 101 38 72 95 81 65 114 94 69 53 92 119 61 4 41 30 51 29 36 28 31 78 8 82 22 109 54 23 0 48 9 11 75 112 1 74 52 10 116 15 19 80 84 62 108 32 86 113 118 76 71 122 121 67 58 3 37 2 17 6 55 70 104 66 7 91 50 93 35 85 49 59 26 90 14 64 46 60 27 73 110 127 126 79 13 77 111 102 83 87 25 44 99 42 45 115 12 123 18 34 33 105 103 47 89 107 5 43 40 39 20 98 57
Coste: 64

GENERACION: 770
Mejor Solucion:  21 124 96 97 63 120 16 24 68 117 88 106 56 100 125 101 38 72 95 81 65 114 94 69 53 92 119 61 4 41 30 51 29 36 28 31 78 8 82 22 109 54 23 0 48 9 11 75 112 1 74 52 10 116 15 19 80 84 62 108 32 86 113 118 76 71 122 121 67 58 3 37 2 17 6 55 70 104 66 7 91 50 93 35 85 49 59 26 90 14 64 46 60 27 73 110 127 126 79 13 77 111 102 83 87 25 44 99 42 45 115 12 123 18 34 33 105 103 47 89 107 5 43 40 39 20 98 57
Coste: 64

GENERACION: 775
Mejor Solucion:  21 124 96 97 63 120 16 24 68 117 88 106 56 100 125 101 38 72 95 81 65 114 94 69 53 92 119 61 4 41 30 51 29 36 28 31 78 8 82 22 109 54 23 0 48 9 11 75 112 1 74 52 10 116 15 19 80 84 62 108 32 86 113 118 76 71 122 121 67 58 3 37 2 17 6 55 70 104 66 7 91 50 93 35 85 49 59 26 90 14 64 46 60 27 73 110 127 126 79 13 77 111 102 83 87 25 44 99 42 45 115 12 123 18 34 33 105 103 47 89 107 5 43 40 39 20 98 57
Coste: 64

GENERACION: 780
Mejor Solucion:  21 124 96 97 63 120 16 24 68 117 88 106 56 100 125 101 38 72 95 81 65 114 94 69 53 92 119 61 4 41 30 51 29 36 28 31 78 8 82 22 109 54 23 0 48 9 11 75 112 1 74 52 10 116 15 19 80 84 62 108 32 86 113 118 76 71 122 121 67 58 3 37 2 17 6 55 70 104 66 7 91 50 93 35 85 49 59 26 90 14 64 46 60 27 73 110 127 126 79 13 77 111 102 83 87 25 44 99 42 45 115 12 123 18 34 33 105 103 47 89 107 5 43 40 39 20 98 57
Coste: 64

GENERACION: 785
Mejor Solucion:  21 124 96 97 63 120 16 24 68 117 88 106 56 100 125 101 38 72 95 81 65 114 94 69 53 92 119 61 4 41 30 51 29 36 28 31 78 8 82 22 109 54 23 0 48 9 11 75 112 1 74 52 10 116 15 19 80 84 62 108 32 86 113 118 76 71 122 121 67 58 3 37 2 17 6 55 70 104 66 7 91 50 93 35 85 49 59 26 90 14 64 46 60 27 73 110 127 126 79 13 77 111 102 83 87 25 44 99 42 45 115 12 123 18 34 33 105 103 47 89 107 5 43 40 39 20 98 57
Coste: 64

GENERACION: 790
Mejor Solucion:  21 124 96 97 63 120 16 24 68 117 88 106 56 100 125 101 38 72 95 81 65 114 94 69 53 92 119 61 4 41 30 51 29 36 28 31 78 8 82 22 109 54 23 0 48 9 11 75 112 1 74 52 10 116 15 19 80 84 62 108 32 86 113 118 76 71 122 121 67 58 3 37 2 17 6 55 70 104 66 7 91 50 93 35 85 49 59 26 90 14 64 46 60 27 73 110 127 126 79 13 77 111 102 83 87 25 44 99 42 45 115 12 123 18 34 33 105 103 47 89 107 5 43 40 39 20 98 57
Coste: 64

GENERACION: 795
Mejor Solucion:  21 124 96 97 63 120 16 24 68 117 88 106 56 100 125 101 38 72 95 81 65 114 94 69 53 92 119 61 4 41 30 51 29 36 28 31 78 8 82 22 109 54 23 0 48 9 11 75 112 1 74 52 10 116 15 19 80 84 62 108 32 86 113 118 76 71 122 121 67 58 3 37 2 17 6 55 70 104 66 7 91 50 93 35 85 49 59 26 90 14 64 46 60 27 73 110 127 126 79 13 77 111 102 83 87 25 44 99 42 45 115 12 123 18 34 33 105 103 47 89 107 5 43 40 39 20 98 57
Coste: 64

GENERACION: 800
Mejor Solucion:  21 124 96 97 63 120 16 24 68 117 88 106 56 100 125 101 38 72 95 81 65 114 94 69 53 92 119 61 4 41 30 51 29 36 28 31 78 8 82 22 109 54 23 0 48 9 11 75 112 1 74 52 10 116 15 19 80 84 62 108 32 86 113 118 76 71 122 121 67 58 3 37 2 17 6 55 70 104 66 7 91 50 93 35 85 49 59 26 90 14 64 46 60 27 73 110 127 126 79 13 77 111 102 83 87 25 44 99 42 45 115 12 123 18 34 33 105 103 47 89 107 5 43 40 39 20 98 57
Coste: 64

GENERACION: 805
Mejor Solucion:  21 124 96 97 63 120 16 24 68 117 88 106 56 100 125 101 38 72 95 81 65 114 94 69 53 92 119 61 4 41 30 51 29 36 28 31 78 8 82 22 109 54 23 0 48 9 11 75 112 1 74 52 10 116 15 19 80 84 62 108 32 86 113 118 76 71 122 121 67 58 3 37 2 17 6 55 70 104 66 7 91 50 93 35 85 49 59 26 90 14 64 46 60 27 73 110 127 126 79 13 77 111 102 83 87 25 44 99 42 45 115 12 123 18 34 33 105 103 47 89 107 5 43 40 39 20 98 57
Coste: 64

GENERACION: 810
Mejor Solucion:  21 124 96 97 63 120 16 24 68 117 88 106 56 100 125 101 38 72 95 81 65 114 94 69 53 92 119 61 4 41 30 51 29 36 28 31 78 8 82 22 109 54 23 0 48 9 11 75 112 1 74 52 10 116 15 19 80 84 62 108 32 86 113 118 76 71 122 121 67 58 3 37 2 17 6 55 70 104 66 7 91 50 93 35 85 49 59 26 90 14 64 46 60 27 73 110 127 126 79 13 77 111 102 83 87 25 44 99 42 45 115 12 123 18 34 33 105 103 47 89 107 5 43 40 39 20 98 57
Coste: 64

GENERACION: 815
Mejor Solucion:  21 124 96 97 63 120 16 24 68 117 88 106 56 100 125 101 38 72 95 81 65 114 94 69 53 92 119 61 4 41 30 51 29 36 28 31 78 8 82 22 109 54 23 0 48 9 11 75 112 1 74 52 10 116 15 19 80 84 62 108 32 86 113 118 76 71 122 121 67 58 3 37 2 17 6 55 70 104 66 7 91 50 93 35 85 49 59 26 90 14 64 46 60 27 73 110 127 126 79 13 77 111 102 83 87 25 44 99 42 45 115 12 123 18 34 33 105 103 47 89 107 5 43 40 39 20 98 57
Coste: 64

GENERACION: 820
Mejor Solucion:  21 124 96 97 63 120 16 24 68 117 88 106 56 100 125 101 38 72 95 81 65 114 94 69 53 92 119 61 4 41 30 51 29 36 28 31 78 8 82 22 109 54 23 0 48 9 11 75 112 1 74 52 10 116 15 19 80 84 62 108 32 86 113 118 76 71 122 121 67 58 3 37 2 17 6 55 70 104 66 7 91 50 93 35 85 49 59 26 90 14 64 46 60 27 73 110 127 126 79 13 77 111 102 83 87 25 44 99 42 45 115 12 123 18 34 33 105 103 47 89 107 5 43 40 39 20 98 57
Coste: 64

GENERACION: 825
Mejor Solucion:  21 124 96 97 63 120 16 24 68 117 88 106 56 100 125 101 38 72 95 81 65 114 94 69 53 92 119 61 4 41 30 51 29 36 28 31 78 8 82 22 109 54 23 0 48 9 11 75 112 1 74 52 10 116 15 19 80 84 62 108 32 86 113 118 76 71 122 121 67 58 3 37 2 17 6 55 70 104 66 7 91 50 93 35 85 49 59 26 90 14 64 46 60 27 73 110 127 126 79 13 77 111 102 83 87 25 44 99 42 45 115 12 123 18 34 33 105 103 47 89 107 5 43 40 39 20 98 57
Coste: 64

GENERACION: 830
Mejor Solucion:  21 124 96 97 63 120 16 24 68 117 88 106 56 100 125 101 38 72 95 81 65 114 94 69 53 92 119 61 4 41 30 51 29 36 28 31 78 8 82 22 109 54 23 0 48 9 11 75 112 1 74 52 10 116 15 19 80 84 62 108 32 86 113 118 76 71 122 121 67 58 3 37 2 17 6 55 70 104 66 7 91 50 93 35 85 49 59 26 90 14 64 46 60 27 73 110 127 126 79 13 77 111 102 83 87 25 44 99 42 45 115 12 123 18 34 33 105 103 47 89 107 5 43 40 39 20 98 57
Coste: 64

GENERACION: 835
Mejor Solucion:  21 124 96 97 63 120 16 24 68 117 88 106 56 100 125 101 38 72 95 81 65 114 94 69 53 92 119 61 4 41 30 51 29 36 28 31 78 8 82 22 109 54 23 0 48 9 11 75 112 1 74 52 10 116 15 19 80 84 62 108 32 86 113 118 76 71 122 121 67 58 3 37 2 17 6 55 70 104 66 7 91 50 93 35 85 49 59 26 90 14 64 46 60 27 73 110 127 126 79 13 77 111 102 83 87 25 44 99 42 45 115 12 123 18 34 33 105 103 47 89 107 5 43 40 39 20 98 57
Coste: 64

GENERACION: 840
Mejor Solucion:  21 124 96 97 63 120 16 24 68 117 88 106 56 100 125 101 38 72 95 81 65 114 94 69 53 92 119 61 4 41 30 51 29 36 28 31 78 8 82 22 109 54 23 0 48 9 11 75 112 1 74 52 10 116 15 19 80 84 62 108 32 86 113 118 76 71 122 121 67 58 3 37 2 17 6 55 70 104 66 7 91 50 93 35 85 49 59 26 90 14 64 46 60 27 73 110 127 126 79 13 77 111 102 83 87 25 44 99 42 45 115 12 123 18 34 33 105 103 47 89 107 5 43 40 39 20 98 57
Coste: 64

GENERACION: 845
Mejor Solucion:  21 124 96 97 63 120 16 24 68 117 88 106 56 100 125 101 38 72 95 81 65 114 94 69 53 92 119 61 4 41 30 51 29 36 28 31 78 8 82 22 109 54 23 0 48 9 11 75 112 1 74 52 10 116 15 19 80 84 62 108 32 86 113 118 76 71 122 121 67 58 3 37 2 17 6 55 70 104 66 7 91 50 93 35 85 49 59 26 90 14 64 46 60 27 73 110 127 126 79 13 77 111 102 83 87 25 44 99 42 45 115 12 123 18 34 33 105 103 47 89 107 5 43 40 39 20 98 57
Coste: 64

GENERACION: 850
Mejor Solucion:  21 124 96 97 63 120 16 24 68 117 88 106 56 100 125 101 38 72 95 81 65 114 94 69 53 92 119 61 4 41 30 51 29 36 28 31 78 8 82 22 109 54 23 0 48 9 11 75 112 1 74 52 10 116 15 19 80 84 62 108 32 86 113 118 76 71 122 121 67 58 3 37 2 17 6 55 70 104 66 7 91 50 93 35 85 49 59 26 90 14 64 46 60 27 73 110 127 126 79 13 77 111 102 83 87 25 44 99 42 45 115 12 123 18 34 33 105 103 47 89 107 5 43 40 39 20 98 57
Coste: 64

GENERACION: 855
Mejor Solucion:  21 124 96 97 63 120 16 24 68 117 88 106 56 100 125 101 38 72 95 81 65 114 94 69 53 92 119 61 4 41 30 51 29 36 28 31 78 8 82 22 109 54 23 0 48 9 11 75 112 1 74 52 10 116 15 19 80 84 62 108 32 86 113 118 76 71 122 121 67 58 3 37 2 17 6 55 70 104 66 7 91 50 93 35 85 49 59 26 90 14 64 46 60 27 73 110 127 126 79 13 77 111 102 83 87 25 44 99 42 45 115 12 123 18 34 33 105 103 47 89 107 5 43 40 39 20 98 57
Coste: 64

GENERACION: 860
Mejor Solucion:  21 124 96 97 63 120 16 24 68 117 88 106 56 100 125 101 38 72 95 81 65 114 94 69 53 92 119 61 4 41 30 51 29 36 28 31 78 8 82 22 109 54 23 0 48 9 11 75 112 1 74 52 10 116 15 19 80 84 62 108 32 86 113 118 76 71 122 121 67 58 3 37 2 17 6 55 70 104 66 7 91 50 93 35 85 49 59 26 90 14 64 46 60 27 73 110 127 126 79 13 77 111 102 83 87 25 44 99 42 45 115 12 123 18 34 33 105 103 47 89 107 5 43 40 39 20 98 57
Coste: 64

GENERACION: 865
Mejor Solucion:  21 124 96 97 63 120 16 24 68 117 88 106 56 100 125 101 38 72 95 81 65 114 94 69 53 92 119 61 4 41 30 51 29 36 28 31 78 8 82 22 109 54 23 0 48 9 11 75 112 1 74 52 10 116 15 19 80 84 62 108 32 86 113 118 76 71 122 121 67 58 3 37 2 17 6 55 70 104 66 7 91 50 93 35 85 49 59 26 90 14 64 46 60 27 73 110 127 126 79 13 77 111 102 83 87 25 44 99 42 45 115 12 123 18 34 33 105 103 47 89 107 5 43 40 39 20 98 57
Coste: 64

GENERACION: 870
Mejor Solucion:  21 124 96 97 63 120 16 24 68 117 88 106 56 100 125 101 38 72 95 81 65 114 94 69 53 92 119 61 4 41 30 51 29 36 28 31 78 8 82 22 109 54 23 0 48 9 11 75 112 1 74 52 10 116 15 19 80 84 62 108 32 86 113 118 76 71 122 121 67 58 3 37 2 17 6 55 70 104 66 7 91 50 93 35 85 49 59 26 90 14 64 46 60 27 73 110 127 126 79 13 77 111 102 83 87 25 44 99 42 45 115 12 123 18 34 33 105 103 47 89 107 5 43 40 39 20 98 57
Coste: 64

GENERACION: 875
Mejor Solucion:  21 124 96 97 63 120 16 24 68 117 88 106 56 100 125 101 38 72 95 81 65 114 94 69 53 92 119 61 4 41 30 51 29 36 28 31 78 8 82 22 109 54 23 0 48 9 11 75 112 1 74 52 10 116 15 19 80 84 62 108 32 86 113 118 76 71 122 121 67 58 3 37 2 17 6 55 70 104 66 7 91 50 93 35 85 49 59 26 90 14 64 46 60 27 73 110 127 126 79 13 77 111 102 83 87 25 44 99 42 45 115 12 123 18 34 33 105 103 47 89 107 5 43 40 39 20 98 57
Coste: 64

GENERACION: 880
Mejor Solucion:  21 124 96 97 63 120 16 24 68 117 88 106 56 100 125 101 38 72 95 81 65 114 94 69 53 92 119 61 4 41 30 51 29 36 28 31 78 8 82 22 109 54 23 0 48 9 11 75 112 1 74 52 10 116 15 19 80 84 62 108 32 86 113 118 76 71 122 121 67 58 3 37 2 17 6 55 70 104 66 7 91 50 93 35 85 49 59 26 90 14 64 46 60 27 73 110 127 126 79 13 77 111 102 83 87 25 44 99 42 45 115 12 123 18 34 33 105 103 47 89 107 5 43 40 39 20 98 57
Coste: 64

GENERACION: 885
Mejor Solucion:  21 124 96 97 63 120 16 24 68 117 88 106 56 100 125 101 38 72 95 81 65 114 94 69 53 92 119 61 4 41 30 51 29 36 28 31 78 8 82 22 109 54 23 0 48 9 11 75 112 1 74 52 10 116 15 19 80 84 62 108 32 86 113 118 76 71 122 121 67 58 3 37 2 17 6 55 70 104 66 7 91 50 93 35 85 49 59 26 90 14 64 46 60 27 73 110 127 126 79 13 77 111 102 83 87 25 44 99 42 45 115 12 123 18 34 33 105 103 47 89 107 5 43 40 39 20 98 57
Coste: 64

GENERACION: 890
Mejor Solucion:  21 124 96 97 63 120 16 24 68 117 88 106 56 100 125 101 38 72 95 81 65 114 94 69 53 92 119 61 4 41 30 51 29 36 28 31 78 8 82 22 109 54 23 0 48 9 11 75 112 1 74 52 10 116 15 19 80 84 62 108 32 86 113 118 76 71 122 121 67 58 3 37 2 17 6 55 70 104 66 7 91 50 93 35 85 49 59 26 90 14 64 46 60 27 73 110 127 126 79 13 77 111 102 83 87 25 44 99 42 45 115 12 123 18 34 33 105 103 47 89 107 5 43 40 39 20 98 57
Coste: 64

GENERACION: 895
Mejor Solucion:  21 124 96 97 63 120 16 24 68 117 88 106 56 100 125 101 38 72 95 81 65 114 94 69 53 92 119 61 4 41 30 51 29 36 28 31 78 8 82 22 109 54 23 0 48 9 11 75 112 1 74 52 10 116 15 19 80 84 62 108 32 86 113 118 76 71 122 121 67 58 3 37 2 17 6 55 70 104 66 7 91 50 93 35 85 49 59 26 90 14 64 46 60 27 73 110 127 126 79 13 77 111 102 83 87 25 44 99 42 45 115 12 123 18 34 33 105 103 47 89 107 5 43 40 39 20 98 57
Coste: 64

GENERACION: 900
Mejor Solucion:  21 124 96 97 63 120 16 24 68 117 88 106 56 100 125 101 38 72 95 81 65 114 94 69 53 92 119 61 4 41 30 51 29 36 28 31 78 8 82 22 109 54 23 0 48 9 11 75 112 1 74 52 10 116 15 19 80 84 62 108 32 86 113 118 76 71 122 121 67 58 3 37 2 17 6 55 70 104 66 7 91 50 93 35 85 49 59 26 90 14 64 46 60 27 73 110 127 126 79 13 77 111 102 83 87 25 44 99 42 45 115 12 123 18 34 33 105 103 47 89 107 5 43 40 39 20 98 57
Coste: 64

GENERACION: 905
Mejor Solucion:  21 124 96 97 63 120 16 24 68 117 88 106 56 100 125 101 38 72 95 81 65 114 94 69 53 92 119 61 4 41 30 51 29 36 28 31 78 8 82 22 109 54 23 0 48 9 11 75 112 1 74 52 10 116 15 19 80 84 62 108 32 86 113 118 76 71 122 121 67 58 3 37 2 17 6 55 70 104 66 7 91 50 93 35 85 49 59 26 90 14 64 46 60 27 73 110 127 126 79 13 77 111 102 83 87 25 44 99 42 45 115 12 123 18 34 33 105 103 47 89 107 5 43 40 39 20 98 57
Coste: 64

GENERACION: 910
Mejor Solucion:  21 124 96 97 63 120 16 24 68 117 88 106 56 100 125 101 38 72 95 81 65 114 94 69 53 92 119 61 4 41 30 51 29 36 28 31 78 8 82 22 109 54 23 0 48 9 11 75 112 1 74 52 10 116 15 19 80 84 62 108 32 86 113 118 76 71 122 121 67 58 3 37 2 17 6 55 70 104 66 7 91 50 93 35 85 49 59 26 90 14 64 46 60 27 73 110 127 126 79 13 77 111 102 83 87 25 44 99 42 45 115 12 123 18 34 33 105 103 47 89 107 5 43 40 39 20 98 57
Coste: 64

GENERACION: 915
Mejor Solucion:  21 124 96 97 63 120 16 24 68 117 88 106 56 100 125 101 38 72 95 81 65 114 94 69 53 92 119 61 4 41 30 51 29 36 28 31 78 8 82 22 109 54 23 0 48 9 11 75 112 1 74 52 10 116 15 19 80 84 62 108 32 86 113 118 76 71 122 121 67 58 3 37 2 17 6 55 70 104 66 7 91 50 93 35 85 49 59 26 90 14 64 46 60 27 73 110 127 126 79 13 77 111 102 83 87 25 44 99 42 45 115 12 123 18 34 33 105 103 47 89 107 5 43 40 39 20 98 57
Coste: 64

GENERACION: 920
Mejor Solucion:  21 124 96 97 63 120 16 24 68 117 88 106 56 100 125 101 38 72 95 81 65 114 94 69 53 92 119 61 4 41 30 51 29 36 28 31 78 8 82 22 109 54 23 0 48 9 11 75 112 1 74 52 10 116 15 19 80 84 62 108 32 86 113 118 76 71 122 121 67 58 3 37 2 17 6 55 70 104 66 7 91 50 93 35 85 49 59 26 90 14 64 46 60 27 73 110 127 126 79 13 77 111 102 83 87 25 44 99 42 45 115 12 123 18 34 33 105 103 47 89 107 5 43 40 39 20 98 57
Coste: 64

GENERACION: 925
Mejor Solucion:  21 124 96 97 63 120 16 24 68 117 88 106 56 100 125 101 38 72 95 81 65 114 94 69 53 92 119 61 4 41 30 51 29 36 28 31 78 8 82 22 109 54 23 0 48 9 11 75 112 1 74 52 10 116 15 19 80 84 62 108 32 86 113 118 76 71 122 121 67 58 3 37 2 17 6 55 70 104 66 7 91 50 93 35 85 49 59 26 90 14 64 46 60 27 73 110 127 126 79 13 77 111 102 83 87 25 44 99 42 45 115 12 123 18 34 33 105 103 47 89 107 5 43 40 39 20 98 57
Coste: 64

GENERACION: 930
Mejor Solucion:  21 124 96 97 63 120 16 24 68 117 88 106 56 100 125 101 38 72 95 81 65 114 94 69 53 92 119 61 4 41 30 51 29 36 28 31 78 8 82 22 109 54 23 0 48 9 11 75 112 1 74 52 10 116 15 19 80 84 62 108 32 86 113 118 76 71 122 121 67 58 3 37 2 17 6 55 70 104 66 7 91 50 93 35 85 49 59 26 90 14 64 46 60 27 73 110 127 126 79 13 77 111 102 83 87 25 44 99 42 45 115 12 123 18 34 33 105 103 47 89 107 5 43 40 39 20 98 57
Coste: 64

GENERACION: 935
Mejor Solucion:  21 124 96 97 63 120 16 24 68 117 88 106 56 100 125 101 38 72 95 81 65 114 94 69 53 92 119 61 4 41 30 51 29 36 28 31 78 8 82 22 109 54 23 0 48 9 11 75 112 1 74 52 10 116 15 19 80 84 62 108 32 86 113 118 76 71 122 121 67 58 3 37 2 17 6 55 70 104 66 7 91 50 93 35 85 49 59 26 90 14 64 46 60 27 73 110 127 126 79 13 77 111 102 83 87 25 44 99 42 45 115 12 123 18 34 33 105 103 47 89 107 5 43 40 39 20 98 57
Coste: 64

GENERACION: 940
Mejor Solucion:  21 124 96 97 63 120 16 24 68 117 88 106 56 100 125 101 38 72 95 81 65 114 94 69 53 92 119 61 4 41 30 51 29 36 28 31 78 8 82 22 109 54 23 0 48 9 11 75 112 1 74 52 10 116 15 19 80 84 62 108 32 86 113 118 76 71 122 121 67 58 3 37 2 17 6 55 70 104 66 7 91 50 93 35 85 49 59 26 90 14 64 46 60 27 73 110 127 126 79 13 77 111 102 83 87 25 44 99 42 45 115 12 123 18 34 33 105 103 47 89 107 5 43 40 39 20 98 57
Coste: 64

GENERACION: 945
Mejor Solucion:  21 124 96 97 63 120 16 24 68 117 88 106 56 100 125 101 38 72 95 81 65 114 94 69 53 92 119 61 4 41 30 51 29 36 28 31 78 8 82 22 109 54 23 0 48 9 11 75 112 1 74 52 10 116 15 19 80 84 62 108 32 86 113 118 76 71 122 121 67 58 3 37 2 17 6 55 70 104 66 7 91 50 93 35 85 49 59 26 90 14 64 46 60 27 73 110 127 126 79 13 77 111 102 83 87 25 44 99 42 45 115 12 123 18 34 33 105 103 47 89 107 5 43 40 39 20 98 57
Coste: 64

GENERACION: 950
Mejor Solucion:  21 124 96 97 63 120 16 24 68 117 88 106 56 100 125 101 38 72 95 81 65 114 94 69 53 92 119 61 4 41 30 51 29 36 28 31 78 8 82 22 109 54 23 0 48 9 11 75 112 1 74 52 10 116 15 19 80 84 62 108 32 86 113 118 76 71 122 121 67 58 3 37 2 17 6 55 70 104 66 7 91 50 93 35 85 49 59 26 90 14 64 46 60 27 73 110 127 126 79 13 77 111 102 83 87 25 44 99 42 45 115 12 123 18 34 33 105 103 47 89 107 5 43 40 39 20 98 57
Coste: 64

GENERACION: 955
Mejor Solucion:  21 124 96 97 63 120 16 24 68 117 88 106 56 100 125 101 38 72 95 81 65 114 94 69 53 92 119 61 4 41 30 51 29 36 28 31 78 8 82 22 109 54 23 0 48 9 11 75 112 1 74 52 10 116 15 19 80 84 62 108 32 86 113 118 76 71 122 121 67 58 3 37 2 17 6 55 70 104 66 7 91 50 93 35 85 49 59 26 90 14 64 46 60 27 73 110 127 126 79 13 77 111 102 83 87 25 44 99 42 45 115 12 123 18 34 33 105 103 47 89 107 5 43 40 39 20 98 57
Coste: 64

GENERACION: 960
Mejor Solucion:  21 124 96 97 63 120 16 24 68 117 88 106 56 100 125 101 38 72 95 81 65 114 94 69 53 92 119 61 4 41 30 51 29 36 28 31 78 8 82 22 109 54 23 0 48 9 11 75 112 1 74 52 10 116 15 19 80 84 62 108 32 86 113 118 76 71 122 121 67 58 3 37 2 17 6 55 70 104 66 7 91 50 93 35 85 49 59 26 90 14 64 46 60 27 73 110 127 126 79 13 77 111 102 83 87 25 44 99 42 45 115 12 123 18 34 33 105 103 47 89 107 5 43 40 39 20 98 57
Coste: 64

GENERACION: 965
Mejor Solucion:  21 124 96 97 63 120 16 24 68 117 88 106 56 100 125 101 38 72 95 81 65 114 94 69 53 92 119 61 4 41 30 51 29 36 28 31 78 8 82 22 109 54 23 0 48 9 11 75 112 1 74 52 10 116 15 19 80 84 62 108 32 86 113 118 76 71 122 121 67 58 3 37 2 17 6 55 70 104 66 7 91 50 93 35 85 49 59 26 90 14 64 46 60 27 73 110 127 126 79 13 77 111 102 83 87 25 44 99 42 45 115 12 123 18 34 33 105 103 47 89 107 5 43 40 39 20 98 57
Coste: 64

GENERACION: 970
Mejor Solucion:  21 124 96 97 63 120 16 24 68 117 88 106 56 100 125 101 38 72 95 81 65 114 94 69 53 92 119 61 4 41 30 51 29 36 28 31 78 8 82 22 109 54 23 0 48 9 11 75 112 1 74 52 10 116 15 19 80 84 62 108 32 86 113 118 76 71 122 121 67 58 3 37 2 17 6 55 70 104 66 7 91 50 93 35 85 49 59 26 90 14 64 46 60 27 73 110 127 126 79 13 77 111 102 83 87 25 44 99 42 45 115 12 123 18 34 33 105 103 47 89 107 5 43 40 39 20 98 57
Coste: 64

GENERACION: 975
Mejor Solucion:  21 124 96 97 63 120 16 24 68 117 88 106 56 100 125 101 38 72 95 81 65 114 94 69 53 92 119 61 4 41 30 51 29 36 28 31 78 8 82 22 109 54 23 0 48 9 11 75 112 1 74 52 10 116 15 19 80 84 62 108 32 86 113 118 76 71 122 121 67 58 3 37 2 17 6 55 70 104 66 7 91 50 93 35 85 49 59 26 90 14 64 46 60 27 73 110 127 126 79 13 77 111 102 83 87 25 44 99 42 45 115 12 123 18 34 33 105 103 47 89 107 5 43 40 39 20 98 57
Coste: 64

GENERACION: 980
Mejor Solucion:  21 124 96 97 63 120 16 24 68 117 88 106 56 100 125 101 38 72 95 81 65 114 94 69 53 92 119 61 4 41 30 51 29 36 28 31 78 8 82 22 109 54 23 0 48 9 11 75 112 1 74 52 10 116 15 19 80 84 62 108 32 86 113 118 76 71 122 121 67 58 3 37 2 17 6 55 70 104 66 7 91 50 93 35 85 49 59 26 90 14 64 46 60 27 73 110 127 126 79 13 77 111 102 83 87 25 44 99 42 45 115 12 123 18 34 33 105 103 47 89 107 5 43 40 39 20 98 57
Coste: 64

GENERACION: 985
Mejor Solucion:  21 124 96 97 63 120 16 24 68 117 88 106 56 100 125 101 38 72 95 81 65 114 94 69 53 92 119 61 4 41 30 51 29 36 28 31 78 8 82 22 109 54 23 0 48 9 11 75 112 1 74 52 10 116 15 19 80 84 62 108 32 86 113 118 76 71 122 121 67 58 3 37 2 17 6 55 70 104 66 7 91 50 93 35 85 49 59 26 90 14 64 46 60 27 73 110 127 126 79 13 77 111 102 83 87 25 44 99 42 45 115 12 123 18 34 33 105 103 47 89 107 5 43 40 39 20 98 57
Coste: 64

GENERACION: 990
Mejor Solucion:  21 124 96 97 63 120 16 24 68 117 88 106 56 100 125 101 38 72 95 81 65 114 94 69 53 92 119 61 4 41 30 51 29 36 28 31 78 8 82 22 109 54 23 0 48 9 11 75 112 1 74 52 10 116 15 19 80 84 62 108 32 86 113 118 76 71 122 121 67 58 3 37 2 17 6 55 70 104 66 7 91 50 93 35 85 49 59 26 90 14 64 46 60 27 73 110 127 126 79 13 77 111 102 83 87 25 44 99 42 45 115 12 123 18 34 33 105 103 47 89 107 5 43 40 39 20 98 57
Coste: 64

GENERACION: 995
Mejor Solucion:  21 124 96 97 63 120 16 24 68 117 88 106 56 100 125 101 38 72 95 81 65 114 94 69 53 92 119 61 4 41 30 51 29 36 28 31 78 8 82 22 109 54 23 0 48 9 11 75 112 1 74 52 10 116 15 19 80 84 62 108 32 86 113 118 76 71 122 121 67 58 3 37 2 17 6 55 70 104 66 7 91 50 93 35 85 49 59 26 90 14 64 46 60 27 73 110 127 126 79 13 77 111 102 83 87 25 44 99 42 45 115 12 123 18 34 33 105 103 47 89 107 5 43 40 39 20 98 57
Coste: 64

GENERACION: 1000
Mejor Solucion:  21 124 96 97 63 120 16 24 68 117 88 106 56 100 125 101 38 72 95 81 65 114 94 69 53 92 119 61 4 41 30 51 29 36 28 31 78 8 82 22 109 54 23 0 48 9 11 75 112 1 74 52 10 116 15 19 80 84 62 108 32 86 113 118 76 71 122 121 67 58 3 37 2 17 6 55 70 104 66 7 91 50 93 35 85 49 59 26 90 14 64 46 60 27 73 110 127 126 79 13 77 111 102 83 87 25 44 99 42 45 115 12 123 18 34 33 105 103 47 89 107 5 43 40 39 20 98 57
Coste: 64

